[35m[1mConsolidate compiler generated dependencies of target main_node[0m
[ 25%] [32mBuilding CXX object CMakeFiles/main_node.dir/src/main.cpp.o[0m
[ 75%] Built target test_node
[01m[K/home/fourfold/dev/inmind_final_project_test/workspace/src/main/main/src/main.cpp:[m[K In constructor ‘[01m[KMainNode::MainNode()[m[K’:
[01m[K/home/fourfold/dev/inmind_final_project_test/workspace/src/main/main/src/main.cpp:22:24:[m[K [01;35m[Kwarning: [m[Kunused variable ‘[01m[Kstatus[m[K’ [[01;35m[K]8;;https://gcc.gnu.org/onlinedocs/gcc/Warning-Options.html#index-Wunused-variable-Wunused-variable]8;;[m[K]
   22 |         BT::NodeStatus [01;35m[Kstatus[m[K = tree.tickRoot();
      |                        [01;35m[K^~~~~~[m[K
[100%] [32m[1mLinking CXX executable main_node[0m
[100%] Built target main_node
-- Install configuration: ""
-- Installing: /home/fourfold/dev/inmind_final_project_test/workspace/install/main/lib/main/main_node
-- Set runtime path of "/home/fourfold/dev/inmind_final_project_test/workspace/install/main/lib/main/main_node" to ""
-- Up-to-date: /home/fourfold/dev/inmind_final_project_test/workspace/install/main/lib/main/test_node
-- Up-to-date: /home/fourfold/dev/inmind_final_project_test/workspace/install/main/share/ament_index/resource_index/package_run_dependencies/main
-- Installing: /home/fourfold/dev/inmind_final_project_test/workspace/install/main/share/ament_index/resource_index/parent_prefix_path/main
-- Up-to-date: /home/fourfold/dev/inmind_final_project_test/workspace/install/main/share/main/environment/ament_prefix_path.sh
-- Installing: /home/fourfold/dev/inmind_final_project_test/workspace/install/main/share/main/environment/ament_prefix_path.dsv
-- Up-to-date: /home/fourfold/dev/inmind_final_project_test/workspace/install/main/share/main/environment/path.sh
-- Installing: /home/fourfold/dev/inmind_final_project_test/workspace/install/main/share/main/environment/path.dsv
-- Up-to-date: /home/fourfold/dev/inmind_final_project_test/workspace/install/main/share/main/local_setup.bash
-- Up-to-date: /home/fourfold/dev/inmind_final_project_test/workspace/install/main/share/main/local_setup.sh
-- Up-to-date: /home/fourfold/dev/inmind_final_project_test/workspace/install/main/share/main/local_setup.zsh
-- Installing: /home/fourfold/dev/inmind_final_project_test/workspace/install/main/share/main/local_setup.dsv
-- Installing: /home/fourfold/dev/inmind_final_project_test/workspace/install/main/share/main/package.dsv
-- Up-to-date: /home/fourfold/dev/inmind_final_project_test/workspace/install/main/share/ament_index/resource_index/packages/main
-- Up-to-date: /home/fourfold/dev/inmind_final_project_test/workspace/install/main/share/main/cmake/mainConfig.cmake
-- Up-to-date: /home/fourfold/dev/inmind_final_project_test/workspace/install/main/share/main/cmake/mainConfig-version.cmake
-- Up-to-date: /home/fourfold/dev/inmind_final_project_test/workspace/install/main/share/main/package.xml
