[0.064s] DEBUG:colcon:Command line arguments: ['/usr/bin/colcon', 'build']
[0.064s] DEBUG:colcon:Parsed command line arguments: Namespace(log_base=None, log_level=None, verb_name='build', build_base='build', install_base='install', merge_install=False, symlink_install=False, test_result_base=None, continue_on_error=False, executor='parallel', parallel_workers=16, event_handlers=None, ignore_user_meta=False, metas=['./colcon.meta'], base_paths=['.'], packages_ignore=None, packages_ignore_regex=None, paths=None, packages_up_to=None, packages_up_to_regex=None, packages_above=None, packages_above_and_dependencies=None, packages_above_depth=None, packages_select_by_dep=None, packages_skip_by_dep=None, packages_skip_up_to=None, packages_select_build_failed=False, packages_skip_build_finished=False, packages_select_test_failures=False, packages_skip_test_passed=False, packages_select=None, packages_skip=None, packages_select_regex=None, packages_skip_regex=None, packages_start=None, packages_end=None, allow_overriding=[], cmake_args=None, cmake_target=None, cmake_target_skip_unavailable=False, cmake_clean_cache=False, cmake_clean_first=False, cmake_force_configure=False, ament_cmake_args=None, catkin_cmake_args=None, catkin_skip_building_tests=False, mixin_files=None, mixin=None, verb_parser=<colcon_mixin.mixin.mixin_argument.MixinArgumentDecorator object at 0x7c45a61b24d0>, verb_extension=<colcon_core.verb.build.BuildVerb object at 0x7c45a61b2020>, main=<bound method BuildVerb.main of <colcon_core.verb.build.BuildVerb object at 0x7c45a61b2020>>, mixin_verb=('build',))
[0.157s] Level 1:colcon.colcon_core.package_discovery:discover_packages(colcon_meta) check parameters
[0.157s] Level 1:colcon.colcon_core.package_discovery:discover_packages(recursive) check parameters
[0.157s] Level 1:colcon.colcon_core.package_discovery:discover_packages(ignore) check parameters
[0.157s] Level 1:colcon.colcon_core.package_discovery:discover_packages(path) check parameters
[0.157s] Level 1:colcon.colcon_core.package_discovery:discover_packages(colcon_meta) discover
[0.157s] Level 1:colcon.colcon_core.package_discovery:discover_packages(recursive) discover
[0.158s] INFO:colcon.colcon_core.package_discovery:Crawling recursively for packages in '/home/fourfold/dev/inmind_final_project_test/workspace'
[0.158s] Level 1:colcon.colcon_core.package_identification:_identify(.) by extensions ['ignore', 'ignore_ament_install']
[0.158s] Level 1:colcon.colcon_core.package_identification:_identify(.) by extension 'ignore'
[0.158s] Level 1:colcon.colcon_core.package_identification:_identify(.) by extension 'ignore_ament_install'
[0.158s] Level 1:colcon.colcon_core.package_identification:_identify(.) by extensions ['colcon_pkg']
[0.158s] Level 1:colcon.colcon_core.package_identification:_identify(.) by extension 'colcon_pkg'
[0.158s] Level 1:colcon.colcon_core.package_identification:_identify(.) by extensions ['colcon_meta']
[0.158s] Level 1:colcon.colcon_core.package_identification:_identify(.) by extension 'colcon_meta'
[0.158s] Level 1:colcon.colcon_core.package_identification:_identify(.) by extensions ['ros']
[0.158s] Level 1:colcon.colcon_core.package_identification:_identify(.) by extension 'ros'
[0.165s] Level 1:colcon.colcon_core.package_identification:_identify(.) by extensions ['cmake', 'python']
[0.165s] Level 1:colcon.colcon_core.package_identification:_identify(.) by extension 'cmake'
[0.165s] Level 1:colcon.colcon_core.package_identification:_identify(.) by extension 'python'
[0.165s] Level 1:colcon.colcon_core.package_identification:_identify(.) by extensions ['python_setup_py']
[0.165s] Level 1:colcon.colcon_core.package_identification:_identify(.) by extension 'python_setup_py'
[0.165s] Level 1:colcon.colcon_core.package_identification:_identify(build) by extensions ['ignore', 'ignore_ament_install']
[0.165s] Level 1:colcon.colcon_core.package_identification:_identify(build) by extension 'ignore'
[0.165s] Level 1:colcon.colcon_core.package_identification:_identify(build) ignored
[0.165s] Level 1:colcon.colcon_core.package_identification:_identify(install) by extensions ['ignore', 'ignore_ament_install']
[0.165s] Level 1:colcon.colcon_core.package_identification:_identify(install) by extension 'ignore'
[0.165s] Level 1:colcon.colcon_core.package_identification:_identify(install) ignored
[0.165s] Level 1:colcon.colcon_core.package_identification:_identify(launch) by extensions ['ignore', 'ignore_ament_install']
[0.165s] Level 1:colcon.colcon_core.package_identification:_identify(launch) by extension 'ignore'
[0.165s] Level 1:colcon.colcon_core.package_identification:_identify(launch) by extension 'ignore_ament_install'
[0.165s] Level 1:colcon.colcon_core.package_identification:_identify(launch) by extensions ['colcon_pkg']
[0.165s] Level 1:colcon.colcon_core.package_identification:_identify(launch) by extension 'colcon_pkg'
[0.165s] Level 1:colcon.colcon_core.package_identification:_identify(launch) by extensions ['colcon_meta']
[0.165s] Level 1:colcon.colcon_core.package_identification:_identify(launch) by extension 'colcon_meta'
[0.166s] Level 1:colcon.colcon_core.package_identification:_identify(launch) by extensions ['ros']
[0.166s] Level 1:colcon.colcon_core.package_identification:_identify(launch) by extension 'ros'
[0.166s] Level 1:colcon.colcon_core.package_identification:_identify(launch) by extensions ['cmake', 'python']
[0.166s] Level 1:colcon.colcon_core.package_identification:_identify(launch) by extension 'cmake'
[0.166s] Level 1:colcon.colcon_core.package_identification:_identify(launch) by extension 'python'
[0.166s] Level 1:colcon.colcon_core.package_identification:_identify(launch) by extensions ['python_setup_py']
[0.166s] Level 1:colcon.colcon_core.package_identification:_identify(launch) by extension 'python_setup_py'
[0.166s] Level 1:colcon.colcon_core.package_identification:_identify(launch/__pycache__) by extensions ['ignore', 'ignore_ament_install']
[0.166s] Level 1:colcon.colcon_core.package_identification:_identify(launch/__pycache__) by extension 'ignore'
[0.166s] Level 1:colcon.colcon_core.package_identification:_identify(launch/__pycache__) by extension 'ignore_ament_install'
[0.166s] Level 1:colcon.colcon_core.package_identification:_identify(launch/__pycache__) by extensions ['colcon_pkg']
[0.166s] Level 1:colcon.colcon_core.package_identification:_identify(launch/__pycache__) by extension 'colcon_pkg'
[0.166s] Level 1:colcon.colcon_core.package_identification:_identify(launch/__pycache__) by extensions ['colcon_meta']
[0.166s] Level 1:colcon.colcon_core.package_identification:_identify(launch/__pycache__) by extension 'colcon_meta'
[0.166s] Level 1:colcon.colcon_core.package_identification:_identify(launch/__pycache__) by extensions ['ros']
[0.166s] Level 1:colcon.colcon_core.package_identification:_identify(launch/__pycache__) by extension 'ros'
[0.166s] Level 1:colcon.colcon_core.package_identification:_identify(launch/__pycache__) by extensions ['cmake', 'python']
[0.166s] Level 1:colcon.colcon_core.package_identification:_identify(launch/__pycache__) by extension 'cmake'
[0.166s] Level 1:colcon.colcon_core.package_identification:_identify(launch/__pycache__) by extension 'python'
[0.166s] Level 1:colcon.colcon_core.package_identification:_identify(launch/__pycache__) by extensions ['python_setup_py']
[0.166s] Level 1:colcon.colcon_core.package_identification:_identify(launch/__pycache__) by extension 'python_setup_py'
[0.166s] Level 1:colcon.colcon_core.package_identification:_identify(log) by extensions ['ignore', 'ignore_ament_install']
[0.166s] Level 1:colcon.colcon_core.package_identification:_identify(log) by extension 'ignore'
[0.166s] Level 1:colcon.colcon_core.package_identification:_identify(log) ignored
[0.166s] Level 1:colcon.colcon_core.package_identification:_identify(src) by extensions ['ignore', 'ignore_ament_install']
[0.166s] Level 1:colcon.colcon_core.package_identification:_identify(src) by extension 'ignore'
[0.166s] Level 1:colcon.colcon_core.package_identification:_identify(src) by extension 'ignore_ament_install'
[0.166s] Level 1:colcon.colcon_core.package_identification:_identify(src) by extensions ['colcon_pkg']
[0.166s] Level 1:colcon.colcon_core.package_identification:_identify(src) by extension 'colcon_pkg'
[0.166s] Level 1:colcon.colcon_core.package_identification:_identify(src) by extensions ['colcon_meta']
[0.166s] Level 1:colcon.colcon_core.package_identification:_identify(src) by extension 'colcon_meta'
[0.166s] Level 1:colcon.colcon_core.package_identification:_identify(src) by extensions ['ros']
[0.166s] Level 1:colcon.colcon_core.package_identification:_identify(src) by extension 'ros'
[0.166s] Level 1:colcon.colcon_core.package_identification:_identify(src) by extensions ['cmake', 'python']
[0.166s] Level 1:colcon.colcon_core.package_identification:_identify(src) by extension 'cmake'
[0.166s] Level 1:colcon.colcon_core.package_identification:_identify(src) by extension 'python'
[0.166s] Level 1:colcon.colcon_core.package_identification:_identify(src) by extensions ['python_setup_py']
[0.166s] Level 1:colcon.colcon_core.package_identification:_identify(src) by extension 'python_setup_py'
[0.166s] Level 1:colcon.colcon_core.package_identification:_identify(src/main) by extensions ['ignore', 'ignore_ament_install']
[0.167s] Level 1:colcon.colcon_core.package_identification:_identify(src/main) by extension 'ignore'
[0.167s] Level 1:colcon.colcon_core.package_identification:_identify(src/main) by extension 'ignore_ament_install'
[0.167s] Level 1:colcon.colcon_core.package_identification:_identify(src/main) by extensions ['colcon_pkg']
[0.167s] Level 1:colcon.colcon_core.package_identification:_identify(src/main) by extension 'colcon_pkg'
[0.167s] Level 1:colcon.colcon_core.package_identification:_identify(src/main) by extensions ['colcon_meta']
[0.167s] Level 1:colcon.colcon_core.package_identification:_identify(src/main) by extension 'colcon_meta'
[0.167s] Level 1:colcon.colcon_core.package_identification:_identify(src/main) by extensions ['ros']
[0.167s] Level 1:colcon.colcon_core.package_identification:_identify(src/main) by extension 'ros'
[0.167s] Level 1:colcon.colcon_core.package_identification:_identify(src/main) by extensions ['cmake', 'python']
[0.167s] Level 1:colcon.colcon_core.package_identification:_identify(src/main) by extension 'cmake'
[0.167s] Level 1:colcon.colcon_core.package_identification:_identify(src/main) by extension 'python'
[0.167s] Level 1:colcon.colcon_core.package_identification:_identify(src/main) by extensions ['python_setup_py']
[0.167s] Level 1:colcon.colcon_core.package_identification:_identify(src/main) by extension 'python_setup_py'
[0.167s] Level 1:colcon.colcon_core.package_identification:_identify(src/main/main) by extensions ['ignore', 'ignore_ament_install']
[0.167s] Level 1:colcon.colcon_core.package_identification:_identify(src/main/main) by extension 'ignore'
[0.167s] Level 1:colcon.colcon_core.package_identification:_identify(src/main/main) by extension 'ignore_ament_install'
[0.167s] Level 1:colcon.colcon_core.package_identification:_identify(src/main/main) by extensions ['colcon_pkg']
[0.167s] Level 1:colcon.colcon_core.package_identification:_identify(src/main/main) by extension 'colcon_pkg'
[0.167s] Level 1:colcon.colcon_core.package_identification:_identify(src/main/main) by extensions ['colcon_meta']
[0.167s] Level 1:colcon.colcon_core.package_identification:_identify(src/main/main) by extension 'colcon_meta'
[0.167s] Level 1:colcon.colcon_core.package_identification:_identify(src/main/main) by extensions ['ros']
[0.167s] Level 1:colcon.colcon_core.package_identification:_identify(src/main/main) by extension 'ros'
[0.169s] DEBUG:colcon.colcon_core.package_identification:Package 'src/main/main' with type 'ros.ament_cmake' and name 'main'
[0.169s] Level 1:colcon.colcon_core.package_identification:_identify(src/navigation) by extensions ['ignore', 'ignore_ament_install']
[0.169s] Level 1:colcon.colcon_core.package_identification:_identify(src/navigation) by extension 'ignore'
[0.169s] Level 1:colcon.colcon_core.package_identification:_identify(src/navigation) by extension 'ignore_ament_install'
[0.169s] Level 1:colcon.colcon_core.package_identification:_identify(src/navigation) by extensions ['colcon_pkg']
[0.169s] Level 1:colcon.colcon_core.package_identification:_identify(src/navigation) by extension 'colcon_pkg'
[0.169s] Level 1:colcon.colcon_core.package_identification:_identify(src/navigation) by extensions ['colcon_meta']
[0.169s] Level 1:colcon.colcon_core.package_identification:_identify(src/navigation) by extension 'colcon_meta'
[0.169s] Level 1:colcon.colcon_core.package_identification:_identify(src/navigation) by extensions ['ros']
[0.169s] Level 1:colcon.colcon_core.package_identification:_identify(src/navigation) by extension 'ros'
[0.169s] Level 1:colcon.colcon_core.package_identification:_identify(src/navigation) by extensions ['cmake', 'python']
[0.169s] Level 1:colcon.colcon_core.package_identification:_identify(src/navigation) by extension 'cmake'
[0.169s] Level 1:colcon.colcon_core.package_identification:_identify(src/navigation) by extension 'python'
[0.169s] Level 1:colcon.colcon_core.package_identification:_identify(src/navigation) by extensions ['python_setup_py']
[0.169s] Level 1:colcon.colcon_core.package_identification:_identify(src/navigation) by extension 'python_setup_py'
[0.169s] Level 1:colcon.colcon_core.package_identification:_identify(src/navigation/basic_navigation) by extensions ['ignore', 'ignore_ament_install']
[0.169s] Level 1:colcon.colcon_core.package_identification:_identify(src/navigation/basic_navigation) by extension 'ignore'
[0.169s] Level 1:colcon.colcon_core.package_identification:_identify(src/navigation/basic_navigation) by extension 'ignore_ament_install'
[0.169s] Level 1:colcon.colcon_core.package_identification:_identify(src/navigation/basic_navigation) by extensions ['colcon_pkg']
[0.169s] Level 1:colcon.colcon_core.package_identification:_identify(src/navigation/basic_navigation) by extension 'colcon_pkg'
[0.169s] Level 1:colcon.colcon_core.package_identification:_identify(src/navigation/basic_navigation) by extensions ['colcon_meta']
[0.169s] Level 1:colcon.colcon_core.package_identification:_identify(src/navigation/basic_navigation) by extension 'colcon_meta'
[0.169s] Level 1:colcon.colcon_core.package_identification:_identify(src/navigation/basic_navigation) by extensions ['ros']
[0.169s] Level 1:colcon.colcon_core.package_identification:_identify(src/navigation/basic_navigation) by extension 'ros'
[0.170s] DEBUG:colcon.colcon_core.package_identification:Package 'src/navigation/basic_navigation' with type 'ros.ament_cmake' and name 'basic_navigation'
[0.170s] Level 1:colcon.colcon_core.package_identification:_identify(src/perception) by extensions ['ignore', 'ignore_ament_install']
[0.170s] Level 1:colcon.colcon_core.package_identification:_identify(src/perception) by extension 'ignore'
[0.170s] Level 1:colcon.colcon_core.package_identification:_identify(src/perception) by extension 'ignore_ament_install'
[0.170s] Level 1:colcon.colcon_core.package_identification:_identify(src/perception) by extensions ['colcon_pkg']
[0.170s] Level 1:colcon.colcon_core.package_identification:_identify(src/perception) by extension 'colcon_pkg'
[0.170s] Level 1:colcon.colcon_core.package_identification:_identify(src/perception) by extensions ['colcon_meta']
[0.170s] Level 1:colcon.colcon_core.package_identification:_identify(src/perception) by extension 'colcon_meta'
[0.170s] Level 1:colcon.colcon_core.package_identification:_identify(src/perception) by extensions ['ros']
[0.170s] Level 1:colcon.colcon_core.package_identification:_identify(src/perception) by extension 'ros'
[0.170s] Level 1:colcon.colcon_core.package_identification:_identify(src/perception) by extensions ['cmake', 'python']
[0.170s] Level 1:colcon.colcon_core.package_identification:_identify(src/perception) by extension 'cmake'
[0.170s] Level 1:colcon.colcon_core.package_identification:_identify(src/perception) by extension 'python'
[0.170s] Level 1:colcon.colcon_core.package_identification:_identify(src/perception) by extensions ['python_setup_py']
[0.170s] Level 1:colcon.colcon_core.package_identification:_identify(src/perception) by extension 'python_setup_py'
[0.170s] Level 1:colcon.colcon_core.package_identification:_identify(src/perception/detection_interfaces) by extensions ['ignore', 'ignore_ament_install']
[0.170s] Level 1:colcon.colcon_core.package_identification:_identify(src/perception/detection_interfaces) by extension 'ignore'
[0.170s] Level 1:colcon.colcon_core.package_identification:_identify(src/perception/detection_interfaces) by extension 'ignore_ament_install'
[0.170s] Level 1:colcon.colcon_core.package_identification:_identify(src/perception/detection_interfaces) by extensions ['colcon_pkg']
[0.170s] Level 1:colcon.colcon_core.package_identification:_identify(src/perception/detection_interfaces) by extension 'colcon_pkg'
[0.170s] Level 1:colcon.colcon_core.package_identification:_identify(src/perception/detection_interfaces) by extensions ['colcon_meta']
[0.170s] Level 1:colcon.colcon_core.package_identification:_identify(src/perception/detection_interfaces) by extension 'colcon_meta'
[0.170s] Level 1:colcon.colcon_core.package_identification:_identify(src/perception/detection_interfaces) by extensions ['ros']
[0.170s] Level 1:colcon.colcon_core.package_identification:_identify(src/perception/detection_interfaces) by extension 'ros'
[0.171s] DEBUG:colcon.colcon_core.package_identification:Package 'src/perception/detection_interfaces' with type 'ros.ament_cmake' and name 'detection_interfaces'
[0.171s] Level 1:colcon.colcon_core.package_identification:_identify(src/perception/distance_check) by extensions ['ignore', 'ignore_ament_install']
[0.171s] Level 1:colcon.colcon_core.package_identification:_identify(src/perception/distance_check) by extension 'ignore'
[0.171s] Level 1:colcon.colcon_core.package_identification:_identify(src/perception/distance_check) by extension 'ignore_ament_install'
[0.171s] Level 1:colcon.colcon_core.package_identification:_identify(src/perception/distance_check) by extensions ['colcon_pkg']
[0.171s] Level 1:colcon.colcon_core.package_identification:_identify(src/perception/distance_check) by extension 'colcon_pkg'
[0.171s] Level 1:colcon.colcon_core.package_identification:_identify(src/perception/distance_check) by extensions ['colcon_meta']
[0.171s] Level 1:colcon.colcon_core.package_identification:_identify(src/perception/distance_check) by extension 'colcon_meta'
[0.171s] Level 1:colcon.colcon_core.package_identification:_identify(src/perception/distance_check) by extensions ['ros']
[0.171s] Level 1:colcon.colcon_core.package_identification:_identify(src/perception/distance_check) by extension 'ros'
[0.171s] DEBUG:colcon.colcon_core.package_identification:Package 'src/perception/distance_check' with type 'ros.ament_cmake' and name 'distance_check'
[0.171s] Level 1:colcon.colcon_core.package_identification:_identify(src/perception/distance_interfaces) by extensions ['ignore', 'ignore_ament_install']
[0.171s] Level 1:colcon.colcon_core.package_identification:_identify(src/perception/distance_interfaces) by extension 'ignore'
[0.171s] Level 1:colcon.colcon_core.package_identification:_identify(src/perception/distance_interfaces) by extension 'ignore_ament_install'
[0.171s] Level 1:colcon.colcon_core.package_identification:_identify(src/perception/distance_interfaces) by extensions ['colcon_pkg']
[0.171s] Level 1:colcon.colcon_core.package_identification:_identify(src/perception/distance_interfaces) by extension 'colcon_pkg'
[0.171s] Level 1:colcon.colcon_core.package_identification:_identify(src/perception/distance_interfaces) by extensions ['colcon_meta']
[0.171s] Level 1:colcon.colcon_core.package_identification:_identify(src/perception/distance_interfaces) by extension 'colcon_meta'
[0.171s] Level 1:colcon.colcon_core.package_identification:_identify(src/perception/distance_interfaces) by extensions ['ros']
[0.171s] Level 1:colcon.colcon_core.package_identification:_identify(src/perception/distance_interfaces) by extension 'ros'
[0.172s] DEBUG:colcon.colcon_core.package_identification:Package 'src/perception/distance_interfaces' with type 'ros.ament_cmake' and name 'distance_interfaces'
[0.172s] Level 1:colcon.colcon_core.package_identification:_identify(src/perception/yellow_ball_finder) by extensions ['ignore', 'ignore_ament_install']
[0.172s] Level 1:colcon.colcon_core.package_identification:_identify(src/perception/yellow_ball_finder) by extension 'ignore'
[0.172s] Level 1:colcon.colcon_core.package_identification:_identify(src/perception/yellow_ball_finder) by extension 'ignore_ament_install'
[0.172s] Level 1:colcon.colcon_core.package_identification:_identify(src/perception/yellow_ball_finder) by extensions ['colcon_pkg']
[0.172s] Level 1:colcon.colcon_core.package_identification:_identify(src/perception/yellow_ball_finder) by extension 'colcon_pkg'
[0.172s] Level 1:colcon.colcon_core.package_identification:_identify(src/perception/yellow_ball_finder) by extensions ['colcon_meta']
[0.172s] Level 1:colcon.colcon_core.package_identification:_identify(src/perception/yellow_ball_finder) by extension 'colcon_meta'
[0.172s] Level 1:colcon.colcon_core.package_identification:_identify(src/perception/yellow_ball_finder) by extensions ['ros']
[0.172s] Level 1:colcon.colcon_core.package_identification:_identify(src/perception/yellow_ball_finder) by extension 'ros'
[0.173s] DEBUG:colcon.colcon_core.package_identification:Package 'src/perception/yellow_ball_finder' with type 'ros.ament_cmake' and name 'yellow_ball_finder'
[0.173s] Level 1:colcon.colcon_core.package_discovery:discover_packages(recursive) using defaults
[0.173s] Level 1:colcon.colcon_core.package_discovery:discover_packages(ignore) discover
[0.173s] Level 1:colcon.colcon_core.package_discovery:discover_packages(ignore) using defaults
[0.173s] Level 1:colcon.colcon_core.package_discovery:discover_packages(path) discover
[0.173s] Level 1:colcon.colcon_core.package_discovery:discover_packages(path) using defaults
[0.186s] Level 1:colcon.colcon_core.package_discovery:discover_packages(prefix_path) check parameters
[0.186s] Level 1:colcon.colcon_core.package_discovery:discover_packages(prefix_path) discover
[0.187s] DEBUG:colcon.colcon_installed_package_information.package_discovery:Found 6 installed packages in /home/fourfold/dev/inmind_final_project_test/workspace/install
[0.188s] DEBUG:colcon.colcon_installed_package_information.package_discovery:Found 323 installed packages in /opt/ros/humble
[0.195s] Level 1:colcon.colcon_core.package_discovery:discover_packages(prefix_path) using defaults
[0.219s] Level 5:colcon.colcon_core.verb:set package 'basic_navigation' build argument 'cmake_args' from command line to 'None'
[0.219s] Level 5:colcon.colcon_core.verb:set package 'basic_navigation' build argument 'cmake_target' from command line to 'None'
[0.219s] Level 5:colcon.colcon_core.verb:set package 'basic_navigation' build argument 'cmake_target_skip_unavailable' from command line to 'False'
[0.219s] Level 5:colcon.colcon_core.verb:set package 'basic_navigation' build argument 'cmake_clean_cache' from command line to 'False'
[0.219s] Level 5:colcon.colcon_core.verb:set package 'basic_navigation' build argument 'cmake_clean_first' from command line to 'False'
[0.219s] Level 5:colcon.colcon_core.verb:set package 'basic_navigation' build argument 'cmake_force_configure' from command line to 'False'
[0.219s] Level 5:colcon.colcon_core.verb:set package 'basic_navigation' build argument 'ament_cmake_args' from command line to 'None'
[0.219s] Level 5:colcon.colcon_core.verb:set package 'basic_navigation' build argument 'catkin_cmake_args' from command line to 'None'
[0.219s] Level 5:colcon.colcon_core.verb:set package 'basic_navigation' build argument 'catkin_skip_building_tests' from command line to 'False'
[0.219s] DEBUG:colcon.colcon_core.verb:Building package 'basic_navigation' with the following arguments: {'ament_cmake_args': None, 'build_base': '/home/fourfold/dev/inmind_final_project_test/workspace/build/basic_navigation', 'catkin_cmake_args': None, 'catkin_skip_building_tests': False, 'cmake_args': None, 'cmake_clean_cache': False, 'cmake_clean_first': False, 'cmake_force_configure': False, 'cmake_target': None, 'cmake_target_skip_unavailable': False, 'install_base': '/home/fourfold/dev/inmind_final_project_test/workspace/install/basic_navigation', 'merge_install': False, 'path': '/home/fourfold/dev/inmind_final_project_test/workspace/src/navigation/basic_navigation', 'symlink_install': False, 'test_result_base': None}
[0.219s] Level 5:colcon.colcon_core.verb:set package 'detection_interfaces' build argument 'cmake_args' from command line to 'None'
[0.219s] Level 5:colcon.colcon_core.verb:set package 'detection_interfaces' build argument 'cmake_target' from command line to 'None'
[0.219s] Level 5:colcon.colcon_core.verb:set package 'detection_interfaces' build argument 'cmake_target_skip_unavailable' from command line to 'False'
[0.219s] Level 5:colcon.colcon_core.verb:set package 'detection_interfaces' build argument 'cmake_clean_cache' from command line to 'False'
[0.219s] Level 5:colcon.colcon_core.verb:set package 'detection_interfaces' build argument 'cmake_clean_first' from command line to 'False'
[0.219s] Level 5:colcon.colcon_core.verb:set package 'detection_interfaces' build argument 'cmake_force_configure' from command line to 'False'
[0.219s] Level 5:colcon.colcon_core.verb:set package 'detection_interfaces' build argument 'ament_cmake_args' from command line to 'None'
[0.219s] Level 5:colcon.colcon_core.verb:set package 'detection_interfaces' build argument 'catkin_cmake_args' from command line to 'None'
[0.219s] Level 5:colcon.colcon_core.verb:set package 'detection_interfaces' build argument 'catkin_skip_building_tests' from command line to 'False'
[0.219s] DEBUG:colcon.colcon_core.verb:Building package 'detection_interfaces' with the following arguments: {'ament_cmake_args': None, 'build_base': '/home/fourfold/dev/inmind_final_project_test/workspace/build/detection_interfaces', 'catkin_cmake_args': None, 'catkin_skip_building_tests': False, 'cmake_args': None, 'cmake_clean_cache': False, 'cmake_clean_first': False, 'cmake_force_configure': False, 'cmake_target': None, 'cmake_target_skip_unavailable': False, 'install_base': '/home/fourfold/dev/inmind_final_project_test/workspace/install/detection_interfaces', 'merge_install': False, 'path': '/home/fourfold/dev/inmind_final_project_test/workspace/src/perception/detection_interfaces', 'symlink_install': False, 'test_result_base': None}
[0.220s] Level 5:colcon.colcon_core.verb:set package 'distance_interfaces' build argument 'cmake_args' from command line to 'None'
[0.220s] Level 5:colcon.colcon_core.verb:set package 'distance_interfaces' build argument 'cmake_target' from command line to 'None'
[0.220s] Level 5:colcon.colcon_core.verb:set package 'distance_interfaces' build argument 'cmake_target_skip_unavailable' from command line to 'False'
[0.220s] Level 5:colcon.colcon_core.verb:set package 'distance_interfaces' build argument 'cmake_clean_cache' from command line to 'False'
[0.220s] Level 5:colcon.colcon_core.verb:set package 'distance_interfaces' build argument 'cmake_clean_first' from command line to 'False'
[0.220s] Level 5:colcon.colcon_core.verb:set package 'distance_interfaces' build argument 'cmake_force_configure' from command line to 'False'
[0.220s] Level 5:colcon.colcon_core.verb:set package 'distance_interfaces' build argument 'ament_cmake_args' from command line to 'None'
[0.220s] Level 5:colcon.colcon_core.verb:set package 'distance_interfaces' build argument 'catkin_cmake_args' from command line to 'None'
[0.220s] Level 5:colcon.colcon_core.verb:set package 'distance_interfaces' build argument 'catkin_skip_building_tests' from command line to 'False'
[0.220s] DEBUG:colcon.colcon_core.verb:Building package 'distance_interfaces' with the following arguments: {'ament_cmake_args': None, 'build_base': '/home/fourfold/dev/inmind_final_project_test/workspace/build/distance_interfaces', 'catkin_cmake_args': None, 'catkin_skip_building_tests': False, 'cmake_args': None, 'cmake_clean_cache': False, 'cmake_clean_first': False, 'cmake_force_configure': False, 'cmake_target': None, 'cmake_target_skip_unavailable': False, 'install_base': '/home/fourfold/dev/inmind_final_project_test/workspace/install/distance_interfaces', 'merge_install': False, 'path': '/home/fourfold/dev/inmind_final_project_test/workspace/src/perception/distance_interfaces', 'symlink_install': False, 'test_result_base': None}
[0.220s] Level 5:colcon.colcon_core.verb:set package 'distance_check' build argument 'cmake_args' from command line to 'None'
[0.220s] Level 5:colcon.colcon_core.verb:set package 'distance_check' build argument 'cmake_target' from command line to 'None'
[0.220s] Level 5:colcon.colcon_core.verb:set package 'distance_check' build argument 'cmake_target_skip_unavailable' from command line to 'False'
[0.220s] Level 5:colcon.colcon_core.verb:set package 'distance_check' build argument 'cmake_clean_cache' from command line to 'False'
[0.220s] Level 5:colcon.colcon_core.verb:set package 'distance_check' build argument 'cmake_clean_first' from command line to 'False'
[0.220s] Level 5:colcon.colcon_core.verb:set package 'distance_check' build argument 'cmake_force_configure' from command line to 'False'
[0.220s] Level 5:colcon.colcon_core.verb:set package 'distance_check' build argument 'ament_cmake_args' from command line to 'None'
[0.220s] Level 5:colcon.colcon_core.verb:set package 'distance_check' build argument 'catkin_cmake_args' from command line to 'None'
[0.220s] Level 5:colcon.colcon_core.verb:set package 'distance_check' build argument 'catkin_skip_building_tests' from command line to 'False'
[0.220s] DEBUG:colcon.colcon_core.verb:Building package 'distance_check' with the following arguments: {'ament_cmake_args': None, 'build_base': '/home/fourfold/dev/inmind_final_project_test/workspace/build/distance_check', 'catkin_cmake_args': None, 'catkin_skip_building_tests': False, 'cmake_args': None, 'cmake_clean_cache': False, 'cmake_clean_first': False, 'cmake_force_configure': False, 'cmake_target': None, 'cmake_target_skip_unavailable': False, 'install_base': '/home/fourfold/dev/inmind_final_project_test/workspace/install/distance_check', 'merge_install': False, 'path': '/home/fourfold/dev/inmind_final_project_test/workspace/src/perception/distance_check', 'symlink_install': False, 'test_result_base': None}
[0.220s] Level 5:colcon.colcon_core.verb:set package 'yellow_ball_finder' build argument 'cmake_args' from command line to 'None'
[0.220s] Level 5:colcon.colcon_core.verb:set package 'yellow_ball_finder' build argument 'cmake_target' from command line to 'None'
[0.220s] Level 5:colcon.colcon_core.verb:set package 'yellow_ball_finder' build argument 'cmake_target_skip_unavailable' from command line to 'False'
[0.220s] Level 5:colcon.colcon_core.verb:set package 'yellow_ball_finder' build argument 'cmake_clean_cache' from command line to 'False'
[0.220s] Level 5:colcon.colcon_core.verb:set package 'yellow_ball_finder' build argument 'cmake_clean_first' from command line to 'False'
[0.220s] Level 5:colcon.colcon_core.verb:set package 'yellow_ball_finder' build argument 'cmake_force_configure' from command line to 'False'
[0.220s] Level 5:colcon.colcon_core.verb:set package 'yellow_ball_finder' build argument 'ament_cmake_args' from command line to 'None'
[0.220s] Level 5:colcon.colcon_core.verb:set package 'yellow_ball_finder' build argument 'catkin_cmake_args' from command line to 'None'
[0.220s] Level 5:colcon.colcon_core.verb:set package 'yellow_ball_finder' build argument 'catkin_skip_building_tests' from command line to 'False'
[0.220s] DEBUG:colcon.colcon_core.verb:Building package 'yellow_ball_finder' with the following arguments: {'ament_cmake_args': None, 'build_base': '/home/fourfold/dev/inmind_final_project_test/workspace/build/yellow_ball_finder', 'catkin_cmake_args': None, 'catkin_skip_building_tests': False, 'cmake_args': None, 'cmake_clean_cache': False, 'cmake_clean_first': False, 'cmake_force_configure': False, 'cmake_target': None, 'cmake_target_skip_unavailable': False, 'install_base': '/home/fourfold/dev/inmind_final_project_test/workspace/install/yellow_ball_finder', 'merge_install': False, 'path': '/home/fourfold/dev/inmind_final_project_test/workspace/src/perception/yellow_ball_finder', 'symlink_install': False, 'test_result_base': None}
[0.220s] Level 5:colcon.colcon_core.verb:set package 'main' build argument 'cmake_args' from command line to 'None'
[0.220s] Level 5:colcon.colcon_core.verb:set package 'main' build argument 'cmake_target' from command line to 'None'
[0.220s] Level 5:colcon.colcon_core.verb:set package 'main' build argument 'cmake_target_skip_unavailable' from command line to 'False'
[0.220s] Level 5:colcon.colcon_core.verb:set package 'main' build argument 'cmake_clean_cache' from command line to 'False'
[0.220s] Level 5:colcon.colcon_core.verb:set package 'main' build argument 'cmake_clean_first' from command line to 'False'
[0.220s] Level 5:colcon.colcon_core.verb:set package 'main' build argument 'cmake_force_configure' from command line to 'False'
[0.220s] Level 5:colcon.colcon_core.verb:set package 'main' build argument 'ament_cmake_args' from command line to 'None'
[0.220s] Level 5:colcon.colcon_core.verb:set package 'main' build argument 'catkin_cmake_args' from command line to 'None'
[0.220s] Level 5:colcon.colcon_core.verb:set package 'main' build argument 'catkin_skip_building_tests' from command line to 'False'
[0.220s] DEBUG:colcon.colcon_core.verb:Building package 'main' with the following arguments: {'ament_cmake_args': None, 'build_base': '/home/fourfold/dev/inmind_final_project_test/workspace/build/main', 'catkin_cmake_args': None, 'catkin_skip_building_tests': False, 'cmake_args': None, 'cmake_clean_cache': False, 'cmake_clean_first': False, 'cmake_force_configure': False, 'cmake_target': None, 'cmake_target_skip_unavailable': False, 'install_base': '/home/fourfold/dev/inmind_final_project_test/workspace/install/main', 'merge_install': False, 'path': '/home/fourfold/dev/inmind_final_project_test/workspace/src/main/main', 'symlink_install': False, 'test_result_base': None}
[0.221s] INFO:colcon.colcon_core.executor:Executing jobs using 'parallel' executor
[0.221s] DEBUG:colcon.colcon_parallel_executor.executor.parallel:run_until_complete
[0.222s] INFO:colcon.colcon_ros.task.ament_cmake.build:Building ROS package in '/home/fourfold/dev/inmind_final_project_test/workspace/src/perception/detection_interfaces' with build type 'ament_cmake'
[0.222s] INFO:colcon.colcon_cmake.task.cmake.build:Building CMake package in '/home/fourfold/dev/inmind_final_project_test/workspace/src/perception/detection_interfaces'
[0.223s] INFO:colcon.colcon_core.plugin_system:Skipping extension 'colcon_core.shell.bat': Not used on non-Windows systems
[0.223s] INFO:colcon.colcon_core.shell:Skip shell extension 'powershell' for command environment: Not usable outside of PowerShell
[0.223s] DEBUG:colcon.colcon_core.shell:Skip shell extension 'dsv' for command environment
[0.225s] INFO:colcon.colcon_ros.task.ament_cmake.build:Building ROS package in '/home/fourfold/dev/inmind_final_project_test/workspace/src/perception/distance_interfaces' with build type 'ament_cmake'
[0.225s] INFO:colcon.colcon_cmake.task.cmake.build:Building CMake package in '/home/fourfold/dev/inmind_final_project_test/workspace/src/perception/distance_interfaces'
[0.225s] INFO:colcon.colcon_core.shell:Skip shell extension 'powershell' for command environment: Not usable outside of PowerShell
[0.225s] DEBUG:colcon.colcon_core.shell:Skip shell extension 'dsv' for command environment
[0.227s] INFO:colcon.colcon_ros.task.ament_cmake.build:Building ROS package in '/home/fourfold/dev/inmind_final_project_test/workspace/src/navigation/basic_navigation' with build type 'ament_cmake'
[0.228s] INFO:colcon.colcon_cmake.task.cmake.build:Building CMake package in '/home/fourfold/dev/inmind_final_project_test/workspace/src/navigation/basic_navigation'
[0.228s] INFO:colcon.colcon_core.shell:Skip shell extension 'powershell' for command environment: Not usable outside of PowerShell
[0.228s] DEBUG:colcon.colcon_core.shell:Skip shell extension 'dsv' for command environment
[0.233s] DEBUG:colcon.colcon_core.event_handler.log_command:Invoking command in '/home/fourfold/dev/inmind_final_project_test/workspace/build/detection_interfaces': CMAKE_PREFIX_PATH=${CMAKE_PREFIX_PATH}:/opt/ros/humble /usr/bin/cmake --build /home/fourfold/dev/inmind_final_project_test/workspace/build/detection_interfaces -- -j16 -l16
[0.235s] DEBUG:colcon.colcon_core.event_handler.log_command:Invoking command in '/home/fourfold/dev/inmind_final_project_test/workspace/build/distance_interfaces': CMAKE_PREFIX_PATH=${CMAKE_PREFIX_PATH}:/opt/ros/humble /usr/bin/cmake --build /home/fourfold/dev/inmind_final_project_test/workspace/build/distance_interfaces -- -j16 -l16
[0.238s] DEBUG:colcon.colcon_core.event_handler.log_command:Invoking command in '/home/fourfold/dev/inmind_final_project_test/workspace/build/basic_navigation': CMAKE_PREFIX_PATH=${CMAKE_PREFIX_PATH}:/opt/ros/humble /usr/bin/cmake --build /home/fourfold/dev/inmind_final_project_test/workspace/build/basic_navigation -- -j16 -l16
[0.264s] DEBUG:colcon.colcon_core.event_handler.log_command:Invoked command in '/home/fourfold/dev/inmind_final_project_test/workspace/build/basic_navigation' returned '0': CMAKE_PREFIX_PATH=${CMAKE_PREFIX_PATH}:/opt/ros/humble /usr/bin/cmake --build /home/fourfold/dev/inmind_final_project_test/workspace/build/basic_navigation -- -j16 -l16
[0.294s] DEBUG:colcon.colcon_core.event_handler.log_command:Invoking command in '/home/fourfold/dev/inmind_final_project_test/workspace/build/basic_navigation': CMAKE_PREFIX_PATH=${CMAKE_PREFIX_PATH}:/opt/ros/humble /usr/bin/cmake --install /home/fourfold/dev/inmind_final_project_test/workspace/build/basic_navigation
[0.300s] Level 1:colcon.colcon_core.environment:create_environment_scripts_only(basic_navigation)
[0.301s] DEBUG:colcon.colcon_core.event_handler.log_command:Invoked command in '/home/fourfold/dev/inmind_final_project_test/workspace/build/basic_navigation' returned '0': CMAKE_PREFIX_PATH=${CMAKE_PREFIX_PATH}:/opt/ros/humble /usr/bin/cmake --install /home/fourfold/dev/inmind_final_project_test/workspace/build/basic_navigation
[0.303s] Level 1:colcon.colcon_core.environment:checking '/home/fourfold/dev/inmind_final_project_test/workspace/install/basic_navigation' for CMake module files
[0.304s] Level 1:colcon.colcon_core.environment:checking '/home/fourfold/dev/inmind_final_project_test/workspace/install/basic_navigation' for CMake config files
[0.304s] Level 1:colcon.colcon_core.shell:create_environment_hook('basic_navigation', 'cmake_prefix_path')
[0.304s] INFO:colcon.colcon_core.shell:Creating environment hook '/home/fourfold/dev/inmind_final_project_test/workspace/install/basic_navigation/share/basic_navigation/hook/cmake_prefix_path.ps1'
[0.304s] INFO:colcon.colcon_core.shell:Creating environment descriptor '/home/fourfold/dev/inmind_final_project_test/workspace/install/basic_navigation/share/basic_navigation/hook/cmake_prefix_path.dsv'
[0.305s] INFO:colcon.colcon_core.shell:Creating environment hook '/home/fourfold/dev/inmind_final_project_test/workspace/install/basic_navigation/share/basic_navigation/hook/cmake_prefix_path.sh'
[0.306s] Level 1:colcon.colcon_core.environment:checking '/home/fourfold/dev/inmind_final_project_test/workspace/install/basic_navigation/lib'
[0.306s] Level 1:colcon.colcon_core.environment:checking '/home/fourfold/dev/inmind_final_project_test/workspace/install/basic_navigation/bin'
[0.306s] Level 1:colcon.colcon_core.environment:checking '/home/fourfold/dev/inmind_final_project_test/workspace/install/basic_navigation/lib/pkgconfig/basic_navigation.pc'
[0.306s] Level 1:colcon.colcon_core.environment:checking '/home/fourfold/dev/inmind_final_project_test/workspace/install/basic_navigation/lib/python3.10/site-packages'
[0.306s] Level 1:colcon.colcon_core.environment:checking '/home/fourfold/dev/inmind_final_project_test/workspace/install/basic_navigation/bin'
[0.306s] INFO:colcon.colcon_core.shell:Creating package script '/home/fourfold/dev/inmind_final_project_test/workspace/install/basic_navigation/share/basic_navigation/package.ps1'
[0.307s] INFO:colcon.colcon_core.shell:Creating package descriptor '/home/fourfold/dev/inmind_final_project_test/workspace/install/basic_navigation/share/basic_navigation/package.dsv'
[0.307s] INFO:colcon.colcon_core.shell:Creating package script '/home/fourfold/dev/inmind_final_project_test/workspace/install/basic_navigation/share/basic_navigation/package.sh'
[0.308s] INFO:colcon.colcon_core.shell:Creating package script '/home/fourfold/dev/inmind_final_project_test/workspace/install/basic_navigation/share/basic_navigation/package.bash'
[0.308s] INFO:colcon.colcon_core.shell:Creating package script '/home/fourfold/dev/inmind_final_project_test/workspace/install/basic_navigation/share/basic_navigation/package.zsh'
[0.308s] Level 1:colcon.colcon_core.environment:create_file_with_runtime_dependencies(/home/fourfold/dev/inmind_final_project_test/workspace/install/basic_navigation/share/colcon-core/packages/basic_navigation)
[0.326s] Level 1:colcon.colcon_core.environment:create_environment_scripts_only(basic_navigation)
[0.326s] Level 1:colcon.colcon_core.environment:checking '/home/fourfold/dev/inmind_final_project_test/workspace/install/basic_navigation' for CMake module files
[0.326s] Level 1:colcon.colcon_core.environment:checking '/home/fourfold/dev/inmind_final_project_test/workspace/install/basic_navigation' for CMake config files
[0.327s] Level 1:colcon.colcon_core.shell:create_environment_hook('basic_navigation', 'cmake_prefix_path')
[0.327s] INFO:colcon.colcon_core.shell:Creating environment hook '/home/fourfold/dev/inmind_final_project_test/workspace/install/basic_navigation/share/basic_navigation/hook/cmake_prefix_path.ps1'
[0.328s] INFO:colcon.colcon_core.shell:Creating environment descriptor '/home/fourfold/dev/inmind_final_project_test/workspace/install/basic_navigation/share/basic_navigation/hook/cmake_prefix_path.dsv'
[0.328s] INFO:colcon.colcon_core.shell:Creating environment hook '/home/fourfold/dev/inmind_final_project_test/workspace/install/basic_navigation/share/basic_navigation/hook/cmake_prefix_path.sh'
[0.328s] Level 1:colcon.colcon_core.environment:checking '/home/fourfold/dev/inmind_final_project_test/workspace/install/basic_navigation/lib'
[0.329s] Level 1:colcon.colcon_core.environment:checking '/home/fourfold/dev/inmind_final_project_test/workspace/install/basic_navigation/bin'
[0.329s] Level 1:colcon.colcon_core.environment:checking '/home/fourfold/dev/inmind_final_project_test/workspace/install/basic_navigation/lib/pkgconfig/basic_navigation.pc'
[0.329s] Level 1:colcon.colcon_core.environment:checking '/home/fourfold/dev/inmind_final_project_test/workspace/install/basic_navigation/lib/python3.10/site-packages'
[0.329s] Level 1:colcon.colcon_core.environment:checking '/home/fourfold/dev/inmind_final_project_test/workspace/install/basic_navigation/bin'
[0.329s] INFO:colcon.colcon_core.shell:Creating package script '/home/fourfold/dev/inmind_final_project_test/workspace/install/basic_navigation/share/basic_navigation/package.ps1'
[0.330s] INFO:colcon.colcon_core.shell:Creating package descriptor '/home/fourfold/dev/inmind_final_project_test/workspace/install/basic_navigation/share/basic_navigation/package.dsv'
[0.330s] INFO:colcon.colcon_core.shell:Creating package script '/home/fourfold/dev/inmind_final_project_test/workspace/install/basic_navigation/share/basic_navigation/package.sh'
[0.330s] INFO:colcon.colcon_core.shell:Creating package script '/home/fourfold/dev/inmind_final_project_test/workspace/install/basic_navigation/share/basic_navigation/package.bash'
[0.330s] INFO:colcon.colcon_core.shell:Creating package script '/home/fourfold/dev/inmind_final_project_test/workspace/install/basic_navigation/share/basic_navigation/package.zsh'
[0.331s] Level 1:colcon.colcon_core.environment:create_file_with_runtime_dependencies(/home/fourfold/dev/inmind_final_project_test/workspace/install/basic_navigation/share/colcon-core/packages/basic_navigation)
[0.464s] DEBUG:colcon.colcon_core.event_handler.log_command:Invoked command in '/home/fourfold/dev/inmind_final_project_test/workspace/build/detection_interfaces' returned '0': CMAKE_PREFIX_PATH=${CMAKE_PREFIX_PATH}:/opt/ros/humble /usr/bin/cmake --build /home/fourfold/dev/inmind_final_project_test/workspace/build/detection_interfaces -- -j16 -l16
[0.472s] DEBUG:colcon.colcon_core.event_handler.log_command:Invoked command in '/home/fourfold/dev/inmind_final_project_test/workspace/build/distance_interfaces' returned '0': CMAKE_PREFIX_PATH=${CMAKE_PREFIX_PATH}:/opt/ros/humble /usr/bin/cmake --build /home/fourfold/dev/inmind_final_project_test/workspace/build/distance_interfaces -- -j16 -l16
[0.506s] DEBUG:colcon.colcon_core.event_handler.log_command:Invoking command in '/home/fourfold/dev/inmind_final_project_test/workspace/build/detection_interfaces': CMAKE_PREFIX_PATH=${CMAKE_PREFIX_PATH}:/opt/ros/humble /usr/bin/cmake --install /home/fourfold/dev/inmind_final_project_test/workspace/build/detection_interfaces
[0.511s] DEBUG:colcon.colcon_core.event_handler.log_command:Invoking command in '/home/fourfold/dev/inmind_final_project_test/workspace/build/distance_interfaces': CMAKE_PREFIX_PATH=${CMAKE_PREFIX_PATH}:/opt/ros/humble /usr/bin/cmake --install /home/fourfold/dev/inmind_final_project_test/workspace/build/distance_interfaces
[0.539s] Level 1:colcon.colcon_core.environment:create_environment_scripts_only(detection_interfaces)
[0.539s] Level 1:colcon.colcon_core.environment:checking '/home/fourfold/dev/inmind_final_project_test/workspace/install/detection_interfaces' for CMake module files
[0.539s] DEBUG:colcon.colcon_core.event_handler.log_command:Invoked command in '/home/fourfold/dev/inmind_final_project_test/workspace/build/detection_interfaces' returned '0': CMAKE_PREFIX_PATH=${CMAKE_PREFIX_PATH}:/opt/ros/humble /usr/bin/cmake --install /home/fourfold/dev/inmind_final_project_test/workspace/build/detection_interfaces
[0.540s] Level 1:colcon.colcon_core.environment:checking '/home/fourfold/dev/inmind_final_project_test/workspace/install/detection_interfaces' for CMake config files
[0.540s] Level 1:colcon.colcon_core.shell:create_environment_hook('detection_interfaces', 'cmake_prefix_path')
[0.540s] INFO:colcon.colcon_core.shell:Creating environment hook '/home/fourfold/dev/inmind_final_project_test/workspace/install/detection_interfaces/share/detection_interfaces/hook/cmake_prefix_path.ps1'
[0.540s] INFO:colcon.colcon_core.shell:Creating environment descriptor '/home/fourfold/dev/inmind_final_project_test/workspace/install/detection_interfaces/share/detection_interfaces/hook/cmake_prefix_path.dsv'
[0.541s] INFO:colcon.colcon_core.shell:Creating environment hook '/home/fourfold/dev/inmind_final_project_test/workspace/install/detection_interfaces/share/detection_interfaces/hook/cmake_prefix_path.sh'
[0.541s] Level 1:colcon.colcon_core.environment:checking '/home/fourfold/dev/inmind_final_project_test/workspace/install/detection_interfaces/lib'
[0.541s] Level 1:colcon.colcon_core.shell:create_environment_hook('detection_interfaces', 'ld_library_path_lib')
[0.541s] INFO:colcon.colcon_core.shell:Creating environment hook '/home/fourfold/dev/inmind_final_project_test/workspace/install/detection_interfaces/share/detection_interfaces/hook/ld_library_path_lib.ps1'
[0.541s] INFO:colcon.colcon_core.shell:Creating environment descriptor '/home/fourfold/dev/inmind_final_project_test/workspace/install/detection_interfaces/share/detection_interfaces/hook/ld_library_path_lib.dsv'
[0.541s] INFO:colcon.colcon_core.shell:Creating environment hook '/home/fourfold/dev/inmind_final_project_test/workspace/install/detection_interfaces/share/detection_interfaces/hook/ld_library_path_lib.sh'
[0.542s] Level 1:colcon.colcon_core.environment:checking '/home/fourfold/dev/inmind_final_project_test/workspace/install/detection_interfaces/bin'
[0.542s] Level 1:colcon.colcon_core.environment:checking '/home/fourfold/dev/inmind_final_project_test/workspace/install/detection_interfaces/lib/pkgconfig/detection_interfaces.pc'
[0.542s] Level 1:colcon.colcon_core.environment:checking '/home/fourfold/dev/inmind_final_project_test/workspace/install/detection_interfaces/lib/python3.10/site-packages'
[0.542s] Level 1:colcon.colcon_core.environment:checking '/home/fourfold/dev/inmind_final_project_test/workspace/install/detection_interfaces/bin'
[0.542s] INFO:colcon.colcon_core.shell:Creating package script '/home/fourfold/dev/inmind_final_project_test/workspace/install/detection_interfaces/share/detection_interfaces/package.ps1'
[0.543s] INFO:colcon.colcon_core.shell:Creating package descriptor '/home/fourfold/dev/inmind_final_project_test/workspace/install/detection_interfaces/share/detection_interfaces/package.dsv'
[0.543s] INFO:colcon.colcon_core.shell:Creating package script '/home/fourfold/dev/inmind_final_project_test/workspace/install/detection_interfaces/share/detection_interfaces/package.sh'
[0.545s] INFO:colcon.colcon_core.shell:Creating package script '/home/fourfold/dev/inmind_final_project_test/workspace/install/detection_interfaces/share/detection_interfaces/package.bash'
[0.545s] INFO:colcon.colcon_core.shell:Creating package script '/home/fourfold/dev/inmind_final_project_test/workspace/install/detection_interfaces/share/detection_interfaces/package.zsh'
[0.545s] Level 1:colcon.colcon_core.environment:create_file_with_runtime_dependencies(/home/fourfold/dev/inmind_final_project_test/workspace/install/detection_interfaces/share/colcon-core/packages/detection_interfaces)
[0.546s] Level 1:colcon.colcon_core.environment:create_environment_scripts_only(distance_interfaces)
[0.547s] Level 1:colcon.colcon_core.environment:checking '/home/fourfold/dev/inmind_final_project_test/workspace/install/distance_interfaces' for CMake module files
[0.547s] DEBUG:colcon.colcon_core.event_handler.log_command:Invoked command in '/home/fourfold/dev/inmind_final_project_test/workspace/build/distance_interfaces' returned '0': CMAKE_PREFIX_PATH=${CMAKE_PREFIX_PATH}:/opt/ros/humble /usr/bin/cmake --install /home/fourfold/dev/inmind_final_project_test/workspace/build/distance_interfaces
[0.547s] Level 1:colcon.colcon_core.environment:checking '/home/fourfold/dev/inmind_final_project_test/workspace/install/distance_interfaces' for CMake config files
[0.548s] Level 1:colcon.colcon_core.shell:create_environment_hook('distance_interfaces', 'cmake_prefix_path')
[0.548s] INFO:colcon.colcon_core.shell:Creating environment hook '/home/fourfold/dev/inmind_final_project_test/workspace/install/distance_interfaces/share/distance_interfaces/hook/cmake_prefix_path.ps1'
[0.548s] INFO:colcon.colcon_core.shell:Creating environment descriptor '/home/fourfold/dev/inmind_final_project_test/workspace/install/distance_interfaces/share/distance_interfaces/hook/cmake_prefix_path.dsv'
[0.548s] INFO:colcon.colcon_core.shell:Creating environment hook '/home/fourfold/dev/inmind_final_project_test/workspace/install/distance_interfaces/share/distance_interfaces/hook/cmake_prefix_path.sh'
[0.548s] Level 1:colcon.colcon_core.environment:checking '/home/fourfold/dev/inmind_final_project_test/workspace/install/distance_interfaces/lib'
[0.548s] Level 1:colcon.colcon_core.shell:create_environment_hook('distance_interfaces', 'ld_library_path_lib')
[0.549s] INFO:colcon.colcon_core.shell:Creating environment hook '/home/fourfold/dev/inmind_final_project_test/workspace/install/distance_interfaces/share/distance_interfaces/hook/ld_library_path_lib.ps1'
[0.549s] INFO:colcon.colcon_core.shell:Creating environment descriptor '/home/fourfold/dev/inmind_final_project_test/workspace/install/distance_interfaces/share/distance_interfaces/hook/ld_library_path_lib.dsv'
[0.549s] INFO:colcon.colcon_core.shell:Creating environment hook '/home/fourfold/dev/inmind_final_project_test/workspace/install/distance_interfaces/share/distance_interfaces/hook/ld_library_path_lib.sh'
[0.549s] Level 1:colcon.colcon_core.environment:checking '/home/fourfold/dev/inmind_final_project_test/workspace/install/distance_interfaces/bin'
[0.549s] Level 1:colcon.colcon_core.environment:checking '/home/fourfold/dev/inmind_final_project_test/workspace/install/distance_interfaces/lib/pkgconfig/distance_interfaces.pc'
[0.549s] Level 1:colcon.colcon_core.environment:checking '/home/fourfold/dev/inmind_final_project_test/workspace/install/distance_interfaces/lib/python3.10/site-packages'
[0.549s] Level 1:colcon.colcon_core.environment:checking '/home/fourfold/dev/inmind_final_project_test/workspace/install/distance_interfaces/bin'
[0.549s] INFO:colcon.colcon_core.shell:Creating package script '/home/fourfold/dev/inmind_final_project_test/workspace/install/distance_interfaces/share/distance_interfaces/package.ps1'
[0.550s] INFO:colcon.colcon_core.shell:Creating package descriptor '/home/fourfold/dev/inmind_final_project_test/workspace/install/distance_interfaces/share/distance_interfaces/package.dsv'
[0.550s] INFO:colcon.colcon_core.shell:Creating package script '/home/fourfold/dev/inmind_final_project_test/workspace/install/distance_interfaces/share/distance_interfaces/package.sh'
[0.550s] INFO:colcon.colcon_core.shell:Creating package script '/home/fourfold/dev/inmind_final_project_test/workspace/install/distance_interfaces/share/distance_interfaces/package.bash'
[0.550s] INFO:colcon.colcon_core.shell:Creating package script '/home/fourfold/dev/inmind_final_project_test/workspace/install/distance_interfaces/share/distance_interfaces/package.zsh'
[0.550s] Level 1:colcon.colcon_core.environment:create_file_with_runtime_dependencies(/home/fourfold/dev/inmind_final_project_test/workspace/install/distance_interfaces/share/colcon-core/packages/distance_interfaces)
[0.586s] Level 1:colcon.colcon_core.environment:create_environment_scripts_only(detection_interfaces)
[0.586s] Level 1:colcon.colcon_core.environment:checking '/home/fourfold/dev/inmind_final_project_test/workspace/install/detection_interfaces' for CMake module files
[0.587s] Level 1:colcon.colcon_core.environment:checking '/home/fourfold/dev/inmind_final_project_test/workspace/install/detection_interfaces' for CMake config files
[0.587s] Level 1:colcon.colcon_core.shell:create_environment_hook('detection_interfaces', 'cmake_prefix_path')
[0.587s] INFO:colcon.colcon_core.shell:Creating environment hook '/home/fourfold/dev/inmind_final_project_test/workspace/install/detection_interfaces/share/detection_interfaces/hook/cmake_prefix_path.ps1'
[0.587s] INFO:colcon.colcon_core.shell:Creating environment descriptor '/home/fourfold/dev/inmind_final_project_test/workspace/install/detection_interfaces/share/detection_interfaces/hook/cmake_prefix_path.dsv'
[0.587s] INFO:colcon.colcon_core.shell:Creating environment hook '/home/fourfold/dev/inmind_final_project_test/workspace/install/detection_interfaces/share/detection_interfaces/hook/cmake_prefix_path.sh'
[0.588s] Level 1:colcon.colcon_core.environment:checking '/home/fourfold/dev/inmind_final_project_test/workspace/install/detection_interfaces/lib'
[0.588s] Level 1:colcon.colcon_core.shell:create_environment_hook('detection_interfaces', 'ld_library_path_lib')
[0.588s] INFO:colcon.colcon_core.shell:Creating environment hook '/home/fourfold/dev/inmind_final_project_test/workspace/install/detection_interfaces/share/detection_interfaces/hook/ld_library_path_lib.ps1'
[0.588s] INFO:colcon.colcon_core.shell:Creating environment descriptor '/home/fourfold/dev/inmind_final_project_test/workspace/install/detection_interfaces/share/detection_interfaces/hook/ld_library_path_lib.dsv'
[0.588s] INFO:colcon.colcon_core.shell:Creating environment hook '/home/fourfold/dev/inmind_final_project_test/workspace/install/detection_interfaces/share/detection_interfaces/hook/ld_library_path_lib.sh'
[0.588s] Level 1:colcon.colcon_core.environment:checking '/home/fourfold/dev/inmind_final_project_test/workspace/install/detection_interfaces/bin'
[0.588s] Level 1:colcon.colcon_core.environment:checking '/home/fourfold/dev/inmind_final_project_test/workspace/install/detection_interfaces/lib/pkgconfig/detection_interfaces.pc'
[0.589s] Level 1:colcon.colcon_core.environment:checking '/home/fourfold/dev/inmind_final_project_test/workspace/install/detection_interfaces/lib/python3.10/site-packages'
[0.589s] Level 1:colcon.colcon_core.environment:checking '/home/fourfold/dev/inmind_final_project_test/workspace/install/detection_interfaces/bin'
[0.589s] INFO:colcon.colcon_core.shell:Creating package script '/home/fourfold/dev/inmind_final_project_test/workspace/install/detection_interfaces/share/detection_interfaces/package.ps1'
[0.590s] INFO:colcon.colcon_core.shell:Creating package descriptor '/home/fourfold/dev/inmind_final_project_test/workspace/install/detection_interfaces/share/detection_interfaces/package.dsv'
[0.590s] INFO:colcon.colcon_core.shell:Creating package script '/home/fourfold/dev/inmind_final_project_test/workspace/install/detection_interfaces/share/detection_interfaces/package.sh'
[0.591s] INFO:colcon.colcon_core.shell:Creating package script '/home/fourfold/dev/inmind_final_project_test/workspace/install/detection_interfaces/share/detection_interfaces/package.bash'
[0.591s] INFO:colcon.colcon_core.shell:Creating package script '/home/fourfold/dev/inmind_final_project_test/workspace/install/detection_interfaces/share/detection_interfaces/package.zsh'
[0.591s] Level 1:colcon.colcon_core.environment:create_file_with_runtime_dependencies(/home/fourfold/dev/inmind_final_project_test/workspace/install/detection_interfaces/share/colcon-core/packages/detection_interfaces)
[0.592s] INFO:colcon.colcon_ros.task.ament_cmake.build:Building ROS package in '/home/fourfold/dev/inmind_final_project_test/workspace/src/perception/yellow_ball_finder' with build type 'ament_cmake'
[0.592s] INFO:colcon.colcon_cmake.task.cmake.build:Building CMake package in '/home/fourfold/dev/inmind_final_project_test/workspace/src/perception/yellow_ball_finder'
[0.592s] INFO:colcon.colcon_core.shell:Skip shell extension 'powershell' for command environment: Not usable outside of PowerShell
[0.592s] DEBUG:colcon.colcon_core.shell:Skip shell extension 'dsv' for command environment
[0.595s] Level 1:colcon.colcon_core.environment:create_environment_scripts_only(distance_interfaces)
[0.595s] Level 1:colcon.colcon_core.environment:checking '/home/fourfold/dev/inmind_final_project_test/workspace/install/distance_interfaces' for CMake module files
[0.596s] Level 1:colcon.colcon_core.environment:checking '/home/fourfold/dev/inmind_final_project_test/workspace/install/distance_interfaces' for CMake config files
[0.596s] Level 1:colcon.colcon_core.shell:create_environment_hook('distance_interfaces', 'cmake_prefix_path')
[0.596s] INFO:colcon.colcon_core.shell:Creating environment hook '/home/fourfold/dev/inmind_final_project_test/workspace/install/distance_interfaces/share/distance_interfaces/hook/cmake_prefix_path.ps1'
[0.596s] INFO:colcon.colcon_core.shell:Creating environment descriptor '/home/fourfold/dev/inmind_final_project_test/workspace/install/distance_interfaces/share/distance_interfaces/hook/cmake_prefix_path.dsv'
[0.596s] INFO:colcon.colcon_core.shell:Creating environment hook '/home/fourfold/dev/inmind_final_project_test/workspace/install/distance_interfaces/share/distance_interfaces/hook/cmake_prefix_path.sh'
[0.597s] Level 1:colcon.colcon_core.environment:checking '/home/fourfold/dev/inmind_final_project_test/workspace/install/distance_interfaces/lib'
[0.597s] Level 1:colcon.colcon_core.shell:create_environment_hook('distance_interfaces', 'ld_library_path_lib')
[0.597s] INFO:colcon.colcon_core.shell:Creating environment hook '/home/fourfold/dev/inmind_final_project_test/workspace/install/distance_interfaces/share/distance_interfaces/hook/ld_library_path_lib.ps1'
[0.597s] INFO:colcon.colcon_core.shell:Creating environment descriptor '/home/fourfold/dev/inmind_final_project_test/workspace/install/distance_interfaces/share/distance_interfaces/hook/ld_library_path_lib.dsv'
[0.597s] INFO:colcon.colcon_core.shell:Creating environment hook '/home/fourfold/dev/inmind_final_project_test/workspace/install/distance_interfaces/share/distance_interfaces/hook/ld_library_path_lib.sh'
[0.597s] Level 1:colcon.colcon_core.environment:checking '/home/fourfold/dev/inmind_final_project_test/workspace/install/distance_interfaces/bin'
[0.597s] Level 1:colcon.colcon_core.environment:checking '/home/fourfold/dev/inmind_final_project_test/workspace/install/distance_interfaces/lib/pkgconfig/distance_interfaces.pc'
[0.598s] Level 1:colcon.colcon_core.environment:checking '/home/fourfold/dev/inmind_final_project_test/workspace/install/distance_interfaces/lib/python3.10/site-packages'
[0.598s] Level 1:colcon.colcon_core.environment:checking '/home/fourfold/dev/inmind_final_project_test/workspace/install/distance_interfaces/bin'
[0.598s] INFO:colcon.colcon_core.shell:Creating package script '/home/fourfold/dev/inmind_final_project_test/workspace/install/distance_interfaces/share/distance_interfaces/package.ps1'
[0.598s] INFO:colcon.colcon_core.shell:Creating package descriptor '/home/fourfold/dev/inmind_final_project_test/workspace/install/distance_interfaces/share/distance_interfaces/package.dsv'
[0.598s] INFO:colcon.colcon_core.shell:Creating package script '/home/fourfold/dev/inmind_final_project_test/workspace/install/distance_interfaces/share/distance_interfaces/package.sh'
[0.599s] INFO:colcon.colcon_core.shell:Creating package script '/home/fourfold/dev/inmind_final_project_test/workspace/install/distance_interfaces/share/distance_interfaces/package.bash'
[0.599s] INFO:colcon.colcon_core.shell:Creating package script '/home/fourfold/dev/inmind_final_project_test/workspace/install/distance_interfaces/share/distance_interfaces/package.zsh'
[0.599s] Level 1:colcon.colcon_core.environment:create_file_with_runtime_dependencies(/home/fourfold/dev/inmind_final_project_test/workspace/install/distance_interfaces/share/colcon-core/packages/distance_interfaces)
[0.600s] INFO:colcon.colcon_ros.task.ament_cmake.build:Building ROS package in '/home/fourfold/dev/inmind_final_project_test/workspace/src/perception/distance_check' with build type 'ament_cmake'
[0.600s] INFO:colcon.colcon_cmake.task.cmake.build:Building CMake package in '/home/fourfold/dev/inmind_final_project_test/workspace/src/perception/distance_check'
[0.600s] INFO:colcon.colcon_core.shell:Skip shell extension 'powershell' for command environment: Not usable outside of PowerShell
[0.600s] DEBUG:colcon.colcon_core.shell:Skip shell extension 'dsv' for command environment
[0.603s] DEBUG:colcon.colcon_core.event_handler.log_command:Invoking command in '/home/fourfold/dev/inmind_final_project_test/workspace/build/yellow_ball_finder': CMAKE_PREFIX_PATH=/home/fourfold/dev/inmind_final_project_test/workspace/install/detection_interfaces:/home/fourfold/dev/inmind_final_project_test/workspace/install/main:/home/fourfold/dev/inmind_final_project_test/workspace/install/yellow_ball_finder:/home/fourfold/dev/inmind_final_project_test/workspace/install/distance_check:/home/fourfold/dev/inmind_final_project_test/workspace/install/basic_navigation:/opt/ros/humble /usr/bin/cmake --build /home/fourfold/dev/inmind_final_project_test/workspace/build/yellow_ball_finder -- -j16 -l16
[0.606s] DEBUG:colcon.colcon_core.event_handler.log_command:Invoking command in '/home/fourfold/dev/inmind_final_project_test/workspace/build/distance_check': AMENT_PREFIX_PATH=/home/fourfold/dev/inmind_final_project_test/workspace/install/distance_interfaces:${AMENT_PREFIX_PATH} CMAKE_PREFIX_PATH=/home/fourfold/dev/inmind_final_project_test/workspace/install/distance_interfaces:/home/fourfold/dev/inmind_final_project_test/workspace/install/main:/home/fourfold/dev/inmind_final_project_test/workspace/install/yellow_ball_finder:/home/fourfold/dev/inmind_final_project_test/workspace/install/distance_check:/home/fourfold/dev/inmind_final_project_test/workspace/install/detection_interfaces:/home/fourfold/dev/inmind_final_project_test/workspace/install/basic_navigation:/opt/ros/humble LD_LIBRARY_PATH=/home/fourfold/dev/inmind_final_project_test/workspace/install/distance_interfaces/lib:${LD_LIBRARY_PATH} PYTHONPATH=/home/fourfold/dev/inmind_final_project_test/workspace/install/distance_interfaces/local/lib/python3.10/dist-packages:${PYTHONPATH} /usr/bin/cmake --build /home/fourfold/dev/inmind_final_project_test/workspace/build/distance_check -- -j16 -l16
[0.651s] DEBUG:colcon.colcon_core.event_handler.log_command:Invoked command in '/home/fourfold/dev/inmind_final_project_test/workspace/build/yellow_ball_finder' returned '0': CMAKE_PREFIX_PATH=/home/fourfold/dev/inmind_final_project_test/workspace/install/detection_interfaces:/home/fourfold/dev/inmind_final_project_test/workspace/install/main:/home/fourfold/dev/inmind_final_project_test/workspace/install/yellow_ball_finder:/home/fourfold/dev/inmind_final_project_test/workspace/install/distance_check:/home/fourfold/dev/inmind_final_project_test/workspace/install/basic_navigation:/opt/ros/humble /usr/bin/cmake --build /home/fourfold/dev/inmind_final_project_test/workspace/build/yellow_ball_finder -- -j16 -l16
[0.669s] DEBUG:colcon.colcon_core.event_handler.log_command:Invoking command in '/home/fourfold/dev/inmind_final_project_test/workspace/build/yellow_ball_finder': CMAKE_PREFIX_PATH=/home/fourfold/dev/inmind_final_project_test/workspace/install/detection_interfaces:/home/fourfold/dev/inmind_final_project_test/workspace/install/main:/home/fourfold/dev/inmind_final_project_test/workspace/install/yellow_ball_finder:/home/fourfold/dev/inmind_final_project_test/workspace/install/distance_check:/home/fourfold/dev/inmind_final_project_test/workspace/install/basic_navigation:/opt/ros/humble /usr/bin/cmake --install /home/fourfold/dev/inmind_final_project_test/workspace/build/yellow_ball_finder
[0.676s] Level 1:colcon.colcon_core.environment:create_environment_scripts_only(yellow_ball_finder)
[0.676s] Level 1:colcon.colcon_core.environment:checking '/home/fourfold/dev/inmind_final_project_test/workspace/install/yellow_ball_finder' for CMake module files
[0.676s] DEBUG:colcon.colcon_core.event_handler.log_command:Invoked command in '/home/fourfold/dev/inmind_final_project_test/workspace/build/yellow_ball_finder' returned '0': CMAKE_PREFIX_PATH=/home/fourfold/dev/inmind_final_project_test/workspace/install/detection_interfaces:/home/fourfold/dev/inmind_final_project_test/workspace/install/main:/home/fourfold/dev/inmind_final_project_test/workspace/install/yellow_ball_finder:/home/fourfold/dev/inmind_final_project_test/workspace/install/distance_check:/home/fourfold/dev/inmind_final_project_test/workspace/install/basic_navigation:/opt/ros/humble /usr/bin/cmake --install /home/fourfold/dev/inmind_final_project_test/workspace/build/yellow_ball_finder
[0.676s] Level 1:colcon.colcon_core.environment:checking '/home/fourfold/dev/inmind_final_project_test/workspace/install/yellow_ball_finder' for CMake config files
[0.677s] Level 1:colcon.colcon_core.shell:create_environment_hook('yellow_ball_finder', 'cmake_prefix_path')
[0.677s] INFO:colcon.colcon_core.shell:Creating environment hook '/home/fourfold/dev/inmind_final_project_test/workspace/install/yellow_ball_finder/share/yellow_ball_finder/hook/cmake_prefix_path.ps1'
[0.677s] INFO:colcon.colcon_core.shell:Creating environment descriptor '/home/fourfold/dev/inmind_final_project_test/workspace/install/yellow_ball_finder/share/yellow_ball_finder/hook/cmake_prefix_path.dsv'
[0.677s] INFO:colcon.colcon_core.shell:Creating environment hook '/home/fourfold/dev/inmind_final_project_test/workspace/install/yellow_ball_finder/share/yellow_ball_finder/hook/cmake_prefix_path.sh'
[0.677s] Level 1:colcon.colcon_core.environment:checking '/home/fourfold/dev/inmind_final_project_test/workspace/install/yellow_ball_finder/lib'
[0.677s] Level 1:colcon.colcon_core.environment:checking '/home/fourfold/dev/inmind_final_project_test/workspace/install/yellow_ball_finder/bin'
[0.677s] Level 1:colcon.colcon_core.environment:checking '/home/fourfold/dev/inmind_final_project_test/workspace/install/yellow_ball_finder/lib/pkgconfig/yellow_ball_finder.pc'
[0.678s] Level 1:colcon.colcon_core.environment:checking '/home/fourfold/dev/inmind_final_project_test/workspace/install/yellow_ball_finder/lib/python3.10/site-packages'
[0.678s] Level 1:colcon.colcon_core.environment:checking '/home/fourfold/dev/inmind_final_project_test/workspace/install/yellow_ball_finder/bin'
[0.678s] INFO:colcon.colcon_core.shell:Creating package script '/home/fourfold/dev/inmind_final_project_test/workspace/install/yellow_ball_finder/share/yellow_ball_finder/package.ps1'
[0.678s] INFO:colcon.colcon_core.shell:Creating package descriptor '/home/fourfold/dev/inmind_final_project_test/workspace/install/yellow_ball_finder/share/yellow_ball_finder/package.dsv'
[0.678s] INFO:colcon.colcon_core.shell:Creating package script '/home/fourfold/dev/inmind_final_project_test/workspace/install/yellow_ball_finder/share/yellow_ball_finder/package.sh'
[0.678s] INFO:colcon.colcon_core.shell:Creating package script '/home/fourfold/dev/inmind_final_project_test/workspace/install/yellow_ball_finder/share/yellow_ball_finder/package.bash'
[0.679s] INFO:colcon.colcon_core.shell:Creating package script '/home/fourfold/dev/inmind_final_project_test/workspace/install/yellow_ball_finder/share/yellow_ball_finder/package.zsh'
[0.679s] Level 1:colcon.colcon_core.environment:create_file_with_runtime_dependencies(/home/fourfold/dev/inmind_final_project_test/workspace/install/yellow_ball_finder/share/colcon-core/packages/yellow_ball_finder)
[0.696s] Level 1:colcon.colcon_core.environment:create_environment_scripts_only(yellow_ball_finder)
[0.696s] Level 1:colcon.colcon_core.environment:checking '/home/fourfold/dev/inmind_final_project_test/workspace/install/yellow_ball_finder' for CMake module files
[0.697s] Level 1:colcon.colcon_core.environment:checking '/home/fourfold/dev/inmind_final_project_test/workspace/install/yellow_ball_finder' for CMake config files
[0.697s] Level 1:colcon.colcon_core.shell:create_environment_hook('yellow_ball_finder', 'cmake_prefix_path')
[0.697s] INFO:colcon.colcon_core.shell:Creating environment hook '/home/fourfold/dev/inmind_final_project_test/workspace/install/yellow_ball_finder/share/yellow_ball_finder/hook/cmake_prefix_path.ps1'
[0.698s] INFO:colcon.colcon_core.shell:Creating environment descriptor '/home/fourfold/dev/inmind_final_project_test/workspace/install/yellow_ball_finder/share/yellow_ball_finder/hook/cmake_prefix_path.dsv'
[0.698s] INFO:colcon.colcon_core.shell:Creating environment hook '/home/fourfold/dev/inmind_final_project_test/workspace/install/yellow_ball_finder/share/yellow_ball_finder/hook/cmake_prefix_path.sh'
[0.698s] Level 1:colcon.colcon_core.environment:checking '/home/fourfold/dev/inmind_final_project_test/workspace/install/yellow_ball_finder/lib'
[0.698s] Level 1:colcon.colcon_core.environment:checking '/home/fourfold/dev/inmind_final_project_test/workspace/install/yellow_ball_finder/bin'
[0.698s] Level 1:colcon.colcon_core.environment:checking '/home/fourfold/dev/inmind_final_project_test/workspace/install/yellow_ball_finder/lib/pkgconfig/yellow_ball_finder.pc'
[0.699s] Level 1:colcon.colcon_core.environment:checking '/home/fourfold/dev/inmind_final_project_test/workspace/install/yellow_ball_finder/lib/python3.10/site-packages'
[0.699s] Level 1:colcon.colcon_core.environment:checking '/home/fourfold/dev/inmind_final_project_test/workspace/install/yellow_ball_finder/bin'
[0.699s] INFO:colcon.colcon_core.shell:Creating package script '/home/fourfold/dev/inmind_final_project_test/workspace/install/yellow_ball_finder/share/yellow_ball_finder/package.ps1'
[0.700s] INFO:colcon.colcon_core.shell:Creating package descriptor '/home/fourfold/dev/inmind_final_project_test/workspace/install/yellow_ball_finder/share/yellow_ball_finder/package.dsv'
[0.700s] INFO:colcon.colcon_core.shell:Creating package script '/home/fourfold/dev/inmind_final_project_test/workspace/install/yellow_ball_finder/share/yellow_ball_finder/package.sh'
[0.700s] INFO:colcon.colcon_core.shell:Creating package script '/home/fourfold/dev/inmind_final_project_test/workspace/install/yellow_ball_finder/share/yellow_ball_finder/package.bash'
[0.700s] INFO:colcon.colcon_core.shell:Creating package script '/home/fourfold/dev/inmind_final_project_test/workspace/install/yellow_ball_finder/share/yellow_ball_finder/package.zsh'
[0.700s] Level 1:colcon.colcon_core.environment:create_file_with_runtime_dependencies(/home/fourfold/dev/inmind_final_project_test/workspace/install/yellow_ball_finder/share/colcon-core/packages/yellow_ball_finder)
[6.024s] DEBUG:colcon.colcon_core.event_handler.log_command:Invoked command in '/home/fourfold/dev/inmind_final_project_test/workspace/build/distance_check' returned '0': AMENT_PREFIX_PATH=/home/fourfold/dev/inmind_final_project_test/workspace/install/distance_interfaces:${AMENT_PREFIX_PATH} CMAKE_PREFIX_PATH=/home/fourfold/dev/inmind_final_project_test/workspace/install/distance_interfaces:/home/fourfold/dev/inmind_final_project_test/workspace/install/main:/home/fourfold/dev/inmind_final_project_test/workspace/install/yellow_ball_finder:/home/fourfold/dev/inmind_final_project_test/workspace/install/distance_check:/home/fourfold/dev/inmind_final_project_test/workspace/install/detection_interfaces:/home/fourfold/dev/inmind_final_project_test/workspace/install/basic_navigation:/opt/ros/humble LD_LIBRARY_PATH=/home/fourfold/dev/inmind_final_project_test/workspace/install/distance_interfaces/lib:${LD_LIBRARY_PATH} PYTHONPATH=/home/fourfold/dev/inmind_final_project_test/workspace/install/distance_interfaces/local/lib/python3.10/dist-packages:${PYTHONPATH} /usr/bin/cmake --build /home/fourfold/dev/inmind_final_project_test/workspace/build/distance_check -- -j16 -l16
[6.046s] DEBUG:colcon.colcon_core.event_handler.log_command:Invoking command in '/home/fourfold/dev/inmind_final_project_test/workspace/build/distance_check': AMENT_PREFIX_PATH=/home/fourfold/dev/inmind_final_project_test/workspace/install/distance_interfaces:${AMENT_PREFIX_PATH} CMAKE_PREFIX_PATH=/home/fourfold/dev/inmind_final_project_test/workspace/install/distance_interfaces:/home/fourfold/dev/inmind_final_project_test/workspace/install/main:/home/fourfold/dev/inmind_final_project_test/workspace/install/yellow_ball_finder:/home/fourfold/dev/inmind_final_project_test/workspace/install/distance_check:/home/fourfold/dev/inmind_final_project_test/workspace/install/detection_interfaces:/home/fourfold/dev/inmind_final_project_test/workspace/install/basic_navigation:/opt/ros/humble LD_LIBRARY_PATH=/home/fourfold/dev/inmind_final_project_test/workspace/install/distance_interfaces/lib:${LD_LIBRARY_PATH} PYTHONPATH=/home/fourfold/dev/inmind_final_project_test/workspace/install/distance_interfaces/local/lib/python3.10/dist-packages:${PYTHONPATH} /usr/bin/cmake --install /home/fourfold/dev/inmind_final_project_test/workspace/build/distance_check
[6.058s] Level 1:colcon.colcon_core.environment:create_environment_scripts_only(distance_check)
[6.058s] Level 1:colcon.colcon_core.environment:checking '/home/fourfold/dev/inmind_final_project_test/workspace/install/distance_check' for CMake module files
[6.059s] DEBUG:colcon.colcon_core.event_handler.log_command:Invoked command in '/home/fourfold/dev/inmind_final_project_test/workspace/build/distance_check' returned '0': AMENT_PREFIX_PATH=/home/fourfold/dev/inmind_final_project_test/workspace/install/distance_interfaces:${AMENT_PREFIX_PATH} CMAKE_PREFIX_PATH=/home/fourfold/dev/inmind_final_project_test/workspace/install/distance_interfaces:/home/fourfold/dev/inmind_final_project_test/workspace/install/main:/home/fourfold/dev/inmind_final_project_test/workspace/install/yellow_ball_finder:/home/fourfold/dev/inmind_final_project_test/workspace/install/distance_check:/home/fourfold/dev/inmind_final_project_test/workspace/install/detection_interfaces:/home/fourfold/dev/inmind_final_project_test/workspace/install/basic_navigation:/opt/ros/humble LD_LIBRARY_PATH=/home/fourfold/dev/inmind_final_project_test/workspace/install/distance_interfaces/lib:${LD_LIBRARY_PATH} PYTHONPATH=/home/fourfold/dev/inmind_final_project_test/workspace/install/distance_interfaces/local/lib/python3.10/dist-packages:${PYTHONPATH} /usr/bin/cmake --install /home/fourfold/dev/inmind_final_project_test/workspace/build/distance_check
[6.059s] Level 1:colcon.colcon_core.environment:checking '/home/fourfold/dev/inmind_final_project_test/workspace/install/distance_check' for CMake config files
[6.059s] Level 1:colcon.colcon_core.shell:create_environment_hook('distance_check', 'cmake_prefix_path')
[6.059s] INFO:colcon.colcon_core.shell:Creating environment hook '/home/fourfold/dev/inmind_final_project_test/workspace/install/distance_check/share/distance_check/hook/cmake_prefix_path.ps1'
[6.059s] INFO:colcon.colcon_core.shell:Creating environment descriptor '/home/fourfold/dev/inmind_final_project_test/workspace/install/distance_check/share/distance_check/hook/cmake_prefix_path.dsv'
[6.060s] INFO:colcon.colcon_core.shell:Creating environment hook '/home/fourfold/dev/inmind_final_project_test/workspace/install/distance_check/share/distance_check/hook/cmake_prefix_path.sh'
[6.060s] Level 1:colcon.colcon_core.environment:checking '/home/fourfold/dev/inmind_final_project_test/workspace/install/distance_check/lib'
[6.060s] Level 1:colcon.colcon_core.environment:checking '/home/fourfold/dev/inmind_final_project_test/workspace/install/distance_check/bin'
[6.060s] Level 1:colcon.colcon_core.environment:checking '/home/fourfold/dev/inmind_final_project_test/workspace/install/distance_check/lib/pkgconfig/distance_check.pc'
[6.060s] Level 1:colcon.colcon_core.environment:checking '/home/fourfold/dev/inmind_final_project_test/workspace/install/distance_check/lib/python3.10/site-packages'
[6.060s] Level 1:colcon.colcon_core.environment:checking '/home/fourfold/dev/inmind_final_project_test/workspace/install/distance_check/bin'
[6.061s] INFO:colcon.colcon_core.shell:Creating package script '/home/fourfold/dev/inmind_final_project_test/workspace/install/distance_check/share/distance_check/package.ps1'
[6.061s] INFO:colcon.colcon_core.shell:Creating package descriptor '/home/fourfold/dev/inmind_final_project_test/workspace/install/distance_check/share/distance_check/package.dsv'
[6.061s] INFO:colcon.colcon_core.shell:Creating package script '/home/fourfold/dev/inmind_final_project_test/workspace/install/distance_check/share/distance_check/package.sh'
[6.061s] INFO:colcon.colcon_core.shell:Creating package script '/home/fourfold/dev/inmind_final_project_test/workspace/install/distance_check/share/distance_check/package.bash'
[6.062s] INFO:colcon.colcon_core.shell:Creating package script '/home/fourfold/dev/inmind_final_project_test/workspace/install/distance_check/share/distance_check/package.zsh'
[6.062s] Level 1:colcon.colcon_core.environment:create_file_with_runtime_dependencies(/home/fourfold/dev/inmind_final_project_test/workspace/install/distance_check/share/colcon-core/packages/distance_check)
[6.081s] Level 1:colcon.colcon_core.environment:create_environment_scripts_only(distance_check)
[6.081s] Level 1:colcon.colcon_core.environment:checking '/home/fourfold/dev/inmind_final_project_test/workspace/install/distance_check' for CMake module files
[6.082s] Level 1:colcon.colcon_core.environment:checking '/home/fourfold/dev/inmind_final_project_test/workspace/install/distance_check' for CMake config files
[6.082s] Level 1:colcon.colcon_core.shell:create_environment_hook('distance_check', 'cmake_prefix_path')
[6.082s] INFO:colcon.colcon_core.shell:Creating environment hook '/home/fourfold/dev/inmind_final_project_test/workspace/install/distance_check/share/distance_check/hook/cmake_prefix_path.ps1'
[6.082s] INFO:colcon.colcon_core.shell:Creating environment descriptor '/home/fourfold/dev/inmind_final_project_test/workspace/install/distance_check/share/distance_check/hook/cmake_prefix_path.dsv'
[6.082s] INFO:colcon.colcon_core.shell:Creating environment hook '/home/fourfold/dev/inmind_final_project_test/workspace/install/distance_check/share/distance_check/hook/cmake_prefix_path.sh'
[6.083s] Level 1:colcon.colcon_core.environment:checking '/home/fourfold/dev/inmind_final_project_test/workspace/install/distance_check/lib'
[6.083s] Level 1:colcon.colcon_core.environment:checking '/home/fourfold/dev/inmind_final_project_test/workspace/install/distance_check/bin'
[6.083s] Level 1:colcon.colcon_core.environment:checking '/home/fourfold/dev/inmind_final_project_test/workspace/install/distance_check/lib/pkgconfig/distance_check.pc'
[6.083s] Level 1:colcon.colcon_core.environment:checking '/home/fourfold/dev/inmind_final_project_test/workspace/install/distance_check/lib/python3.10/site-packages'
[6.083s] Level 1:colcon.colcon_core.environment:checking '/home/fourfold/dev/inmind_final_project_test/workspace/install/distance_check/bin'
[6.083s] INFO:colcon.colcon_core.shell:Creating package script '/home/fourfold/dev/inmind_final_project_test/workspace/install/distance_check/share/distance_check/package.ps1'
[6.083s] INFO:colcon.colcon_core.shell:Creating package descriptor '/home/fourfold/dev/inmind_final_project_test/workspace/install/distance_check/share/distance_check/package.dsv'
[6.084s] INFO:colcon.colcon_core.shell:Creating package script '/home/fourfold/dev/inmind_final_project_test/workspace/install/distance_check/share/distance_check/package.sh'
[6.084s] INFO:colcon.colcon_core.shell:Creating package script '/home/fourfold/dev/inmind_final_project_test/workspace/install/distance_check/share/distance_check/package.bash'
[6.084s] INFO:colcon.colcon_core.shell:Creating package script '/home/fourfold/dev/inmind_final_project_test/workspace/install/distance_check/share/distance_check/package.zsh'
[6.084s] Level 1:colcon.colcon_core.environment:create_file_with_runtime_dependencies(/home/fourfold/dev/inmind_final_project_test/workspace/install/distance_check/share/colcon-core/packages/distance_check)
[6.085s] INFO:colcon.colcon_ros.task.ament_cmake.build:Building ROS package in '/home/fourfold/dev/inmind_final_project_test/workspace/src/main/main' with build type 'ament_cmake'
[6.085s] INFO:colcon.colcon_cmake.task.cmake.build:Building CMake package in '/home/fourfold/dev/inmind_final_project_test/workspace/src/main/main'
[6.085s] INFO:colcon.colcon_core.shell:Skip shell extension 'powershell' for command environment: Not usable outside of PowerShell
[6.085s] DEBUG:colcon.colcon_core.shell:Skip shell extension 'dsv' for command environment
[6.100s] DEBUG:colcon.colcon_core.event_handler.log_command:Invoking command in '/home/fourfold/dev/inmind_final_project_test/workspace/build/main': AMENT_PREFIX_PATH=/home/fourfold/dev/inmind_final_project_test/workspace/install/distance_interfaces:${AMENT_PREFIX_PATH} CMAKE_PREFIX_PATH=/home/fourfold/dev/inmind_final_project_test/workspace/install/yellow_ball_finder:/home/fourfold/dev/inmind_final_project_test/workspace/install/distance_check:/home/fourfold/dev/inmind_final_project_test/workspace/install/distance_interfaces:/home/fourfold/dev/inmind_final_project_test/workspace/install/detection_interfaces:/home/fourfold/dev/inmind_final_project_test/workspace/install/basic_navigation:/home/fourfold/dev/inmind_final_project_test/workspace/install/main:/opt/ros/humble LD_LIBRARY_PATH=/home/fourfold/dev/inmind_final_project_test/workspace/install/distance_interfaces/lib:${LD_LIBRARY_PATH} PYTHONPATH=/home/fourfold/dev/inmind_final_project_test/workspace/install/distance_interfaces/local/lib/python3.10/dist-packages:${PYTHONPATH} /usr/bin/cmake --build /home/fourfold/dev/inmind_final_project_test/workspace/build/main -- -j16 -l16
[6.152s] DEBUG:colcon.colcon_core.event_handler.log_command:Invoked command in '/home/fourfold/dev/inmind_final_project_test/workspace/build/main' returned '0': AMENT_PREFIX_PATH=/home/fourfold/dev/inmind_final_project_test/workspace/install/distance_interfaces:${AMENT_PREFIX_PATH} CMAKE_PREFIX_PATH=/home/fourfold/dev/inmind_final_project_test/workspace/install/yellow_ball_finder:/home/fourfold/dev/inmind_final_project_test/workspace/install/distance_check:/home/fourfold/dev/inmind_final_project_test/workspace/install/distance_interfaces:/home/fourfold/dev/inmind_final_project_test/workspace/install/detection_interfaces:/home/fourfold/dev/inmind_final_project_test/workspace/install/basic_navigation:/home/fourfold/dev/inmind_final_project_test/workspace/install/main:/opt/ros/humble LD_LIBRARY_PATH=/home/fourfold/dev/inmind_final_project_test/workspace/install/distance_interfaces/lib:${LD_LIBRARY_PATH} PYTHONPATH=/home/fourfold/dev/inmind_final_project_test/workspace/install/distance_interfaces/local/lib/python3.10/dist-packages:${PYTHONPATH} /usr/bin/cmake --build /home/fourfold/dev/inmind_final_project_test/workspace/build/main -- -j16 -l16
[6.172s] DEBUG:colcon.colcon_core.event_handler.log_command:Invoking command in '/home/fourfold/dev/inmind_final_project_test/workspace/build/main': AMENT_PREFIX_PATH=/home/fourfold/dev/inmind_final_project_test/workspace/install/distance_interfaces:${AMENT_PREFIX_PATH} CMAKE_PREFIX_PATH=/home/fourfold/dev/inmind_final_project_test/workspace/install/yellow_ball_finder:/home/fourfold/dev/inmind_final_project_test/workspace/install/distance_check:/home/fourfold/dev/inmind_final_project_test/workspace/install/distance_interfaces:/home/fourfold/dev/inmind_final_project_test/workspace/install/detection_interfaces:/home/fourfold/dev/inmind_final_project_test/workspace/install/basic_navigation:/home/fourfold/dev/inmind_final_project_test/workspace/install/main:/opt/ros/humble LD_LIBRARY_PATH=/home/fourfold/dev/inmind_final_project_test/workspace/install/distance_interfaces/lib:${LD_LIBRARY_PATH} PYTHONPATH=/home/fourfold/dev/inmind_final_project_test/workspace/install/distance_interfaces/local/lib/python3.10/dist-packages:${PYTHONPATH} /usr/bin/cmake --install /home/fourfold/dev/inmind_final_project_test/workspace/build/main
[6.178s] Level 1:colcon.colcon_core.environment:create_environment_scripts_only(main)
[6.178s] Level 1:colcon.colcon_core.environment:checking '/home/fourfold/dev/inmind_final_project_test/workspace/install/main' for CMake module files
[6.179s] DEBUG:colcon.colcon_core.event_handler.log_command:Invoked command in '/home/fourfold/dev/inmind_final_project_test/workspace/build/main' returned '0': AMENT_PREFIX_PATH=/home/fourfold/dev/inmind_final_project_test/workspace/install/distance_interfaces:${AMENT_PREFIX_PATH} CMAKE_PREFIX_PATH=/home/fourfold/dev/inmind_final_project_test/workspace/install/yellow_ball_finder:/home/fourfold/dev/inmind_final_project_test/workspace/install/distance_check:/home/fourfold/dev/inmind_final_project_test/workspace/install/distance_interfaces:/home/fourfold/dev/inmind_final_project_test/workspace/install/detection_interfaces:/home/fourfold/dev/inmind_final_project_test/workspace/install/basic_navigation:/home/fourfold/dev/inmind_final_project_test/workspace/install/main:/opt/ros/humble LD_LIBRARY_PATH=/home/fourfold/dev/inmind_final_project_test/workspace/install/distance_interfaces/lib:${LD_LIBRARY_PATH} PYTHONPATH=/home/fourfold/dev/inmind_final_project_test/workspace/install/distance_interfaces/local/lib/python3.10/dist-packages:${PYTHONPATH} /usr/bin/cmake --install /home/fourfold/dev/inmind_final_project_test/workspace/build/main
[6.179s] Level 1:colcon.colcon_core.environment:checking '/home/fourfold/dev/inmind_final_project_test/workspace/install/main' for CMake config files
[6.179s] Level 1:colcon.colcon_core.shell:create_environment_hook('main', 'cmake_prefix_path')
[6.179s] INFO:colcon.colcon_core.shell:Creating environment hook '/home/fourfold/dev/inmind_final_project_test/workspace/install/main/share/main/hook/cmake_prefix_path.ps1'
[6.179s] INFO:colcon.colcon_core.shell:Creating environment descriptor '/home/fourfold/dev/inmind_final_project_test/workspace/install/main/share/main/hook/cmake_prefix_path.dsv'
[6.180s] INFO:colcon.colcon_core.shell:Creating environment hook '/home/fourfold/dev/inmind_final_project_test/workspace/install/main/share/main/hook/cmake_prefix_path.sh'
[6.180s] Level 1:colcon.colcon_core.environment:checking '/home/fourfold/dev/inmind_final_project_test/workspace/install/main/lib'
[6.180s] Level 1:colcon.colcon_core.environment:checking '/home/fourfold/dev/inmind_final_project_test/workspace/install/main/bin'
[6.180s] Level 1:colcon.colcon_core.environment:checking '/home/fourfold/dev/inmind_final_project_test/workspace/install/main/lib/pkgconfig/main.pc'
[6.180s] Level 1:colcon.colcon_core.environment:checking '/home/fourfold/dev/inmind_final_project_test/workspace/install/main/lib/python3.10/site-packages'
[6.180s] Level 1:colcon.colcon_core.environment:checking '/home/fourfold/dev/inmind_final_project_test/workspace/install/main/bin'
[6.180s] INFO:colcon.colcon_core.shell:Creating package script '/home/fourfold/dev/inmind_final_project_test/workspace/install/main/share/main/package.ps1'
[6.181s] INFO:colcon.colcon_core.shell:Creating package descriptor '/home/fourfold/dev/inmind_final_project_test/workspace/install/main/share/main/package.dsv'
[6.181s] INFO:colcon.colcon_core.shell:Creating package script '/home/fourfold/dev/inmind_final_project_test/workspace/install/main/share/main/package.sh'
[6.181s] INFO:colcon.colcon_core.shell:Creating package script '/home/fourfold/dev/inmind_final_project_test/workspace/install/main/share/main/package.bash'
[6.181s] INFO:colcon.colcon_core.shell:Creating package script '/home/fourfold/dev/inmind_final_project_test/workspace/install/main/share/main/package.zsh'
[6.181s] Level 1:colcon.colcon_core.environment:create_file_with_runtime_dependencies(/home/fourfold/dev/inmind_final_project_test/workspace/install/main/share/colcon-core/packages/main)
[6.200s] Level 1:colcon.colcon_core.environment:create_environment_scripts_only(main)
[6.200s] Level 1:colcon.colcon_core.environment:checking '/home/fourfold/dev/inmind_final_project_test/workspace/install/main' for CMake module files
[6.201s] Level 1:colcon.colcon_core.environment:checking '/home/fourfold/dev/inmind_final_project_test/workspace/install/main' for CMake config files
[6.201s] Level 1:colcon.colcon_core.shell:create_environment_hook('main', 'cmake_prefix_path')
[6.201s] INFO:colcon.colcon_core.shell:Creating environment hook '/home/fourfold/dev/inmind_final_project_test/workspace/install/main/share/main/hook/cmake_prefix_path.ps1'
[6.201s] INFO:colcon.colcon_core.shell:Creating environment descriptor '/home/fourfold/dev/inmind_final_project_test/workspace/install/main/share/main/hook/cmake_prefix_path.dsv'
[6.201s] INFO:colcon.colcon_core.shell:Creating environment hook '/home/fourfold/dev/inmind_final_project_test/workspace/install/main/share/main/hook/cmake_prefix_path.sh'
[6.202s] Level 1:colcon.colcon_core.environment:checking '/home/fourfold/dev/inmind_final_project_test/workspace/install/main/lib'
[6.202s] Level 1:colcon.colcon_core.environment:checking '/home/fourfold/dev/inmind_final_project_test/workspace/install/main/bin'
[6.202s] Level 1:colcon.colcon_core.environment:checking '/home/fourfold/dev/inmind_final_project_test/workspace/install/main/lib/pkgconfig/main.pc'
[6.202s] Level 1:colcon.colcon_core.environment:checking '/home/fourfold/dev/inmind_final_project_test/workspace/install/main/lib/python3.10/site-packages'
[6.202s] Level 1:colcon.colcon_core.environment:checking '/home/fourfold/dev/inmind_final_project_test/workspace/install/main/bin'
[6.202s] INFO:colcon.colcon_core.shell:Creating package script '/home/fourfold/dev/inmind_final_project_test/workspace/install/main/share/main/package.ps1'
[6.202s] INFO:colcon.colcon_core.shell:Creating package descriptor '/home/fourfold/dev/inmind_final_project_test/workspace/install/main/share/main/package.dsv'
[6.203s] INFO:colcon.colcon_core.shell:Creating package script '/home/fourfold/dev/inmind_final_project_test/workspace/install/main/share/main/package.sh'
[6.203s] INFO:colcon.colcon_core.shell:Creating package script '/home/fourfold/dev/inmind_final_project_test/workspace/install/main/share/main/package.bash'
[6.203s] INFO:colcon.colcon_core.shell:Creating package script '/home/fourfold/dev/inmind_final_project_test/workspace/install/main/share/main/package.zsh'
[6.203s] Level 1:colcon.colcon_core.environment:create_file_with_runtime_dependencies(/home/fourfold/dev/inmind_final_project_test/workspace/install/main/share/colcon-core/packages/main)
[6.203s] DEBUG:colcon.colcon_parallel_executor.executor.parallel:closing loop
[6.203s] DEBUG:colcon.colcon_parallel_executor.executor.parallel:loop closed
[6.203s] DEBUG:colcon.colcon_parallel_executor.executor.parallel:run_until_complete finished with '0'
[6.203s] DEBUG:colcon.colcon_core.event_reactor:joining thread
[6.207s] INFO:colcon.colcon_core.plugin_system:Skipping extension 'colcon_notification.desktop_notification.terminal_notifier': Not used on non-Darwin systems
[6.207s] INFO:colcon.colcon_core.plugin_system:Skipping extension 'colcon_notification.desktop_notification.win32': Not used on non-Windows systems
[6.207s] INFO:colcon.colcon_notification.desktop_notification:Sending desktop notification using 'notify2'
[6.214s] DEBUG:colcon.colcon_core.event_reactor:joined thread
[6.215s] INFO:colcon.colcon_core.shell:Creating prefix script '/home/fourfold/dev/inmind_final_project_test/workspace/install/local_setup.ps1'
[6.215s] INFO:colcon.colcon_core.shell:Creating prefix util module '/home/fourfold/dev/inmind_final_project_test/workspace/install/_local_setup_util_ps1.py'
[6.216s] INFO:colcon.colcon_core.shell:Creating prefix chain script '/home/fourfold/dev/inmind_final_project_test/workspace/install/setup.ps1'
[6.217s] INFO:colcon.colcon_core.shell:Creating prefix script '/home/fourfold/dev/inmind_final_project_test/workspace/install/local_setup.sh'
[6.217s] INFO:colcon.colcon_core.shell:Creating prefix util module '/home/fourfold/dev/inmind_final_project_test/workspace/install/_local_setup_util_sh.py'
[6.217s] INFO:colcon.colcon_core.shell:Creating prefix chain script '/home/fourfold/dev/inmind_final_project_test/workspace/install/setup.sh'
[6.218s] INFO:colcon.colcon_core.shell:Creating prefix script '/home/fourfold/dev/inmind_final_project_test/workspace/install/local_setup.bash'
[6.218s] INFO:colcon.colcon_core.shell:Creating prefix chain script '/home/fourfold/dev/inmind_final_project_test/workspace/install/setup.bash'
[6.218s] INFO:colcon.colcon_core.shell:Creating prefix script '/home/fourfold/dev/inmind_final_project_test/workspace/install/local_setup.zsh'
[6.219s] INFO:colcon.colcon_core.shell:Creating prefix chain script '/home/fourfold/dev/inmind_final_project_test/workspace/install/setup.zsh'
