[0.006s] Invoking command in '/home/fourfold/dev/inmind_final_project_test/workspace/build/yellow_ball_finder': AMENT_PREFIX_PATH=/home/fourfold/dev/inmind_final_project_test/workspace/install/detection_interfaces:${AMENT_PREFIX_PATH} CMAKE_PREFIX_PATH=/home/fourfold/dev/inmind_final_project_test/workspace/install/detection_interfaces:/opt/ros/humble LD_LIBRARY_PATH=/home/fourfold/dev/inmind_final_project_test/workspace/install/detection_interfaces/lib:${LD_LIBRARY_PATH} PYTHONPATH=/home/fourfold/dev/inmind_final_project_test/workspace/install/detection_interfaces/local/lib/python3.10/dist-packages:${PYTHONPATH} /usr/bin/cmake --build /home/fourfold/dev/inmind_final_project_test/workspace/build/yellow_ball_finder -- -j16 -l16
[0.046s] [100%] Built target yellow_ball_action_server
[0.055s] Invoked command in '/home/fourfold/dev/inmind_final_project_test/workspace/build/yellow_ball_finder' returned '0': AMENT_PREFIX_PATH=/home/fourfold/dev/inmind_final_project_test/workspace/install/detection_interfaces:${AMENT_PREFIX_PATH} CMAKE_PREFIX_PATH=/home/fourfold/dev/inmind_final_project_test/workspace/install/detection_interfaces:/opt/ros/humble LD_LIBRARY_PATH=/home/fourfold/dev/inmind_final_project_test/workspace/install/detection_interfaces/lib:${LD_LIBRARY_PATH} PYTHONPATH=/home/fourfold/dev/inmind_final_project_test/workspace/install/detection_interfaces/local/lib/python3.10/dist-packages:${PYTHONPATH} /usr/bin/cmake --build /home/fourfold/dev/inmind_final_project_test/workspace/build/yellow_ball_finder -- -j16 -l16
[0.076s] Invoking command in '/home/fourfold/dev/inmind_final_project_test/workspace/build/yellow_ball_finder': AMENT_PREFIX_PATH=/home/fourfold/dev/inmind_final_project_test/workspace/install/detection_interfaces:${AMENT_PREFIX_PATH} CMAKE_PREFIX_PATH=/home/fourfold/dev/inmind_final_project_test/workspace/install/detection_interfaces:/opt/ros/humble LD_LIBRARY_PATH=/home/fourfold/dev/inmind_final_project_test/workspace/install/detection_interfaces/lib:${LD_LIBRARY_PATH} PYTHONPATH=/home/fourfold/dev/inmind_final_project_test/workspace/install/detection_interfaces/local/lib/python3.10/dist-packages:${PYTHONPATH} /usr/bin/cmake --install /home/fourfold/dev/inmind_final_project_test/workspace/build/yellow_ball_finder
[0.080s] -- Install configuration: ""
[0.080s] -- Up-to-date: /home/fourfold/dev/inmind_final_project_test/workspace/install/yellow_ball_finder/include/
[0.080s] -- Up-to-date: /home/fourfold/dev/inmind_final_project_test/workspace/install/yellow_ball_finder/include//yellow_ball_finder
[0.080s] -- Up-to-date: /home/fourfold/dev/inmind_final_project_test/workspace/install/yellow_ball_finder/include//yellow_ball_finder/yellow_ball_at_center.h
[0.081s] -- Up-to-date: /home/fourfold/dev/inmind_final_project_test/workspace/install/yellow_ball_finder/include//yellow_ball_finder/yellow_ball_on_right.h
[0.081s] -- Up-to-date: /home/fourfold/dev/inmind_final_project_test/workspace/install/yellow_ball_finder/include//yellow_ball_finder/yellow_ball_on_left.h
[0.081s] -- Up-to-date: /home/fourfold/dev/inmind_final_project_test/workspace/install/yellow_ball_finder/include//yellow_ball_finder/yellow_ball_action_server.h
[0.081s] -- Up-to-date: /home/fourfold/dev/inmind_final_project_test/workspace/install/yellow_ball_finder/include//yellow_ball_finder/find_yellow_ball.h
[0.081s] -- Up-to-date: /home/fourfold/dev/inmind_final_project_test/workspace/install/yellow_ball_finder/lib/yellow_ball_finder/yellow_ball_action_server
[0.081s] -- Up-to-date: /home/fourfold/dev/inmind_final_project_test/workspace/install/yellow_ball_finder/share/ament_index/resource_index/package_run_dependencies/yellow_ball_finder
[0.081s] -- Up-to-date: /home/fourfold/dev/inmind_final_project_test/workspace/install/yellow_ball_finder/share/ament_index/resource_index/parent_prefix_path/yellow_ball_finder
[0.081s] -- Up-to-date: /home/fourfold/dev/inmind_final_project_test/workspace/install/yellow_ball_finder/share/yellow_ball_finder/environment/ament_prefix_path.sh
[0.081s] -- Up-to-date: /home/fourfold/dev/inmind_final_project_test/workspace/install/yellow_ball_finder/share/yellow_ball_finder/environment/ament_prefix_path.dsv
[0.081s] -- Up-to-date: /home/fourfold/dev/inmind_final_project_test/workspace/install/yellow_ball_finder/share/yellow_ball_finder/environment/path.sh
[0.081s] -- Up-to-date: /home/fourfold/dev/inmind_final_project_test/workspace/install/yellow_ball_finder/share/yellow_ball_finder/environment/path.dsv
[0.081s] -- Up-to-date: /home/fourfold/dev/inmind_final_project_test/workspace/install/yellow_ball_finder/share/yellow_ball_finder/local_setup.bash
[0.081s] -- Up-to-date: /home/fourfold/dev/inmind_final_project_test/workspace/install/yellow_ball_finder/share/yellow_ball_finder/local_setup.sh
[0.081s] -- Up-to-date: /home/fourfold/dev/inmind_final_project_test/workspace/install/yellow_ball_finder/share/yellow_ball_finder/local_setup.zsh
[0.081s] -- Up-to-date: /home/fourfold/dev/inmind_final_project_test/workspace/install/yellow_ball_finder/share/yellow_ball_finder/local_setup.dsv
[0.081s] -- Installing: /home/fourfold/dev/inmind_final_project_test/workspace/install/yellow_ball_finder/share/yellow_ball_finder/package.dsv
[0.081s] -- Up-to-date: /home/fourfold/dev/inmind_final_project_test/workspace/install/yellow_ball_finder/share/ament_index/resource_index/packages/yellow_ball_finder
[0.081s] -- Up-to-date: /home/fourfold/dev/inmind_final_project_test/workspace/install/yellow_ball_finder/share/yellow_ball_finder/cmake/ament_cmake_export_include_directories-extras.cmake
[0.082s] -- Up-to-date: /home/fourfold/dev/inmind_final_project_test/workspace/install/yellow_ball_finder/share/yellow_ball_finder/cmake/yellow_ball_finderConfig.cmake
[0.082s] -- Up-to-date: /home/fourfold/dev/inmind_final_project_test/workspace/install/yellow_ball_finder/share/yellow_ball_finder/cmake/yellow_ball_finderConfig-version.cmake
[0.082s] -- Up-to-date: /home/fourfold/dev/inmind_final_project_test/workspace/install/yellow_ball_finder/share/yellow_ball_finder/package.xml
[0.083s] Invoked command in '/home/fourfold/dev/inmind_final_project_test/workspace/build/yellow_ball_finder' returned '0': AMENT_PREFIX_PATH=/home/fourfold/dev/inmind_final_project_test/workspace/install/detection_interfaces:${AMENT_PREFIX_PATH} CMAKE_PREFIX_PATH=/home/fourfold/dev/inmind_final_project_test/workspace/install/detection_interfaces:/opt/ros/humble LD_LIBRARY_PATH=/home/fourfold/dev/inmind_final_project_test/workspace/install/detection_interfaces/lib:${LD_LIBRARY_PATH} PYTHONPATH=/home/fourfold/dev/inmind_final_project_test/workspace/install/detection_interfaces/local/lib/python3.10/dist-packages:${PYTHONPATH} /usr/bin/cmake --install /home/fourfold/dev/inmind_final_project_test/workspace/build/yellow_ball_finder
