[0.040s] Invoking command in '/home/fourfold/dev/inmind_final_project_test/workspace/build/distance_converter': CMAKE_PREFIX_PATH=${CMAKE_PREFIX_PATH}:/home/fourfold/dev/inmind_final_project_test/workspace/install/yolov8_webcam:/home/fourfold/dev/inmind_final_project_test/workspace/install/object_detector:/opt/ros/humble /usr/bin/cmake --build /home/fourfold/dev/inmind_final_project_test/workspace/build/distance_converter -- -j16 -l16
[0.406s] [35m[1mConsolidate compiler generated dependencies of target distance_converter[0m
[0.406s] [ 50%] [32mBuilding CXX object CMakeFiles/distance_converter.dir/src/distance_converter.cpp.o[0m
[7.131s] [100%] [32m[1mLinking CXX executable distance_converter[0m
[7.461s] [100%] Built target distance_converter
[7.471s] Invoked command in '/home/fourfold/dev/inmind_final_project_test/workspace/build/distance_converter' returned '0': CMAKE_PREFIX_PATH=${CMAKE_PREFIX_PATH}:/home/fourfold/dev/inmind_final_project_test/workspace/install/yolov8_webcam:/home/fourfold/dev/inmind_final_project_test/workspace/install/object_detector:/opt/ros/humble /usr/bin/cmake --build /home/fourfold/dev/inmind_final_project_test/workspace/build/distance_converter -- -j16 -l16
[7.499s] Invoking command in '/home/fourfold/dev/inmind_final_project_test/workspace/build/distance_converter': CMAKE_PREFIX_PATH=${CMAKE_PREFIX_PATH}:/home/fourfold/dev/inmind_final_project_test/workspace/install/yolov8_webcam:/home/fourfold/dev/inmind_final_project_test/workspace/install/object_detector:/opt/ros/humble /usr/bin/cmake --install /home/fourfold/dev/inmind_final_project_test/workspace/build/distance_converter
[7.506s] -- Install configuration: ""
[7.506s] -- Installing: /home/fourfold/dev/inmind_final_project_test/workspace/install/distance_converter/lib/distance_converter/distance_converter
[7.509s] -- Set runtime path of "/home/fourfold/dev/inmind_final_project_test/workspace/install/distance_converter/lib/distance_converter/distance_converter" to ""
[7.509s] -- Up-to-date: /home/fourfold/dev/inmind_final_project_test/workspace/install/distance_converter/share/ament_index/resource_index/package_run_dependencies/distance_converter
[7.509s] -- Up-to-date: /home/fourfold/dev/inmind_final_project_test/workspace/install/distance_converter/share/ament_index/resource_index/parent_prefix_path/distance_converter
[7.509s] -- Up-to-date: /home/fourfold/dev/inmind_final_project_test/workspace/install/distance_converter/share/distance_converter/environment/ament_prefix_path.sh
[7.509s] -- Up-to-date: /home/fourfold/dev/inmind_final_project_test/workspace/install/distance_converter/share/distance_converter/environment/ament_prefix_path.dsv
[7.509s] -- Up-to-date: /home/fourfold/dev/inmind_final_project_test/workspace/install/distance_converter/share/distance_converter/environment/path.sh
[7.509s] -- Up-to-date: /home/fourfold/dev/inmind_final_project_test/workspace/install/distance_converter/share/distance_converter/environment/path.dsv
[7.509s] -- Up-to-date: /home/fourfold/dev/inmind_final_project_test/workspace/install/distance_converter/share/distance_converter/local_setup.bash
[7.509s] -- Up-to-date: /home/fourfold/dev/inmind_final_project_test/workspace/install/distance_converter/share/distance_converter/local_setup.sh
[7.509s] -- Up-to-date: /home/fourfold/dev/inmind_final_project_test/workspace/install/distance_converter/share/distance_converter/local_setup.zsh
[7.509s] -- Up-to-date: /home/fourfold/dev/inmind_final_project_test/workspace/install/distance_converter/share/distance_converter/local_setup.dsv
[7.509s] -- Installing: /home/fourfold/dev/inmind_final_project_test/workspace/install/distance_converter/share/distance_converter/package.dsv
[7.509s] -- Up-to-date: /home/fourfold/dev/inmind_final_project_test/workspace/install/distance_converter/share/ament_index/resource_index/packages/distance_converter
[7.509s] -- Up-to-date: /home/fourfold/dev/inmind_final_project_test/workspace/install/distance_converter/share/distance_converter/cmake/distance_converterConfig.cmake
[7.510s] -- Up-to-date: /home/fourfold/dev/inmind_final_project_test/workspace/install/distance_converter/share/distance_converter/cmake/distance_converterConfig-version.cmake
[7.510s] -- Up-to-date: /home/fourfold/dev/inmind_final_project_test/workspace/install/distance_converter/share/distance_converter/package.xml
[7.512s] Invoked command in '/home/fourfold/dev/inmind_final_project_test/workspace/build/distance_converter' returned '0': CMAKE_PREFIX_PATH=${CMAKE_PREFIX_PATH}:/home/fourfold/dev/inmind_final_project_test/workspace/install/yolov8_webcam:/home/fourfold/dev/inmind_final_project_test/workspace/install/object_detector:/opt/ros/humble /usr/bin/cmake --install /home/fourfold/dev/inmind_final_project_test/workspace/build/distance_converter
