-- The C compiler identification is GNU 11.4.0
-- The CXX compiler identification is GNU 11.4.0
-- Detecting C compiler ABI info
-- Detecting C compiler ABI info - done
-- Check for working C compiler: /usr/bin/cc - skipped
-- Detecting C compile features
-- Detecting C compile features - done
-- Detecting CXX compiler ABI info
-- Detecting CXX compiler ABI info - done
-- Check for working CXX compiler: /usr/bin/c++ - skipped
-- Detecting CXX compile features
-- Detecting CXX compile features - done
-- Found ament_cmake: 1.3.9 (/opt/ros/humble/share/ament_cmake/cmake)
-- Found Python3: /usr/bin/python3 (found version "3.10.12") found components: Interpreter 
-- Found rclcpp: 16.0.9 (/opt/ros/humble/share/rclcpp/cmake)
-- Found rosidl_generator_c: 3.1.5 (/opt/ros/humble/share/rosidl_generator_c/cmake)
-- Found rosidl_adapter: 3.1.5 (/opt/ros/humble/share/rosidl_adapter/cmake)
-- Found rosidl_generator_cpp: 3.1.5 (/opt/ros/humble/share/rosidl_generator_cpp/cmake)
-- Using all available rosidl_typesupport_c: rosidl_typesupport_fastrtps_c;rosidl_typesupport_introspection_c
-- Using all available rosidl_typesupport_cpp: rosidl_typesupport_fastrtps_cpp;rosidl_typesupport_introspection_cpp
-- Found rmw_implementation_cmake: 6.1.2 (/opt/ros/humble/share/rmw_implementation_cmake/cmake)
-- Found rmw_fastrtps_cpp: 6.2.6 (/opt/ros/humble/share/rmw_fastrtps_cpp/cmake)
-- Found OpenSSL: /usr/lib/x86_64-linux-gnu/libcrypto.so (found version "3.0.2")  
-- Found FastRTPS: /opt/ros/humble/include  
-- Using RMW implementation 'rmw_fastrtps_cpp' as default
-- Looking for pthread.h
-- Looking for pthread.h - found
-- Performing Test CMAKE_HAVE_LIBC_PTHREAD
-- Performing Test CMAKE_HAVE_LIBC_PTHREAD - Success
-- Found Threads: TRUE  
-- Found sensor_msgs: 4.2.4 (/opt/ros/humble/share/sensor_msgs/cmake)
-- Found cv_bridge: 3.2.1 (/opt/ros/humble/share/cv_bridge/cmake)
-- Found OpenCV: /usr (found version "4.5.4") 
-- Found rclcpp_action: 16.0.9 (/opt/ros/humble/share/rclcpp_action/cmake)
-- Found detection_interfaces: 0.0.0 (/home/makramgh/Desktop/Pepsi-Bot/workspace/install/detection_interfaces/share/detection_interfaces/cmake)
-- Found ament_lint_auto: 0.12.11 (/opt/ros/humble/share/ament_lint_auto/cmake)
-- Added test 'cppcheck' to perform static code analysis on C / C++ code
-- Configured cppcheck include dirs: /home/makramgh/Desktop/Pepsi-Bot/workspace/src/perception/yellow_ball_finder/include
-- Configured cppcheck exclude dirs and/or files: 
-- Added test 'flake8' to check Python code syntax and style conventions
-- Added test 'lint_cmake' to check CMake code style
-- Added test 'pep257' to check Python code against some of the docstring style conventions in PEP 257
-- Added test 'uncrustify' to check C / C++ code style
-- Configured uncrustify additional arguments: 
-- Added test 'xmllint' to check XML markup files
-- Configuring done
-- Generating done
-- Build files have been written to: /home/makramgh/Desktop/Pepsi-Bot/workspace/build/yellow_ball_finder
[ 50%] [32mBuilding CXX object CMakeFiles/yellow_ball_action_server.dir/src/yellow_ball_action_server.cpp.o[0m
[100%] [32m[1mLinking CXX executable yellow_ball_action_server[0m
[100%] Built target yellow_ball_action_server
-- Install configuration: ""
-- Installing: /home/makramgh/Desktop/Pepsi-Bot/workspace/install/yellow_ball_finder/include/
-- Installing: /home/makramgh/Desktop/Pepsi-Bot/workspace/install/yellow_ball_finder/include//yellow_ball_finder
-- Installing: /home/makramgh/Desktop/Pepsi-Bot/workspace/install/yellow_ball_finder/include//yellow_ball_finder/yellow_ball_at_center.h
-- Installing: /home/makramgh/Desktop/Pepsi-Bot/workspace/install/yellow_ball_finder/include//yellow_ball_finder/find_yellow_ball.h
-- Installing: /home/makramgh/Desktop/Pepsi-Bot/workspace/install/yellow_ball_finder/include//yellow_ball_finder/yellow_ball_on_left.h
-- Installing: /home/makramgh/Desktop/Pepsi-Bot/workspace/install/yellow_ball_finder/include//yellow_ball_finder/yellow_ball_action_server.h
-- Installing: /home/makramgh/Desktop/Pepsi-Bot/workspace/install/yellow_ball_finder/include//yellow_ball_finder/yellow_ball_on_right.h
-- Installing: /home/makramgh/Desktop/Pepsi-Bot/workspace/install/yellow_ball_finder/lib/yellow_ball_finder/yellow_ball_action_server
-- Set runtime path of "/home/makramgh/Desktop/Pepsi-Bot/workspace/install/yellow_ball_finder/lib/yellow_ball_finder/yellow_ball_action_server" to ""
-- Installing: /home/makramgh/Desktop/Pepsi-Bot/workspace/install/yellow_ball_finder/share/ament_index/resource_index/package_run_dependencies/yellow_ball_finder
-- Installing: /home/makramgh/Desktop/Pepsi-Bot/workspace/install/yellow_ball_finder/share/ament_index/resource_index/parent_prefix_path/yellow_ball_finder
-- Installing: /home/makramgh/Desktop/Pepsi-Bot/workspace/install/yellow_ball_finder/share/yellow_ball_finder/environment/ament_prefix_path.sh
-- Installing: /home/makramgh/Desktop/Pepsi-Bot/workspace/install/yellow_ball_finder/share/yellow_ball_finder/environment/ament_prefix_path.dsv
-- Installing: /home/makramgh/Desktop/Pepsi-Bot/workspace/install/yellow_ball_finder/share/yellow_ball_finder/environment/path.sh
-- Installing: /home/makramgh/Desktop/Pepsi-Bot/workspace/install/yellow_ball_finder/share/yellow_ball_finder/environment/path.dsv
-- Installing: /home/makramgh/Desktop/Pepsi-Bot/workspace/install/yellow_ball_finder/share/yellow_ball_finder/local_setup.bash
-- Installing: /home/makramgh/Desktop/Pepsi-Bot/workspace/install/yellow_ball_finder/share/yellow_ball_finder/local_setup.sh
-- Installing: /home/makramgh/Desktop/Pepsi-Bot/workspace/install/yellow_ball_finder/share/yellow_ball_finder/local_setup.zsh
-- Installing: /home/makramgh/Desktop/Pepsi-Bot/workspace/install/yellow_ball_finder/share/yellow_ball_finder/local_setup.dsv
-- Installing: /home/makramgh/Desktop/Pepsi-Bot/workspace/install/yellow_ball_finder/share/yellow_ball_finder/package.dsv
-- Installing: /home/makramgh/Desktop/Pepsi-Bot/workspace/install/yellow_ball_finder/share/ament_index/resource_index/packages/yellow_ball_finder
-- Installing: /home/makramgh/Desktop/Pepsi-Bot/workspace/install/yellow_ball_finder/share/yellow_ball_finder/cmake/ament_cmake_export_include_directories-extras.cmake
-- Installing: /home/makramgh/Desktop/Pepsi-Bot/workspace/install/yellow_ball_finder/share/yellow_ball_finder/cmake/yellow_ball_finderConfig.cmake
-- Installing: /home/makramgh/Desktop/Pepsi-Bot/workspace/install/yellow_ball_finder/share/yellow_ball_finder/cmake/yellow_ball_finderConfig-version.cmake
-- Installing: /home/makramgh/Desktop/Pepsi-Bot/workspace/install/yellow_ball_finder/share/yellow_ball_finder/package.xml
