[0.011s] Invoking command in '/home/makramgh/Desktop/Pepsi-Bot/workspace/build/yellow_ball_finder': AMENT_PREFIX_PATH=/home/makramgh/Desktop/Pepsi-Bot/workspace/install/detection_interfaces:${AMENT_PREFIX_PATH} CMAKE_PREFIX_PATH=/home/makramgh/Desktop/Pepsi-Bot/workspace/install/detection_interfaces:/opt/ros/humble LD_LIBRARY_PATH=/home/makramgh/Desktop/Pepsi-Bot/workspace/install/detection_interfaces/lib:${LD_LIBRARY_PATH} PYTHONPATH=/home/makramgh/Desktop/Pepsi-Bot/workspace/install/detection_interfaces/local/lib/python3.10/dist-packages:${PYTHONPATH} /usr/bin/cmake /home/makramgh/Desktop/Pepsi-Bot/workspace/src/perception/yellow_ball_finder -DCMAKE_INSTALL_PREFIX=/home/makramgh/Desktop/Pepsi-Bot/workspace/install/yellow_ball_finder
[0.069s] -- The C compiler identification is GNU 11.4.0
[0.135s] -- The CXX compiler identification is GNU 11.4.0
[0.144s] -- Detecting C compiler ABI info
[0.216s] -- Detecting C compiler ABI info - done
[0.234s] -- Check for working C compiler: /usr/bin/cc - skipped
[0.234s] -- Detecting C compile features
[0.235s] -- Detecting C compile features - done
[0.241s] -- Detecting CXX compiler ABI info
[0.332s] -- Detecting CXX compiler ABI info - done
[0.350s] -- Check for working CXX compiler: /usr/bin/c++ - skipped
[0.350s] -- Detecting CXX compile features
[0.351s] -- Detecting CXX compile features - done
[0.356s] -- Found ament_cmake: 1.3.9 (/opt/ros/humble/share/ament_cmake/cmake)
[0.566s] -- Found Python3: /usr/bin/python3 (found version "3.10.12") found components: Interpreter 
[0.678s] -- Found rclcpp: 16.0.9 (/opt/ros/humble/share/rclcpp/cmake)
[0.732s] -- Found rosidl_generator_c: 3.1.5 (/opt/ros/humble/share/rosidl_generator_c/cmake)
[0.739s] -- Found rosidl_adapter: 3.1.5 (/opt/ros/humble/share/rosidl_adapter/cmake)
[0.751s] -- Found rosidl_generator_cpp: 3.1.5 (/opt/ros/humble/share/rosidl_generator_cpp/cmake)
[0.769s] -- Using all available rosidl_typesupport_c: rosidl_typesupport_fastrtps_c;rosidl_typesupport_introspection_c
[0.796s] -- Using all available rosidl_typesupport_cpp: rosidl_typesupport_fastrtps_cpp;rosidl_typesupport_introspection_cpp
[0.891s] -- Found rmw_implementation_cmake: 6.1.2 (/opt/ros/humble/share/rmw_implementation_cmake/cmake)
[0.895s] -- Found rmw_fastrtps_cpp: 6.2.6 (/opt/ros/humble/share/rmw_fastrtps_cpp/cmake)
[1.011s] -- Found OpenSSL: /usr/lib/x86_64-linux-gnu/libcrypto.so (found version "3.0.2")  
[1.042s] -- Found FastRTPS: /opt/ros/humble/include  
[1.099s] -- Using RMW implementation 'rmw_fastrtps_cpp' as default
[1.111s] -- Looking for pthread.h
[1.189s] -- Looking for pthread.h - found
[1.190s] -- Performing Test CMAKE_HAVE_LIBC_PTHREAD
[1.271s] -- Performing Test CMAKE_HAVE_LIBC_PTHREAD - Success
[1.273s] -- Found Threads: TRUE  
[1.528s] -- Found sensor_msgs: 4.2.4 (/opt/ros/humble/share/sensor_msgs/cmake)
[1.720s] -- Found cv_bridge: 3.2.1 (/opt/ros/humble/share/cv_bridge/cmake)
[1.749s] -- Found OpenCV: /usr (found version "4.5.4") 
[1.751s] -- Found rclcpp_action: 16.0.9 (/opt/ros/humble/share/rclcpp_action/cmake)
[1.896s] -- Found detection_interfaces: 0.0.0 (/home/makramgh/Desktop/Pepsi-Bot/workspace/install/detection_interfaces/share/detection_interfaces/cmake)
[2.001s] -- Found ament_lint_auto: 0.12.11 (/opt/ros/humble/share/ament_lint_auto/cmake)
[2.107s] -- Added test 'cppcheck' to perform static code analysis on C / C++ code
[2.107s] -- Configured cppcheck include dirs: /home/makramgh/Desktop/Pepsi-Bot/workspace/src/perception/yellow_ball_finder/include
[2.107s] -- Configured cppcheck exclude dirs and/or files: 
[2.109s] -- Added test 'flake8' to check Python code syntax and style conventions
[2.111s] -- Added test 'lint_cmake' to check CMake code style
[2.113s] -- Added test 'pep257' to check Python code against some of the docstring style conventions in PEP 257
[2.122s] -- Added test 'uncrustify' to check C / C++ code style
[2.122s] -- Configured uncrustify additional arguments: 
[2.124s] -- Added test 'xmllint' to check XML markup files
[2.126s] -- Configuring done
[2.148s] -- Generating done
[2.150s] -- Build files have been written to: /home/makramgh/Desktop/Pepsi-Bot/workspace/build/yellow_ball_finder
[2.161s] Invoked command in '/home/makramgh/Desktop/Pepsi-Bot/workspace/build/yellow_ball_finder' returned '0': AMENT_PREFIX_PATH=/home/makramgh/Desktop/Pepsi-Bot/workspace/install/detection_interfaces:${AMENT_PREFIX_PATH} CMAKE_PREFIX_PATH=/home/makramgh/Desktop/Pepsi-Bot/workspace/install/detection_interfaces:/opt/ros/humble LD_LIBRARY_PATH=/home/makramgh/Desktop/Pepsi-Bot/workspace/install/detection_interfaces/lib:${LD_LIBRARY_PATH} PYTHONPATH=/home/makramgh/Desktop/Pepsi-Bot/workspace/install/detection_interfaces/local/lib/python3.10/dist-packages:${PYTHONPATH} /usr/bin/cmake /home/makramgh/Desktop/Pepsi-Bot/workspace/src/perception/yellow_ball_finder -DCMAKE_INSTALL_PREFIX=/home/makramgh/Desktop/Pepsi-Bot/workspace/install/yellow_ball_finder
[2.163s] Invoking command in '/home/makramgh/Desktop/Pepsi-Bot/workspace/build/yellow_ball_finder': AMENT_PREFIX_PATH=/home/makramgh/Desktop/Pepsi-Bot/workspace/install/detection_interfaces:${AMENT_PREFIX_PATH} CMAKE_PREFIX_PATH=/home/makramgh/Desktop/Pepsi-Bot/workspace/install/detection_interfaces:/opt/ros/humble LD_LIBRARY_PATH=/home/makramgh/Desktop/Pepsi-Bot/workspace/install/detection_interfaces/lib:${LD_LIBRARY_PATH} PYTHONPATH=/home/makramgh/Desktop/Pepsi-Bot/workspace/install/detection_interfaces/local/lib/python3.10/dist-packages:${PYTHONPATH} /usr/bin/cmake --build /home/makramgh/Desktop/Pepsi-Bot/workspace/build/yellow_ball_finder -- -j12 -l12
[2.216s] [ 50%] [32mBuilding CXX object CMakeFiles/yellow_ball_action_server.dir/src/yellow_ball_action_server.cpp.o[0m
[14.865s] [100%] [32m[1mLinking CXX executable yellow_ball_action_server[0m
[15.711s] [100%] Built target yellow_ball_action_server
[15.722s] Invoked command in '/home/makramgh/Desktop/Pepsi-Bot/workspace/build/yellow_ball_finder' returned '0': AMENT_PREFIX_PATH=/home/makramgh/Desktop/Pepsi-Bot/workspace/install/detection_interfaces:${AMENT_PREFIX_PATH} CMAKE_PREFIX_PATH=/home/makramgh/Desktop/Pepsi-Bot/workspace/install/detection_interfaces:/opt/ros/humble LD_LIBRARY_PATH=/home/makramgh/Desktop/Pepsi-Bot/workspace/install/detection_interfaces/lib:${LD_LIBRARY_PATH} PYTHONPATH=/home/makramgh/Desktop/Pepsi-Bot/workspace/install/detection_interfaces/local/lib/python3.10/dist-packages:${PYTHONPATH} /usr/bin/cmake --build /home/makramgh/Desktop/Pepsi-Bot/workspace/build/yellow_ball_finder -- -j12 -l12
[15.748s] Invoking command in '/home/makramgh/Desktop/Pepsi-Bot/workspace/build/yellow_ball_finder': AMENT_PREFIX_PATH=/home/makramgh/Desktop/Pepsi-Bot/workspace/install/detection_interfaces:${AMENT_PREFIX_PATH} CMAKE_PREFIX_PATH=/home/makramgh/Desktop/Pepsi-Bot/workspace/install/detection_interfaces:/opt/ros/humble LD_LIBRARY_PATH=/home/makramgh/Desktop/Pepsi-Bot/workspace/install/detection_interfaces/lib:${LD_LIBRARY_PATH} PYTHONPATH=/home/makramgh/Desktop/Pepsi-Bot/workspace/install/detection_interfaces/local/lib/python3.10/dist-packages:${PYTHONPATH} /usr/bin/cmake --install /home/makramgh/Desktop/Pepsi-Bot/workspace/build/yellow_ball_finder
[15.755s] -- Install configuration: ""
[15.755s] -- Installing: /home/makramgh/Desktop/Pepsi-Bot/workspace/install/yellow_ball_finder/include/
[15.755s] -- Installing: /home/makramgh/Desktop/Pepsi-Bot/workspace/install/yellow_ball_finder/include//yellow_ball_finder
[15.755s] -- Installing: /home/makramgh/Desktop/Pepsi-Bot/workspace/install/yellow_ball_finder/include//yellow_ball_finder/yellow_ball_at_center.h
[15.756s] -- Installing: /home/makramgh/Desktop/Pepsi-Bot/workspace/install/yellow_ball_finder/include//yellow_ball_finder/find_yellow_ball.h
[15.756s] -- Installing: /home/makramgh/Desktop/Pepsi-Bot/workspace/install/yellow_ball_finder/include//yellow_ball_finder/yellow_ball_on_left.h
[15.756s] -- Installing: /home/makramgh/Desktop/Pepsi-Bot/workspace/install/yellow_ball_finder/include//yellow_ball_finder/yellow_ball_action_server.h
[15.756s] -- Installing: /home/makramgh/Desktop/Pepsi-Bot/workspace/install/yellow_ball_finder/include//yellow_ball_finder/yellow_ball_on_right.h
[15.756s] -- Installing: /home/makramgh/Desktop/Pepsi-Bot/workspace/install/yellow_ball_finder/lib/yellow_ball_finder/yellow_ball_action_server
[15.759s] -- Set runtime path of "/home/makramgh/Desktop/Pepsi-Bot/workspace/install/yellow_ball_finder/lib/yellow_ball_finder/yellow_ball_action_server" to ""
[15.759s] -- Installing: /home/makramgh/Desktop/Pepsi-Bot/workspace/install/yellow_ball_finder/share/ament_index/resource_index/package_run_dependencies/yellow_ball_finder
[15.760s] -- Installing: /home/makramgh/Desktop/Pepsi-Bot/workspace/install/yellow_ball_finder/share/ament_index/resource_index/parent_prefix_path/yellow_ball_finder
[15.760s] -- Installing: /home/makramgh/Desktop/Pepsi-Bot/workspace/install/yellow_ball_finder/share/yellow_ball_finder/environment/ament_prefix_path.sh
[15.760s] -- Installing: /home/makramgh/Desktop/Pepsi-Bot/workspace/install/yellow_ball_finder/share/yellow_ball_finder/environment/ament_prefix_path.dsv
[15.760s] -- Installing: /home/makramgh/Desktop/Pepsi-Bot/workspace/install/yellow_ball_finder/share/yellow_ball_finder/environment/path.sh
[15.760s] -- Installing: /home/makramgh/Desktop/Pepsi-Bot/workspace/install/yellow_ball_finder/share/yellow_ball_finder/environment/path.dsv
[15.760s] -- Installing: /home/makramgh/Desktop/Pepsi-Bot/workspace/install/yellow_ball_finder/share/yellow_ball_finder/local_setup.bash
[15.761s] -- Installing: /home/makramgh/Desktop/Pepsi-Bot/workspace/install/yellow_ball_finder/share/yellow_ball_finder/local_setup.sh
[15.761s] -- Installing: /home/makramgh/Desktop/Pepsi-Bot/workspace/install/yellow_ball_finder/share/yellow_ball_finder/local_setup.zsh
[15.761s] -- Installing: /home/makramgh/Desktop/Pepsi-Bot/workspace/install/yellow_ball_finder/share/yellow_ball_finder/local_setup.dsv
[15.761s] -- Installing: /home/makramgh/Desktop/Pepsi-Bot/workspace/install/yellow_ball_finder/share/yellow_ball_finder/package.dsv
[15.761s] -- Installing: /home/makramgh/Desktop/Pepsi-Bot/workspace/install/yellow_ball_finder/share/ament_index/resource_index/packages/yellow_ball_finder
[15.761s] -- Installing: /home/makramgh/Desktop/Pepsi-Bot/workspace/install/yellow_ball_finder/share/yellow_ball_finder/cmake/ament_cmake_export_include_directories-extras.cmake
[15.762s] -- Installing: /home/makramgh/Desktop/Pepsi-Bot/workspace/install/yellow_ball_finder/share/yellow_ball_finder/cmake/yellow_ball_finderConfig.cmake
[15.762s] -- Installing: /home/makramgh/Desktop/Pepsi-Bot/workspace/install/yellow_ball_finder/share/yellow_ball_finder/cmake/yellow_ball_finderConfig-version.cmake
[15.762s] -- Installing: /home/makramgh/Desktop/Pepsi-Bot/workspace/install/yellow_ball_finder/share/yellow_ball_finder/package.xml
[15.764s] Invoked command in '/home/makramgh/Desktop/Pepsi-Bot/workspace/build/yellow_ball_finder' returned '0': AMENT_PREFIX_PATH=/home/makramgh/Desktop/Pepsi-Bot/workspace/install/detection_interfaces:${AMENT_PREFIX_PATH} CMAKE_PREFIX_PATH=/home/makramgh/Desktop/Pepsi-Bot/workspace/install/detection_interfaces:/opt/ros/humble LD_LIBRARY_PATH=/home/makramgh/Desktop/Pepsi-Bot/workspace/install/detection_interfaces/lib:${LD_LIBRARY_PATH} PYTHONPATH=/home/makramgh/Desktop/Pepsi-Bot/workspace/install/detection_interfaces/local/lib/python3.10/dist-packages:${PYTHONPATH} /usr/bin/cmake --install /home/makramgh/Desktop/Pepsi-Bot/workspace/build/yellow_ball_finder
