[0.553s] Invoking command in '/home/fourfold/dev/inmind_final_project_test/workspace/src/perception/object_detector': PYTHONPATH=/home/fourfold/dev/inmind_final_project_test/workspace/build/object_detector/prefix_override:/usr/lib/python3/dist-packages/colcon_core/task/python/colcon_distutils_commands:/home/fourfold/dev/inmind_final_project_test/workspace/install/object_detector/lib/python3.10/site-packages:${PYTHONPATH} /usr/bin/python3 -W ignore:setup.py install is deprecated setup.py egg_info --egg-base ../../../build/object_detector build --build-base /home/fourfold/dev/inmind_final_project_test/workspace/build/object_detector/build install --record /home/fourfold/dev/inmind_final_project_test/workspace/build/object_detector/install.log --single-version-externally-managed install_data
[0.683s] running egg_info
[0.684s] creating ../../../build/object_detector/object_detector.egg-info
[0.684s] writing ../../../build/object_detector/object_detector.egg-info/PKG-INFO
[0.684s] writing dependency_links to ../../../build/object_detector/object_detector.egg-info/dependency_links.txt
[0.684s] writing entry points to ../../../build/object_detector/object_detector.egg-info/entry_points.txt
[0.684s] writing requirements to ../../../build/object_detector/object_detector.egg-info/requires.txt
[0.685s] writing top-level names to ../../../build/object_detector/object_detector.egg-info/top_level.txt
[0.685s] writing manifest file '../../../build/object_detector/object_detector.egg-info/SOURCES.txt'
[0.685s] reading manifest file '../../../build/object_detector/object_detector.egg-info/SOURCES.txt'
[0.685s] writing manifest file '../../../build/object_detector/object_detector.egg-info/SOURCES.txt'
[0.685s] running build
[0.685s] running build_py
[0.685s] creating /home/fourfold/dev/inmind_final_project_test/workspace/build/object_detector/build
[0.685s] creating /home/fourfold/dev/inmind_final_project_test/workspace/build/object_detector/build/lib
[0.686s] creating /home/fourfold/dev/inmind_final_project_test/workspace/build/object_detector/build/lib/object_detector
[0.686s] copying object_detector/object_detector.py -> /home/fourfold/dev/inmind_final_project_test/workspace/build/object_detector/build/lib/object_detector
[0.686s] copying object_detector/__init__.py -> /home/fourfold/dev/inmind_final_project_test/workspace/build/object_detector/build/lib/object_detector
[0.686s] running install
[0.686s] running install_lib
[0.686s] creating /home/fourfold/dev/inmind_final_project_test/workspace/install/object_detector/lib/python3.10/site-packages/object_detector
[0.686s] copying /home/fourfold/dev/inmind_final_project_test/workspace/build/object_detector/build/lib/object_detector/object_detector.py -> /home/fourfold/dev/inmind_final_project_test/workspace/install/object_detector/lib/python3.10/site-packages/object_detector
[0.686s] copying /home/fourfold/dev/inmind_final_project_test/workspace/build/object_detector/build/lib/object_detector/__init__.py -> /home/fourfold/dev/inmind_final_project_test/workspace/install/object_detector/lib/python3.10/site-packages/object_detector
[0.687s] byte-compiling /home/fourfold/dev/inmind_final_project_test/workspace/install/object_detector/lib/python3.10/site-packages/object_detector/object_detector.py to object_detector.cpython-310.pyc
[0.687s] byte-compiling /home/fourfold/dev/inmind_final_project_test/workspace/install/object_detector/lib/python3.10/site-packages/object_detector/__init__.py to __init__.cpython-310.pyc
[0.687s] running install_data
[0.687s] creating /home/fourfold/dev/inmind_final_project_test/workspace/install/object_detector/share/ament_index
[0.687s] creating /home/fourfold/dev/inmind_final_project_test/workspace/install/object_detector/share/ament_index/resource_index
[0.687s] creating /home/fourfold/dev/inmind_final_project_test/workspace/install/object_detector/share/ament_index/resource_index/packages
[0.687s] copying resource/object_detector -> /home/fourfold/dev/inmind_final_project_test/workspace/install/object_detector/share/ament_index/resource_index/packages
[0.687s] copying package.xml -> /home/fourfold/dev/inmind_final_project_test/workspace/install/object_detector/share/object_detector
[0.687s] running install_egg_info
[0.689s] Copying ../../../build/object_detector/object_detector.egg-info to /home/fourfold/dev/inmind_final_project_test/workspace/install/object_detector/lib/python3.10/site-packages/object_detector-0.0.0-py3.10.egg-info
[0.689s] running install_scripts
[0.702s] Installing object_detector script to /home/fourfold/dev/inmind_final_project_test/workspace/install/object_detector/lib/object_detector
[0.702s] writing list of installed files to '/home/fourfold/dev/inmind_final_project_test/workspace/build/object_detector/install.log'
[0.718s] Invoked command in '/home/fourfold/dev/inmind_final_project_test/workspace/src/perception/object_detector' returned '0': PYTHONPATH=/home/fourfold/dev/inmind_final_project_test/workspace/build/object_detector/prefix_override:/usr/lib/python3/dist-packages/colcon_core/task/python/colcon_distutils_commands:/home/fourfold/dev/inmind_final_project_test/workspace/install/object_detector/lib/python3.10/site-packages:${PYTHONPATH} /usr/bin/python3 -W ignore:setup.py install is deprecated setup.py egg_info --egg-base ../../../build/object_detector build --build-base /home/fourfold/dev/inmind_final_project_test/workspace/build/object_detector/build install --record /home/fourfold/dev/inmind_final_project_test/workspace/build/object_detector/install.log --single-version-externally-managed install_data
