[0.230s] Invoking command in '/home/fourfold/dev/inmind_final_project_test/workspace/build/robot_hardware_interfaces': CMAKE_PREFIX_PATH=${CMAKE_PREFIX_PATH}:/home/fourfold/dev/inmind_final_project_test/workspace/install/yolov8_webcam:/home/fourfold/dev/inmind_final_project_test/workspace/install/object_detector:/opt/ros/humble /usr/bin/cmake --build /home/fourfold/dev/inmind_final_project_test/workspace/build/robot_hardware_interfaces -- -j16 -l16
[0.276s] [  3%] Built target robot_hardware_interfaces__cpp
[0.277s] [ 12%] Built target robot_hardware_interfaces__rosidl_generator_c
[0.286s] [ 12%] Built target ament_cmake_python_copy_robot_hardware_interfaces
[0.297s] [ 32%] Built target robot_hardware_interfaces__rosidl_typesupport_introspection_cpp
[0.297s] [ 32%] Built target robot_hardware_interfaces__rosidl_typesupport_fastrtps_c
[0.299s] [ 41%] Built target robot_hardware_interfaces__rosidl_typesupport_cpp
[0.299s] [ 51%] Built target robot_hardware_interfaces__rosidl_typesupport_c
[0.299s] [ 61%] Built target robot_hardware_interfaces__rosidl_typesupport_introspection_c
[0.299s] [ 70%] Built target robot_hardware_interfaces__rosidl_typesupport_fastrtps_cpp
[0.314s] [ 70%] Built target robot_hardware_interfaces
[0.334s] [ 74%] Built target robot_hardware_interfaces__py
[0.352s] [ 80%] Built target robot_hardware_interfaces__rosidl_generator_py
[0.368s] [ 87%] Built target robot_hardware_interfaces__rosidl_typesupport_c__pyext
[0.372s] [ 93%] Built target robot_hardware_interfaces__rosidl_typesupport_fastrtps_c__pyext
[0.372s] [100%] Built target robot_hardware_interfaces__rosidl_typesupport_introspection_c__pyext
[0.450s] running egg_info
[0.451s] writing robot_hardware_interfaces.egg-info/PKG-INFO
[0.451s] writing dependency_links to robot_hardware_interfaces.egg-info/dependency_links.txt
[0.451s] writing top-level names to robot_hardware_interfaces.egg-info/top_level.txt
[0.453s] reading manifest file 'robot_hardware_interfaces.egg-info/SOURCES.txt'
[0.453s] writing manifest file 'robot_hardware_interfaces.egg-info/SOURCES.txt'
[0.477s] [100%] Built target ament_cmake_python_build_robot_hardware_interfaces_egg
[0.498s] Invoked command in '/home/fourfold/dev/inmind_final_project_test/workspace/build/robot_hardware_interfaces' returned '0': CMAKE_PREFIX_PATH=${CMAKE_PREFIX_PATH}:/home/fourfold/dev/inmind_final_project_test/workspace/install/yolov8_webcam:/home/fourfold/dev/inmind_final_project_test/workspace/install/object_detector:/opt/ros/humble /usr/bin/cmake --build /home/fourfold/dev/inmind_final_project_test/workspace/build/robot_hardware_interfaces -- -j16 -l16
[0.545s] Invoking command in '/home/fourfold/dev/inmind_final_project_test/workspace/build/robot_hardware_interfaces': CMAKE_PREFIX_PATH=${CMAKE_PREFIX_PATH}:/home/fourfold/dev/inmind_final_project_test/workspace/install/yolov8_webcam:/home/fourfold/dev/inmind_final_project_test/workspace/install/object_detector:/opt/ros/humble /usr/bin/cmake --install /home/fourfold/dev/inmind_final_project_test/workspace/build/robot_hardware_interfaces
[0.554s] -- Install configuration: ""
[0.554s] -- Up-to-date: /home/fourfold/dev/inmind_final_project_test/workspace/install/robot_hardware_interfaces/share/ament_index/resource_index/rosidl_interfaces/robot_hardware_interfaces
[0.554s] -- Up-to-date: /home/fourfold/dev/inmind_final_project_test/workspace/install/robot_hardware_interfaces/include/robot_hardware_interfaces/robot_hardware_interfaces
[0.554s] -- Up-to-date: /home/fourfold/dev/inmind_final_project_test/workspace/install/robot_hardware_interfaces/include/robot_hardware_interfaces/robot_hardware_interfaces/msg
[0.554s] -- Up-to-date: /home/fourfold/dev/inmind_final_project_test/workspace/install/robot_hardware_interfaces/include/robot_hardware_interfaces/robot_hardware_interfaces/msg/rosidl_generator_c__visibility_control.h
[0.554s] -- Up-to-date: /home/fourfold/dev/inmind_final_project_test/workspace/install/robot_hardware_interfaces/include/robot_hardware_interfaces/robot_hardware_interfaces/action
[0.555s] -- Up-to-date: /home/fourfold/dev/inmind_final_project_test/workspace/install/robot_hardware_interfaces/include/robot_hardware_interfaces/robot_hardware_interfaces/action/detail
[0.555s] -- Up-to-date: /home/fourfold/dev/inmind_final_project_test/workspace/install/robot_hardware_interfaces/include/robot_hardware_interfaces/robot_hardware_interfaces/action/detail/gripper_action__struct.h
[0.555s] -- Up-to-date: /home/fourfold/dev/inmind_final_project_test/workspace/install/robot_hardware_interfaces/include/robot_hardware_interfaces/robot_hardware_interfaces/action/detail/gripper_action__functions.c
[0.555s] -- Up-to-date: /home/fourfold/dev/inmind_final_project_test/workspace/install/robot_hardware_interfaces/include/robot_hardware_interfaces/robot_hardware_interfaces/action/detail/gripper_action__functions.h
[0.555s] -- Up-to-date: /home/fourfold/dev/inmind_final_project_test/workspace/install/robot_hardware_interfaces/include/robot_hardware_interfaces/robot_hardware_interfaces/action/detail/gripper_action__type_support.h
[0.555s] -- Up-to-date: /home/fourfold/dev/inmind_final_project_test/workspace/install/robot_hardware_interfaces/include/robot_hardware_interfaces/robot_hardware_interfaces/action/gripper_action.h
[0.555s] -- Up-to-date: /home/fourfold/dev/inmind_final_project_test/workspace/install/robot_hardware_interfaces/share/robot_hardware_interfaces/environment/library_path.sh
[0.555s] -- Up-to-date: /home/fourfold/dev/inmind_final_project_test/workspace/install/robot_hardware_interfaces/share/robot_hardware_interfaces/environment/library_path.dsv
[0.555s] -- Up-to-date: /home/fourfold/dev/inmind_final_project_test/workspace/install/robot_hardware_interfaces/lib/librobot_hardware_interfaces__rosidl_generator_c.so
[0.555s] -- Up-to-date: /home/fourfold/dev/inmind_final_project_test/workspace/install/robot_hardware_interfaces/include/robot_hardware_interfaces/robot_hardware_interfaces
[0.555s] -- Up-to-date: /home/fourfold/dev/inmind_final_project_test/workspace/install/robot_hardware_interfaces/include/robot_hardware_interfaces/robot_hardware_interfaces/msg
[0.555s] -- Up-to-date: /home/fourfold/dev/inmind_final_project_test/workspace/install/robot_hardware_interfaces/include/robot_hardware_interfaces/robot_hardware_interfaces/msg/rosidl_typesupport_fastrtps_c__visibility_control.h
[0.555s] -- Up-to-date: /home/fourfold/dev/inmind_final_project_test/workspace/install/robot_hardware_interfaces/include/robot_hardware_interfaces/robot_hardware_interfaces/action
[0.555s] -- Up-to-date: /home/fourfold/dev/inmind_final_project_test/workspace/install/robot_hardware_interfaces/include/robot_hardware_interfaces/robot_hardware_interfaces/action/detail
[0.555s] -- Up-to-date: /home/fourfold/dev/inmind_final_project_test/workspace/install/robot_hardware_interfaces/include/robot_hardware_interfaces/robot_hardware_interfaces/action/detail/gripper_action__rosidl_typesupport_fastrtps_c.h
[0.555s] -- Up-to-date: /home/fourfold/dev/inmind_final_project_test/workspace/install/robot_hardware_interfaces/lib/librobot_hardware_interfaces__rosidl_typesupport_fastrtps_c.so
[0.555s] -- Up-to-date: /home/fourfold/dev/inmind_final_project_test/workspace/install/robot_hardware_interfaces/include/robot_hardware_interfaces/robot_hardware_interfaces
[0.556s] -- Up-to-date: /home/fourfold/dev/inmind_final_project_test/workspace/install/robot_hardware_interfaces/include/robot_hardware_interfaces/robot_hardware_interfaces/action
[0.556s] -- Up-to-date: /home/fourfold/dev/inmind_final_project_test/workspace/install/robot_hardware_interfaces/include/robot_hardware_interfaces/robot_hardware_interfaces/action/gripper_action.hpp
[0.556s] -- Up-to-date: /home/fourfold/dev/inmind_final_project_test/workspace/install/robot_hardware_interfaces/include/robot_hardware_interfaces/robot_hardware_interfaces/action/detail
[0.556s] -- Up-to-date: /home/fourfold/dev/inmind_final_project_test/workspace/install/robot_hardware_interfaces/include/robot_hardware_interfaces/robot_hardware_interfaces/action/detail/gripper_action__traits.hpp
[0.556s] -- Up-to-date: /home/fourfold/dev/inmind_final_project_test/workspace/install/robot_hardware_interfaces/include/robot_hardware_interfaces/robot_hardware_interfaces/action/detail/gripper_action__struct.hpp
[0.556s] -- Up-to-date: /home/fourfold/dev/inmind_final_project_test/workspace/install/robot_hardware_interfaces/include/robot_hardware_interfaces/robot_hardware_interfaces/action/detail/gripper_action__builder.hpp
[0.556s] -- Up-to-date: /home/fourfold/dev/inmind_final_project_test/workspace/install/robot_hardware_interfaces/include/robot_hardware_interfaces/robot_hardware_interfaces
[0.556s] -- Up-to-date: /home/fourfold/dev/inmind_final_project_test/workspace/install/robot_hardware_interfaces/include/robot_hardware_interfaces/robot_hardware_interfaces/msg
[0.556s] -- Up-to-date: /home/fourfold/dev/inmind_final_project_test/workspace/install/robot_hardware_interfaces/include/robot_hardware_interfaces/robot_hardware_interfaces/msg/rosidl_typesupport_fastrtps_cpp__visibility_control.h
[0.556s] -- Up-to-date: /home/fourfold/dev/inmind_final_project_test/workspace/install/robot_hardware_interfaces/include/robot_hardware_interfaces/robot_hardware_interfaces/action
[0.556s] -- Up-to-date: /home/fourfold/dev/inmind_final_project_test/workspace/install/robot_hardware_interfaces/include/robot_hardware_interfaces/robot_hardware_interfaces/action/detail
[0.556s] -- Up-to-date: /home/fourfold/dev/inmind_final_project_test/workspace/install/robot_hardware_interfaces/include/robot_hardware_interfaces/robot_hardware_interfaces/action/detail/gripper_action__rosidl_typesupport_fastrtps_cpp.hpp
[0.556s] -- Up-to-date: /home/fourfold/dev/inmind_final_project_test/workspace/install/robot_hardware_interfaces/include/robot_hardware_interfaces/robot_hardware_interfaces/action/detail/dds_fastrtps
[0.556s] -- Up-to-date: /home/fourfold/dev/inmind_final_project_test/workspace/install/robot_hardware_interfaces/lib/librobot_hardware_interfaces__rosidl_typesupport_fastrtps_cpp.so
[0.556s] -- Up-to-date: /home/fourfold/dev/inmind_final_project_test/workspace/install/robot_hardware_interfaces/include/robot_hardware_interfaces/robot_hardware_interfaces
[0.556s] -- Up-to-date: /home/fourfold/dev/inmind_final_project_test/workspace/install/robot_hardware_interfaces/include/robot_hardware_interfaces/robot_hardware_interfaces/msg
[0.556s] -- Up-to-date: /home/fourfold/dev/inmind_final_project_test/workspace/install/robot_hardware_interfaces/include/robot_hardware_interfaces/robot_hardware_interfaces/msg/rosidl_typesupport_introspection_c__visibility_control.h
[0.556s] -- Up-to-date: /home/fourfold/dev/inmind_final_project_test/workspace/install/robot_hardware_interfaces/include/robot_hardware_interfaces/robot_hardware_interfaces/action
[0.556s] -- Up-to-date: /home/fourfold/dev/inmind_final_project_test/workspace/install/robot_hardware_interfaces/include/robot_hardware_interfaces/robot_hardware_interfaces/action/detail
[0.556s] -- Up-to-date: /home/fourfold/dev/inmind_final_project_test/workspace/install/robot_hardware_interfaces/include/robot_hardware_interfaces/robot_hardware_interfaces/action/detail/gripper_action__type_support.c
[0.556s] -- Up-to-date: /home/fourfold/dev/inmind_final_project_test/workspace/install/robot_hardware_interfaces/include/robot_hardware_interfaces/robot_hardware_interfaces/action/detail/gripper_action__rosidl_typesupport_introspection_c.h
[0.556s] -- Up-to-date: /home/fourfold/dev/inmind_final_project_test/workspace/install/robot_hardware_interfaces/lib/librobot_hardware_interfaces__rosidl_typesupport_introspection_c.so
[0.557s] -- Up-to-date: /home/fourfold/dev/inmind_final_project_test/workspace/install/robot_hardware_interfaces/lib/librobot_hardware_interfaces__rosidl_typesupport_c.so
[0.557s] -- Up-to-date: /home/fourfold/dev/inmind_final_project_test/workspace/install/robot_hardware_interfaces/include/robot_hardware_interfaces/robot_hardware_interfaces
[0.557s] -- Up-to-date: /home/fourfold/dev/inmind_final_project_test/workspace/install/robot_hardware_interfaces/include/robot_hardware_interfaces/robot_hardware_interfaces/action
[0.557s] -- Up-to-date: /home/fourfold/dev/inmind_final_project_test/workspace/install/robot_hardware_interfaces/include/robot_hardware_interfaces/robot_hardware_interfaces/action/detail
[0.557s] -- Up-to-date: /home/fourfold/dev/inmind_final_project_test/workspace/install/robot_hardware_interfaces/include/robot_hardware_interfaces/robot_hardware_interfaces/action/detail/gripper_action__rosidl_typesupport_introspection_cpp.hpp
[0.557s] -- Up-to-date: /home/fourfold/dev/inmind_final_project_test/workspace/install/robot_hardware_interfaces/include/robot_hardware_interfaces/robot_hardware_interfaces/action/detail/gripper_action__type_support.cpp
[0.557s] -- Up-to-date: /home/fourfold/dev/inmind_final_project_test/workspace/install/robot_hardware_interfaces/lib/librobot_hardware_interfaces__rosidl_typesupport_introspection_cpp.so
[0.558s] -- Up-to-date: /home/fourfold/dev/inmind_final_project_test/workspace/install/robot_hardware_interfaces/lib/librobot_hardware_interfaces__rosidl_typesupport_cpp.so
[0.558s] -- Up-to-date: /home/fourfold/dev/inmind_final_project_test/workspace/install/robot_hardware_interfaces/share/robot_hardware_interfaces/environment/pythonpath.sh
[0.558s] -- Up-to-date: /home/fourfold/dev/inmind_final_project_test/workspace/install/robot_hardware_interfaces/share/robot_hardware_interfaces/environment/pythonpath.dsv
[0.558s] -- Up-to-date: /home/fourfold/dev/inmind_final_project_test/workspace/install/robot_hardware_interfaces/local/lib/python3.10/dist-packages/robot_hardware_interfaces-0.0.0-py3.10.egg-info
[0.558s] -- Installing: /home/fourfold/dev/inmind_final_project_test/workspace/install/robot_hardware_interfaces/local/lib/python3.10/dist-packages/robot_hardware_interfaces-0.0.0-py3.10.egg-info/SOURCES.txt
[0.558s] -- Installing: /home/fourfold/dev/inmind_final_project_test/workspace/install/robot_hardware_interfaces/local/lib/python3.10/dist-packages/robot_hardware_interfaces-0.0.0-py3.10.egg-info/top_level.txt
[0.558s] -- Installing: /home/fourfold/dev/inmind_final_project_test/workspace/install/robot_hardware_interfaces/local/lib/python3.10/dist-packages/robot_hardware_interfaces-0.0.0-py3.10.egg-info/PKG-INFO
[0.558s] -- Installing: /home/fourfold/dev/inmind_final_project_test/workspace/install/robot_hardware_interfaces/local/lib/python3.10/dist-packages/robot_hardware_interfaces-0.0.0-py3.10.egg-info/dependency_links.txt
[0.558s] -- Up-to-date: /home/fourfold/dev/inmind_final_project_test/workspace/install/robot_hardware_interfaces/local/lib/python3.10/dist-packages/robot_hardware_interfaces
[0.558s] -- Up-to-date: /home/fourfold/dev/inmind_final_project_test/workspace/install/robot_hardware_interfaces/local/lib/python3.10/dist-packages/robot_hardware_interfaces/robot_hardware_interfaces_s__rosidl_typesupport_c.cpython-310-x86_64-linux-gnu.so
[0.558s] -- Up-to-date: /home/fourfold/dev/inmind_final_project_test/workspace/install/robot_hardware_interfaces/local/lib/python3.10/dist-packages/robot_hardware_interfaces/_robot_hardware_interfaces_s.ep.rosidl_typesupport_fastrtps_c.c
[0.558s] -- Up-to-date: /home/fourfold/dev/inmind_final_project_test/workspace/install/robot_hardware_interfaces/local/lib/python3.10/dist-packages/robot_hardware_interfaces/librobot_hardware_interfaces__rosidl_generator_py.so
[0.559s] -- Up-to-date: /home/fourfold/dev/inmind_final_project_test/workspace/install/robot_hardware_interfaces/local/lib/python3.10/dist-packages/robot_hardware_interfaces/robot_hardware_interfaces_s__rosidl_typesupport_fastrtps_c.cpython-310-x86_64-linux-gnu.so
[0.559s] -- Up-to-date: /home/fourfold/dev/inmind_final_project_test/workspace/install/robot_hardware_interfaces/local/lib/python3.10/dist-packages/robot_hardware_interfaces/action
[0.559s] -- Up-to-date: /home/fourfold/dev/inmind_final_project_test/workspace/install/robot_hardware_interfaces/local/lib/python3.10/dist-packages/robot_hardware_interfaces/action/_gripper_action_s.c
[0.559s] -- Up-to-date: /home/fourfold/dev/inmind_final_project_test/workspace/install/robot_hardware_interfaces/local/lib/python3.10/dist-packages/robot_hardware_interfaces/action/_gripper_action.py
[0.559s] -- Up-to-date: /home/fourfold/dev/inmind_final_project_test/workspace/install/robot_hardware_interfaces/local/lib/python3.10/dist-packages/robot_hardware_interfaces/action/__init__.py
[0.559s] -- Up-to-date: /home/fourfold/dev/inmind_final_project_test/workspace/install/robot_hardware_interfaces/local/lib/python3.10/dist-packages/robot_hardware_interfaces/_robot_hardware_interfaces_s.ep.rosidl_typesupport_c.c
[0.559s] -- Up-to-date: /home/fourfold/dev/inmind_final_project_test/workspace/install/robot_hardware_interfaces/local/lib/python3.10/dist-packages/robot_hardware_interfaces/_robot_hardware_interfaces_s.ep.rosidl_typesupport_introspection_c.c
[0.559s] -- Up-to-date: /home/fourfold/dev/inmind_final_project_test/workspace/install/robot_hardware_interfaces/local/lib/python3.10/dist-packages/robot_hardware_interfaces/__init__.py
[0.559s] -- Up-to-date: /home/fourfold/dev/inmind_final_project_test/workspace/install/robot_hardware_interfaces/local/lib/python3.10/dist-packages/robot_hardware_interfaces/robot_hardware_interfaces_s__rosidl_typesupport_introspection_c.cpython-310-x86_64-linux-gnu.so
[0.585s] Listing '/home/fourfold/dev/inmind_final_project_test/workspace/install/robot_hardware_interfaces/local/lib/python3.10/dist-packages/robot_hardware_interfaces'...
[0.585s] Listing '/home/fourfold/dev/inmind_final_project_test/workspace/install/robot_hardware_interfaces/local/lib/python3.10/dist-packages/robot_hardware_interfaces/action'...
[0.589s] -- Up-to-date: /home/fourfold/dev/inmind_final_project_test/workspace/install/robot_hardware_interfaces/local/lib/python3.10/dist-packages/robot_hardware_interfaces/robot_hardware_interfaces_s__rosidl_typesupport_fastrtps_c.cpython-310-x86_64-linux-gnu.so
[0.589s] -- Up-to-date: /home/fourfold/dev/inmind_final_project_test/workspace/install/robot_hardware_interfaces/local/lib/python3.10/dist-packages/robot_hardware_interfaces/robot_hardware_interfaces_s__rosidl_typesupport_introspection_c.cpython-310-x86_64-linux-gnu.so
[0.590s] -- Up-to-date: /home/fourfold/dev/inmind_final_project_test/workspace/install/robot_hardware_interfaces/local/lib/python3.10/dist-packages/robot_hardware_interfaces/robot_hardware_interfaces_s__rosidl_typesupport_c.cpython-310-x86_64-linux-gnu.so
[0.591s] -- Up-to-date: /home/fourfold/dev/inmind_final_project_test/workspace/install/robot_hardware_interfaces/lib/librobot_hardware_interfaces__rosidl_generator_py.so
[0.591s] -- Up-to-date: /home/fourfold/dev/inmind_final_project_test/workspace/install/robot_hardware_interfaces/share/robot_hardware_interfaces/action/GripperAction.idl
[0.591s] -- Up-to-date: /home/fourfold/dev/inmind_final_project_test/workspace/install/robot_hardware_interfaces/share/robot_hardware_interfaces/action/GripperAction.action
[0.591s] -- Up-to-date: /home/fourfold/dev/inmind_final_project_test/workspace/install/robot_hardware_interfaces/share/ament_index/resource_index/package_run_dependencies/robot_hardware_interfaces
[0.591s] -- Up-to-date: /home/fourfold/dev/inmind_final_project_test/workspace/install/robot_hardware_interfaces/share/ament_index/resource_index/parent_prefix_path/robot_hardware_interfaces
[0.591s] -- Up-to-date: /home/fourfold/dev/inmind_final_project_test/workspace/install/robot_hardware_interfaces/share/robot_hardware_interfaces/environment/ament_prefix_path.sh
[0.591s] -- Up-to-date: /home/fourfold/dev/inmind_final_project_test/workspace/install/robot_hardware_interfaces/share/robot_hardware_interfaces/environment/ament_prefix_path.dsv
[0.591s] -- Up-to-date: /home/fourfold/dev/inmind_final_project_test/workspace/install/robot_hardware_interfaces/share/robot_hardware_interfaces/environment/path.sh
[0.591s] -- Up-to-date: /home/fourfold/dev/inmind_final_project_test/workspace/install/robot_hardware_interfaces/share/robot_hardware_interfaces/environment/path.dsv
[0.592s] -- Up-to-date: /home/fourfold/dev/inmind_final_project_test/workspace/install/robot_hardware_interfaces/share/robot_hardware_interfaces/local_setup.bash
[0.592s] -- Up-to-date: /home/fourfold/dev/inmind_final_project_test/workspace/install/robot_hardware_interfaces/share/robot_hardware_interfaces/local_setup.sh
[0.592s] -- Up-to-date: /home/fourfold/dev/inmind_final_project_test/workspace/install/robot_hardware_interfaces/share/robot_hardware_interfaces/local_setup.zsh
[0.592s] -- Up-to-date: /home/fourfold/dev/inmind_final_project_test/workspace/install/robot_hardware_interfaces/share/robot_hardware_interfaces/local_setup.dsv
[0.592s] -- Installing: /home/fourfold/dev/inmind_final_project_test/workspace/install/robot_hardware_interfaces/share/robot_hardware_interfaces/package.dsv
[0.592s] -- Up-to-date: /home/fourfold/dev/inmind_final_project_test/workspace/install/robot_hardware_interfaces/share/ament_index/resource_index/packages/robot_hardware_interfaces
[0.593s] -- Up-to-date: /home/fourfold/dev/inmind_final_project_test/workspace/install/robot_hardware_interfaces/share/robot_hardware_interfaces/cmake/export_robot_hardware_interfaces__rosidl_generator_cExport.cmake
[0.593s] -- Up-to-date: /home/fourfold/dev/inmind_final_project_test/workspace/install/robot_hardware_interfaces/share/robot_hardware_interfaces/cmake/export_robot_hardware_interfaces__rosidl_generator_cExport-noconfig.cmake
[0.593s] -- Up-to-date: /home/fourfold/dev/inmind_final_project_test/workspace/install/robot_hardware_interfaces/share/robot_hardware_interfaces/cmake/export_robot_hardware_interfaces__rosidl_typesupport_fastrtps_cExport.cmake
[0.593s] -- Up-to-date: /home/fourfold/dev/inmind_final_project_test/workspace/install/robot_hardware_interfaces/share/robot_hardware_interfaces/cmake/export_robot_hardware_interfaces__rosidl_typesupport_fastrtps_cExport-noconfig.cmake
[0.593s] -- Up-to-date: /home/fourfold/dev/inmind_final_project_test/workspace/install/robot_hardware_interfaces/share/robot_hardware_interfaces/cmake/export_robot_hardware_interfaces__rosidl_generator_cppExport.cmake
[0.593s] -- Up-to-date: /home/fourfold/dev/inmind_final_project_test/workspace/install/robot_hardware_interfaces/share/robot_hardware_interfaces/cmake/export_robot_hardware_interfaces__rosidl_typesupport_fastrtps_cppExport.cmake
[0.593s] -- Up-to-date: /home/fourfold/dev/inmind_final_project_test/workspace/install/robot_hardware_interfaces/share/robot_hardware_interfaces/cmake/export_robot_hardware_interfaces__rosidl_typesupport_fastrtps_cppExport-noconfig.cmake
[0.594s] -- Up-to-date: /home/fourfold/dev/inmind_final_project_test/workspace/install/robot_hardware_interfaces/share/robot_hardware_interfaces/cmake/robot_hardware_interfaces__rosidl_typesupport_introspection_cExport.cmake
[0.594s] -- Up-to-date: /home/fourfold/dev/inmind_final_project_test/workspace/install/robot_hardware_interfaces/share/robot_hardware_interfaces/cmake/robot_hardware_interfaces__rosidl_typesupport_introspection_cExport-noconfig.cmake
[0.594s] -- Up-to-date: /home/fourfold/dev/inmind_final_project_test/workspace/install/robot_hardware_interfaces/share/robot_hardware_interfaces/cmake/robot_hardware_interfaces__rosidl_typesupport_cExport.cmake
[0.594s] -- Up-to-date: /home/fourfold/dev/inmind_final_project_test/workspace/install/robot_hardware_interfaces/share/robot_hardware_interfaces/cmake/robot_hardware_interfaces__rosidl_typesupport_cExport-noconfig.cmake
[0.595s] -- Up-to-date: /home/fourfold/dev/inmind_final_project_test/workspace/install/robot_hardware_interfaces/share/robot_hardware_interfaces/cmake/robot_hardware_interfaces__rosidl_typesupport_introspection_cppExport.cmake
[0.595s] -- Up-to-date: /home/fourfold/dev/inmind_final_project_test/workspace/install/robot_hardware_interfaces/share/robot_hardware_interfaces/cmake/robot_hardware_interfaces__rosidl_typesupport_introspection_cppExport-noconfig.cmake
[0.595s] -- Up-to-date: /home/fourfold/dev/inmind_final_project_test/workspace/install/robot_hardware_interfaces/share/robot_hardware_interfaces/cmake/robot_hardware_interfaces__rosidl_typesupport_cppExport.cmake
[0.595s] -- Up-to-date: /home/fourfold/dev/inmind_final_project_test/workspace/install/robot_hardware_interfaces/share/robot_hardware_interfaces/cmake/robot_hardware_interfaces__rosidl_typesupport_cppExport-noconfig.cmake
[0.595s] -- Up-to-date: /home/fourfold/dev/inmind_final_project_test/workspace/install/robot_hardware_interfaces/share/robot_hardware_interfaces/cmake/export_robot_hardware_interfaces__rosidl_generator_pyExport.cmake
[0.596s] -- Up-to-date: /home/fourfold/dev/inmind_final_project_test/workspace/install/robot_hardware_interfaces/share/robot_hardware_interfaces/cmake/export_robot_hardware_interfaces__rosidl_generator_pyExport-noconfig.cmake
[0.596s] -- Up-to-date: /home/fourfold/dev/inmind_final_project_test/workspace/install/robot_hardware_interfaces/share/robot_hardware_interfaces/cmake/rosidl_cmake-extras.cmake
[0.596s] -- Up-to-date: /home/fourfold/dev/inmind_final_project_test/workspace/install/robot_hardware_interfaces/share/robot_hardware_interfaces/cmake/ament_cmake_export_dependencies-extras.cmake
[0.596s] -- Up-to-date: /home/fourfold/dev/inmind_final_project_test/workspace/install/robot_hardware_interfaces/share/robot_hardware_interfaces/cmake/ament_cmake_export_include_directories-extras.cmake
[0.596s] -- Up-to-date: /home/fourfold/dev/inmind_final_project_test/workspace/install/robot_hardware_interfaces/share/robot_hardware_interfaces/cmake/ament_cmake_export_libraries-extras.cmake
[0.596s] -- Up-to-date: /home/fourfold/dev/inmind_final_project_test/workspace/install/robot_hardware_interfaces/share/robot_hardware_interfaces/cmake/ament_cmake_export_targets-extras.cmake
[0.596s] -- Up-to-date: /home/fourfold/dev/inmind_final_project_test/workspace/install/robot_hardware_interfaces/share/robot_hardware_interfaces/cmake/rosidl_cmake_export_typesupport_targets-extras.cmake
[0.596s] -- Up-to-date: /home/fourfold/dev/inmind_final_project_test/workspace/install/robot_hardware_interfaces/share/robot_hardware_interfaces/cmake/rosidl_cmake_export_typesupport_libraries-extras.cmake
[0.596s] -- Up-to-date: /home/fourfold/dev/inmind_final_project_test/workspace/install/robot_hardware_interfaces/share/robot_hardware_interfaces/cmake/robot_hardware_interfacesConfig.cmake
[0.596s] -- Up-to-date: /home/fourfold/dev/inmind_final_project_test/workspace/install/robot_hardware_interfaces/share/robot_hardware_interfaces/cmake/robot_hardware_interfacesConfig-version.cmake
[0.596s] -- Up-to-date: /home/fourfold/dev/inmind_final_project_test/workspace/install/robot_hardware_interfaces/share/robot_hardware_interfaces/package.xml
[0.611s] Invoked command in '/home/fourfold/dev/inmind_final_project_test/workspace/build/robot_hardware_interfaces' returned '0': CMAKE_PREFIX_PATH=${CMAKE_PREFIX_PATH}:/home/fourfold/dev/inmind_final_project_test/workspace/install/yolov8_webcam:/home/fourfold/dev/inmind_final_project_test/workspace/install/object_detector:/opt/ros/humble /usr/bin/cmake --install /home/fourfold/dev/inmind_final_project_test/workspace/build/robot_hardware_interfaces
