-- The C compiler identification is GNU 11.4.0
-- The CXX compiler identification is GNU 11.4.0
-- Detecting C compiler ABI info
-- Detecting C compiler ABI info - done
-- Check for working C compiler: /usr/bin/cc - skipped
-- Detecting C compile features
-- Detecting C compile features - done
-- Detecting CXX compiler ABI info
-- Detecting CXX compiler ABI info - done
-- Check for working CXX compiler: /usr/bin/c++ - skipped
-- Detecting CXX compile features
-- Detecting CXX compile features - done
-- Found ament_cmake: 1.3.10 (/opt/ros/humble/share/ament_cmake/cmake)
-- Found Python3: /usr/bin/python3 (found version "3.10.12") found components: Interpreter 
-- Found ament_lint_auto: 0.12.11 (/opt/ros/humble/share/ament_lint_auto/cmake)
-- Found rosidl_default_generators: 1.2.0 (/opt/ros/humble/share/rosidl_default_generators/cmake)
-- Using all available rosidl_typesupport_c: rosidl_typesupport_fastrtps_c;rosidl_typesupport_introspection_c
-- Found rosidl_adapter: 3.1.5 (/opt/ros/humble/share/rosidl_adapter/cmake)
-- Using all available rosidl_typesupport_cpp: rosidl_typesupport_fastrtps_cpp;rosidl_typesupport_introspection_cpp
-- Found ament_cmake_ros: 0.10.0 (/opt/ros/humble/share/ament_cmake_ros/cmake)
-- Using all available rosidl_typesupport_c: rosidl_typesupport_fastrtps_c;rosidl_typesupport_introspection_c
-- Using all available rosidl_typesupport_cpp: rosidl_typesupport_fastrtps_cpp;rosidl_typesupport_introspection_cpp
-- Found PythonInterp: /usr/bin/python3 (found suitable version "3.10.12", minimum required is "3.6") 
-- Found python_cmake_module: 0.10.0 (/opt/ros/humble/share/python_cmake_module/cmake)
-- Found PythonLibs: /usr/lib/x86_64-linux-gnu/libpython3.10.so (found suitable version "3.10.12", minimum required is "3.5") 
-- Using PYTHON_EXECUTABLE: /usr/bin/python3
-- Using PYTHON_INCLUDE_DIRS: /usr/include/python3.10
-- Using PYTHON_LIBRARIES: /usr/lib/x86_64-linux-gnu/libpython3.10.so
-- Found PythonExtra: .so  
-- Added test 'lint_cmake' to check CMake code style
-- Added test 'xmllint' to check XML markup files
-- Configuring done
-- Generating done
-- Build files have been written to: /home/fourfold/dev/inmind_final_project_test/workspace/build/custom_interface_yolo
[  3%] [34m[1mGenerating C code for ROS interfaces[0m
[  6%] [34m[1mGenerating C++ code for ROS interfaces[0m
[  6%] Built target ament_cmake_python_copy_custom_interface_yolo
running egg_info
creating custom_interface_yolo.egg-info
writing custom_interface_yolo.egg-info/PKG-INFO
writing dependency_links to custom_interface_yolo.egg-info/dependency_links.txt
writing top-level names to custom_interface_yolo.egg-info/top_level.txt
writing manifest file 'custom_interface_yolo.egg-info/SOURCES.txt'
reading manifest file 'custom_interface_yolo.egg-info/SOURCES.txt'
writing manifest file 'custom_interface_yolo.egg-info/SOURCES.txt'
[  6%] Built target ament_cmake_python_build_custom_interface_yolo_egg
[  6%] Built target custom_interface_yolo__cpp
[  9%] [34m[1mGenerating C++ type support for eProsima Fast-RTPS[0m
[ 12%] [34m[1mGenerating C++ type support dispatch for ROS interfaces[0m
[ 16%] [34m[1mGenerating C++ introspection for ROS interfaces[0m
[ 19%] [32mBuilding C object CMakeFiles/custom_interface_yolo__rosidl_generator_c.dir/rosidl_generator_c/custom_interface_yolo/action/detail/camera_stream__functions.c.o[0m
[ 22%] [32m[1mLinking C shared library libcustom_interface_yolo__rosidl_generator_c.so[0m
[ 22%] Built target custom_interface_yolo__rosidl_generator_c
[ 25%] [34m[1mGenerating C introspection for ROS interfaces[0m
[ 29%] [34m[1mGenerating C type support for eProsima Fast-RTPS[0m
[ 32%] [34m[1mGenerating C type support dispatch for ROS interfaces[0m
[ 35%] [32mBuilding CXX object CMakeFiles/custom_interface_yolo__rosidl_typesupport_cpp.dir/rosidl_typesupport_cpp/custom_interface_yolo/action/camera_stream__type_support.cpp.o[0m
[ 38%] [32mBuilding CXX object CMakeFiles/custom_interface_yolo__rosidl_typesupport_introspection_cpp.dir/rosidl_typesupport_introspection_cpp/custom_interface_yolo/action/detail/camera_stream__type_support.cpp.o[0m
[ 41%] [32mBuilding CXX object CMakeFiles/custom_interface_yolo__rosidl_typesupport_fastrtps_cpp.dir/rosidl_typesupport_fastrtps_cpp/custom_interface_yolo/action/detail/dds_fastrtps/camera_stream__type_support.cpp.o[0m
[ 45%] [32mBuilding CXX object CMakeFiles/custom_interface_yolo__rosidl_typesupport_c.dir/rosidl_typesupport_c/custom_interface_yolo/action/camera_stream__type_support.cpp.o[0m
[ 48%] [32m[1mLinking CXX shared library libcustom_interface_yolo__rosidl_typesupport_c.so[0m
[ 51%] [32mBuilding C object CMakeFiles/custom_interface_yolo__rosidl_typesupport_introspection_c.dir/rosidl_typesupport_introspection_c/custom_interface_yolo/action/detail/camera_stream__type_support.c.o[0m
[ 54%] [32mBuilding CXX object CMakeFiles/custom_interface_yolo__rosidl_typesupport_fastrtps_c.dir/rosidl_typesupport_fastrtps_c/custom_interface_yolo/action/detail/camera_stream__type_support_c.cpp.o[0m
[ 54%] Built target custom_interface_yolo__rosidl_typesupport_c
[ 58%] [32m[1mLinking C shared library libcustom_interface_yolo__rosidl_typesupport_introspection_c.so[0m
[ 58%] Built target custom_interface_yolo__rosidl_typesupport_introspection_c
[ 61%] [32m[1mLinking CXX shared library libcustom_interface_yolo__rosidl_typesupport_cpp.so[0m
[ 61%] Built target custom_interface_yolo__rosidl_typesupport_cpp
[ 64%] [32m[1mLinking CXX shared library libcustom_interface_yolo__rosidl_typesupport_fastrtps_cpp.so[0m
[ 70%] [32m[1mLinking CXX shared library libcustom_interface_yolo__rosidl_typesupport_introspection_cpp.so[0m
[ 70%] [32m[1mLinking CXX shared library libcustom_interface_yolo__rosidl_typesupport_fastrtps_c.so[0m
[ 70%] Built target custom_interface_yolo__rosidl_typesupport_fastrtps_cpp
[ 70%] Built target custom_interface_yolo__rosidl_typesupport_introspection_cpp
[ 70%] Built target custom_interface_yolo__rosidl_typesupport_fastrtps_c
[ 70%] Built target custom_interface_yolo
[ 74%] [34m[1mGenerating Python code for ROS interfaces[0m
[ 74%] Built target custom_interface_yolo__py
[ 77%] [32mBuilding C object CMakeFiles/custom_interface_yolo__rosidl_generator_py.dir/rosidl_generator_py/custom_interface_yolo/action/_camera_stream_s.c.o[0m
[ 80%] [32m[1mLinking C shared library rosidl_generator_py/custom_interface_yolo/libcustom_interface_yolo__rosidl_generator_py.so[0m
[ 80%] Built target custom_interface_yolo__rosidl_generator_py
[ 87%] [32mBuilding C object CMakeFiles/custom_interface_yolo__rosidl_typesupport_fastrtps_c__pyext.dir/rosidl_generator_py/custom_interface_yolo/_custom_interface_yolo_s.ep.rosidl_typesupport_fastrtps_c.c.o[0m
[ 87%] [32mBuilding C object CMakeFiles/custom_interface_yolo__rosidl_typesupport_c__pyext.dir/rosidl_generator_py/custom_interface_yolo/_custom_interface_yolo_s.ep.rosidl_typesupport_c.c.o[0m
[ 90%] [32mBuilding C object CMakeFiles/custom_interface_yolo__rosidl_typesupport_introspection_c__pyext.dir/rosidl_generator_py/custom_interface_yolo/_custom_interface_yolo_s.ep.rosidl_typesupport_introspection_c.c.o[0m
[ 93%] [32m[1mLinking C shared library rosidl_generator_py/custom_interface_yolo/custom_interface_yolo_s__rosidl_typesupport_c.cpython-310-x86_64-linux-gnu.so[0m
[ 96%] [32m[1mLinking C shared library rosidl_generator_py/custom_interface_yolo/custom_interface_yolo_s__rosidl_typesupport_introspection_c.cpython-310-x86_64-linux-gnu.so[0m
[100%] [32m[1mLinking C shared library rosidl_generator_py/custom_interface_yolo/custom_interface_yolo_s__rosidl_typesupport_fastrtps_c.cpython-310-x86_64-linux-gnu.so[0m
[100%] Built target custom_interface_yolo__rosidl_typesupport_introspection_c__pyext
[100%] Built target custom_interface_yolo__rosidl_typesupport_c__pyext
[100%] Built target custom_interface_yolo__rosidl_typesupport_fastrtps_c__pyext
-- Install configuration: ""
-- Installing: /home/fourfold/dev/inmind_final_project_test/workspace/install/custom_interface_yolo/share/ament_index/resource_index/rosidl_interfaces/custom_interface_yolo
-- Installing: /home/fourfold/dev/inmind_final_project_test/workspace/install/custom_interface_yolo/include/custom_interface_yolo/custom_interface_yolo
-- Installing: /home/fourfold/dev/inmind_final_project_test/workspace/install/custom_interface_yolo/include/custom_interface_yolo/custom_interface_yolo/msg
-- Installing: /home/fourfold/dev/inmind_final_project_test/workspace/install/custom_interface_yolo/include/custom_interface_yolo/custom_interface_yolo/msg/rosidl_generator_c__visibility_control.h
-- Installing: /home/fourfold/dev/inmind_final_project_test/workspace/install/custom_interface_yolo/include/custom_interface_yolo/custom_interface_yolo/action
-- Installing: /home/fourfold/dev/inmind_final_project_test/workspace/install/custom_interface_yolo/include/custom_interface_yolo/custom_interface_yolo/action/camera_stream.h
-- Installing: /home/fourfold/dev/inmind_final_project_test/workspace/install/custom_interface_yolo/include/custom_interface_yolo/custom_interface_yolo/action/detail
-- Installing: /home/fourfold/dev/inmind_final_project_test/workspace/install/custom_interface_yolo/include/custom_interface_yolo/custom_interface_yolo/action/detail/camera_stream__struct.h
-- Installing: /home/fourfold/dev/inmind_final_project_test/workspace/install/custom_interface_yolo/include/custom_interface_yolo/custom_interface_yolo/action/detail/camera_stream__functions.h
-- Installing: /home/fourfold/dev/inmind_final_project_test/workspace/install/custom_interface_yolo/include/custom_interface_yolo/custom_interface_yolo/action/detail/camera_stream__type_support.h
-- Installing: /home/fourfold/dev/inmind_final_project_test/workspace/install/custom_interface_yolo/include/custom_interface_yolo/custom_interface_yolo/action/detail/camera_stream__functions.c
-- Installing: /home/fourfold/dev/inmind_final_project_test/workspace/install/custom_interface_yolo/share/custom_interface_yolo/environment/library_path.sh
-- Installing: /home/fourfold/dev/inmind_final_project_test/workspace/install/custom_interface_yolo/share/custom_interface_yolo/environment/library_path.dsv
-- Installing: /home/fourfold/dev/inmind_final_project_test/workspace/install/custom_interface_yolo/lib/libcustom_interface_yolo__rosidl_generator_c.so
-- Set runtime path of "/home/fourfold/dev/inmind_final_project_test/workspace/install/custom_interface_yolo/lib/libcustom_interface_yolo__rosidl_generator_c.so" to ""
-- Up-to-date: /home/fourfold/dev/inmind_final_project_test/workspace/install/custom_interface_yolo/include/custom_interface_yolo/custom_interface_yolo
-- Up-to-date: /home/fourfold/dev/inmind_final_project_test/workspace/install/custom_interface_yolo/include/custom_interface_yolo/custom_interface_yolo/msg
-- Installing: /home/fourfold/dev/inmind_final_project_test/workspace/install/custom_interface_yolo/include/custom_interface_yolo/custom_interface_yolo/msg/rosidl_typesupport_fastrtps_c__visibility_control.h
-- Up-to-date: /home/fourfold/dev/inmind_final_project_test/workspace/install/custom_interface_yolo/include/custom_interface_yolo/custom_interface_yolo/action
-- Up-to-date: /home/fourfold/dev/inmind_final_project_test/workspace/install/custom_interface_yolo/include/custom_interface_yolo/custom_interface_yolo/action/detail
-- Installing: /home/fourfold/dev/inmind_final_project_test/workspace/install/custom_interface_yolo/include/custom_interface_yolo/custom_interface_yolo/action/detail/camera_stream__rosidl_typesupport_fastrtps_c.h
-- Installing: /home/fourfold/dev/inmind_final_project_test/workspace/install/custom_interface_yolo/lib/libcustom_interface_yolo__rosidl_typesupport_fastrtps_c.so
-- Set runtime path of "/home/fourfold/dev/inmind_final_project_test/workspace/install/custom_interface_yolo/lib/libcustom_interface_yolo__rosidl_typesupport_fastrtps_c.so" to ""
-- Up-to-date: /home/fourfold/dev/inmind_final_project_test/workspace/install/custom_interface_yolo/include/custom_interface_yolo/custom_interface_yolo
-- Up-to-date: /home/fourfold/dev/inmind_final_project_test/workspace/install/custom_interface_yolo/include/custom_interface_yolo/custom_interface_yolo/msg
-- Installing: /home/fourfold/dev/inmind_final_project_test/workspace/install/custom_interface_yolo/include/custom_interface_yolo/custom_interface_yolo/msg/rosidl_typesupport_introspection_c__visibility_control.h
-- Up-to-date: /home/fourfold/dev/inmind_final_project_test/workspace/install/custom_interface_yolo/include/custom_interface_yolo/custom_interface_yolo/action
-- Up-to-date: /home/fourfold/dev/inmind_final_project_test/workspace/install/custom_interface_yolo/include/custom_interface_yolo/custom_interface_yolo/action/detail
-- Installing: /home/fourfold/dev/inmind_final_project_test/workspace/install/custom_interface_yolo/include/custom_interface_yolo/custom_interface_yolo/action/detail/camera_stream__type_support.c
-- Installing: /home/fourfold/dev/inmind_final_project_test/workspace/install/custom_interface_yolo/include/custom_interface_yolo/custom_interface_yolo/action/detail/camera_stream__rosidl_typesupport_introspection_c.h
-- Installing: /home/fourfold/dev/inmind_final_project_test/workspace/install/custom_interface_yolo/lib/libcustom_interface_yolo__rosidl_typesupport_introspection_c.so
-- Set runtime path of "/home/fourfold/dev/inmind_final_project_test/workspace/install/custom_interface_yolo/lib/libcustom_interface_yolo__rosidl_typesupport_introspection_c.so" to ""
-- Installing: /home/fourfold/dev/inmind_final_project_test/workspace/install/custom_interface_yolo/lib/libcustom_interface_yolo__rosidl_typesupport_c.so
-- Set runtime path of "/home/fourfold/dev/inmind_final_project_test/workspace/install/custom_interface_yolo/lib/libcustom_interface_yolo__rosidl_typesupport_c.so" to ""
-- Up-to-date: /home/fourfold/dev/inmind_final_project_test/workspace/install/custom_interface_yolo/include/custom_interface_yolo/custom_interface_yolo
-- Up-to-date: /home/fourfold/dev/inmind_final_project_test/workspace/install/custom_interface_yolo/include/custom_interface_yolo/custom_interface_yolo/action
-- Up-to-date: /home/fourfold/dev/inmind_final_project_test/workspace/install/custom_interface_yolo/include/custom_interface_yolo/custom_interface_yolo/action/detail
-- Installing: /home/fourfold/dev/inmind_final_project_test/workspace/install/custom_interface_yolo/include/custom_interface_yolo/custom_interface_yolo/action/detail/camera_stream__builder.hpp
-- Installing: /home/fourfold/dev/inmind_final_project_test/workspace/install/custom_interface_yolo/include/custom_interface_yolo/custom_interface_yolo/action/detail/camera_stream__struct.hpp
-- Installing: /home/fourfold/dev/inmind_final_project_test/workspace/install/custom_interface_yolo/include/custom_interface_yolo/custom_interface_yolo/action/detail/camera_stream__traits.hpp
-- Installing: /home/fourfold/dev/inmind_final_project_test/workspace/install/custom_interface_yolo/include/custom_interface_yolo/custom_interface_yolo/action/camera_stream.hpp
-- Up-to-date: /home/fourfold/dev/inmind_final_project_test/workspace/install/custom_interface_yolo/include/custom_interface_yolo/custom_interface_yolo
-- Up-to-date: /home/fourfold/dev/inmind_final_project_test/workspace/install/custom_interface_yolo/include/custom_interface_yolo/custom_interface_yolo/msg
-- Installing: /home/fourfold/dev/inmind_final_project_test/workspace/install/custom_interface_yolo/include/custom_interface_yolo/custom_interface_yolo/msg/rosidl_typesupport_fastrtps_cpp__visibility_control.h
-- Up-to-date: /home/fourfold/dev/inmind_final_project_test/workspace/install/custom_interface_yolo/include/custom_interface_yolo/custom_interface_yolo/action
-- Up-to-date: /home/fourfold/dev/inmind_final_project_test/workspace/install/custom_interface_yolo/include/custom_interface_yolo/custom_interface_yolo/action/detail
-- Installing: /home/fourfold/dev/inmind_final_project_test/workspace/install/custom_interface_yolo/include/custom_interface_yolo/custom_interface_yolo/action/detail/camera_stream__rosidl_typesupport_fastrtps_cpp.hpp
-- Installing: /home/fourfold/dev/inmind_final_project_test/workspace/install/custom_interface_yolo/include/custom_interface_yolo/custom_interface_yolo/action/detail/dds_fastrtps
-- Installing: /home/fourfold/dev/inmind_final_project_test/workspace/install/custom_interface_yolo/lib/libcustom_interface_yolo__rosidl_typesupport_fastrtps_cpp.so
-- Set runtime path of "/home/fourfold/dev/inmind_final_project_test/workspace/install/custom_interface_yolo/lib/libcustom_interface_yolo__rosidl_typesupport_fastrtps_cpp.so" to ""
-- Up-to-date: /home/fourfold/dev/inmind_final_project_test/workspace/install/custom_interface_yolo/include/custom_interface_yolo/custom_interface_yolo
-- Up-to-date: /home/fourfold/dev/inmind_final_project_test/workspace/install/custom_interface_yolo/include/custom_interface_yolo/custom_interface_yolo/action
-- Up-to-date: /home/fourfold/dev/inmind_final_project_test/workspace/install/custom_interface_yolo/include/custom_interface_yolo/custom_interface_yolo/action/detail
-- Installing: /home/fourfold/dev/inmind_final_project_test/workspace/install/custom_interface_yolo/include/custom_interface_yolo/custom_interface_yolo/action/detail/camera_stream__rosidl_typesupport_introspection_cpp.hpp
-- Installing: /home/fourfold/dev/inmind_final_project_test/workspace/install/custom_interface_yolo/include/custom_interface_yolo/custom_interface_yolo/action/detail/camera_stream__type_support.cpp
-- Installing: /home/fourfold/dev/inmind_final_project_test/workspace/install/custom_interface_yolo/lib/libcustom_interface_yolo__rosidl_typesupport_introspection_cpp.so
-- Set runtime path of "/home/fourfold/dev/inmind_final_project_test/workspace/install/custom_interface_yolo/lib/libcustom_interface_yolo__rosidl_typesupport_introspection_cpp.so" to ""
-- Installing: /home/fourfold/dev/inmind_final_project_test/workspace/install/custom_interface_yolo/lib/libcustom_interface_yolo__rosidl_typesupport_cpp.so
-- Set runtime path of "/home/fourfold/dev/inmind_final_project_test/workspace/install/custom_interface_yolo/lib/libcustom_interface_yolo__rosidl_typesupport_cpp.so" to ""
-- Installing: /home/fourfold/dev/inmind_final_project_test/workspace/install/custom_interface_yolo/share/custom_interface_yolo/environment/pythonpath.sh
-- Installing: /home/fourfold/dev/inmind_final_project_test/workspace/install/custom_interface_yolo/share/custom_interface_yolo/environment/pythonpath.dsv
-- Installing: /home/fourfold/dev/inmind_final_project_test/workspace/install/custom_interface_yolo/local/lib/python3.10/dist-packages/custom_interface_yolo-0.0.0-py3.10.egg-info
-- Installing: /home/fourfold/dev/inmind_final_project_test/workspace/install/custom_interface_yolo/local/lib/python3.10/dist-packages/custom_interface_yolo-0.0.0-py3.10.egg-info/SOURCES.txt
-- Installing: /home/fourfold/dev/inmind_final_project_test/workspace/install/custom_interface_yolo/local/lib/python3.10/dist-packages/custom_interface_yolo-0.0.0-py3.10.egg-info/top_level.txt
-- Installing: /home/fourfold/dev/inmind_final_project_test/workspace/install/custom_interface_yolo/local/lib/python3.10/dist-packages/custom_interface_yolo-0.0.0-py3.10.egg-info/PKG-INFO
-- Installing: /home/fourfold/dev/inmind_final_project_test/workspace/install/custom_interface_yolo/local/lib/python3.10/dist-packages/custom_interface_yolo-0.0.0-py3.10.egg-info/dependency_links.txt
-- Installing: /home/fourfold/dev/inmind_final_project_test/workspace/install/custom_interface_yolo/local/lib/python3.10/dist-packages/custom_interface_yolo
-- Installing: /home/fourfold/dev/inmind_final_project_test/workspace/install/custom_interface_yolo/local/lib/python3.10/dist-packages/custom_interface_yolo/custom_interface_yolo_s__rosidl_typesupport_c.cpython-310-x86_64-linux-gnu.so
-- Installing: /home/fourfold/dev/inmind_final_project_test/workspace/install/custom_interface_yolo/local/lib/python3.10/dist-packages/custom_interface_yolo/custom_interface_yolo_s__rosidl_typesupport_introspection_c.cpython-310-x86_64-linux-gnu.so
-- Installing: /home/fourfold/dev/inmind_final_project_test/workspace/install/custom_interface_yolo/local/lib/python3.10/dist-packages/custom_interface_yolo/custom_interface_yolo_s__rosidl_typesupport_fastrtps_c.cpython-310-x86_64-linux-gnu.so
-- Installing: /home/fourfold/dev/inmind_final_project_test/workspace/install/custom_interface_yolo/local/lib/python3.10/dist-packages/custom_interface_yolo/_custom_interface_yolo_s.ep.rosidl_typesupport_introspection_c.c
-- Installing: /home/fourfold/dev/inmind_final_project_test/workspace/install/custom_interface_yolo/local/lib/python3.10/dist-packages/custom_interface_yolo/libcustom_interface_yolo__rosidl_generator_py.so
-- Installing: /home/fourfold/dev/inmind_final_project_test/workspace/install/custom_interface_yolo/local/lib/python3.10/dist-packages/custom_interface_yolo/action
-- Installing: /home/fourfold/dev/inmind_final_project_test/workspace/install/custom_interface_yolo/local/lib/python3.10/dist-packages/custom_interface_yolo/action/_camera_stream.py
-- Installing: /home/fourfold/dev/inmind_final_project_test/workspace/install/custom_interface_yolo/local/lib/python3.10/dist-packages/custom_interface_yolo/action/__init__.py
-- Installing: /home/fourfold/dev/inmind_final_project_test/workspace/install/custom_interface_yolo/local/lib/python3.10/dist-packages/custom_interface_yolo/action/_camera_stream_s.c
-- Installing: /home/fourfold/dev/inmind_final_project_test/workspace/install/custom_interface_yolo/local/lib/python3.10/dist-packages/custom_interface_yolo/_custom_interface_yolo_s.ep.rosidl_typesupport_fastrtps_c.c
-- Installing: /home/fourfold/dev/inmind_final_project_test/workspace/install/custom_interface_yolo/local/lib/python3.10/dist-packages/custom_interface_yolo/__init__.py
-- Installing: /home/fourfold/dev/inmind_final_project_test/workspace/install/custom_interface_yolo/local/lib/python3.10/dist-packages/custom_interface_yolo/_custom_interface_yolo_s.ep.rosidl_typesupport_c.c
Listing '/home/fourfold/dev/inmind_final_project_test/workspace/install/custom_interface_yolo/local/lib/python3.10/dist-packages/custom_interface_yolo'...
Compiling '/home/fourfold/dev/inmind_final_project_test/workspace/install/custom_interface_yolo/local/lib/python3.10/dist-packages/custom_interface_yolo/__init__.py'...
Listing '/home/fourfold/dev/inmind_final_project_test/workspace/install/custom_interface_yolo/local/lib/python3.10/dist-packages/custom_interface_yolo/action'...
Compiling '/home/fourfold/dev/inmind_final_project_test/workspace/install/custom_interface_yolo/local/lib/python3.10/dist-packages/custom_interface_yolo/action/__init__.py'...
Compiling '/home/fourfold/dev/inmind_final_project_test/workspace/install/custom_interface_yolo/local/lib/python3.10/dist-packages/custom_interface_yolo/action/_camera_stream.py'...
-- Installing: /home/fourfold/dev/inmind_final_project_test/workspace/install/custom_interface_yolo/local/lib/python3.10/dist-packages/custom_interface_yolo/custom_interface_yolo_s__rosidl_typesupport_fastrtps_c.cpython-310-x86_64-linux-gnu.so
-- Set runtime path of "/home/fourfold/dev/inmind_final_project_test/workspace/install/custom_interface_yolo/local/lib/python3.10/dist-packages/custom_interface_yolo/custom_interface_yolo_s__rosidl_typesupport_fastrtps_c.cpython-310-x86_64-linux-gnu.so" to ""
-- Installing: /home/fourfold/dev/inmind_final_project_test/workspace/install/custom_interface_yolo/local/lib/python3.10/dist-packages/custom_interface_yolo/custom_interface_yolo_s__rosidl_typesupport_introspection_c.cpython-310-x86_64-linux-gnu.so
-- Set runtime path of "/home/fourfold/dev/inmind_final_project_test/workspace/install/custom_interface_yolo/local/lib/python3.10/dist-packages/custom_interface_yolo/custom_interface_yolo_s__rosidl_typesupport_introspection_c.cpython-310-x86_64-linux-gnu.so" to ""
-- Installing: /home/fourfold/dev/inmind_final_project_test/workspace/install/custom_interface_yolo/local/lib/python3.10/dist-packages/custom_interface_yolo/custom_interface_yolo_s__rosidl_typesupport_c.cpython-310-x86_64-linux-gnu.so
-- Set runtime path of "/home/fourfold/dev/inmind_final_project_test/workspace/install/custom_interface_yolo/local/lib/python3.10/dist-packages/custom_interface_yolo/custom_interface_yolo_s__rosidl_typesupport_c.cpython-310-x86_64-linux-gnu.so" to ""
-- Installing: /home/fourfold/dev/inmind_final_project_test/workspace/install/custom_interface_yolo/lib/libcustom_interface_yolo__rosidl_generator_py.so
-- Set runtime path of "/home/fourfold/dev/inmind_final_project_test/workspace/install/custom_interface_yolo/lib/libcustom_interface_yolo__rosidl_generator_py.so" to ""
-- Installing: /home/fourfold/dev/inmind_final_project_test/workspace/install/custom_interface_yolo/share/custom_interface_yolo/action/CameraStream.idl
-- Installing: /home/fourfold/dev/inmind_final_project_test/workspace/install/custom_interface_yolo/share/custom_interface_yolo/action/CameraStream.action
-- Installing: /home/fourfold/dev/inmind_final_project_test/workspace/install/custom_interface_yolo/share/ament_index/resource_index/package_run_dependencies/custom_interface_yolo
-- Installing: /home/fourfold/dev/inmind_final_project_test/workspace/install/custom_interface_yolo/share/ament_index/resource_index/parent_prefix_path/custom_interface_yolo
-- Installing: /home/fourfold/dev/inmind_final_project_test/workspace/install/custom_interface_yolo/share/custom_interface_yolo/environment/ament_prefix_path.sh
-- Installing: /home/fourfold/dev/inmind_final_project_test/workspace/install/custom_interface_yolo/share/custom_interface_yolo/environment/ament_prefix_path.dsv
-- Installing: /home/fourfold/dev/inmind_final_project_test/workspace/install/custom_interface_yolo/share/custom_interface_yolo/environment/path.sh
-- Installing: /home/fourfold/dev/inmind_final_project_test/workspace/install/custom_interface_yolo/share/custom_interface_yolo/environment/path.dsv
-- Installing: /home/fourfold/dev/inmind_final_project_test/workspace/install/custom_interface_yolo/share/custom_interface_yolo/local_setup.bash
-- Installing: /home/fourfold/dev/inmind_final_project_test/workspace/install/custom_interface_yolo/share/custom_interface_yolo/local_setup.sh
-- Installing: /home/fourfold/dev/inmind_final_project_test/workspace/install/custom_interface_yolo/share/custom_interface_yolo/local_setup.zsh
-- Installing: /home/fourfold/dev/inmind_final_project_test/workspace/install/custom_interface_yolo/share/custom_interface_yolo/local_setup.dsv
-- Installing: /home/fourfold/dev/inmind_final_project_test/workspace/install/custom_interface_yolo/share/custom_interface_yolo/package.dsv
-- Installing: /home/fourfold/dev/inmind_final_project_test/workspace/install/custom_interface_yolo/share/ament_index/resource_index/packages/custom_interface_yolo
-- Installing: /home/fourfold/dev/inmind_final_project_test/workspace/install/custom_interface_yolo/share/custom_interface_yolo/cmake/export_custom_interface_yolo__rosidl_generator_cExport.cmake
-- Installing: /home/fourfold/dev/inmind_final_project_test/workspace/install/custom_interface_yolo/share/custom_interface_yolo/cmake/export_custom_interface_yolo__rosidl_generator_cExport-noconfig.cmake
-- Installing: /home/fourfold/dev/inmind_final_project_test/workspace/install/custom_interface_yolo/share/custom_interface_yolo/cmake/export_custom_interface_yolo__rosidl_typesupport_fastrtps_cExport.cmake
-- Installing: /home/fourfold/dev/inmind_final_project_test/workspace/install/custom_interface_yolo/share/custom_interface_yolo/cmake/export_custom_interface_yolo__rosidl_typesupport_fastrtps_cExport-noconfig.cmake
-- Installing: /home/fourfold/dev/inmind_final_project_test/workspace/install/custom_interface_yolo/share/custom_interface_yolo/cmake/custom_interface_yolo__rosidl_typesupport_introspection_cExport.cmake
-- Installing: /home/fourfold/dev/inmind_final_project_test/workspace/install/custom_interface_yolo/share/custom_interface_yolo/cmake/custom_interface_yolo__rosidl_typesupport_introspection_cExport-noconfig.cmake
-- Installing: /home/fourfold/dev/inmind_final_project_test/workspace/install/custom_interface_yolo/share/custom_interface_yolo/cmake/custom_interface_yolo__rosidl_typesupport_cExport.cmake
-- Installing: /home/fourfold/dev/inmind_final_project_test/workspace/install/custom_interface_yolo/share/custom_interface_yolo/cmake/custom_interface_yolo__rosidl_typesupport_cExport-noconfig.cmake
-- Installing: /home/fourfold/dev/inmind_final_project_test/workspace/install/custom_interface_yolo/share/custom_interface_yolo/cmake/export_custom_interface_yolo__rosidl_generator_cppExport.cmake
-- Installing: /home/fourfold/dev/inmind_final_project_test/workspace/install/custom_interface_yolo/share/custom_interface_yolo/cmake/export_custom_interface_yolo__rosidl_typesupport_fastrtps_cppExport.cmake
-- Installing: /home/fourfold/dev/inmind_final_project_test/workspace/install/custom_interface_yolo/share/custom_interface_yolo/cmake/export_custom_interface_yolo__rosidl_typesupport_fastrtps_cppExport-noconfig.cmake
-- Installing: /home/fourfold/dev/inmind_final_project_test/workspace/install/custom_interface_yolo/share/custom_interface_yolo/cmake/custom_interface_yolo__rosidl_typesupport_introspection_cppExport.cmake
-- Installing: /home/fourfold/dev/inmind_final_project_test/workspace/install/custom_interface_yolo/share/custom_interface_yolo/cmake/custom_interface_yolo__rosidl_typesupport_introspection_cppExport-noconfig.cmake
-- Installing: /home/fourfold/dev/inmind_final_project_test/workspace/install/custom_interface_yolo/share/custom_interface_yolo/cmake/custom_interface_yolo__rosidl_typesupport_cppExport.cmake
-- Installing: /home/fourfold/dev/inmind_final_project_test/workspace/install/custom_interface_yolo/share/custom_interface_yolo/cmake/custom_interface_yolo__rosidl_typesupport_cppExport-noconfig.cmake
-- Installing: /home/fourfold/dev/inmind_final_project_test/workspace/install/custom_interface_yolo/share/custom_interface_yolo/cmake/export_custom_interface_yolo__rosidl_generator_pyExport.cmake
-- Installing: /home/fourfold/dev/inmind_final_project_test/workspace/install/custom_interface_yolo/share/custom_interface_yolo/cmake/export_custom_interface_yolo__rosidl_generator_pyExport-noconfig.cmake
-- Installing: /home/fourfold/dev/inmind_final_project_test/workspace/install/custom_interface_yolo/share/custom_interface_yolo/cmake/rosidl_cmake-extras.cmake
-- Installing: /home/fourfold/dev/inmind_final_project_test/workspace/install/custom_interface_yolo/share/custom_interface_yolo/cmake/ament_cmake_export_dependencies-extras.cmake
-- Installing: /home/fourfold/dev/inmind_final_project_test/workspace/install/custom_interface_yolo/share/custom_interface_yolo/cmake/ament_cmake_export_include_directories-extras.cmake
-- Installing: /home/fourfold/dev/inmind_final_project_test/workspace/install/custom_interface_yolo/share/custom_interface_yolo/cmake/ament_cmake_export_libraries-extras.cmake
-- Installing: /home/fourfold/dev/inmind_final_project_test/workspace/install/custom_interface_yolo/share/custom_interface_yolo/cmake/ament_cmake_export_targets-extras.cmake
-- Installing: /home/fourfold/dev/inmind_final_project_test/workspace/install/custom_interface_yolo/share/custom_interface_yolo/cmake/rosidl_cmake_export_typesupport_targets-extras.cmake
-- Installing: /home/fourfold/dev/inmind_final_project_test/workspace/install/custom_interface_yolo/share/custom_interface_yolo/cmake/rosidl_cmake_export_typesupport_libraries-extras.cmake
-- Installing: /home/fourfold/dev/inmind_final_project_test/workspace/install/custom_interface_yolo/share/custom_interface_yolo/cmake/custom_interface_yoloConfig.cmake
-- Installing: /home/fourfold/dev/inmind_final_project_test/workspace/install/custom_interface_yolo/share/custom_interface_yolo/cmake/custom_interface_yoloConfig-version.cmake
-- Installing: /home/fourfold/dev/inmind_final_project_test/workspace/install/custom_interface_yolo/share/custom_interface_yolo/package.xml
