-- Found ament_cmake: 1.3.10 (/opt/ros/humble/share/ament_cmake/cmake)
-- Found rclcpp: 16.0.10 (/opt/ros/humble/share/rclcpp/cmake)
-- Found rosidl_generator_c: 3.1.5 (/opt/ros/humble/share/rosidl_generator_c/cmake)
-- Found rosidl_adapter: 3.1.5 (/opt/ros/humble/share/rosidl_adapter/cmake)
-- Found rosidl_generator_cpp: 3.1.5 (/opt/ros/humble/share/rosidl_generator_cpp/cmake)
-- Using all available rosidl_typesupport_c: rosidl_typesupport_fastrtps_c;rosidl_typesupport_introspection_c
-- Using all available rosidl_typesupport_cpp: rosidl_typesupport_fastrtps_cpp;rosidl_typesupport_introspection_cpp
-- Found rmw_implementation_cmake: 6.1.2 (/opt/ros/humble/share/rmw_implementation_cmake/cmake)
-- Found rmw_fastrtps_cpp: 6.2.7 (/opt/ros/humble/share/rmw_fastrtps_cpp/cmake)
-- Using RMW implementation 'rmw_fastrtps_cpp' as default
-- Found sensor_msgs: 4.2.4 (/opt/ros/humble/share/sensor_msgs/cmake)
-- Found ament_lint_auto: 0.12.11 (/opt/ros/humble/share/ament_lint_auto/cmake)
-- Added test 'cppcheck' to perform static code analysis on C / C++ code
-- Configured cppcheck include dirs: /home/fourfold/dev/inmind_final_project_test/workspace/src/perception/distance_converter/include
-- Configured cppcheck exclude dirs and/or files: 
-- Added test 'lint_cmake' to check CMake code style
-- Added test 'uncrustify' to check C / C++ code style
-- Configured uncrustify additional arguments: 
-- Added test 'xmllint' to check XML markup files
-- Configuring done
-- Generating done
-- Build files have been written to: /home/fourfold/dev/inmind_final_project_test/workspace/build/distance_converter
[ 50%] [32mBuilding CXX object CMakeFiles/distance_converter.dir/src/distance_converter.cpp.o[0m
[100%] [32m[1mLinking CXX executable distance_converter[0m
[100%] Built target distance_converter
-- Install configuration: ""
-- Installing: /home/fourfold/dev/inmind_final_project_test/workspace/install/distance_converter/lib/distance_converter/distance_converter
-- Set runtime path of "/home/fourfold/dev/inmind_final_project_test/workspace/install/distance_converter/lib/distance_converter/distance_converter" to ""
-- Installing: /home/fourfold/dev/inmind_final_project_test/workspace/install/distance_converter/share/ament_index/resource_index/package_run_dependencies/distance_converter
-- Installing: /home/fourfold/dev/inmind_final_project_test/workspace/install/distance_converter/share/ament_index/resource_index/parent_prefix_path/distance_converter
-- Installing: /home/fourfold/dev/inmind_final_project_test/workspace/install/distance_converter/share/distance_converter/environment/ament_prefix_path.sh
-- Installing: /home/fourfold/dev/inmind_final_project_test/workspace/install/distance_converter/share/distance_converter/environment/ament_prefix_path.dsv
-- Installing: /home/fourfold/dev/inmind_final_project_test/workspace/install/distance_converter/share/distance_converter/environment/path.sh
-- Installing: /home/fourfold/dev/inmind_final_project_test/workspace/install/distance_converter/share/distance_converter/environment/path.dsv
-- Installing: /home/fourfold/dev/inmind_final_project_test/workspace/install/distance_converter/share/distance_converter/local_setup.bash
-- Installing: /home/fourfold/dev/inmind_final_project_test/workspace/install/distance_converter/share/distance_converter/local_setup.sh
-- Installing: /home/fourfold/dev/inmind_final_project_test/workspace/install/distance_converter/share/distance_converter/local_setup.zsh
-- Installing: /home/fourfold/dev/inmind_final_project_test/workspace/install/distance_converter/share/distance_converter/local_setup.dsv
-- Installing: /home/fourfold/dev/inmind_final_project_test/workspace/install/distance_converter/share/distance_converter/package.dsv
-- Installing: /home/fourfold/dev/inmind_final_project_test/workspace/install/distance_converter/share/ament_index/resource_index/packages/distance_converter
-- Installing: /home/fourfold/dev/inmind_final_project_test/workspace/install/distance_converter/share/distance_converter/cmake/distance_converterConfig.cmake
-- Installing: /home/fourfold/dev/inmind_final_project_test/workspace/install/distance_converter/share/distance_converter/cmake/distance_converterConfig-version.cmake
-- Installing: /home/fourfold/dev/inmind_final_project_test/workspace/install/distance_converter/share/distance_converter/package.xml
