[0.021s] Invoking command in '/home/fourfold/dev/inmind_final_project_test/workspace/build/distance_converter': CMAKE_PREFIX_PATH=${CMAKE_PREFIX_PATH}:/home/fourfold/dev/inmind_final_project_test/workspace/install/yolov8_webcam:/home/fourfold/dev/inmind_final_project_test/workspace/install/object_detector:/opt/ros/humble /usr/bin/cmake --build /home/fourfold/dev/inmind_final_project_test/workspace/build/distance_converter -- -j16 -l16
[0.269s] -- Found ament_cmake: 1.3.10 (/opt/ros/humble/share/ament_cmake/cmake)
[0.269s] -- Found rclcpp: 16.0.10 (/opt/ros/humble/share/rclcpp/cmake)
[0.269s] -- Found rosidl_generator_c: 3.1.5 (/opt/ros/humble/share/rosidl_generator_c/cmake)
[0.269s] -- Found rosidl_adapter: 3.1.5 (/opt/ros/humble/share/rosidl_adapter/cmake)
[0.269s] -- Found rosidl_generator_cpp: 3.1.5 (/opt/ros/humble/share/rosidl_generator_cpp/cmake)
[0.269s] -- Using all available rosidl_typesupport_c: rosidl_typesupport_fastrtps_c;rosidl_typesupport_introspection_c
[0.269s] -- Using all available rosidl_typesupport_cpp: rosidl_typesupport_fastrtps_cpp;rosidl_typesupport_introspection_cpp
[0.269s] -- Found rmw_implementation_cmake: 6.1.2 (/opt/ros/humble/share/rmw_implementation_cmake/cmake)
[0.270s] -- Found rmw_fastrtps_cpp: 6.2.7 (/opt/ros/humble/share/rmw_fastrtps_cpp/cmake)
[0.310s] -- Using RMW implementation 'rmw_fastrtps_cpp' as default
[0.346s] -- Found sensor_msgs: 4.2.4 (/opt/ros/humble/share/sensor_msgs/cmake)
[0.365s] -- Found ament_lint_auto: 0.12.11 (/opt/ros/humble/share/ament_lint_auto/cmake)
[0.412s] -- Added test 'cppcheck' to perform static code analysis on C / C++ code
[0.413s] -- Configured cppcheck include dirs: /home/fourfold/dev/inmind_final_project_test/workspace/src/perception/distance_converter/include
[0.413s] -- Configured cppcheck exclude dirs and/or files: 
[0.413s] -- Added test 'lint_cmake' to check CMake code style
[0.413s] -- Added test 'uncrustify' to check C / C++ code style
[0.413s] -- Configured uncrustify additional arguments: 
[0.413s] -- Added test 'xmllint' to check XML markup files
[0.414s] -- Configuring done
[0.419s] -- Generating done
[0.420s] -- Build files have been written to: /home/fourfold/dev/inmind_final_project_test/workspace/build/distance_converter
[0.450s] [ 50%] [32mBuilding CXX object CMakeFiles/distance_converter.dir/src/distance_converter.cpp.o[0m
[5.060s] [100%] [32m[1mLinking CXX executable distance_converter[0m
[5.269s] [100%] Built target distance_converter
[5.279s] Invoked command in '/home/fourfold/dev/inmind_final_project_test/workspace/build/distance_converter' returned '0': CMAKE_PREFIX_PATH=${CMAKE_PREFIX_PATH}:/home/fourfold/dev/inmind_final_project_test/workspace/install/yolov8_webcam:/home/fourfold/dev/inmind_final_project_test/workspace/install/object_detector:/opt/ros/humble /usr/bin/cmake --build /home/fourfold/dev/inmind_final_project_test/workspace/build/distance_converter -- -j16 -l16
[5.299s] Invoking command in '/home/fourfold/dev/inmind_final_project_test/workspace/build/distance_converter': CMAKE_PREFIX_PATH=${CMAKE_PREFIX_PATH}:/home/fourfold/dev/inmind_final_project_test/workspace/install/yolov8_webcam:/home/fourfold/dev/inmind_final_project_test/workspace/install/object_detector:/opt/ros/humble /usr/bin/cmake --install /home/fourfold/dev/inmind_final_project_test/workspace/build/distance_converter
[5.304s] -- Install configuration: ""
[5.304s] -- Installing: /home/fourfold/dev/inmind_final_project_test/workspace/install/distance_converter/lib/distance_converter/distance_converter
[5.306s] -- Set runtime path of "/home/fourfold/dev/inmind_final_project_test/workspace/install/distance_converter/lib/distance_converter/distance_converter" to ""
[5.306s] -- Installing: /home/fourfold/dev/inmind_final_project_test/workspace/install/distance_converter/share/ament_index/resource_index/package_run_dependencies/distance_converter
[5.306s] -- Installing: /home/fourfold/dev/inmind_final_project_test/workspace/install/distance_converter/share/ament_index/resource_index/parent_prefix_path/distance_converter
[5.306s] -- Installing: /home/fourfold/dev/inmind_final_project_test/workspace/install/distance_converter/share/distance_converter/environment/ament_prefix_path.sh
[5.306s] -- Installing: /home/fourfold/dev/inmind_final_project_test/workspace/install/distance_converter/share/distance_converter/environment/ament_prefix_path.dsv
[5.306s] -- Installing: /home/fourfold/dev/inmind_final_project_test/workspace/install/distance_converter/share/distance_converter/environment/path.sh
[5.306s] -- Installing: /home/fourfold/dev/inmind_final_project_test/workspace/install/distance_converter/share/distance_converter/environment/path.dsv
[5.306s] -- Installing: /home/fourfold/dev/inmind_final_project_test/workspace/install/distance_converter/share/distance_converter/local_setup.bash
[5.306s] -- Installing: /home/fourfold/dev/inmind_final_project_test/workspace/install/distance_converter/share/distance_converter/local_setup.sh
[5.306s] -- Installing: /home/fourfold/dev/inmind_final_project_test/workspace/install/distance_converter/share/distance_converter/local_setup.zsh
[5.306s] -- Installing: /home/fourfold/dev/inmind_final_project_test/workspace/install/distance_converter/share/distance_converter/local_setup.dsv
[5.307s] -- Installing: /home/fourfold/dev/inmind_final_project_test/workspace/install/distance_converter/share/distance_converter/package.dsv
[5.307s] -- Installing: /home/fourfold/dev/inmind_final_project_test/workspace/install/distance_converter/share/ament_index/resource_index/packages/distance_converter
[5.307s] -- Installing: /home/fourfold/dev/inmind_final_project_test/workspace/install/distance_converter/share/distance_converter/cmake/distance_converterConfig.cmake
[5.307s] -- Installing: /home/fourfold/dev/inmind_final_project_test/workspace/install/distance_converter/share/distance_converter/cmake/distance_converterConfig-version.cmake
[5.307s] -- Installing: /home/fourfold/dev/inmind_final_project_test/workspace/install/distance_converter/share/distance_converter/package.xml
[5.308s] Invoked command in '/home/fourfold/dev/inmind_final_project_test/workspace/build/distance_converter' returned '0': CMAKE_PREFIX_PATH=${CMAKE_PREFIX_PATH}:/home/fourfold/dev/inmind_final_project_test/workspace/install/yolov8_webcam:/home/fourfold/dev/inmind_final_project_test/workspace/install/object_detector:/opt/ros/humble /usr/bin/cmake --install /home/fourfold/dev/inmind_final_project_test/workspace/build/distance_converter
