[1.252s] Invoking command in '/home/makramgh/Desktop/Pepsi-Bot/workspace/src/perception/object_detector': PYTHONPATH=/home/makramgh/Desktop/Pepsi-Bot/workspace/build/object_detector/prefix_override:/usr/lib/python3/dist-packages/colcon_core/task/python/colcon_distutils_commands:/home/makramgh/Desktop/Pepsi-Bot/workspace/install/object_detector/lib/python3.10/site-packages:${PYTHONPATH} /usr/bin/python3 -W ignore:setup.py install is deprecated setup.py egg_info --egg-base ../../../build/object_detector build --build-base /home/makramgh/Desktop/Pepsi-Bot/workspace/build/object_detector/build install --record /home/makramgh/Desktop/Pepsi-Bot/workspace/build/object_detector/install.log --single-version-externally-managed install_data
[1.493s] running egg_info
[1.494s] writing ../../../build/object_detector/object_detector.egg-info/PKG-INFO
[1.494s] writing dependency_links to ../../../build/object_detector/object_detector.egg-info/dependency_links.txt
[1.494s] writing entry points to ../../../build/object_detector/object_detector.egg-info/entry_points.txt
[1.494s] writing requirements to ../../../build/object_detector/object_detector.egg-info/requires.txt
[1.495s] writing top-level names to ../../../build/object_detector/object_detector.egg-info/top_level.txt
[1.496s] reading manifest file '../../../build/object_detector/object_detector.egg-info/SOURCES.txt'
[1.497s] writing manifest file '../../../build/object_detector/object_detector.egg-info/SOURCES.txt'
[1.497s] running build
[1.497s] running build_py
[1.497s] running install
[1.497s] running install_lib
[1.498s] running install_data
[1.498s] running install_egg_info
[1.499s] removing '/home/makramgh/Desktop/Pepsi-Bot/workspace/install/object_detector/lib/python3.10/site-packages/object_detector-0.0.0-py3.10.egg-info' (and everything under it)
[1.500s] Copying ../../../build/object_detector/object_detector.egg-info to /home/makramgh/Desktop/Pepsi-Bot/workspace/install/object_detector/lib/python3.10/site-packages/object_detector-0.0.0-py3.10.egg-info
[1.500s] running install_scripts
[1.515s] Installing object_detector script to /home/makramgh/Desktop/Pepsi-Bot/workspace/install/object_detector/lib/object_detector
[1.516s] writing list of installed files to '/home/makramgh/Desktop/Pepsi-Bot/workspace/build/object_detector/install.log'
[1.536s] Invoked command in '/home/makramgh/Desktop/Pepsi-Bot/workspace/src/perception/object_detector' returned '0': PYTHONPATH=/home/makramgh/Desktop/Pepsi-Bot/workspace/build/object_detector/prefix_override:/usr/lib/python3/dist-packages/colcon_core/task/python/colcon_distutils_commands:/home/makramgh/Desktop/Pepsi-Bot/workspace/install/object_detector/lib/python3.10/site-packages:${PYTHONPATH} /usr/bin/python3 -W ignore:setup.py install is deprecated setup.py egg_info --egg-base ../../../build/object_detector build --build-base /home/makramgh/Desktop/Pepsi-Bot/workspace/build/object_detector/build install --record /home/makramgh/Desktop/Pepsi-Bot/workspace/build/object_detector/install.log --single-version-externally-managed install_data
