[0.012s] Invoking command in '/home/makramgh/Desktop/Pepsi-Bot/workspace/build/object_finder': AMENT_PREFIX_PATH=/home/makramgh/Desktop/Pepsi-Bot/workspace/install/detection_interfaces:${AMENT_PREFIX_PATH} CMAKE_PREFIX_PATH=/home/makramgh/Desktop/Pepsi-Bot/workspace/install/detection_interfaces:/opt/ros/humble LD_LIBRARY_PATH=/home/makramgh/Desktop/Pepsi-Bot/workspace/install/detection_interfaces/lib:${LD_LIBRARY_PATH} PYTHONPATH=/home/makramgh/Desktop/Pepsi-Bot/workspace/install/detection_interfaces/local/lib/python3.10/dist-packages:${PYTHONPATH} /usr/bin/cmake /home/makramgh/Desktop/Pepsi-Bot/workspace/src/perception/object_finder -DCMAKE_INSTALL_PREFIX=/home/makramgh/Desktop/Pepsi-Bot/workspace/install/object_finder
[0.071s] -- The C compiler identification is GNU 11.4.0
[0.138s] -- The CXX compiler identification is GNU 11.4.0
[0.146s] -- Detecting C compiler ABI info
[0.220s] -- Detecting C compiler ABI info - done
[0.238s] -- Check for working C compiler: /usr/bin/cc - skipped
[0.239s] -- Detecting C compile features
[0.239s] -- Detecting C compile features - done
[0.245s] -- Detecting CXX compiler ABI info
[0.336s] -- Detecting CXX compiler ABI info - done
[0.355s] -- Check for working CXX compiler: /usr/bin/c++ - skipped
[0.356s] -- Detecting CXX compile features
[0.357s] -- Detecting CXX compile features - done
[0.361s] -- Found ament_cmake: 1.3.9 (/opt/ros/humble/share/ament_cmake/cmake)
[0.563s] -- Found Python3: /usr/bin/python3 (found version "3.10.12") found components: Interpreter 
[0.690s] -- Found rclcpp: 16.0.9 (/opt/ros/humble/share/rclcpp/cmake)
[0.742s] -- Found rosidl_generator_c: 3.1.5 (/opt/ros/humble/share/rosidl_generator_c/cmake)
[0.748s] -- Found rosidl_adapter: 3.1.5 (/opt/ros/humble/share/rosidl_adapter/cmake)
[0.759s] -- Found rosidl_generator_cpp: 3.1.5 (/opt/ros/humble/share/rosidl_generator_cpp/cmake)
[0.777s] -- Using all available rosidl_typesupport_c: rosidl_typesupport_fastrtps_c;rosidl_typesupport_introspection_c
[0.803s] -- Using all available rosidl_typesupport_cpp: rosidl_typesupport_fastrtps_cpp;rosidl_typesupport_introspection_cpp
[0.895s] -- Found rmw_implementation_cmake: 6.1.2 (/opt/ros/humble/share/rmw_implementation_cmake/cmake)
[0.898s] -- Found rmw_fastrtps_cpp: 6.2.6 (/opt/ros/humble/share/rmw_fastrtps_cpp/cmake)
[1.020s] -- Found OpenSSL: /usr/lib/x86_64-linux-gnu/libcrypto.so (found version "3.0.2")  
[1.066s] -- Found FastRTPS: /opt/ros/humble/include  
[1.123s] -- Using RMW implementation 'rmw_fastrtps_cpp' as default
[1.135s] -- Looking for pthread.h
[1.214s] -- Looking for pthread.h - found
[1.214s] -- Performing Test CMAKE_HAVE_LIBC_PTHREAD
[1.295s] -- Performing Test CMAKE_HAVE_LIBC_PTHREAD - Success
[1.297s] -- Found Threads: TRUE  
[1.516s] -- Found rclcpp_action: 16.0.9 (/opt/ros/humble/share/rclcpp_action/cmake)
[1.646s] -- Found detection_interfaces: 0.0.0 (/home/makramgh/Desktop/Pepsi-Bot/workspace/install/detection_interfaces/share/detection_interfaces/cmake)
[1.717s] -- Found ament_lint_auto: 0.12.11 (/opt/ros/humble/share/ament_lint_auto/cmake)
[1.818s] -- Added test 'cppcheck' to perform static code analysis on C / C++ code
[1.818s] -- Configured cppcheck include dirs: /home/makramgh/Desktop/Pepsi-Bot/workspace/src/perception/object_finder/include
[1.819s] -- Configured cppcheck exclude dirs and/or files: 
[1.819s] -- Added test 'flake8' to check Python code syntax and style conventions
[1.820s] -- Added test 'lint_cmake' to check CMake code style
[1.821s] -- Added test 'pep257' to check Python code against some of the docstring style conventions in PEP 257
[1.824s] -- Added test 'uncrustify' to check C / C++ code style
[1.824s] -- Configured uncrustify additional arguments: 
[1.824s] -- Added test 'xmllint' to check XML markup files
[1.826s] -- Configuring done
[1.831s] -- Generating done
[1.833s] -- Build files have been written to: /home/makramgh/Desktop/Pepsi-Bot/workspace/build/object_finder
[1.844s] Invoked command in '/home/makramgh/Desktop/Pepsi-Bot/workspace/build/object_finder' returned '0': AMENT_PREFIX_PATH=/home/makramgh/Desktop/Pepsi-Bot/workspace/install/detection_interfaces:${AMENT_PREFIX_PATH} CMAKE_PREFIX_PATH=/home/makramgh/Desktop/Pepsi-Bot/workspace/install/detection_interfaces:/opt/ros/humble LD_LIBRARY_PATH=/home/makramgh/Desktop/Pepsi-Bot/workspace/install/detection_interfaces/lib:${LD_LIBRARY_PATH} PYTHONPATH=/home/makramgh/Desktop/Pepsi-Bot/workspace/install/detection_interfaces/local/lib/python3.10/dist-packages:${PYTHONPATH} /usr/bin/cmake /home/makramgh/Desktop/Pepsi-Bot/workspace/src/perception/object_finder -DCMAKE_INSTALL_PREFIX=/home/makramgh/Desktop/Pepsi-Bot/workspace/install/object_finder
[1.845s] Invoking command in '/home/makramgh/Desktop/Pepsi-Bot/workspace/build/object_finder': AMENT_PREFIX_PATH=/home/makramgh/Desktop/Pepsi-Bot/workspace/install/detection_interfaces:${AMENT_PREFIX_PATH} CMAKE_PREFIX_PATH=/home/makramgh/Desktop/Pepsi-Bot/workspace/install/detection_interfaces:/opt/ros/humble LD_LIBRARY_PATH=/home/makramgh/Desktop/Pepsi-Bot/workspace/install/detection_interfaces/lib:${LD_LIBRARY_PATH} PYTHONPATH=/home/makramgh/Desktop/Pepsi-Bot/workspace/install/detection_interfaces/local/lib/python3.10/dist-packages:${PYTHONPATH} /usr/bin/cmake --build /home/makramgh/Desktop/Pepsi-Bot/workspace/build/object_finder -- -j12 -l12
[1.889s] Invoked command in '/home/makramgh/Desktop/Pepsi-Bot/workspace/build/object_finder' returned '0': AMENT_PREFIX_PATH=/home/makramgh/Desktop/Pepsi-Bot/workspace/install/detection_interfaces:${AMENT_PREFIX_PATH} CMAKE_PREFIX_PATH=/home/makramgh/Desktop/Pepsi-Bot/workspace/install/detection_interfaces:/opt/ros/humble LD_LIBRARY_PATH=/home/makramgh/Desktop/Pepsi-Bot/workspace/install/detection_interfaces/lib:${LD_LIBRARY_PATH} PYTHONPATH=/home/makramgh/Desktop/Pepsi-Bot/workspace/install/detection_interfaces/local/lib/python3.10/dist-packages:${PYTHONPATH} /usr/bin/cmake --build /home/makramgh/Desktop/Pepsi-Bot/workspace/build/object_finder -- -j12 -l12
[1.911s] Invoking command in '/home/makramgh/Desktop/Pepsi-Bot/workspace/build/object_finder': AMENT_PREFIX_PATH=/home/makramgh/Desktop/Pepsi-Bot/workspace/install/detection_interfaces:${AMENT_PREFIX_PATH} CMAKE_PREFIX_PATH=/home/makramgh/Desktop/Pepsi-Bot/workspace/install/detection_interfaces:/opt/ros/humble LD_LIBRARY_PATH=/home/makramgh/Desktop/Pepsi-Bot/workspace/install/detection_interfaces/lib:${LD_LIBRARY_PATH} PYTHONPATH=/home/makramgh/Desktop/Pepsi-Bot/workspace/install/detection_interfaces/local/lib/python3.10/dist-packages:${PYTHONPATH} /usr/bin/cmake --install /home/makramgh/Desktop/Pepsi-Bot/workspace/build/object_finder
[1.919s] -- Install configuration: ""
[1.919s] -- Installing: /home/makramgh/Desktop/Pepsi-Bot/workspace/install/object_finder/include/
[1.919s] -- Installing: /home/makramgh/Desktop/Pepsi-Bot/workspace/install/object_finder/include//object_finder
[1.920s] -- Installing: /home/makramgh/Desktop/Pepsi-Bot/workspace/install/object_finder/include//object_finder/object_on_left.h
[1.920s] -- Installing: /home/makramgh/Desktop/Pepsi-Bot/workspace/install/object_finder/include//object_finder/find_object.h
[1.920s] -- Installing: /home/makramgh/Desktop/Pepsi-Bot/workspace/install/object_finder/include//object_finder/object_at_center.h
[1.920s] -- Installing: /home/makramgh/Desktop/Pepsi-Bot/workspace/install/object_finder/include//object_finder/object_on_right.h
[1.920s] -- Installing: /home/makramgh/Desktop/Pepsi-Bot/workspace/install/object_finder/share/ament_index/resource_index/package_run_dependencies/object_finder
[1.920s] -- Installing: /home/makramgh/Desktop/Pepsi-Bot/workspace/install/object_finder/share/ament_index/resource_index/parent_prefix_path/object_finder
[1.921s] -- Installing: /home/makramgh/Desktop/Pepsi-Bot/workspace/install/object_finder/share/object_finder/environment/ament_prefix_path.sh
[1.921s] -- Installing: /home/makramgh/Desktop/Pepsi-Bot/workspace/install/object_finder/share/object_finder/environment/ament_prefix_path.dsv
[1.921s] -- Installing: /home/makramgh/Desktop/Pepsi-Bot/workspace/install/object_finder/share/object_finder/environment/path.sh
[1.921s] -- Installing: /home/makramgh/Desktop/Pepsi-Bot/workspace/install/object_finder/share/object_finder/environment/path.dsv
[1.921s] -- Installing: /home/makramgh/Desktop/Pepsi-Bot/workspace/install/object_finder/share/object_finder/local_setup.bash
[1.922s] -- Installing: /home/makramgh/Desktop/Pepsi-Bot/workspace/install/object_finder/share/object_finder/local_setup.sh
[1.922s] -- Installing: /home/makramgh/Desktop/Pepsi-Bot/workspace/install/object_finder/share/object_finder/local_setup.zsh
[1.922s] -- Installing: /home/makramgh/Desktop/Pepsi-Bot/workspace/install/object_finder/share/object_finder/local_setup.dsv
[1.922s] -- Installing: /home/makramgh/Desktop/Pepsi-Bot/workspace/install/object_finder/share/object_finder/package.dsv
[1.922s] -- Installing: /home/makramgh/Desktop/Pepsi-Bot/workspace/install/object_finder/share/ament_index/resource_index/packages/object_finder
[1.922s] -- Installing: /home/makramgh/Desktop/Pepsi-Bot/workspace/install/object_finder/share/object_finder/cmake/ament_cmake_export_include_directories-extras.cmake
[1.923s] -- Installing: /home/makramgh/Desktop/Pepsi-Bot/workspace/install/object_finder/share/object_finder/cmake/object_finderConfig.cmake
[1.923s] -- Installing: /home/makramgh/Desktop/Pepsi-Bot/workspace/install/object_finder/share/object_finder/cmake/object_finderConfig-version.cmake
[1.923s] -- Installing: /home/makramgh/Desktop/Pepsi-Bot/workspace/install/object_finder/share/object_finder/package.xml
[1.925s] Invoked command in '/home/makramgh/Desktop/Pepsi-Bot/workspace/build/object_finder' returned '0': AMENT_PREFIX_PATH=/home/makramgh/Desktop/Pepsi-Bot/workspace/install/detection_interfaces:${AMENT_PREFIX_PATH} CMAKE_PREFIX_PATH=/home/makramgh/Desktop/Pepsi-Bot/workspace/install/detection_interfaces:/opt/ros/humble LD_LIBRARY_PATH=/home/makramgh/Desktop/Pepsi-Bot/workspace/install/detection_interfaces/lib:${LD_LIBRARY_PATH} PYTHONPATH=/home/makramgh/Desktop/Pepsi-Bot/workspace/install/detection_interfaces/local/lib/python3.10/dist-packages:${PYTHONPATH} /usr/bin/cmake --install /home/makramgh/Desktop/Pepsi-Bot/workspace/build/object_finder
