[0.014s] Invoking command in '/home/fourfold/dev/inmind_final_project_test/workspace/build/distance_interfaces': CMAKE_PREFIX_PATH=${CMAKE_PREFIX_PATH}:/home/fourfold/dev/inmind_final_project_test/workspace/install/yolov8_webcam:/opt/ros/humble /usr/bin/cmake --build /home/fourfold/dev/inmind_final_project_test/workspace/build/distance_interfaces -- -j16 -l16
[0.046s] [  3%] Built target distance_interfaces__cpp
[0.049s] [ 12%] Built target distance_interfaces__rosidl_generator_c
[0.065s] [ 12%] Built target ament_cmake_python_copy_distance_interfaces
[0.069s] [ 22%] Built target distance_interfaces__rosidl_typesupport_cpp
[0.071s] [ 32%] Built target distance_interfaces__rosidl_typesupport_introspection_cpp
[0.076s] [ 41%] Built target distance_interfaces__rosidl_typesupport_c
[0.076s] [ 51%] Built target distance_interfaces__rosidl_typesupport_fastrtps_c
[0.076s] [ 61%] Built target distance_interfaces__rosidl_typesupport_fastrtps_cpp
[0.077s] [ 70%] Built target distance_interfaces__rosidl_typesupport_introspection_c
[0.098s] [ 70%] Built target distance_interfaces
[0.119s] [ 74%] Built target distance_interfaces__py
[0.137s] [ 80%] Built target distance_interfaces__rosidl_generator_py
[0.153s] [ 87%] Built target distance_interfaces__rosidl_typesupport_fastrtps_c__pyext
[0.155s] [ 93%] Built target distance_interfaces__rosidl_typesupport_introspection_c__pyext
[0.156s] [100%] Built target distance_interfaces__rosidl_typesupport_c__pyext
[0.277s] running egg_info
[0.277s] writing distance_interfaces.egg-info/PKG-INFO
[0.277s] writing dependency_links to distance_interfaces.egg-info/dependency_links.txt
[0.277s] writing top-level names to distance_interfaces.egg-info/top_level.txt
[0.278s] reading manifest file 'distance_interfaces.egg-info/SOURCES.txt'
[0.279s] writing manifest file 'distance_interfaces.egg-info/SOURCES.txt'
[0.302s] [100%] Built target ament_cmake_python_build_distance_interfaces_egg
[0.314s] Invoked command in '/home/fourfold/dev/inmind_final_project_test/workspace/build/distance_interfaces' returned '0': CMAKE_PREFIX_PATH=${CMAKE_PREFIX_PATH}:/home/fourfold/dev/inmind_final_project_test/workspace/install/yolov8_webcam:/opt/ros/humble /usr/bin/cmake --build /home/fourfold/dev/inmind_final_project_test/workspace/build/distance_interfaces -- -j16 -l16
[0.355s] Invoking command in '/home/fourfold/dev/inmind_final_project_test/workspace/build/distance_interfaces': CMAKE_PREFIX_PATH=${CMAKE_PREFIX_PATH}:/home/fourfold/dev/inmind_final_project_test/workspace/install/yolov8_webcam:/opt/ros/humble /usr/bin/cmake --install /home/fourfold/dev/inmind_final_project_test/workspace/build/distance_interfaces
[0.360s] -- Install configuration: ""
[0.360s] -- Up-to-date: /home/fourfold/dev/inmind_final_project_test/workspace/install/distance_interfaces/share/ament_index/resource_index/rosidl_interfaces/distance_interfaces
[0.360s] -- Up-to-date: /home/fourfold/dev/inmind_final_project_test/workspace/install/distance_interfaces/include/distance_interfaces/distance_interfaces
[0.360s] -- Up-to-date: /home/fourfold/dev/inmind_final_project_test/workspace/install/distance_interfaces/include/distance_interfaces/distance_interfaces/msg
[0.360s] -- Up-to-date: /home/fourfold/dev/inmind_final_project_test/workspace/install/distance_interfaces/include/distance_interfaces/distance_interfaces/msg/rosidl_generator_c__visibility_control.h
[0.360s] -- Up-to-date: /home/fourfold/dev/inmind_final_project_test/workspace/install/distance_interfaces/include/distance_interfaces/distance_interfaces/srv
[0.360s] -- Up-to-date: /home/fourfold/dev/inmind_final_project_test/workspace/install/distance_interfaces/include/distance_interfaces/distance_interfaces/srv/detail
[0.360s] -- Up-to-date: /home/fourfold/dev/inmind_final_project_test/workspace/install/distance_interfaces/include/distance_interfaces/distance_interfaces/srv/detail/get_front_distance__type_support.h
[0.360s] -- Up-to-date: /home/fourfold/dev/inmind_final_project_test/workspace/install/distance_interfaces/include/distance_interfaces/distance_interfaces/srv/detail/get_front_distance__functions.c
[0.360s] -- Up-to-date: /home/fourfold/dev/inmind_final_project_test/workspace/install/distance_interfaces/include/distance_interfaces/distance_interfaces/srv/detail/get_front_distance__functions.h
[0.360s] -- Up-to-date: /home/fourfold/dev/inmind_final_project_test/workspace/install/distance_interfaces/include/distance_interfaces/distance_interfaces/srv/detail/get_front_distance__struct.h
[0.360s] -- Up-to-date: /home/fourfold/dev/inmind_final_project_test/workspace/install/distance_interfaces/include/distance_interfaces/distance_interfaces/srv/get_front_distance.h
[0.360s] -- Up-to-date: /home/fourfold/dev/inmind_final_project_test/workspace/install/distance_interfaces/share/distance_interfaces/environment/library_path.sh
[0.360s] -- Up-to-date: /home/fourfold/dev/inmind_final_project_test/workspace/install/distance_interfaces/share/distance_interfaces/environment/library_path.dsv
[0.360s] -- Up-to-date: /home/fourfold/dev/inmind_final_project_test/workspace/install/distance_interfaces/lib/libdistance_interfaces__rosidl_generator_c.so
[0.360s] -- Up-to-date: /home/fourfold/dev/inmind_final_project_test/workspace/install/distance_interfaces/include/distance_interfaces/distance_interfaces
[0.360s] -- Up-to-date: /home/fourfold/dev/inmind_final_project_test/workspace/install/distance_interfaces/include/distance_interfaces/distance_interfaces/msg
[0.361s] -- Up-to-date: /home/fourfold/dev/inmind_final_project_test/workspace/install/distance_interfaces/include/distance_interfaces/distance_interfaces/msg/rosidl_typesupport_fastrtps_c__visibility_control.h
[0.361s] -- Up-to-date: /home/fourfold/dev/inmind_final_project_test/workspace/install/distance_interfaces/include/distance_interfaces/distance_interfaces/srv
[0.361s] -- Up-to-date: /home/fourfold/dev/inmind_final_project_test/workspace/install/distance_interfaces/include/distance_interfaces/distance_interfaces/srv/detail
[0.361s] -- Up-to-date: /home/fourfold/dev/inmind_final_project_test/workspace/install/distance_interfaces/include/distance_interfaces/distance_interfaces/srv/detail/get_front_distance__rosidl_typesupport_fastrtps_c.h
[0.361s] -- Up-to-date: /home/fourfold/dev/inmind_final_project_test/workspace/install/distance_interfaces/lib/libdistance_interfaces__rosidl_typesupport_fastrtps_c.so
[0.361s] -- Up-to-date: /home/fourfold/dev/inmind_final_project_test/workspace/install/distance_interfaces/include/distance_interfaces/distance_interfaces
[0.361s] -- Up-to-date: /home/fourfold/dev/inmind_final_project_test/workspace/install/distance_interfaces/include/distance_interfaces/distance_interfaces/msg
[0.361s] -- Up-to-date: /home/fourfold/dev/inmind_final_project_test/workspace/install/distance_interfaces/include/distance_interfaces/distance_interfaces/msg/rosidl_typesupport_introspection_c__visibility_control.h
[0.361s] -- Up-to-date: /home/fourfold/dev/inmind_final_project_test/workspace/install/distance_interfaces/include/distance_interfaces/distance_interfaces/srv
[0.361s] -- Up-to-date: /home/fourfold/dev/inmind_final_project_test/workspace/install/distance_interfaces/include/distance_interfaces/distance_interfaces/srv/detail
[0.361s] -- Up-to-date: /home/fourfold/dev/inmind_final_project_test/workspace/install/distance_interfaces/include/distance_interfaces/distance_interfaces/srv/detail/get_front_distance__type_support.c
[0.361s] -- Up-to-date: /home/fourfold/dev/inmind_final_project_test/workspace/install/distance_interfaces/include/distance_interfaces/distance_interfaces/srv/detail/get_front_distance__rosidl_typesupport_introspection_c.h
[0.361s] -- Up-to-date: /home/fourfold/dev/inmind_final_project_test/workspace/install/distance_interfaces/lib/libdistance_interfaces__rosidl_typesupport_introspection_c.so
[0.361s] -- Up-to-date: /home/fourfold/dev/inmind_final_project_test/workspace/install/distance_interfaces/lib/libdistance_interfaces__rosidl_typesupport_c.so
[0.361s] -- Up-to-date: /home/fourfold/dev/inmind_final_project_test/workspace/install/distance_interfaces/include/distance_interfaces/distance_interfaces
[0.361s] -- Up-to-date: /home/fourfold/dev/inmind_final_project_test/workspace/install/distance_interfaces/include/distance_interfaces/distance_interfaces/srv
[0.361s] -- Up-to-date: /home/fourfold/dev/inmind_final_project_test/workspace/install/distance_interfaces/include/distance_interfaces/distance_interfaces/srv/detail
[0.361s] -- Up-to-date: /home/fourfold/dev/inmind_final_project_test/workspace/install/distance_interfaces/include/distance_interfaces/distance_interfaces/srv/detail/get_front_distance__struct.hpp
[0.361s] -- Up-to-date: /home/fourfold/dev/inmind_final_project_test/workspace/install/distance_interfaces/include/distance_interfaces/distance_interfaces/srv/detail/get_front_distance__traits.hpp
[0.361s] -- Up-to-date: /home/fourfold/dev/inmind_final_project_test/workspace/install/distance_interfaces/include/distance_interfaces/distance_interfaces/srv/detail/get_front_distance__builder.hpp
[0.361s] -- Up-to-date: /home/fourfold/dev/inmind_final_project_test/workspace/install/distance_interfaces/include/distance_interfaces/distance_interfaces/srv/get_front_distance.hpp
[0.361s] -- Up-to-date: /home/fourfold/dev/inmind_final_project_test/workspace/install/distance_interfaces/include/distance_interfaces/distance_interfaces
[0.361s] -- Up-to-date: /home/fourfold/dev/inmind_final_project_test/workspace/install/distance_interfaces/include/distance_interfaces/distance_interfaces/msg
[0.361s] -- Up-to-date: /home/fourfold/dev/inmind_final_project_test/workspace/install/distance_interfaces/include/distance_interfaces/distance_interfaces/msg/rosidl_typesupport_fastrtps_cpp__visibility_control.h
[0.361s] -- Up-to-date: /home/fourfold/dev/inmind_final_project_test/workspace/install/distance_interfaces/include/distance_interfaces/distance_interfaces/srv
[0.361s] -- Up-to-date: /home/fourfold/dev/inmind_final_project_test/workspace/install/distance_interfaces/include/distance_interfaces/distance_interfaces/srv/detail
[0.361s] -- Up-to-date: /home/fourfold/dev/inmind_final_project_test/workspace/install/distance_interfaces/include/distance_interfaces/distance_interfaces/srv/detail/get_front_distance__rosidl_typesupport_fastrtps_cpp.hpp
[0.361s] -- Up-to-date: /home/fourfold/dev/inmind_final_project_test/workspace/install/distance_interfaces/include/distance_interfaces/distance_interfaces/srv/detail/dds_fastrtps
[0.361s] -- Up-to-date: /home/fourfold/dev/inmind_final_project_test/workspace/install/distance_interfaces/lib/libdistance_interfaces__rosidl_typesupport_fastrtps_cpp.so
[0.362s] -- Up-to-date: /home/fourfold/dev/inmind_final_project_test/workspace/install/distance_interfaces/include/distance_interfaces/distance_interfaces
[0.362s] -- Up-to-date: /home/fourfold/dev/inmind_final_project_test/workspace/install/distance_interfaces/include/distance_interfaces/distance_interfaces/srv
[0.362s] -- Up-to-date: /home/fourfold/dev/inmind_final_project_test/workspace/install/distance_interfaces/include/distance_interfaces/distance_interfaces/srv/detail
[0.362s] -- Up-to-date: /home/fourfold/dev/inmind_final_project_test/workspace/install/distance_interfaces/include/distance_interfaces/distance_interfaces/srv/detail/get_front_distance__type_support.cpp
[0.362s] -- Up-to-date: /home/fourfold/dev/inmind_final_project_test/workspace/install/distance_interfaces/include/distance_interfaces/distance_interfaces/srv/detail/get_front_distance__rosidl_typesupport_introspection_cpp.hpp
[0.362s] -- Up-to-date: /home/fourfold/dev/inmind_final_project_test/workspace/install/distance_interfaces/lib/libdistance_interfaces__rosidl_typesupport_introspection_cpp.so
[0.362s] -- Up-to-date: /home/fourfold/dev/inmind_final_project_test/workspace/install/distance_interfaces/lib/libdistance_interfaces__rosidl_typesupport_cpp.so
[0.362s] -- Up-to-date: /home/fourfold/dev/inmind_final_project_test/workspace/install/distance_interfaces/share/distance_interfaces/environment/pythonpath.sh
[0.362s] -- Up-to-date: /home/fourfold/dev/inmind_final_project_test/workspace/install/distance_interfaces/share/distance_interfaces/environment/pythonpath.dsv
[0.362s] -- Up-to-date: /home/fourfold/dev/inmind_final_project_test/workspace/install/distance_interfaces/local/lib/python3.10/dist-packages/distance_interfaces-0.0.0-py3.10.egg-info
[0.362s] -- Installing: /home/fourfold/dev/inmind_final_project_test/workspace/install/distance_interfaces/local/lib/python3.10/dist-packages/distance_interfaces-0.0.0-py3.10.egg-info/SOURCES.txt
[0.362s] -- Installing: /home/fourfold/dev/inmind_final_project_test/workspace/install/distance_interfaces/local/lib/python3.10/dist-packages/distance_interfaces-0.0.0-py3.10.egg-info/top_level.txt
[0.362s] -- Installing: /home/fourfold/dev/inmind_final_project_test/workspace/install/distance_interfaces/local/lib/python3.10/dist-packages/distance_interfaces-0.0.0-py3.10.egg-info/PKG-INFO
[0.362s] -- Installing: /home/fourfold/dev/inmind_final_project_test/workspace/install/distance_interfaces/local/lib/python3.10/dist-packages/distance_interfaces-0.0.0-py3.10.egg-info/dependency_links.txt
[0.362s] -- Up-to-date: /home/fourfold/dev/inmind_final_project_test/workspace/install/distance_interfaces/local/lib/python3.10/dist-packages/distance_interfaces
[0.362s] -- Up-to-date: /home/fourfold/dev/inmind_final_project_test/workspace/install/distance_interfaces/local/lib/python3.10/dist-packages/distance_interfaces/_distance_interfaces_s.ep.rosidl_typesupport_fastrtps_c.c
[0.362s] -- Up-to-date: /home/fourfold/dev/inmind_final_project_test/workspace/install/distance_interfaces/local/lib/python3.10/dist-packages/distance_interfaces/distance_interfaces_s__rosidl_typesupport_fastrtps_c.cpython-310-x86_64-linux-gnu.so
[0.362s] -- Up-to-date: /home/fourfold/dev/inmind_final_project_test/workspace/install/distance_interfaces/local/lib/python3.10/dist-packages/distance_interfaces/distance_interfaces_s__rosidl_typesupport_introspection_c.cpython-310-x86_64-linux-gnu.so
[0.362s] -- Up-to-date: /home/fourfold/dev/inmind_final_project_test/workspace/install/distance_interfaces/local/lib/python3.10/dist-packages/distance_interfaces/distance_interfaces_s__rosidl_typesupport_c.cpython-310-x86_64-linux-gnu.so
[0.362s] -- Up-to-date: /home/fourfold/dev/inmind_final_project_test/workspace/install/distance_interfaces/local/lib/python3.10/dist-packages/distance_interfaces/_distance_interfaces_s.ep.rosidl_typesupport_introspection_c.c
[0.362s] -- Up-to-date: /home/fourfold/dev/inmind_final_project_test/workspace/install/distance_interfaces/local/lib/python3.10/dist-packages/distance_interfaces/_distance_interfaces_s.ep.rosidl_typesupport_c.c
[0.362s] -- Up-to-date: /home/fourfold/dev/inmind_final_project_test/workspace/install/distance_interfaces/local/lib/python3.10/dist-packages/distance_interfaces/libdistance_interfaces__rosidl_generator_py.so
[0.362s] -- Up-to-date: /home/fourfold/dev/inmind_final_project_test/workspace/install/distance_interfaces/local/lib/python3.10/dist-packages/distance_interfaces/srv
[0.362s] -- Up-to-date: /home/fourfold/dev/inmind_final_project_test/workspace/install/distance_interfaces/local/lib/python3.10/dist-packages/distance_interfaces/srv/_get_front_distance.py
[0.362s] -- Up-to-date: /home/fourfold/dev/inmind_final_project_test/workspace/install/distance_interfaces/local/lib/python3.10/dist-packages/distance_interfaces/srv/_get_front_distance_s.c
[0.362s] -- Up-to-date: /home/fourfold/dev/inmind_final_project_test/workspace/install/distance_interfaces/local/lib/python3.10/dist-packages/distance_interfaces/srv/__init__.py
[0.362s] -- Up-to-date: /home/fourfold/dev/inmind_final_project_test/workspace/install/distance_interfaces/local/lib/python3.10/dist-packages/distance_interfaces/__init__.py
[0.386s] Listing '/home/fourfold/dev/inmind_final_project_test/workspace/install/distance_interfaces/local/lib/python3.10/dist-packages/distance_interfaces'...
[0.386s] Listing '/home/fourfold/dev/inmind_final_project_test/workspace/install/distance_interfaces/local/lib/python3.10/dist-packages/distance_interfaces/srv'...
[0.391s] -- Up-to-date: /home/fourfold/dev/inmind_final_project_test/workspace/install/distance_interfaces/local/lib/python3.10/dist-packages/distance_interfaces/distance_interfaces_s__rosidl_typesupport_fastrtps_c.cpython-310-x86_64-linux-gnu.so
[0.392s] -- Up-to-date: /home/fourfold/dev/inmind_final_project_test/workspace/install/distance_interfaces/local/lib/python3.10/dist-packages/distance_interfaces/distance_interfaces_s__rosidl_typesupport_introspection_c.cpython-310-x86_64-linux-gnu.so
[0.392s] -- Up-to-date: /home/fourfold/dev/inmind_final_project_test/workspace/install/distance_interfaces/local/lib/python3.10/dist-packages/distance_interfaces/distance_interfaces_s__rosidl_typesupport_c.cpython-310-x86_64-linux-gnu.so
[0.392s] -- Up-to-date: /home/fourfold/dev/inmind_final_project_test/workspace/install/distance_interfaces/lib/libdistance_interfaces__rosidl_generator_py.so
[0.392s] -- Up-to-date: /home/fourfold/dev/inmind_final_project_test/workspace/install/distance_interfaces/share/distance_interfaces/srv/GetFrontDistance.idl
[0.393s] -- Up-to-date: /home/fourfold/dev/inmind_final_project_test/workspace/install/distance_interfaces/share/distance_interfaces/srv/GetFrontDistance.srv
[0.393s] -- Up-to-date: /home/fourfold/dev/inmind_final_project_test/workspace/install/distance_interfaces/share/distance_interfaces/srv/GetFrontDistance_Request.msg
[0.393s] -- Up-to-date: /home/fourfold/dev/inmind_final_project_test/workspace/install/distance_interfaces/share/distance_interfaces/srv/GetFrontDistance_Response.msg
[0.393s] -- Up-to-date: /home/fourfold/dev/inmind_final_project_test/workspace/install/distance_interfaces/share/ament_index/resource_index/package_run_dependencies/distance_interfaces
[0.393s] -- Up-to-date: /home/fourfold/dev/inmind_final_project_test/workspace/install/distance_interfaces/share/ament_index/resource_index/parent_prefix_path/distance_interfaces
[0.393s] -- Up-to-date: /home/fourfold/dev/inmind_final_project_test/workspace/install/distance_interfaces/share/distance_interfaces/environment/ament_prefix_path.sh
[0.393s] -- Up-to-date: /home/fourfold/dev/inmind_final_project_test/workspace/install/distance_interfaces/share/distance_interfaces/environment/ament_prefix_path.dsv
[0.393s] -- Up-to-date: /home/fourfold/dev/inmind_final_project_test/workspace/install/distance_interfaces/share/distance_interfaces/environment/path.sh
[0.393s] -- Up-to-date: /home/fourfold/dev/inmind_final_project_test/workspace/install/distance_interfaces/share/distance_interfaces/environment/path.dsv
[0.393s] -- Up-to-date: /home/fourfold/dev/inmind_final_project_test/workspace/install/distance_interfaces/share/distance_interfaces/local_setup.bash
[0.393s] -- Up-to-date: /home/fourfold/dev/inmind_final_project_test/workspace/install/distance_interfaces/share/distance_interfaces/local_setup.sh
[0.393s] -- Up-to-date: /home/fourfold/dev/inmind_final_project_test/workspace/install/distance_interfaces/share/distance_interfaces/local_setup.zsh
[0.393s] -- Up-to-date: /home/fourfold/dev/inmind_final_project_test/workspace/install/distance_interfaces/share/distance_interfaces/local_setup.dsv
[0.393s] -- Installing: /home/fourfold/dev/inmind_final_project_test/workspace/install/distance_interfaces/share/distance_interfaces/package.dsv
[0.393s] -- Up-to-date: /home/fourfold/dev/inmind_final_project_test/workspace/install/distance_interfaces/share/ament_index/resource_index/packages/distance_interfaces
[0.393s] -- Up-to-date: /home/fourfold/dev/inmind_final_project_test/workspace/install/distance_interfaces/share/distance_interfaces/cmake/export_distance_interfaces__rosidl_generator_cExport.cmake
[0.393s] -- Up-to-date: /home/fourfold/dev/inmind_final_project_test/workspace/install/distance_interfaces/share/distance_interfaces/cmake/export_distance_interfaces__rosidl_generator_cExport-noconfig.cmake
[0.393s] -- Up-to-date: /home/fourfold/dev/inmind_final_project_test/workspace/install/distance_interfaces/share/distance_interfaces/cmake/export_distance_interfaces__rosidl_typesupport_fastrtps_cExport.cmake
[0.393s] -- Up-to-date: /home/fourfold/dev/inmind_final_project_test/workspace/install/distance_interfaces/share/distance_interfaces/cmake/export_distance_interfaces__rosidl_typesupport_fastrtps_cExport-noconfig.cmake
[0.394s] -- Up-to-date: /home/fourfold/dev/inmind_final_project_test/workspace/install/distance_interfaces/share/distance_interfaces/cmake/distance_interfaces__rosidl_typesupport_introspection_cExport.cmake
[0.394s] -- Up-to-date: /home/fourfold/dev/inmind_final_project_test/workspace/install/distance_interfaces/share/distance_interfaces/cmake/distance_interfaces__rosidl_typesupport_introspection_cExport-noconfig.cmake
[0.394s] -- Up-to-date: /home/fourfold/dev/inmind_final_project_test/workspace/install/distance_interfaces/share/distance_interfaces/cmake/distance_interfaces__rosidl_typesupport_cExport.cmake
[0.394s] -- Up-to-date: /home/fourfold/dev/inmind_final_project_test/workspace/install/distance_interfaces/share/distance_interfaces/cmake/distance_interfaces__rosidl_typesupport_cExport-noconfig.cmake
[0.394s] -- Up-to-date: /home/fourfold/dev/inmind_final_project_test/workspace/install/distance_interfaces/share/distance_interfaces/cmake/export_distance_interfaces__rosidl_generator_cppExport.cmake
[0.394s] -- Up-to-date: /home/fourfold/dev/inmind_final_project_test/workspace/install/distance_interfaces/share/distance_interfaces/cmake/export_distance_interfaces__rosidl_typesupport_fastrtps_cppExport.cmake
[0.394s] -- Up-to-date: /home/fourfold/dev/inmind_final_project_test/workspace/install/distance_interfaces/share/distance_interfaces/cmake/export_distance_interfaces__rosidl_typesupport_fastrtps_cppExport-noconfig.cmake
[0.394s] -- Up-to-date: /home/fourfold/dev/inmind_final_project_test/workspace/install/distance_interfaces/share/distance_interfaces/cmake/distance_interfaces__rosidl_typesupport_introspection_cppExport.cmake
[0.394s] -- Up-to-date: /home/fourfold/dev/inmind_final_project_test/workspace/install/distance_interfaces/share/distance_interfaces/cmake/distance_interfaces__rosidl_typesupport_introspection_cppExport-noconfig.cmake
[0.394s] -- Up-to-date: /home/fourfold/dev/inmind_final_project_test/workspace/install/distance_interfaces/share/distance_interfaces/cmake/distance_interfaces__rosidl_typesupport_cppExport.cmake
[0.394s] -- Up-to-date: /home/fourfold/dev/inmind_final_project_test/workspace/install/distance_interfaces/share/distance_interfaces/cmake/distance_interfaces__rosidl_typesupport_cppExport-noconfig.cmake
[0.394s] -- Up-to-date: /home/fourfold/dev/inmind_final_project_test/workspace/install/distance_interfaces/share/distance_interfaces/cmake/export_distance_interfaces__rosidl_generator_pyExport.cmake
[0.394s] -- Up-to-date: /home/fourfold/dev/inmind_final_project_test/workspace/install/distance_interfaces/share/distance_interfaces/cmake/export_distance_interfaces__rosidl_generator_pyExport-noconfig.cmake
[0.394s] -- Up-to-date: /home/fourfold/dev/inmind_final_project_test/workspace/install/distance_interfaces/share/distance_interfaces/cmake/rosidl_cmake-extras.cmake
[0.394s] -- Up-to-date: /home/fourfold/dev/inmind_final_project_test/workspace/install/distance_interfaces/share/distance_interfaces/cmake/ament_cmake_export_include_directories-extras.cmake
[0.394s] -- Up-to-date: /home/fourfold/dev/inmind_final_project_test/workspace/install/distance_interfaces/share/distance_interfaces/cmake/ament_cmake_export_libraries-extras.cmake
[0.394s] -- Up-to-date: /home/fourfold/dev/inmind_final_project_test/workspace/install/distance_interfaces/share/distance_interfaces/cmake/ament_cmake_export_targets-extras.cmake
[0.394s] -- Up-to-date: /home/fourfold/dev/inmind_final_project_test/workspace/install/distance_interfaces/share/distance_interfaces/cmake/rosidl_cmake_export_typesupport_targets-extras.cmake
[0.394s] -- Up-to-date: /home/fourfold/dev/inmind_final_project_test/workspace/install/distance_interfaces/share/distance_interfaces/cmake/ament_cmake_export_dependencies-extras.cmake
[0.394s] -- Up-to-date: /home/fourfold/dev/inmind_final_project_test/workspace/install/distance_interfaces/share/distance_interfaces/cmake/rosidl_cmake_export_typesupport_libraries-extras.cmake
[0.394s] -- Up-to-date: /home/fourfold/dev/inmind_final_project_test/workspace/install/distance_interfaces/share/distance_interfaces/cmake/distance_interfacesConfig.cmake
[0.394s] -- Up-to-date: /home/fourfold/dev/inmind_final_project_test/workspace/install/distance_interfaces/share/distance_interfaces/cmake/distance_interfacesConfig-version.cmake
[0.395s] -- Up-to-date: /home/fourfold/dev/inmind_final_project_test/workspace/install/distance_interfaces/share/distance_interfaces/package.xml
[0.402s] Invoked command in '/home/fourfold/dev/inmind_final_project_test/workspace/build/distance_interfaces' returned '0': CMAKE_PREFIX_PATH=${CMAKE_PREFIX_PATH}:/home/fourfold/dev/inmind_final_project_test/workspace/install/yolov8_webcam:/opt/ros/humble /usr/bin/cmake --install /home/fourfold/dev/inmind_final_project_test/workspace/build/distance_interfaces
