[0.006s] Invoking command in '/home/fourfold/dev/inmind_final_project_test/workspace/build/main': CMAKE_PREFIX_PATH=/home/fourfold/dev/inmind_final_project_test/workspace/install/basic_navigation:/home/fourfold/dev/inmind_final_project_test/workspace/install/main:/opt/ros/humble /usr/bin/cmake --build /home/fourfold/dev/inmind_final_project_test/workspace/build/main -- -j16 -l16
[0.054s] [ 25%] [32mBuilding CXX object CMakeFiles/main_node.dir/src/main.cpp.o[0m
[0.055s] [ 50%] [32mBuilding CXX object CMakeFiles/test_node.dir/src/test.cpp.o[0m
[1.244s] [01m[K/home/fourfold/dev/inmind_final_project_test/workspace/src/main/main/src/test.cpp:[m[K In member function ‘[01m[Kvoid TestNode::brew_coffee(const Twist&)[m[K’:
[1.244s] [01m[K/home/fourfold/dev/inmind_final_project_test/workspace/src/main/main/src/test.cpp:11:56:[m[K [01;35m[Kwarning: [m[Kunused parameter ‘[01m[Kmsg[m[K’ [[01;35m[K]8;;https://gcc.gnu.org/onlinedocs/gcc/Warning-Options.html#index-Wunused-parameter-Wunused-parameter]8;;[m[K]
[1.244s]    11 |     void brew_coffee([01;35m[Kconst geometry_msgs::msg::Twist & msg[m[K) { }
[1.244s]       |                      [01;35m[K~~~~~~~~~~~~~~~~~~~~~~~~~~~~~~~~~~^~~[m[K
[1.350s] [01m[K/home/fourfold/dev/inmind_final_project_test/workspace/src/main/main/src/main.cpp:[m[K In constructor ‘[01m[KMainNode::MainNode()[m[K’:
[1.351s] [01m[K/home/fourfold/dev/inmind_final_project_test/workspace/src/main/main/src/main.cpp:12:24:[m[K [01;35m[Kwarning: [m[Kunused variable ‘[01m[Kstatus[m[K’ [[01;35m[K]8;;https://gcc.gnu.org/onlinedocs/gcc/Warning-Options.html#index-Wunused-variable-Wunused-variable]8;;[m[K]
[1.351s]    12 |         BT::NodeStatus [01;35m[Kstatus[m[K = tree.tickRoot();
[1.351s]       |                        [01;35m[K^~~~~~[m[K
[2.591s] [ 75%] [32m[1mLinking CXX executable main_node[0m
[2.711s] [ 75%] Built target main_node
[4.231s] [100%] [32m[1mLinking CXX executable test_node[0m
[4.433s] [100%] Built target test_node
[4.444s] Invoked command in '/home/fourfold/dev/inmind_final_project_test/workspace/build/main' returned '0': CMAKE_PREFIX_PATH=/home/fourfold/dev/inmind_final_project_test/workspace/install/basic_navigation:/home/fourfold/dev/inmind_final_project_test/workspace/install/main:/opt/ros/humble /usr/bin/cmake --build /home/fourfold/dev/inmind_final_project_test/workspace/build/main -- -j16 -l16
[4.463s] Invoking command in '/home/fourfold/dev/inmind_final_project_test/workspace/build/main': CMAKE_PREFIX_PATH=/home/fourfold/dev/inmind_final_project_test/workspace/install/basic_navigation:/home/fourfold/dev/inmind_final_project_test/workspace/install/main:/opt/ros/humble /usr/bin/cmake --install /home/fourfold/dev/inmind_final_project_test/workspace/build/main
[4.469s] -- Install configuration: ""
[4.469s] -- Installing: /home/fourfold/dev/inmind_final_project_test/workspace/install/main/lib/main/main_node
[4.470s] -- Set runtime path of "/home/fourfold/dev/inmind_final_project_test/workspace/install/main/lib/main/main_node" to ""
[4.470s] -- Installing: /home/fourfold/dev/inmind_final_project_test/workspace/install/main/lib/main/test_node
[4.473s] -- Set runtime path of "/home/fourfold/dev/inmind_final_project_test/workspace/install/main/lib/main/test_node" to ""
[4.473s] -- Up-to-date: /home/fourfold/dev/inmind_final_project_test/workspace/install/main/share/ament_index/resource_index/package_run_dependencies/main
[4.473s] -- Up-to-date: /home/fourfold/dev/inmind_final_project_test/workspace/install/main/share/ament_index/resource_index/parent_prefix_path/main
[4.473s] -- Up-to-date: /home/fourfold/dev/inmind_final_project_test/workspace/install/main/share/main/environment/ament_prefix_path.sh
[4.473s] -- Up-to-date: /home/fourfold/dev/inmind_final_project_test/workspace/install/main/share/main/environment/ament_prefix_path.dsv
[4.473s] -- Up-to-date: /home/fourfold/dev/inmind_final_project_test/workspace/install/main/share/main/environment/path.sh
[4.473s] -- Up-to-date: /home/fourfold/dev/inmind_final_project_test/workspace/install/main/share/main/environment/path.dsv
[4.473s] -- Up-to-date: /home/fourfold/dev/inmind_final_project_test/workspace/install/main/share/main/local_setup.bash
[4.473s] -- Up-to-date: /home/fourfold/dev/inmind_final_project_test/workspace/install/main/share/main/local_setup.sh
[4.473s] -- Up-to-date: /home/fourfold/dev/inmind_final_project_test/workspace/install/main/share/main/local_setup.zsh
[4.474s] -- Up-to-date: /home/fourfold/dev/inmind_final_project_test/workspace/install/main/share/main/local_setup.dsv
[4.474s] -- Up-to-date: /home/fourfold/dev/inmind_final_project_test/workspace/install/main/share/main/package.dsv
[4.474s] -- Up-to-date: /home/fourfold/dev/inmind_final_project_test/workspace/install/main/share/ament_index/resource_index/packages/main
[4.474s] -- Up-to-date: /home/fourfold/dev/inmind_final_project_test/workspace/install/main/share/main/cmake/mainConfig.cmake
[4.474s] -- Up-to-date: /home/fourfold/dev/inmind_final_project_test/workspace/install/main/share/main/cmake/mainConfig-version.cmake
[4.474s] -- Up-to-date: /home/fourfold/dev/inmind_final_project_test/workspace/install/main/share/main/package.xml
[4.476s] Invoked command in '/home/fourfold/dev/inmind_final_project_test/workspace/build/main' returned '0': CMAKE_PREFIX_PATH=/home/fourfold/dev/inmind_final_project_test/workspace/install/basic_navigation:/home/fourfold/dev/inmind_final_project_test/workspace/install/main:/opt/ros/humble /usr/bin/cmake --install /home/fourfold/dev/inmind_final_project_test/workspace/build/main
