-- Found ament_cmake: 1.3.10 (/opt/ros/humble/share/ament_cmake/cmake)
-- Found rclcpp: 16.0.10 (/opt/ros/humble/share/rclcpp/cmake)
-- Found rosidl_generator_c: 3.1.5 (/opt/ros/humble/share/rosidl_generator_c/cmake)
-- Found rosidl_adapter: 3.1.5 (/opt/ros/humble/share/rosidl_adapter/cmake)
-- Found rosidl_generator_cpp: 3.1.5 (/opt/ros/humble/share/rosidl_generator_cpp/cmake)
-- Using all available rosidl_typesupport_c: rosidl_typesupport_fastrtps_c;rosidl_typesupport_introspection_c
-- Using all available rosidl_typesupport_cpp: rosidl_typesupport_fastrtps_cpp;rosidl_typesupport_introspection_cpp
-- Found rmw_implementation_cmake: 6.1.2 (/opt/ros/humble/share/rmw_implementation_cmake/cmake)
-- Found rmw_fastrtps_cpp: 6.2.7 (/opt/ros/humble/share/rmw_fastrtps_cpp/cmake)
-- Using RMW implementation 'rmw_fastrtps_cpp' as default
-- Found sensor_msgs: 4.2.4 (/opt/ros/humble/share/sensor_msgs/cmake)
-- Found cv_bridge: 3.2.1 (/opt/ros/humble/share/cv_bridge/cmake)
-- Found rclcpp_action: 16.0.10 (/opt/ros/humble/share/rclcpp_action/cmake)
-- Found rosidl_default_generators: 1.2.0 (/opt/ros/humble/share/rosidl_default_generators/cmake)
-- Found ament_cmake_ros: 0.10.0 (/opt/ros/humble/share/ament_cmake_ros/cmake)
-- Using all available rosidl_typesupport_c: rosidl_typesupport_fastrtps_c;rosidl_typesupport_introspection_c
-- Using all available rosidl_typesupport_cpp: rosidl_typesupport_fastrtps_cpp;rosidl_typesupport_introspection_cpp
-- Found python_cmake_module: 0.10.0 (/opt/ros/humble/share/python_cmake_module/cmake)
-- Using PYTHON_EXECUTABLE: /usr/bin/python3
-- Using PYTHON_INCLUDE_DIRS: /usr/include/python3.10
-- Using PYTHON_LIBRARIES: /usr/lib/x86_64-linux-gnu/libpython3.10.so
-- Found ament_lint_auto: 0.12.11 (/opt/ros/humble/share/ament_lint_auto/cmake)
-- Added test 'cppcheck' to perform static code analysis on C / C++ code
-- Configured cppcheck include dirs: /home/fourfold/dev/inmind_final_project_test/workspace/src/perception/yellow_ball_finder/include
-- Configured cppcheck exclude dirs and/or files: 
-- Added test 'flake8' to check Python code syntax and style conventions
-- Added test 'lint_cmake' to check CMake code style
-- Added test 'pep257' to check Python code against some of the docstring style conventions in PEP 257
-- Added test 'uncrustify' to check C / C++ code style
-- Configured uncrustify additional arguments: 
-- Added test 'xmllint' to check XML markup files
-- Configuring done
-- Generating done
-- Build files have been written to: /home/fourfold/dev/inmind_final_project_test/workspace/build/yellow_ball_finder
[35m[1mConsolidate compiler generated dependencies of target yellow_ball_finder__rosidl_generator_c[0m
[35m[1mConsolidate compiler generated dependencies of target yellow_sphere_finder[0m
[  2%] [32mBuilding CXX object CMakeFiles/yellow_ball_action_server.dir/src/yellow_ball_action_server.cpp.o[0m
[ 11%] Built target yellow_ball_finder__rosidl_generator_c
[ 14%] Built target yellow_ball_finder__cpp
[ 14%] Built target ament_cmake_python_copy_yellow_ball_finder
[ 25%] [34m[1mGenerating C++ type support for eProsima Fast-RTPS[0m
[ 25%] [34m[1mGenerating C type support for eProsima Fast-RTPS[0m
[ 25%] [34m[1mGenerating C introspection for ROS interfaces[0m
[ 25%] [34m[1mGenerating C++ introspection for ROS interfaces[0m
[ 28%] [34m[1mGenerating C type support dispatch for ROS interfaces[0m
[ 31%] [34m[1mGenerating C++ type support dispatch for ROS interfaces[0m
[ 37%] Built target yellow_sphere_finder
running egg_info
writing yellow_ball_finder.egg-info/PKG-INFO
writing dependency_links to yellow_ball_finder.egg-info/dependency_links.txt
writing top-level names to yellow_ball_finder.egg-info/top_level.txt
reading manifest file 'yellow_ball_finder.egg-info/SOURCES.txt'
writing manifest file 'yellow_ball_finder.egg-info/SOURCES.txt'
[ 37%] Built target ament_cmake_python_build_yellow_ball_finder_egg
[ 40%] [32mBuilding CXX object CMakeFiles/yellow_ball_finder__rosidl_typesupport_c.dir/rosidl_typesupport_c/yellow_ball_finder/action/find_yellow__type_support.cpp.o[0m
[ 42%] [32mBuilding CXX object CMakeFiles/yellow_ball_finder__rosidl_typesupport_cpp.dir/rosidl_typesupport_cpp/yellow_ball_finder/action/find_yellow__type_support.cpp.o[0m
[ 45%] [32m[1mLinking CXX shared library libyellow_ball_finder__rosidl_typesupport_c.so[0m
[ 48%] [32mBuilding CXX object CMakeFiles/yellow_ball_finder__rosidl_typesupport_fastrtps_c.dir/rosidl_typesupport_fastrtps_c/yellow_ball_finder/action/detail/find_yellow__type_support_c.cpp.o[0m
[ 48%] Built target yellow_ball_finder__rosidl_typesupport_c
[ 51%] [32mBuilding C object CMakeFiles/yellow_ball_finder__rosidl_typesupport_introspection_c.dir/rosidl_typesupport_introspection_c/yellow_ball_finder/action/detail/find_yellow__type_support.c.o[0m
[ 54%] [32mBuilding CXX object CMakeFiles/yellow_ball_finder__rosidl_typesupport_introspection_cpp.dir/rosidl_typesupport_introspection_cpp/yellow_ball_finder/action/detail/find_yellow__type_support.cpp.o[0m
[ 57%] [32m[1mLinking C shared library libyellow_ball_finder__rosidl_typesupport_introspection_c.so[0m
[ 60%] [32mBuilding CXX object CMakeFiles/yellow_ball_finder__rosidl_typesupport_fastrtps_cpp.dir/rosidl_typesupport_fastrtps_cpp/yellow_ball_finder/action/detail/dds_fastrtps/find_yellow__type_support.cpp.o[0m
[ 60%] Built target yellow_ball_finder__rosidl_typesupport_introspection_c
[ 62%] [32m[1mLinking CXX shared library libyellow_ball_finder__rosidl_typesupport_cpp.so[0m
[ 65%] [32m[1mLinking CXX shared library libyellow_ball_finder__rosidl_typesupport_fastrtps_c.so[0m
[ 65%] Built target yellow_ball_finder__rosidl_typesupport_cpp
[ 65%] Built target yellow_ball_finder__rosidl_typesupport_fastrtps_c
[ 68%] [32m[1mLinking CXX shared library libyellow_ball_finder__rosidl_typesupport_introspection_cpp.so[0m
[ 71%] [32m[1mLinking CXX shared library libyellow_ball_finder__rosidl_typesupport_fastrtps_cpp.so[0m
[ 71%] Built target yellow_ball_finder__rosidl_typesupport_introspection_cpp
[ 71%] Built target yellow_ball_finder__rosidl_typesupport_fastrtps_cpp
