[0.005s] Invoking command in '/home/fourfold/dev/inmind_final_project_test/workspace/build/main': CMAKE_PREFIX_PATH=/home/fourfold/dev/inmind_final_project_test/workspace/install/basic_navigation:/home/fourfold/dev/inmind_final_project_test/workspace/install/main:/opt/ros/humble /usr/bin/cmake --build /home/fourfold/dev/inmind_final_project_test/workspace/build/main -- -j16 -l16
[0.024s] -- Found ament_cmake: 1.3.10 (/opt/ros/humble/share/ament_cmake/cmake)
[0.111s] -- Found rclcpp: 16.0.10 (/opt/ros/humble/share/rclcpp/cmake)
[0.129s] -- Found rosidl_generator_c: 3.1.5 (/opt/ros/humble/share/rosidl_generator_c/cmake)
[0.131s] -- Found rosidl_adapter: 3.1.5 (/opt/ros/humble/share/rosidl_adapter/cmake)
[0.134s] -- Found rosidl_generator_cpp: 3.1.5 (/opt/ros/humble/share/rosidl_generator_cpp/cmake)
[0.140s] -- Using all available rosidl_typesupport_c: rosidl_typesupport_fastrtps_c;rosidl_typesupport_introspection_c
[0.148s] -- Using all available rosidl_typesupport_cpp: rosidl_typesupport_fastrtps_cpp;rosidl_typesupport_introspection_cpp
[0.167s] -- Found rmw_implementation_cmake: 6.1.2 (/opt/ros/humble/share/rmw_implementation_cmake/cmake)
[0.168s] -- Found rmw_fastrtps_cpp: 6.2.7 (/opt/ros/humble/share/rmw_fastrtps_cpp/cmake)
[0.234s] -- Using RMW implementation 'rmw_fastrtps_cpp' as default
[0.265s] -- Found basic_navigation: 0.0.0 (/home/fourfold/dev/inmind_final_project_test/workspace/install/basic_navigation/share/basic_navigation/cmake)
[0.265s] -- Found geometry_msgs: 4.2.4 (/opt/ros/humble/share/geometry_msgs/cmake)
[0.274s] -- Found ament_lint_auto: 0.12.11 (/opt/ros/humble/share/ament_lint_auto/cmake)
[0.320s] -- Added test 'cppcheck' to perform static code analysis on C / C++ code
[0.320s] -- Configured cppcheck include dirs: 
[0.320s] -- Configured cppcheck exclude dirs and/or files: 
[0.320s] -- Added test 'lint_cmake' to check CMake code style
[0.320s] -- Added test 'uncrustify' to check C / C++ code style
[0.321s] -- Configured uncrustify additional arguments: 
[0.321s] -- Added test 'xmllint' to check XML markup files
[0.321s] -- Configuring done
[0.328s] -- Generating done
[0.329s] -- Build files have been written to: /home/fourfold/dev/inmind_final_project_test/workspace/build/main
[0.349s] [35m[1mConsolidate compiler generated dependencies of target main_node[0m
[0.357s] [ 25%] [32mBuilding CXX object CMakeFiles/test_node.dir/src/test.cpp.o[0m
[0.359s] [ 75%] Built target main_node
[1.529s] [01m[K/home/fourfold/dev/inmind_final_project_test/workspace/src/main/main/src/test.cpp:[m[K In member function ‘[01m[Kvoid TestNode::brew_coffee(const Twist&)[m[K’:
[1.529s] [01m[K/home/fourfold/dev/inmind_final_project_test/workspace/src/main/main/src/test.cpp:11:56:[m[K [01;35m[Kwarning: [m[Kunused parameter ‘[01m[Kmsg[m[K’ [[01;35m[K]8;;https://gcc.gnu.org/onlinedocs/gcc/Warning-Options.html#index-Wunused-parameter-Wunused-parameter]8;;[m[K]
[1.529s]    11 |     void brew_coffee([01;35m[Kconst geometry_msgs::msg::Twist & msg[m[K) { }
[1.529s]       |                      [01;35m[K~~~~~~~~~~~~~~~~~~~~~~~~~~~~~~~~~~^~~[m[K
[4.448s] [100%] [32m[1mLinking CXX executable test_node[0m
[4.645s] [100%] Built target test_node
[4.653s] Invoked command in '/home/fourfold/dev/inmind_final_project_test/workspace/build/main' returned '0': CMAKE_PREFIX_PATH=/home/fourfold/dev/inmind_final_project_test/workspace/install/basic_navigation:/home/fourfold/dev/inmind_final_project_test/workspace/install/main:/opt/ros/humble /usr/bin/cmake --build /home/fourfold/dev/inmind_final_project_test/workspace/build/main -- -j16 -l16
[4.674s] Invoking command in '/home/fourfold/dev/inmind_final_project_test/workspace/build/main': CMAKE_PREFIX_PATH=/home/fourfold/dev/inmind_final_project_test/workspace/install/basic_navigation:/home/fourfold/dev/inmind_final_project_test/workspace/install/main:/opt/ros/humble /usr/bin/cmake --install /home/fourfold/dev/inmind_final_project_test/workspace/build/main
[4.679s] -- Install configuration: ""
[4.679s] -- Up-to-date: /home/fourfold/dev/inmind_final_project_test/workspace/install/main/lib/main/main_node
[4.679s] -- Up-to-date: /home/fourfold/dev/inmind_final_project_test/workspace/install/main/share/ament_index/resource_index/package_run_dependencies/main
[4.679s] -- Up-to-date: /home/fourfold/dev/inmind_final_project_test/workspace/install/main/share/ament_index/resource_index/parent_prefix_path/main
[4.679s] -- Up-to-date: /home/fourfold/dev/inmind_final_project_test/workspace/install/main/share/main/environment/ament_prefix_path.sh
[4.679s] -- Installing: /home/fourfold/dev/inmind_final_project_test/workspace/install/main/share/main/environment/ament_prefix_path.dsv
[4.679s] -- Up-to-date: /home/fourfold/dev/inmind_final_project_test/workspace/install/main/share/main/environment/path.sh
[4.679s] -- Installing: /home/fourfold/dev/inmind_final_project_test/workspace/install/main/share/main/environment/path.dsv
[4.679s] -- Up-to-date: /home/fourfold/dev/inmind_final_project_test/workspace/install/main/share/main/local_setup.bash
[4.679s] -- Up-to-date: /home/fourfold/dev/inmind_final_project_test/workspace/install/main/share/main/local_setup.sh
[4.679s] -- Up-to-date: /home/fourfold/dev/inmind_final_project_test/workspace/install/main/share/main/local_setup.zsh
[4.680s] -- Installing: /home/fourfold/dev/inmind_final_project_test/workspace/install/main/share/main/local_setup.dsv
[4.680s] -- Installing: /home/fourfold/dev/inmind_final_project_test/workspace/install/main/share/main/package.dsv
[4.680s] -- Up-to-date: /home/fourfold/dev/inmind_final_project_test/workspace/install/main/share/ament_index/resource_index/packages/main
[4.680s] -- Up-to-date: /home/fourfold/dev/inmind_final_project_test/workspace/install/main/share/main/cmake/mainConfig.cmake
[4.680s] -- Up-to-date: /home/fourfold/dev/inmind_final_project_test/workspace/install/main/share/main/cmake/mainConfig-version.cmake
[4.680s] -- Up-to-date: /home/fourfold/dev/inmind_final_project_test/workspace/install/main/share/main/package.xml
[4.681s] Invoked command in '/home/fourfold/dev/inmind_final_project_test/workspace/build/main' returned '0': CMAKE_PREFIX_PATH=/home/fourfold/dev/inmind_final_project_test/workspace/install/basic_navigation:/home/fourfold/dev/inmind_final_project_test/workspace/install/main:/opt/ros/humble /usr/bin/cmake --install /home/fourfold/dev/inmind_final_project_test/workspace/build/main
