[  3%] Built target custom_interface_yolo__cpp
[ 12%] Built target custom_interface_yolo__rosidl_generator_c
[ 12%] Built target ament_cmake_python_copy_custom_interface_yolo
[ 22%] Built target custom_interface_yolo__rosidl_typesupport_cpp
[ 32%] Built target custom_interface_yolo__rosidl_typesupport_introspection_cpp
[ 41%] Built target custom_interface_yolo__rosidl_typesupport_fastrtps_cpp
[ 51%] Built target custom_interface_yolo__rosidl_typesupport_fastrtps_c
[ 70%] Built target custom_interface_yolo__rosidl_typesupport_introspection_c
[ 70%] Built target custom_interface_yolo__rosidl_typesupport_c
[ 70%] Built target custom_interface_yolo
[ 74%] Built target custom_interface_yolo__py
[ 80%] Built target custom_interface_yolo__rosidl_generator_py
[ 87%] Built target custom_interface_yolo__rosidl_typesupport_fastrtps_c__pyext
[ 93%] Built target custom_interface_yolo__rosidl_typesupport_introspection_c__pyext
[100%] Built target custom_interface_yolo__rosidl_typesupport_c__pyext
running egg_info
writing custom_interface_yolo.egg-info/PKG-INFO
writing dependency_links to custom_interface_yolo.egg-info/dependency_links.txt
writing top-level names to custom_interface_yolo.egg-info/top_level.txt
reading manifest file 'custom_interface_yolo.egg-info/SOURCES.txt'
writing manifest file 'custom_interface_yolo.egg-info/SOURCES.txt'
[100%] Built target ament_cmake_python_build_custom_interface_yolo_egg
-- Install configuration: ""
-- Up-to-date: /home/fourfold/dev/inmind_final_project_test/workspace/install/custom_interface_yolo/share/ament_index/resource_index/rosidl_interfaces/custom_interface_yolo
-- Up-to-date: /home/fourfold/dev/inmind_final_project_test/workspace/install/custom_interface_yolo/include/custom_interface_yolo/custom_interface_yolo
-- Up-to-date: /home/fourfold/dev/inmind_final_project_test/workspace/install/custom_interface_yolo/include/custom_interface_yolo/custom_interface_yolo/msg
-- Up-to-date: /home/fourfold/dev/inmind_final_project_test/workspace/install/custom_interface_yolo/include/custom_interface_yolo/custom_interface_yolo/msg/rosidl_generator_c__visibility_control.h
-- Up-to-date: /home/fourfold/dev/inmind_final_project_test/workspace/install/custom_interface_yolo/include/custom_interface_yolo/custom_interface_yolo/action
-- Up-to-date: /home/fourfold/dev/inmind_final_project_test/workspace/install/custom_interface_yolo/include/custom_interface_yolo/custom_interface_yolo/action/camera_stream.h
-- Up-to-date: /home/fourfold/dev/inmind_final_project_test/workspace/install/custom_interface_yolo/include/custom_interface_yolo/custom_interface_yolo/action/detail
-- Up-to-date: /home/fourfold/dev/inmind_final_project_test/workspace/install/custom_interface_yolo/include/custom_interface_yolo/custom_interface_yolo/action/detail/camera_stream__struct.h
-- Up-to-date: /home/fourfold/dev/inmind_final_project_test/workspace/install/custom_interface_yolo/include/custom_interface_yolo/custom_interface_yolo/action/detail/camera_stream__functions.h
-- Up-to-date: /home/fourfold/dev/inmind_final_project_test/workspace/install/custom_interface_yolo/include/custom_interface_yolo/custom_interface_yolo/action/detail/camera_stream__type_support.h
-- Up-to-date: /home/fourfold/dev/inmind_final_project_test/workspace/install/custom_interface_yolo/include/custom_interface_yolo/custom_interface_yolo/action/detail/camera_stream__functions.c
-- Up-to-date: /home/fourfold/dev/inmind_final_project_test/workspace/install/custom_interface_yolo/share/custom_interface_yolo/environment/library_path.sh
-- Up-to-date: /home/fourfold/dev/inmind_final_project_test/workspace/install/custom_interface_yolo/share/custom_interface_yolo/environment/library_path.dsv
-- Up-to-date: /home/fourfold/dev/inmind_final_project_test/workspace/install/custom_interface_yolo/lib/libcustom_interface_yolo__rosidl_generator_c.so
-- Up-to-date: /home/fourfold/dev/inmind_final_project_test/workspace/install/custom_interface_yolo/include/custom_interface_yolo/custom_interface_yolo
-- Up-to-date: /home/fourfold/dev/inmind_final_project_test/workspace/install/custom_interface_yolo/include/custom_interface_yolo/custom_interface_yolo/msg
-- Up-to-date: /home/fourfold/dev/inmind_final_project_test/workspace/install/custom_interface_yolo/include/custom_interface_yolo/custom_interface_yolo/msg/rosidl_typesupport_fastrtps_c__visibility_control.h
-- Up-to-date: /home/fourfold/dev/inmind_final_project_test/workspace/install/custom_interface_yolo/include/custom_interface_yolo/custom_interface_yolo/action
-- Up-to-date: /home/fourfold/dev/inmind_final_project_test/workspace/install/custom_interface_yolo/include/custom_interface_yolo/custom_interface_yolo/action/detail
-- Up-to-date: /home/fourfold/dev/inmind_final_project_test/workspace/install/custom_interface_yolo/include/custom_interface_yolo/custom_interface_yolo/action/detail/camera_stream__rosidl_typesupport_fastrtps_c.h
-- Up-to-date: /home/fourfold/dev/inmind_final_project_test/workspace/install/custom_interface_yolo/lib/libcustom_interface_yolo__rosidl_typesupport_fastrtps_c.so
-- Up-to-date: /home/fourfold/dev/inmind_final_project_test/workspace/install/custom_interface_yolo/include/custom_interface_yolo/custom_interface_yolo
-- Up-to-date: /home/fourfold/dev/inmind_final_project_test/workspace/install/custom_interface_yolo/include/custom_interface_yolo/custom_interface_yolo/msg
-- Up-to-date: /home/fourfold/dev/inmind_final_project_test/workspace/install/custom_interface_yolo/include/custom_interface_yolo/custom_interface_yolo/msg/rosidl_typesupport_introspection_c__visibility_control.h
-- Up-to-date: /home/fourfold/dev/inmind_final_project_test/workspace/install/custom_interface_yolo/include/custom_interface_yolo/custom_interface_yolo/action
-- Up-to-date: /home/fourfold/dev/inmind_final_project_test/workspace/install/custom_interface_yolo/include/custom_interface_yolo/custom_interface_yolo/action/detail
-- Up-to-date: /home/fourfold/dev/inmind_final_project_test/workspace/install/custom_interface_yolo/include/custom_interface_yolo/custom_interface_yolo/action/detail/camera_stream__type_support.c
-- Up-to-date: /home/fourfold/dev/inmind_final_project_test/workspace/install/custom_interface_yolo/include/custom_interface_yolo/custom_interface_yolo/action/detail/camera_stream__rosidl_typesupport_introspection_c.h
-- Up-to-date: /home/fourfold/dev/inmind_final_project_test/workspace/install/custom_interface_yolo/lib/libcustom_interface_yolo__rosidl_typesupport_introspection_c.so
-- Up-to-date: /home/fourfold/dev/inmind_final_project_test/workspace/install/custom_interface_yolo/lib/libcustom_interface_yolo__rosidl_typesupport_c.so
-- Up-to-date: /home/fourfold/dev/inmind_final_project_test/workspace/install/custom_interface_yolo/include/custom_interface_yolo/custom_interface_yolo
-- Up-to-date: /home/fourfold/dev/inmind_final_project_test/workspace/install/custom_interface_yolo/include/custom_interface_yolo/custom_interface_yolo/action
-- Up-to-date: /home/fourfold/dev/inmind_final_project_test/workspace/install/custom_interface_yolo/include/custom_interface_yolo/custom_interface_yolo/action/detail
-- Up-to-date: /home/fourfold/dev/inmind_final_project_test/workspace/install/custom_interface_yolo/include/custom_interface_yolo/custom_interface_yolo/action/detail/camera_stream__builder.hpp
-- Up-to-date: /home/fourfold/dev/inmind_final_project_test/workspace/install/custom_interface_yolo/include/custom_interface_yolo/custom_interface_yolo/action/detail/camera_stream__struct.hpp
-- Up-to-date: /home/fourfold/dev/inmind_final_project_test/workspace/install/custom_interface_yolo/include/custom_interface_yolo/custom_interface_yolo/action/detail/camera_stream__traits.hpp
-- Up-to-date: /home/fourfold/dev/inmind_final_project_test/workspace/install/custom_interface_yolo/include/custom_interface_yolo/custom_interface_yolo/action/camera_stream.hpp
-- Up-to-date: /home/fourfold/dev/inmind_final_project_test/workspace/install/custom_interface_yolo/include/custom_interface_yolo/custom_interface_yolo
-- Up-to-date: /home/fourfold/dev/inmind_final_project_test/workspace/install/custom_interface_yolo/include/custom_interface_yolo/custom_interface_yolo/msg
-- Up-to-date: /home/fourfold/dev/inmind_final_project_test/workspace/install/custom_interface_yolo/include/custom_interface_yolo/custom_interface_yolo/msg/rosidl_typesupport_fastrtps_cpp__visibility_control.h
-- Up-to-date: /home/fourfold/dev/inmind_final_project_test/workspace/install/custom_interface_yolo/include/custom_interface_yolo/custom_interface_yolo/action
-- Up-to-date: /home/fourfold/dev/inmind_final_project_test/workspace/install/custom_interface_yolo/include/custom_interface_yolo/custom_interface_yolo/action/detail
-- Up-to-date: /home/fourfold/dev/inmind_final_project_test/workspace/install/custom_interface_yolo/include/custom_interface_yolo/custom_interface_yolo/action/detail/camera_stream__rosidl_typesupport_fastrtps_cpp.hpp
-- Up-to-date: /home/fourfold/dev/inmind_final_project_test/workspace/install/custom_interface_yolo/include/custom_interface_yolo/custom_interface_yolo/action/detail/dds_fastrtps
-- Up-to-date: /home/fourfold/dev/inmind_final_project_test/workspace/install/custom_interface_yolo/lib/libcustom_interface_yolo__rosidl_typesupport_fastrtps_cpp.so
-- Up-to-date: /home/fourfold/dev/inmind_final_project_test/workspace/install/custom_interface_yolo/include/custom_interface_yolo/custom_interface_yolo
-- Up-to-date: /home/fourfold/dev/inmind_final_project_test/workspace/install/custom_interface_yolo/include/custom_interface_yolo/custom_interface_yolo/action
-- Up-to-date: /home/fourfold/dev/inmind_final_project_test/workspace/install/custom_interface_yolo/include/custom_interface_yolo/custom_interface_yolo/action/detail
-- Up-to-date: /home/fourfold/dev/inmind_final_project_test/workspace/install/custom_interface_yolo/include/custom_interface_yolo/custom_interface_yolo/action/detail/camera_stream__rosidl_typesupport_introspection_cpp.hpp
-- Up-to-date: /home/fourfold/dev/inmind_final_project_test/workspace/install/custom_interface_yolo/include/custom_interface_yolo/custom_interface_yolo/action/detail/camera_stream__type_support.cpp
-- Up-to-date: /home/fourfold/dev/inmind_final_project_test/workspace/install/custom_interface_yolo/lib/libcustom_interface_yolo__rosidl_typesupport_introspection_cpp.so
-- Up-to-date: /home/fourfold/dev/inmind_final_project_test/workspace/install/custom_interface_yolo/lib/libcustom_interface_yolo__rosidl_typesupport_cpp.so
-- Up-to-date: /home/fourfold/dev/inmind_final_project_test/workspace/install/custom_interface_yolo/share/custom_interface_yolo/environment/pythonpath.sh
-- Up-to-date: /home/fourfold/dev/inmind_final_project_test/workspace/install/custom_interface_yolo/share/custom_interface_yolo/environment/pythonpath.dsv
-- Up-to-date: /home/fourfold/dev/inmind_final_project_test/workspace/install/custom_interface_yolo/local/lib/python3.10/dist-packages/custom_interface_yolo-0.0.0-py3.10.egg-info
-- Installing: /home/fourfold/dev/inmind_final_project_test/workspace/install/custom_interface_yolo/local/lib/python3.10/dist-packages/custom_interface_yolo-0.0.0-py3.10.egg-info/SOURCES.txt
-- Installing: /home/fourfold/dev/inmind_final_project_test/workspace/install/custom_interface_yolo/local/lib/python3.10/dist-packages/custom_interface_yolo-0.0.0-py3.10.egg-info/top_level.txt
-- Installing: /home/fourfold/dev/inmind_final_project_test/workspace/install/custom_interface_yolo/local/lib/python3.10/dist-packages/custom_interface_yolo-0.0.0-py3.10.egg-info/PKG-INFO
-- Installing: /home/fourfold/dev/inmind_final_project_test/workspace/install/custom_interface_yolo/local/lib/python3.10/dist-packages/custom_interface_yolo-0.0.0-py3.10.egg-info/dependency_links.txt
-- Up-to-date: /home/fourfold/dev/inmind_final_project_test/workspace/install/custom_interface_yolo/local/lib/python3.10/dist-packages/custom_interface_yolo
-- Up-to-date: /home/fourfold/dev/inmind_final_project_test/workspace/install/custom_interface_yolo/local/lib/python3.10/dist-packages/custom_interface_yolo/custom_interface_yolo_s__rosidl_typesupport_c.cpython-310-x86_64-linux-gnu.so
-- Up-to-date: /home/fourfold/dev/inmind_final_project_test/workspace/install/custom_interface_yolo/local/lib/python3.10/dist-packages/custom_interface_yolo/custom_interface_yolo_s__rosidl_typesupport_introspection_c.cpython-310-x86_64-linux-gnu.so
-- Up-to-date: /home/fourfold/dev/inmind_final_project_test/workspace/install/custom_interface_yolo/local/lib/python3.10/dist-packages/custom_interface_yolo/custom_interface_yolo_s__rosidl_typesupport_fastrtps_c.cpython-310-x86_64-linux-gnu.so
-- Up-to-date: /home/fourfold/dev/inmind_final_project_test/workspace/install/custom_interface_yolo/local/lib/python3.10/dist-packages/custom_interface_yolo/_custom_interface_yolo_s.ep.rosidl_typesupport_introspection_c.c
-- Up-to-date: /home/fourfold/dev/inmind_final_project_test/workspace/install/custom_interface_yolo/local/lib/python3.10/dist-packages/custom_interface_yolo/libcustom_interface_yolo__rosidl_generator_py.so
-- Up-to-date: /home/fourfold/dev/inmind_final_project_test/workspace/install/custom_interface_yolo/local/lib/python3.10/dist-packages/custom_interface_yolo/action
-- Up-to-date: /home/fourfold/dev/inmind_final_project_test/workspace/install/custom_interface_yolo/local/lib/python3.10/dist-packages/custom_interface_yolo/action/_camera_stream.py
-- Up-to-date: /home/fourfold/dev/inmind_final_project_test/workspace/install/custom_interface_yolo/local/lib/python3.10/dist-packages/custom_interface_yolo/action/__init__.py
-- Up-to-date: /home/fourfold/dev/inmind_final_project_test/workspace/install/custom_interface_yolo/local/lib/python3.10/dist-packages/custom_interface_yolo/action/_camera_stream_s.c
-- Up-to-date: /home/fourfold/dev/inmind_final_project_test/workspace/install/custom_interface_yolo/local/lib/python3.10/dist-packages/custom_interface_yolo/_custom_interface_yolo_s.ep.rosidl_typesupport_fastrtps_c.c
-- Up-to-date: /home/fourfold/dev/inmind_final_project_test/workspace/install/custom_interface_yolo/local/lib/python3.10/dist-packages/custom_interface_yolo/__init__.py
-- Up-to-date: /home/fourfold/dev/inmind_final_project_test/workspace/install/custom_interface_yolo/local/lib/python3.10/dist-packages/custom_interface_yolo/_custom_interface_yolo_s.ep.rosidl_typesupport_c.c
Listing '/home/fourfold/dev/inmind_final_project_test/workspace/install/custom_interface_yolo/local/lib/python3.10/dist-packages/custom_interface_yolo'...
Listing '/home/fourfold/dev/inmind_final_project_test/workspace/install/custom_interface_yolo/local/lib/python3.10/dist-packages/custom_interface_yolo/action'...
-- Up-to-date: /home/fourfold/dev/inmind_final_project_test/workspace/install/custom_interface_yolo/local/lib/python3.10/dist-packages/custom_interface_yolo/custom_interface_yolo_s__rosidl_typesupport_fastrtps_c.cpython-310-x86_64-linux-gnu.so
-- Up-to-date: /home/fourfold/dev/inmind_final_project_test/workspace/install/custom_interface_yolo/local/lib/python3.10/dist-packages/custom_interface_yolo/custom_interface_yolo_s__rosidl_typesupport_introspection_c.cpython-310-x86_64-linux-gnu.so
-- Up-to-date: /home/fourfold/dev/inmind_final_project_test/workspace/install/custom_interface_yolo/local/lib/python3.10/dist-packages/custom_interface_yolo/custom_interface_yolo_s__rosidl_typesupport_c.cpython-310-x86_64-linux-gnu.so
-- Up-to-date: /home/fourfold/dev/inmind_final_project_test/workspace/install/custom_interface_yolo/lib/libcustom_interface_yolo__rosidl_generator_py.so
-- Up-to-date: /home/fourfold/dev/inmind_final_project_test/workspace/install/custom_interface_yolo/share/custom_interface_yolo/action/CameraStream.idl
-- Up-to-date: /home/fourfold/dev/inmind_final_project_test/workspace/install/custom_interface_yolo/share/custom_interface_yolo/action/CameraStream.action
-- Up-to-date: /home/fourfold/dev/inmind_final_project_test/workspace/install/custom_interface_yolo/share/ament_index/resource_index/package_run_dependencies/custom_interface_yolo
-- Up-to-date: /home/fourfold/dev/inmind_final_project_test/workspace/install/custom_interface_yolo/share/ament_index/resource_index/parent_prefix_path/custom_interface_yolo
-- Up-to-date: /home/fourfold/dev/inmind_final_project_test/workspace/install/custom_interface_yolo/share/custom_interface_yolo/environment/ament_prefix_path.sh
-- Up-to-date: /home/fourfold/dev/inmind_final_project_test/workspace/install/custom_interface_yolo/share/custom_interface_yolo/environment/ament_prefix_path.dsv
-- Up-to-date: /home/fourfold/dev/inmind_final_project_test/workspace/install/custom_interface_yolo/share/custom_interface_yolo/environment/path.sh
-- Up-to-date: /home/fourfold/dev/inmind_final_project_test/workspace/install/custom_interface_yolo/share/custom_interface_yolo/environment/path.dsv
-- Up-to-date: /home/fourfold/dev/inmind_final_project_test/workspace/install/custom_interface_yolo/share/custom_interface_yolo/local_setup.bash
-- Up-to-date: /home/fourfold/dev/inmind_final_project_test/workspace/install/custom_interface_yolo/share/custom_interface_yolo/local_setup.sh
-- Up-to-date: /home/fourfold/dev/inmind_final_project_test/workspace/install/custom_interface_yolo/share/custom_interface_yolo/local_setup.zsh
-- Up-to-date: /home/fourfold/dev/inmind_final_project_test/workspace/install/custom_interface_yolo/share/custom_interface_yolo/local_setup.dsv
-- Installing: /home/fourfold/dev/inmind_final_project_test/workspace/install/custom_interface_yolo/share/custom_interface_yolo/package.dsv
-- Up-to-date: /home/fourfold/dev/inmind_final_project_test/workspace/install/custom_interface_yolo/share/ament_index/resource_index/packages/custom_interface_yolo
-- Up-to-date: /home/fourfold/dev/inmind_final_project_test/workspace/install/custom_interface_yolo/share/custom_interface_yolo/cmake/export_custom_interface_yolo__rosidl_generator_cExport.cmake
-- Up-to-date: /home/fourfold/dev/inmind_final_project_test/workspace/install/custom_interface_yolo/share/custom_interface_yolo/cmake/export_custom_interface_yolo__rosidl_generator_cExport-noconfig.cmake
-- Up-to-date: /home/fourfold/dev/inmind_final_project_test/workspace/install/custom_interface_yolo/share/custom_interface_yolo/cmake/export_custom_interface_yolo__rosidl_typesupport_fastrtps_cExport.cmake
-- Up-to-date: /home/fourfold/dev/inmind_final_project_test/workspace/install/custom_interface_yolo/share/custom_interface_yolo/cmake/export_custom_interface_yolo__rosidl_typesupport_fastrtps_cExport-noconfig.cmake
-- Up-to-date: /home/fourfold/dev/inmind_final_project_test/workspace/install/custom_interface_yolo/share/custom_interface_yolo/cmake/custom_interface_yolo__rosidl_typesupport_introspection_cExport.cmake
-- Up-to-date: /home/fourfold/dev/inmind_final_project_test/workspace/install/custom_interface_yolo/share/custom_interface_yolo/cmake/custom_interface_yolo__rosidl_typesupport_introspection_cExport-noconfig.cmake
-- Up-to-date: /home/fourfold/dev/inmind_final_project_test/workspace/install/custom_interface_yolo/share/custom_interface_yolo/cmake/custom_interface_yolo__rosidl_typesupport_cExport.cmake
-- Up-to-date: /home/fourfold/dev/inmind_final_project_test/workspace/install/custom_interface_yolo/share/custom_interface_yolo/cmake/custom_interface_yolo__rosidl_typesupport_cExport-noconfig.cmake
-- Up-to-date: /home/fourfold/dev/inmind_final_project_test/workspace/install/custom_interface_yolo/share/custom_interface_yolo/cmake/export_custom_interface_yolo__rosidl_generator_cppExport.cmake
-- Up-to-date: /home/fourfold/dev/inmind_final_project_test/workspace/install/custom_interface_yolo/share/custom_interface_yolo/cmake/export_custom_interface_yolo__rosidl_typesupport_fastrtps_cppExport.cmake
-- Up-to-date: /home/fourfold/dev/inmind_final_project_test/workspace/install/custom_interface_yolo/share/custom_interface_yolo/cmake/export_custom_interface_yolo__rosidl_typesupport_fastrtps_cppExport-noconfig.cmake
-- Up-to-date: /home/fourfold/dev/inmind_final_project_test/workspace/install/custom_interface_yolo/share/custom_interface_yolo/cmake/custom_interface_yolo__rosidl_typesupport_introspection_cppExport.cmake
-- Up-to-date: /home/fourfold/dev/inmind_final_project_test/workspace/install/custom_interface_yolo/share/custom_interface_yolo/cmake/custom_interface_yolo__rosidl_typesupport_introspection_cppExport-noconfig.cmake
-- Up-to-date: /home/fourfold/dev/inmind_final_project_test/workspace/install/custom_interface_yolo/share/custom_interface_yolo/cmake/custom_interface_yolo__rosidl_typesupport_cppExport.cmake
-- Up-to-date: /home/fourfold/dev/inmind_final_project_test/workspace/install/custom_interface_yolo/share/custom_interface_yolo/cmake/custom_interface_yolo__rosidl_typesupport_cppExport-noconfig.cmake
-- Up-to-date: /home/fourfold/dev/inmind_final_project_test/workspace/install/custom_interface_yolo/share/custom_interface_yolo/cmake/export_custom_interface_yolo__rosidl_generator_pyExport.cmake
-- Up-to-date: /home/fourfold/dev/inmind_final_project_test/workspace/install/custom_interface_yolo/share/custom_interface_yolo/cmake/export_custom_interface_yolo__rosidl_generator_pyExport-noconfig.cmake
-- Up-to-date: /home/fourfold/dev/inmind_final_project_test/workspace/install/custom_interface_yolo/share/custom_interface_yolo/cmake/rosidl_cmake-extras.cmake
-- Up-to-date: /home/fourfold/dev/inmind_final_project_test/workspace/install/custom_interface_yolo/share/custom_interface_yolo/cmake/ament_cmake_export_dependencies-extras.cmake
-- Up-to-date: /home/fourfold/dev/inmind_final_project_test/workspace/install/custom_interface_yolo/share/custom_interface_yolo/cmake/ament_cmake_export_include_directories-extras.cmake
-- Up-to-date: /home/fourfold/dev/inmind_final_project_test/workspace/install/custom_interface_yolo/share/custom_interface_yolo/cmake/ament_cmake_export_libraries-extras.cmake
-- Up-to-date: /home/fourfold/dev/inmind_final_project_test/workspace/install/custom_interface_yolo/share/custom_interface_yolo/cmake/ament_cmake_export_targets-extras.cmake
-- Up-to-date: /home/fourfold/dev/inmind_final_project_test/workspace/install/custom_interface_yolo/share/custom_interface_yolo/cmake/rosidl_cmake_export_typesupport_targets-extras.cmake
-- Up-to-date: /home/fourfold/dev/inmind_final_project_test/workspace/install/custom_interface_yolo/share/custom_interface_yolo/cmake/rosidl_cmake_export_typesupport_libraries-extras.cmake
-- Up-to-date: /home/fourfold/dev/inmind_final_project_test/workspace/install/custom_interface_yolo/share/custom_interface_yolo/cmake/custom_interface_yoloConfig.cmake
-- Up-to-date: /home/fourfold/dev/inmind_final_project_test/workspace/install/custom_interface_yolo/share/custom_interface_yolo/cmake/custom_interface_yoloConfig-version.cmake
-- Up-to-date: /home/fourfold/dev/inmind_final_project_test/workspace/install/custom_interface_yolo/share/custom_interface_yolo/package.xml
