[0.008s] Invoking command in '/home/fourfold/dev/inmind_final_project_test/workspace/build/distance_check': CMAKE_PREFIX_PATH=${CMAKE_PREFIX_PATH}:/opt/ros/humble /usr/bin/cmake --build /home/fourfold/dev/inmind_final_project_test/workspace/build/distance_check -- -j16 -l16
[0.029s] Invoked command in '/home/fourfold/dev/inmind_final_project_test/workspace/build/distance_check' returned '0': CMAKE_PREFIX_PATH=${CMAKE_PREFIX_PATH}:/opt/ros/humble /usr/bin/cmake --build /home/fourfold/dev/inmind_final_project_test/workspace/build/distance_check -- -j16 -l16
[0.048s] Invoking command in '/home/fourfold/dev/inmind_final_project_test/workspace/build/distance_check': CMAKE_PREFIX_PATH=${CMAKE_PREFIX_PATH}:/opt/ros/humble /usr/bin/cmake --install /home/fourfold/dev/inmind_final_project_test/workspace/build/distance_check
[0.052s] -- Install configuration: ""
[0.052s] -- Up-to-date: /home/fourfold/dev/inmind_final_project_test/workspace/install/distance_check/share/ament_index/resource_index/package_run_dependencies/distance_check
[0.052s] -- Up-to-date: /home/fourfold/dev/inmind_final_project_test/workspace/install/distance_check/share/ament_index/resource_index/parent_prefix_path/distance_check
[0.052s] -- Up-to-date: /home/fourfold/dev/inmind_final_project_test/workspace/install/distance_check/share/distance_check/environment/ament_prefix_path.sh
[0.052s] -- Up-to-date: /home/fourfold/dev/inmind_final_project_test/workspace/install/distance_check/share/distance_check/environment/ament_prefix_path.dsv
[0.052s] -- Up-to-date: /home/fourfold/dev/inmind_final_project_test/workspace/install/distance_check/share/distance_check/environment/path.sh
[0.052s] -- Up-to-date: /home/fourfold/dev/inmind_final_project_test/workspace/install/distance_check/share/distance_check/environment/path.dsv
[0.052s] -- Up-to-date: /home/fourfold/dev/inmind_final_project_test/workspace/install/distance_check/share/distance_check/local_setup.bash
[0.052s] -- Up-to-date: /home/fourfold/dev/inmind_final_project_test/workspace/install/distance_check/share/distance_check/local_setup.sh
[0.052s] -- Up-to-date: /home/fourfold/dev/inmind_final_project_test/workspace/install/distance_check/share/distance_check/local_setup.zsh
[0.052s] -- Up-to-date: /home/fourfold/dev/inmind_final_project_test/workspace/install/distance_check/share/distance_check/local_setup.dsv
[0.052s] -- Installing: /home/fourfold/dev/inmind_final_project_test/workspace/install/distance_check/share/distance_check/package.dsv
[0.052s] -- Up-to-date: /home/fourfold/dev/inmind_final_project_test/workspace/install/distance_check/share/ament_index/resource_index/packages/distance_check
[0.052s] -- Up-to-date: /home/fourfold/dev/inmind_final_project_test/workspace/install/distance_check/share/distance_check/cmake/distance_checkConfig.cmake
[0.052s] -- Up-to-date: /home/fourfold/dev/inmind_final_project_test/workspace/install/distance_check/share/distance_check/cmake/distance_checkConfig-version.cmake
[0.053s] -- Up-to-date: /home/fourfold/dev/inmind_final_project_test/workspace/install/distance_check/share/distance_check/package.xml
[0.053s] Invoked command in '/home/fourfold/dev/inmind_final_project_test/workspace/build/distance_check' returned '0': CMAKE_PREFIX_PATH=${CMAKE_PREFIX_PATH}:/opt/ros/humble /usr/bin/cmake --install /home/fourfold/dev/inmind_final_project_test/workspace/build/distance_check
