[0.008s] Invoking command in '/home/fourfold/dev/inmind_final_project_test/workspace/build/detection_interfaces': CMAKE_PREFIX_PATH=${CMAKE_PREFIX_PATH}:/opt/ros/humble /usr/bin/cmake --build /home/fourfold/dev/inmind_final_project_test/workspace/build/detection_interfaces -- -j16 -l16
[0.023s] -- Found ament_cmake: 1.3.10 (/opt/ros/humble/share/ament_cmake/cmake)
[0.094s] -- Found rosidl_default_generators: 1.2.0 (/opt/ros/humble/share/rosidl_default_generators/cmake)
[0.095s] -- Using all available rosidl_typesupport_c: rosidl_typesupport_fastrtps_c;rosidl_typesupport_introspection_c
[0.096s] -- Found rosidl_adapter: 3.1.5 (/opt/ros/humble/share/rosidl_adapter/cmake)
[0.112s] -- Using all available rosidl_typesupport_cpp: rosidl_typesupport_fastrtps_cpp;rosidl_typesupport_introspection_cpp
[0.295s] -- Found ament_cmake_ros: 0.10.0 (/opt/ros/humble/share/ament_cmake_ros/cmake)
[0.412s] -- Using all available rosidl_typesupport_c: rosidl_typesupport_fastrtps_c;rosidl_typesupport_introspection_c
[0.558s] -- Using all available rosidl_typesupport_cpp: rosidl_typesupport_fastrtps_cpp;rosidl_typesupport_introspection_cpp
[0.572s] -- Found python_cmake_module: 0.10.0 (/opt/ros/humble/share/python_cmake_module/cmake)
[0.587s] -- Using PYTHON_EXECUTABLE: /usr/bin/python3
[0.587s] -- Using PYTHON_INCLUDE_DIRS: /usr/include/python3.10
[0.587s] -- Using PYTHON_LIBRARIES: /usr/lib/x86_64-linux-gnu/libpython3.10.so
[0.598s] -- Found ament_lint_auto: 0.12.11 (/opt/ros/humble/share/ament_lint_auto/cmake)
[0.606s] -- Added test 'lint_cmake' to check CMake code style
[0.606s] -- Added test 'xmllint' to check XML markup files
[0.608s] -- Configuring done
[0.630s] -- Generating done
[0.632s] -- Build files have been written to: /home/fourfold/dev/inmind_final_project_test/workspace/build/detection_interfaces
[0.647s] [  3%] [34m[1mGenerating C code for ROS interfaces[0m
[0.656s] [  6%] [34m[1mGenerating C++ code for ROS interfaces[0m
[0.663s] [  6%] Built target ament_cmake_python_copy_detection_interfaces
[0.794s] running egg_info
[0.794s] writing detection_interfaces.egg-info/PKG-INFO
[0.794s] writing dependency_links to detection_interfaces.egg-info/dependency_links.txt
[0.794s] writing top-level names to detection_interfaces.egg-info/top_level.txt
[0.796s] reading manifest file 'detection_interfaces.egg-info/SOURCES.txt'
[0.796s] writing manifest file 'detection_interfaces.egg-info/SOURCES.txt'
[0.811s] [  6%] Built target ament_cmake_python_build_detection_interfaces_egg
[0.873s] [  6%] Built target detection_interfaces__cpp
[0.874s] [35m[1mConsolidate compiler generated dependencies of target detection_interfaces__rosidl_generator_c[0m
[0.878s] [ 16%] [34m[1mGenerating C++ type support for eProsima Fast-RTPS[0m
[0.878s] [ 16%] [34m[1mGenerating C++ type support dispatch for ROS interfaces[0m
[0.878s] [ 16%] [34m[1mGenerating C++ introspection for ROS interfaces[0m
[0.881s] [ 19%] [32mBuilding C object CMakeFiles/detection_interfaces__rosidl_generator_c.dir/rosidl_generator_c/detection_interfaces/action/detail/find_yellow__functions.c.o[0m
[0.980s] [ 22%] [32m[1mLinking C shared library libdetection_interfaces__rosidl_generator_c.so[0m
[1.015s] [ 22%] Built target detection_interfaces__rosidl_generator_c
[1.022s] [ 25%] [34m[1mGenerating C type support for eProsima Fast-RTPS[0m
[1.022s] [ 29%] [34m[1mGenerating C introspection for ROS interfaces[0m
[1.023s] [ 32%] [34m[1mGenerating C type support dispatch for ROS interfaces[0m
[1.032s] [35m[1mConsolidate compiler generated dependencies of target detection_interfaces__rosidl_typesupport_cpp[0m
[1.040s] [ 35%] [32mBuilding CXX object CMakeFiles/detection_interfaces__rosidl_typesupport_cpp.dir/rosidl_typesupport_cpp/detection_interfaces/action/find_yellow__type_support.cpp.o[0m
[1.065s] [35m[1mConsolidate compiler generated dependencies of target detection_interfaces__rosidl_typesupport_introspection_cpp[0m
[1.076s] [ 38%] [32mBuilding CXX object CMakeFiles/detection_interfaces__rosidl_typesupport_introspection_cpp.dir/rosidl_typesupport_introspection_cpp/detection_interfaces/action/detail/find_yellow__type_support.cpp.o[0m
[1.102s] [35m[1mConsolidate compiler generated dependencies of target detection_interfaces__rosidl_typesupport_fastrtps_cpp[0m
[1.111s] [ 41%] [32mBuilding CXX object CMakeFiles/detection_interfaces__rosidl_typesupport_fastrtps_cpp.dir/rosidl_typesupport_fastrtps_cpp/detection_interfaces/action/detail/dds_fastrtps/find_yellow__type_support.cpp.o[0m
[1.186s] [35m[1mConsolidate compiler generated dependencies of target detection_interfaces__rosidl_typesupport_c[0m
[1.196s] [ 45%] [32mBuilding CXX object CMakeFiles/detection_interfaces__rosidl_typesupport_c.dir/rosidl_typesupport_c/detection_interfaces/action/find_yellow__type_support.cpp.o[0m
[1.230s] [35m[1mConsolidate compiler generated dependencies of target detection_interfaces__rosidl_typesupport_introspection_c[0m
[1.234s] [ 48%] [32m[1mLinking CXX shared library libdetection_interfaces__rosidl_typesupport_c.so[0m
[1.236s] [ 51%] [32mBuilding C object CMakeFiles/detection_interfaces__rosidl_typesupport_introspection_c.dir/rosidl_typesupport_introspection_c/detection_interfaces/action/detail/find_yellow__type_support.c.o[0m
[1.244s] [35m[1mConsolidate compiler generated dependencies of target detection_interfaces__rosidl_typesupport_fastrtps_c[0m
[1.253s] [ 54%] [32mBuilding CXX object CMakeFiles/detection_interfaces__rosidl_typesupport_fastrtps_c.dir/rosidl_typesupport_fastrtps_c/detection_interfaces/action/detail/find_yellow__type_support_c.cpp.o[0m
[1.260s] [ 54%] Built target detection_interfaces__rosidl_typesupport_c
[1.268s] [ 58%] [32m[1mLinking C shared library libdetection_interfaces__rosidl_typesupport_introspection_c.so[0m
[1.291s] [ 58%] Built target detection_interfaces__rosidl_typesupport_introspection_c
[1.324s] [ 61%] [32m[1mLinking CXX shared library libdetection_interfaces__rosidl_typesupport_cpp.so[0m
[1.352s] [ 61%] Built target detection_interfaces__rosidl_typesupport_cpp
[1.398s] [ 64%] [32m[1mLinking CXX shared library libdetection_interfaces__rosidl_typesupport_introspection_cpp.so[0m
[1.423s] [ 67%] [32m[1mLinking CXX shared library libdetection_interfaces__rosidl_typesupport_fastrtps_cpp.so[0m
[1.445s] [ 67%] Built target detection_interfaces__rosidl_typesupport_introspection_cpp
[1.460s] [ 70%] [32m[1mLinking CXX shared library libdetection_interfaces__rosidl_typesupport_fastrtps_c.so[0m
[1.472s] [ 70%] Built target detection_interfaces__rosidl_typesupport_fastrtps_cpp
[1.508s] [ 70%] Built target detection_interfaces__rosidl_typesupport_fastrtps_c
[1.522s] [ 70%] Built target detection_interfaces
[1.539s] [ 74%] [34m[1mGenerating Python code for ROS interfaces[0m
[1.900s] [ 74%] Built target detection_interfaces__py
[1.906s] [35m[1mConsolidate compiler generated dependencies of target detection_interfaces__rosidl_generator_py[0m
[1.913s] [ 77%] [32mBuilding C object CMakeFiles/detection_interfaces__rosidl_generator_py.dir/rosidl_generator_py/detection_interfaces/action/_find_yellow_s.c.o[0m
[1.996s] [ 80%] [32m[1mLinking C shared library rosidl_generator_py/detection_interfaces/libdetection_interfaces__rosidl_generator_py.so[0m
[2.024s] [ 80%] Built target detection_interfaces__rosidl_generator_py
[2.032s] [35m[1mConsolidate compiler generated dependencies of target detection_interfaces__rosidl_typesupport_c__pyext[0m
[2.033s] [35m[1mConsolidate compiler generated dependencies of target detection_interfaces__rosidl_typesupport_introspection_c__pyext[0m
[2.034s] [35m[1mConsolidate compiler generated dependencies of target detection_interfaces__rosidl_typesupport_fastrtps_c__pyext[0m
[2.039s] [ 83%] [32mBuilding C object CMakeFiles/detection_interfaces__rosidl_typesupport_c__pyext.dir/rosidl_generator_py/detection_interfaces/_detection_interfaces_s.ep.rosidl_typesupport_c.c.o[0m
[2.042s] [ 87%] [32mBuilding C object CMakeFiles/detection_interfaces__rosidl_typesupport_introspection_c__pyext.dir/rosidl_generator_py/detection_interfaces/_detection_interfaces_s.ep.rosidl_typesupport_introspection_c.c.o[0m
[2.043s] [ 90%] [32mBuilding C object CMakeFiles/detection_interfaces__rosidl_typesupport_fastrtps_c__pyext.dir/rosidl_generator_py/detection_interfaces/_detection_interfaces_s.ep.rosidl_typesupport_fastrtps_c.c.o[0m
[2.103s] [ 93%] [32m[1mLinking C shared library rosidl_generator_py/detection_interfaces/detection_interfaces_s__rosidl_typesupport_c.cpython-310-x86_64-linux-gnu.so[0m
[2.107s] [ 96%] [32m[1mLinking C shared library rosidl_generator_py/detection_interfaces/detection_interfaces_s__rosidl_typesupport_introspection_c.cpython-310-x86_64-linux-gnu.so[0m
[2.108s] [100%] [32m[1mLinking C shared library rosidl_generator_py/detection_interfaces/detection_interfaces_s__rosidl_typesupport_fastrtps_c.cpython-310-x86_64-linux-gnu.so[0m
[2.127s] [100%] Built target detection_interfaces__rosidl_typesupport_c__pyext
[2.129s] [100%] Built target detection_interfaces__rosidl_typesupport_fastrtps_c__pyext
[2.131s] [100%] Built target detection_interfaces__rosidl_typesupport_introspection_c__pyext
[2.136s] Invoked command in '/home/fourfold/dev/inmind_final_project_test/workspace/build/detection_interfaces' returned '0': CMAKE_PREFIX_PATH=${CMAKE_PREFIX_PATH}:/opt/ros/humble /usr/bin/cmake --build /home/fourfold/dev/inmind_final_project_test/workspace/build/detection_interfaces -- -j16 -l16
[2.178s] Invoking command in '/home/fourfold/dev/inmind_final_project_test/workspace/build/detection_interfaces': CMAKE_PREFIX_PATH=${CMAKE_PREFIX_PATH}:/opt/ros/humble /usr/bin/cmake --install /home/fourfold/dev/inmind_final_project_test/workspace/build/detection_interfaces
[2.182s] -- Install configuration: ""
[2.182s] -- Up-to-date: /home/fourfold/dev/inmind_final_project_test/workspace/install/detection_interfaces/share/ament_index/resource_index/rosidl_interfaces/detection_interfaces
[2.182s] -- Up-to-date: /home/fourfold/dev/inmind_final_project_test/workspace/install/detection_interfaces/include/detection_interfaces/detection_interfaces
[2.182s] -- Up-to-date: /home/fourfold/dev/inmind_final_project_test/workspace/install/detection_interfaces/include/detection_interfaces/detection_interfaces/msg
[2.182s] -- Up-to-date: /home/fourfold/dev/inmind_final_project_test/workspace/install/detection_interfaces/include/detection_interfaces/detection_interfaces/msg/rosidl_generator_c__visibility_control.h
[2.182s] -- Up-to-date: /home/fourfold/dev/inmind_final_project_test/workspace/install/detection_interfaces/include/detection_interfaces/detection_interfaces/action
[2.182s] -- Installing: /home/fourfold/dev/inmind_final_project_test/workspace/install/detection_interfaces/include/detection_interfaces/detection_interfaces/action/find_yellow.h
[2.182s] -- Up-to-date: /home/fourfold/dev/inmind_final_project_test/workspace/install/detection_interfaces/include/detection_interfaces/detection_interfaces/action/detail
[2.182s] -- Installing: /home/fourfold/dev/inmind_final_project_test/workspace/install/detection_interfaces/include/detection_interfaces/detection_interfaces/action/detail/find_yellow__type_support.h
[2.182s] -- Installing: /home/fourfold/dev/inmind_final_project_test/workspace/install/detection_interfaces/include/detection_interfaces/detection_interfaces/action/detail/find_yellow__struct.h
[2.182s] -- Installing: /home/fourfold/dev/inmind_final_project_test/workspace/install/detection_interfaces/include/detection_interfaces/detection_interfaces/action/detail/find_yellow__functions.c
[2.182s] -- Installing: /home/fourfold/dev/inmind_final_project_test/workspace/install/detection_interfaces/include/detection_interfaces/detection_interfaces/action/detail/find_yellow__functions.h
[2.182s] -- Up-to-date: /home/fourfold/dev/inmind_final_project_test/workspace/install/detection_interfaces/share/detection_interfaces/environment/library_path.sh
[2.182s] -- Installing: /home/fourfold/dev/inmind_final_project_test/workspace/install/detection_interfaces/share/detection_interfaces/environment/library_path.dsv
[2.183s] -- Installing: /home/fourfold/dev/inmind_final_project_test/workspace/install/detection_interfaces/lib/libdetection_interfaces__rosidl_generator_c.so
[2.183s] -- Set runtime path of "/home/fourfold/dev/inmind_final_project_test/workspace/install/detection_interfaces/lib/libdetection_interfaces__rosidl_generator_c.so" to ""
[2.183s] -- Up-to-date: /home/fourfold/dev/inmind_final_project_test/workspace/install/detection_interfaces/include/detection_interfaces/detection_interfaces
[2.183s] -- Up-to-date: /home/fourfold/dev/inmind_final_project_test/workspace/install/detection_interfaces/include/detection_interfaces/detection_interfaces/msg
[2.183s] -- Up-to-date: /home/fourfold/dev/inmind_final_project_test/workspace/install/detection_interfaces/include/detection_interfaces/detection_interfaces/msg/rosidl_typesupport_fastrtps_c__visibility_control.h
[2.183s] -- Up-to-date: /home/fourfold/dev/inmind_final_project_test/workspace/install/detection_interfaces/include/detection_interfaces/detection_interfaces/action
[2.183s] -- Up-to-date: /home/fourfold/dev/inmind_final_project_test/workspace/install/detection_interfaces/include/detection_interfaces/detection_interfaces/action/detail
[2.183s] -- Installing: /home/fourfold/dev/inmind_final_project_test/workspace/install/detection_interfaces/include/detection_interfaces/detection_interfaces/action/detail/find_yellow__rosidl_typesupport_fastrtps_c.h
[2.183s] -- Installing: /home/fourfold/dev/inmind_final_project_test/workspace/install/detection_interfaces/lib/libdetection_interfaces__rosidl_typesupport_fastrtps_c.so
[2.183s] -- Set runtime path of "/home/fourfold/dev/inmind_final_project_test/workspace/install/detection_interfaces/lib/libdetection_interfaces__rosidl_typesupport_fastrtps_c.so" to ""
[2.183s] -- Up-to-date: /home/fourfold/dev/inmind_final_project_test/workspace/install/detection_interfaces/include/detection_interfaces/detection_interfaces
[2.183s] -- Up-to-date: /home/fourfold/dev/inmind_final_project_test/workspace/install/detection_interfaces/include/detection_interfaces/detection_interfaces/msg
[2.183s] -- Up-to-date: /home/fourfold/dev/inmind_final_project_test/workspace/install/detection_interfaces/include/detection_interfaces/detection_interfaces/msg/rosidl_typesupport_introspection_c__visibility_control.h
[2.184s] -- Up-to-date: /home/fourfold/dev/inmind_final_project_test/workspace/install/detection_interfaces/include/detection_interfaces/detection_interfaces/action
[2.184s] -- Up-to-date: /home/fourfold/dev/inmind_final_project_test/workspace/install/detection_interfaces/include/detection_interfaces/detection_interfaces/action/detail
[2.184s] -- Installing: /home/fourfold/dev/inmind_final_project_test/workspace/install/detection_interfaces/include/detection_interfaces/detection_interfaces/action/detail/find_yellow__type_support.c
[2.184s] -- Installing: /home/fourfold/dev/inmind_final_project_test/workspace/install/detection_interfaces/include/detection_interfaces/detection_interfaces/action/detail/find_yellow__rosidl_typesupport_introspection_c.h
[2.184s] -- Installing: /home/fourfold/dev/inmind_final_project_test/workspace/install/detection_interfaces/lib/libdetection_interfaces__rosidl_typesupport_introspection_c.so
[2.184s] -- Set runtime path of "/home/fourfold/dev/inmind_final_project_test/workspace/install/detection_interfaces/lib/libdetection_interfaces__rosidl_typesupport_introspection_c.so" to ""
[2.184s] -- Installing: /home/fourfold/dev/inmind_final_project_test/workspace/install/detection_interfaces/lib/libdetection_interfaces__rosidl_typesupport_c.so
[2.184s] -- Set runtime path of "/home/fourfold/dev/inmind_final_project_test/workspace/install/detection_interfaces/lib/libdetection_interfaces__rosidl_typesupport_c.so" to ""
[2.184s] -- Up-to-date: /home/fourfold/dev/inmind_final_project_test/workspace/install/detection_interfaces/include/detection_interfaces/detection_interfaces
[2.184s] -- Up-to-date: /home/fourfold/dev/inmind_final_project_test/workspace/install/detection_interfaces/include/detection_interfaces/detection_interfaces/action
[2.184s] -- Up-to-date: /home/fourfold/dev/inmind_final_project_test/workspace/install/detection_interfaces/include/detection_interfaces/detection_interfaces/action/detail
[2.184s] -- Installing: /home/fourfold/dev/inmind_final_project_test/workspace/install/detection_interfaces/include/detection_interfaces/detection_interfaces/action/detail/find_yellow__traits.hpp
[2.184s] -- Installing: /home/fourfold/dev/inmind_final_project_test/workspace/install/detection_interfaces/include/detection_interfaces/detection_interfaces/action/detail/find_yellow__struct.hpp
[2.184s] -- Installing: /home/fourfold/dev/inmind_final_project_test/workspace/install/detection_interfaces/include/detection_interfaces/detection_interfaces/action/detail/find_yellow__builder.hpp
[2.184s] -- Installing: /home/fourfold/dev/inmind_final_project_test/workspace/install/detection_interfaces/include/detection_interfaces/detection_interfaces/action/find_yellow.hpp
[2.184s] -- Up-to-date: /home/fourfold/dev/inmind_final_project_test/workspace/install/detection_interfaces/include/detection_interfaces/detection_interfaces
[2.184s] -- Up-to-date: /home/fourfold/dev/inmind_final_project_test/workspace/install/detection_interfaces/include/detection_interfaces/detection_interfaces/msg
[2.184s] -- Up-to-date: /home/fourfold/dev/inmind_final_project_test/workspace/install/detection_interfaces/include/detection_interfaces/detection_interfaces/msg/rosidl_typesupport_fastrtps_cpp__visibility_control.h
[2.184s] -- Up-to-date: /home/fourfold/dev/inmind_final_project_test/workspace/install/detection_interfaces/include/detection_interfaces/detection_interfaces/action
[2.184s] -- Up-to-date: /home/fourfold/dev/inmind_final_project_test/workspace/install/detection_interfaces/include/detection_interfaces/detection_interfaces/action/detail
[2.184s] -- Up-to-date: /home/fourfold/dev/inmind_final_project_test/workspace/install/detection_interfaces/include/detection_interfaces/detection_interfaces/action/detail/dds_fastrtps
[2.184s] -- Installing: /home/fourfold/dev/inmind_final_project_test/workspace/install/detection_interfaces/include/detection_interfaces/detection_interfaces/action/detail/find_yellow__rosidl_typesupport_fastrtps_cpp.hpp
[2.185s] -- Installing: /home/fourfold/dev/inmind_final_project_test/workspace/install/detection_interfaces/lib/libdetection_interfaces__rosidl_typesupport_fastrtps_cpp.so
[2.185s] -- Set runtime path of "/home/fourfold/dev/inmind_final_project_test/workspace/install/detection_interfaces/lib/libdetection_interfaces__rosidl_typesupport_fastrtps_cpp.so" to ""
[2.185s] -- Up-to-date: /home/fourfold/dev/inmind_final_project_test/workspace/install/detection_interfaces/include/detection_interfaces/detection_interfaces
[2.185s] -- Up-to-date: /home/fourfold/dev/inmind_final_project_test/workspace/install/detection_interfaces/include/detection_interfaces/detection_interfaces/action
[2.185s] -- Up-to-date: /home/fourfold/dev/inmind_final_project_test/workspace/install/detection_interfaces/include/detection_interfaces/detection_interfaces/action/detail
[2.185s] -- Installing: /home/fourfold/dev/inmind_final_project_test/workspace/install/detection_interfaces/include/detection_interfaces/detection_interfaces/action/detail/find_yellow__type_support.cpp
[2.185s] -- Installing: /home/fourfold/dev/inmind_final_project_test/workspace/install/detection_interfaces/include/detection_interfaces/detection_interfaces/action/detail/find_yellow__rosidl_typesupport_introspection_cpp.hpp
[2.185s] -- Installing: /home/fourfold/dev/inmind_final_project_test/workspace/install/detection_interfaces/lib/libdetection_interfaces__rosidl_typesupport_introspection_cpp.so
[2.185s] -- Set runtime path of "/home/fourfold/dev/inmind_final_project_test/workspace/install/detection_interfaces/lib/libdetection_interfaces__rosidl_typesupport_introspection_cpp.so" to ""
[2.185s] -- Installing: /home/fourfold/dev/inmind_final_project_test/workspace/install/detection_interfaces/lib/libdetection_interfaces__rosidl_typesupport_cpp.so
[2.185s] -- Set runtime path of "/home/fourfold/dev/inmind_final_project_test/workspace/install/detection_interfaces/lib/libdetection_interfaces__rosidl_typesupport_cpp.so" to ""
[2.185s] -- Up-to-date: /home/fourfold/dev/inmind_final_project_test/workspace/install/detection_interfaces/share/detection_interfaces/environment/pythonpath.sh
[2.186s] -- Installing: /home/fourfold/dev/inmind_final_project_test/workspace/install/detection_interfaces/share/detection_interfaces/environment/pythonpath.dsv
[2.186s] -- Up-to-date: /home/fourfold/dev/inmind_final_project_test/workspace/install/detection_interfaces/local/lib/python3.10/dist-packages/detection_interfaces-0.0.0-py3.10.egg-info
[2.186s] -- Installing: /home/fourfold/dev/inmind_final_project_test/workspace/install/detection_interfaces/local/lib/python3.10/dist-packages/detection_interfaces-0.0.0-py3.10.egg-info/SOURCES.txt
[2.186s] -- Installing: /home/fourfold/dev/inmind_final_project_test/workspace/install/detection_interfaces/local/lib/python3.10/dist-packages/detection_interfaces-0.0.0-py3.10.egg-info/top_level.txt
[2.186s] -- Installing: /home/fourfold/dev/inmind_final_project_test/workspace/install/detection_interfaces/local/lib/python3.10/dist-packages/detection_interfaces-0.0.0-py3.10.egg-info/PKG-INFO
[2.186s] -- Installing: /home/fourfold/dev/inmind_final_project_test/workspace/install/detection_interfaces/local/lib/python3.10/dist-packages/detection_interfaces-0.0.0-py3.10.egg-info/dependency_links.txt
[2.186s] -- Up-to-date: /home/fourfold/dev/inmind_final_project_test/workspace/install/detection_interfaces/local/lib/python3.10/dist-packages/detection_interfaces
[2.186s] -- Installing: /home/fourfold/dev/inmind_final_project_test/workspace/install/detection_interfaces/local/lib/python3.10/dist-packages/detection_interfaces/_detection_interfaces_s.ep.rosidl_typesupport_c.c
[2.186s] -- Installing: /home/fourfold/dev/inmind_final_project_test/workspace/install/detection_interfaces/local/lib/python3.10/dist-packages/detection_interfaces/_detection_interfaces_s.ep.rosidl_typesupport_fastrtps_c.c
[2.186s] -- Installing: /home/fourfold/dev/inmind_final_project_test/workspace/install/detection_interfaces/local/lib/python3.10/dist-packages/detection_interfaces/detection_interfaces_s__rosidl_typesupport_introspection_c.cpython-310-x86_64-linux-gnu.so
[2.186s] -- Installing: /home/fourfold/dev/inmind_final_project_test/workspace/install/detection_interfaces/local/lib/python3.10/dist-packages/detection_interfaces/detection_interfaces_s__rosidl_typesupport_fastrtps_c.cpython-310-x86_64-linux-gnu.so
[2.186s] -- Up-to-date: /home/fourfold/dev/inmind_final_project_test/workspace/install/detection_interfaces/local/lib/python3.10/dist-packages/detection_interfaces/action
[2.186s] -- Installing: /home/fourfold/dev/inmind_final_project_test/workspace/install/detection_interfaces/local/lib/python3.10/dist-packages/detection_interfaces/action/_find_yellow_s.c
[2.186s] -- Installing: /home/fourfold/dev/inmind_final_project_test/workspace/install/detection_interfaces/local/lib/python3.10/dist-packages/detection_interfaces/action/_find_yellow.py
[2.186s] -- Installing: /home/fourfold/dev/inmind_final_project_test/workspace/install/detection_interfaces/local/lib/python3.10/dist-packages/detection_interfaces/action/__init__.py
[2.186s] -- Installing: /home/fourfold/dev/inmind_final_project_test/workspace/install/detection_interfaces/local/lib/python3.10/dist-packages/detection_interfaces/_detection_interfaces_s.ep.rosidl_typesupport_introspection_c.c
[2.186s] -- Installing: /home/fourfold/dev/inmind_final_project_test/workspace/install/detection_interfaces/local/lib/python3.10/dist-packages/detection_interfaces/__init__.py
[2.187s] -- Installing: /home/fourfold/dev/inmind_final_project_test/workspace/install/detection_interfaces/local/lib/python3.10/dist-packages/detection_interfaces/detection_interfaces_s__rosidl_typesupport_c.cpython-310-x86_64-linux-gnu.so
[2.187s] -- Installing: /home/fourfold/dev/inmind_final_project_test/workspace/install/detection_interfaces/local/lib/python3.10/dist-packages/detection_interfaces/libdetection_interfaces__rosidl_generator_py.so
[2.209s] Listing '/home/fourfold/dev/inmind_final_project_test/workspace/install/detection_interfaces/local/lib/python3.10/dist-packages/detection_interfaces'...
[2.209s] Compiling '/home/fourfold/dev/inmind_final_project_test/workspace/install/detection_interfaces/local/lib/python3.10/dist-packages/detection_interfaces/__init__.py'...
[2.209s] Listing '/home/fourfold/dev/inmind_final_project_test/workspace/install/detection_interfaces/local/lib/python3.10/dist-packages/detection_interfaces/action'...
[2.209s] Compiling '/home/fourfold/dev/inmind_final_project_test/workspace/install/detection_interfaces/local/lib/python3.10/dist-packages/detection_interfaces/action/__init__.py'...
[2.209s] Compiling '/home/fourfold/dev/inmind_final_project_test/workspace/install/detection_interfaces/local/lib/python3.10/dist-packages/detection_interfaces/action/_find_yellow.py'...
[2.211s] -- Installing: /home/fourfold/dev/inmind_final_project_test/workspace/install/detection_interfaces/local/lib/python3.10/dist-packages/detection_interfaces/detection_interfaces_s__rosidl_typesupport_fastrtps_c.cpython-310-x86_64-linux-gnu.so
[2.211s] -- Set runtime path of "/home/fourfold/dev/inmind_final_project_test/workspace/install/detection_interfaces/local/lib/python3.10/dist-packages/detection_interfaces/detection_interfaces_s__rosidl_typesupport_fastrtps_c.cpython-310-x86_64-linux-gnu.so" to ""
[2.212s] -- Installing: /home/fourfold/dev/inmind_final_project_test/workspace/install/detection_interfaces/local/lib/python3.10/dist-packages/detection_interfaces/detection_interfaces_s__rosidl_typesupport_introspection_c.cpython-310-x86_64-linux-gnu.so
[2.212s] -- Set runtime path of "/home/fourfold/dev/inmind_final_project_test/workspace/install/detection_interfaces/local/lib/python3.10/dist-packages/detection_interfaces/detection_interfaces_s__rosidl_typesupport_introspection_c.cpython-310-x86_64-linux-gnu.so" to ""
[2.212s] -- Installing: /home/fourfold/dev/inmind_final_project_test/workspace/install/detection_interfaces/local/lib/python3.10/dist-packages/detection_interfaces/detection_interfaces_s__rosidl_typesupport_c.cpython-310-x86_64-linux-gnu.so
[2.212s] -- Set runtime path of "/home/fourfold/dev/inmind_final_project_test/workspace/install/detection_interfaces/local/lib/python3.10/dist-packages/detection_interfaces/detection_interfaces_s__rosidl_typesupport_c.cpython-310-x86_64-linux-gnu.so" to ""
[2.212s] -- Installing: /home/fourfold/dev/inmind_final_project_test/workspace/install/detection_interfaces/lib/libdetection_interfaces__rosidl_generator_py.so
[2.212s] -- Set runtime path of "/home/fourfold/dev/inmind_final_project_test/workspace/install/detection_interfaces/lib/libdetection_interfaces__rosidl_generator_py.so" to ""
[2.212s] -- Installing: /home/fourfold/dev/inmind_final_project_test/workspace/install/detection_interfaces/share/detection_interfaces/action/FindYellow.idl
[2.212s] -- Installing: /home/fourfold/dev/inmind_final_project_test/workspace/install/detection_interfaces/share/detection_interfaces/action/FindYellow.action
[2.212s] -- Up-to-date: /home/fourfold/dev/inmind_final_project_test/workspace/install/detection_interfaces/share/ament_index/resource_index/package_run_dependencies/detection_interfaces
[2.212s] -- Installing: /home/fourfold/dev/inmind_final_project_test/workspace/install/detection_interfaces/share/ament_index/resource_index/parent_prefix_path/detection_interfaces
[2.212s] -- Up-to-date: /home/fourfold/dev/inmind_final_project_test/workspace/install/detection_interfaces/share/detection_interfaces/environment/ament_prefix_path.sh
[2.212s] -- Installing: /home/fourfold/dev/inmind_final_project_test/workspace/install/detection_interfaces/share/detection_interfaces/environment/ament_prefix_path.dsv
[2.212s] -- Up-to-date: /home/fourfold/dev/inmind_final_project_test/workspace/install/detection_interfaces/share/detection_interfaces/environment/path.sh
[2.212s] -- Installing: /home/fourfold/dev/inmind_final_project_test/workspace/install/detection_interfaces/share/detection_interfaces/environment/path.dsv
[2.212s] -- Up-to-date: /home/fourfold/dev/inmind_final_project_test/workspace/install/detection_interfaces/share/detection_interfaces/local_setup.bash
[2.212s] -- Up-to-date: /home/fourfold/dev/inmind_final_project_test/workspace/install/detection_interfaces/share/detection_interfaces/local_setup.sh
[2.213s] -- Up-to-date: /home/fourfold/dev/inmind_final_project_test/workspace/install/detection_interfaces/share/detection_interfaces/local_setup.zsh
[2.213s] -- Installing: /home/fourfold/dev/inmind_final_project_test/workspace/install/detection_interfaces/share/detection_interfaces/local_setup.dsv
[2.213s] -- Installing: /home/fourfold/dev/inmind_final_project_test/workspace/install/detection_interfaces/share/detection_interfaces/package.dsv
[2.213s] -- Up-to-date: /home/fourfold/dev/inmind_final_project_test/workspace/install/detection_interfaces/share/ament_index/resource_index/packages/detection_interfaces
[2.213s] -- Up-to-date: /home/fourfold/dev/inmind_final_project_test/workspace/install/detection_interfaces/share/detection_interfaces/cmake/export_detection_interfaces__rosidl_generator_cExport.cmake
[2.213s] -- Up-to-date: /home/fourfold/dev/inmind_final_project_test/workspace/install/detection_interfaces/share/detection_interfaces/cmake/export_detection_interfaces__rosidl_generator_cExport-noconfig.cmake
[2.213s] -- Up-to-date: /home/fourfold/dev/inmind_final_project_test/workspace/install/detection_interfaces/share/detection_interfaces/cmake/export_detection_interfaces__rosidl_typesupport_fastrtps_cExport.cmake
[2.213s] -- Up-to-date: /home/fourfold/dev/inmind_final_project_test/workspace/install/detection_interfaces/share/detection_interfaces/cmake/export_detection_interfaces__rosidl_typesupport_fastrtps_cExport-noconfig.cmake
[2.213s] -- Up-to-date: /home/fourfold/dev/inmind_final_project_test/workspace/install/detection_interfaces/share/detection_interfaces/cmake/detection_interfaces__rosidl_typesupport_introspection_cExport.cmake
[2.213s] -- Up-to-date: /home/fourfold/dev/inmind_final_project_test/workspace/install/detection_interfaces/share/detection_interfaces/cmake/detection_interfaces__rosidl_typesupport_introspection_cExport-noconfig.cmake
[2.213s] -- Up-to-date: /home/fourfold/dev/inmind_final_project_test/workspace/install/detection_interfaces/share/detection_interfaces/cmake/detection_interfaces__rosidl_typesupport_cExport.cmake
[2.213s] -- Up-to-date: /home/fourfold/dev/inmind_final_project_test/workspace/install/detection_interfaces/share/detection_interfaces/cmake/detection_interfaces__rosidl_typesupport_cExport-noconfig.cmake
[2.213s] -- Up-to-date: /home/fourfold/dev/inmind_final_project_test/workspace/install/detection_interfaces/share/detection_interfaces/cmake/export_detection_interfaces__rosidl_generator_cppExport.cmake
[2.213s] -- Up-to-date: /home/fourfold/dev/inmind_final_project_test/workspace/install/detection_interfaces/share/detection_interfaces/cmake/export_detection_interfaces__rosidl_typesupport_fastrtps_cppExport.cmake
[2.213s] -- Up-to-date: /home/fourfold/dev/inmind_final_project_test/workspace/install/detection_interfaces/share/detection_interfaces/cmake/export_detection_interfaces__rosidl_typesupport_fastrtps_cppExport-noconfig.cmake
[2.213s] -- Up-to-date: /home/fourfold/dev/inmind_final_project_test/workspace/install/detection_interfaces/share/detection_interfaces/cmake/detection_interfaces__rosidl_typesupport_introspection_cppExport.cmake
[2.213s] -- Up-to-date: /home/fourfold/dev/inmind_final_project_test/workspace/install/detection_interfaces/share/detection_interfaces/cmake/detection_interfaces__rosidl_typesupport_introspection_cppExport-noconfig.cmake
[2.213s] -- Up-to-date: /home/fourfold/dev/inmind_final_project_test/workspace/install/detection_interfaces/share/detection_interfaces/cmake/detection_interfaces__rosidl_typesupport_cppExport.cmake
[2.213s] -- Up-to-date: /home/fourfold/dev/inmind_final_project_test/workspace/install/detection_interfaces/share/detection_interfaces/cmake/detection_interfaces__rosidl_typesupport_cppExport-noconfig.cmake
[2.213s] -- Up-to-date: /home/fourfold/dev/inmind_final_project_test/workspace/install/detection_interfaces/share/detection_interfaces/cmake/export_detection_interfaces__rosidl_generator_pyExport.cmake
[2.213s] -- Up-to-date: /home/fourfold/dev/inmind_final_project_test/workspace/install/detection_interfaces/share/detection_interfaces/cmake/export_detection_interfaces__rosidl_generator_pyExport-noconfig.cmake
[2.213s] -- Up-to-date: /home/fourfold/dev/inmind_final_project_test/workspace/install/detection_interfaces/share/detection_interfaces/cmake/rosidl_cmake-extras.cmake
[2.213s] -- Up-to-date: /home/fourfold/dev/inmind_final_project_test/workspace/install/detection_interfaces/share/detection_interfaces/cmake/ament_cmake_export_dependencies-extras.cmake
[2.213s] -- Up-to-date: /home/fourfold/dev/inmind_final_project_test/workspace/install/detection_interfaces/share/detection_interfaces/cmake/ament_cmake_export_include_directories-extras.cmake
[2.213s] -- Up-to-date: /home/fourfold/dev/inmind_final_project_test/workspace/install/detection_interfaces/share/detection_interfaces/cmake/ament_cmake_export_libraries-extras.cmake
[2.213s] -- Up-to-date: /home/fourfold/dev/inmind_final_project_test/workspace/install/detection_interfaces/share/detection_interfaces/cmake/ament_cmake_export_targets-extras.cmake
[2.213s] -- Up-to-date: /home/fourfold/dev/inmind_final_project_test/workspace/install/detection_interfaces/share/detection_interfaces/cmake/rosidl_cmake_export_typesupport_targets-extras.cmake
[2.213s] -- Up-to-date: /home/fourfold/dev/inmind_final_project_test/workspace/install/detection_interfaces/share/detection_interfaces/cmake/rosidl_cmake_export_typesupport_libraries-extras.cmake
[2.213s] -- Up-to-date: /home/fourfold/dev/inmind_final_project_test/workspace/install/detection_interfaces/share/detection_interfaces/cmake/detection_interfacesConfig.cmake
[2.213s] -- Up-to-date: /home/fourfold/dev/inmind_final_project_test/workspace/install/detection_interfaces/share/detection_interfaces/cmake/detection_interfacesConfig-version.cmake
[2.213s] -- Up-to-date: /home/fourfold/dev/inmind_final_project_test/workspace/install/detection_interfaces/share/detection_interfaces/package.xml
[2.215s] Invoked command in '/home/fourfold/dev/inmind_final_project_test/workspace/build/detection_interfaces' returned '0': CMAKE_PREFIX_PATH=${CMAKE_PREFIX_PATH}:/opt/ros/humble /usr/bin/cmake --install /home/fourfold/dev/inmind_final_project_test/workspace/build/detection_interfaces
