[0.027s] Invoking command in '/home/makramgh/Desktop/Pepsi-Bot/workspace/build/basic_navigation': CMAKE_PREFIX_PATH=/opt/ros/humble /usr/bin/cmake --build /home/makramgh/Desktop/Pepsi-Bot/workspace/build/basic_navigation -- -j12 -l12
[0.794s] Invoked command in '/home/makramgh/Desktop/Pepsi-Bot/workspace/build/basic_navigation' returned '0': CMAKE_PREFIX_PATH=/opt/ros/humble /usr/bin/cmake --build /home/makramgh/Desktop/Pepsi-Bot/workspace/build/basic_navigation -- -j12 -l12
[0.803s] Invoking command in '/home/makramgh/Desktop/Pepsi-Bot/workspace/build/basic_navigation': CMAKE_PREFIX_PATH=/opt/ros/humble /usr/bin/cmake --install /home/makramgh/Desktop/Pepsi-Bot/workspace/build/basic_navigation
[0.814s] -- Install configuration: ""
[0.814s] -- Up-to-date: /home/makramgh/Desktop/Pepsi-Bot/workspace/install/basic_navigation/include/
[0.815s] -- Up-to-date: /home/makramgh/Desktop/Pepsi-Bot/workspace/install/basic_navigation/include//basic_navigation
[0.815s] -- Up-to-date: /home/makramgh/Desktop/Pepsi-Bot/workspace/install/basic_navigation/include//basic_navigation/move_forward.h
[0.815s] -- Up-to-date: /home/makramgh/Desktop/Pepsi-Bot/workspace/install/basic_navigation/include//basic_navigation/move_forward_right.h
[0.816s] -- Up-to-date: /home/makramgh/Desktop/Pepsi-Bot/workspace/install/basic_navigation/include//basic_navigation/move_forward_left.h
[0.816s] -- Up-to-date: /home/makramgh/Desktop/Pepsi-Bot/workspace/install/basic_navigation/include//basic_navigation/rotate_right.h
[0.818s] -- Up-to-date: /home/makramgh/Desktop/Pepsi-Bot/workspace/install/basic_navigation/include//basic_navigation/halt.h
[0.818s] -- Up-to-date: /home/makramgh/Desktop/Pepsi-Bot/workspace/install/basic_navigation/share/ament_index/resource_index/package_run_dependencies/basic_navigation
[0.818s] -- Up-to-date: /home/makramgh/Desktop/Pepsi-Bot/workspace/install/basic_navigation/share/ament_index/resource_index/parent_prefix_path/basic_navigation
[0.818s] -- Up-to-date: /home/makramgh/Desktop/Pepsi-Bot/workspace/install/basic_navigation/share/basic_navigation/environment/ament_prefix_path.sh
[0.819s] -- Up-to-date: /home/makramgh/Desktop/Pepsi-Bot/workspace/install/basic_navigation/share/basic_navigation/environment/ament_prefix_path.dsv
[0.819s] -- Up-to-date: /home/makramgh/Desktop/Pepsi-Bot/workspace/install/basic_navigation/share/basic_navigation/environment/path.sh
[0.819s] -- Up-to-date: /home/makramgh/Desktop/Pepsi-Bot/workspace/install/basic_navigation/share/basic_navigation/environment/path.dsv
[0.819s] -- Up-to-date: /home/makramgh/Desktop/Pepsi-Bot/workspace/install/basic_navigation/share/basic_navigation/local_setup.bash
[0.820s] -- Up-to-date: /home/makramgh/Desktop/Pepsi-Bot/workspace/install/basic_navigation/share/basic_navigation/local_setup.sh
[0.821s] -- Up-to-date: /home/makramgh/Desktop/Pepsi-Bot/workspace/install/basic_navigation/share/basic_navigation/local_setup.zsh
[0.821s] -- Up-to-date: /home/makramgh/Desktop/Pepsi-Bot/workspace/install/basic_navigation/share/basic_navigation/local_setup.dsv
[0.822s] -- Up-to-date: /home/makramgh/Desktop/Pepsi-Bot/workspace/install/basic_navigation/share/basic_navigation/package.dsv
[0.822s] -- Up-to-date: /home/makramgh/Desktop/Pepsi-Bot/workspace/install/basic_navigation/share/ament_index/resource_index/packages/basic_navigation
[0.822s] -- Up-to-date: /home/makramgh/Desktop/Pepsi-Bot/workspace/install/basic_navigation/share/basic_navigation/cmake/ament_cmake_export_include_directories-extras.cmake
[0.822s] -- Up-to-date: /home/makramgh/Desktop/Pepsi-Bot/workspace/install/basic_navigation/share/basic_navigation/cmake/basic_navigationConfig.cmake
[0.823s] -- Up-to-date: /home/makramgh/Desktop/Pepsi-Bot/workspace/install/basic_navigation/share/basic_navigation/cmake/basic_navigationConfig-version.cmake
[0.823s] -- Up-to-date: /home/makramgh/Desktop/Pepsi-Bot/workspace/install/basic_navigation/share/basic_navigation/package.xml
[0.840s] Invoked command in '/home/makramgh/Desktop/Pepsi-Bot/workspace/build/basic_navigation' returned '0': CMAKE_PREFIX_PATH=/opt/ros/humble /usr/bin/cmake --install /home/makramgh/Desktop/Pepsi-Bot/workspace/build/basic_navigation
