-- Found ament_cmake: 1.3.10 (/opt/ros/humble/share/ament_cmake/cmake)
-- Found rclcpp: 16.0.10 (/opt/ros/humble/share/rclcpp/cmake)
-- Found rosidl_generator_c: 3.1.5 (/opt/ros/humble/share/rosidl_generator_c/cmake)
-- Found rosidl_adapter: 3.1.5 (/opt/ros/humble/share/rosidl_adapter/cmake)
-- Found rosidl_generator_cpp: 3.1.5 (/opt/ros/humble/share/rosidl_generator_cpp/cmake)
-- Using all available rosidl_typesupport_c: rosidl_typesupport_fastrtps_c;rosidl_typesupport_introspection_c
-- Using all available rosidl_typesupport_cpp: rosidl_typesupport_fastrtps_cpp;rosidl_typesupport_introspection_cpp
-- Found rmw_implementation_cmake: 6.1.2 (/opt/ros/humble/share/rmw_implementation_cmake/cmake)
-- Found rmw_fastrtps_cpp: 6.2.7 (/opt/ros/humble/share/rmw_fastrtps_cpp/cmake)
-- Using RMW implementation 'rmw_fastrtps_cpp' as default
-- Found sensor_msgs: 4.2.4 (/opt/ros/humble/share/sensor_msgs/cmake)
-- Found cv_bridge: 3.2.1 (/opt/ros/humble/share/cv_bridge/cmake)
-- Found ament_lint_auto: 0.12.11 (/opt/ros/humble/share/ament_lint_auto/cmake)
-- Added test 'cppcheck' to perform static code analysis on C / C++ code
-- Configured cppcheck include dirs: /home/fourfold/dev/inmind_final_project_test/workspace/src/perception/yellow_ball_finder/include
-- Configured cppcheck exclude dirs and/or files: 
-- Added test 'flake8' to check Python code syntax and style conventions
-- Added test 'lint_cmake' to check CMake code style
-- Added test 'pep257' to check Python code against some of the docstring style conventions in PEP 257
-- Added test 'uncrustify' to check C / C++ code style
-- Configured uncrustify additional arguments: 
-- Added test 'xmllint' to check XML markup files
-- Configuring done
-- Generating done
-- Build files have been written to: /home/fourfold/dev/inmind_final_project_test/workspace/build/yellow_ball_finder
[35m[1mConsolidate compiler generated dependencies of target yellow_sphere_finder[0m
[ 25%] [32mBuilding CXX object CMakeFiles/image_collector.dir/src/image_collector.cpp.o[0m
[ 75%] Built target yellow_sphere_finder
In file included from [01m[K/home/fourfold/dev/inmind_final_project_test/workspace/src/perception/yellow_ball_finder/src/image_collector.cpp:1[m[K:
[01m[K/home/fourfold/dev/inmind_final_project_test/workspace/src/perception/yellow_ball_finder/include/yellow_ball_finder/image_collector.h:[m[K In constructor ‘[01m[KImageCollector::ImageCollector(const string&)[m[K’:
[01m[K/home/fourfold/dev/inmind_final_project_test/workspace/src/perception/yellow_ball_finder/include/yellow_ball_finder/image_collector.h:12:39:[m[K [01;35m[Kwarning: [m[Kunused parameter ‘[01m[Kname[m[K’ [[01;35m[K]8;;https://gcc.gnu.org/onlinedocs/gcc/Warning-Options.html#index-Wunused-parameter-Wunused-parameter]8;;[m[K]
   12 |     ImageCollector([01;35m[Kconst std::string& name[m[K) : rclcpp::Node("image_collector") {
      |                    [01;35m[K~~~~~~~~~~~~~~~~~~~^~~~[m[K
In file included from [01m[K/usr/include/x86_64-linux-gnu/c++/11/bits/c++allocator.h:33[m[K,
                 from [01m[K/usr/include/c++/11/bits/allocator.h:46[m[K,
                 from [01m[K/usr/include/c++/11/memory:64[m[K,
                 from [01m[K/opt/ros/humble/include/rclcpp/rclcpp/rclcpp.hpp:153[m[K,
                 from [01m[K/home/fourfold/dev/inmind_final_project_test/workspace/src/perception/yellow_ball_finder/include/yellow_ball_finder/image_collector.h:1[m[K,
                 from [01m[K/home/fourfold/dev/inmind_final_project_test/workspace/src/perception/yellow_ball_finder/src/image_collector.cpp:1[m[K:
/usr/include/c++/11/ext/new_allocator.h: In instantiation of ‘[01m[Kvoid __gnu_cxx::new_allocator<_Tp>::construct(_Up*, _Args&& ...) [with _Up = ImageCollector; _Args = {}; _Tp = ImageCollector][m[K’:
[01m[K/usr/include/c++/11/bits/alloc_traits.h:516:17:[m[K   required from ‘[01m[Kstatic void std::allocator_traits<std::allocator<_Tp1> >::construct(std::allocator_traits<std::allocator<_Tp1> >::allocator_type&, _Up*, _Args&& ...) [with _Up = ImageCollector; _Args = {}; _Tp = ImageCollector; std::allocator_traits<std::allocator<_Tp1> >::allocator_type = std::allocator<ImageCollector>][m[K’
[01m[K/usr/include/c++/11/bits/shared_ptr_base.h:519:39:[m[K   required from ‘[01m[Kstd::_Sp_counted_ptr_inplace<_Tp, _Alloc, _Lp>::_Sp_counted_ptr_inplace(_Alloc, _Args&& ...) [with _Args = {}; _Tp = ImageCollector; _Alloc = std::allocator<ImageCollector>; __gnu_cxx::_Lock_policy _Lp = __gnu_cxx::_S_atomic][m[K’
[01m[K/usr/include/c++/11/bits/shared_ptr_base.h:650:16:[m[K   required from ‘[01m[Kstd::__shared_count<_Lp>::__shared_count(_Tp*&, std::_Sp_alloc_shared_tag<_Alloc>, _Args&& ...) [with _Tp = ImageCollector; _Alloc = std::allocator<ImageCollector>; _Args = {}; __gnu_cxx::_Lock_policy _Lp = __gnu_cxx::_S_atomic][m[K’
[01m[K/usr/include/c++/11/bits/shared_ptr_base.h:1342:14:[m[K   required from ‘[01m[Kstd::__shared_ptr<_Tp, _Lp>::__shared_ptr(std::_Sp_alloc_shared_tag<_Tp>, _Args&& ...) [with _Alloc = std::allocator<ImageCollector>; _Args = {}; _Tp = ImageCollector; __gnu_cxx::_Lock_policy _Lp = __gnu_cxx::_S_atomic][m[K’
[01m[K/usr/include/c++/11/bits/shared_ptr.h:409:59:[m[K   required from ‘[01m[Kstd::shared_ptr<_Tp>::shared_ptr(std::_Sp_alloc_shared_tag<_Tp>, _Args&& ...) [with _Alloc = std::allocator<ImageCollector>; _Args = {}; _Tp = ImageCollector][m[K’
[01m[K/usr/include/c++/11/bits/shared_ptr.h:862:14:[m[K   required from ‘[01m[Kstd::shared_ptr<_Tp> std::allocate_shared(const _Alloc&, _Args&& ...) [with _Tp = ImageCollector; _Alloc = std::allocator<ImageCollector>; _Args = {}][m[K’
[01m[K/usr/include/c++/11/bits/shared_ptr.h:878:39:[m[K   required from ‘[01m[Kstd::shared_ptr<_Tp> std::make_shared(_Args&& ...) [with _Tp = ImageCollector; _Args = {}][m[K’
[01m[K/home/fourfold/dev/inmind_final_project_test/workspace/src/perception/yellow_ball_finder/src/image_collector.cpp:6:50:[m[K   required from here
[01m[K/usr/include/c++/11/ext/new_allocator.h:162:11:[m[K [01;31m[Kerror: [m[Kno matching function for call to ‘[01m[KImageCollector::ImageCollector()[m[K’
  162 |         { [01;31m[K::new((void *)__p) _Up(std::forward<_Args>(__args)...)[m[K; }
      |           [01;31m[K^~~~~~~~~~~~~~~~~~~~~~~~~~~~~~~~~~~~~~~~~~~~~~~~~~~~~~[m[K
In file included from [01m[K/home/fourfold/dev/inmind_final_project_test/workspace/src/perception/yellow_ball_finder/src/image_collector.cpp:1[m[K:
[01m[K/home/fourfold/dev/inmind_final_project_test/workspace/src/perception/yellow_ball_finder/include/yellow_ball_finder/image_collector.h:12:5:[m[K [01;36m[Knote: [m[Kcandidate: ‘[01m[KImageCollector::ImageCollector(const string&)[m[K’
   12 |     [01;36m[KImageCollector[m[K(const std::string& name) : rclcpp::Node("image_collector") {
      |     [01;36m[K^~~~~~~~~~~~~~[m[K
[01m[K/home/fourfold/dev/inmind_final_project_test/workspace/src/perception/yellow_ball_finder/include/yellow_ball_finder/image_collector.h:12:5:[m[K [01;36m[Knote: [m[K  candidate expects 1 argument, 0 provided
gmake[2]: *** [CMakeFiles/image_collector.dir/build.make:76: CMakeFiles/image_collector.dir/src/image_collector.cpp.o] Error 1
gmake[1]: *** [CMakeFiles/Makefile2:165: CMakeFiles/image_collector.dir/all] Error 2
gmake: *** [Makefile:146: all] Error 2
