running egg_info
writing ../../../build/yolov8_webcam/yolov8_webcam.egg-info/PKG-INFO
writing dependency_links to ../../../build/yolov8_webcam/yolov8_webcam.egg-info/dependency_links.txt
writing entry points to ../../../build/yolov8_webcam/yolov8_webcam.egg-info/entry_points.txt
writing requirements to ../../../build/yolov8_webcam/yolov8_webcam.egg-info/requires.txt
writing top-level names to ../../../build/yolov8_webcam/yolov8_webcam.egg-info/top_level.txt
reading manifest file '../../../build/yolov8_webcam/yolov8_webcam.egg-info/SOURCES.txt'
writing manifest file '../../../build/yolov8_webcam/yolov8_webcam.egg-info/SOURCES.txt'
running build
running build_py
copying yolov8_webcam/yolov8_node.py -> /home/fourfold/dev/inmind_final_project_test/workspace/build/yolov8_webcam/build/lib/yolov8_webcam
running install
running install_lib
copying /home/fourfold/dev/inmind_final_project_test/workspace/build/yolov8_webcam/build/lib/yolov8_webcam/yolov8_node.py -> /home/fourfold/dev/inmind_final_project_test/workspace/install/yolov8_webcam/lib/python3.10/site-packages/yolov8_webcam
byte-compiling /home/fourfold/dev/inmind_final_project_test/workspace/install/yolov8_webcam/lib/python3.10/site-packages/yolov8_webcam/yolov8_node.py to yolov8_node.cpython-310.pyc
running install_data
running install_egg_info
removing '/home/fourfold/dev/inmind_final_project_test/workspace/install/yolov8_webcam/lib/python3.10/site-packages/yolov8_webcam-0.0.0-py3.10.egg-info' (and everything under it)
Copying ../../../build/yolov8_webcam/yolov8_webcam.egg-info to /home/fourfold/dev/inmind_final_project_test/workspace/install/yolov8_webcam/lib/python3.10/site-packages/yolov8_webcam-0.0.0-py3.10.egg-info
running install_scripts
Installing yolov8_node script to /home/fourfold/dev/inmind_final_project_test/workspace/install/yolov8_webcam/lib/yolov8_webcam
writing list of installed files to '/home/fourfold/dev/inmind_final_project_test/workspace/build/yolov8_webcam/install.log'
