[0.006s] Invoking command in '/home/fourfold/dev/inmind_final_project_test/workspace/src/perception/yellow_ball_finder/build/yellow_ball_finder': CMAKE_PREFIX_PATH=${CMAKE_PREFIX_PATH}:/opt/ros/humble /usr/bin/cmake --build /home/fourfold/dev/inmind_final_project_test/workspace/src/perception/yellow_ball_finder/build/yellow_ball_finder -- -j16 -l16
[0.022s] -- Found ament_cmake: 1.3.10 (/opt/ros/humble/share/ament_cmake/cmake)
[0.109s] -- Found rclcpp: 16.0.10 (/opt/ros/humble/share/rclcpp/cmake)
[0.136s] -- Found rosidl_generator_c: 3.1.5 (/opt/ros/humble/share/rosidl_generator_c/cmake)
[0.139s] -- Found rosidl_adapter: 3.1.5 (/opt/ros/humble/share/rosidl_adapter/cmake)
[0.144s] -- Found rosidl_generator_cpp: 3.1.5 (/opt/ros/humble/share/rosidl_generator_cpp/cmake)
[0.151s] -- Using all available rosidl_typesupport_c: rosidl_typesupport_fastrtps_c;rosidl_typesupport_introspection_c
[0.160s] -- Using all available rosidl_typesupport_cpp: rosidl_typesupport_fastrtps_cpp;rosidl_typesupport_introspection_cpp
[0.184s] -- Found rmw_implementation_cmake: 6.1.2 (/opt/ros/humble/share/rmw_implementation_cmake/cmake)
[0.185s] -- Found rmw_fastrtps_cpp: 6.2.7 (/opt/ros/humble/share/rmw_fastrtps_cpp/cmake)
[0.239s] -- Found OpenSSL: /usr/lib/x86_64-linux-gnu/libcrypto.so (found version "3.0.2")  
[0.260s] -- Found FastRTPS: /opt/ros/humble/include  
[0.285s] -- Using RMW implementation 'rmw_fastrtps_cpp' as default
[0.290s] -- Looking for pthread.h
[0.339s] -- Looking for pthread.h - found
[0.339s] -- Performing Test CMAKE_HAVE_LIBC_PTHREAD
[0.401s] -- Performing Test CMAKE_HAVE_LIBC_PTHREAD - Success
[0.402s] -- Found Threads: TRUE  
[0.434s] -- Found sensor_msgs: 4.2.4 (/opt/ros/humble/share/sensor_msgs/cmake)
[0.453s] -- Found cv_bridge: 3.2.1 (/opt/ros/humble/share/cv_bridge/cmake)
[0.462s] -- Found OpenCV: /usr (found version "4.5.4") 
[0.463s] -- Found ament_lint_auto: 0.12.11 (/opt/ros/humble/share/ament_lint_auto/cmake)
[0.508s] -- Added test 'cppcheck' to perform static code analysis on C / C++ code
[0.508s] -- Configured cppcheck include dirs: /home/fourfold/dev/inmind_final_project_test/workspace/src/perception/yellow_ball_finder/include
[0.508s] -- Configured cppcheck exclude dirs and/or files: 
[0.509s] -- Added test 'flake8' to check Python code syntax and style conventions
[0.510s] -- Added test 'lint_cmake' to check CMake code style
[0.511s] -- Added test 'pep257' to check Python code against some of the docstring style conventions in PEP 257
[0.514s] -- Added test 'uncrustify' to check C / C++ code style
[0.514s] -- Configured uncrustify additional arguments: 
[0.515s] -- Added test 'xmllint' to check XML markup files
[0.515s] -- Configuring done
[0.518s] -- Generating done
[0.519s] -- Build files have been written to: /home/fourfold/dev/inmind_final_project_test/workspace/src/perception/yellow_ball_finder/build/yellow_ball_finder
[0.536s] Invoked command in '/home/fourfold/dev/inmind_final_project_test/workspace/src/perception/yellow_ball_finder/build/yellow_ball_finder' returned '0': CMAKE_PREFIX_PATH=${CMAKE_PREFIX_PATH}:/opt/ros/humble /usr/bin/cmake --build /home/fourfold/dev/inmind_final_project_test/workspace/src/perception/yellow_ball_finder/build/yellow_ball_finder -- -j16 -l16
[0.559s] Invoking command in '/home/fourfold/dev/inmind_final_project_test/workspace/src/perception/yellow_ball_finder/build/yellow_ball_finder': CMAKE_PREFIX_PATH=${CMAKE_PREFIX_PATH}:/opt/ros/humble /usr/bin/cmake --install /home/fourfold/dev/inmind_final_project_test/workspace/src/perception/yellow_ball_finder/build/yellow_ball_finder
[0.565s] -- Install configuration: ""
[0.565s] -- Installing: /home/fourfold/dev/inmind_final_project_test/workspace/src/perception/yellow_ball_finder/install/yellow_ball_finder/share/ament_index/resource_index/package_run_dependencies/yellow_ball_finder
[0.565s] -- Up-to-date: /home/fourfold/dev/inmind_final_project_test/workspace/src/perception/yellow_ball_finder/install/yellow_ball_finder/share/ament_index/resource_index/parent_prefix_path/yellow_ball_finder
[0.565s] -- Up-to-date: /home/fourfold/dev/inmind_final_project_test/workspace/src/perception/yellow_ball_finder/install/yellow_ball_finder/share/yellow_ball_finder/environment/ament_prefix_path.sh
[0.565s] -- Installing: /home/fourfold/dev/inmind_final_project_test/workspace/src/perception/yellow_ball_finder/install/yellow_ball_finder/share/yellow_ball_finder/environment/ament_prefix_path.dsv
[0.565s] -- Up-to-date: /home/fourfold/dev/inmind_final_project_test/workspace/src/perception/yellow_ball_finder/install/yellow_ball_finder/share/yellow_ball_finder/environment/path.sh
[0.565s] -- Installing: /home/fourfold/dev/inmind_final_project_test/workspace/src/perception/yellow_ball_finder/install/yellow_ball_finder/share/yellow_ball_finder/environment/path.dsv
[0.565s] -- Up-to-date: /home/fourfold/dev/inmind_final_project_test/workspace/src/perception/yellow_ball_finder/install/yellow_ball_finder/share/yellow_ball_finder/local_setup.bash
[0.565s] -- Up-to-date: /home/fourfold/dev/inmind_final_project_test/workspace/src/perception/yellow_ball_finder/install/yellow_ball_finder/share/yellow_ball_finder/local_setup.sh
[0.565s] -- Up-to-date: /home/fourfold/dev/inmind_final_project_test/workspace/src/perception/yellow_ball_finder/install/yellow_ball_finder/share/yellow_ball_finder/local_setup.zsh
[0.565s] -- Installing: /home/fourfold/dev/inmind_final_project_test/workspace/src/perception/yellow_ball_finder/install/yellow_ball_finder/share/yellow_ball_finder/local_setup.dsv
[0.565s] -- Installing: /home/fourfold/dev/inmind_final_project_test/workspace/src/perception/yellow_ball_finder/install/yellow_ball_finder/share/yellow_ball_finder/package.dsv
[0.565s] -- Up-to-date: /home/fourfold/dev/inmind_final_project_test/workspace/src/perception/yellow_ball_finder/install/yellow_ball_finder/share/ament_index/resource_index/packages/yellow_ball_finder
[0.565s] -- Installing: /home/fourfold/dev/inmind_final_project_test/workspace/src/perception/yellow_ball_finder/install/yellow_ball_finder/share/yellow_ball_finder/cmake/ament_cmake_export_include_directories-extras.cmake
[0.565s] -- Installing: /home/fourfold/dev/inmind_final_project_test/workspace/src/perception/yellow_ball_finder/install/yellow_ball_finder/share/yellow_ball_finder/cmake/yellow_ball_finderConfig.cmake
[0.565s] -- Up-to-date: /home/fourfold/dev/inmind_final_project_test/workspace/src/perception/yellow_ball_finder/install/yellow_ball_finder/share/yellow_ball_finder/cmake/yellow_ball_finderConfig-version.cmake
[0.565s] -- Installing: /home/fourfold/dev/inmind_final_project_test/workspace/src/perception/yellow_ball_finder/install/yellow_ball_finder/share/yellow_ball_finder/package.xml
[0.566s] Invoked command in '/home/fourfold/dev/inmind_final_project_test/workspace/src/perception/yellow_ball_finder/build/yellow_ball_finder' returned '0': CMAKE_PREFIX_PATH=${CMAKE_PREFIX_PATH}:/opt/ros/humble /usr/bin/cmake --install /home/fourfold/dev/inmind_final_project_test/workspace/src/perception/yellow_ball_finder/build/yellow_ball_finder
