[0.014s] Invoking command in '/home/fourfold/dev/inmind_final_project_test/workspace/build/detection_interfaces': CMAKE_PREFIX_PATH=${CMAKE_PREFIX_PATH}:/opt/ros/humble /usr/bin/cmake --build /home/fourfold/dev/inmind_final_project_test/workspace/build/detection_interfaces -- -j16 -l16
[0.056s] [  9%] Built target detection_interfaces__rosidl_generator_c
[0.059s] [ 12%] Built target detection_interfaces__cpp
[0.070s] [ 12%] Built target ament_cmake_python_copy_detection_interfaces
[0.076s] [ 22%] Built target detection_interfaces__rosidl_typesupport_introspection_c
[0.078s] [ 32%] Built target detection_interfaces__rosidl_typesupport_c
[0.078s] [ 41%] Built target detection_interfaces__rosidl_typesupport_fastrtps_c
[0.079s] [ 51%] Built target detection_interfaces__rosidl_typesupport_introspection_cpp
[0.079s] [ 61%] Built target detection_interfaces__rosidl_typesupport_cpp
[0.079s] [ 70%] Built target detection_interfaces__rosidl_typesupport_fastrtps_cpp
[0.093s] [ 70%] Built target detection_interfaces
[0.107s] [ 74%] Built target detection_interfaces__py
[0.122s] [ 80%] Built target detection_interfaces__rosidl_generator_py
[0.137s] [ 87%] Built target detection_interfaces__rosidl_typesupport_c__pyext
[0.137s] [ 93%] Built target detection_interfaces__rosidl_typesupport_fastrtps_c__pyext
[0.139s] [100%] Built target detection_interfaces__rosidl_typesupport_introspection_c__pyext
[0.226s] running egg_info
[0.227s] writing detection_interfaces.egg-info/PKG-INFO
[0.227s] writing dependency_links to detection_interfaces.egg-info/dependency_links.txt
[0.227s] writing top-level names to detection_interfaces.egg-info/top_level.txt
[0.229s] reading manifest file 'detection_interfaces.egg-info/SOURCES.txt'
[0.229s] writing manifest file 'detection_interfaces.egg-info/SOURCES.txt'
[0.248s] [100%] Built target ament_cmake_python_build_detection_interfaces_egg
[0.256s] Invoked command in '/home/fourfold/dev/inmind_final_project_test/workspace/build/detection_interfaces' returned '0': CMAKE_PREFIX_PATH=${CMAKE_PREFIX_PATH}:/opt/ros/humble /usr/bin/cmake --build /home/fourfold/dev/inmind_final_project_test/workspace/build/detection_interfaces -- -j16 -l16
[0.299s] Invoking command in '/home/fourfold/dev/inmind_final_project_test/workspace/build/detection_interfaces': CMAKE_PREFIX_PATH=${CMAKE_PREFIX_PATH}:/opt/ros/humble /usr/bin/cmake --install /home/fourfold/dev/inmind_final_project_test/workspace/build/detection_interfaces
[0.304s] -- Install configuration: ""
[0.304s] -- Up-to-date: /home/fourfold/dev/inmind_final_project_test/workspace/install/detection_interfaces/share/ament_index/resource_index/rosidl_interfaces/detection_interfaces
[0.304s] -- Up-to-date: /home/fourfold/dev/inmind_final_project_test/workspace/install/detection_interfaces/include/detection_interfaces/detection_interfaces
[0.304s] -- Up-to-date: /home/fourfold/dev/inmind_final_project_test/workspace/install/detection_interfaces/include/detection_interfaces/detection_interfaces/msg
[0.304s] -- Up-to-date: /home/fourfold/dev/inmind_final_project_test/workspace/install/detection_interfaces/include/detection_interfaces/detection_interfaces/msg/rosidl_generator_c__visibility_control.h
[0.304s] -- Up-to-date: /home/fourfold/dev/inmind_final_project_test/workspace/install/detection_interfaces/include/detection_interfaces/detection_interfaces/action
[0.304s] -- Up-to-date: /home/fourfold/dev/inmind_final_project_test/workspace/install/detection_interfaces/include/detection_interfaces/detection_interfaces/action/find_yellow.h
[0.304s] -- Up-to-date: /home/fourfold/dev/inmind_final_project_test/workspace/install/detection_interfaces/include/detection_interfaces/detection_interfaces/action/detail
[0.304s] -- Up-to-date: /home/fourfold/dev/inmind_final_project_test/workspace/install/detection_interfaces/include/detection_interfaces/detection_interfaces/action/detail/find_yellow__type_support.h
[0.304s] -- Up-to-date: /home/fourfold/dev/inmind_final_project_test/workspace/install/detection_interfaces/include/detection_interfaces/detection_interfaces/action/detail/find_yellow__struct.h
[0.304s] -- Up-to-date: /home/fourfold/dev/inmind_final_project_test/workspace/install/detection_interfaces/include/detection_interfaces/detection_interfaces/action/detail/find_yellow__functions.c
[0.304s] -- Up-to-date: /home/fourfold/dev/inmind_final_project_test/workspace/install/detection_interfaces/include/detection_interfaces/detection_interfaces/action/detail/find_yellow__functions.h
[0.304s] -- Up-to-date: /home/fourfold/dev/inmind_final_project_test/workspace/install/detection_interfaces/share/detection_interfaces/environment/library_path.sh
[0.304s] -- Up-to-date: /home/fourfold/dev/inmind_final_project_test/workspace/install/detection_interfaces/share/detection_interfaces/environment/library_path.dsv
[0.304s] -- Up-to-date: /home/fourfold/dev/inmind_final_project_test/workspace/install/detection_interfaces/lib/libdetection_interfaces__rosidl_generator_c.so
[0.304s] -- Up-to-date: /home/fourfold/dev/inmind_final_project_test/workspace/install/detection_interfaces/include/detection_interfaces/detection_interfaces
[0.305s] -- Up-to-date: /home/fourfold/dev/inmind_final_project_test/workspace/install/detection_interfaces/include/detection_interfaces/detection_interfaces/msg
[0.305s] -- Up-to-date: /home/fourfold/dev/inmind_final_project_test/workspace/install/detection_interfaces/include/detection_interfaces/detection_interfaces/msg/rosidl_typesupport_fastrtps_c__visibility_control.h
[0.305s] -- Up-to-date: /home/fourfold/dev/inmind_final_project_test/workspace/install/detection_interfaces/include/detection_interfaces/detection_interfaces/action
[0.305s] -- Up-to-date: /home/fourfold/dev/inmind_final_project_test/workspace/install/detection_interfaces/include/detection_interfaces/detection_interfaces/action/detail
[0.305s] -- Up-to-date: /home/fourfold/dev/inmind_final_project_test/workspace/install/detection_interfaces/include/detection_interfaces/detection_interfaces/action/detail/find_yellow__rosidl_typesupport_fastrtps_c.h
[0.305s] -- Up-to-date: /home/fourfold/dev/inmind_final_project_test/workspace/install/detection_interfaces/lib/libdetection_interfaces__rosidl_typesupport_fastrtps_c.so
[0.305s] -- Up-to-date: /home/fourfold/dev/inmind_final_project_test/workspace/install/detection_interfaces/include/detection_interfaces/detection_interfaces
[0.305s] -- Up-to-date: /home/fourfold/dev/inmind_final_project_test/workspace/install/detection_interfaces/include/detection_interfaces/detection_interfaces/msg
[0.305s] -- Up-to-date: /home/fourfold/dev/inmind_final_project_test/workspace/install/detection_interfaces/include/detection_interfaces/detection_interfaces/msg/rosidl_typesupport_introspection_c__visibility_control.h
[0.305s] -- Up-to-date: /home/fourfold/dev/inmind_final_project_test/workspace/install/detection_interfaces/include/detection_interfaces/detection_interfaces/action
[0.305s] -- Up-to-date: /home/fourfold/dev/inmind_final_project_test/workspace/install/detection_interfaces/include/detection_interfaces/detection_interfaces/action/detail
[0.305s] -- Up-to-date: /home/fourfold/dev/inmind_final_project_test/workspace/install/detection_interfaces/include/detection_interfaces/detection_interfaces/action/detail/find_yellow__type_support.c
[0.305s] -- Up-to-date: /home/fourfold/dev/inmind_final_project_test/workspace/install/detection_interfaces/include/detection_interfaces/detection_interfaces/action/detail/find_yellow__rosidl_typesupport_introspection_c.h
[0.305s] -- Up-to-date: /home/fourfold/dev/inmind_final_project_test/workspace/install/detection_interfaces/lib/libdetection_interfaces__rosidl_typesupport_introspection_c.so
[0.305s] -- Up-to-date: /home/fourfold/dev/inmind_final_project_test/workspace/install/detection_interfaces/lib/libdetection_interfaces__rosidl_typesupport_c.so
[0.305s] -- Up-to-date: /home/fourfold/dev/inmind_final_project_test/workspace/install/detection_interfaces/include/detection_interfaces/detection_interfaces
[0.305s] -- Up-to-date: /home/fourfold/dev/inmind_final_project_test/workspace/install/detection_interfaces/include/detection_interfaces/detection_interfaces/action
[0.305s] -- Up-to-date: /home/fourfold/dev/inmind_final_project_test/workspace/install/detection_interfaces/include/detection_interfaces/detection_interfaces/action/detail
[0.305s] -- Up-to-date: /home/fourfold/dev/inmind_final_project_test/workspace/install/detection_interfaces/include/detection_interfaces/detection_interfaces/action/detail/find_yellow__traits.hpp
[0.305s] -- Up-to-date: /home/fourfold/dev/inmind_final_project_test/workspace/install/detection_interfaces/include/detection_interfaces/detection_interfaces/action/detail/find_yellow__struct.hpp
[0.305s] -- Up-to-date: /home/fourfold/dev/inmind_final_project_test/workspace/install/detection_interfaces/include/detection_interfaces/detection_interfaces/action/detail/find_yellow__builder.hpp
[0.305s] -- Up-to-date: /home/fourfold/dev/inmind_final_project_test/workspace/install/detection_interfaces/include/detection_interfaces/detection_interfaces/action/find_yellow.hpp
[0.305s] -- Up-to-date: /home/fourfold/dev/inmind_final_project_test/workspace/install/detection_interfaces/include/detection_interfaces/detection_interfaces
[0.305s] -- Up-to-date: /home/fourfold/dev/inmind_final_project_test/workspace/install/detection_interfaces/include/detection_interfaces/detection_interfaces/msg
[0.305s] -- Up-to-date: /home/fourfold/dev/inmind_final_project_test/workspace/install/detection_interfaces/include/detection_interfaces/detection_interfaces/msg/rosidl_typesupport_fastrtps_cpp__visibility_control.h
[0.305s] -- Up-to-date: /home/fourfold/dev/inmind_final_project_test/workspace/install/detection_interfaces/include/detection_interfaces/detection_interfaces/action
[0.305s] -- Up-to-date: /home/fourfold/dev/inmind_final_project_test/workspace/install/detection_interfaces/include/detection_interfaces/detection_interfaces/action/detail
[0.305s] -- Up-to-date: /home/fourfold/dev/inmind_final_project_test/workspace/install/detection_interfaces/include/detection_interfaces/detection_interfaces/action/detail/dds_fastrtps
[0.305s] -- Up-to-date: /home/fourfold/dev/inmind_final_project_test/workspace/install/detection_interfaces/include/detection_interfaces/detection_interfaces/action/detail/find_yellow__rosidl_typesupport_fastrtps_cpp.hpp
[0.305s] -- Up-to-date: /home/fourfold/dev/inmind_final_project_test/workspace/install/detection_interfaces/lib/libdetection_interfaces__rosidl_typesupport_fastrtps_cpp.so
[0.305s] -- Up-to-date: /home/fourfold/dev/inmind_final_project_test/workspace/install/detection_interfaces/include/detection_interfaces/detection_interfaces
[0.305s] -- Up-to-date: /home/fourfold/dev/inmind_final_project_test/workspace/install/detection_interfaces/include/detection_interfaces/detection_interfaces/action
[0.306s] -- Up-to-date: /home/fourfold/dev/inmind_final_project_test/workspace/install/detection_interfaces/include/detection_interfaces/detection_interfaces/action/detail
[0.306s] -- Up-to-date: /home/fourfold/dev/inmind_final_project_test/workspace/install/detection_interfaces/include/detection_interfaces/detection_interfaces/action/detail/find_yellow__type_support.cpp
[0.306s] -- Up-to-date: /home/fourfold/dev/inmind_final_project_test/workspace/install/detection_interfaces/include/detection_interfaces/detection_interfaces/action/detail/find_yellow__rosidl_typesupport_introspection_cpp.hpp
[0.306s] -- Up-to-date: /home/fourfold/dev/inmind_final_project_test/workspace/install/detection_interfaces/lib/libdetection_interfaces__rosidl_typesupport_introspection_cpp.so
[0.306s] -- Up-to-date: /home/fourfold/dev/inmind_final_project_test/workspace/install/detection_interfaces/lib/libdetection_interfaces__rosidl_typesupport_cpp.so
[0.306s] -- Up-to-date: /home/fourfold/dev/inmind_final_project_test/workspace/install/detection_interfaces/share/detection_interfaces/environment/pythonpath.sh
[0.306s] -- Up-to-date: /home/fourfold/dev/inmind_final_project_test/workspace/install/detection_interfaces/share/detection_interfaces/environment/pythonpath.dsv
[0.306s] -- Up-to-date: /home/fourfold/dev/inmind_final_project_test/workspace/install/detection_interfaces/local/lib/python3.10/dist-packages/detection_interfaces-0.0.0-py3.10.egg-info
[0.306s] -- Installing: /home/fourfold/dev/inmind_final_project_test/workspace/install/detection_interfaces/local/lib/python3.10/dist-packages/detection_interfaces-0.0.0-py3.10.egg-info/SOURCES.txt
[0.306s] -- Installing: /home/fourfold/dev/inmind_final_project_test/workspace/install/detection_interfaces/local/lib/python3.10/dist-packages/detection_interfaces-0.0.0-py3.10.egg-info/top_level.txt
[0.306s] -- Installing: /home/fourfold/dev/inmind_final_project_test/workspace/install/detection_interfaces/local/lib/python3.10/dist-packages/detection_interfaces-0.0.0-py3.10.egg-info/PKG-INFO
[0.306s] -- Installing: /home/fourfold/dev/inmind_final_project_test/workspace/install/detection_interfaces/local/lib/python3.10/dist-packages/detection_interfaces-0.0.0-py3.10.egg-info/dependency_links.txt
[0.306s] -- Up-to-date: /home/fourfold/dev/inmind_final_project_test/workspace/install/detection_interfaces/local/lib/python3.10/dist-packages/detection_interfaces
[0.306s] -- Up-to-date: /home/fourfold/dev/inmind_final_project_test/workspace/install/detection_interfaces/local/lib/python3.10/dist-packages/detection_interfaces/_detection_interfaces_s.ep.rosidl_typesupport_c.c
[0.306s] -- Up-to-date: /home/fourfold/dev/inmind_final_project_test/workspace/install/detection_interfaces/local/lib/python3.10/dist-packages/detection_interfaces/_detection_interfaces_s.ep.rosidl_typesupport_fastrtps_c.c
[0.306s] -- Up-to-date: /home/fourfold/dev/inmind_final_project_test/workspace/install/detection_interfaces/local/lib/python3.10/dist-packages/detection_interfaces/detection_interfaces_s__rosidl_typesupport_introspection_c.cpython-310-x86_64-linux-gnu.so
[0.306s] -- Up-to-date: /home/fourfold/dev/inmind_final_project_test/workspace/install/detection_interfaces/local/lib/python3.10/dist-packages/detection_interfaces/detection_interfaces_s__rosidl_typesupport_fastrtps_c.cpython-310-x86_64-linux-gnu.so
[0.306s] -- Up-to-date: /home/fourfold/dev/inmind_final_project_test/workspace/install/detection_interfaces/local/lib/python3.10/dist-packages/detection_interfaces/action
[0.306s] -- Up-to-date: /home/fourfold/dev/inmind_final_project_test/workspace/install/detection_interfaces/local/lib/python3.10/dist-packages/detection_interfaces/action/_find_yellow_s.c
[0.306s] -- Up-to-date: /home/fourfold/dev/inmind_final_project_test/workspace/install/detection_interfaces/local/lib/python3.10/dist-packages/detection_interfaces/action/_find_yellow.py
[0.306s] -- Up-to-date: /home/fourfold/dev/inmind_final_project_test/workspace/install/detection_interfaces/local/lib/python3.10/dist-packages/detection_interfaces/action/__init__.py
[0.306s] -- Up-to-date: /home/fourfold/dev/inmind_final_project_test/workspace/install/detection_interfaces/local/lib/python3.10/dist-packages/detection_interfaces/_detection_interfaces_s.ep.rosidl_typesupport_introspection_c.c
[0.306s] -- Up-to-date: /home/fourfold/dev/inmind_final_project_test/workspace/install/detection_interfaces/local/lib/python3.10/dist-packages/detection_interfaces/__init__.py
[0.306s] -- Up-to-date: /home/fourfold/dev/inmind_final_project_test/workspace/install/detection_interfaces/local/lib/python3.10/dist-packages/detection_interfaces/detection_interfaces_s__rosidl_typesupport_c.cpython-310-x86_64-linux-gnu.so
[0.306s] -- Up-to-date: /home/fourfold/dev/inmind_final_project_test/workspace/install/detection_interfaces/local/lib/python3.10/dist-packages/detection_interfaces/libdetection_interfaces__rosidl_generator_py.so
[0.326s] Listing '/home/fourfold/dev/inmind_final_project_test/workspace/install/detection_interfaces/local/lib/python3.10/dist-packages/detection_interfaces'...
[0.326s] Listing '/home/fourfold/dev/inmind_final_project_test/workspace/install/detection_interfaces/local/lib/python3.10/dist-packages/detection_interfaces/action'...
[0.330s] -- Up-to-date: /home/fourfold/dev/inmind_final_project_test/workspace/install/detection_interfaces/local/lib/python3.10/dist-packages/detection_interfaces/detection_interfaces_s__rosidl_typesupport_fastrtps_c.cpython-310-x86_64-linux-gnu.so
[0.330s] -- Up-to-date: /home/fourfold/dev/inmind_final_project_test/workspace/install/detection_interfaces/local/lib/python3.10/dist-packages/detection_interfaces/detection_interfaces_s__rosidl_typesupport_introspection_c.cpython-310-x86_64-linux-gnu.so
[0.330s] -- Up-to-date: /home/fourfold/dev/inmind_final_project_test/workspace/install/detection_interfaces/local/lib/python3.10/dist-packages/detection_interfaces/detection_interfaces_s__rosidl_typesupport_c.cpython-310-x86_64-linux-gnu.so
[0.330s] -- Up-to-date: /home/fourfold/dev/inmind_final_project_test/workspace/install/detection_interfaces/lib/libdetection_interfaces__rosidl_generator_py.so
[0.330s] -- Up-to-date: /home/fourfold/dev/inmind_final_project_test/workspace/install/detection_interfaces/share/detection_interfaces/action/FindYellow.idl
[0.330s] -- Up-to-date: /home/fourfold/dev/inmind_final_project_test/workspace/install/detection_interfaces/share/detection_interfaces/action/FindYellow.action
[0.330s] -- Up-to-date: /home/fourfold/dev/inmind_final_project_test/workspace/install/detection_interfaces/share/ament_index/resource_index/package_run_dependencies/detection_interfaces
[0.330s] -- Up-to-date: /home/fourfold/dev/inmind_final_project_test/workspace/install/detection_interfaces/share/ament_index/resource_index/parent_prefix_path/detection_interfaces
[0.331s] -- Up-to-date: /home/fourfold/dev/inmind_final_project_test/workspace/install/detection_interfaces/share/detection_interfaces/environment/ament_prefix_path.sh
[0.331s] -- Up-to-date: /home/fourfold/dev/inmind_final_project_test/workspace/install/detection_interfaces/share/detection_interfaces/environment/ament_prefix_path.dsv
[0.331s] -- Up-to-date: /home/fourfold/dev/inmind_final_project_test/workspace/install/detection_interfaces/share/detection_interfaces/environment/path.sh
[0.331s] -- Up-to-date: /home/fourfold/dev/inmind_final_project_test/workspace/install/detection_interfaces/share/detection_interfaces/environment/path.dsv
[0.331s] -- Up-to-date: /home/fourfold/dev/inmind_final_project_test/workspace/install/detection_interfaces/share/detection_interfaces/local_setup.bash
[0.331s] -- Up-to-date: /home/fourfold/dev/inmind_final_project_test/workspace/install/detection_interfaces/share/detection_interfaces/local_setup.sh
[0.331s] -- Up-to-date: /home/fourfold/dev/inmind_final_project_test/workspace/install/detection_interfaces/share/detection_interfaces/local_setup.zsh
[0.331s] -- Up-to-date: /home/fourfold/dev/inmind_final_project_test/workspace/install/detection_interfaces/share/detection_interfaces/local_setup.dsv
[0.331s] -- Installing: /home/fourfold/dev/inmind_final_project_test/workspace/install/detection_interfaces/share/detection_interfaces/package.dsv
[0.331s] -- Up-to-date: /home/fourfold/dev/inmind_final_project_test/workspace/install/detection_interfaces/share/ament_index/resource_index/packages/detection_interfaces
[0.331s] -- Up-to-date: /home/fourfold/dev/inmind_final_project_test/workspace/install/detection_interfaces/share/detection_interfaces/cmake/export_detection_interfaces__rosidl_generator_cExport.cmake
[0.331s] -- Up-to-date: /home/fourfold/dev/inmind_final_project_test/workspace/install/detection_interfaces/share/detection_interfaces/cmake/export_detection_interfaces__rosidl_generator_cExport-noconfig.cmake
[0.331s] -- Up-to-date: /home/fourfold/dev/inmind_final_project_test/workspace/install/detection_interfaces/share/detection_interfaces/cmake/export_detection_interfaces__rosidl_typesupport_fastrtps_cExport.cmake
[0.331s] -- Up-to-date: /home/fourfold/dev/inmind_final_project_test/workspace/install/detection_interfaces/share/detection_interfaces/cmake/export_detection_interfaces__rosidl_typesupport_fastrtps_cExport-noconfig.cmake
[0.331s] -- Up-to-date: /home/fourfold/dev/inmind_final_project_test/workspace/install/detection_interfaces/share/detection_interfaces/cmake/detection_interfaces__rosidl_typesupport_introspection_cExport.cmake
[0.331s] -- Up-to-date: /home/fourfold/dev/inmind_final_project_test/workspace/install/detection_interfaces/share/detection_interfaces/cmake/detection_interfaces__rosidl_typesupport_introspection_cExport-noconfig.cmake
[0.331s] -- Up-to-date: /home/fourfold/dev/inmind_final_project_test/workspace/install/detection_interfaces/share/detection_interfaces/cmake/detection_interfaces__rosidl_typesupport_cExport.cmake
[0.331s] -- Up-to-date: /home/fourfold/dev/inmind_final_project_test/workspace/install/detection_interfaces/share/detection_interfaces/cmake/detection_interfaces__rosidl_typesupport_cExport-noconfig.cmake
[0.331s] -- Up-to-date: /home/fourfold/dev/inmind_final_project_test/workspace/install/detection_interfaces/share/detection_interfaces/cmake/export_detection_interfaces__rosidl_generator_cppExport.cmake
[0.332s] -- Up-to-date: /home/fourfold/dev/inmind_final_project_test/workspace/install/detection_interfaces/share/detection_interfaces/cmake/export_detection_interfaces__rosidl_typesupport_fastrtps_cppExport.cmake
[0.332s] -- Up-to-date: /home/fourfold/dev/inmind_final_project_test/workspace/install/detection_interfaces/share/detection_interfaces/cmake/export_detection_interfaces__rosidl_typesupport_fastrtps_cppExport-noconfig.cmake
[0.332s] -- Up-to-date: /home/fourfold/dev/inmind_final_project_test/workspace/install/detection_interfaces/share/detection_interfaces/cmake/detection_interfaces__rosidl_typesupport_introspection_cppExport.cmake
[0.332s] -- Up-to-date: /home/fourfold/dev/inmind_final_project_test/workspace/install/detection_interfaces/share/detection_interfaces/cmake/detection_interfaces__rosidl_typesupport_introspection_cppExport-noconfig.cmake
[0.332s] -- Up-to-date: /home/fourfold/dev/inmind_final_project_test/workspace/install/detection_interfaces/share/detection_interfaces/cmake/detection_interfaces__rosidl_typesupport_cppExport.cmake
[0.332s] -- Up-to-date: /home/fourfold/dev/inmind_final_project_test/workspace/install/detection_interfaces/share/detection_interfaces/cmake/detection_interfaces__rosidl_typesupport_cppExport-noconfig.cmake
[0.332s] -- Up-to-date: /home/fourfold/dev/inmind_final_project_test/workspace/install/detection_interfaces/share/detection_interfaces/cmake/export_detection_interfaces__rosidl_generator_pyExport.cmake
[0.332s] -- Up-to-date: /home/fourfold/dev/inmind_final_project_test/workspace/install/detection_interfaces/share/detection_interfaces/cmake/export_detection_interfaces__rosidl_generator_pyExport-noconfig.cmake
[0.332s] -- Up-to-date: /home/fourfold/dev/inmind_final_project_test/workspace/install/detection_interfaces/share/detection_interfaces/cmake/rosidl_cmake-extras.cmake
[0.332s] -- Up-to-date: /home/fourfold/dev/inmind_final_project_test/workspace/install/detection_interfaces/share/detection_interfaces/cmake/ament_cmake_export_dependencies-extras.cmake
[0.332s] -- Up-to-date: /home/fourfold/dev/inmind_final_project_test/workspace/install/detection_interfaces/share/detection_interfaces/cmake/ament_cmake_export_include_directories-extras.cmake
[0.332s] -- Up-to-date: /home/fourfold/dev/inmind_final_project_test/workspace/install/detection_interfaces/share/detection_interfaces/cmake/ament_cmake_export_libraries-extras.cmake
[0.332s] -- Up-to-date: /home/fourfold/dev/inmind_final_project_test/workspace/install/detection_interfaces/share/detection_interfaces/cmake/ament_cmake_export_targets-extras.cmake
[0.332s] -- Up-to-date: /home/fourfold/dev/inmind_final_project_test/workspace/install/detection_interfaces/share/detection_interfaces/cmake/rosidl_cmake_export_typesupport_targets-extras.cmake
[0.332s] -- Up-to-date: /home/fourfold/dev/inmind_final_project_test/workspace/install/detection_interfaces/share/detection_interfaces/cmake/rosidl_cmake_export_typesupport_libraries-extras.cmake
[0.332s] -- Up-to-date: /home/fourfold/dev/inmind_final_project_test/workspace/install/detection_interfaces/share/detection_interfaces/cmake/detection_interfacesConfig.cmake
[0.332s] -- Up-to-date: /home/fourfold/dev/inmind_final_project_test/workspace/install/detection_interfaces/share/detection_interfaces/cmake/detection_interfacesConfig-version.cmake
[0.332s] -- Up-to-date: /home/fourfold/dev/inmind_final_project_test/workspace/install/detection_interfaces/share/detection_interfaces/package.xml
[0.337s] Invoked command in '/home/fourfold/dev/inmind_final_project_test/workspace/build/detection_interfaces' returned '0': CMAKE_PREFIX_PATH=${CMAKE_PREFIX_PATH}:/opt/ros/humble /usr/bin/cmake --install /home/fourfold/dev/inmind_final_project_test/workspace/build/detection_interfaces
