[0.016s] Invoking command in '/home/fourfold/dev/inmind_final_project_test/workspace/build/basic_navigation': CMAKE_PREFIX_PATH=${CMAKE_PREFIX_PATH}:/home/fourfold/dev/inmind_final_project_test/workspace/install/object_detector:/home/fourfold/dev/inmind_final_project_test/workspace/install/yolov8_webcam:/opt/ros/humble /usr/bin/cmake --build /home/fourfold/dev/inmind_final_project_test/workspace/build/basic_navigation -- -j16 -l16
[0.207s] Invoked command in '/home/fourfold/dev/inmind_final_project_test/workspace/build/basic_navigation' returned '0': CMAKE_PREFIX_PATH=${CMAKE_PREFIX_PATH}:/home/fourfold/dev/inmind_final_project_test/workspace/install/object_detector:/home/fourfold/dev/inmind_final_project_test/workspace/install/yolov8_webcam:/opt/ros/humble /usr/bin/cmake --build /home/fourfold/dev/inmind_final_project_test/workspace/build/basic_navigation -- -j16 -l16
[0.359s] Invoking command in '/home/fourfold/dev/inmind_final_project_test/workspace/build/basic_navigation': CMAKE_PREFIX_PATH=${CMAKE_PREFIX_PATH}:/home/fourfold/dev/inmind_final_project_test/workspace/install/object_detector:/home/fourfold/dev/inmind_final_project_test/workspace/install/yolov8_webcam:/opt/ros/humble /usr/bin/cmake --install /home/fourfold/dev/inmind_final_project_test/workspace/build/basic_navigation
[0.363s] -- Install configuration: ""
[0.363s] -- Up-to-date: /home/fourfold/dev/inmind_final_project_test/workspace/install/basic_navigation/include/
[0.363s] -- Up-to-date: /home/fourfold/dev/inmind_final_project_test/workspace/install/basic_navigation/include//basic_navigation
[0.363s] -- Up-to-date: /home/fourfold/dev/inmind_final_project_test/workspace/install/basic_navigation/include//basic_navigation/move_forward_left.h
[0.363s] -- Up-to-date: /home/fourfold/dev/inmind_final_project_test/workspace/install/basic_navigation/include//basic_navigation/move_forward_right.h
[0.363s] -- Up-to-date: /home/fourfold/dev/inmind_final_project_test/workspace/install/basic_navigation/include//basic_navigation/move_forward.h
[0.363s] -- Up-to-date: /home/fourfold/dev/inmind_final_project_test/workspace/install/basic_navigation/include//basic_navigation/halt.h
[0.363s] -- Up-to-date: /home/fourfold/dev/inmind_final_project_test/workspace/install/basic_navigation/include//basic_navigation/rotate_right.h
[0.363s] -- Up-to-date: /home/fourfold/dev/inmind_final_project_test/workspace/install/basic_navigation/share/ament_index/resource_index/package_run_dependencies/basic_navigation
[0.363s] -- Up-to-date: /home/fourfold/dev/inmind_final_project_test/workspace/install/basic_navigation/share/ament_index/resource_index/parent_prefix_path/basic_navigation
[0.363s] -- Up-to-date: /home/fourfold/dev/inmind_final_project_test/workspace/install/basic_navigation/share/basic_navigation/environment/ament_prefix_path.sh
[0.363s] -- Up-to-date: /home/fourfold/dev/inmind_final_project_test/workspace/install/basic_navigation/share/basic_navigation/environment/ament_prefix_path.dsv
[0.363s] -- Up-to-date: /home/fourfold/dev/inmind_final_project_test/workspace/install/basic_navigation/share/basic_navigation/environment/path.sh
[0.364s] -- Up-to-date: /home/fourfold/dev/inmind_final_project_test/workspace/install/basic_navigation/share/basic_navigation/environment/path.dsv
[0.364s] -- Up-to-date: /home/fourfold/dev/inmind_final_project_test/workspace/install/basic_navigation/share/basic_navigation/local_setup.bash
[0.364s] -- Up-to-date: /home/fourfold/dev/inmind_final_project_test/workspace/install/basic_navigation/share/basic_navigation/local_setup.sh
[0.364s] -- Up-to-date: /home/fourfold/dev/inmind_final_project_test/workspace/install/basic_navigation/share/basic_navigation/local_setup.zsh
[0.364s] -- Up-to-date: /home/fourfold/dev/inmind_final_project_test/workspace/install/basic_navigation/share/basic_navigation/local_setup.dsv
[0.364s] -- Installing: /home/fourfold/dev/inmind_final_project_test/workspace/install/basic_navigation/share/basic_navigation/package.dsv
[0.364s] -- Up-to-date: /home/fourfold/dev/inmind_final_project_test/workspace/install/basic_navigation/share/ament_index/resource_index/packages/basic_navigation
[0.364s] -- Up-to-date: /home/fourfold/dev/inmind_final_project_test/workspace/install/basic_navigation/share/basic_navigation/cmake/ament_cmake_export_include_directories-extras.cmake
[0.364s] -- Up-to-date: /home/fourfold/dev/inmind_final_project_test/workspace/install/basic_navigation/share/basic_navigation/cmake/basic_navigationConfig.cmake
[0.364s] -- Up-to-date: /home/fourfold/dev/inmind_final_project_test/workspace/install/basic_navigation/share/basic_navigation/cmake/basic_navigationConfig-version.cmake
[0.364s] -- Up-to-date: /home/fourfold/dev/inmind_final_project_test/workspace/install/basic_navigation/share/basic_navigation/package.xml
[0.365s] Invoked command in '/home/fourfold/dev/inmind_final_project_test/workspace/build/basic_navigation' returned '0': CMAKE_PREFIX_PATH=${CMAKE_PREFIX_PATH}:/home/fourfold/dev/inmind_final_project_test/workspace/install/object_detector:/home/fourfold/dev/inmind_final_project_test/workspace/install/yolov8_webcam:/opt/ros/humble /usr/bin/cmake --install /home/fourfold/dev/inmind_final_project_test/workspace/build/basic_navigation
