[1.621s] Invoking command in '/home/makramgh/Desktop/Pepsi-Bot/workspace/src/perception/yolov8_webcam': PYTHONPATH=/home/makramgh/Desktop/Pepsi-Bot/workspace/build/yolov8_webcam/prefix_override:/usr/lib/python3/dist-packages/colcon_core/task/python/colcon_distutils_commands:/home/makramgh/Desktop/Pepsi-Bot/workspace/install/yolov8_webcam/lib/python3.10/site-packages:${PYTHONPATH} /usr/bin/python3 -W ignore:setup.py install is deprecated setup.py egg_info --egg-base ../../../build/yolov8_webcam build --build-base /home/makramgh/Desktop/Pepsi-Bot/workspace/build/yolov8_webcam/build install --record /home/makramgh/Desktop/Pepsi-Bot/workspace/build/yolov8_webcam/install.log --single-version-externally-managed install_data
[2.124s] running egg_info
[2.125s] creating ../../../build/yolov8_webcam/yolov8_webcam.egg-info
[2.125s] writing ../../../build/yolov8_webcam/yolov8_webcam.egg-info/PKG-INFO
[2.126s] writing dependency_links to ../../../build/yolov8_webcam/yolov8_webcam.egg-info/dependency_links.txt
[2.126s] writing entry points to ../../../build/yolov8_webcam/yolov8_webcam.egg-info/entry_points.txt
[2.126s] writing requirements to ../../../build/yolov8_webcam/yolov8_webcam.egg-info/requires.txt
[2.126s] writing top-level names to ../../../build/yolov8_webcam/yolov8_webcam.egg-info/top_level.txt
[2.127s] writing manifest file '../../../build/yolov8_webcam/yolov8_webcam.egg-info/SOURCES.txt'
[2.129s] reading manifest file '../../../build/yolov8_webcam/yolov8_webcam.egg-info/SOURCES.txt'
[2.130s] writing manifest file '../../../build/yolov8_webcam/yolov8_webcam.egg-info/SOURCES.txt'
[2.130s] running build
[2.130s] running build_py
[2.131s] creating /home/makramgh/Desktop/Pepsi-Bot/workspace/build/yolov8_webcam/build
[2.131s] creating /home/makramgh/Desktop/Pepsi-Bot/workspace/build/yolov8_webcam/build/lib
[2.131s] creating /home/makramgh/Desktop/Pepsi-Bot/workspace/build/yolov8_webcam/build/lib/yolov8_webcam
[2.131s] copying yolov8_webcam/yolov8_node.py -> /home/makramgh/Desktop/Pepsi-Bot/workspace/build/yolov8_webcam/build/lib/yolov8_webcam
[2.131s] copying yolov8_webcam/__init__.py -> /home/makramgh/Desktop/Pepsi-Bot/workspace/build/yolov8_webcam/build/lib/yolov8_webcam
[2.131s] running install
[2.132s] running install_lib
[2.133s] creating /home/makramgh/Desktop/Pepsi-Bot/workspace/install/yolov8_webcam/lib/python3.10/site-packages/yolov8_webcam
[2.134s] copying /home/makramgh/Desktop/Pepsi-Bot/workspace/build/yolov8_webcam/build/lib/yolov8_webcam/yolov8_node.py -> /home/makramgh/Desktop/Pepsi-Bot/workspace/install/yolov8_webcam/lib/python3.10/site-packages/yolov8_webcam
[2.134s] copying /home/makramgh/Desktop/Pepsi-Bot/workspace/build/yolov8_webcam/build/lib/yolov8_webcam/__init__.py -> /home/makramgh/Desktop/Pepsi-Bot/workspace/install/yolov8_webcam/lib/python3.10/site-packages/yolov8_webcam
[2.135s] byte-compiling /home/makramgh/Desktop/Pepsi-Bot/workspace/install/yolov8_webcam/lib/python3.10/site-packages/yolov8_webcam/yolov8_node.py to yolov8_node.cpython-310.pyc
[2.136s] byte-compiling /home/makramgh/Desktop/Pepsi-Bot/workspace/install/yolov8_webcam/lib/python3.10/site-packages/yolov8_webcam/__init__.py to __init__.cpython-310.pyc
[2.137s] running install_data
[2.137s] creating /home/makramgh/Desktop/Pepsi-Bot/workspace/install/yolov8_webcam/share/ament_index
[2.137s] creating /home/makramgh/Desktop/Pepsi-Bot/workspace/install/yolov8_webcam/share/ament_index/resource_index
[2.137s] creating /home/makramgh/Desktop/Pepsi-Bot/workspace/install/yolov8_webcam/share/ament_index/resource_index/packages
[2.137s] copying resource/yolov8_webcam -> /home/makramgh/Desktop/Pepsi-Bot/workspace/install/yolov8_webcam/share/ament_index/resource_index/packages
[2.137s] copying package.xml -> /home/makramgh/Desktop/Pepsi-Bot/workspace/install/yolov8_webcam/share/yolov8_webcam
[2.138s] running install_egg_info
[2.140s] Copying ../../../build/yolov8_webcam/yolov8_webcam.egg-info to /home/makramgh/Desktop/Pepsi-Bot/workspace/install/yolov8_webcam/lib/python3.10/site-packages/yolov8_webcam-0.0.0-py3.10.egg-info
[2.141s] running install_scripts
[2.176s] Installing yolov8_node script to /home/makramgh/Desktop/Pepsi-Bot/workspace/install/yolov8_webcam/lib/yolov8_webcam
[2.176s] writing list of installed files to '/home/makramgh/Desktop/Pepsi-Bot/workspace/build/yolov8_webcam/install.log'
[2.238s] Invoked command in '/home/makramgh/Desktop/Pepsi-Bot/workspace/src/perception/yolov8_webcam' returned '0': PYTHONPATH=/home/makramgh/Desktop/Pepsi-Bot/workspace/build/yolov8_webcam/prefix_override:/usr/lib/python3/dist-packages/colcon_core/task/python/colcon_distutils_commands:/home/makramgh/Desktop/Pepsi-Bot/workspace/install/yolov8_webcam/lib/python3.10/site-packages:${PYTHONPATH} /usr/bin/python3 -W ignore:setup.py install is deprecated setup.py egg_info --egg-base ../../../build/yolov8_webcam build --build-base /home/makramgh/Desktop/Pepsi-Bot/workspace/build/yolov8_webcam/build install --record /home/makramgh/Desktop/Pepsi-Bot/workspace/build/yolov8_webcam/install.log --single-version-externally-managed install_data
