[0.004s] Invoking command in '/home/fourfold/dev/inmind_final_project_test/workspace/build/main': AMENT_PREFIX_PATH=/home/fourfold/dev/inmind_final_project_test/workspace/install/basic_navigation:${AMENT_PREFIX_PATH} CMAKE_PREFIX_PATH=/home/fourfold/dev/inmind_final_project_test/workspace/install/basic_navigation:/opt/ros/humble /usr/bin/cmake --build /home/fourfold/dev/inmind_final_project_test/workspace/build/main -- -j16 -l16
[0.034s] [ 50%] [32mBuilding CXX object CMakeFiles/main_node.dir/src/main.cpp.o[0m
[1.806s] [100%] [32m[1mLinking CXX executable main_node[0m
[1.895s] [100%] Built target main_node
[1.902s] Invoked command in '/home/fourfold/dev/inmind_final_project_test/workspace/build/main' returned '0': AMENT_PREFIX_PATH=/home/fourfold/dev/inmind_final_project_test/workspace/install/basic_navigation:${AMENT_PREFIX_PATH} CMAKE_PREFIX_PATH=/home/fourfold/dev/inmind_final_project_test/workspace/install/basic_navigation:/opt/ros/humble /usr/bin/cmake --build /home/fourfold/dev/inmind_final_project_test/workspace/build/main -- -j16 -l16
[1.917s] Invoking command in '/home/fourfold/dev/inmind_final_project_test/workspace/build/main': AMENT_PREFIX_PATH=/home/fourfold/dev/inmind_final_project_test/workspace/install/basic_navigation:${AMENT_PREFIX_PATH} CMAKE_PREFIX_PATH=/home/fourfold/dev/inmind_final_project_test/workspace/install/basic_navigation:/opt/ros/humble /usr/bin/cmake --install /home/fourfold/dev/inmind_final_project_test/workspace/build/main
[1.921s] -- Install configuration: ""
[1.921s] -- Installing: /home/fourfold/dev/inmind_final_project_test/workspace/install/main/lib/main/main_node
[1.922s] -- Set runtime path of "/home/fourfold/dev/inmind_final_project_test/workspace/install/main/lib/main/main_node" to ""
[1.922s] -- Installing: /home/fourfold/dev/inmind_final_project_test/workspace/install/main/share/ament_index/resource_index/package_run_dependencies/main
[1.922s] -- Installing: /home/fourfold/dev/inmind_final_project_test/workspace/install/main/share/ament_index/resource_index/parent_prefix_path/main
[1.922s] -- Installing: /home/fourfold/dev/inmind_final_project_test/workspace/install/main/share/main/environment/ament_prefix_path.sh
[1.922s] -- Installing: /home/fourfold/dev/inmind_final_project_test/workspace/install/main/share/main/environment/ament_prefix_path.dsv
[1.922s] -- Installing: /home/fourfold/dev/inmind_final_project_test/workspace/install/main/share/main/environment/path.sh
[1.922s] -- Installing: /home/fourfold/dev/inmind_final_project_test/workspace/install/main/share/main/environment/path.dsv
[1.922s] -- Installing: /home/fourfold/dev/inmind_final_project_test/workspace/install/main/share/main/local_setup.bash
[1.922s] -- Installing: /home/fourfold/dev/inmind_final_project_test/workspace/install/main/share/main/local_setup.sh
[1.922s] -- Installing: /home/fourfold/dev/inmind_final_project_test/workspace/install/main/share/main/local_setup.zsh
[1.922s] -- Installing: /home/fourfold/dev/inmind_final_project_test/workspace/install/main/share/main/local_setup.dsv
[1.922s] -- Installing: /home/fourfold/dev/inmind_final_project_test/workspace/install/main/share/main/package.dsv
[1.922s] -- Installing: /home/fourfold/dev/inmind_final_project_test/workspace/install/main/share/ament_index/resource_index/packages/main
[1.922s] -- Installing: /home/fourfold/dev/inmind_final_project_test/workspace/install/main/share/main/cmake/mainConfig.cmake
[1.922s] -- Installing: /home/fourfold/dev/inmind_final_project_test/workspace/install/main/share/main/cmake/mainConfig-version.cmake
[1.922s] -- Installing: /home/fourfold/dev/inmind_final_project_test/workspace/install/main/share/main/package.xml
[1.923s] Invoked command in '/home/fourfold/dev/inmind_final_project_test/workspace/build/main' returned '0': AMENT_PREFIX_PATH=/home/fourfold/dev/inmind_final_project_test/workspace/install/basic_navigation:${AMENT_PREFIX_PATH} CMAKE_PREFIX_PATH=/home/fourfold/dev/inmind_final_project_test/workspace/install/basic_navigation:/opt/ros/humble /usr/bin/cmake --install /home/fourfold/dev/inmind_final_project_test/workspace/build/main
