[0.006s] Invoking command in '/home/fourfold/dev/inmind_final_project_test/workspace/build/basic_navigation': CMAKE_PREFIX_PATH=/opt/ros/humble /usr/bin/cmake --build /home/fourfold/dev/inmind_final_project_test/workspace/build/basic_navigation -- -j16 -l16
[0.021s] -- Found ament_cmake: 1.3.10 (/opt/ros/humble/share/ament_cmake/cmake)
[0.097s] -- Found rclcpp: 16.0.10 (/opt/ros/humble/share/rclcpp/cmake)
[0.111s] -- Found rosidl_generator_c: 3.1.5 (/opt/ros/humble/share/rosidl_generator_c/cmake)
[0.113s] -- Found rosidl_adapter: 3.1.5 (/opt/ros/humble/share/rosidl_adapter/cmake)
[0.116s] -- Found rosidl_generator_cpp: 3.1.5 (/opt/ros/humble/share/rosidl_generator_cpp/cmake)
[0.121s] -- Using all available rosidl_typesupport_c: rosidl_typesupport_fastrtps_c;rosidl_typesupport_introspection_c
[0.127s] -- Using all available rosidl_typesupport_cpp: rosidl_typesupport_fastrtps_cpp;rosidl_typesupport_introspection_cpp
[0.143s] -- Found rmw_implementation_cmake: 6.1.2 (/opt/ros/humble/share/rmw_implementation_cmake/cmake)
[0.144s] -- Found rmw_fastrtps_cpp: 6.2.7 (/opt/ros/humble/share/rmw_fastrtps_cpp/cmake)
[0.197s] -- Using RMW implementation 'rmw_fastrtps_cpp' as default
[0.222s] -- Found geometry_msgs: 4.2.4 (/opt/ros/humble/share/geometry_msgs/cmake)
[0.228s] -- Found ament_lint_auto: 0.12.11 (/opt/ros/humble/share/ament_lint_auto/cmake)
[0.264s] -- Added test 'cppcheck' to perform static code analysis on C / C++ code
[0.264s] -- Configured cppcheck include dirs: 
[0.265s] -- Configured cppcheck exclude dirs and/or files: 
[0.265s] -- Added test 'lint_cmake' to check CMake code style
[0.265s] -- Added test 'uncrustify' to check C / C++ code style
[0.265s] -- Configured uncrustify additional arguments: 
[0.265s] -- Added test 'xmllint' to check XML markup files
[0.266s] -- Configuring done
[0.267s] -- Generating done
[0.268s] -- Build files have been written to: /home/fourfold/dev/inmind_final_project_test/workspace/build/basic_navigation
[0.286s] Invoked command in '/home/fourfold/dev/inmind_final_project_test/workspace/build/basic_navigation' returned '0': CMAKE_PREFIX_PATH=/opt/ros/humble /usr/bin/cmake --build /home/fourfold/dev/inmind_final_project_test/workspace/build/basic_navigation -- -j16 -l16
[0.314s] Invoking command in '/home/fourfold/dev/inmind_final_project_test/workspace/build/basic_navigation': CMAKE_PREFIX_PATH=/opt/ros/humble /usr/bin/cmake --install /home/fourfold/dev/inmind_final_project_test/workspace/build/basic_navigation
[0.318s] -- Install configuration: ""
[0.318s] -- Installing: /home/fourfold/dev/inmind_final_project_test/workspace/install/basic_navigation/share/basic_navigation/basic_navigation
[0.318s] -- Installing: /home/fourfold/dev/inmind_final_project_test/workspace/install/basic_navigation/share/basic_navigation/basic_navigation/move_forward.h
[0.318s] -- Up-to-date: /home/fourfold/dev/inmind_final_project_test/workspace/install/basic_navigation/share/ament_index/resource_index/package_run_dependencies/basic_navigation
[0.318s] -- Up-to-date: /home/fourfold/dev/inmind_final_project_test/workspace/install/basic_navigation/share/ament_index/resource_index/parent_prefix_path/basic_navigation
[0.319s] -- Up-to-date: /home/fourfold/dev/inmind_final_project_test/workspace/install/basic_navigation/share/basic_navigation/environment/ament_prefix_path.sh
[0.319s] -- Installing: /home/fourfold/dev/inmind_final_project_test/workspace/install/basic_navigation/share/basic_navigation/environment/ament_prefix_path.dsv
[0.319s] -- Up-to-date: /home/fourfold/dev/inmind_final_project_test/workspace/install/basic_navigation/share/basic_navigation/environment/path.sh
[0.319s] -- Installing: /home/fourfold/dev/inmind_final_project_test/workspace/install/basic_navigation/share/basic_navigation/environment/path.dsv
[0.319s] -- Up-to-date: /home/fourfold/dev/inmind_final_project_test/workspace/install/basic_navigation/share/basic_navigation/local_setup.bash
[0.319s] -- Up-to-date: /home/fourfold/dev/inmind_final_project_test/workspace/install/basic_navigation/share/basic_navigation/local_setup.sh
[0.319s] -- Up-to-date: /home/fourfold/dev/inmind_final_project_test/workspace/install/basic_navigation/share/basic_navigation/local_setup.zsh
[0.319s] -- Installing: /home/fourfold/dev/inmind_final_project_test/workspace/install/basic_navigation/share/basic_navigation/local_setup.dsv
[0.319s] -- Installing: /home/fourfold/dev/inmind_final_project_test/workspace/install/basic_navigation/share/basic_navigation/package.dsv
[0.319s] -- Up-to-date: /home/fourfold/dev/inmind_final_project_test/workspace/install/basic_navigation/share/ament_index/resource_index/packages/basic_navigation
[0.319s] -- Up-to-date: /home/fourfold/dev/inmind_final_project_test/workspace/install/basic_navigation/share/basic_navigation/cmake/basic_navigationConfig.cmake
[0.319s] -- Up-to-date: /home/fourfold/dev/inmind_final_project_test/workspace/install/basic_navigation/share/basic_navigation/cmake/basic_navigationConfig-version.cmake
[0.319s] -- Up-to-date: /home/fourfold/dev/inmind_final_project_test/workspace/install/basic_navigation/share/basic_navigation/package.xml
[0.320s] Invoked command in '/home/fourfold/dev/inmind_final_project_test/workspace/build/basic_navigation' returned '0': CMAKE_PREFIX_PATH=/opt/ros/humble /usr/bin/cmake --install /home/fourfold/dev/inmind_final_project_test/workspace/build/basic_navigation
