[0.081s] DEBUG:colcon:Command line arguments: ['/usr/bin/colcon', 'build']
[0.082s] DEBUG:colcon:Parsed command line arguments: Namespace(log_base=None, log_level=None, verb_name='build', build_base='build', install_base='install', merge_install=False, symlink_install=False, test_result_base=None, continue_on_error=False, executor='parallel', parallel_workers=16, event_handlers=None, ignore_user_meta=False, metas=['./colcon.meta'], base_paths=['.'], packages_ignore=None, packages_ignore_regex=None, paths=None, packages_up_to=None, packages_up_to_regex=None, packages_above=None, packages_above_and_dependencies=None, packages_above_depth=None, packages_select_by_dep=None, packages_skip_by_dep=None, packages_skip_up_to=None, packages_select_build_failed=False, packages_skip_build_finished=False, packages_select_test_failures=False, packages_skip_test_passed=False, packages_select=None, packages_skip=None, packages_select_regex=None, packages_skip_regex=None, packages_start=None, packages_end=None, allow_overriding=[], cmake_args=None, cmake_target=None, cmake_target_skip_unavailable=False, cmake_clean_cache=False, cmake_clean_first=False, cmake_force_configure=False, ament_cmake_args=None, catkin_cmake_args=None, catkin_skip_building_tests=False, mixin_files=None, mixin=None, verb_parser=<colcon_mixin.mixin.mixin_argument.MixinArgumentDecorator object at 0x7a42c5a024d0>, verb_extension=<colcon_core.verb.build.BuildVerb object at 0x7a42c5a02020>, main=<bound method BuildVerb.main of <colcon_core.verb.build.BuildVerb object at 0x7a42c5a02020>>, mixin_verb=('build',))
[0.181s] Level 1:colcon.colcon_core.package_discovery:discover_packages(colcon_meta) check parameters
[0.181s] Level 1:colcon.colcon_core.package_discovery:discover_packages(recursive) check parameters
[0.181s] Level 1:colcon.colcon_core.package_discovery:discover_packages(ignore) check parameters
[0.181s] Level 1:colcon.colcon_core.package_discovery:discover_packages(path) check parameters
[0.181s] Level 1:colcon.colcon_core.package_discovery:discover_packages(colcon_meta) discover
[0.181s] Level 1:colcon.colcon_core.package_discovery:discover_packages(recursive) discover
[0.181s] INFO:colcon.colcon_core.package_discovery:Crawling recursively for packages in '/home/fourfold/dev/inmind_final_project_test/workspace'
[0.181s] Level 1:colcon.colcon_core.package_identification:_identify(.) by extensions ['ignore', 'ignore_ament_install']
[0.181s] Level 1:colcon.colcon_core.package_identification:_identify(.) by extension 'ignore'
[0.181s] Level 1:colcon.colcon_core.package_identification:_identify(.) by extension 'ignore_ament_install'
[0.182s] Level 1:colcon.colcon_core.package_identification:_identify(.) by extensions ['colcon_pkg']
[0.182s] Level 1:colcon.colcon_core.package_identification:_identify(.) by extension 'colcon_pkg'
[0.182s] Level 1:colcon.colcon_core.package_identification:_identify(.) by extensions ['colcon_meta']
[0.182s] Level 1:colcon.colcon_core.package_identification:_identify(.) by extension 'colcon_meta'
[0.182s] Level 1:colcon.colcon_core.package_identification:_identify(.) by extensions ['ros']
[0.182s] Level 1:colcon.colcon_core.package_identification:_identify(.) by extension 'ros'
[0.192s] Level 1:colcon.colcon_core.package_identification:_identify(.) by extensions ['cmake', 'python']
[0.192s] Level 1:colcon.colcon_core.package_identification:_identify(.) by extension 'cmake'
[0.192s] Level 1:colcon.colcon_core.package_identification:_identify(.) by extension 'python'
[0.192s] Level 1:colcon.colcon_core.package_identification:_identify(.) by extensions ['python_setup_py']
[0.192s] Level 1:colcon.colcon_core.package_identification:_identify(.) by extension 'python_setup_py'
[0.192s] Level 1:colcon.colcon_core.package_identification:_identify(build) by extensions ['ignore', 'ignore_ament_install']
[0.192s] Level 1:colcon.colcon_core.package_identification:_identify(build) by extension 'ignore'
[0.192s] Level 1:colcon.colcon_core.package_identification:_identify(build) ignored
[0.192s] Level 1:colcon.colcon_core.package_identification:_identify(install) by extensions ['ignore', 'ignore_ament_install']
[0.192s] Level 1:colcon.colcon_core.package_identification:_identify(install) by extension 'ignore'
[0.192s] Level 1:colcon.colcon_core.package_identification:_identify(install) ignored
[0.193s] Level 1:colcon.colcon_core.package_identification:_identify(launch) by extensions ['ignore', 'ignore_ament_install']
[0.193s] Level 1:colcon.colcon_core.package_identification:_identify(launch) by extension 'ignore'
[0.193s] Level 1:colcon.colcon_core.package_identification:_identify(launch) by extension 'ignore_ament_install'
[0.193s] Level 1:colcon.colcon_core.package_identification:_identify(launch) by extensions ['colcon_pkg']
[0.193s] Level 1:colcon.colcon_core.package_identification:_identify(launch) by extension 'colcon_pkg'
[0.193s] Level 1:colcon.colcon_core.package_identification:_identify(launch) by extensions ['colcon_meta']
[0.193s] Level 1:colcon.colcon_core.package_identification:_identify(launch) by extension 'colcon_meta'
[0.193s] Level 1:colcon.colcon_core.package_identification:_identify(launch) by extensions ['ros']
[0.193s] Level 1:colcon.colcon_core.package_identification:_identify(launch) by extension 'ros'
[0.193s] Level 1:colcon.colcon_core.package_identification:_identify(launch) by extensions ['cmake', 'python']
[0.193s] Level 1:colcon.colcon_core.package_identification:_identify(launch) by extension 'cmake'
[0.193s] Level 1:colcon.colcon_core.package_identification:_identify(launch) by extension 'python'
[0.193s] Level 1:colcon.colcon_core.package_identification:_identify(launch) by extensions ['python_setup_py']
[0.193s] Level 1:colcon.colcon_core.package_identification:_identify(launch) by extension 'python_setup_py'
[0.193s] Level 1:colcon.colcon_core.package_identification:_identify(launch/__pycache__) by extensions ['ignore', 'ignore_ament_install']
[0.193s] Level 1:colcon.colcon_core.package_identification:_identify(launch/__pycache__) by extension 'ignore'
[0.193s] Level 1:colcon.colcon_core.package_identification:_identify(launch/__pycache__) by extension 'ignore_ament_install'
[0.193s] Level 1:colcon.colcon_core.package_identification:_identify(launch/__pycache__) by extensions ['colcon_pkg']
[0.193s] Level 1:colcon.colcon_core.package_identification:_identify(launch/__pycache__) by extension 'colcon_pkg'
[0.193s] Level 1:colcon.colcon_core.package_identification:_identify(launch/__pycache__) by extensions ['colcon_meta']
[0.193s] Level 1:colcon.colcon_core.package_identification:_identify(launch/__pycache__) by extension 'colcon_meta'
[0.193s] Level 1:colcon.colcon_core.package_identification:_identify(launch/__pycache__) by extensions ['ros']
[0.193s] Level 1:colcon.colcon_core.package_identification:_identify(launch/__pycache__) by extension 'ros'
[0.193s] Level 1:colcon.colcon_core.package_identification:_identify(launch/__pycache__) by extensions ['cmake', 'python']
[0.193s] Level 1:colcon.colcon_core.package_identification:_identify(launch/__pycache__) by extension 'cmake'
[0.193s] Level 1:colcon.colcon_core.package_identification:_identify(launch/__pycache__) by extension 'python'
[0.193s] Level 1:colcon.colcon_core.package_identification:_identify(launch/__pycache__) by extensions ['python_setup_py']
[0.193s] Level 1:colcon.colcon_core.package_identification:_identify(launch/__pycache__) by extension 'python_setup_py'
[0.194s] Level 1:colcon.colcon_core.package_identification:_identify(log) by extensions ['ignore', 'ignore_ament_install']
[0.194s] Level 1:colcon.colcon_core.package_identification:_identify(log) by extension 'ignore'
[0.194s] Level 1:colcon.colcon_core.package_identification:_identify(log) ignored
[0.194s] Level 1:colcon.colcon_core.package_identification:_identify(src) by extensions ['ignore', 'ignore_ament_install']
[0.194s] Level 1:colcon.colcon_core.package_identification:_identify(src) by extension 'ignore'
[0.194s] Level 1:colcon.colcon_core.package_identification:_identify(src) by extension 'ignore_ament_install'
[0.194s] Level 1:colcon.colcon_core.package_identification:_identify(src) by extensions ['colcon_pkg']
[0.194s] Level 1:colcon.colcon_core.package_identification:_identify(src) by extension 'colcon_pkg'
[0.194s] Level 1:colcon.colcon_core.package_identification:_identify(src) by extensions ['colcon_meta']
[0.194s] Level 1:colcon.colcon_core.package_identification:_identify(src) by extension 'colcon_meta'
[0.194s] Level 1:colcon.colcon_core.package_identification:_identify(src) by extensions ['ros']
[0.194s] Level 1:colcon.colcon_core.package_identification:_identify(src) by extension 'ros'
[0.194s] Level 1:colcon.colcon_core.package_identification:_identify(src) by extensions ['cmake', 'python']
[0.194s] Level 1:colcon.colcon_core.package_identification:_identify(src) by extension 'cmake'
[0.194s] Level 1:colcon.colcon_core.package_identification:_identify(src) by extension 'python'
[0.194s] Level 1:colcon.colcon_core.package_identification:_identify(src) by extensions ['python_setup_py']
[0.194s] Level 1:colcon.colcon_core.package_identification:_identify(src) by extension 'python_setup_py'
[0.195s] Level 1:colcon.colcon_core.package_identification:_identify(src/main) by extensions ['ignore', 'ignore_ament_install']
[0.195s] Level 1:colcon.colcon_core.package_identification:_identify(src/main) by extension 'ignore'
[0.195s] Level 1:colcon.colcon_core.package_identification:_identify(src/main) by extension 'ignore_ament_install'
[0.195s] Level 1:colcon.colcon_core.package_identification:_identify(src/main) by extensions ['colcon_pkg']
[0.195s] Level 1:colcon.colcon_core.package_identification:_identify(src/main) by extension 'colcon_pkg'
[0.195s] Level 1:colcon.colcon_core.package_identification:_identify(src/main) by extensions ['colcon_meta']
[0.195s] Level 1:colcon.colcon_core.package_identification:_identify(src/main) by extension 'colcon_meta'
[0.195s] Level 1:colcon.colcon_core.package_identification:_identify(src/main) by extensions ['ros']
[0.195s] Level 1:colcon.colcon_core.package_identification:_identify(src/main) by extension 'ros'
[0.195s] Level 1:colcon.colcon_core.package_identification:_identify(src/main) by extensions ['cmake', 'python']
[0.195s] Level 1:colcon.colcon_core.package_identification:_identify(src/main) by extension 'cmake'
[0.195s] Level 1:colcon.colcon_core.package_identification:_identify(src/main) by extension 'python'
[0.195s] Level 1:colcon.colcon_core.package_identification:_identify(src/main) by extensions ['python_setup_py']
[0.195s] Level 1:colcon.colcon_core.package_identification:_identify(src/main) by extension 'python_setup_py'
[0.195s] Level 1:colcon.colcon_core.package_identification:_identify(src/main/main) by extensions ['ignore', 'ignore_ament_install']
[0.195s] Level 1:colcon.colcon_core.package_identification:_identify(src/main/main) by extension 'ignore'
[0.195s] Level 1:colcon.colcon_core.package_identification:_identify(src/main/main) by extension 'ignore_ament_install'
[0.195s] Level 1:colcon.colcon_core.package_identification:_identify(src/main/main) by extensions ['colcon_pkg']
[0.195s] Level 1:colcon.colcon_core.package_identification:_identify(src/main/main) by extension 'colcon_pkg'
[0.195s] Level 1:colcon.colcon_core.package_identification:_identify(src/main/main) by extensions ['colcon_meta']
[0.195s] Level 1:colcon.colcon_core.package_identification:_identify(src/main/main) by extension 'colcon_meta'
[0.195s] Level 1:colcon.colcon_core.package_identification:_identify(src/main/main) by extensions ['ros']
[0.195s] Level 1:colcon.colcon_core.package_identification:_identify(src/main/main) by extension 'ros'
[0.199s] DEBUG:colcon.colcon_core.package_identification:Package 'src/main/main' with type 'ros.ament_cmake' and name 'main'
[0.199s] Level 1:colcon.colcon_core.package_identification:_identify(src/navigation) by extensions ['ignore', 'ignore_ament_install']
[0.199s] Level 1:colcon.colcon_core.package_identification:_identify(src/navigation) by extension 'ignore'
[0.199s] Level 1:colcon.colcon_core.package_identification:_identify(src/navigation) by extension 'ignore_ament_install'
[0.199s] Level 1:colcon.colcon_core.package_identification:_identify(src/navigation) by extensions ['colcon_pkg']
[0.199s] Level 1:colcon.colcon_core.package_identification:_identify(src/navigation) by extension 'colcon_pkg'
[0.199s] Level 1:colcon.colcon_core.package_identification:_identify(src/navigation) by extensions ['colcon_meta']
[0.199s] Level 1:colcon.colcon_core.package_identification:_identify(src/navigation) by extension 'colcon_meta'
[0.199s] Level 1:colcon.colcon_core.package_identification:_identify(src/navigation) by extensions ['ros']
[0.199s] Level 1:colcon.colcon_core.package_identification:_identify(src/navigation) by extension 'ros'
[0.199s] Level 1:colcon.colcon_core.package_identification:_identify(src/navigation) by extensions ['cmake', 'python']
[0.199s] Level 1:colcon.colcon_core.package_identification:_identify(src/navigation) by extension 'cmake'
[0.199s] Level 1:colcon.colcon_core.package_identification:_identify(src/navigation) by extension 'python'
[0.199s] Level 1:colcon.colcon_core.package_identification:_identify(src/navigation) by extensions ['python_setup_py']
[0.199s] Level 1:colcon.colcon_core.package_identification:_identify(src/navigation) by extension 'python_setup_py'
[0.199s] Level 1:colcon.colcon_core.package_identification:_identify(src/navigation/basic_navigation) by extensions ['ignore', 'ignore_ament_install']
[0.199s] Level 1:colcon.colcon_core.package_identification:_identify(src/navigation/basic_navigation) by extension 'ignore'
[0.199s] Level 1:colcon.colcon_core.package_identification:_identify(src/navigation/basic_navigation) by extension 'ignore_ament_install'
[0.199s] Level 1:colcon.colcon_core.package_identification:_identify(src/navigation/basic_navigation) by extensions ['colcon_pkg']
[0.199s] Level 1:colcon.colcon_core.package_identification:_identify(src/navigation/basic_navigation) by extension 'colcon_pkg'
[0.199s] Level 1:colcon.colcon_core.package_identification:_identify(src/navigation/basic_navigation) by extensions ['colcon_meta']
[0.199s] Level 1:colcon.colcon_core.package_identification:_identify(src/navigation/basic_navigation) by extension 'colcon_meta'
[0.199s] Level 1:colcon.colcon_core.package_identification:_identify(src/navigation/basic_navigation) by extensions ['ros']
[0.199s] Level 1:colcon.colcon_core.package_identification:_identify(src/navigation/basic_navigation) by extension 'ros'
[0.200s] DEBUG:colcon.colcon_core.package_identification:Package 'src/navigation/basic_navigation' with type 'ros.ament_cmake' and name 'basic_navigation'
[0.200s] Level 1:colcon.colcon_core.package_identification:_identify(src/perception) by extensions ['ignore', 'ignore_ament_install']
[0.200s] Level 1:colcon.colcon_core.package_identification:_identify(src/perception) by extension 'ignore'
[0.200s] Level 1:colcon.colcon_core.package_identification:_identify(src/perception) by extension 'ignore_ament_install'
[0.200s] Level 1:colcon.colcon_core.package_identification:_identify(src/perception) by extensions ['colcon_pkg']
[0.200s] Level 1:colcon.colcon_core.package_identification:_identify(src/perception) by extension 'colcon_pkg'
[0.200s] Level 1:colcon.colcon_core.package_identification:_identify(src/perception) by extensions ['colcon_meta']
[0.200s] Level 1:colcon.colcon_core.package_identification:_identify(src/perception) by extension 'colcon_meta'
[0.200s] Level 1:colcon.colcon_core.package_identification:_identify(src/perception) by extensions ['ros']
[0.200s] Level 1:colcon.colcon_core.package_identification:_identify(src/perception) by extension 'ros'
[0.200s] Level 1:colcon.colcon_core.package_identification:_identify(src/perception) by extensions ['cmake', 'python']
[0.200s] Level 1:colcon.colcon_core.package_identification:_identify(src/perception) by extension 'cmake'
[0.200s] Level 1:colcon.colcon_core.package_identification:_identify(src/perception) by extension 'python'
[0.200s] Level 1:colcon.colcon_core.package_identification:_identify(src/perception) by extensions ['python_setup_py']
[0.200s] Level 1:colcon.colcon_core.package_identification:_identify(src/perception) by extension 'python_setup_py'
[0.200s] Level 1:colcon.colcon_core.package_identification:_identify(src/perception/detection_interfaces) by extensions ['ignore', 'ignore_ament_install']
[0.200s] Level 1:colcon.colcon_core.package_identification:_identify(src/perception/detection_interfaces) by extension 'ignore'
[0.200s] Level 1:colcon.colcon_core.package_identification:_identify(src/perception/detection_interfaces) by extension 'ignore_ament_install'
[0.200s] Level 1:colcon.colcon_core.package_identification:_identify(src/perception/detection_interfaces) by extensions ['colcon_pkg']
[0.200s] Level 1:colcon.colcon_core.package_identification:_identify(src/perception/detection_interfaces) by extension 'colcon_pkg'
[0.200s] Level 1:colcon.colcon_core.package_identification:_identify(src/perception/detection_interfaces) by extensions ['colcon_meta']
[0.200s] Level 1:colcon.colcon_core.package_identification:_identify(src/perception/detection_interfaces) by extension 'colcon_meta'
[0.201s] Level 1:colcon.colcon_core.package_identification:_identify(src/perception/detection_interfaces) by extensions ['ros']
[0.201s] Level 1:colcon.colcon_core.package_identification:_identify(src/perception/detection_interfaces) by extension 'ros'
[0.201s] DEBUG:colcon.colcon_core.package_identification:Package 'src/perception/detection_interfaces' with type 'ros.ament_cmake' and name 'detection_interfaces'
[0.201s] Level 1:colcon.colcon_core.package_identification:_identify(src/perception/distance_check) by extensions ['ignore', 'ignore_ament_install']
[0.201s] Level 1:colcon.colcon_core.package_identification:_identify(src/perception/distance_check) by extension 'ignore'
[0.201s] Level 1:colcon.colcon_core.package_identification:_identify(src/perception/distance_check) by extension 'ignore_ament_install'
[0.201s] Level 1:colcon.colcon_core.package_identification:_identify(src/perception/distance_check) by extensions ['colcon_pkg']
[0.201s] Level 1:colcon.colcon_core.package_identification:_identify(src/perception/distance_check) by extension 'colcon_pkg'
[0.201s] Level 1:colcon.colcon_core.package_identification:_identify(src/perception/distance_check) by extensions ['colcon_meta']
[0.201s] Level 1:colcon.colcon_core.package_identification:_identify(src/perception/distance_check) by extension 'colcon_meta'
[0.201s] Level 1:colcon.colcon_core.package_identification:_identify(src/perception/distance_check) by extensions ['ros']
[0.201s] Level 1:colcon.colcon_core.package_identification:_identify(src/perception/distance_check) by extension 'ros'
[0.202s] DEBUG:colcon.colcon_core.package_identification:Package 'src/perception/distance_check' with type 'ros.ament_cmake' and name 'distance_check'
[0.202s] Level 1:colcon.colcon_core.package_identification:_identify(src/perception/distance_interfaces) by extensions ['ignore', 'ignore_ament_install']
[0.202s] Level 1:colcon.colcon_core.package_identification:_identify(src/perception/distance_interfaces) by extension 'ignore'
[0.202s] Level 1:colcon.colcon_core.package_identification:_identify(src/perception/distance_interfaces) by extension 'ignore_ament_install'
[0.202s] Level 1:colcon.colcon_core.package_identification:_identify(src/perception/distance_interfaces) by extensions ['colcon_pkg']
[0.202s] Level 1:colcon.colcon_core.package_identification:_identify(src/perception/distance_interfaces) by extension 'colcon_pkg'
[0.202s] Level 1:colcon.colcon_core.package_identification:_identify(src/perception/distance_interfaces) by extensions ['colcon_meta']
[0.202s] Level 1:colcon.colcon_core.package_identification:_identify(src/perception/distance_interfaces) by extension 'colcon_meta'
[0.202s] Level 1:colcon.colcon_core.package_identification:_identify(src/perception/distance_interfaces) by extensions ['ros']
[0.202s] Level 1:colcon.colcon_core.package_identification:_identify(src/perception/distance_interfaces) by extension 'ros'
[0.202s] DEBUG:colcon.colcon_core.package_identification:Package 'src/perception/distance_interfaces' with type 'ros.ament_cmake' and name 'distance_interfaces'
[0.202s] Level 1:colcon.colcon_core.package_identification:_identify(src/perception/yellow_ball_finder) by extensions ['ignore', 'ignore_ament_install']
[0.203s] Level 1:colcon.colcon_core.package_identification:_identify(src/perception/yellow_ball_finder) by extension 'ignore'
[0.203s] Level 1:colcon.colcon_core.package_identification:_identify(src/perception/yellow_ball_finder) by extension 'ignore_ament_install'
[0.203s] Level 1:colcon.colcon_core.package_identification:_identify(src/perception/yellow_ball_finder) by extensions ['colcon_pkg']
[0.203s] Level 1:colcon.colcon_core.package_identification:_identify(src/perception/yellow_ball_finder) by extension 'colcon_pkg'
[0.203s] Level 1:colcon.colcon_core.package_identification:_identify(src/perception/yellow_ball_finder) by extensions ['colcon_meta']
[0.203s] Level 1:colcon.colcon_core.package_identification:_identify(src/perception/yellow_ball_finder) by extension 'colcon_meta'
[0.203s] Level 1:colcon.colcon_core.package_identification:_identify(src/perception/yellow_ball_finder) by extensions ['ros']
[0.203s] Level 1:colcon.colcon_core.package_identification:_identify(src/perception/yellow_ball_finder) by extension 'ros'
[0.203s] DEBUG:colcon.colcon_core.package_identification:Package 'src/perception/yellow_ball_finder' with type 'ros.ament_cmake' and name 'yellow_ball_finder'
[0.203s] Level 1:colcon.colcon_core.package_discovery:discover_packages(recursive) using defaults
[0.203s] Level 1:colcon.colcon_core.package_discovery:discover_packages(ignore) discover
[0.203s] Level 1:colcon.colcon_core.package_discovery:discover_packages(ignore) using defaults
[0.203s] Level 1:colcon.colcon_core.package_discovery:discover_packages(path) discover
[0.203s] Level 1:colcon.colcon_core.package_discovery:discover_packages(path) using defaults
[0.222s] Level 1:colcon.colcon_core.package_discovery:discover_packages(prefix_path) check parameters
[0.222s] Level 1:colcon.colcon_core.package_discovery:discover_packages(prefix_path) discover
[0.223s] DEBUG:colcon.colcon_installed_package_information.package_discovery:Found 6 installed packages in /home/fourfold/dev/inmind_final_project_test/workspace/install
[0.224s] DEBUG:colcon.colcon_installed_package_information.package_discovery:Found 323 installed packages in /opt/ros/humble
[0.233s] Level 1:colcon.colcon_core.package_discovery:discover_packages(prefix_path) using defaults
[0.256s] Level 5:colcon.colcon_core.verb:set package 'basic_navigation' build argument 'cmake_args' from command line to 'None'
[0.256s] Level 5:colcon.colcon_core.verb:set package 'basic_navigation' build argument 'cmake_target' from command line to 'None'
[0.256s] Level 5:colcon.colcon_core.verb:set package 'basic_navigation' build argument 'cmake_target_skip_unavailable' from command line to 'False'
[0.256s] Level 5:colcon.colcon_core.verb:set package 'basic_navigation' build argument 'cmake_clean_cache' from command line to 'False'
[0.256s] Level 5:colcon.colcon_core.verb:set package 'basic_navigation' build argument 'cmake_clean_first' from command line to 'False'
[0.256s] Level 5:colcon.colcon_core.verb:set package 'basic_navigation' build argument 'cmake_force_configure' from command line to 'False'
[0.256s] Level 5:colcon.colcon_core.verb:set package 'basic_navigation' build argument 'ament_cmake_args' from command line to 'None'
[0.256s] Level 5:colcon.colcon_core.verb:set package 'basic_navigation' build argument 'catkin_cmake_args' from command line to 'None'
[0.256s] Level 5:colcon.colcon_core.verb:set package 'basic_navigation' build argument 'catkin_skip_building_tests' from command line to 'False'
[0.256s] DEBUG:colcon.colcon_core.verb:Building package 'basic_navigation' with the following arguments: {'ament_cmake_args': None, 'build_base': '/home/fourfold/dev/inmind_final_project_test/workspace/build/basic_navigation', 'catkin_cmake_args': None, 'catkin_skip_building_tests': False, 'cmake_args': None, 'cmake_clean_cache': False, 'cmake_clean_first': False, 'cmake_force_configure': False, 'cmake_target': None, 'cmake_target_skip_unavailable': False, 'install_base': '/home/fourfold/dev/inmind_final_project_test/workspace/install/basic_navigation', 'merge_install': False, 'path': '/home/fourfold/dev/inmind_final_project_test/workspace/src/navigation/basic_navigation', 'symlink_install': False, 'test_result_base': None}
[0.257s] Level 5:colcon.colcon_core.verb:set package 'detection_interfaces' build argument 'cmake_args' from command line to 'None'
[0.257s] Level 5:colcon.colcon_core.verb:set package 'detection_interfaces' build argument 'cmake_target' from command line to 'None'
[0.257s] Level 5:colcon.colcon_core.verb:set package 'detection_interfaces' build argument 'cmake_target_skip_unavailable' from command line to 'False'
[0.257s] Level 5:colcon.colcon_core.verb:set package 'detection_interfaces' build argument 'cmake_clean_cache' from command line to 'False'
[0.257s] Level 5:colcon.colcon_core.verb:set package 'detection_interfaces' build argument 'cmake_clean_first' from command line to 'False'
[0.257s] Level 5:colcon.colcon_core.verb:set package 'detection_interfaces' build argument 'cmake_force_configure' from command line to 'False'
[0.257s] Level 5:colcon.colcon_core.verb:set package 'detection_interfaces' build argument 'ament_cmake_args' from command line to 'None'
[0.257s] Level 5:colcon.colcon_core.verb:set package 'detection_interfaces' build argument 'catkin_cmake_args' from command line to 'None'
[0.257s] Level 5:colcon.colcon_core.verb:set package 'detection_interfaces' build argument 'catkin_skip_building_tests' from command line to 'False'
[0.257s] DEBUG:colcon.colcon_core.verb:Building package 'detection_interfaces' with the following arguments: {'ament_cmake_args': None, 'build_base': '/home/fourfold/dev/inmind_final_project_test/workspace/build/detection_interfaces', 'catkin_cmake_args': None, 'catkin_skip_building_tests': False, 'cmake_args': None, 'cmake_clean_cache': False, 'cmake_clean_first': False, 'cmake_force_configure': False, 'cmake_target': None, 'cmake_target_skip_unavailable': False, 'install_base': '/home/fourfold/dev/inmind_final_project_test/workspace/install/detection_interfaces', 'merge_install': False, 'path': '/home/fourfold/dev/inmind_final_project_test/workspace/src/perception/detection_interfaces', 'symlink_install': False, 'test_result_base': None}
[0.257s] Level 5:colcon.colcon_core.verb:set package 'distance_interfaces' build argument 'cmake_args' from command line to 'None'
[0.257s] Level 5:colcon.colcon_core.verb:set package 'distance_interfaces' build argument 'cmake_target' from command line to 'None'
[0.257s] Level 5:colcon.colcon_core.verb:set package 'distance_interfaces' build argument 'cmake_target_skip_unavailable' from command line to 'False'
[0.257s] Level 5:colcon.colcon_core.verb:set package 'distance_interfaces' build argument 'cmake_clean_cache' from command line to 'False'
[0.257s] Level 5:colcon.colcon_core.verb:set package 'distance_interfaces' build argument 'cmake_clean_first' from command line to 'False'
[0.257s] Level 5:colcon.colcon_core.verb:set package 'distance_interfaces' build argument 'cmake_force_configure' from command line to 'False'
[0.257s] Level 5:colcon.colcon_core.verb:set package 'distance_interfaces' build argument 'ament_cmake_args' from command line to 'None'
[0.257s] Level 5:colcon.colcon_core.verb:set package 'distance_interfaces' build argument 'catkin_cmake_args' from command line to 'None'
[0.257s] Level 5:colcon.colcon_core.verb:set package 'distance_interfaces' build argument 'catkin_skip_building_tests' from command line to 'False'
[0.257s] DEBUG:colcon.colcon_core.verb:Building package 'distance_interfaces' with the following arguments: {'ament_cmake_args': None, 'build_base': '/home/fourfold/dev/inmind_final_project_test/workspace/build/distance_interfaces', 'catkin_cmake_args': None, 'catkin_skip_building_tests': False, 'cmake_args': None, 'cmake_clean_cache': False, 'cmake_clean_first': False, 'cmake_force_configure': False, 'cmake_target': None, 'cmake_target_skip_unavailable': False, 'install_base': '/home/fourfold/dev/inmind_final_project_test/workspace/install/distance_interfaces', 'merge_install': False, 'path': '/home/fourfold/dev/inmind_final_project_test/workspace/src/perception/distance_interfaces', 'symlink_install': False, 'test_result_base': None}
[0.258s] Level 5:colcon.colcon_core.verb:set package 'distance_check' build argument 'cmake_args' from command line to 'None'
[0.258s] Level 5:colcon.colcon_core.verb:set package 'distance_check' build argument 'cmake_target' from command line to 'None'
[0.258s] Level 5:colcon.colcon_core.verb:set package 'distance_check' build argument 'cmake_target_skip_unavailable' from command line to 'False'
[0.258s] Level 5:colcon.colcon_core.verb:set package 'distance_check' build argument 'cmake_clean_cache' from command line to 'False'
[0.258s] Level 5:colcon.colcon_core.verb:set package 'distance_check' build argument 'cmake_clean_first' from command line to 'False'
[0.258s] Level 5:colcon.colcon_core.verb:set package 'distance_check' build argument 'cmake_force_configure' from command line to 'False'
[0.258s] Level 5:colcon.colcon_core.verb:set package 'distance_check' build argument 'ament_cmake_args' from command line to 'None'
[0.258s] Level 5:colcon.colcon_core.verb:set package 'distance_check' build argument 'catkin_cmake_args' from command line to 'None'
[0.258s] Level 5:colcon.colcon_core.verb:set package 'distance_check' build argument 'catkin_skip_building_tests' from command line to 'False'
[0.258s] DEBUG:colcon.colcon_core.verb:Building package 'distance_check' with the following arguments: {'ament_cmake_args': None, 'build_base': '/home/fourfold/dev/inmind_final_project_test/workspace/build/distance_check', 'catkin_cmake_args': None, 'catkin_skip_building_tests': False, 'cmake_args': None, 'cmake_clean_cache': False, 'cmake_clean_first': False, 'cmake_force_configure': False, 'cmake_target': None, 'cmake_target_skip_unavailable': False, 'install_base': '/home/fourfold/dev/inmind_final_project_test/workspace/install/distance_check', 'merge_install': False, 'path': '/home/fourfold/dev/inmind_final_project_test/workspace/src/perception/distance_check', 'symlink_install': False, 'test_result_base': None}
[0.258s] Level 5:colcon.colcon_core.verb:set package 'yellow_ball_finder' build argument 'cmake_args' from command line to 'None'
[0.258s] Level 5:colcon.colcon_core.verb:set package 'yellow_ball_finder' build argument 'cmake_target' from command line to 'None'
[0.258s] Level 5:colcon.colcon_core.verb:set package 'yellow_ball_finder' build argument 'cmake_target_skip_unavailable' from command line to 'False'
[0.258s] Level 5:colcon.colcon_core.verb:set package 'yellow_ball_finder' build argument 'cmake_clean_cache' from command line to 'False'
[0.258s] Level 5:colcon.colcon_core.verb:set package 'yellow_ball_finder' build argument 'cmake_clean_first' from command line to 'False'
[0.258s] Level 5:colcon.colcon_core.verb:set package 'yellow_ball_finder' build argument 'cmake_force_configure' from command line to 'False'
[0.258s] Level 5:colcon.colcon_core.verb:set package 'yellow_ball_finder' build argument 'ament_cmake_args' from command line to 'None'
[0.258s] Level 5:colcon.colcon_core.verb:set package 'yellow_ball_finder' build argument 'catkin_cmake_args' from command line to 'None'
[0.258s] Level 5:colcon.colcon_core.verb:set package 'yellow_ball_finder' build argument 'catkin_skip_building_tests' from command line to 'False'
[0.258s] DEBUG:colcon.colcon_core.verb:Building package 'yellow_ball_finder' with the following arguments: {'ament_cmake_args': None, 'build_base': '/home/fourfold/dev/inmind_final_project_test/workspace/build/yellow_ball_finder', 'catkin_cmake_args': None, 'catkin_skip_building_tests': False, 'cmake_args': None, 'cmake_clean_cache': False, 'cmake_clean_first': False, 'cmake_force_configure': False, 'cmake_target': None, 'cmake_target_skip_unavailable': False, 'install_base': '/home/fourfold/dev/inmind_final_project_test/workspace/install/yellow_ball_finder', 'merge_install': False, 'path': '/home/fourfold/dev/inmind_final_project_test/workspace/src/perception/yellow_ball_finder', 'symlink_install': False, 'test_result_base': None}
[0.258s] Level 5:colcon.colcon_core.verb:set package 'main' build argument 'cmake_args' from command line to 'None'
[0.258s] Level 5:colcon.colcon_core.verb:set package 'main' build argument 'cmake_target' from command line to 'None'
[0.258s] Level 5:colcon.colcon_core.verb:set package 'main' build argument 'cmake_target_skip_unavailable' from command line to 'False'
[0.258s] Level 5:colcon.colcon_core.verb:set package 'main' build argument 'cmake_clean_cache' from command line to 'False'
[0.258s] Level 5:colcon.colcon_core.verb:set package 'main' build argument 'cmake_clean_first' from command line to 'False'
[0.258s] Level 5:colcon.colcon_core.verb:set package 'main' build argument 'cmake_force_configure' from command line to 'False'
[0.258s] Level 5:colcon.colcon_core.verb:set package 'main' build argument 'ament_cmake_args' from command line to 'None'
[0.258s] Level 5:colcon.colcon_core.verb:set package 'main' build argument 'catkin_cmake_args' from command line to 'None'
[0.258s] Level 5:colcon.colcon_core.verb:set package 'main' build argument 'catkin_skip_building_tests' from command line to 'False'
[0.258s] DEBUG:colcon.colcon_core.verb:Building package 'main' with the following arguments: {'ament_cmake_args': None, 'build_base': '/home/fourfold/dev/inmind_final_project_test/workspace/build/main', 'catkin_cmake_args': None, 'catkin_skip_building_tests': False, 'cmake_args': None, 'cmake_clean_cache': False, 'cmake_clean_first': False, 'cmake_force_configure': False, 'cmake_target': None, 'cmake_target_skip_unavailable': False, 'install_base': '/home/fourfold/dev/inmind_final_project_test/workspace/install/main', 'merge_install': False, 'path': '/home/fourfold/dev/inmind_final_project_test/workspace/src/main/main', 'symlink_install': False, 'test_result_base': None}
[0.258s] INFO:colcon.colcon_core.executor:Executing jobs using 'parallel' executor
[0.259s] DEBUG:colcon.colcon_parallel_executor.executor.parallel:run_until_complete
[0.260s] INFO:colcon.colcon_ros.task.ament_cmake.build:Building ROS package in '/home/fourfold/dev/inmind_final_project_test/workspace/src/perception/detection_interfaces' with build type 'ament_cmake'
[0.260s] INFO:colcon.colcon_cmake.task.cmake.build:Building CMake package in '/home/fourfold/dev/inmind_final_project_test/workspace/src/perception/detection_interfaces'
[0.261s] INFO:colcon.colcon_core.plugin_system:Skipping extension 'colcon_core.shell.bat': Not used on non-Windows systems
[0.261s] INFO:colcon.colcon_core.shell:Skip shell extension 'powershell' for command environment: Not usable outside of PowerShell
[0.261s] DEBUG:colcon.colcon_core.shell:Skip shell extension 'dsv' for command environment
[0.263s] INFO:colcon.colcon_ros.task.ament_cmake.build:Building ROS package in '/home/fourfold/dev/inmind_final_project_test/workspace/src/perception/distance_interfaces' with build type 'ament_cmake'
[0.264s] INFO:colcon.colcon_cmake.task.cmake.build:Building CMake package in '/home/fourfold/dev/inmind_final_project_test/workspace/src/perception/distance_interfaces'
[0.264s] INFO:colcon.colcon_core.shell:Skip shell extension 'powershell' for command environment: Not usable outside of PowerShell
[0.264s] DEBUG:colcon.colcon_core.shell:Skip shell extension 'dsv' for command environment
[0.266s] INFO:colcon.colcon_ros.task.ament_cmake.build:Building ROS package in '/home/fourfold/dev/inmind_final_project_test/workspace/src/navigation/basic_navigation' with build type 'ament_cmake'
[0.266s] INFO:colcon.colcon_cmake.task.cmake.build:Building CMake package in '/home/fourfold/dev/inmind_final_project_test/workspace/src/navigation/basic_navigation'
[0.266s] INFO:colcon.colcon_core.shell:Skip shell extension 'powershell' for command environment: Not usable outside of PowerShell
[0.266s] DEBUG:colcon.colcon_core.shell:Skip shell extension 'dsv' for command environment
[0.271s] DEBUG:colcon.colcon_core.event_handler.log_command:Invoking command in '/home/fourfold/dev/inmind_final_project_test/workspace/build/detection_interfaces': CMAKE_PREFIX_PATH=${CMAKE_PREFIX_PATH}:/opt/ros/humble /usr/bin/cmake --build /home/fourfold/dev/inmind_final_project_test/workspace/build/detection_interfaces -- -j16 -l16
[0.274s] DEBUG:colcon.colcon_core.event_handler.log_command:Invoking command in '/home/fourfold/dev/inmind_final_project_test/workspace/build/distance_interfaces': CMAKE_PREFIX_PATH=${CMAKE_PREFIX_PATH}:/opt/ros/humble /usr/bin/cmake --build /home/fourfold/dev/inmind_final_project_test/workspace/build/distance_interfaces -- -j16 -l16
[0.276s] DEBUG:colcon.colcon_core.event_handler.log_command:Invoking command in '/home/fourfold/dev/inmind_final_project_test/workspace/build/basic_navigation': CMAKE_PREFIX_PATH=${CMAKE_PREFIX_PATH}:/opt/ros/humble /usr/bin/cmake --build /home/fourfold/dev/inmind_final_project_test/workspace/build/basic_navigation -- -j16 -l16
[0.303s] DEBUG:colcon.colcon_core.event_handler.log_command:Invoked command in '/home/fourfold/dev/inmind_final_project_test/workspace/build/basic_navigation' returned '0': CMAKE_PREFIX_PATH=${CMAKE_PREFIX_PATH}:/opt/ros/humble /usr/bin/cmake --build /home/fourfold/dev/inmind_final_project_test/workspace/build/basic_navigation -- -j16 -l16
[0.332s] DEBUG:colcon.colcon_core.event_handler.log_command:Invoking command in '/home/fourfold/dev/inmind_final_project_test/workspace/build/basic_navigation': CMAKE_PREFIX_PATH=${CMAKE_PREFIX_PATH}:/opt/ros/humble /usr/bin/cmake --install /home/fourfold/dev/inmind_final_project_test/workspace/build/basic_navigation
[0.339s] Level 1:colcon.colcon_core.environment:create_environment_scripts_only(basic_navigation)
[0.340s] DEBUG:colcon.colcon_core.event_handler.log_command:Invoked command in '/home/fourfold/dev/inmind_final_project_test/workspace/build/basic_navigation' returned '0': CMAKE_PREFIX_PATH=${CMAKE_PREFIX_PATH}:/opt/ros/humble /usr/bin/cmake --install /home/fourfold/dev/inmind_final_project_test/workspace/build/basic_navigation
[0.342s] Level 1:colcon.colcon_core.environment:checking '/home/fourfold/dev/inmind_final_project_test/workspace/install/basic_navigation' for CMake module files
[0.342s] Level 1:colcon.colcon_core.environment:checking '/home/fourfold/dev/inmind_final_project_test/workspace/install/basic_navigation' for CMake config files
[0.343s] Level 1:colcon.colcon_core.shell:create_environment_hook('basic_navigation', 'cmake_prefix_path')
[0.343s] INFO:colcon.colcon_core.shell:Creating environment hook '/home/fourfold/dev/inmind_final_project_test/workspace/install/basic_navigation/share/basic_navigation/hook/cmake_prefix_path.ps1'
[0.343s] INFO:colcon.colcon_core.shell:Creating environment descriptor '/home/fourfold/dev/inmind_final_project_test/workspace/install/basic_navigation/share/basic_navigation/hook/cmake_prefix_path.dsv'
[0.343s] INFO:colcon.colcon_core.shell:Creating environment hook '/home/fourfold/dev/inmind_final_project_test/workspace/install/basic_navigation/share/basic_navigation/hook/cmake_prefix_path.sh'
[0.344s] Level 1:colcon.colcon_core.environment:checking '/home/fourfold/dev/inmind_final_project_test/workspace/install/basic_navigation/lib'
[0.344s] Level 1:colcon.colcon_core.environment:checking '/home/fourfold/dev/inmind_final_project_test/workspace/install/basic_navigation/bin'
[0.344s] Level 1:colcon.colcon_core.environment:checking '/home/fourfold/dev/inmind_final_project_test/workspace/install/basic_navigation/lib/pkgconfig/basic_navigation.pc'
[0.344s] Level 1:colcon.colcon_core.environment:checking '/home/fourfold/dev/inmind_final_project_test/workspace/install/basic_navigation/lib/python3.10/site-packages'
[0.344s] Level 1:colcon.colcon_core.environment:checking '/home/fourfold/dev/inmind_final_project_test/workspace/install/basic_navigation/bin'
[0.344s] INFO:colcon.colcon_core.shell:Creating package script '/home/fourfold/dev/inmind_final_project_test/workspace/install/basic_navigation/share/basic_navigation/package.ps1'
[0.345s] INFO:colcon.colcon_core.shell:Creating package descriptor '/home/fourfold/dev/inmind_final_project_test/workspace/install/basic_navigation/share/basic_navigation/package.dsv'
[0.345s] INFO:colcon.colcon_core.shell:Creating package script '/home/fourfold/dev/inmind_final_project_test/workspace/install/basic_navigation/share/basic_navigation/package.sh'
[0.345s] INFO:colcon.colcon_core.shell:Creating package script '/home/fourfold/dev/inmind_final_project_test/workspace/install/basic_navigation/share/basic_navigation/package.bash'
[0.346s] INFO:colcon.colcon_core.shell:Creating package script '/home/fourfold/dev/inmind_final_project_test/workspace/install/basic_navigation/share/basic_navigation/package.zsh'
[0.346s] Level 1:colcon.colcon_core.environment:create_file_with_runtime_dependencies(/home/fourfold/dev/inmind_final_project_test/workspace/install/basic_navigation/share/colcon-core/packages/basic_navigation)
[0.362s] Level 1:colcon.colcon_core.environment:create_environment_scripts_only(basic_navigation)
[0.362s] Level 1:colcon.colcon_core.environment:checking '/home/fourfold/dev/inmind_final_project_test/workspace/install/basic_navigation' for CMake module files
[0.362s] Level 1:colcon.colcon_core.environment:checking '/home/fourfold/dev/inmind_final_project_test/workspace/install/basic_navigation' for CMake config files
[0.362s] Level 1:colcon.colcon_core.shell:create_environment_hook('basic_navigation', 'cmake_prefix_path')
[0.363s] INFO:colcon.colcon_core.shell:Creating environment hook '/home/fourfold/dev/inmind_final_project_test/workspace/install/basic_navigation/share/basic_navigation/hook/cmake_prefix_path.ps1'
[0.363s] INFO:colcon.colcon_core.shell:Creating environment descriptor '/home/fourfold/dev/inmind_final_project_test/workspace/install/basic_navigation/share/basic_navigation/hook/cmake_prefix_path.dsv'
[0.363s] INFO:colcon.colcon_core.shell:Creating environment hook '/home/fourfold/dev/inmind_final_project_test/workspace/install/basic_navigation/share/basic_navigation/hook/cmake_prefix_path.sh'
[0.364s] Level 1:colcon.colcon_core.environment:checking '/home/fourfold/dev/inmind_final_project_test/workspace/install/basic_navigation/lib'
[0.364s] Level 1:colcon.colcon_core.environment:checking '/home/fourfold/dev/inmind_final_project_test/workspace/install/basic_navigation/bin'
[0.364s] Level 1:colcon.colcon_core.environment:checking '/home/fourfold/dev/inmind_final_project_test/workspace/install/basic_navigation/lib/pkgconfig/basic_navigation.pc'
[0.364s] Level 1:colcon.colcon_core.environment:checking '/home/fourfold/dev/inmind_final_project_test/workspace/install/basic_navigation/lib/python3.10/site-packages'
[0.364s] Level 1:colcon.colcon_core.environment:checking '/home/fourfold/dev/inmind_final_project_test/workspace/install/basic_navigation/bin'
[0.364s] INFO:colcon.colcon_core.shell:Creating package script '/home/fourfold/dev/inmind_final_project_test/workspace/install/basic_navigation/share/basic_navigation/package.ps1'
[0.364s] INFO:colcon.colcon_core.shell:Creating package descriptor '/home/fourfold/dev/inmind_final_project_test/workspace/install/basic_navigation/share/basic_navigation/package.dsv'
[0.365s] INFO:colcon.colcon_core.shell:Creating package script '/home/fourfold/dev/inmind_final_project_test/workspace/install/basic_navigation/share/basic_navigation/package.sh'
[0.365s] INFO:colcon.colcon_core.shell:Creating package script '/home/fourfold/dev/inmind_final_project_test/workspace/install/basic_navigation/share/basic_navigation/package.bash'
[0.365s] INFO:colcon.colcon_core.shell:Creating package script '/home/fourfold/dev/inmind_final_project_test/workspace/install/basic_navigation/share/basic_navigation/package.zsh'
[0.365s] Level 1:colcon.colcon_core.environment:create_file_with_runtime_dependencies(/home/fourfold/dev/inmind_final_project_test/workspace/install/basic_navigation/share/colcon-core/packages/basic_navigation)
[0.493s] DEBUG:colcon.colcon_core.event_handler.log_command:Invoked command in '/home/fourfold/dev/inmind_final_project_test/workspace/build/distance_interfaces' returned '0': CMAKE_PREFIX_PATH=${CMAKE_PREFIX_PATH}:/opt/ros/humble /usr/bin/cmake --build /home/fourfold/dev/inmind_final_project_test/workspace/build/distance_interfaces -- -j16 -l16
[0.494s] DEBUG:colcon.colcon_core.event_handler.log_command:Invoked command in '/home/fourfold/dev/inmind_final_project_test/workspace/build/detection_interfaces' returned '0': CMAKE_PREFIX_PATH=${CMAKE_PREFIX_PATH}:/opt/ros/humble /usr/bin/cmake --build /home/fourfold/dev/inmind_final_project_test/workspace/build/detection_interfaces -- -j16 -l16
[0.534s] DEBUG:colcon.colcon_core.event_handler.log_command:Invoking command in '/home/fourfold/dev/inmind_final_project_test/workspace/build/distance_interfaces': CMAKE_PREFIX_PATH=${CMAKE_PREFIX_PATH}:/opt/ros/humble /usr/bin/cmake --install /home/fourfold/dev/inmind_final_project_test/workspace/build/distance_interfaces
[0.536s] DEBUG:colcon.colcon_core.event_handler.log_command:Invoking command in '/home/fourfold/dev/inmind_final_project_test/workspace/build/detection_interfaces': CMAKE_PREFIX_PATH=${CMAKE_PREFIX_PATH}:/opt/ros/humble /usr/bin/cmake --install /home/fourfold/dev/inmind_final_project_test/workspace/build/detection_interfaces
[0.569s] Level 1:colcon.colcon_core.environment:create_environment_scripts_only(distance_interfaces)
[0.569s] Level 1:colcon.colcon_core.environment:checking '/home/fourfold/dev/inmind_final_project_test/workspace/install/distance_interfaces' for CMake module files
[0.569s] DEBUG:colcon.colcon_core.event_handler.log_command:Invoked command in '/home/fourfold/dev/inmind_final_project_test/workspace/build/distance_interfaces' returned '0': CMAKE_PREFIX_PATH=${CMAKE_PREFIX_PATH}:/opt/ros/humble /usr/bin/cmake --install /home/fourfold/dev/inmind_final_project_test/workspace/build/distance_interfaces
[0.570s] Level 1:colcon.colcon_core.environment:checking '/home/fourfold/dev/inmind_final_project_test/workspace/install/distance_interfaces' for CMake config files
[0.570s] Level 1:colcon.colcon_core.shell:create_environment_hook('distance_interfaces', 'cmake_prefix_path')
[0.570s] INFO:colcon.colcon_core.shell:Creating environment hook '/home/fourfold/dev/inmind_final_project_test/workspace/install/distance_interfaces/share/distance_interfaces/hook/cmake_prefix_path.ps1'
[0.571s] INFO:colcon.colcon_core.shell:Creating environment descriptor '/home/fourfold/dev/inmind_final_project_test/workspace/install/distance_interfaces/share/distance_interfaces/hook/cmake_prefix_path.dsv'
[0.571s] INFO:colcon.colcon_core.shell:Creating environment hook '/home/fourfold/dev/inmind_final_project_test/workspace/install/distance_interfaces/share/distance_interfaces/hook/cmake_prefix_path.sh'
[0.571s] Level 1:colcon.colcon_core.environment:checking '/home/fourfold/dev/inmind_final_project_test/workspace/install/distance_interfaces/lib'
[0.571s] Level 1:colcon.colcon_core.shell:create_environment_hook('distance_interfaces', 'ld_library_path_lib')
[0.571s] INFO:colcon.colcon_core.shell:Creating environment hook '/home/fourfold/dev/inmind_final_project_test/workspace/install/distance_interfaces/share/distance_interfaces/hook/ld_library_path_lib.ps1'
[0.571s] INFO:colcon.colcon_core.shell:Creating environment descriptor '/home/fourfold/dev/inmind_final_project_test/workspace/install/distance_interfaces/share/distance_interfaces/hook/ld_library_path_lib.dsv'
[0.572s] INFO:colcon.colcon_core.shell:Creating environment hook '/home/fourfold/dev/inmind_final_project_test/workspace/install/distance_interfaces/share/distance_interfaces/hook/ld_library_path_lib.sh'
[0.572s] Level 1:colcon.colcon_core.environment:checking '/home/fourfold/dev/inmind_final_project_test/workspace/install/distance_interfaces/bin'
[0.572s] Level 1:colcon.colcon_core.environment:checking '/home/fourfold/dev/inmind_final_project_test/workspace/install/distance_interfaces/lib/pkgconfig/distance_interfaces.pc'
[0.572s] Level 1:colcon.colcon_core.environment:checking '/home/fourfold/dev/inmind_final_project_test/workspace/install/distance_interfaces/lib/python3.10/site-packages'
[0.572s] Level 1:colcon.colcon_core.environment:checking '/home/fourfold/dev/inmind_final_project_test/workspace/install/distance_interfaces/bin'
[0.573s] INFO:colcon.colcon_core.shell:Creating package script '/home/fourfold/dev/inmind_final_project_test/workspace/install/distance_interfaces/share/distance_interfaces/package.ps1'
[0.573s] INFO:colcon.colcon_core.shell:Creating package descriptor '/home/fourfold/dev/inmind_final_project_test/workspace/install/distance_interfaces/share/distance_interfaces/package.dsv'
[0.574s] INFO:colcon.colcon_core.shell:Creating package script '/home/fourfold/dev/inmind_final_project_test/workspace/install/distance_interfaces/share/distance_interfaces/package.sh'
[0.575s] INFO:colcon.colcon_core.shell:Creating package script '/home/fourfold/dev/inmind_final_project_test/workspace/install/distance_interfaces/share/distance_interfaces/package.bash'
[0.575s] INFO:colcon.colcon_core.shell:Creating package script '/home/fourfold/dev/inmind_final_project_test/workspace/install/distance_interfaces/share/distance_interfaces/package.zsh'
[0.575s] Level 1:colcon.colcon_core.environment:create_file_with_runtime_dependencies(/home/fourfold/dev/inmind_final_project_test/workspace/install/distance_interfaces/share/colcon-core/packages/distance_interfaces)
[0.576s] Level 1:colcon.colcon_core.environment:create_environment_scripts_only(detection_interfaces)
[0.577s] Level 1:colcon.colcon_core.environment:checking '/home/fourfold/dev/inmind_final_project_test/workspace/install/detection_interfaces' for CMake module files
[0.577s] DEBUG:colcon.colcon_core.event_handler.log_command:Invoked command in '/home/fourfold/dev/inmind_final_project_test/workspace/build/detection_interfaces' returned '0': CMAKE_PREFIX_PATH=${CMAKE_PREFIX_PATH}:/opt/ros/humble /usr/bin/cmake --install /home/fourfold/dev/inmind_final_project_test/workspace/build/detection_interfaces
[0.577s] Level 1:colcon.colcon_core.environment:checking '/home/fourfold/dev/inmind_final_project_test/workspace/install/detection_interfaces' for CMake config files
[0.578s] Level 1:colcon.colcon_core.shell:create_environment_hook('detection_interfaces', 'cmake_prefix_path')
[0.578s] INFO:colcon.colcon_core.shell:Creating environment hook '/home/fourfold/dev/inmind_final_project_test/workspace/install/detection_interfaces/share/detection_interfaces/hook/cmake_prefix_path.ps1'
[0.578s] INFO:colcon.colcon_core.shell:Creating environment descriptor '/home/fourfold/dev/inmind_final_project_test/workspace/install/detection_interfaces/share/detection_interfaces/hook/cmake_prefix_path.dsv'
[0.578s] INFO:colcon.colcon_core.shell:Creating environment hook '/home/fourfold/dev/inmind_final_project_test/workspace/install/detection_interfaces/share/detection_interfaces/hook/cmake_prefix_path.sh'
[0.578s] Level 1:colcon.colcon_core.environment:checking '/home/fourfold/dev/inmind_final_project_test/workspace/install/detection_interfaces/lib'
[0.578s] Level 1:colcon.colcon_core.shell:create_environment_hook('detection_interfaces', 'ld_library_path_lib')
[0.579s] INFO:colcon.colcon_core.shell:Creating environment hook '/home/fourfold/dev/inmind_final_project_test/workspace/install/detection_interfaces/share/detection_interfaces/hook/ld_library_path_lib.ps1'
[0.579s] INFO:colcon.colcon_core.shell:Creating environment descriptor '/home/fourfold/dev/inmind_final_project_test/workspace/install/detection_interfaces/share/detection_interfaces/hook/ld_library_path_lib.dsv'
[0.579s] INFO:colcon.colcon_core.shell:Creating environment hook '/home/fourfold/dev/inmind_final_project_test/workspace/install/detection_interfaces/share/detection_interfaces/hook/ld_library_path_lib.sh'
[0.579s] Level 1:colcon.colcon_core.environment:checking '/home/fourfold/dev/inmind_final_project_test/workspace/install/detection_interfaces/bin'
[0.579s] Level 1:colcon.colcon_core.environment:checking '/home/fourfold/dev/inmind_final_project_test/workspace/install/detection_interfaces/lib/pkgconfig/detection_interfaces.pc'
[0.579s] Level 1:colcon.colcon_core.environment:checking '/home/fourfold/dev/inmind_final_project_test/workspace/install/detection_interfaces/lib/python3.10/site-packages'
[0.579s] Level 1:colcon.colcon_core.environment:checking '/home/fourfold/dev/inmind_final_project_test/workspace/install/detection_interfaces/bin'
[0.580s] INFO:colcon.colcon_core.shell:Creating package script '/home/fourfold/dev/inmind_final_project_test/workspace/install/detection_interfaces/share/detection_interfaces/package.ps1'
[0.580s] INFO:colcon.colcon_core.shell:Creating package descriptor '/home/fourfold/dev/inmind_final_project_test/workspace/install/detection_interfaces/share/detection_interfaces/package.dsv'
[0.580s] INFO:colcon.colcon_core.shell:Creating package script '/home/fourfold/dev/inmind_final_project_test/workspace/install/detection_interfaces/share/detection_interfaces/package.sh'
[0.580s] INFO:colcon.colcon_core.shell:Creating package script '/home/fourfold/dev/inmind_final_project_test/workspace/install/detection_interfaces/share/detection_interfaces/package.bash'
[0.580s] INFO:colcon.colcon_core.shell:Creating package script '/home/fourfold/dev/inmind_final_project_test/workspace/install/detection_interfaces/share/detection_interfaces/package.zsh'
[0.580s] Level 1:colcon.colcon_core.environment:create_file_with_runtime_dependencies(/home/fourfold/dev/inmind_final_project_test/workspace/install/detection_interfaces/share/colcon-core/packages/detection_interfaces)
[0.616s] Level 1:colcon.colcon_core.environment:create_environment_scripts_only(distance_interfaces)
[0.616s] Level 1:colcon.colcon_core.environment:checking '/home/fourfold/dev/inmind_final_project_test/workspace/install/distance_interfaces' for CMake module files
[0.617s] Level 1:colcon.colcon_core.environment:checking '/home/fourfold/dev/inmind_final_project_test/workspace/install/distance_interfaces' for CMake config files
[0.617s] Level 1:colcon.colcon_core.shell:create_environment_hook('distance_interfaces', 'cmake_prefix_path')
[0.617s] INFO:colcon.colcon_core.shell:Creating environment hook '/home/fourfold/dev/inmind_final_project_test/workspace/install/distance_interfaces/share/distance_interfaces/hook/cmake_prefix_path.ps1'
[0.617s] INFO:colcon.colcon_core.shell:Creating environment descriptor '/home/fourfold/dev/inmind_final_project_test/workspace/install/distance_interfaces/share/distance_interfaces/hook/cmake_prefix_path.dsv'
[0.618s] INFO:colcon.colcon_core.shell:Creating environment hook '/home/fourfold/dev/inmind_final_project_test/workspace/install/distance_interfaces/share/distance_interfaces/hook/cmake_prefix_path.sh'
[0.618s] Level 1:colcon.colcon_core.environment:checking '/home/fourfold/dev/inmind_final_project_test/workspace/install/distance_interfaces/lib'
[0.618s] Level 1:colcon.colcon_core.shell:create_environment_hook('distance_interfaces', 'ld_library_path_lib')
[0.618s] INFO:colcon.colcon_core.shell:Creating environment hook '/home/fourfold/dev/inmind_final_project_test/workspace/install/distance_interfaces/share/distance_interfaces/hook/ld_library_path_lib.ps1'
[0.619s] INFO:colcon.colcon_core.shell:Creating environment descriptor '/home/fourfold/dev/inmind_final_project_test/workspace/install/distance_interfaces/share/distance_interfaces/hook/ld_library_path_lib.dsv'
[0.619s] INFO:colcon.colcon_core.shell:Creating environment hook '/home/fourfold/dev/inmind_final_project_test/workspace/install/distance_interfaces/share/distance_interfaces/hook/ld_library_path_lib.sh'
[0.619s] Level 1:colcon.colcon_core.environment:checking '/home/fourfold/dev/inmind_final_project_test/workspace/install/distance_interfaces/bin'
[0.619s] Level 1:colcon.colcon_core.environment:checking '/home/fourfold/dev/inmind_final_project_test/workspace/install/distance_interfaces/lib/pkgconfig/distance_interfaces.pc'
[0.619s] Level 1:colcon.colcon_core.environment:checking '/home/fourfold/dev/inmind_final_project_test/workspace/install/distance_interfaces/lib/python3.10/site-packages'
[0.620s] Level 1:colcon.colcon_core.environment:checking '/home/fourfold/dev/inmind_final_project_test/workspace/install/distance_interfaces/bin'
[0.620s] INFO:colcon.colcon_core.shell:Creating package script '/home/fourfold/dev/inmind_final_project_test/workspace/install/distance_interfaces/share/distance_interfaces/package.ps1'
[0.620s] INFO:colcon.colcon_core.shell:Creating package descriptor '/home/fourfold/dev/inmind_final_project_test/workspace/install/distance_interfaces/share/distance_interfaces/package.dsv'
[0.620s] INFO:colcon.colcon_core.shell:Creating package script '/home/fourfold/dev/inmind_final_project_test/workspace/install/distance_interfaces/share/distance_interfaces/package.sh'
[0.621s] INFO:colcon.colcon_core.shell:Creating package script '/home/fourfold/dev/inmind_final_project_test/workspace/install/distance_interfaces/share/distance_interfaces/package.bash'
[0.621s] INFO:colcon.colcon_core.shell:Creating package script '/home/fourfold/dev/inmind_final_project_test/workspace/install/distance_interfaces/share/distance_interfaces/package.zsh'
[0.621s] Level 1:colcon.colcon_core.environment:create_file_with_runtime_dependencies(/home/fourfold/dev/inmind_final_project_test/workspace/install/distance_interfaces/share/colcon-core/packages/distance_interfaces)
[0.622s] INFO:colcon.colcon_ros.task.ament_cmake.build:Building ROS package in '/home/fourfold/dev/inmind_final_project_test/workspace/src/perception/distance_check' with build type 'ament_cmake'
[0.622s] INFO:colcon.colcon_cmake.task.cmake.build:Building CMake package in '/home/fourfold/dev/inmind_final_project_test/workspace/src/perception/distance_check'
[0.622s] INFO:colcon.colcon_core.shell:Skip shell extension 'powershell' for command environment: Not usable outside of PowerShell
[0.622s] DEBUG:colcon.colcon_core.shell:Skip shell extension 'dsv' for command environment
[0.624s] Level 1:colcon.colcon_core.environment:create_environment_scripts_only(detection_interfaces)
[0.624s] Level 1:colcon.colcon_core.environment:checking '/home/fourfold/dev/inmind_final_project_test/workspace/install/detection_interfaces' for CMake module files
[0.625s] Level 1:colcon.colcon_core.environment:checking '/home/fourfold/dev/inmind_final_project_test/workspace/install/detection_interfaces' for CMake config files
[0.625s] Level 1:colcon.colcon_core.shell:create_environment_hook('detection_interfaces', 'cmake_prefix_path')
[0.625s] INFO:colcon.colcon_core.shell:Creating environment hook '/home/fourfold/dev/inmind_final_project_test/workspace/install/detection_interfaces/share/detection_interfaces/hook/cmake_prefix_path.ps1'
[0.625s] INFO:colcon.colcon_core.shell:Creating environment descriptor '/home/fourfold/dev/inmind_final_project_test/workspace/install/detection_interfaces/share/detection_interfaces/hook/cmake_prefix_path.dsv'
[0.626s] INFO:colcon.colcon_core.shell:Creating environment hook '/home/fourfold/dev/inmind_final_project_test/workspace/install/detection_interfaces/share/detection_interfaces/hook/cmake_prefix_path.sh'
[0.626s] Level 1:colcon.colcon_core.environment:checking '/home/fourfold/dev/inmind_final_project_test/workspace/install/detection_interfaces/lib'
[0.626s] Level 1:colcon.colcon_core.shell:create_environment_hook('detection_interfaces', 'ld_library_path_lib')
[0.626s] INFO:colcon.colcon_core.shell:Creating environment hook '/home/fourfold/dev/inmind_final_project_test/workspace/install/detection_interfaces/share/detection_interfaces/hook/ld_library_path_lib.ps1'
[0.626s] INFO:colcon.colcon_core.shell:Creating environment descriptor '/home/fourfold/dev/inmind_final_project_test/workspace/install/detection_interfaces/share/detection_interfaces/hook/ld_library_path_lib.dsv'
[0.626s] INFO:colcon.colcon_core.shell:Creating environment hook '/home/fourfold/dev/inmind_final_project_test/workspace/install/detection_interfaces/share/detection_interfaces/hook/ld_library_path_lib.sh'
[0.627s] Level 1:colcon.colcon_core.environment:checking '/home/fourfold/dev/inmind_final_project_test/workspace/install/detection_interfaces/bin'
[0.627s] Level 1:colcon.colcon_core.environment:checking '/home/fourfold/dev/inmind_final_project_test/workspace/install/detection_interfaces/lib/pkgconfig/detection_interfaces.pc'
[0.627s] Level 1:colcon.colcon_core.environment:checking '/home/fourfold/dev/inmind_final_project_test/workspace/install/detection_interfaces/lib/python3.10/site-packages'
[0.627s] Level 1:colcon.colcon_core.environment:checking '/home/fourfold/dev/inmind_final_project_test/workspace/install/detection_interfaces/bin'
[0.627s] INFO:colcon.colcon_core.shell:Creating package script '/home/fourfold/dev/inmind_final_project_test/workspace/install/detection_interfaces/share/detection_interfaces/package.ps1'
[0.627s] INFO:colcon.colcon_core.shell:Creating package descriptor '/home/fourfold/dev/inmind_final_project_test/workspace/install/detection_interfaces/share/detection_interfaces/package.dsv'
[0.628s] INFO:colcon.colcon_core.shell:Creating package script '/home/fourfold/dev/inmind_final_project_test/workspace/install/detection_interfaces/share/detection_interfaces/package.sh'
[0.628s] INFO:colcon.colcon_core.shell:Creating package script '/home/fourfold/dev/inmind_final_project_test/workspace/install/detection_interfaces/share/detection_interfaces/package.bash'
[0.628s] INFO:colcon.colcon_core.shell:Creating package script '/home/fourfold/dev/inmind_final_project_test/workspace/install/detection_interfaces/share/detection_interfaces/package.zsh'
[0.628s] Level 1:colcon.colcon_core.environment:create_file_with_runtime_dependencies(/home/fourfold/dev/inmind_final_project_test/workspace/install/detection_interfaces/share/colcon-core/packages/detection_interfaces)
[0.629s] INFO:colcon.colcon_ros.task.ament_cmake.build:Building ROS package in '/home/fourfold/dev/inmind_final_project_test/workspace/src/perception/yellow_ball_finder' with build type 'ament_cmake'
[0.629s] INFO:colcon.colcon_cmake.task.cmake.build:Building CMake package in '/home/fourfold/dev/inmind_final_project_test/workspace/src/perception/yellow_ball_finder'
[0.629s] INFO:colcon.colcon_core.shell:Skip shell extension 'powershell' for command environment: Not usable outside of PowerShell
[0.629s] DEBUG:colcon.colcon_core.shell:Skip shell extension 'dsv' for command environment
[0.633s] DEBUG:colcon.colcon_core.event_handler.log_command:Invoking command in '/home/fourfold/dev/inmind_final_project_test/workspace/build/distance_check': AMENT_PREFIX_PATH=/home/fourfold/dev/inmind_final_project_test/workspace/install/distance_interfaces:${AMENT_PREFIX_PATH} CMAKE_PREFIX_PATH=/home/fourfold/dev/inmind_final_project_test/workspace/install/distance_interfaces:/home/fourfold/dev/inmind_final_project_test/workspace/install/main:/home/fourfold/dev/inmind_final_project_test/workspace/install/yellow_ball_finder:/home/fourfold/dev/inmind_final_project_test/workspace/install/distance_check:/home/fourfold/dev/inmind_final_project_test/workspace/install/detection_interfaces:/home/fourfold/dev/inmind_final_project_test/workspace/install/basic_navigation:/opt/ros/humble LD_LIBRARY_PATH=/home/fourfold/dev/inmind_final_project_test/workspace/install/distance_interfaces/lib:${LD_LIBRARY_PATH} PYTHONPATH=/home/fourfold/dev/inmind_final_project_test/workspace/install/distance_interfaces/local/lib/python3.10/dist-packages:${PYTHONPATH} /usr/bin/cmake --build /home/fourfold/dev/inmind_final_project_test/workspace/build/distance_check -- -j16 -l16
[0.636s] DEBUG:colcon.colcon_core.event_handler.log_command:Invoking command in '/home/fourfold/dev/inmind_final_project_test/workspace/build/yellow_ball_finder': CMAKE_PREFIX_PATH=/home/fourfold/dev/inmind_final_project_test/workspace/install/detection_interfaces:/home/fourfold/dev/inmind_final_project_test/workspace/install/main:/home/fourfold/dev/inmind_final_project_test/workspace/install/yellow_ball_finder:/home/fourfold/dev/inmind_final_project_test/workspace/install/distance_check:/home/fourfold/dev/inmind_final_project_test/workspace/install/basic_navigation:/opt/ros/humble /usr/bin/cmake --build /home/fourfold/dev/inmind_final_project_test/workspace/build/yellow_ball_finder -- -j16 -l16
[0.688s] DEBUG:colcon.colcon_core.event_handler.log_command:Invoked command in '/home/fourfold/dev/inmind_final_project_test/workspace/build/yellow_ball_finder' returned '0': CMAKE_PREFIX_PATH=/home/fourfold/dev/inmind_final_project_test/workspace/install/detection_interfaces:/home/fourfold/dev/inmind_final_project_test/workspace/install/main:/home/fourfold/dev/inmind_final_project_test/workspace/install/yellow_ball_finder:/home/fourfold/dev/inmind_final_project_test/workspace/install/distance_check:/home/fourfold/dev/inmind_final_project_test/workspace/install/basic_navigation:/opt/ros/humble /usr/bin/cmake --build /home/fourfold/dev/inmind_final_project_test/workspace/build/yellow_ball_finder -- -j16 -l16
[0.709s] DEBUG:colcon.colcon_core.event_handler.log_command:Invoking command in '/home/fourfold/dev/inmind_final_project_test/workspace/build/yellow_ball_finder': CMAKE_PREFIX_PATH=/home/fourfold/dev/inmind_final_project_test/workspace/install/detection_interfaces:/home/fourfold/dev/inmind_final_project_test/workspace/install/main:/home/fourfold/dev/inmind_final_project_test/workspace/install/yellow_ball_finder:/home/fourfold/dev/inmind_final_project_test/workspace/install/distance_check:/home/fourfold/dev/inmind_final_project_test/workspace/install/basic_navigation:/opt/ros/humble /usr/bin/cmake --install /home/fourfold/dev/inmind_final_project_test/workspace/build/yellow_ball_finder
[0.717s] Level 1:colcon.colcon_core.environment:create_environment_scripts_only(yellow_ball_finder)
[0.717s] DEBUG:colcon.colcon_core.event_handler.log_command:Invoked command in '/home/fourfold/dev/inmind_final_project_test/workspace/build/yellow_ball_finder' returned '0': CMAKE_PREFIX_PATH=/home/fourfold/dev/inmind_final_project_test/workspace/install/detection_interfaces:/home/fourfold/dev/inmind_final_project_test/workspace/install/main:/home/fourfold/dev/inmind_final_project_test/workspace/install/yellow_ball_finder:/home/fourfold/dev/inmind_final_project_test/workspace/install/distance_check:/home/fourfold/dev/inmind_final_project_test/workspace/install/basic_navigation:/opt/ros/humble /usr/bin/cmake --install /home/fourfold/dev/inmind_final_project_test/workspace/build/yellow_ball_finder
[0.718s] Level 1:colcon.colcon_core.environment:checking '/home/fourfold/dev/inmind_final_project_test/workspace/install/yellow_ball_finder' for CMake module files
[0.718s] Level 1:colcon.colcon_core.environment:checking '/home/fourfold/dev/inmind_final_project_test/workspace/install/yellow_ball_finder' for CMake config files
[0.718s] Level 1:colcon.colcon_core.shell:create_environment_hook('yellow_ball_finder', 'cmake_prefix_path')
[0.719s] INFO:colcon.colcon_core.shell:Creating environment hook '/home/fourfold/dev/inmind_final_project_test/workspace/install/yellow_ball_finder/share/yellow_ball_finder/hook/cmake_prefix_path.ps1'
[0.719s] INFO:colcon.colcon_core.shell:Creating environment descriptor '/home/fourfold/dev/inmind_final_project_test/workspace/install/yellow_ball_finder/share/yellow_ball_finder/hook/cmake_prefix_path.dsv'
[0.719s] INFO:colcon.colcon_core.shell:Creating environment hook '/home/fourfold/dev/inmind_final_project_test/workspace/install/yellow_ball_finder/share/yellow_ball_finder/hook/cmake_prefix_path.sh'
[0.720s] Level 1:colcon.colcon_core.environment:checking '/home/fourfold/dev/inmind_final_project_test/workspace/install/yellow_ball_finder/lib'
[0.720s] Level 1:colcon.colcon_core.environment:checking '/home/fourfold/dev/inmind_final_project_test/workspace/install/yellow_ball_finder/bin'
[0.720s] Level 1:colcon.colcon_core.environment:checking '/home/fourfold/dev/inmind_final_project_test/workspace/install/yellow_ball_finder/lib/pkgconfig/yellow_ball_finder.pc'
[0.720s] Level 1:colcon.colcon_core.environment:checking '/home/fourfold/dev/inmind_final_project_test/workspace/install/yellow_ball_finder/lib/python3.10/site-packages'
[0.720s] Level 1:colcon.colcon_core.environment:checking '/home/fourfold/dev/inmind_final_project_test/workspace/install/yellow_ball_finder/bin'
[0.720s] INFO:colcon.colcon_core.shell:Creating package script '/home/fourfold/dev/inmind_final_project_test/workspace/install/yellow_ball_finder/share/yellow_ball_finder/package.ps1'
[0.720s] INFO:colcon.colcon_core.shell:Creating package descriptor '/home/fourfold/dev/inmind_final_project_test/workspace/install/yellow_ball_finder/share/yellow_ball_finder/package.dsv'
[0.720s] INFO:colcon.colcon_core.shell:Creating package script '/home/fourfold/dev/inmind_final_project_test/workspace/install/yellow_ball_finder/share/yellow_ball_finder/package.sh'
[0.721s] INFO:colcon.colcon_core.shell:Creating package script '/home/fourfold/dev/inmind_final_project_test/workspace/install/yellow_ball_finder/share/yellow_ball_finder/package.bash'
[0.721s] INFO:colcon.colcon_core.shell:Creating package script '/home/fourfold/dev/inmind_final_project_test/workspace/install/yellow_ball_finder/share/yellow_ball_finder/package.zsh'
[0.721s] Level 1:colcon.colcon_core.environment:create_file_with_runtime_dependencies(/home/fourfold/dev/inmind_final_project_test/workspace/install/yellow_ball_finder/share/colcon-core/packages/yellow_ball_finder)
[0.741s] Level 1:colcon.colcon_core.environment:create_environment_scripts_only(yellow_ball_finder)
[0.741s] Level 1:colcon.colcon_core.environment:checking '/home/fourfold/dev/inmind_final_project_test/workspace/install/yellow_ball_finder' for CMake module files
[0.741s] Level 1:colcon.colcon_core.environment:checking '/home/fourfold/dev/inmind_final_project_test/workspace/install/yellow_ball_finder' for CMake config files
[0.742s] Level 1:colcon.colcon_core.shell:create_environment_hook('yellow_ball_finder', 'cmake_prefix_path')
[0.742s] INFO:colcon.colcon_core.shell:Creating environment hook '/home/fourfold/dev/inmind_final_project_test/workspace/install/yellow_ball_finder/share/yellow_ball_finder/hook/cmake_prefix_path.ps1'
[0.742s] INFO:colcon.colcon_core.shell:Creating environment descriptor '/home/fourfold/dev/inmind_final_project_test/workspace/install/yellow_ball_finder/share/yellow_ball_finder/hook/cmake_prefix_path.dsv'
[0.742s] INFO:colcon.colcon_core.shell:Creating environment hook '/home/fourfold/dev/inmind_final_project_test/workspace/install/yellow_ball_finder/share/yellow_ball_finder/hook/cmake_prefix_path.sh'
[0.743s] Level 1:colcon.colcon_core.environment:checking '/home/fourfold/dev/inmind_final_project_test/workspace/install/yellow_ball_finder/lib'
[0.743s] Level 1:colcon.colcon_core.environment:checking '/home/fourfold/dev/inmind_final_project_test/workspace/install/yellow_ball_finder/bin'
[0.743s] Level 1:colcon.colcon_core.environment:checking '/home/fourfold/dev/inmind_final_project_test/workspace/install/yellow_ball_finder/lib/pkgconfig/yellow_ball_finder.pc'
[0.743s] Level 1:colcon.colcon_core.environment:checking '/home/fourfold/dev/inmind_final_project_test/workspace/install/yellow_ball_finder/lib/python3.10/site-packages'
[0.743s] Level 1:colcon.colcon_core.environment:checking '/home/fourfold/dev/inmind_final_project_test/workspace/install/yellow_ball_finder/bin'
[0.743s] INFO:colcon.colcon_core.shell:Creating package script '/home/fourfold/dev/inmind_final_project_test/workspace/install/yellow_ball_finder/share/yellow_ball_finder/package.ps1'
[0.743s] INFO:colcon.colcon_core.shell:Creating package descriptor '/home/fourfold/dev/inmind_final_project_test/workspace/install/yellow_ball_finder/share/yellow_ball_finder/package.dsv'
[0.744s] INFO:colcon.colcon_core.shell:Creating package script '/home/fourfold/dev/inmind_final_project_test/workspace/install/yellow_ball_finder/share/yellow_ball_finder/package.sh'
[0.744s] INFO:colcon.colcon_core.shell:Creating package script '/home/fourfold/dev/inmind_final_project_test/workspace/install/yellow_ball_finder/share/yellow_ball_finder/package.bash'
[0.744s] INFO:colcon.colcon_core.shell:Creating package script '/home/fourfold/dev/inmind_final_project_test/workspace/install/yellow_ball_finder/share/yellow_ball_finder/package.zsh'
[0.744s] Level 1:colcon.colcon_core.environment:create_file_with_runtime_dependencies(/home/fourfold/dev/inmind_final_project_test/workspace/install/yellow_ball_finder/share/colcon-core/packages/yellow_ball_finder)
[6.291s] DEBUG:colcon.colcon_core.event_handler.log_command:Invoked command in '/home/fourfold/dev/inmind_final_project_test/workspace/build/distance_check' returned '0': AMENT_PREFIX_PATH=/home/fourfold/dev/inmind_final_project_test/workspace/install/distance_interfaces:${AMENT_PREFIX_PATH} CMAKE_PREFIX_PATH=/home/fourfold/dev/inmind_final_project_test/workspace/install/distance_interfaces:/home/fourfold/dev/inmind_final_project_test/workspace/install/main:/home/fourfold/dev/inmind_final_project_test/workspace/install/yellow_ball_finder:/home/fourfold/dev/inmind_final_project_test/workspace/install/distance_check:/home/fourfold/dev/inmind_final_project_test/workspace/install/detection_interfaces:/home/fourfold/dev/inmind_final_project_test/workspace/install/basic_navigation:/opt/ros/humble LD_LIBRARY_PATH=/home/fourfold/dev/inmind_final_project_test/workspace/install/distance_interfaces/lib:${LD_LIBRARY_PATH} PYTHONPATH=/home/fourfold/dev/inmind_final_project_test/workspace/install/distance_interfaces/local/lib/python3.10/dist-packages:${PYTHONPATH} /usr/bin/cmake --build /home/fourfold/dev/inmind_final_project_test/workspace/build/distance_check -- -j16 -l16
[6.310s] DEBUG:colcon.colcon_core.event_handler.log_command:Invoking command in '/home/fourfold/dev/inmind_final_project_test/workspace/build/distance_check': AMENT_PREFIX_PATH=/home/fourfold/dev/inmind_final_project_test/workspace/install/distance_interfaces:${AMENT_PREFIX_PATH} CMAKE_PREFIX_PATH=/home/fourfold/dev/inmind_final_project_test/workspace/install/distance_interfaces:/home/fourfold/dev/inmind_final_project_test/workspace/install/main:/home/fourfold/dev/inmind_final_project_test/workspace/install/yellow_ball_finder:/home/fourfold/dev/inmind_final_project_test/workspace/install/distance_check:/home/fourfold/dev/inmind_final_project_test/workspace/install/detection_interfaces:/home/fourfold/dev/inmind_final_project_test/workspace/install/basic_navigation:/opt/ros/humble LD_LIBRARY_PATH=/home/fourfold/dev/inmind_final_project_test/workspace/install/distance_interfaces/lib:${LD_LIBRARY_PATH} PYTHONPATH=/home/fourfold/dev/inmind_final_project_test/workspace/install/distance_interfaces/local/lib/python3.10/dist-packages:${PYTHONPATH} /usr/bin/cmake --install /home/fourfold/dev/inmind_final_project_test/workspace/build/distance_check
[6.319s] Level 1:colcon.colcon_core.environment:create_environment_scripts_only(distance_check)
[6.320s] Level 1:colcon.colcon_core.environment:checking '/home/fourfold/dev/inmind_final_project_test/workspace/install/distance_check' for CMake module files
[6.320s] DEBUG:colcon.colcon_core.event_handler.log_command:Invoked command in '/home/fourfold/dev/inmind_final_project_test/workspace/build/distance_check' returned '0': AMENT_PREFIX_PATH=/home/fourfold/dev/inmind_final_project_test/workspace/install/distance_interfaces:${AMENT_PREFIX_PATH} CMAKE_PREFIX_PATH=/home/fourfold/dev/inmind_final_project_test/workspace/install/distance_interfaces:/home/fourfold/dev/inmind_final_project_test/workspace/install/main:/home/fourfold/dev/inmind_final_project_test/workspace/install/yellow_ball_finder:/home/fourfold/dev/inmind_final_project_test/workspace/install/distance_check:/home/fourfold/dev/inmind_final_project_test/workspace/install/detection_interfaces:/home/fourfold/dev/inmind_final_project_test/workspace/install/basic_navigation:/opt/ros/humble LD_LIBRARY_PATH=/home/fourfold/dev/inmind_final_project_test/workspace/install/distance_interfaces/lib:${LD_LIBRARY_PATH} PYTHONPATH=/home/fourfold/dev/inmind_final_project_test/workspace/install/distance_interfaces/local/lib/python3.10/dist-packages:${PYTHONPATH} /usr/bin/cmake --install /home/fourfold/dev/inmind_final_project_test/workspace/build/distance_check
[6.320s] Level 1:colcon.colcon_core.environment:checking '/home/fourfold/dev/inmind_final_project_test/workspace/install/distance_check' for CMake config files
[6.320s] Level 1:colcon.colcon_core.shell:create_environment_hook('distance_check', 'cmake_prefix_path')
[6.320s] INFO:colcon.colcon_core.shell:Creating environment hook '/home/fourfold/dev/inmind_final_project_test/workspace/install/distance_check/share/distance_check/hook/cmake_prefix_path.ps1'
[6.321s] INFO:colcon.colcon_core.shell:Creating environment descriptor '/home/fourfold/dev/inmind_final_project_test/workspace/install/distance_check/share/distance_check/hook/cmake_prefix_path.dsv'
[6.321s] INFO:colcon.colcon_core.shell:Creating environment hook '/home/fourfold/dev/inmind_final_project_test/workspace/install/distance_check/share/distance_check/hook/cmake_prefix_path.sh'
[6.321s] Level 1:colcon.colcon_core.environment:checking '/home/fourfold/dev/inmind_final_project_test/workspace/install/distance_check/lib'
[6.321s] Level 1:colcon.colcon_core.environment:checking '/home/fourfold/dev/inmind_final_project_test/workspace/install/distance_check/bin'
[6.321s] Level 1:colcon.colcon_core.environment:checking '/home/fourfold/dev/inmind_final_project_test/workspace/install/distance_check/lib/pkgconfig/distance_check.pc'
[6.321s] Level 1:colcon.colcon_core.environment:checking '/home/fourfold/dev/inmind_final_project_test/workspace/install/distance_check/lib/python3.10/site-packages'
[6.321s] Level 1:colcon.colcon_core.environment:checking '/home/fourfold/dev/inmind_final_project_test/workspace/install/distance_check/bin'
[6.322s] INFO:colcon.colcon_core.shell:Creating package script '/home/fourfold/dev/inmind_final_project_test/workspace/install/distance_check/share/distance_check/package.ps1'
[6.322s] INFO:colcon.colcon_core.shell:Creating package descriptor '/home/fourfold/dev/inmind_final_project_test/workspace/install/distance_check/share/distance_check/package.dsv'
[6.322s] INFO:colcon.colcon_core.shell:Creating package script '/home/fourfold/dev/inmind_final_project_test/workspace/install/distance_check/share/distance_check/package.sh'
[6.322s] INFO:colcon.colcon_core.shell:Creating package script '/home/fourfold/dev/inmind_final_project_test/workspace/install/distance_check/share/distance_check/package.bash'
[6.322s] INFO:colcon.colcon_core.shell:Creating package script '/home/fourfold/dev/inmind_final_project_test/workspace/install/distance_check/share/distance_check/package.zsh'
[6.323s] Level 1:colcon.colcon_core.environment:create_file_with_runtime_dependencies(/home/fourfold/dev/inmind_final_project_test/workspace/install/distance_check/share/colcon-core/packages/distance_check)
[6.341s] Level 1:colcon.colcon_core.environment:create_environment_scripts_only(distance_check)
[6.341s] Level 1:colcon.colcon_core.environment:checking '/home/fourfold/dev/inmind_final_project_test/workspace/install/distance_check' for CMake module files
[6.342s] Level 1:colcon.colcon_core.environment:checking '/home/fourfold/dev/inmind_final_project_test/workspace/install/distance_check' for CMake config files
[6.342s] Level 1:colcon.colcon_core.shell:create_environment_hook('distance_check', 'cmake_prefix_path')
[6.342s] INFO:colcon.colcon_core.shell:Creating environment hook '/home/fourfold/dev/inmind_final_project_test/workspace/install/distance_check/share/distance_check/hook/cmake_prefix_path.ps1'
[6.342s] INFO:colcon.colcon_core.shell:Creating environment descriptor '/home/fourfold/dev/inmind_final_project_test/workspace/install/distance_check/share/distance_check/hook/cmake_prefix_path.dsv'
[6.342s] INFO:colcon.colcon_core.shell:Creating environment hook '/home/fourfold/dev/inmind_final_project_test/workspace/install/distance_check/share/distance_check/hook/cmake_prefix_path.sh'
[6.343s] Level 1:colcon.colcon_core.environment:checking '/home/fourfold/dev/inmind_final_project_test/workspace/install/distance_check/lib'
[6.343s] Level 1:colcon.colcon_core.environment:checking '/home/fourfold/dev/inmind_final_project_test/workspace/install/distance_check/bin'
[6.343s] Level 1:colcon.colcon_core.environment:checking '/home/fourfold/dev/inmind_final_project_test/workspace/install/distance_check/lib/pkgconfig/distance_check.pc'
[6.343s] Level 1:colcon.colcon_core.environment:checking '/home/fourfold/dev/inmind_final_project_test/workspace/install/distance_check/lib/python3.10/site-packages'
[6.343s] Level 1:colcon.colcon_core.environment:checking '/home/fourfold/dev/inmind_final_project_test/workspace/install/distance_check/bin'
[6.343s] INFO:colcon.colcon_core.shell:Creating package script '/home/fourfold/dev/inmind_final_project_test/workspace/install/distance_check/share/distance_check/package.ps1'
[6.344s] INFO:colcon.colcon_core.shell:Creating package descriptor '/home/fourfold/dev/inmind_final_project_test/workspace/install/distance_check/share/distance_check/package.dsv'
[6.344s] INFO:colcon.colcon_core.shell:Creating package script '/home/fourfold/dev/inmind_final_project_test/workspace/install/distance_check/share/distance_check/package.sh'
[6.344s] INFO:colcon.colcon_core.shell:Creating package script '/home/fourfold/dev/inmind_final_project_test/workspace/install/distance_check/share/distance_check/package.bash'
[6.344s] INFO:colcon.colcon_core.shell:Creating package script '/home/fourfold/dev/inmind_final_project_test/workspace/install/distance_check/share/distance_check/package.zsh'
[6.344s] Level 1:colcon.colcon_core.environment:create_file_with_runtime_dependencies(/home/fourfold/dev/inmind_final_project_test/workspace/install/distance_check/share/colcon-core/packages/distance_check)
[6.345s] INFO:colcon.colcon_ros.task.ament_cmake.build:Building ROS package in '/home/fourfold/dev/inmind_final_project_test/workspace/src/main/main' with build type 'ament_cmake'
[6.345s] INFO:colcon.colcon_cmake.task.cmake.build:Building CMake package in '/home/fourfold/dev/inmind_final_project_test/workspace/src/main/main'
[6.345s] INFO:colcon.colcon_core.shell:Skip shell extension 'powershell' for command environment: Not usable outside of PowerShell
[6.345s] DEBUG:colcon.colcon_core.shell:Skip shell extension 'dsv' for command environment
[6.355s] DEBUG:colcon.colcon_core.event_handler.log_command:Invoking command in '/home/fourfold/dev/inmind_final_project_test/workspace/build/main': AMENT_PREFIX_PATH=/home/fourfold/dev/inmind_final_project_test/workspace/install/distance_interfaces:${AMENT_PREFIX_PATH} CMAKE_PREFIX_PATH=/home/fourfold/dev/inmind_final_project_test/workspace/install/yellow_ball_finder:/home/fourfold/dev/inmind_final_project_test/workspace/install/distance_check:/home/fourfold/dev/inmind_final_project_test/workspace/install/distance_interfaces:/home/fourfold/dev/inmind_final_project_test/workspace/install/detection_interfaces:/home/fourfold/dev/inmind_final_project_test/workspace/install/basic_navigation:/home/fourfold/dev/inmind_final_project_test/workspace/install/main:/opt/ros/humble LD_LIBRARY_PATH=/home/fourfold/dev/inmind_final_project_test/workspace/install/distance_interfaces/lib:${LD_LIBRARY_PATH} PYTHONPATH=/home/fourfold/dev/inmind_final_project_test/workspace/install/distance_interfaces/local/lib/python3.10/dist-packages:${PYTHONPATH} /usr/bin/cmake --build /home/fourfold/dev/inmind_final_project_test/workspace/build/main -- -j16 -l16
[11.460s] DEBUG:colcon.colcon_core.event_handler.log_command:Invoked command in '/home/fourfold/dev/inmind_final_project_test/workspace/build/main' returned '0': AMENT_PREFIX_PATH=/home/fourfold/dev/inmind_final_project_test/workspace/install/distance_interfaces:${AMENT_PREFIX_PATH} CMAKE_PREFIX_PATH=/home/fourfold/dev/inmind_final_project_test/workspace/install/yellow_ball_finder:/home/fourfold/dev/inmind_final_project_test/workspace/install/distance_check:/home/fourfold/dev/inmind_final_project_test/workspace/install/distance_interfaces:/home/fourfold/dev/inmind_final_project_test/workspace/install/detection_interfaces:/home/fourfold/dev/inmind_final_project_test/workspace/install/basic_navigation:/home/fourfold/dev/inmind_final_project_test/workspace/install/main:/opt/ros/humble LD_LIBRARY_PATH=/home/fourfold/dev/inmind_final_project_test/workspace/install/distance_interfaces/lib:${LD_LIBRARY_PATH} PYTHONPATH=/home/fourfold/dev/inmind_final_project_test/workspace/install/distance_interfaces/local/lib/python3.10/dist-packages:${PYTHONPATH} /usr/bin/cmake --build /home/fourfold/dev/inmind_final_project_test/workspace/build/main -- -j16 -l16
[11.483s] DEBUG:colcon.colcon_core.event_handler.log_command:Invoking command in '/home/fourfold/dev/inmind_final_project_test/workspace/build/main': AMENT_PREFIX_PATH=/home/fourfold/dev/inmind_final_project_test/workspace/install/distance_interfaces:${AMENT_PREFIX_PATH} CMAKE_PREFIX_PATH=/home/fourfold/dev/inmind_final_project_test/workspace/install/yellow_ball_finder:/home/fourfold/dev/inmind_final_project_test/workspace/install/distance_check:/home/fourfold/dev/inmind_final_project_test/workspace/install/distance_interfaces:/home/fourfold/dev/inmind_final_project_test/workspace/install/detection_interfaces:/home/fourfold/dev/inmind_final_project_test/workspace/install/basic_navigation:/home/fourfold/dev/inmind_final_project_test/workspace/install/main:/opt/ros/humble LD_LIBRARY_PATH=/home/fourfold/dev/inmind_final_project_test/workspace/install/distance_interfaces/lib:${LD_LIBRARY_PATH} PYTHONPATH=/home/fourfold/dev/inmind_final_project_test/workspace/install/distance_interfaces/local/lib/python3.10/dist-packages:${PYTHONPATH} /usr/bin/cmake --install /home/fourfold/dev/inmind_final_project_test/workspace/build/main
[11.492s] Level 1:colcon.colcon_core.environment:create_environment_scripts_only(main)
[11.493s] Level 1:colcon.colcon_core.environment:checking '/home/fourfold/dev/inmind_final_project_test/workspace/install/main' for CMake module files
[11.493s] DEBUG:colcon.colcon_core.event_handler.log_command:Invoked command in '/home/fourfold/dev/inmind_final_project_test/workspace/build/main' returned '0': AMENT_PREFIX_PATH=/home/fourfold/dev/inmind_final_project_test/workspace/install/distance_interfaces:${AMENT_PREFIX_PATH} CMAKE_PREFIX_PATH=/home/fourfold/dev/inmind_final_project_test/workspace/install/yellow_ball_finder:/home/fourfold/dev/inmind_final_project_test/workspace/install/distance_check:/home/fourfold/dev/inmind_final_project_test/workspace/install/distance_interfaces:/home/fourfold/dev/inmind_final_project_test/workspace/install/detection_interfaces:/home/fourfold/dev/inmind_final_project_test/workspace/install/basic_navigation:/home/fourfold/dev/inmind_final_project_test/workspace/install/main:/opt/ros/humble LD_LIBRARY_PATH=/home/fourfold/dev/inmind_final_project_test/workspace/install/distance_interfaces/lib:${LD_LIBRARY_PATH} PYTHONPATH=/home/fourfold/dev/inmind_final_project_test/workspace/install/distance_interfaces/local/lib/python3.10/dist-packages:${PYTHONPATH} /usr/bin/cmake --install /home/fourfold/dev/inmind_final_project_test/workspace/build/main
[11.493s] Level 1:colcon.colcon_core.environment:checking '/home/fourfold/dev/inmind_final_project_test/workspace/install/main' for CMake config files
[11.493s] Level 1:colcon.colcon_core.shell:create_environment_hook('main', 'cmake_prefix_path')
[11.493s] INFO:colcon.colcon_core.shell:Creating environment hook '/home/fourfold/dev/inmind_final_project_test/workspace/install/main/share/main/hook/cmake_prefix_path.ps1'
[11.494s] INFO:colcon.colcon_core.shell:Creating environment descriptor '/home/fourfold/dev/inmind_final_project_test/workspace/install/main/share/main/hook/cmake_prefix_path.dsv'
[11.494s] INFO:colcon.colcon_core.shell:Creating environment hook '/home/fourfold/dev/inmind_final_project_test/workspace/install/main/share/main/hook/cmake_prefix_path.sh'
[11.494s] Level 1:colcon.colcon_core.environment:checking '/home/fourfold/dev/inmind_final_project_test/workspace/install/main/lib'
[11.494s] Level 1:colcon.colcon_core.environment:checking '/home/fourfold/dev/inmind_final_project_test/workspace/install/main/bin'
[11.494s] Level 1:colcon.colcon_core.environment:checking '/home/fourfold/dev/inmind_final_project_test/workspace/install/main/lib/pkgconfig/main.pc'
[11.495s] Level 1:colcon.colcon_core.environment:checking '/home/fourfold/dev/inmind_final_project_test/workspace/install/main/lib/python3.10/site-packages'
[11.495s] Level 1:colcon.colcon_core.environment:checking '/home/fourfold/dev/inmind_final_project_test/workspace/install/main/bin'
[11.495s] INFO:colcon.colcon_core.shell:Creating package script '/home/fourfold/dev/inmind_final_project_test/workspace/install/main/share/main/package.ps1'
[11.495s] INFO:colcon.colcon_core.shell:Creating package descriptor '/home/fourfold/dev/inmind_final_project_test/workspace/install/main/share/main/package.dsv'
[11.495s] INFO:colcon.colcon_core.shell:Creating package script '/home/fourfold/dev/inmind_final_project_test/workspace/install/main/share/main/package.sh'
[11.496s] INFO:colcon.colcon_core.shell:Creating package script '/home/fourfold/dev/inmind_final_project_test/workspace/install/main/share/main/package.bash'
[11.496s] INFO:colcon.colcon_core.shell:Creating package script '/home/fourfold/dev/inmind_final_project_test/workspace/install/main/share/main/package.zsh'
[11.496s] Level 1:colcon.colcon_core.environment:create_file_with_runtime_dependencies(/home/fourfold/dev/inmind_final_project_test/workspace/install/main/share/colcon-core/packages/main)
[11.519s] Level 1:colcon.colcon_core.environment:create_environment_scripts_only(main)
[11.520s] Level 1:colcon.colcon_core.environment:checking '/home/fourfold/dev/inmind_final_project_test/workspace/install/main' for CMake module files
[11.520s] Level 1:colcon.colcon_core.environment:checking '/home/fourfold/dev/inmind_final_project_test/workspace/install/main' for CMake config files
[11.520s] Level 1:colcon.colcon_core.shell:create_environment_hook('main', 'cmake_prefix_path')
[11.520s] INFO:colcon.colcon_core.shell:Creating environment hook '/home/fourfold/dev/inmind_final_project_test/workspace/install/main/share/main/hook/cmake_prefix_path.ps1'
[11.521s] INFO:colcon.colcon_core.shell:Creating environment descriptor '/home/fourfold/dev/inmind_final_project_test/workspace/install/main/share/main/hook/cmake_prefix_path.dsv'
[11.521s] INFO:colcon.colcon_core.shell:Creating environment hook '/home/fourfold/dev/inmind_final_project_test/workspace/install/main/share/main/hook/cmake_prefix_path.sh'
[11.522s] Level 1:colcon.colcon_core.environment:checking '/home/fourfold/dev/inmind_final_project_test/workspace/install/main/lib'
[11.522s] Level 1:colcon.colcon_core.environment:checking '/home/fourfold/dev/inmind_final_project_test/workspace/install/main/bin'
[11.522s] Level 1:colcon.colcon_core.environment:checking '/home/fourfold/dev/inmind_final_project_test/workspace/install/main/lib/pkgconfig/main.pc'
[11.522s] Level 1:colcon.colcon_core.environment:checking '/home/fourfold/dev/inmind_final_project_test/workspace/install/main/lib/python3.10/site-packages'
[11.522s] Level 1:colcon.colcon_core.environment:checking '/home/fourfold/dev/inmind_final_project_test/workspace/install/main/bin'
[11.522s] INFO:colcon.colcon_core.shell:Creating package script '/home/fourfold/dev/inmind_final_project_test/workspace/install/main/share/main/package.ps1'
[11.522s] INFO:colcon.colcon_core.shell:Creating package descriptor '/home/fourfold/dev/inmind_final_project_test/workspace/install/main/share/main/package.dsv'
[11.523s] INFO:colcon.colcon_core.shell:Creating package script '/home/fourfold/dev/inmind_final_project_test/workspace/install/main/share/main/package.sh'
[11.523s] INFO:colcon.colcon_core.shell:Creating package script '/home/fourfold/dev/inmind_final_project_test/workspace/install/main/share/main/package.bash'
[11.523s] INFO:colcon.colcon_core.shell:Creating package script '/home/fourfold/dev/inmind_final_project_test/workspace/install/main/share/main/package.zsh'
[11.523s] Level 1:colcon.colcon_core.environment:create_file_with_runtime_dependencies(/home/fourfold/dev/inmind_final_project_test/workspace/install/main/share/colcon-core/packages/main)
[11.523s] DEBUG:colcon.colcon_parallel_executor.executor.parallel:closing loop
[11.523s] DEBUG:colcon.colcon_parallel_executor.executor.parallel:loop closed
[11.523s] DEBUG:colcon.colcon_parallel_executor.executor.parallel:run_until_complete finished with '0'
[11.524s] DEBUG:colcon.colcon_core.event_reactor:joining thread
[11.527s] INFO:colcon.colcon_core.plugin_system:Skipping extension 'colcon_notification.desktop_notification.terminal_notifier': Not used on non-Darwin systems
[11.528s] INFO:colcon.colcon_core.plugin_system:Skipping extension 'colcon_notification.desktop_notification.win32': Not used on non-Windows systems
[11.528s] INFO:colcon.colcon_notification.desktop_notification:Sending desktop notification using 'notify2'
[11.541s] DEBUG:colcon.colcon_core.event_reactor:joined thread
[11.541s] INFO:colcon.colcon_core.shell:Creating prefix script '/home/fourfold/dev/inmind_final_project_test/workspace/install/local_setup.ps1'
[11.542s] INFO:colcon.colcon_core.shell:Creating prefix util module '/home/fourfold/dev/inmind_final_project_test/workspace/install/_local_setup_util_ps1.py'
[11.542s] INFO:colcon.colcon_core.shell:Creating prefix chain script '/home/fourfold/dev/inmind_final_project_test/workspace/install/setup.ps1'
[11.543s] INFO:colcon.colcon_core.shell:Creating prefix script '/home/fourfold/dev/inmind_final_project_test/workspace/install/local_setup.sh'
[11.543s] INFO:colcon.colcon_core.shell:Creating prefix util module '/home/fourfold/dev/inmind_final_project_test/workspace/install/_local_setup_util_sh.py'
[11.543s] INFO:colcon.colcon_core.shell:Creating prefix chain script '/home/fourfold/dev/inmind_final_project_test/workspace/install/setup.sh'
[11.544s] INFO:colcon.colcon_core.shell:Creating prefix script '/home/fourfold/dev/inmind_final_project_test/workspace/install/local_setup.bash'
[11.544s] INFO:colcon.colcon_core.shell:Creating prefix chain script '/home/fourfold/dev/inmind_final_project_test/workspace/install/setup.bash'
[11.545s] INFO:colcon.colcon_core.shell:Creating prefix script '/home/fourfold/dev/inmind_final_project_test/workspace/install/local_setup.zsh'
[11.545s] INFO:colcon.colcon_core.shell:Creating prefix chain script '/home/fourfold/dev/inmind_final_project_test/workspace/install/setup.zsh'
