-- The C compiler identification is GNU 11.4.0
-- The CXX compiler identification is GNU 11.4.0
-- Detecting C compiler ABI info
-- Detecting C compiler ABI info - done
-- Check for working C compiler: /usr/bin/cc - skipped
-- Detecting C compile features
-- Detecting C compile features - done
-- Detecting CXX compiler ABI info
-- Detecting CXX compiler ABI info - done
-- Check for working CXX compiler: /usr/bin/c++ - skipped
-- Detecting CXX compile features
-- Detecting CXX compile features - done
-- Found ament_cmake: 1.3.9 (/opt/ros/humble/share/ament_cmake/cmake)
-- Found Python3: /usr/bin/python3 (found version "3.10.12") found components: Interpreter 
-- Found rclcpp: 16.0.9 (/opt/ros/humble/share/rclcpp/cmake)
-- Found rosidl_generator_c: 3.1.5 (/opt/ros/humble/share/rosidl_generator_c/cmake)
-- Found rosidl_adapter: 3.1.5 (/opt/ros/humble/share/rosidl_adapter/cmake)
-- Found rosidl_generator_cpp: 3.1.5 (/opt/ros/humble/share/rosidl_generator_cpp/cmake)
-- Using all available rosidl_typesupport_c: rosidl_typesupport_fastrtps_c;rosidl_typesupport_introspection_c
-- Using all available rosidl_typesupport_cpp: rosidl_typesupport_fastrtps_cpp;rosidl_typesupport_introspection_cpp
-- Found rmw_implementation_cmake: 6.1.2 (/opt/ros/humble/share/rmw_implementation_cmake/cmake)
-- Found rmw_fastrtps_cpp: 6.2.6 (/opt/ros/humble/share/rmw_fastrtps_cpp/cmake)
-- Found OpenSSL: /usr/lib/x86_64-linux-gnu/libcrypto.so (found version "3.0.2")  
-- Found FastRTPS: /opt/ros/humble/include  
-- Using RMW implementation 'rmw_fastrtps_cpp' as default
-- Looking for pthread.h
-- Looking for pthread.h - found
-- Performing Test CMAKE_HAVE_LIBC_PTHREAD
-- Performing Test CMAKE_HAVE_LIBC_PTHREAD - Success
-- Found Threads: TRUE  
-- Found basic_navigation: 0.0.0 (/home/makramgh/Desktop/Pepsi-Bot/workspace/install/basic_navigation/share/basic_navigation/cmake)
-- Found yellow_ball_finder: 0.0.0 (/home/makramgh/Desktop/Pepsi-Bot/workspace/install/yellow_ball_finder/share/yellow_ball_finder/cmake)
-- Found object_finder: 0.0.0 (/home/makramgh/Desktop/Pepsi-Bot/workspace/install/object_finder/share/object_finder/cmake)
-- Found sensor_msgs: 4.2.4 (/opt/ros/humble/share/sensor_msgs/cmake)
-- Found cv_bridge: 3.2.1 (/opt/ros/humble/share/cv_bridge/cmake)
-- Found OpenCV: /usr (found version "4.5.4") 
-- Found detection_interfaces: 0.0.0 (/home/makramgh/Desktop/Pepsi-Bot/workspace/install/detection_interfaces/share/detection_interfaces/cmake)
-- Found rclcpp_action: 16.0.9 (/opt/ros/humble/share/rclcpp_action/cmake)
-- Found distance_interfaces: 0.0.0 (/home/makramgh/Desktop/Pepsi-Bot/workspace/install/distance_interfaces/share/distance_interfaces/cmake)
-- Found distance_check: 0.0.0 (/home/makramgh/Desktop/Pepsi-Bot/workspace/install/distance_check/share/distance_check/cmake)
-- Found ament_lint_auto: 0.12.11 (/opt/ros/humble/share/ament_lint_auto/cmake)
-- Added test 'cppcheck' to perform static code analysis on C / C++ code
-- Configured cppcheck include dirs: /home/makramgh/Desktop/Pepsi-Bot/workspace/src/main/main/include
-- Configured cppcheck exclude dirs and/or files: 
-- Added test 'lint_cmake' to check CMake code style
-- Added test 'uncrustify' to check C / C++ code style
-- Configured uncrustify additional arguments: 
-- Added test 'xmllint' to check XML markup files
-- Configuring done
-- Generating done
-- Build files have been written to: /home/makramgh/Desktop/Pepsi-Bot/workspace/build/main
[ 50%] [32mBuilding CXX object CMakeFiles/test_node.dir/src/test.cpp.o[0m
[ 50%] [32mBuilding CXX object CMakeFiles/main_node.dir/src/main.cpp.o[0m
[ 75%] [32m[1mLinking CXX executable test_node[0m
[ 75%] Built target test_node
[100%] [32m[1mLinking CXX executable main_node[0m
[100%] Built target main_node
-- Install configuration: ""
-- Installing: /home/makramgh/Desktop/Pepsi-Bot/workspace/install/main/lib/main/main_node
-- Set runtime path of "/home/makramgh/Desktop/Pepsi-Bot/workspace/install/main/lib/main/main_node" to ""
-- Installing: /home/makramgh/Desktop/Pepsi-Bot/workspace/install/main/lib/main/test_node
-- Set runtime path of "/home/makramgh/Desktop/Pepsi-Bot/workspace/install/main/lib/main/test_node" to ""
-- Installing: /home/makramgh/Desktop/Pepsi-Bot/workspace/install/main/share/ament_index/resource_index/package_run_dependencies/main
-- Installing: /home/makramgh/Desktop/Pepsi-Bot/workspace/install/main/share/ament_index/resource_index/parent_prefix_path/main
-- Installing: /home/makramgh/Desktop/Pepsi-Bot/workspace/install/main/share/main/environment/ament_prefix_path.sh
-- Installing: /home/makramgh/Desktop/Pepsi-Bot/workspace/install/main/share/main/environment/ament_prefix_path.dsv
-- Installing: /home/makramgh/Desktop/Pepsi-Bot/workspace/install/main/share/main/environment/path.sh
-- Installing: /home/makramgh/Desktop/Pepsi-Bot/workspace/install/main/share/main/environment/path.dsv
-- Installing: /home/makramgh/Desktop/Pepsi-Bot/workspace/install/main/share/main/local_setup.bash
-- Installing: /home/makramgh/Desktop/Pepsi-Bot/workspace/install/main/share/main/local_setup.sh
-- Installing: /home/makramgh/Desktop/Pepsi-Bot/workspace/install/main/share/main/local_setup.zsh
-- Installing: /home/makramgh/Desktop/Pepsi-Bot/workspace/install/main/share/main/local_setup.dsv
-- Installing: /home/makramgh/Desktop/Pepsi-Bot/workspace/install/main/share/main/package.dsv
-- Installing: /home/makramgh/Desktop/Pepsi-Bot/workspace/install/main/share/ament_index/resource_index/packages/main
-- Installing: /home/makramgh/Desktop/Pepsi-Bot/workspace/install/main/share/main/cmake/mainConfig.cmake
-- Installing: /home/makramgh/Desktop/Pepsi-Bot/workspace/install/main/share/main/cmake/mainConfig-version.cmake
-- Installing: /home/makramgh/Desktop/Pepsi-Bot/workspace/install/main/share/main/package.xml
