[0.015s] Invoking command in '/home/fourfold/dev/inmind_final_project_test/workspace/build/object_finder': CMAKE_PREFIX_PATH=${CMAKE_PREFIX_PATH}:/home/fourfold/dev/inmind_final_project_test/workspace/install/yolov8_webcam:/opt/ros/humble /usr/bin/cmake --build /home/fourfold/dev/inmind_final_project_test/workspace/build/object_finder -- -j16 -l16
[0.207s] Invoked command in '/home/fourfold/dev/inmind_final_project_test/workspace/build/object_finder' returned '0': CMAKE_PREFIX_PATH=${CMAKE_PREFIX_PATH}:/home/fourfold/dev/inmind_final_project_test/workspace/install/yolov8_webcam:/opt/ros/humble /usr/bin/cmake --build /home/fourfold/dev/inmind_final_project_test/workspace/build/object_finder -- -j16 -l16
[0.232s] Invoking command in '/home/fourfold/dev/inmind_final_project_test/workspace/build/object_finder': CMAKE_PREFIX_PATH=${CMAKE_PREFIX_PATH}:/home/fourfold/dev/inmind_final_project_test/workspace/install/yolov8_webcam:/opt/ros/humble /usr/bin/cmake --install /home/fourfold/dev/inmind_final_project_test/workspace/build/object_finder
[0.240s] -- Install configuration: ""
[0.240s] -- Up-to-date: /home/fourfold/dev/inmind_final_project_test/workspace/install/object_finder/share/ament_index/resource_index/package_run_dependencies/object_finder
[0.240s] -- Up-to-date: /home/fourfold/dev/inmind_final_project_test/workspace/install/object_finder/share/ament_index/resource_index/parent_prefix_path/object_finder
[0.240s] -- Up-to-date: /home/fourfold/dev/inmind_final_project_test/workspace/install/object_finder/share/object_finder/environment/ament_prefix_path.sh
[0.240s] -- Up-to-date: /home/fourfold/dev/inmind_final_project_test/workspace/install/object_finder/share/object_finder/environment/ament_prefix_path.dsv
[0.240s] -- Up-to-date: /home/fourfold/dev/inmind_final_project_test/workspace/install/object_finder/share/object_finder/environment/path.sh
[0.240s] -- Up-to-date: /home/fourfold/dev/inmind_final_project_test/workspace/install/object_finder/share/object_finder/environment/path.dsv
[0.240s] -- Up-to-date: /home/fourfold/dev/inmind_final_project_test/workspace/install/object_finder/share/object_finder/local_setup.bash
[0.240s] -- Up-to-date: /home/fourfold/dev/inmind_final_project_test/workspace/install/object_finder/share/object_finder/local_setup.sh
[0.240s] -- Up-to-date: /home/fourfold/dev/inmind_final_project_test/workspace/install/object_finder/share/object_finder/local_setup.zsh
[0.240s] -- Up-to-date: /home/fourfold/dev/inmind_final_project_test/workspace/install/object_finder/share/object_finder/local_setup.dsv
[0.240s] -- Up-to-date: /home/fourfold/dev/inmind_final_project_test/workspace/install/object_finder/share/object_finder/package.dsv
[0.240s] -- Up-to-date: /home/fourfold/dev/inmind_final_project_test/workspace/install/object_finder/share/ament_index/resource_index/packages/object_finder
[0.240s] -- Up-to-date: /home/fourfold/dev/inmind_final_project_test/workspace/install/object_finder/share/object_finder/cmake/object_finderConfig.cmake
[0.240s] -- Up-to-date: /home/fourfold/dev/inmind_final_project_test/workspace/install/object_finder/share/object_finder/cmake/object_finderConfig-version.cmake
[0.240s] -- Up-to-date: /home/fourfold/dev/inmind_final_project_test/workspace/install/object_finder/share/object_finder/package.xml
[0.251s] Invoked command in '/home/fourfold/dev/inmind_final_project_test/workspace/build/object_finder' returned '0': CMAKE_PREFIX_PATH=${CMAKE_PREFIX_PATH}:/home/fourfold/dev/inmind_final_project_test/workspace/install/yolov8_webcam:/opt/ros/humble /usr/bin/cmake --install /home/fourfold/dev/inmind_final_project_test/workspace/build/object_finder
