[0.010s] Invoking command in '/home/makramgh/Desktop/Pepsi-Bot/workspace/build/distance_check': AMENT_PREFIX_PATH=/home/makramgh/Desktop/Pepsi-Bot/workspace/install/distance_interfaces:${AMENT_PREFIX_PATH} CMAKE_PREFIX_PATH=/home/makramgh/Desktop/Pepsi-Bot/workspace/install/distance_interfaces:/opt/ros/humble LD_LIBRARY_PATH=/home/makramgh/Desktop/Pepsi-Bot/workspace/install/distance_interfaces/lib:${LD_LIBRARY_PATH} PYTHONPATH=/home/makramgh/Desktop/Pepsi-Bot/workspace/install/distance_interfaces/local/lib/python3.10/dist-packages:${PYTHONPATH} /usr/bin/cmake --build /home/makramgh/Desktop/Pepsi-Bot/workspace/build/distance_check -- -j12 -l12
[0.048s] [35m[1mConsolidate compiler generated dependencies of target distance_sensor_server[0m
[0.061s] [100%] Built target distance_sensor_server
[0.071s] Invoked command in '/home/makramgh/Desktop/Pepsi-Bot/workspace/build/distance_check' returned '0': AMENT_PREFIX_PATH=/home/makramgh/Desktop/Pepsi-Bot/workspace/install/distance_interfaces:${AMENT_PREFIX_PATH} CMAKE_PREFIX_PATH=/home/makramgh/Desktop/Pepsi-Bot/workspace/install/distance_interfaces:/opt/ros/humble LD_LIBRARY_PATH=/home/makramgh/Desktop/Pepsi-Bot/workspace/install/distance_interfaces/lib:${LD_LIBRARY_PATH} PYTHONPATH=/home/makramgh/Desktop/Pepsi-Bot/workspace/install/distance_interfaces/local/lib/python3.10/dist-packages:${PYTHONPATH} /usr/bin/cmake --build /home/makramgh/Desktop/Pepsi-Bot/workspace/build/distance_check -- -j12 -l12
[0.097s] Invoking command in '/home/makramgh/Desktop/Pepsi-Bot/workspace/build/distance_check': AMENT_PREFIX_PATH=/home/makramgh/Desktop/Pepsi-Bot/workspace/install/distance_interfaces:${AMENT_PREFIX_PATH} CMAKE_PREFIX_PATH=/home/makramgh/Desktop/Pepsi-Bot/workspace/install/distance_interfaces:/opt/ros/humble LD_LIBRARY_PATH=/home/makramgh/Desktop/Pepsi-Bot/workspace/install/distance_interfaces/lib:${LD_LIBRARY_PATH} PYTHONPATH=/home/makramgh/Desktop/Pepsi-Bot/workspace/install/distance_interfaces/local/lib/python3.10/dist-packages:${PYTHONPATH} /usr/bin/cmake --install /home/makramgh/Desktop/Pepsi-Bot/workspace/build/distance_check
[0.103s] -- Install configuration: ""
[0.104s] -- Up-to-date: /home/makramgh/Desktop/Pepsi-Bot/workspace/install/distance_check/include/
[0.104s] -- Up-to-date: /home/makramgh/Desktop/Pepsi-Bot/workspace/install/distance_check/include//distance_check
[0.104s] -- Up-to-date: /home/makramgh/Desktop/Pepsi-Bot/workspace/install/distance_check/include//distance_check/distance_sensor_server.h
[0.104s] -- Up-to-date: /home/makramgh/Desktop/Pepsi-Bot/workspace/install/distance_check/include//distance_check/gripper_object_at_correct_distance.h
[0.104s] -- Up-to-date: /home/makramgh/Desktop/Pepsi-Bot/workspace/install/distance_check/lib/distance_check/distance_sensor_server
[0.104s] -- Up-to-date: /home/makramgh/Desktop/Pepsi-Bot/workspace/install/distance_check/share/ament_index/resource_index/package_run_dependencies/distance_check
[0.104s] -- Up-to-date: /home/makramgh/Desktop/Pepsi-Bot/workspace/install/distance_check/share/ament_index/resource_index/parent_prefix_path/distance_check
[0.105s] -- Up-to-date: /home/makramgh/Desktop/Pepsi-Bot/workspace/install/distance_check/share/distance_check/environment/ament_prefix_path.sh
[0.105s] -- Up-to-date: /home/makramgh/Desktop/Pepsi-Bot/workspace/install/distance_check/share/distance_check/environment/ament_prefix_path.dsv
[0.105s] -- Up-to-date: /home/makramgh/Desktop/Pepsi-Bot/workspace/install/distance_check/share/distance_check/environment/path.sh
[0.105s] -- Up-to-date: /home/makramgh/Desktop/Pepsi-Bot/workspace/install/distance_check/share/distance_check/environment/path.dsv
[0.105s] -- Up-to-date: /home/makramgh/Desktop/Pepsi-Bot/workspace/install/distance_check/share/distance_check/local_setup.bash
[0.106s] -- Up-to-date: /home/makramgh/Desktop/Pepsi-Bot/workspace/install/distance_check/share/distance_check/local_setup.sh
[0.106s] -- Up-to-date: /home/makramgh/Desktop/Pepsi-Bot/workspace/install/distance_check/share/distance_check/local_setup.zsh
[0.107s] -- Up-to-date: /home/makramgh/Desktop/Pepsi-Bot/workspace/install/distance_check/share/distance_check/local_setup.dsv
[0.107s] -- Installing: /home/makramgh/Desktop/Pepsi-Bot/workspace/install/distance_check/share/distance_check/package.dsv
[0.107s] -- Up-to-date: /home/makramgh/Desktop/Pepsi-Bot/workspace/install/distance_check/share/ament_index/resource_index/packages/distance_check
[0.107s] -- Up-to-date: /home/makramgh/Desktop/Pepsi-Bot/workspace/install/distance_check/share/distance_check/cmake/ament_cmake_export_include_directories-extras.cmake
[0.107s] -- Up-to-date: /home/makramgh/Desktop/Pepsi-Bot/workspace/install/distance_check/share/distance_check/cmake/distance_checkConfig.cmake
[0.107s] -- Up-to-date: /home/makramgh/Desktop/Pepsi-Bot/workspace/install/distance_check/share/distance_check/cmake/distance_checkConfig-version.cmake
[0.107s] -- Up-to-date: /home/makramgh/Desktop/Pepsi-Bot/workspace/install/distance_check/share/distance_check/package.xml
[0.107s] Invoked command in '/home/makramgh/Desktop/Pepsi-Bot/workspace/build/distance_check' returned '0': AMENT_PREFIX_PATH=/home/makramgh/Desktop/Pepsi-Bot/workspace/install/distance_interfaces:${AMENT_PREFIX_PATH} CMAKE_PREFIX_PATH=/home/makramgh/Desktop/Pepsi-Bot/workspace/install/distance_interfaces:/opt/ros/humble LD_LIBRARY_PATH=/home/makramgh/Desktop/Pepsi-Bot/workspace/install/distance_interfaces/lib:${LD_LIBRARY_PATH} PYTHONPATH=/home/makramgh/Desktop/Pepsi-Bot/workspace/install/distance_interfaces/local/lib/python3.10/dist-packages:${PYTHONPATH} /usr/bin/cmake --install /home/makramgh/Desktop/Pepsi-Bot/workspace/build/distance_check
