[0.057s] DEBUG:colcon:Command line arguments: ['/usr/bin/colcon', 'build']
[0.057s] DEBUG:colcon:Parsed command line arguments: Namespace(log_base=None, log_level=None, verb_name='build', build_base='build', install_base='install', merge_install=False, symlink_install=False, test_result_base=None, continue_on_error=False, executor='parallel', parallel_workers=16, event_handlers=None, ignore_user_meta=False, metas=['./colcon.meta'], base_paths=['.'], packages_ignore=None, packages_ignore_regex=None, paths=None, packages_up_to=None, packages_up_to_regex=None, packages_above=None, packages_above_and_dependencies=None, packages_above_depth=None, packages_select_by_dep=None, packages_skip_by_dep=None, packages_skip_up_to=None, packages_select_build_failed=False, packages_skip_build_finished=False, packages_select_test_failures=False, packages_skip_test_passed=False, packages_select=None, packages_skip=None, packages_select_regex=None, packages_skip_regex=None, packages_start=None, packages_end=None, allow_overriding=[], cmake_args=None, cmake_target=None, cmake_target_skip_unavailable=False, cmake_clean_cache=False, cmake_clean_first=False, cmake_force_configure=False, ament_cmake_args=None, catkin_cmake_args=None, catkin_skip_building_tests=False, mixin_files=None, mixin=None, verb_parser=<colcon_mixin.mixin.mixin_argument.MixinArgumentDecorator object at 0x7b79434262c0>, verb_extension=<colcon_core.verb.build.BuildVerb object at 0x7b7943425e10>, main=<bound method BuildVerb.main of <colcon_core.verb.build.BuildVerb object at 0x7b7943425e10>>, mixin_verb=('build',))
[0.141s] Level 1:colcon.colcon_core.package_discovery:discover_packages(colcon_meta) check parameters
[0.141s] Level 1:colcon.colcon_core.package_discovery:discover_packages(recursive) check parameters
[0.141s] Level 1:colcon.colcon_core.package_discovery:discover_packages(ignore) check parameters
[0.141s] Level 1:colcon.colcon_core.package_discovery:discover_packages(path) check parameters
[0.141s] Level 1:colcon.colcon_core.package_discovery:discover_packages(colcon_meta) discover
[0.141s] Level 1:colcon.colcon_core.package_discovery:discover_packages(recursive) discover
[0.141s] INFO:colcon.colcon_core.package_discovery:Crawling recursively for packages in '/home/fourfold/dev/inmind_final_project_test/workspace'
[0.141s] Level 1:colcon.colcon_core.package_identification:_identify(.) by extensions ['ignore', 'ignore_ament_install']
[0.141s] Level 1:colcon.colcon_core.package_identification:_identify(.) by extension 'ignore'
[0.141s] Level 1:colcon.colcon_core.package_identification:_identify(.) by extension 'ignore_ament_install'
[0.141s] Level 1:colcon.colcon_core.package_identification:_identify(.) by extensions ['colcon_pkg']
[0.141s] Level 1:colcon.colcon_core.package_identification:_identify(.) by extension 'colcon_pkg'
[0.141s] Level 1:colcon.colcon_core.package_identification:_identify(.) by extensions ['colcon_meta']
[0.141s] Level 1:colcon.colcon_core.package_identification:_identify(.) by extension 'colcon_meta'
[0.141s] Level 1:colcon.colcon_core.package_identification:_identify(.) by extensions ['ros']
[0.141s] Level 1:colcon.colcon_core.package_identification:_identify(.) by extension 'ros'
[0.148s] Level 1:colcon.colcon_core.package_identification:_identify(.) by extensions ['cmake', 'python']
[0.148s] Level 1:colcon.colcon_core.package_identification:_identify(.) by extension 'cmake'
[0.148s] Level 1:colcon.colcon_core.package_identification:_identify(.) by extension 'python'
[0.148s] Level 1:colcon.colcon_core.package_identification:_identify(.) by extensions ['python_setup_py']
[0.148s] Level 1:colcon.colcon_core.package_identification:_identify(.) by extension 'python_setup_py'
[0.148s] Level 1:colcon.colcon_core.package_identification:_identify(build) by extensions ['ignore', 'ignore_ament_install']
[0.148s] Level 1:colcon.colcon_core.package_identification:_identify(build) by extension 'ignore'
[0.148s] Level 1:colcon.colcon_core.package_identification:_identify(build) ignored
[0.148s] Level 1:colcon.colcon_core.package_identification:_identify(install) by extensions ['ignore', 'ignore_ament_install']
[0.148s] Level 1:colcon.colcon_core.package_identification:_identify(install) by extension 'ignore'
[0.148s] Level 1:colcon.colcon_core.package_identification:_identify(install) ignored
[0.148s] Level 1:colcon.colcon_core.package_identification:_identify(log) by extensions ['ignore', 'ignore_ament_install']
[0.148s] Level 1:colcon.colcon_core.package_identification:_identify(log) by extension 'ignore'
[0.148s] Level 1:colcon.colcon_core.package_identification:_identify(log) ignored
[0.148s] Level 1:colcon.colcon_core.package_identification:_identify(src) by extensions ['ignore', 'ignore_ament_install']
[0.148s] Level 1:colcon.colcon_core.package_identification:_identify(src) by extension 'ignore'
[0.148s] Level 1:colcon.colcon_core.package_identification:_identify(src) by extension 'ignore_ament_install'
[0.148s] Level 1:colcon.colcon_core.package_identification:_identify(src) by extensions ['colcon_pkg']
[0.148s] Level 1:colcon.colcon_core.package_identification:_identify(src) by extension 'colcon_pkg'
[0.148s] Level 1:colcon.colcon_core.package_identification:_identify(src) by extensions ['colcon_meta']
[0.148s] Level 1:colcon.colcon_core.package_identification:_identify(src) by extension 'colcon_meta'
[0.148s] Level 1:colcon.colcon_core.package_identification:_identify(src) by extensions ['ros']
[0.148s] Level 1:colcon.colcon_core.package_identification:_identify(src) by extension 'ros'
[0.148s] Level 1:colcon.colcon_core.package_identification:_identify(src) by extensions ['cmake', 'python']
[0.148s] Level 1:colcon.colcon_core.package_identification:_identify(src) by extension 'cmake'
[0.148s] Level 1:colcon.colcon_core.package_identification:_identify(src) by extension 'python'
[0.148s] Level 1:colcon.colcon_core.package_identification:_identify(src) by extensions ['python_setup_py']
[0.148s] Level 1:colcon.colcon_core.package_identification:_identify(src) by extension 'python_setup_py'
[0.149s] Level 1:colcon.colcon_core.package_identification:_identify(src/main) by extensions ['ignore', 'ignore_ament_install']
[0.149s] Level 1:colcon.colcon_core.package_identification:_identify(src/main) by extension 'ignore'
[0.149s] Level 1:colcon.colcon_core.package_identification:_identify(src/main) by extension 'ignore_ament_install'
[0.149s] Level 1:colcon.colcon_core.package_identification:_identify(src/main) by extensions ['colcon_pkg']
[0.149s] Level 1:colcon.colcon_core.package_identification:_identify(src/main) by extension 'colcon_pkg'
[0.149s] Level 1:colcon.colcon_core.package_identification:_identify(src/main) by extensions ['colcon_meta']
[0.149s] Level 1:colcon.colcon_core.package_identification:_identify(src/main) by extension 'colcon_meta'
[0.149s] Level 1:colcon.colcon_core.package_identification:_identify(src/main) by extensions ['ros']
[0.149s] Level 1:colcon.colcon_core.package_identification:_identify(src/main) by extension 'ros'
[0.149s] Level 1:colcon.colcon_core.package_identification:_identify(src/main) by extensions ['cmake', 'python']
[0.149s] Level 1:colcon.colcon_core.package_identification:_identify(src/main) by extension 'cmake'
[0.149s] Level 1:colcon.colcon_core.package_identification:_identify(src/main) by extension 'python'
[0.149s] Level 1:colcon.colcon_core.package_identification:_identify(src/main) by extensions ['python_setup_py']
[0.149s] Level 1:colcon.colcon_core.package_identification:_identify(src/main) by extension 'python_setup_py'
[0.149s] Level 1:colcon.colcon_core.package_identification:_identify(src/main/main) by extensions ['ignore', 'ignore_ament_install']
[0.149s] Level 1:colcon.colcon_core.package_identification:_identify(src/main/main) by extension 'ignore'
[0.149s] Level 1:colcon.colcon_core.package_identification:_identify(src/main/main) by extension 'ignore_ament_install'
[0.149s] Level 1:colcon.colcon_core.package_identification:_identify(src/main/main) by extensions ['colcon_pkg']
[0.149s] Level 1:colcon.colcon_core.package_identification:_identify(src/main/main) by extension 'colcon_pkg'
[0.149s] Level 1:colcon.colcon_core.package_identification:_identify(src/main/main) by extensions ['colcon_meta']
[0.149s] Level 1:colcon.colcon_core.package_identification:_identify(src/main/main) by extension 'colcon_meta'
[0.149s] Level 1:colcon.colcon_core.package_identification:_identify(src/main/main) by extensions ['ros']
[0.149s] Level 1:colcon.colcon_core.package_identification:_identify(src/main/main) by extension 'ros'
[0.151s] DEBUG:colcon.colcon_core.package_identification:Package 'src/main/main' with type 'ros.ament_cmake' and name 'main'
[0.151s] Level 1:colcon.colcon_core.package_identification:_identify(src/navigation) by extensions ['ignore', 'ignore_ament_install']
[0.151s] Level 1:colcon.colcon_core.package_identification:_identify(src/navigation) by extension 'ignore'
[0.151s] Level 1:colcon.colcon_core.package_identification:_identify(src/navigation) by extension 'ignore_ament_install'
[0.151s] Level 1:colcon.colcon_core.package_identification:_identify(src/navigation) by extensions ['colcon_pkg']
[0.151s] Level 1:colcon.colcon_core.package_identification:_identify(src/navigation) by extension 'colcon_pkg'
[0.151s] Level 1:colcon.colcon_core.package_identification:_identify(src/navigation) by extensions ['colcon_meta']
[0.151s] Level 1:colcon.colcon_core.package_identification:_identify(src/navigation) by extension 'colcon_meta'
[0.151s] Level 1:colcon.colcon_core.package_identification:_identify(src/navigation) by extensions ['ros']
[0.151s] Level 1:colcon.colcon_core.package_identification:_identify(src/navigation) by extension 'ros'
[0.151s] Level 1:colcon.colcon_core.package_identification:_identify(src/navigation) by extensions ['cmake', 'python']
[0.151s] Level 1:colcon.colcon_core.package_identification:_identify(src/navigation) by extension 'cmake'
[0.151s] Level 1:colcon.colcon_core.package_identification:_identify(src/navigation) by extension 'python'
[0.151s] Level 1:colcon.colcon_core.package_identification:_identify(src/navigation) by extensions ['python_setup_py']
[0.151s] Level 1:colcon.colcon_core.package_identification:_identify(src/navigation) by extension 'python_setup_py'
[0.151s] Level 1:colcon.colcon_core.package_identification:_identify(src/navigation/basic_navigation) by extensions ['ignore', 'ignore_ament_install']
[0.151s] Level 1:colcon.colcon_core.package_identification:_identify(src/navigation/basic_navigation) by extension 'ignore'
[0.151s] Level 1:colcon.colcon_core.package_identification:_identify(src/navigation/basic_navigation) by extension 'ignore_ament_install'
[0.151s] Level 1:colcon.colcon_core.package_identification:_identify(src/navigation/basic_navigation) by extensions ['colcon_pkg']
[0.151s] Level 1:colcon.colcon_core.package_identification:_identify(src/navigation/basic_navigation) by extension 'colcon_pkg'
[0.151s] Level 1:colcon.colcon_core.package_identification:_identify(src/navigation/basic_navigation) by extensions ['colcon_meta']
[0.151s] Level 1:colcon.colcon_core.package_identification:_identify(src/navigation/basic_navigation) by extension 'colcon_meta'
[0.151s] Level 1:colcon.colcon_core.package_identification:_identify(src/navigation/basic_navigation) by extensions ['ros']
[0.151s] Level 1:colcon.colcon_core.package_identification:_identify(src/navigation/basic_navigation) by extension 'ros'
[0.152s] DEBUG:colcon.colcon_core.package_identification:Package 'src/navigation/basic_navigation' with type 'ros.ament_cmake' and name 'basic_navigation'
[0.152s] Level 1:colcon.colcon_core.package_identification:_identify(src/perception) by extensions ['ignore', 'ignore_ament_install']
[0.152s] Level 1:colcon.colcon_core.package_identification:_identify(src/perception) by extension 'ignore'
[0.152s] Level 1:colcon.colcon_core.package_identification:_identify(src/perception) by extension 'ignore_ament_install'
[0.152s] Level 1:colcon.colcon_core.package_identification:_identify(src/perception) by extensions ['colcon_pkg']
[0.152s] Level 1:colcon.colcon_core.package_identification:_identify(src/perception) by extension 'colcon_pkg'
[0.152s] Level 1:colcon.colcon_core.package_identification:_identify(src/perception) by extensions ['colcon_meta']
[0.152s] Level 1:colcon.colcon_core.package_identification:_identify(src/perception) by extension 'colcon_meta'
[0.152s] Level 1:colcon.colcon_core.package_identification:_identify(src/perception) by extensions ['ros']
[0.152s] Level 1:colcon.colcon_core.package_identification:_identify(src/perception) by extension 'ros'
[0.152s] Level 1:colcon.colcon_core.package_identification:_identify(src/perception) by extensions ['cmake', 'python']
[0.152s] Level 1:colcon.colcon_core.package_identification:_identify(src/perception) by extension 'cmake'
[0.152s] Level 1:colcon.colcon_core.package_identification:_identify(src/perception) by extension 'python'
[0.152s] Level 1:colcon.colcon_core.package_identification:_identify(src/perception) by extensions ['python_setup_py']
[0.152s] Level 1:colcon.colcon_core.package_identification:_identify(src/perception) by extension 'python_setup_py'
[0.152s] Level 1:colcon.colcon_core.package_identification:_identify(src/perception/yellow_ball_finder) by extensions ['ignore', 'ignore_ament_install']
[0.152s] Level 1:colcon.colcon_core.package_identification:_identify(src/perception/yellow_ball_finder) by extension 'ignore'
[0.152s] Level 1:colcon.colcon_core.package_identification:_identify(src/perception/yellow_ball_finder) by extension 'ignore_ament_install'
[0.152s] Level 1:colcon.colcon_core.package_identification:_identify(src/perception/yellow_ball_finder) by extensions ['colcon_pkg']
[0.152s] Level 1:colcon.colcon_core.package_identification:_identify(src/perception/yellow_ball_finder) by extension 'colcon_pkg'
[0.152s] Level 1:colcon.colcon_core.package_identification:_identify(src/perception/yellow_ball_finder) by extensions ['colcon_meta']
[0.152s] Level 1:colcon.colcon_core.package_identification:_identify(src/perception/yellow_ball_finder) by extension 'colcon_meta'
[0.152s] Level 1:colcon.colcon_core.package_identification:_identify(src/perception/yellow_ball_finder) by extensions ['ros']
[0.152s] Level 1:colcon.colcon_core.package_identification:_identify(src/perception/yellow_ball_finder) by extension 'ros'
[0.153s] DEBUG:colcon.colcon_core.package_identification:Package 'src/perception/yellow_ball_finder' with type 'ros.ament_cmake' and name 'yellow_ball_finder'
[0.153s] Level 1:colcon.colcon_core.package_discovery:discover_packages(recursive) using defaults
[0.153s] Level 1:colcon.colcon_core.package_discovery:discover_packages(ignore) discover
[0.153s] Level 1:colcon.colcon_core.package_discovery:discover_packages(ignore) using defaults
[0.153s] Level 1:colcon.colcon_core.package_discovery:discover_packages(path) discover
[0.153s] Level 1:colcon.colcon_core.package_discovery:discover_packages(path) using defaults
[0.166s] Level 1:colcon.colcon_core.package_discovery:discover_packages(prefix_path) check parameters
[0.167s] Level 1:colcon.colcon_core.package_discovery:discover_packages(prefix_path) discover
[0.167s] DEBUG:colcon.colcon_installed_package_information.package_discovery:Found 3 installed packages in /home/fourfold/dev/inmind_final_project_test/workspace/install
[0.168s] DEBUG:colcon.colcon_installed_package_information.package_discovery:Found 323 installed packages in /opt/ros/humble
[0.175s] Level 1:colcon.colcon_core.package_discovery:discover_packages(prefix_path) using defaults
[0.198s] Level 5:colcon.colcon_core.verb:set package 'basic_navigation' build argument 'cmake_args' from command line to 'None'
[0.198s] Level 5:colcon.colcon_core.verb:set package 'basic_navigation' build argument 'cmake_target' from command line to 'None'
[0.198s] Level 5:colcon.colcon_core.verb:set package 'basic_navigation' build argument 'cmake_target_skip_unavailable' from command line to 'False'
[0.198s] Level 5:colcon.colcon_core.verb:set package 'basic_navigation' build argument 'cmake_clean_cache' from command line to 'False'
[0.198s] Level 5:colcon.colcon_core.verb:set package 'basic_navigation' build argument 'cmake_clean_first' from command line to 'False'
[0.198s] Level 5:colcon.colcon_core.verb:set package 'basic_navigation' build argument 'cmake_force_configure' from command line to 'False'
[0.198s] Level 5:colcon.colcon_core.verb:set package 'basic_navigation' build argument 'ament_cmake_args' from command line to 'None'
[0.199s] Level 5:colcon.colcon_core.verb:set package 'basic_navigation' build argument 'catkin_cmake_args' from command line to 'None'
[0.199s] Level 5:colcon.colcon_core.verb:set package 'basic_navigation' build argument 'catkin_skip_building_tests' from command line to 'False'
[0.199s] DEBUG:colcon.colcon_core.verb:Building package 'basic_navigation' with the following arguments: {'ament_cmake_args': None, 'build_base': '/home/fourfold/dev/inmind_final_project_test/workspace/build/basic_navigation', 'catkin_cmake_args': None, 'catkin_skip_building_tests': False, 'cmake_args': None, 'cmake_clean_cache': False, 'cmake_clean_first': False, 'cmake_force_configure': False, 'cmake_target': None, 'cmake_target_skip_unavailable': False, 'install_base': '/home/fourfold/dev/inmind_final_project_test/workspace/install/basic_navigation', 'merge_install': False, 'path': '/home/fourfold/dev/inmind_final_project_test/workspace/src/navigation/basic_navigation', 'symlink_install': False, 'test_result_base': None}
[0.199s] Level 5:colcon.colcon_core.verb:set package 'yellow_ball_finder' build argument 'cmake_args' from command line to 'None'
[0.199s] Level 5:colcon.colcon_core.verb:set package 'yellow_ball_finder' build argument 'cmake_target' from command line to 'None'
[0.199s] Level 5:colcon.colcon_core.verb:set package 'yellow_ball_finder' build argument 'cmake_target_skip_unavailable' from command line to 'False'
[0.199s] Level 5:colcon.colcon_core.verb:set package 'yellow_ball_finder' build argument 'cmake_clean_cache' from command line to 'False'
[0.199s] Level 5:colcon.colcon_core.verb:set package 'yellow_ball_finder' build argument 'cmake_clean_first' from command line to 'False'
[0.199s] Level 5:colcon.colcon_core.verb:set package 'yellow_ball_finder' build argument 'cmake_force_configure' from command line to 'False'
[0.199s] Level 5:colcon.colcon_core.verb:set package 'yellow_ball_finder' build argument 'ament_cmake_args' from command line to 'None'
[0.199s] Level 5:colcon.colcon_core.verb:set package 'yellow_ball_finder' build argument 'catkin_cmake_args' from command line to 'None'
[0.199s] Level 5:colcon.colcon_core.verb:set package 'yellow_ball_finder' build argument 'catkin_skip_building_tests' from command line to 'False'
[0.199s] DEBUG:colcon.colcon_core.verb:Building package 'yellow_ball_finder' with the following arguments: {'ament_cmake_args': None, 'build_base': '/home/fourfold/dev/inmind_final_project_test/workspace/build/yellow_ball_finder', 'catkin_cmake_args': None, 'catkin_skip_building_tests': False, 'cmake_args': None, 'cmake_clean_cache': False, 'cmake_clean_first': False, 'cmake_force_configure': False, 'cmake_target': None, 'cmake_target_skip_unavailable': False, 'install_base': '/home/fourfold/dev/inmind_final_project_test/workspace/install/yellow_ball_finder', 'merge_install': False, 'path': '/home/fourfold/dev/inmind_final_project_test/workspace/src/perception/yellow_ball_finder', 'symlink_install': False, 'test_result_base': None}
[0.199s] Level 5:colcon.colcon_core.verb:set package 'main' build argument 'cmake_args' from command line to 'None'
[0.199s] Level 5:colcon.colcon_core.verb:set package 'main' build argument 'cmake_target' from command line to 'None'
[0.199s] Level 5:colcon.colcon_core.verb:set package 'main' build argument 'cmake_target_skip_unavailable' from command line to 'False'
[0.199s] Level 5:colcon.colcon_core.verb:set package 'main' build argument 'cmake_clean_cache' from command line to 'False'
[0.199s] Level 5:colcon.colcon_core.verb:set package 'main' build argument 'cmake_clean_first' from command line to 'False'
[0.199s] Level 5:colcon.colcon_core.verb:set package 'main' build argument 'cmake_force_configure' from command line to 'False'
[0.199s] Level 5:colcon.colcon_core.verb:set package 'main' build argument 'ament_cmake_args' from command line to 'None'
[0.199s] Level 5:colcon.colcon_core.verb:set package 'main' build argument 'catkin_cmake_args' from command line to 'None'
[0.200s] Level 5:colcon.colcon_core.verb:set package 'main' build argument 'catkin_skip_building_tests' from command line to 'False'
[0.200s] DEBUG:colcon.colcon_core.verb:Building package 'main' with the following arguments: {'ament_cmake_args': None, 'build_base': '/home/fourfold/dev/inmind_final_project_test/workspace/build/main', 'catkin_cmake_args': None, 'catkin_skip_building_tests': False, 'cmake_args': None, 'cmake_clean_cache': False, 'cmake_clean_first': False, 'cmake_force_configure': False, 'cmake_target': None, 'cmake_target_skip_unavailable': False, 'install_base': '/home/fourfold/dev/inmind_final_project_test/workspace/install/main', 'merge_install': False, 'path': '/home/fourfold/dev/inmind_final_project_test/workspace/src/main/main', 'symlink_install': False, 'test_result_base': None}
[0.200s] INFO:colcon.colcon_core.executor:Executing jobs using 'parallel' executor
[0.200s] DEBUG:colcon.colcon_parallel_executor.executor.parallel:run_until_complete
[0.200s] INFO:colcon.colcon_ros.task.ament_cmake.build:Building ROS package in '/home/fourfold/dev/inmind_final_project_test/workspace/src/navigation/basic_navigation' with build type 'ament_cmake'
[0.201s] INFO:colcon.colcon_cmake.task.cmake.build:Building CMake package in '/home/fourfold/dev/inmind_final_project_test/workspace/src/navigation/basic_navigation'
[0.202s] INFO:colcon.colcon_core.plugin_system:Skipping extension 'colcon_core.shell.bat': Not used on non-Windows systems
[0.202s] INFO:colcon.colcon_core.shell:Skip shell extension 'powershell' for command environment: Not usable outside of PowerShell
[0.202s] DEBUG:colcon.colcon_core.shell:Skip shell extension 'dsv' for command environment
[0.204s] INFO:colcon.colcon_ros.task.ament_cmake.build:Building ROS package in '/home/fourfold/dev/inmind_final_project_test/workspace/src/perception/yellow_ball_finder' with build type 'ament_cmake'
[0.204s] INFO:colcon.colcon_cmake.task.cmake.build:Building CMake package in '/home/fourfold/dev/inmind_final_project_test/workspace/src/perception/yellow_ball_finder'
[0.204s] INFO:colcon.colcon_core.shell:Skip shell extension 'powershell' for command environment: Not usable outside of PowerShell
[0.204s] DEBUG:colcon.colcon_core.shell:Skip shell extension 'dsv' for command environment
[0.209s] DEBUG:colcon.colcon_core.event_handler.log_command:Invoking command in '/home/fourfold/dev/inmind_final_project_test/workspace/build/basic_navigation': CMAKE_PREFIX_PATH=${CMAKE_PREFIX_PATH}:/opt/ros/humble /usr/bin/cmake --build /home/fourfold/dev/inmind_final_project_test/workspace/build/basic_navigation -- -j16 -l16
[0.211s] DEBUG:colcon.colcon_core.event_handler.log_command:Invoking command in '/home/fourfold/dev/inmind_final_project_test/workspace/build/yellow_ball_finder': CMAKE_PREFIX_PATH=${CMAKE_PREFIX_PATH}:/opt/ros/humble /usr/bin/cmake --build /home/fourfold/dev/inmind_final_project_test/workspace/build/yellow_ball_finder -- -j16 -l16
[0.236s] DEBUG:colcon.colcon_core.event_handler.log_command:Invoked command in '/home/fourfold/dev/inmind_final_project_test/workspace/build/basic_navigation' returned '0': CMAKE_PREFIX_PATH=${CMAKE_PREFIX_PATH}:/opt/ros/humble /usr/bin/cmake --build /home/fourfold/dev/inmind_final_project_test/workspace/build/basic_navigation -- -j16 -l16
[0.253s] DEBUG:colcon.colcon_core.event_handler.log_command:Invoking command in '/home/fourfold/dev/inmind_final_project_test/workspace/build/basic_navigation': CMAKE_PREFIX_PATH=${CMAKE_PREFIX_PATH}:/opt/ros/humble /usr/bin/cmake --install /home/fourfold/dev/inmind_final_project_test/workspace/build/basic_navigation
[0.259s] Level 1:colcon.colcon_core.environment:create_environment_scripts_only(basic_navigation)
[0.259s] DEBUG:colcon.colcon_core.event_handler.log_command:Invoked command in '/home/fourfold/dev/inmind_final_project_test/workspace/build/basic_navigation' returned '0': CMAKE_PREFIX_PATH=${CMAKE_PREFIX_PATH}:/opt/ros/humble /usr/bin/cmake --install /home/fourfold/dev/inmind_final_project_test/workspace/build/basic_navigation
[0.260s] Level 1:colcon.colcon_core.environment:checking '/home/fourfold/dev/inmind_final_project_test/workspace/install/basic_navigation' for CMake module files
[0.261s] Level 1:colcon.colcon_core.environment:checking '/home/fourfold/dev/inmind_final_project_test/workspace/install/basic_navigation' for CMake config files
[0.261s] Level 1:colcon.colcon_core.shell:create_environment_hook('basic_navigation', 'cmake_prefix_path')
[0.261s] INFO:colcon.colcon_core.shell:Creating environment hook '/home/fourfold/dev/inmind_final_project_test/workspace/install/basic_navigation/share/basic_navigation/hook/cmake_prefix_path.ps1'
[0.261s] INFO:colcon.colcon_core.shell:Creating environment descriptor '/home/fourfold/dev/inmind_final_project_test/workspace/install/basic_navigation/share/basic_navigation/hook/cmake_prefix_path.dsv'
[0.262s] INFO:colcon.colcon_core.shell:Creating environment hook '/home/fourfold/dev/inmind_final_project_test/workspace/install/basic_navigation/share/basic_navigation/hook/cmake_prefix_path.sh'
[0.262s] Level 1:colcon.colcon_core.environment:checking '/home/fourfold/dev/inmind_final_project_test/workspace/install/basic_navigation/lib'
[0.262s] Level 1:colcon.colcon_core.environment:checking '/home/fourfold/dev/inmind_final_project_test/workspace/install/basic_navigation/bin'
[0.262s] Level 1:colcon.colcon_core.environment:checking '/home/fourfold/dev/inmind_final_project_test/workspace/install/basic_navigation/lib/pkgconfig/basic_navigation.pc'
[0.262s] Level 1:colcon.colcon_core.environment:checking '/home/fourfold/dev/inmind_final_project_test/workspace/install/basic_navigation/lib/python3.10/site-packages'
[0.263s] Level 1:colcon.colcon_core.environment:checking '/home/fourfold/dev/inmind_final_project_test/workspace/install/basic_navigation/bin'
[0.263s] INFO:colcon.colcon_core.shell:Creating package script '/home/fourfold/dev/inmind_final_project_test/workspace/install/basic_navigation/share/basic_navigation/package.ps1'
[0.263s] INFO:colcon.colcon_core.shell:Creating package descriptor '/home/fourfold/dev/inmind_final_project_test/workspace/install/basic_navigation/share/basic_navigation/package.dsv'
[0.264s] INFO:colcon.colcon_core.shell:Creating package script '/home/fourfold/dev/inmind_final_project_test/workspace/install/basic_navigation/share/basic_navigation/package.sh'
[0.264s] INFO:colcon.colcon_core.shell:Creating package script '/home/fourfold/dev/inmind_final_project_test/workspace/install/basic_navigation/share/basic_navigation/package.bash'
[0.264s] INFO:colcon.colcon_core.shell:Creating package script '/home/fourfold/dev/inmind_final_project_test/workspace/install/basic_navigation/share/basic_navigation/package.zsh'
[0.265s] Level 1:colcon.colcon_core.environment:create_file_with_runtime_dependencies(/home/fourfold/dev/inmind_final_project_test/workspace/install/basic_navigation/share/colcon-core/packages/basic_navigation)
[0.279s] Level 1:colcon.colcon_core.environment:create_environment_scripts_only(basic_navigation)
[0.279s] Level 1:colcon.colcon_core.environment:checking '/home/fourfold/dev/inmind_final_project_test/workspace/install/basic_navigation' for CMake module files
[0.280s] Level 1:colcon.colcon_core.environment:checking '/home/fourfold/dev/inmind_final_project_test/workspace/install/basic_navigation' for CMake config files
[0.280s] Level 1:colcon.colcon_core.shell:create_environment_hook('basic_navigation', 'cmake_prefix_path')
[0.280s] INFO:colcon.colcon_core.shell:Creating environment hook '/home/fourfold/dev/inmind_final_project_test/workspace/install/basic_navigation/share/basic_navigation/hook/cmake_prefix_path.ps1'
[0.280s] INFO:colcon.colcon_core.shell:Creating environment descriptor '/home/fourfold/dev/inmind_final_project_test/workspace/install/basic_navigation/share/basic_navigation/hook/cmake_prefix_path.dsv'
[0.280s] INFO:colcon.colcon_core.shell:Creating environment hook '/home/fourfold/dev/inmind_final_project_test/workspace/install/basic_navigation/share/basic_navigation/hook/cmake_prefix_path.sh'
[0.281s] Level 1:colcon.colcon_core.environment:checking '/home/fourfold/dev/inmind_final_project_test/workspace/install/basic_navigation/lib'
[0.281s] Level 1:colcon.colcon_core.environment:checking '/home/fourfold/dev/inmind_final_project_test/workspace/install/basic_navigation/bin'
[0.281s] Level 1:colcon.colcon_core.environment:checking '/home/fourfold/dev/inmind_final_project_test/workspace/install/basic_navigation/lib/pkgconfig/basic_navigation.pc'
[0.281s] Level 1:colcon.colcon_core.environment:checking '/home/fourfold/dev/inmind_final_project_test/workspace/install/basic_navigation/lib/python3.10/site-packages'
[0.281s] Level 1:colcon.colcon_core.environment:checking '/home/fourfold/dev/inmind_final_project_test/workspace/install/basic_navigation/bin'
[0.281s] INFO:colcon.colcon_core.shell:Creating package script '/home/fourfold/dev/inmind_final_project_test/workspace/install/basic_navigation/share/basic_navigation/package.ps1'
[0.281s] INFO:colcon.colcon_core.shell:Creating package descriptor '/home/fourfold/dev/inmind_final_project_test/workspace/install/basic_navigation/share/basic_navigation/package.dsv'
[0.282s] INFO:colcon.colcon_core.shell:Creating package script '/home/fourfold/dev/inmind_final_project_test/workspace/install/basic_navigation/share/basic_navigation/package.sh'
[0.282s] INFO:colcon.colcon_core.shell:Creating package script '/home/fourfold/dev/inmind_final_project_test/workspace/install/basic_navigation/share/basic_navigation/package.bash'
[0.282s] INFO:colcon.colcon_core.shell:Creating package script '/home/fourfold/dev/inmind_final_project_test/workspace/install/basic_navigation/share/basic_navigation/package.zsh'
[0.282s] Level 1:colcon.colcon_core.environment:create_file_with_runtime_dependencies(/home/fourfold/dev/inmind_final_project_test/workspace/install/basic_navigation/share/colcon-core/packages/basic_navigation)
[5.799s] DEBUG:colcon.colcon_core.event_handler.log_command:Invoked command in '/home/fourfold/dev/inmind_final_project_test/workspace/build/yellow_ball_finder' returned '0': CMAKE_PREFIX_PATH=${CMAKE_PREFIX_PATH}:/opt/ros/humble /usr/bin/cmake --build /home/fourfold/dev/inmind_final_project_test/workspace/build/yellow_ball_finder -- -j16 -l16
[5.820s] DEBUG:colcon.colcon_core.event_handler.log_command:Invoking command in '/home/fourfold/dev/inmind_final_project_test/workspace/build/yellow_ball_finder': CMAKE_PREFIX_PATH=${CMAKE_PREFIX_PATH}:/opt/ros/humble /usr/bin/cmake --install /home/fourfold/dev/inmind_final_project_test/workspace/build/yellow_ball_finder
[5.828s] Level 1:colcon.colcon_core.environment:create_environment_scripts_only(yellow_ball_finder)
[5.828s] Level 1:colcon.colcon_core.environment:checking '/home/fourfold/dev/inmind_final_project_test/workspace/install/yellow_ball_finder' for CMake module files
[5.828s] DEBUG:colcon.colcon_core.event_handler.log_command:Invoked command in '/home/fourfold/dev/inmind_final_project_test/workspace/build/yellow_ball_finder' returned '0': CMAKE_PREFIX_PATH=${CMAKE_PREFIX_PATH}:/opt/ros/humble /usr/bin/cmake --install /home/fourfold/dev/inmind_final_project_test/workspace/build/yellow_ball_finder
[5.829s] Level 1:colcon.colcon_core.environment:checking '/home/fourfold/dev/inmind_final_project_test/workspace/install/yellow_ball_finder' for CMake config files
[5.829s] Level 1:colcon.colcon_core.shell:create_environment_hook('yellow_ball_finder', 'cmake_prefix_path')
[5.829s] INFO:colcon.colcon_core.shell:Creating environment hook '/home/fourfold/dev/inmind_final_project_test/workspace/install/yellow_ball_finder/share/yellow_ball_finder/hook/cmake_prefix_path.ps1'
[5.829s] INFO:colcon.colcon_core.shell:Creating environment descriptor '/home/fourfold/dev/inmind_final_project_test/workspace/install/yellow_ball_finder/share/yellow_ball_finder/hook/cmake_prefix_path.dsv'
[5.829s] INFO:colcon.colcon_core.shell:Creating environment hook '/home/fourfold/dev/inmind_final_project_test/workspace/install/yellow_ball_finder/share/yellow_ball_finder/hook/cmake_prefix_path.sh'
[5.830s] Level 1:colcon.colcon_core.environment:checking '/home/fourfold/dev/inmind_final_project_test/workspace/install/yellow_ball_finder/lib'
[5.830s] Level 1:colcon.colcon_core.environment:checking '/home/fourfold/dev/inmind_final_project_test/workspace/install/yellow_ball_finder/bin'
[5.830s] Level 1:colcon.colcon_core.environment:checking '/home/fourfold/dev/inmind_final_project_test/workspace/install/yellow_ball_finder/lib/pkgconfig/yellow_ball_finder.pc'
[5.830s] Level 1:colcon.colcon_core.environment:checking '/home/fourfold/dev/inmind_final_project_test/workspace/install/yellow_ball_finder/lib/python3.10/site-packages'
[5.830s] Level 1:colcon.colcon_core.environment:checking '/home/fourfold/dev/inmind_final_project_test/workspace/install/yellow_ball_finder/bin'
[5.830s] INFO:colcon.colcon_core.shell:Creating package script '/home/fourfold/dev/inmind_final_project_test/workspace/install/yellow_ball_finder/share/yellow_ball_finder/package.ps1'
[5.830s] INFO:colcon.colcon_core.shell:Creating package descriptor '/home/fourfold/dev/inmind_final_project_test/workspace/install/yellow_ball_finder/share/yellow_ball_finder/package.dsv'
[5.830s] INFO:colcon.colcon_core.shell:Creating package script '/home/fourfold/dev/inmind_final_project_test/workspace/install/yellow_ball_finder/share/yellow_ball_finder/package.sh'
[5.831s] INFO:colcon.colcon_core.shell:Creating package script '/home/fourfold/dev/inmind_final_project_test/workspace/install/yellow_ball_finder/share/yellow_ball_finder/package.bash'
[5.831s] INFO:colcon.colcon_core.shell:Creating package script '/home/fourfold/dev/inmind_final_project_test/workspace/install/yellow_ball_finder/share/yellow_ball_finder/package.zsh'
[5.831s] Level 1:colcon.colcon_core.environment:create_file_with_runtime_dependencies(/home/fourfold/dev/inmind_final_project_test/workspace/install/yellow_ball_finder/share/colcon-core/packages/yellow_ball_finder)
[5.849s] Level 1:colcon.colcon_core.environment:create_environment_scripts_only(yellow_ball_finder)
[5.849s] Level 1:colcon.colcon_core.environment:checking '/home/fourfold/dev/inmind_final_project_test/workspace/install/yellow_ball_finder' for CMake module files
[5.850s] Level 1:colcon.colcon_core.environment:checking '/home/fourfold/dev/inmind_final_project_test/workspace/install/yellow_ball_finder' for CMake config files
[5.850s] Level 1:colcon.colcon_core.shell:create_environment_hook('yellow_ball_finder', 'cmake_prefix_path')
[5.850s] INFO:colcon.colcon_core.shell:Creating environment hook '/home/fourfold/dev/inmind_final_project_test/workspace/install/yellow_ball_finder/share/yellow_ball_finder/hook/cmake_prefix_path.ps1'
[5.850s] INFO:colcon.colcon_core.shell:Creating environment descriptor '/home/fourfold/dev/inmind_final_project_test/workspace/install/yellow_ball_finder/share/yellow_ball_finder/hook/cmake_prefix_path.dsv'
[5.850s] INFO:colcon.colcon_core.shell:Creating environment hook '/home/fourfold/dev/inmind_final_project_test/workspace/install/yellow_ball_finder/share/yellow_ball_finder/hook/cmake_prefix_path.sh'
[5.851s] Level 1:colcon.colcon_core.environment:checking '/home/fourfold/dev/inmind_final_project_test/workspace/install/yellow_ball_finder/lib'
[5.851s] Level 1:colcon.colcon_core.environment:checking '/home/fourfold/dev/inmind_final_project_test/workspace/install/yellow_ball_finder/bin'
[5.851s] Level 1:colcon.colcon_core.environment:checking '/home/fourfold/dev/inmind_final_project_test/workspace/install/yellow_ball_finder/lib/pkgconfig/yellow_ball_finder.pc'
[5.851s] Level 1:colcon.colcon_core.environment:checking '/home/fourfold/dev/inmind_final_project_test/workspace/install/yellow_ball_finder/lib/python3.10/site-packages'
[5.851s] Level 1:colcon.colcon_core.environment:checking '/home/fourfold/dev/inmind_final_project_test/workspace/install/yellow_ball_finder/bin'
[5.851s] INFO:colcon.colcon_core.shell:Creating package script '/home/fourfold/dev/inmind_final_project_test/workspace/install/yellow_ball_finder/share/yellow_ball_finder/package.ps1'
[5.851s] INFO:colcon.colcon_core.shell:Creating package descriptor '/home/fourfold/dev/inmind_final_project_test/workspace/install/yellow_ball_finder/share/yellow_ball_finder/package.dsv'
[5.852s] INFO:colcon.colcon_core.shell:Creating package script '/home/fourfold/dev/inmind_final_project_test/workspace/install/yellow_ball_finder/share/yellow_ball_finder/package.sh'
[5.852s] INFO:colcon.colcon_core.shell:Creating package script '/home/fourfold/dev/inmind_final_project_test/workspace/install/yellow_ball_finder/share/yellow_ball_finder/package.bash'
[5.852s] INFO:colcon.colcon_core.shell:Creating package script '/home/fourfold/dev/inmind_final_project_test/workspace/install/yellow_ball_finder/share/yellow_ball_finder/package.zsh'
[5.852s] Level 1:colcon.colcon_core.environment:create_file_with_runtime_dependencies(/home/fourfold/dev/inmind_final_project_test/workspace/install/yellow_ball_finder/share/colcon-core/packages/yellow_ball_finder)
[5.852s] INFO:colcon.colcon_ros.task.ament_cmake.build:Building ROS package in '/home/fourfold/dev/inmind_final_project_test/workspace/src/main/main' with build type 'ament_cmake'
[5.852s] INFO:colcon.colcon_cmake.task.cmake.build:Building CMake package in '/home/fourfold/dev/inmind_final_project_test/workspace/src/main/main'
[5.853s] INFO:colcon.colcon_core.shell:Skip shell extension 'powershell' for command environment: Not usable outside of PowerShell
[5.853s] DEBUG:colcon.colcon_core.shell:Skip shell extension 'dsv' for command environment
[5.858s] DEBUG:colcon.colcon_core.event_handler.log_command:Invoking command in '/home/fourfold/dev/inmind_final_project_test/workspace/build/main': CMAKE_PREFIX_PATH=/home/fourfold/dev/inmind_final_project_test/workspace/install/yellow_ball_finder:/home/fourfold/dev/inmind_final_project_test/workspace/install/basic_navigation:/home/fourfold/dev/inmind_final_project_test/workspace/install/main:/opt/ros/humble /usr/bin/cmake --build /home/fourfold/dev/inmind_final_project_test/workspace/build/main -- -j16 -l16
[10.382s] DEBUG:colcon.colcon_core.event_handler.log_command:Invoked command in '/home/fourfold/dev/inmind_final_project_test/workspace/build/main' returned '0': CMAKE_PREFIX_PATH=/home/fourfold/dev/inmind_final_project_test/workspace/install/yellow_ball_finder:/home/fourfold/dev/inmind_final_project_test/workspace/install/basic_navigation:/home/fourfold/dev/inmind_final_project_test/workspace/install/main:/opt/ros/humble /usr/bin/cmake --build /home/fourfold/dev/inmind_final_project_test/workspace/build/main -- -j16 -l16
[10.400s] DEBUG:colcon.colcon_core.event_handler.log_command:Invoking command in '/home/fourfold/dev/inmind_final_project_test/workspace/build/main': CMAKE_PREFIX_PATH=/home/fourfold/dev/inmind_final_project_test/workspace/install/yellow_ball_finder:/home/fourfold/dev/inmind_final_project_test/workspace/install/basic_navigation:/home/fourfold/dev/inmind_final_project_test/workspace/install/main:/opt/ros/humble /usr/bin/cmake --install /home/fourfold/dev/inmind_final_project_test/workspace/build/main
[10.408s] Level 1:colcon.colcon_core.environment:create_environment_scripts_only(main)
[10.408s] Level 1:colcon.colcon_core.environment:checking '/home/fourfold/dev/inmind_final_project_test/workspace/install/main' for CMake module files
[10.409s] DEBUG:colcon.colcon_core.event_handler.log_command:Invoked command in '/home/fourfold/dev/inmind_final_project_test/workspace/build/main' returned '0': CMAKE_PREFIX_PATH=/home/fourfold/dev/inmind_final_project_test/workspace/install/yellow_ball_finder:/home/fourfold/dev/inmind_final_project_test/workspace/install/basic_navigation:/home/fourfold/dev/inmind_final_project_test/workspace/install/main:/opt/ros/humble /usr/bin/cmake --install /home/fourfold/dev/inmind_final_project_test/workspace/build/main
[10.409s] Level 1:colcon.colcon_core.environment:checking '/home/fourfold/dev/inmind_final_project_test/workspace/install/main' for CMake config files
[10.409s] Level 1:colcon.colcon_core.shell:create_environment_hook('main', 'cmake_prefix_path')
[10.409s] INFO:colcon.colcon_core.shell:Creating environment hook '/home/fourfold/dev/inmind_final_project_test/workspace/install/main/share/main/hook/cmake_prefix_path.ps1'
[10.409s] INFO:colcon.colcon_core.shell:Creating environment descriptor '/home/fourfold/dev/inmind_final_project_test/workspace/install/main/share/main/hook/cmake_prefix_path.dsv'
[10.409s] INFO:colcon.colcon_core.shell:Creating environment hook '/home/fourfold/dev/inmind_final_project_test/workspace/install/main/share/main/hook/cmake_prefix_path.sh'
[10.410s] Level 1:colcon.colcon_core.environment:checking '/home/fourfold/dev/inmind_final_project_test/workspace/install/main/lib'
[10.410s] Level 1:colcon.colcon_core.environment:checking '/home/fourfold/dev/inmind_final_project_test/workspace/install/main/bin'
[10.410s] Level 1:colcon.colcon_core.environment:checking '/home/fourfold/dev/inmind_final_project_test/workspace/install/main/lib/pkgconfig/main.pc'
[10.410s] Level 1:colcon.colcon_core.environment:checking '/home/fourfold/dev/inmind_final_project_test/workspace/install/main/lib/python3.10/site-packages'
[10.410s] Level 1:colcon.colcon_core.environment:checking '/home/fourfold/dev/inmind_final_project_test/workspace/install/main/bin'
[10.410s] INFO:colcon.colcon_core.shell:Creating package script '/home/fourfold/dev/inmind_final_project_test/workspace/install/main/share/main/package.ps1'
[10.411s] INFO:colcon.colcon_core.shell:Creating package descriptor '/home/fourfold/dev/inmind_final_project_test/workspace/install/main/share/main/package.dsv'
[10.411s] INFO:colcon.colcon_core.shell:Creating package script '/home/fourfold/dev/inmind_final_project_test/workspace/install/main/share/main/package.sh'
[10.411s] INFO:colcon.colcon_core.shell:Creating package script '/home/fourfold/dev/inmind_final_project_test/workspace/install/main/share/main/package.bash'
[10.411s] INFO:colcon.colcon_core.shell:Creating package script '/home/fourfold/dev/inmind_final_project_test/workspace/install/main/share/main/package.zsh'
[10.411s] Level 1:colcon.colcon_core.environment:create_file_with_runtime_dependencies(/home/fourfold/dev/inmind_final_project_test/workspace/install/main/share/colcon-core/packages/main)
[10.432s] Level 1:colcon.colcon_core.environment:create_environment_scripts_only(main)
[10.432s] Level 1:colcon.colcon_core.environment:checking '/home/fourfold/dev/inmind_final_project_test/workspace/install/main' for CMake module files
[10.432s] Level 1:colcon.colcon_core.environment:checking '/home/fourfold/dev/inmind_final_project_test/workspace/install/main' for CMake config files
[10.432s] Level 1:colcon.colcon_core.shell:create_environment_hook('main', 'cmake_prefix_path')
[10.432s] INFO:colcon.colcon_core.shell:Creating environment hook '/home/fourfold/dev/inmind_final_project_test/workspace/install/main/share/main/hook/cmake_prefix_path.ps1'
[10.432s] INFO:colcon.colcon_core.shell:Creating environment descriptor '/home/fourfold/dev/inmind_final_project_test/workspace/install/main/share/main/hook/cmake_prefix_path.dsv'
[10.433s] INFO:colcon.colcon_core.shell:Creating environment hook '/home/fourfold/dev/inmind_final_project_test/workspace/install/main/share/main/hook/cmake_prefix_path.sh'
[10.433s] Level 1:colcon.colcon_core.environment:checking '/home/fourfold/dev/inmind_final_project_test/workspace/install/main/lib'
[10.433s] Level 1:colcon.colcon_core.environment:checking '/home/fourfold/dev/inmind_final_project_test/workspace/install/main/bin'
[10.433s] Level 1:colcon.colcon_core.environment:checking '/home/fourfold/dev/inmind_final_project_test/workspace/install/main/lib/pkgconfig/main.pc'
[10.433s] Level 1:colcon.colcon_core.environment:checking '/home/fourfold/dev/inmind_final_project_test/workspace/install/main/lib/python3.10/site-packages'
[10.433s] Level 1:colcon.colcon_core.environment:checking '/home/fourfold/dev/inmind_final_project_test/workspace/install/main/bin'
[10.433s] INFO:colcon.colcon_core.shell:Creating package script '/home/fourfold/dev/inmind_final_project_test/workspace/install/main/share/main/package.ps1'
[10.434s] INFO:colcon.colcon_core.shell:Creating package descriptor '/home/fourfold/dev/inmind_final_project_test/workspace/install/main/share/main/package.dsv'
[10.434s] INFO:colcon.colcon_core.shell:Creating package script '/home/fourfold/dev/inmind_final_project_test/workspace/install/main/share/main/package.sh'
[10.434s] INFO:colcon.colcon_core.shell:Creating package script '/home/fourfold/dev/inmind_final_project_test/workspace/install/main/share/main/package.bash'
[10.434s] INFO:colcon.colcon_core.shell:Creating package script '/home/fourfold/dev/inmind_final_project_test/workspace/install/main/share/main/package.zsh'
[10.434s] Level 1:colcon.colcon_core.environment:create_file_with_runtime_dependencies(/home/fourfold/dev/inmind_final_project_test/workspace/install/main/share/colcon-core/packages/main)
[10.434s] DEBUG:colcon.colcon_parallel_executor.executor.parallel:closing loop
[10.435s] DEBUG:colcon.colcon_parallel_executor.executor.parallel:loop closed
[10.435s] DEBUG:colcon.colcon_parallel_executor.executor.parallel:run_until_complete finished with '0'
[10.435s] DEBUG:colcon.colcon_core.event_reactor:joining thread
[10.438s] INFO:colcon.colcon_core.plugin_system:Skipping extension 'colcon_notification.desktop_notification.terminal_notifier': Not used on non-Darwin systems
[10.438s] INFO:colcon.colcon_core.plugin_system:Skipping extension 'colcon_notification.desktop_notification.win32': Not used on non-Windows systems
[10.438s] INFO:colcon.colcon_notification.desktop_notification:Sending desktop notification using 'notify2'
[10.447s] DEBUG:colcon.colcon_core.event_reactor:joined thread
[10.447s] INFO:colcon.colcon_core.shell:Creating prefix script '/home/fourfold/dev/inmind_final_project_test/workspace/install/local_setup.ps1'
[10.448s] INFO:colcon.colcon_core.shell:Creating prefix util module '/home/fourfold/dev/inmind_final_project_test/workspace/install/_local_setup_util_ps1.py'
[10.449s] INFO:colcon.colcon_core.shell:Creating prefix chain script '/home/fourfold/dev/inmind_final_project_test/workspace/install/setup.ps1'
[10.450s] INFO:colcon.colcon_core.shell:Creating prefix script '/home/fourfold/dev/inmind_final_project_test/workspace/install/local_setup.sh'
[10.450s] INFO:colcon.colcon_core.shell:Creating prefix util module '/home/fourfold/dev/inmind_final_project_test/workspace/install/_local_setup_util_sh.py'
[10.450s] INFO:colcon.colcon_core.shell:Creating prefix chain script '/home/fourfold/dev/inmind_final_project_test/workspace/install/setup.sh'
[10.451s] INFO:colcon.colcon_core.shell:Creating prefix script '/home/fourfold/dev/inmind_final_project_test/workspace/install/local_setup.bash'
[10.451s] INFO:colcon.colcon_core.shell:Creating prefix chain script '/home/fourfold/dev/inmind_final_project_test/workspace/install/setup.bash'
[10.452s] INFO:colcon.colcon_core.shell:Creating prefix script '/home/fourfold/dev/inmind_final_project_test/workspace/install/local_setup.zsh'
[10.452s] INFO:colcon.colcon_core.shell:Creating prefix chain script '/home/fourfold/dev/inmind_final_project_test/workspace/install/setup.zsh'
