[0.028s] Invoking command in '/home/makramgh/Desktop/Pepsi-Bot/workspace/build/detection_interfaces': CMAKE_PREFIX_PATH=/opt/ros/humble /usr/bin/cmake --build /home/makramgh/Desktop/Pepsi-Bot/workspace/build/detection_interfaces -- -j12 -l12
[0.772s] [35m[1mConsolidate compiler generated dependencies of target detection_interfaces__rosidl_generator_c[0m
[0.772s] [  2%] Built target detection_interfaces__cpp
[0.772s] [ 12%] Built target detection_interfaces__rosidl_generator_c
[0.772s] [ 12%] Built target ament_cmake_python_copy_detection_interfaces
[0.773s] [35m[1mConsolidate compiler generated dependencies of target detection_interfaces__rosidl_typesupport_fastrtps_c[0m
[0.773s] [35m[1mConsolidate compiler generated dependencies of target detection_interfaces__rosidl_typesupport_introspection_c[0m
[0.774s] [35m[1mConsolidate compiler generated dependencies of target detection_interfaces__rosidl_typesupport_introspection_cpp[0m
[0.774s] [35m[1mConsolidate compiler generated dependencies of target detection_interfaces__rosidl_typesupport_cpp[0m
[0.774s] [35m[1mConsolidate compiler generated dependencies of target detection_interfaces__rosidl_typesupport_c[0m
[0.774s] [35m[1mConsolidate compiler generated dependencies of target detection_interfaces__rosidl_typesupport_fastrtps_cpp[0m
[0.775s] [ 23%] Built target detection_interfaces__rosidl_typesupport_introspection_c
[0.775s] [ 33%] Built target detection_interfaces__rosidl_typesupport_c
[0.775s] [ 43%] Built target detection_interfaces__rosidl_typesupport_fastrtps_c
[0.776s] [ 53%] Built target detection_interfaces__rosidl_typesupport_introspection_cpp
[0.776s] [ 64%] Built target detection_interfaces__rosidl_typesupport_cpp
[0.776s] [ 74%] Built target detection_interfaces__rosidl_typesupport_fastrtps_cpp
[0.776s] [ 74%] Built target detection_interfaces
[0.776s] [ 76%] Built target detection_interfaces__py
[0.777s] [35m[1mConsolidate compiler generated dependencies of target detection_interfaces__rosidl_generator_py[0m
[0.777s] [ 84%] Built target detection_interfaces__rosidl_generator_py
[0.778s] [35m[1mConsolidate compiler generated dependencies of target detection_interfaces__rosidl_typesupport_introspection_c__pyext[0m
[0.778s] [35m[1mConsolidate compiler generated dependencies of target detection_interfaces__rosidl_typesupport_fastrtps_c__pyext[0m
[0.778s] [35m[1mConsolidate compiler generated dependencies of target detection_interfaces__rosidl_typesupport_c__pyext[0m
[0.778s] [ 89%] Built target detection_interfaces__rosidl_typesupport_introspection_c__pyext
[0.779s] [ 94%] Built target detection_interfaces__rosidl_typesupport_fastrtps_c__pyext
[0.779s] [100%] Built target detection_interfaces__rosidl_typesupport_c__pyext
[0.779s] running egg_info
[0.779s] writing detection_interfaces.egg-info/PKG-INFO
[0.779s] writing dependency_links to detection_interfaces.egg-info/dependency_links.txt
[0.779s] writing top-level names to detection_interfaces.egg-info/top_level.txt
[0.779s] reading manifest file 'detection_interfaces.egg-info/SOURCES.txt'
[0.779s] writing manifest file 'detection_interfaces.egg-info/SOURCES.txt'
[0.780s] [100%] Built target ament_cmake_python_build_detection_interfaces_egg
[0.802s] Invoked command in '/home/makramgh/Desktop/Pepsi-Bot/workspace/build/detection_interfaces' returned '0': CMAKE_PREFIX_PATH=/opt/ros/humble /usr/bin/cmake --build /home/makramgh/Desktop/Pepsi-Bot/workspace/build/detection_interfaces -- -j12 -l12
[0.857s] Invoking command in '/home/makramgh/Desktop/Pepsi-Bot/workspace/build/detection_interfaces': CMAKE_PREFIX_PATH=/opt/ros/humble /usr/bin/cmake --install /home/makramgh/Desktop/Pepsi-Bot/workspace/build/detection_interfaces
[0.873s] -- Install configuration: ""
[0.873s] -- Up-to-date: /home/makramgh/Desktop/Pepsi-Bot/workspace/install/detection_interfaces/share/ament_index/resource_index/rosidl_interfaces/detection_interfaces
[0.873s] -- Up-to-date: /home/makramgh/Desktop/Pepsi-Bot/workspace/install/detection_interfaces/include/detection_interfaces/detection_interfaces
[0.873s] -- Up-to-date: /home/makramgh/Desktop/Pepsi-Bot/workspace/install/detection_interfaces/include/detection_interfaces/detection_interfaces/msg
[0.873s] -- Up-to-date: /home/makramgh/Desktop/Pepsi-Bot/workspace/install/detection_interfaces/include/detection_interfaces/detection_interfaces/msg/rosidl_generator_c__visibility_control.h
[0.873s] -- Up-to-date: /home/makramgh/Desktop/Pepsi-Bot/workspace/install/detection_interfaces/include/detection_interfaces/detection_interfaces/action
[0.874s] -- Up-to-date: /home/makramgh/Desktop/Pepsi-Bot/workspace/install/detection_interfaces/include/detection_interfaces/detection_interfaces/action/detail
[0.874s] -- Up-to-date: /home/makramgh/Desktop/Pepsi-Bot/workspace/install/detection_interfaces/include/detection_interfaces/detection_interfaces/action/detail/find_object__functions.c
[0.874s] -- Up-to-date: /home/makramgh/Desktop/Pepsi-Bot/workspace/install/detection_interfaces/include/detection_interfaces/detection_interfaces/action/detail/find_object__type_support.h
[0.875s] -- Up-to-date: /home/makramgh/Desktop/Pepsi-Bot/workspace/install/detection_interfaces/include/detection_interfaces/detection_interfaces/action/detail/find_yellow__functions.c
[0.875s] -- Up-to-date: /home/makramgh/Desktop/Pepsi-Bot/workspace/install/detection_interfaces/include/detection_interfaces/detection_interfaces/action/detail/find_yellow__functions.h
[0.875s] -- Up-to-date: /home/makramgh/Desktop/Pepsi-Bot/workspace/install/detection_interfaces/include/detection_interfaces/detection_interfaces/action/detail/find_yellow__type_support.h
[0.875s] -- Up-to-date: /home/makramgh/Desktop/Pepsi-Bot/workspace/install/detection_interfaces/include/detection_interfaces/detection_interfaces/action/detail/find_object__functions.h
[0.875s] -- Up-to-date: /home/makramgh/Desktop/Pepsi-Bot/workspace/install/detection_interfaces/include/detection_interfaces/detection_interfaces/action/detail/find_yellow__struct.h
[0.876s] -- Up-to-date: /home/makramgh/Desktop/Pepsi-Bot/workspace/install/detection_interfaces/include/detection_interfaces/detection_interfaces/action/detail/find_object__struct.h
[0.876s] -- Up-to-date: /home/makramgh/Desktop/Pepsi-Bot/workspace/install/detection_interfaces/include/detection_interfaces/detection_interfaces/action/find_yellow.h
[0.876s] -- Up-to-date: /home/makramgh/Desktop/Pepsi-Bot/workspace/install/detection_interfaces/include/detection_interfaces/detection_interfaces/action/find_object.h
[0.876s] -- Up-to-date: /home/makramgh/Desktop/Pepsi-Bot/workspace/install/detection_interfaces/share/detection_interfaces/environment/library_path.sh
[0.876s] -- Up-to-date: /home/makramgh/Desktop/Pepsi-Bot/workspace/install/detection_interfaces/share/detection_interfaces/environment/library_path.dsv
[0.876s] -- Up-to-date: /home/makramgh/Desktop/Pepsi-Bot/workspace/install/detection_interfaces/lib/libdetection_interfaces__rosidl_generator_c.so
[0.876s] -- Up-to-date: /home/makramgh/Desktop/Pepsi-Bot/workspace/install/detection_interfaces/include/detection_interfaces/detection_interfaces
[0.876s] -- Up-to-date: /home/makramgh/Desktop/Pepsi-Bot/workspace/install/detection_interfaces/include/detection_interfaces/detection_interfaces/msg
[0.876s] -- Up-to-date: /home/makramgh/Desktop/Pepsi-Bot/workspace/install/detection_interfaces/include/detection_interfaces/detection_interfaces/msg/rosidl_typesupport_fastrtps_c__visibility_control.h
[0.876s] -- Up-to-date: /home/makramgh/Desktop/Pepsi-Bot/workspace/install/detection_interfaces/include/detection_interfaces/detection_interfaces/action
[0.877s] -- Up-to-date: /home/makramgh/Desktop/Pepsi-Bot/workspace/install/detection_interfaces/include/detection_interfaces/detection_interfaces/action/detail
[0.877s] -- Up-to-date: /home/makramgh/Desktop/Pepsi-Bot/workspace/install/detection_interfaces/include/detection_interfaces/detection_interfaces/action/detail/find_yellow__rosidl_typesupport_fastrtps_c.h
[0.877s] -- Up-to-date: /home/makramgh/Desktop/Pepsi-Bot/workspace/install/detection_interfaces/include/detection_interfaces/detection_interfaces/action/detail/find_object__rosidl_typesupport_fastrtps_c.h
[0.877s] -- Up-to-date: /home/makramgh/Desktop/Pepsi-Bot/workspace/install/detection_interfaces/lib/libdetection_interfaces__rosidl_typesupport_fastrtps_c.so
[0.877s] -- Up-to-date: /home/makramgh/Desktop/Pepsi-Bot/workspace/install/detection_interfaces/include/detection_interfaces/detection_interfaces
[0.878s] -- Up-to-date: /home/makramgh/Desktop/Pepsi-Bot/workspace/install/detection_interfaces/include/detection_interfaces/detection_interfaces/msg
[0.878s] -- Up-to-date: /home/makramgh/Desktop/Pepsi-Bot/workspace/install/detection_interfaces/include/detection_interfaces/detection_interfaces/msg/rosidl_typesupport_introspection_c__visibility_control.h
[0.878s] -- Up-to-date: /home/makramgh/Desktop/Pepsi-Bot/workspace/install/detection_interfaces/include/detection_interfaces/detection_interfaces/action
[0.878s] -- Up-to-date: /home/makramgh/Desktop/Pepsi-Bot/workspace/install/detection_interfaces/include/detection_interfaces/detection_interfaces/action/detail
[0.878s] -- Up-to-date: /home/makramgh/Desktop/Pepsi-Bot/workspace/install/detection_interfaces/include/detection_interfaces/detection_interfaces/action/detail/find_object__rosidl_typesupport_introspection_c.h
[0.879s] -- Up-to-date: /home/makramgh/Desktop/Pepsi-Bot/workspace/install/detection_interfaces/include/detection_interfaces/detection_interfaces/action/detail/find_yellow__rosidl_typesupport_introspection_c.h
[0.879s] -- Up-to-date: /home/makramgh/Desktop/Pepsi-Bot/workspace/install/detection_interfaces/include/detection_interfaces/detection_interfaces/action/detail/find_object__type_support.c
[0.879s] -- Up-to-date: /home/makramgh/Desktop/Pepsi-Bot/workspace/install/detection_interfaces/include/detection_interfaces/detection_interfaces/action/detail/find_yellow__type_support.c
[0.880s] -- Up-to-date: /home/makramgh/Desktop/Pepsi-Bot/workspace/install/detection_interfaces/lib/libdetection_interfaces__rosidl_typesupport_introspection_c.so
[0.884s] -- Up-to-date: /home/makramgh/Desktop/Pepsi-Bot/workspace/install/detection_interfaces/lib/libdetection_interfaces__rosidl_typesupport_c.so
[0.885s] -- Up-to-date: /home/makramgh/Desktop/Pepsi-Bot/workspace/install/detection_interfaces/include/detection_interfaces/detection_interfaces
[0.885s] -- Up-to-date: /home/makramgh/Desktop/Pepsi-Bot/workspace/install/detection_interfaces/include/detection_interfaces/detection_interfaces/action
[0.885s] -- Up-to-date: /home/makramgh/Desktop/Pepsi-Bot/workspace/install/detection_interfaces/include/detection_interfaces/detection_interfaces/action/detail
[0.885s] -- Up-to-date: /home/makramgh/Desktop/Pepsi-Bot/workspace/install/detection_interfaces/include/detection_interfaces/detection_interfaces/action/detail/find_yellow__builder.hpp
[0.885s] -- Up-to-date: /home/makramgh/Desktop/Pepsi-Bot/workspace/install/detection_interfaces/include/detection_interfaces/detection_interfaces/action/detail/find_object__builder.hpp
[0.885s] -- Up-to-date: /home/makramgh/Desktop/Pepsi-Bot/workspace/install/detection_interfaces/include/detection_interfaces/detection_interfaces/action/detail/find_yellow__struct.hpp
[0.886s] -- Up-to-date: /home/makramgh/Desktop/Pepsi-Bot/workspace/install/detection_interfaces/include/detection_interfaces/detection_interfaces/action/detail/find_object__struct.hpp
[0.886s] -- Up-to-date: /home/makramgh/Desktop/Pepsi-Bot/workspace/install/detection_interfaces/include/detection_interfaces/detection_interfaces/action/detail/find_yellow__traits.hpp
[0.886s] -- Up-to-date: /home/makramgh/Desktop/Pepsi-Bot/workspace/install/detection_interfaces/include/detection_interfaces/detection_interfaces/action/detail/find_object__traits.hpp
[0.887s] -- Up-to-date: /home/makramgh/Desktop/Pepsi-Bot/workspace/install/detection_interfaces/include/detection_interfaces/detection_interfaces/action/find_object.hpp
[0.887s] -- Up-to-date: /home/makramgh/Desktop/Pepsi-Bot/workspace/install/detection_interfaces/include/detection_interfaces/detection_interfaces/action/find_yellow.hpp
[0.887s] -- Up-to-date: /home/makramgh/Desktop/Pepsi-Bot/workspace/install/detection_interfaces/include/detection_interfaces/detection_interfaces
[0.888s] -- Up-to-date: /home/makramgh/Desktop/Pepsi-Bot/workspace/install/detection_interfaces/include/detection_interfaces/detection_interfaces/msg
[0.888s] -- Up-to-date: /home/makramgh/Desktop/Pepsi-Bot/workspace/install/detection_interfaces/include/detection_interfaces/detection_interfaces/msg/rosidl_typesupport_fastrtps_cpp__visibility_control.h
[0.888s] -- Up-to-date: /home/makramgh/Desktop/Pepsi-Bot/workspace/install/detection_interfaces/include/detection_interfaces/detection_interfaces/action
[0.888s] -- Up-to-date: /home/makramgh/Desktop/Pepsi-Bot/workspace/install/detection_interfaces/include/detection_interfaces/detection_interfaces/action/detail
[0.888s] -- Up-to-date: /home/makramgh/Desktop/Pepsi-Bot/workspace/install/detection_interfaces/include/detection_interfaces/detection_interfaces/action/detail/find_object__rosidl_typesupport_fastrtps_cpp.hpp
[0.889s] -- Up-to-date: /home/makramgh/Desktop/Pepsi-Bot/workspace/install/detection_interfaces/include/detection_interfaces/detection_interfaces/action/detail/find_yellow__rosidl_typesupport_fastrtps_cpp.hpp
[0.889s] -- Up-to-date: /home/makramgh/Desktop/Pepsi-Bot/workspace/install/detection_interfaces/include/detection_interfaces/detection_interfaces/action/detail/dds_fastrtps
[0.889s] -- Up-to-date: /home/makramgh/Desktop/Pepsi-Bot/workspace/install/detection_interfaces/lib/libdetection_interfaces__rosidl_typesupport_fastrtps_cpp.so
[0.889s] -- Up-to-date: /home/makramgh/Desktop/Pepsi-Bot/workspace/install/detection_interfaces/include/detection_interfaces/detection_interfaces
[0.889s] -- Up-to-date: /home/makramgh/Desktop/Pepsi-Bot/workspace/install/detection_interfaces/include/detection_interfaces/detection_interfaces/action
[0.889s] -- Up-to-date: /home/makramgh/Desktop/Pepsi-Bot/workspace/install/detection_interfaces/include/detection_interfaces/detection_interfaces/action/detail
[0.889s] -- Up-to-date: /home/makramgh/Desktop/Pepsi-Bot/workspace/install/detection_interfaces/include/detection_interfaces/detection_interfaces/action/detail/find_yellow__type_support.cpp
[0.890s] -- Up-to-date: /home/makramgh/Desktop/Pepsi-Bot/workspace/install/detection_interfaces/include/detection_interfaces/detection_interfaces/action/detail/find_object__type_support.cpp
[0.890s] -- Up-to-date: /home/makramgh/Desktop/Pepsi-Bot/workspace/install/detection_interfaces/include/detection_interfaces/detection_interfaces/action/detail/find_yellow__rosidl_typesupport_introspection_cpp.hpp
[0.890s] -- Up-to-date: /home/makramgh/Desktop/Pepsi-Bot/workspace/install/detection_interfaces/include/detection_interfaces/detection_interfaces/action/detail/find_object__rosidl_typesupport_introspection_cpp.hpp
[0.891s] -- Up-to-date: /home/makramgh/Desktop/Pepsi-Bot/workspace/install/detection_interfaces/lib/libdetection_interfaces__rosidl_typesupport_introspection_cpp.so
[0.892s] -- Up-to-date: /home/makramgh/Desktop/Pepsi-Bot/workspace/install/detection_interfaces/lib/libdetection_interfaces__rosidl_typesupport_cpp.so
[0.893s] -- Up-to-date: /home/makramgh/Desktop/Pepsi-Bot/workspace/install/detection_interfaces/share/detection_interfaces/environment/pythonpath.sh
[0.894s] -- Up-to-date: /home/makramgh/Desktop/Pepsi-Bot/workspace/install/detection_interfaces/share/detection_interfaces/environment/pythonpath.dsv
[0.894s] -- Up-to-date: /home/makramgh/Desktop/Pepsi-Bot/workspace/install/detection_interfaces/local/lib/python3.10/dist-packages/detection_interfaces-0.0.0-py3.10.egg-info
[0.895s] -- Installing: /home/makramgh/Desktop/Pepsi-Bot/workspace/install/detection_interfaces/local/lib/python3.10/dist-packages/detection_interfaces-0.0.0-py3.10.egg-info/PKG-INFO
[0.895s] -- Installing: /home/makramgh/Desktop/Pepsi-Bot/workspace/install/detection_interfaces/local/lib/python3.10/dist-packages/detection_interfaces-0.0.0-py3.10.egg-info/top_level.txt
[0.895s] -- Installing: /home/makramgh/Desktop/Pepsi-Bot/workspace/install/detection_interfaces/local/lib/python3.10/dist-packages/detection_interfaces-0.0.0-py3.10.egg-info/SOURCES.txt
[0.896s] -- Installing: /home/makramgh/Desktop/Pepsi-Bot/workspace/install/detection_interfaces/local/lib/python3.10/dist-packages/detection_interfaces-0.0.0-py3.10.egg-info/dependency_links.txt
[0.896s] -- Up-to-date: /home/makramgh/Desktop/Pepsi-Bot/workspace/install/detection_interfaces/local/lib/python3.10/dist-packages/detection_interfaces
[0.897s] -- Up-to-date: /home/makramgh/Desktop/Pepsi-Bot/workspace/install/detection_interfaces/local/lib/python3.10/dist-packages/detection_interfaces/libdetection_interfaces__rosidl_generator_py.so
[0.897s] -- Up-to-date: /home/makramgh/Desktop/Pepsi-Bot/workspace/install/detection_interfaces/local/lib/python3.10/dist-packages/detection_interfaces/_detection_interfaces_s.ep.rosidl_typesupport_introspection_c.c
[0.897s] -- Up-to-date: /home/makramgh/Desktop/Pepsi-Bot/workspace/install/detection_interfaces/local/lib/python3.10/dist-packages/detection_interfaces/_detection_interfaces_s.ep.rosidl_typesupport_fastrtps_c.c
[0.897s] -- Up-to-date: /home/makramgh/Desktop/Pepsi-Bot/workspace/install/detection_interfaces/local/lib/python3.10/dist-packages/detection_interfaces/detection_interfaces_s__rosidl_typesupport_introspection_c.cpython-310-x86_64-linux-gnu.so
[0.897s] -- Up-to-date: /home/makramgh/Desktop/Pepsi-Bot/workspace/install/detection_interfaces/local/lib/python3.10/dist-packages/detection_interfaces/__init__.py
[0.897s] -- Up-to-date: /home/makramgh/Desktop/Pepsi-Bot/workspace/install/detection_interfaces/local/lib/python3.10/dist-packages/detection_interfaces/detection_interfaces_s__rosidl_typesupport_c.cpython-310-x86_64-linux-gnu.so
[0.898s] -- Up-to-date: /home/makramgh/Desktop/Pepsi-Bot/workspace/install/detection_interfaces/local/lib/python3.10/dist-packages/detection_interfaces/detection_interfaces_s__rosidl_typesupport_fastrtps_c.cpython-310-x86_64-linux-gnu.so
[0.898s] -- Up-to-date: /home/makramgh/Desktop/Pepsi-Bot/workspace/install/detection_interfaces/local/lib/python3.10/dist-packages/detection_interfaces/action
[0.898s] -- Up-to-date: /home/makramgh/Desktop/Pepsi-Bot/workspace/install/detection_interfaces/local/lib/python3.10/dist-packages/detection_interfaces/action/__init__.py
[0.898s] -- Up-to-date: /home/makramgh/Desktop/Pepsi-Bot/workspace/install/detection_interfaces/local/lib/python3.10/dist-packages/detection_interfaces/action/_find_object.py
[0.898s] -- Up-to-date: /home/makramgh/Desktop/Pepsi-Bot/workspace/install/detection_interfaces/local/lib/python3.10/dist-packages/detection_interfaces/action/_find_yellow.py
[0.898s] -- Up-to-date: /home/makramgh/Desktop/Pepsi-Bot/workspace/install/detection_interfaces/local/lib/python3.10/dist-packages/detection_interfaces/action/_find_yellow_s.c
[0.899s] -- Up-to-date: /home/makramgh/Desktop/Pepsi-Bot/workspace/install/detection_interfaces/local/lib/python3.10/dist-packages/detection_interfaces/action/_find_object_s.c
[0.899s] -- Up-to-date: /home/makramgh/Desktop/Pepsi-Bot/workspace/install/detection_interfaces/local/lib/python3.10/dist-packages/detection_interfaces/_detection_interfaces_s.ep.rosidl_typesupport_c.c
[0.909s] Listing '/home/makramgh/Desktop/Pepsi-Bot/workspace/install/detection_interfaces/local/lib/python3.10/dist-packages/detection_interfaces'...
[0.909s] Listing '/home/makramgh/Desktop/Pepsi-Bot/workspace/install/detection_interfaces/local/lib/python3.10/dist-packages/detection_interfaces/action'...
[0.912s] -- Up-to-date: /home/makramgh/Desktop/Pepsi-Bot/workspace/install/detection_interfaces/local/lib/python3.10/dist-packages/detection_interfaces/detection_interfaces_s__rosidl_typesupport_fastrtps_c.cpython-310-x86_64-linux-gnu.so
[0.912s] -- Up-to-date: /home/makramgh/Desktop/Pepsi-Bot/workspace/install/detection_interfaces/local/lib/python3.10/dist-packages/detection_interfaces/detection_interfaces_s__rosidl_typesupport_introspection_c.cpython-310-x86_64-linux-gnu.so
[0.912s] -- Up-to-date: /home/makramgh/Desktop/Pepsi-Bot/workspace/install/detection_interfaces/local/lib/python3.10/dist-packages/detection_interfaces/detection_interfaces_s__rosidl_typesupport_c.cpython-310-x86_64-linux-gnu.so
[0.913s] -- Up-to-date: /home/makramgh/Desktop/Pepsi-Bot/workspace/install/detection_interfaces/lib/libdetection_interfaces__rosidl_generator_py.so
[0.913s] -- Up-to-date: /home/makramgh/Desktop/Pepsi-Bot/workspace/install/detection_interfaces/share/detection_interfaces/action/FindYellow.idl
[0.913s] -- Up-to-date: /home/makramgh/Desktop/Pepsi-Bot/workspace/install/detection_interfaces/share/detection_interfaces/action/FindObject.idl
[0.913s] -- Up-to-date: /home/makramgh/Desktop/Pepsi-Bot/workspace/install/detection_interfaces/share/detection_interfaces/action/FindYellow.action
[0.913s] -- Up-to-date: /home/makramgh/Desktop/Pepsi-Bot/workspace/install/detection_interfaces/share/detection_interfaces/action/FindObject.action
[0.914s] -- Up-to-date: /home/makramgh/Desktop/Pepsi-Bot/workspace/install/detection_interfaces/share/ament_index/resource_index/package_run_dependencies/detection_interfaces
[0.914s] -- Up-to-date: /home/makramgh/Desktop/Pepsi-Bot/workspace/install/detection_interfaces/share/ament_index/resource_index/parent_prefix_path/detection_interfaces
[0.914s] -- Up-to-date: /home/makramgh/Desktop/Pepsi-Bot/workspace/install/detection_interfaces/share/detection_interfaces/environment/ament_prefix_path.sh
[0.914s] -- Up-to-date: /home/makramgh/Desktop/Pepsi-Bot/workspace/install/detection_interfaces/share/detection_interfaces/environment/ament_prefix_path.dsv
[0.914s] -- Up-to-date: /home/makramgh/Desktop/Pepsi-Bot/workspace/install/detection_interfaces/share/detection_interfaces/environment/path.sh
[0.914s] -- Up-to-date: /home/makramgh/Desktop/Pepsi-Bot/workspace/install/detection_interfaces/share/detection_interfaces/environment/path.dsv
[0.914s] -- Up-to-date: /home/makramgh/Desktop/Pepsi-Bot/workspace/install/detection_interfaces/share/detection_interfaces/local_setup.bash
[0.915s] -- Up-to-date: /home/makramgh/Desktop/Pepsi-Bot/workspace/install/detection_interfaces/share/detection_interfaces/local_setup.sh
[0.915s] -- Up-to-date: /home/makramgh/Desktop/Pepsi-Bot/workspace/install/detection_interfaces/share/detection_interfaces/local_setup.zsh
[0.916s] -- Up-to-date: /home/makramgh/Desktop/Pepsi-Bot/workspace/install/detection_interfaces/share/detection_interfaces/local_setup.dsv
[0.916s] -- Installing: /home/makramgh/Desktop/Pepsi-Bot/workspace/install/detection_interfaces/share/detection_interfaces/package.dsv
[0.916s] -- Up-to-date: /home/makramgh/Desktop/Pepsi-Bot/workspace/install/detection_interfaces/share/ament_index/resource_index/packages/detection_interfaces
[0.916s] -- Up-to-date: /home/makramgh/Desktop/Pepsi-Bot/workspace/install/detection_interfaces/share/detection_interfaces/cmake/export_detection_interfaces__rosidl_generator_cExport.cmake
[0.916s] -- Up-to-date: /home/makramgh/Desktop/Pepsi-Bot/workspace/install/detection_interfaces/share/detection_interfaces/cmake/export_detection_interfaces__rosidl_generator_cExport-noconfig.cmake
[0.917s] -- Up-to-date: /home/makramgh/Desktop/Pepsi-Bot/workspace/install/detection_interfaces/share/detection_interfaces/cmake/export_detection_interfaces__rosidl_typesupport_fastrtps_cExport.cmake
[0.917s] -- Up-to-date: /home/makramgh/Desktop/Pepsi-Bot/workspace/install/detection_interfaces/share/detection_interfaces/cmake/export_detection_interfaces__rosidl_typesupport_fastrtps_cExport-noconfig.cmake
[0.917s] -- Up-to-date: /home/makramgh/Desktop/Pepsi-Bot/workspace/install/detection_interfaces/share/detection_interfaces/cmake/detection_interfaces__rosidl_typesupport_introspection_cExport.cmake
[0.918s] -- Up-to-date: /home/makramgh/Desktop/Pepsi-Bot/workspace/install/detection_interfaces/share/detection_interfaces/cmake/detection_interfaces__rosidl_typesupport_introspection_cExport-noconfig.cmake
[0.918s] -- Up-to-date: /home/makramgh/Desktop/Pepsi-Bot/workspace/install/detection_interfaces/share/detection_interfaces/cmake/detection_interfaces__rosidl_typesupport_cExport.cmake
[0.918s] -- Up-to-date: /home/makramgh/Desktop/Pepsi-Bot/workspace/install/detection_interfaces/share/detection_interfaces/cmake/detection_interfaces__rosidl_typesupport_cExport-noconfig.cmake
[0.919s] -- Up-to-date: /home/makramgh/Desktop/Pepsi-Bot/workspace/install/detection_interfaces/share/detection_interfaces/cmake/export_detection_interfaces__rosidl_generator_cppExport.cmake
[0.921s] -- Up-to-date: /home/makramgh/Desktop/Pepsi-Bot/workspace/install/detection_interfaces/share/detection_interfaces/cmake/export_detection_interfaces__rosidl_typesupport_fastrtps_cppExport.cmake
[0.922s] -- Up-to-date: /home/makramgh/Desktop/Pepsi-Bot/workspace/install/detection_interfaces/share/detection_interfaces/cmake/export_detection_interfaces__rosidl_typesupport_fastrtps_cppExport-noconfig.cmake
[0.922s] -- Up-to-date: /home/makramgh/Desktop/Pepsi-Bot/workspace/install/detection_interfaces/share/detection_interfaces/cmake/detection_interfaces__rosidl_typesupport_introspection_cppExport.cmake
[0.923s] -- Up-to-date: /home/makramgh/Desktop/Pepsi-Bot/workspace/install/detection_interfaces/share/detection_interfaces/cmake/detection_interfaces__rosidl_typesupport_introspection_cppExport-noconfig.cmake
[0.923s] -- Up-to-date: /home/makramgh/Desktop/Pepsi-Bot/workspace/install/detection_interfaces/share/detection_interfaces/cmake/detection_interfaces__rosidl_typesupport_cppExport.cmake
[0.923s] -- Up-to-date: /home/makramgh/Desktop/Pepsi-Bot/workspace/install/detection_interfaces/share/detection_interfaces/cmake/detection_interfaces__rosidl_typesupport_cppExport-noconfig.cmake
[0.923s] -- Up-to-date: /home/makramgh/Desktop/Pepsi-Bot/workspace/install/detection_interfaces/share/detection_interfaces/cmake/export_detection_interfaces__rosidl_generator_pyExport.cmake
[0.924s] -- Up-to-date: /home/makramgh/Desktop/Pepsi-Bot/workspace/install/detection_interfaces/share/detection_interfaces/cmake/export_detection_interfaces__rosidl_generator_pyExport-noconfig.cmake
[0.924s] -- Up-to-date: /home/makramgh/Desktop/Pepsi-Bot/workspace/install/detection_interfaces/share/detection_interfaces/cmake/rosidl_cmake-extras.cmake
[0.924s] -- Up-to-date: /home/makramgh/Desktop/Pepsi-Bot/workspace/install/detection_interfaces/share/detection_interfaces/cmake/ament_cmake_export_dependencies-extras.cmake
[0.925s] -- Up-to-date: /home/makramgh/Desktop/Pepsi-Bot/workspace/install/detection_interfaces/share/detection_interfaces/cmake/ament_cmake_export_include_directories-extras.cmake
[0.925s] -- Up-to-date: /home/makramgh/Desktop/Pepsi-Bot/workspace/install/detection_interfaces/share/detection_interfaces/cmake/ament_cmake_export_libraries-extras.cmake
[0.925s] -- Up-to-date: /home/makramgh/Desktop/Pepsi-Bot/workspace/install/detection_interfaces/share/detection_interfaces/cmake/ament_cmake_export_targets-extras.cmake
[0.926s] -- Up-to-date: /home/makramgh/Desktop/Pepsi-Bot/workspace/install/detection_interfaces/share/detection_interfaces/cmake/rosidl_cmake_export_typesupport_targets-extras.cmake
[0.926s] -- Up-to-date: /home/makramgh/Desktop/Pepsi-Bot/workspace/install/detection_interfaces/share/detection_interfaces/cmake/rosidl_cmake_export_typesupport_libraries-extras.cmake
[0.926s] -- Up-to-date: /home/makramgh/Desktop/Pepsi-Bot/workspace/install/detection_interfaces/share/detection_interfaces/cmake/detection_interfacesConfig.cmake
[0.926s] -- Up-to-date: /home/makramgh/Desktop/Pepsi-Bot/workspace/install/detection_interfaces/share/detection_interfaces/cmake/detection_interfacesConfig-version.cmake
[0.927s] -- Up-to-date: /home/makramgh/Desktop/Pepsi-Bot/workspace/install/detection_interfaces/share/detection_interfaces/package.xml
[0.939s] Invoked command in '/home/makramgh/Desktop/Pepsi-Bot/workspace/build/detection_interfaces' returned '0': CMAKE_PREFIX_PATH=/opt/ros/humble /usr/bin/cmake --install /home/makramgh/Desktop/Pepsi-Bot/workspace/build/detection_interfaces
