[0.077s] DEBUG:colcon:Command line arguments: ['/usr/bin/colcon', 'list', '-p', '--base-paths', '/home/fourfold/dev/inmind_final_project_test/workspace']
[0.077s] DEBUG:colcon:Parsed command line arguments: Namespace(log_base=None, log_level=None, verb_name='list', build_base='build', ignore_user_meta=False, metas=['./colcon.meta'], base_paths=['/home/fourfold/dev/inmind_final_project_test/workspace'], packages_ignore=None, packages_ignore_regex=None, paths=None, packages_up_to=None, packages_up_to_regex=None, packages_above=None, packages_above_and_dependencies=None, packages_above_depth=None, packages_select_by_dep=None, packages_skip_by_dep=None, packages_skip_up_to=None, packages_select_build_failed=False, packages_skip_build_finished=False, packages_select_test_failures=False, packages_skip_test_passed=False, packages_select=None, packages_skip=None, packages_select_regex=None, packages_skip_regex=None, packages_start=None, packages_end=None, allow_overriding=[], topological_order=False, names_only=False, paths_only=True, topological_graph=False, topological_graph_dot=False, topological_graph_density=False, topological_graph_legend=False, topological_graph_dot_cluster=False, topological_graph_dot_include_skipped=False, mixin_files=None, mixin=None, verb_parser=<colcon_mixin.mixin.mixin_argument.MixinArgumentDecorator object at 0x777c3f14f430>, verb_extension=<colcon_package_information.verb.list.ListVerb object at 0x777c3f14e020>, main=<bound method ListVerb.main of <colcon_package_information.verb.list.ListVerb object at 0x777c3f14e020>>, mixin_verb=('list',))
[0.178s] Level 1:colcon.colcon_core.package_discovery:discover_packages(colcon_meta) check parameters
[0.178s] Level 1:colcon.colcon_core.package_discovery:discover_packages(recursive) check parameters
[0.178s] Level 1:colcon.colcon_core.package_discovery:discover_packages(ignore) check parameters
[0.178s] Level 1:colcon.colcon_core.package_discovery:discover_packages(path) check parameters
[0.178s] Level 1:colcon.colcon_core.package_discovery:discover_packages(recursive) discover
[0.178s] INFO:colcon.colcon_core.package_discovery:Crawling recursively for packages in '/home/fourfold/dev/inmind_final_project_test/workspace'
[0.178s] Level 1:colcon.colcon_core.package_identification:_identify(/home/fourfold/dev/inmind_final_project_test/workspace) by extensions ['ignore', 'ignore_ament_install']
[0.178s] Level 1:colcon.colcon_core.package_identification:_identify(/home/fourfold/dev/inmind_final_project_test/workspace) by extension 'ignore'
[0.178s] Level 1:colcon.colcon_core.package_identification:_identify(/home/fourfold/dev/inmind_final_project_test/workspace) by extension 'ignore_ament_install'
[0.178s] Level 1:colcon.colcon_core.package_identification:_identify(/home/fourfold/dev/inmind_final_project_test/workspace) by extensions ['colcon_pkg']
[0.178s] Level 1:colcon.colcon_core.package_identification:_identify(/home/fourfold/dev/inmind_final_project_test/workspace) by extension 'colcon_pkg'
[0.178s] Level 1:colcon.colcon_core.package_identification:_identify(/home/fourfold/dev/inmind_final_project_test/workspace) by extensions ['colcon_meta']
[0.178s] Level 1:colcon.colcon_core.package_identification:_identify(/home/fourfold/dev/inmind_final_project_test/workspace) by extension 'colcon_meta'
[0.178s] Level 1:colcon.colcon_core.package_identification:_identify(/home/fourfold/dev/inmind_final_project_test/workspace) by extensions ['ros']
[0.178s] Level 1:colcon.colcon_core.package_identification:_identify(/home/fourfold/dev/inmind_final_project_test/workspace) by extension 'ros'
[0.186s] Level 1:colcon.colcon_core.package_identification:_identify(/home/fourfold/dev/inmind_final_project_test/workspace) by extensions ['cmake', 'python']
[0.186s] Level 1:colcon.colcon_core.package_identification:_identify(/home/fourfold/dev/inmind_final_project_test/workspace) by extension 'cmake'
[0.186s] Level 1:colcon.colcon_core.package_identification:_identify(/home/fourfold/dev/inmind_final_project_test/workspace) by extension 'python'
[0.186s] Level 1:colcon.colcon_core.package_identification:_identify(/home/fourfold/dev/inmind_final_project_test/workspace) by extensions ['python_setup_py']
[0.186s] Level 1:colcon.colcon_core.package_identification:_identify(/home/fourfold/dev/inmind_final_project_test/workspace) by extension 'python_setup_py'
[0.186s] Level 1:colcon.colcon_core.package_identification:_identify(/home/fourfold/dev/inmind_final_project_test/workspace/build) by extensions ['ignore', 'ignore_ament_install']
[0.186s] Level 1:colcon.colcon_core.package_identification:_identify(/home/fourfold/dev/inmind_final_project_test/workspace/build) by extension 'ignore'
[0.186s] Level 1:colcon.colcon_core.package_identification:_identify(/home/fourfold/dev/inmind_final_project_test/workspace/build) ignored
[0.186s] Level 1:colcon.colcon_core.package_identification:_identify(/home/fourfold/dev/inmind_final_project_test/workspace/install) by extensions ['ignore', 'ignore_ament_install']
[0.186s] Level 1:colcon.colcon_core.package_identification:_identify(/home/fourfold/dev/inmind_final_project_test/workspace/install) by extension 'ignore'
[0.186s] Level 1:colcon.colcon_core.package_identification:_identify(/home/fourfold/dev/inmind_final_project_test/workspace/install) ignored
[0.186s] Level 1:colcon.colcon_core.package_identification:_identify(/home/fourfold/dev/inmind_final_project_test/workspace/log) by extensions ['ignore', 'ignore_ament_install']
[0.186s] Level 1:colcon.colcon_core.package_identification:_identify(/home/fourfold/dev/inmind_final_project_test/workspace/log) by extension 'ignore'
[0.186s] Level 1:colcon.colcon_core.package_identification:_identify(/home/fourfold/dev/inmind_final_project_test/workspace/log) ignored
[0.187s] Level 1:colcon.colcon_core.package_identification:_identify(/home/fourfold/dev/inmind_final_project_test/workspace/src) by extensions ['ignore', 'ignore_ament_install']
[0.187s] Level 1:colcon.colcon_core.package_identification:_identify(/home/fourfold/dev/inmind_final_project_test/workspace/src) by extension 'ignore'
[0.187s] Level 1:colcon.colcon_core.package_identification:_identify(/home/fourfold/dev/inmind_final_project_test/workspace/src) by extension 'ignore_ament_install'
[0.187s] Level 1:colcon.colcon_core.package_identification:_identify(/home/fourfold/dev/inmind_final_project_test/workspace/src) by extensions ['colcon_pkg']
[0.187s] Level 1:colcon.colcon_core.package_identification:_identify(/home/fourfold/dev/inmind_final_project_test/workspace/src) by extension 'colcon_pkg'
[0.187s] Level 1:colcon.colcon_core.package_identification:_identify(/home/fourfold/dev/inmind_final_project_test/workspace/src) by extensions ['colcon_meta']
[0.187s] Level 1:colcon.colcon_core.package_identification:_identify(/home/fourfold/dev/inmind_final_project_test/workspace/src) by extension 'colcon_meta'
[0.187s] Level 1:colcon.colcon_core.package_identification:_identify(/home/fourfold/dev/inmind_final_project_test/workspace/src) by extensions ['ros']
[0.187s] Level 1:colcon.colcon_core.package_identification:_identify(/home/fourfold/dev/inmind_final_project_test/workspace/src) by extension 'ros'
[0.187s] Level 1:colcon.colcon_core.package_identification:_identify(/home/fourfold/dev/inmind_final_project_test/workspace/src) by extensions ['cmake', 'python']
[0.187s] Level 1:colcon.colcon_core.package_identification:_identify(/home/fourfold/dev/inmind_final_project_test/workspace/src) by extension 'cmake'
[0.187s] Level 1:colcon.colcon_core.package_identification:_identify(/home/fourfold/dev/inmind_final_project_test/workspace/src) by extension 'python'
[0.187s] Level 1:colcon.colcon_core.package_identification:_identify(/home/fourfold/dev/inmind_final_project_test/workspace/src) by extensions ['python_setup_py']
[0.187s] Level 1:colcon.colcon_core.package_identification:_identify(/home/fourfold/dev/inmind_final_project_test/workspace/src) by extension 'python_setup_py'
[0.187s] Level 1:colcon.colcon_core.package_identification:_identify(/home/fourfold/dev/inmind_final_project_test/workspace/src/navigation) by extensions ['ignore', 'ignore_ament_install']
[0.187s] Level 1:colcon.colcon_core.package_identification:_identify(/home/fourfold/dev/inmind_final_project_test/workspace/src/navigation) by extension 'ignore'
[0.187s] Level 1:colcon.colcon_core.package_identification:_identify(/home/fourfold/dev/inmind_final_project_test/workspace/src/navigation) by extension 'ignore_ament_install'
[0.187s] Level 1:colcon.colcon_core.package_identification:_identify(/home/fourfold/dev/inmind_final_project_test/workspace/src/navigation) by extensions ['colcon_pkg']
[0.187s] Level 1:colcon.colcon_core.package_identification:_identify(/home/fourfold/dev/inmind_final_project_test/workspace/src/navigation) by extension 'colcon_pkg'
[0.187s] Level 1:colcon.colcon_core.package_identification:_identify(/home/fourfold/dev/inmind_final_project_test/workspace/src/navigation) by extensions ['colcon_meta']
[0.187s] Level 1:colcon.colcon_core.package_identification:_identify(/home/fourfold/dev/inmind_final_project_test/workspace/src/navigation) by extension 'colcon_meta'
[0.187s] Level 1:colcon.colcon_core.package_identification:_identify(/home/fourfold/dev/inmind_final_project_test/workspace/src/navigation) by extensions ['ros']
[0.187s] Level 1:colcon.colcon_core.package_identification:_identify(/home/fourfold/dev/inmind_final_project_test/workspace/src/navigation) by extension 'ros'
[0.187s] Level 1:colcon.colcon_core.package_identification:_identify(/home/fourfold/dev/inmind_final_project_test/workspace/src/navigation) by extensions ['cmake', 'python']
[0.187s] Level 1:colcon.colcon_core.package_identification:_identify(/home/fourfold/dev/inmind_final_project_test/workspace/src/navigation) by extension 'cmake'
[0.187s] Level 1:colcon.colcon_core.package_identification:_identify(/home/fourfold/dev/inmind_final_project_test/workspace/src/navigation) by extension 'python'
[0.187s] Level 1:colcon.colcon_core.package_identification:_identify(/home/fourfold/dev/inmind_final_project_test/workspace/src/navigation) by extensions ['python_setup_py']
[0.187s] Level 1:colcon.colcon_core.package_identification:_identify(/home/fourfold/dev/inmind_final_project_test/workspace/src/navigation) by extension 'python_setup_py'
[0.187s] Level 1:colcon.colcon_core.package_identification:_identify(/home/fourfold/dev/inmind_final_project_test/workspace/src/navigation/basic_navigation) by extensions ['ignore', 'ignore_ament_install']
[0.187s] Level 1:colcon.colcon_core.package_identification:_identify(/home/fourfold/dev/inmind_final_project_test/workspace/src/navigation/basic_navigation) by extension 'ignore'
[0.187s] Level 1:colcon.colcon_core.package_identification:_identify(/home/fourfold/dev/inmind_final_project_test/workspace/src/navigation/basic_navigation) by extension 'ignore_ament_install'
[0.187s] Level 1:colcon.colcon_core.package_identification:_identify(/home/fourfold/dev/inmind_final_project_test/workspace/src/navigation/basic_navigation) by extensions ['colcon_pkg']
[0.187s] Level 1:colcon.colcon_core.package_identification:_identify(/home/fourfold/dev/inmind_final_project_test/workspace/src/navigation/basic_navigation) by extension 'colcon_pkg'
[0.187s] Level 1:colcon.colcon_core.package_identification:_identify(/home/fourfold/dev/inmind_final_project_test/workspace/src/navigation/basic_navigation) by extensions ['colcon_meta']
[0.187s] Level 1:colcon.colcon_core.package_identification:_identify(/home/fourfold/dev/inmind_final_project_test/workspace/src/navigation/basic_navigation) by extension 'colcon_meta'
[0.187s] Level 1:colcon.colcon_core.package_identification:_identify(/home/fourfold/dev/inmind_final_project_test/workspace/src/navigation/basic_navigation) by extensions ['ros']
[0.187s] Level 1:colcon.colcon_core.package_identification:_identify(/home/fourfold/dev/inmind_final_project_test/workspace/src/navigation/basic_navigation) by extension 'ros'
[0.189s] DEBUG:colcon.colcon_core.package_identification:Package '/home/fourfold/dev/inmind_final_project_test/workspace/src/navigation/basic_navigation' with type 'ros.ament_cmake' and name 'basic_navigation'
[0.189s] Level 1:colcon.colcon_core.package_discovery:discover_packages(recursive) using defaults
