[0.016s] Invoking command in '/home/fourfold/dev/inmind_final_project_test/workspace/build/custom_interface_yolo': CMAKE_PREFIX_PATH=${CMAKE_PREFIX_PATH}:/home/fourfold/dev/inmind_final_project_test/workspace/install/yolov8_webcam:/home/fourfold/dev/inmind_final_project_test/workspace/install/object_detector:/opt/ros/humble /usr/bin/cmake --build /home/fourfold/dev/inmind_final_project_test/workspace/build/custom_interface_yolo -- -j16 -l16
[0.193s] [  3%] Built target custom_interface_yolo__cpp
[0.193s] [ 12%] Built target custom_interface_yolo__rosidl_generator_c
[0.193s] [ 12%] Built target ament_cmake_python_copy_custom_interface_yolo
[0.194s] [ 22%] Built target custom_interface_yolo__rosidl_typesupport_cpp
[0.194s] [ 35%] Built target custom_interface_yolo__rosidl_typesupport_introspection_cpp
[0.194s] [ 41%] Built target custom_interface_yolo__rosidl_typesupport_fastrtps_c
[0.194s] [ 51%] Built target custom_interface_yolo__rosidl_typesupport_fastrtps_cpp
[0.194s] [ 67%] Built target custom_interface_yolo__rosidl_typesupport_introspection_c
[0.194s] [ 70%] Built target custom_interface_yolo__rosidl_typesupport_c
[0.194s] [ 70%] Built target custom_interface_yolo
[0.194s] [ 74%] Built target custom_interface_yolo__py
[0.194s] [ 80%] Built target custom_interface_yolo__rosidl_generator_py
[0.194s] [ 87%] Built target custom_interface_yolo__rosidl_typesupport_introspection_c__pyext
[0.194s] [ 93%] Built target custom_interface_yolo__rosidl_typesupport_c__pyext
[0.194s] [100%] Built target custom_interface_yolo__rosidl_typesupport_fastrtps_c__pyext
[0.218s] running egg_info
[0.218s] writing custom_interface_yolo.egg-info/PKG-INFO
[0.218s] writing dependency_links to custom_interface_yolo.egg-info/dependency_links.txt
[0.219s] writing top-level names to custom_interface_yolo.egg-info/top_level.txt
[0.221s] reading manifest file 'custom_interface_yolo.egg-info/SOURCES.txt'
[0.221s] writing manifest file 'custom_interface_yolo.egg-info/SOURCES.txt'
[0.240s] [100%] Built target ament_cmake_python_build_custom_interface_yolo_egg
[0.351s] Invoked command in '/home/fourfold/dev/inmind_final_project_test/workspace/build/custom_interface_yolo' returned '0': CMAKE_PREFIX_PATH=${CMAKE_PREFIX_PATH}:/home/fourfold/dev/inmind_final_project_test/workspace/install/yolov8_webcam:/home/fourfold/dev/inmind_final_project_test/workspace/install/object_detector:/opt/ros/humble /usr/bin/cmake --build /home/fourfold/dev/inmind_final_project_test/workspace/build/custom_interface_yolo -- -j16 -l16
[0.388s] Invoking command in '/home/fourfold/dev/inmind_final_project_test/workspace/build/custom_interface_yolo': CMAKE_PREFIX_PATH=${CMAKE_PREFIX_PATH}:/home/fourfold/dev/inmind_final_project_test/workspace/install/yolov8_webcam:/home/fourfold/dev/inmind_final_project_test/workspace/install/object_detector:/opt/ros/humble /usr/bin/cmake --install /home/fourfold/dev/inmind_final_project_test/workspace/build/custom_interface_yolo
[0.393s] -- Install configuration: ""
[0.393s] -- Up-to-date: /home/fourfold/dev/inmind_final_project_test/workspace/install/custom_interface_yolo/share/ament_index/resource_index/rosidl_interfaces/custom_interface_yolo
[0.393s] -- Up-to-date: /home/fourfold/dev/inmind_final_project_test/workspace/install/custom_interface_yolo/include/custom_interface_yolo/custom_interface_yolo
[0.393s] -- Up-to-date: /home/fourfold/dev/inmind_final_project_test/workspace/install/custom_interface_yolo/include/custom_interface_yolo/custom_interface_yolo/msg
[0.393s] -- Up-to-date: /home/fourfold/dev/inmind_final_project_test/workspace/install/custom_interface_yolo/include/custom_interface_yolo/custom_interface_yolo/msg/rosidl_generator_c__visibility_control.h
[0.393s] -- Up-to-date: /home/fourfold/dev/inmind_final_project_test/workspace/install/custom_interface_yolo/include/custom_interface_yolo/custom_interface_yolo/action
[0.393s] -- Up-to-date: /home/fourfold/dev/inmind_final_project_test/workspace/install/custom_interface_yolo/include/custom_interface_yolo/custom_interface_yolo/action/camera_stream.h
[0.393s] -- Up-to-date: /home/fourfold/dev/inmind_final_project_test/workspace/install/custom_interface_yolo/include/custom_interface_yolo/custom_interface_yolo/action/detail
[0.393s] -- Up-to-date: /home/fourfold/dev/inmind_final_project_test/workspace/install/custom_interface_yolo/include/custom_interface_yolo/custom_interface_yolo/action/detail/camera_stream__struct.h
[0.393s] -- Up-to-date: /home/fourfold/dev/inmind_final_project_test/workspace/install/custom_interface_yolo/include/custom_interface_yolo/custom_interface_yolo/action/detail/camera_stream__functions.h
[0.393s] -- Up-to-date: /home/fourfold/dev/inmind_final_project_test/workspace/install/custom_interface_yolo/include/custom_interface_yolo/custom_interface_yolo/action/detail/camera_stream__type_support.h
[0.393s] -- Up-to-date: /home/fourfold/dev/inmind_final_project_test/workspace/install/custom_interface_yolo/include/custom_interface_yolo/custom_interface_yolo/action/detail/camera_stream__functions.c
[0.393s] -- Up-to-date: /home/fourfold/dev/inmind_final_project_test/workspace/install/custom_interface_yolo/share/custom_interface_yolo/environment/library_path.sh
[0.393s] -- Up-to-date: /home/fourfold/dev/inmind_final_project_test/workspace/install/custom_interface_yolo/share/custom_interface_yolo/environment/library_path.dsv
[0.393s] -- Up-to-date: /home/fourfold/dev/inmind_final_project_test/workspace/install/custom_interface_yolo/lib/libcustom_interface_yolo__rosidl_generator_c.so
[0.393s] -- Up-to-date: /home/fourfold/dev/inmind_final_project_test/workspace/install/custom_interface_yolo/include/custom_interface_yolo/custom_interface_yolo
[0.394s] -- Up-to-date: /home/fourfold/dev/inmind_final_project_test/workspace/install/custom_interface_yolo/include/custom_interface_yolo/custom_interface_yolo/msg
[0.394s] -- Up-to-date: /home/fourfold/dev/inmind_final_project_test/workspace/install/custom_interface_yolo/include/custom_interface_yolo/custom_interface_yolo/msg/rosidl_typesupport_fastrtps_c__visibility_control.h
[0.394s] -- Up-to-date: /home/fourfold/dev/inmind_final_project_test/workspace/install/custom_interface_yolo/include/custom_interface_yolo/custom_interface_yolo/action
[0.394s] -- Up-to-date: /home/fourfold/dev/inmind_final_project_test/workspace/install/custom_interface_yolo/include/custom_interface_yolo/custom_interface_yolo/action/detail
[0.394s] -- Up-to-date: /home/fourfold/dev/inmind_final_project_test/workspace/install/custom_interface_yolo/include/custom_interface_yolo/custom_interface_yolo/action/detail/camera_stream__rosidl_typesupport_fastrtps_c.h
[0.394s] -- Up-to-date: /home/fourfold/dev/inmind_final_project_test/workspace/install/custom_interface_yolo/lib/libcustom_interface_yolo__rosidl_typesupport_fastrtps_c.so
[0.394s] -- Up-to-date: /home/fourfold/dev/inmind_final_project_test/workspace/install/custom_interface_yolo/include/custom_interface_yolo/custom_interface_yolo
[0.394s] -- Up-to-date: /home/fourfold/dev/inmind_final_project_test/workspace/install/custom_interface_yolo/include/custom_interface_yolo/custom_interface_yolo/msg
[0.394s] -- Up-to-date: /home/fourfold/dev/inmind_final_project_test/workspace/install/custom_interface_yolo/include/custom_interface_yolo/custom_interface_yolo/msg/rosidl_typesupport_introspection_c__visibility_control.h
[0.394s] -- Up-to-date: /home/fourfold/dev/inmind_final_project_test/workspace/install/custom_interface_yolo/include/custom_interface_yolo/custom_interface_yolo/action
[0.394s] -- Up-to-date: /home/fourfold/dev/inmind_final_project_test/workspace/install/custom_interface_yolo/include/custom_interface_yolo/custom_interface_yolo/action/detail
[0.394s] -- Up-to-date: /home/fourfold/dev/inmind_final_project_test/workspace/install/custom_interface_yolo/include/custom_interface_yolo/custom_interface_yolo/action/detail/camera_stream__type_support.c
[0.394s] -- Up-to-date: /home/fourfold/dev/inmind_final_project_test/workspace/install/custom_interface_yolo/include/custom_interface_yolo/custom_interface_yolo/action/detail/camera_stream__rosidl_typesupport_introspection_c.h
[0.394s] -- Up-to-date: /home/fourfold/dev/inmind_final_project_test/workspace/install/custom_interface_yolo/lib/libcustom_interface_yolo__rosidl_typesupport_introspection_c.so
[0.394s] -- Up-to-date: /home/fourfold/dev/inmind_final_project_test/workspace/install/custom_interface_yolo/lib/libcustom_interface_yolo__rosidl_typesupport_c.so
[0.395s] -- Up-to-date: /home/fourfold/dev/inmind_final_project_test/workspace/install/custom_interface_yolo/include/custom_interface_yolo/custom_interface_yolo
[0.395s] -- Up-to-date: /home/fourfold/dev/inmind_final_project_test/workspace/install/custom_interface_yolo/include/custom_interface_yolo/custom_interface_yolo/action
[0.395s] -- Up-to-date: /home/fourfold/dev/inmind_final_project_test/workspace/install/custom_interface_yolo/include/custom_interface_yolo/custom_interface_yolo/action/detail
[0.395s] -- Up-to-date: /home/fourfold/dev/inmind_final_project_test/workspace/install/custom_interface_yolo/include/custom_interface_yolo/custom_interface_yolo/action/detail/camera_stream__builder.hpp
[0.395s] -- Up-to-date: /home/fourfold/dev/inmind_final_project_test/workspace/install/custom_interface_yolo/include/custom_interface_yolo/custom_interface_yolo/action/detail/camera_stream__struct.hpp
[0.395s] -- Up-to-date: /home/fourfold/dev/inmind_final_project_test/workspace/install/custom_interface_yolo/include/custom_interface_yolo/custom_interface_yolo/action/detail/camera_stream__traits.hpp
[0.395s] -- Up-to-date: /home/fourfold/dev/inmind_final_project_test/workspace/install/custom_interface_yolo/include/custom_interface_yolo/custom_interface_yolo/action/camera_stream.hpp
[0.395s] -- Up-to-date: /home/fourfold/dev/inmind_final_project_test/workspace/install/custom_interface_yolo/include/custom_interface_yolo/custom_interface_yolo
[0.396s] -- Up-to-date: /home/fourfold/dev/inmind_final_project_test/workspace/install/custom_interface_yolo/include/custom_interface_yolo/custom_interface_yolo/msg
[0.396s] -- Up-to-date: /home/fourfold/dev/inmind_final_project_test/workspace/install/custom_interface_yolo/include/custom_interface_yolo/custom_interface_yolo/msg/rosidl_typesupport_fastrtps_cpp__visibility_control.h
[0.396s] -- Up-to-date: /home/fourfold/dev/inmind_final_project_test/workspace/install/custom_interface_yolo/include/custom_interface_yolo/custom_interface_yolo/action
[0.396s] -- Up-to-date: /home/fourfold/dev/inmind_final_project_test/workspace/install/custom_interface_yolo/include/custom_interface_yolo/custom_interface_yolo/action/detail
[0.396s] -- Up-to-date: /home/fourfold/dev/inmind_final_project_test/workspace/install/custom_interface_yolo/include/custom_interface_yolo/custom_interface_yolo/action/detail/camera_stream__rosidl_typesupport_fastrtps_cpp.hpp
[0.396s] -- Up-to-date: /home/fourfold/dev/inmind_final_project_test/workspace/install/custom_interface_yolo/include/custom_interface_yolo/custom_interface_yolo/action/detail/dds_fastrtps
[0.396s] -- Up-to-date: /home/fourfold/dev/inmind_final_project_test/workspace/install/custom_interface_yolo/lib/libcustom_interface_yolo__rosidl_typesupport_fastrtps_cpp.so
[0.396s] -- Up-to-date: /home/fourfold/dev/inmind_final_project_test/workspace/install/custom_interface_yolo/include/custom_interface_yolo/custom_interface_yolo
[0.396s] -- Up-to-date: /home/fourfold/dev/inmind_final_project_test/workspace/install/custom_interface_yolo/include/custom_interface_yolo/custom_interface_yolo/action
[0.396s] -- Up-to-date: /home/fourfold/dev/inmind_final_project_test/workspace/install/custom_interface_yolo/include/custom_interface_yolo/custom_interface_yolo/action/detail
[0.396s] -- Up-to-date: /home/fourfold/dev/inmind_final_project_test/workspace/install/custom_interface_yolo/include/custom_interface_yolo/custom_interface_yolo/action/detail/camera_stream__rosidl_typesupport_introspection_cpp.hpp
[0.397s] -- Up-to-date: /home/fourfold/dev/inmind_final_project_test/workspace/install/custom_interface_yolo/include/custom_interface_yolo/custom_interface_yolo/action/detail/camera_stream__type_support.cpp
[0.397s] -- Up-to-date: /home/fourfold/dev/inmind_final_project_test/workspace/install/custom_interface_yolo/lib/libcustom_interface_yolo__rosidl_typesupport_introspection_cpp.so
[0.398s] -- Up-to-date: /home/fourfold/dev/inmind_final_project_test/workspace/install/custom_interface_yolo/lib/libcustom_interface_yolo__rosidl_typesupport_cpp.so
[0.399s] -- Up-to-date: /home/fourfold/dev/inmind_final_project_test/workspace/install/custom_interface_yolo/share/custom_interface_yolo/environment/pythonpath.sh
[0.399s] -- Up-to-date: /home/fourfold/dev/inmind_final_project_test/workspace/install/custom_interface_yolo/share/custom_interface_yolo/environment/pythonpath.dsv
[0.399s] -- Up-to-date: /home/fourfold/dev/inmind_final_project_test/workspace/install/custom_interface_yolo/local/lib/python3.10/dist-packages/custom_interface_yolo-0.0.0-py3.10.egg-info
[0.399s] -- Installing: /home/fourfold/dev/inmind_final_project_test/workspace/install/custom_interface_yolo/local/lib/python3.10/dist-packages/custom_interface_yolo-0.0.0-py3.10.egg-info/SOURCES.txt
[0.400s] -- Installing: /home/fourfold/dev/inmind_final_project_test/workspace/install/custom_interface_yolo/local/lib/python3.10/dist-packages/custom_interface_yolo-0.0.0-py3.10.egg-info/top_level.txt
[0.401s] -- Installing: /home/fourfold/dev/inmind_final_project_test/workspace/install/custom_interface_yolo/local/lib/python3.10/dist-packages/custom_interface_yolo-0.0.0-py3.10.egg-info/PKG-INFO
[0.401s] -- Installing: /home/fourfold/dev/inmind_final_project_test/workspace/install/custom_interface_yolo/local/lib/python3.10/dist-packages/custom_interface_yolo-0.0.0-py3.10.egg-info/dependency_links.txt
[0.401s] -- Up-to-date: /home/fourfold/dev/inmind_final_project_test/workspace/install/custom_interface_yolo/local/lib/python3.10/dist-packages/custom_interface_yolo
[0.401s] -- Up-to-date: /home/fourfold/dev/inmind_final_project_test/workspace/install/custom_interface_yolo/local/lib/python3.10/dist-packages/custom_interface_yolo/custom_interface_yolo_s__rosidl_typesupport_c.cpython-310-x86_64-linux-gnu.so
[0.402s] -- Up-to-date: /home/fourfold/dev/inmind_final_project_test/workspace/install/custom_interface_yolo/local/lib/python3.10/dist-packages/custom_interface_yolo/custom_interface_yolo_s__rosidl_typesupport_introspection_c.cpython-310-x86_64-linux-gnu.so
[0.402s] -- Up-to-date: /home/fourfold/dev/inmind_final_project_test/workspace/install/custom_interface_yolo/local/lib/python3.10/dist-packages/custom_interface_yolo/custom_interface_yolo_s__rosidl_typesupport_fastrtps_c.cpython-310-x86_64-linux-gnu.so
[0.402s] -- Up-to-date: /home/fourfold/dev/inmind_final_project_test/workspace/install/custom_interface_yolo/local/lib/python3.10/dist-packages/custom_interface_yolo/_custom_interface_yolo_s.ep.rosidl_typesupport_introspection_c.c
[0.402s] -- Up-to-date: /home/fourfold/dev/inmind_final_project_test/workspace/install/custom_interface_yolo/local/lib/python3.10/dist-packages/custom_interface_yolo/libcustom_interface_yolo__rosidl_generator_py.so
[0.402s] -- Up-to-date: /home/fourfold/dev/inmind_final_project_test/workspace/install/custom_interface_yolo/local/lib/python3.10/dist-packages/custom_interface_yolo/action
[0.402s] -- Up-to-date: /home/fourfold/dev/inmind_final_project_test/workspace/install/custom_interface_yolo/local/lib/python3.10/dist-packages/custom_interface_yolo/action/_camera_stream.py
[0.402s] -- Up-to-date: /home/fourfold/dev/inmind_final_project_test/workspace/install/custom_interface_yolo/local/lib/python3.10/dist-packages/custom_interface_yolo/action/__init__.py
[0.402s] -- Up-to-date: /home/fourfold/dev/inmind_final_project_test/workspace/install/custom_interface_yolo/local/lib/python3.10/dist-packages/custom_interface_yolo/action/_camera_stream_s.c
[0.402s] -- Up-to-date: /home/fourfold/dev/inmind_final_project_test/workspace/install/custom_interface_yolo/local/lib/python3.10/dist-packages/custom_interface_yolo/_custom_interface_yolo_s.ep.rosidl_typesupport_fastrtps_c.c
[0.402s] -- Up-to-date: /home/fourfold/dev/inmind_final_project_test/workspace/install/custom_interface_yolo/local/lib/python3.10/dist-packages/custom_interface_yolo/__init__.py
[0.402s] -- Up-to-date: /home/fourfold/dev/inmind_final_project_test/workspace/install/custom_interface_yolo/local/lib/python3.10/dist-packages/custom_interface_yolo/_custom_interface_yolo_s.ep.rosidl_typesupport_c.c
[0.420s] Listing '/home/fourfold/dev/inmind_final_project_test/workspace/install/custom_interface_yolo/local/lib/python3.10/dist-packages/custom_interface_yolo'...
[0.420s] Listing '/home/fourfold/dev/inmind_final_project_test/workspace/install/custom_interface_yolo/local/lib/python3.10/dist-packages/custom_interface_yolo/action'...
[0.423s] -- Up-to-date: /home/fourfold/dev/inmind_final_project_test/workspace/install/custom_interface_yolo/local/lib/python3.10/dist-packages/custom_interface_yolo/custom_interface_yolo_s__rosidl_typesupport_fastrtps_c.cpython-310-x86_64-linux-gnu.so
[0.424s] -- Up-to-date: /home/fourfold/dev/inmind_final_project_test/workspace/install/custom_interface_yolo/local/lib/python3.10/dist-packages/custom_interface_yolo/custom_interface_yolo_s__rosidl_typesupport_introspection_c.cpython-310-x86_64-linux-gnu.so
[0.424s] -- Up-to-date: /home/fourfold/dev/inmind_final_project_test/workspace/install/custom_interface_yolo/local/lib/python3.10/dist-packages/custom_interface_yolo/custom_interface_yolo_s__rosidl_typesupport_c.cpython-310-x86_64-linux-gnu.so
[0.425s] -- Up-to-date: /home/fourfold/dev/inmind_final_project_test/workspace/install/custom_interface_yolo/lib/libcustom_interface_yolo__rosidl_generator_py.so
[0.425s] -- Up-to-date: /home/fourfold/dev/inmind_final_project_test/workspace/install/custom_interface_yolo/share/custom_interface_yolo/action/CameraStream.idl
[0.425s] -- Up-to-date: /home/fourfold/dev/inmind_final_project_test/workspace/install/custom_interface_yolo/share/custom_interface_yolo/action/CameraStream.action
[0.425s] -- Up-to-date: /home/fourfold/dev/inmind_final_project_test/workspace/install/custom_interface_yolo/share/ament_index/resource_index/package_run_dependencies/custom_interface_yolo
[0.425s] -- Up-to-date: /home/fourfold/dev/inmind_final_project_test/workspace/install/custom_interface_yolo/share/ament_index/resource_index/parent_prefix_path/custom_interface_yolo
[0.426s] -- Up-to-date: /home/fourfold/dev/inmind_final_project_test/workspace/install/custom_interface_yolo/share/custom_interface_yolo/environment/ament_prefix_path.sh
[0.426s] -- Up-to-date: /home/fourfold/dev/inmind_final_project_test/workspace/install/custom_interface_yolo/share/custom_interface_yolo/environment/ament_prefix_path.dsv
[0.426s] -- Up-to-date: /home/fourfold/dev/inmind_final_project_test/workspace/install/custom_interface_yolo/share/custom_interface_yolo/environment/path.sh
[0.426s] -- Up-to-date: /home/fourfold/dev/inmind_final_project_test/workspace/install/custom_interface_yolo/share/custom_interface_yolo/environment/path.dsv
[0.426s] -- Up-to-date: /home/fourfold/dev/inmind_final_project_test/workspace/install/custom_interface_yolo/share/custom_interface_yolo/local_setup.bash
[0.426s] -- Up-to-date: /home/fourfold/dev/inmind_final_project_test/workspace/install/custom_interface_yolo/share/custom_interface_yolo/local_setup.sh
[0.427s] -- Up-to-date: /home/fourfold/dev/inmind_final_project_test/workspace/install/custom_interface_yolo/share/custom_interface_yolo/local_setup.zsh
[0.427s] -- Up-to-date: /home/fourfold/dev/inmind_final_project_test/workspace/install/custom_interface_yolo/share/custom_interface_yolo/local_setup.dsv
[0.427s] -- Installing: /home/fourfold/dev/inmind_final_project_test/workspace/install/custom_interface_yolo/share/custom_interface_yolo/package.dsv
[0.428s] -- Up-to-date: /home/fourfold/dev/inmind_final_project_test/workspace/install/custom_interface_yolo/share/ament_index/resource_index/packages/custom_interface_yolo
[0.428s] -- Up-to-date: /home/fourfold/dev/inmind_final_project_test/workspace/install/custom_interface_yolo/share/custom_interface_yolo/cmake/export_custom_interface_yolo__rosidl_generator_cExport.cmake
[0.428s] -- Up-to-date: /home/fourfold/dev/inmind_final_project_test/workspace/install/custom_interface_yolo/share/custom_interface_yolo/cmake/export_custom_interface_yolo__rosidl_generator_cExport-noconfig.cmake
[0.428s] -- Up-to-date: /home/fourfold/dev/inmind_final_project_test/workspace/install/custom_interface_yolo/share/custom_interface_yolo/cmake/export_custom_interface_yolo__rosidl_typesupport_fastrtps_cExport.cmake
[0.428s] -- Up-to-date: /home/fourfold/dev/inmind_final_project_test/workspace/install/custom_interface_yolo/share/custom_interface_yolo/cmake/export_custom_interface_yolo__rosidl_typesupport_fastrtps_cExport-noconfig.cmake
[0.428s] -- Up-to-date: /home/fourfold/dev/inmind_final_project_test/workspace/install/custom_interface_yolo/share/custom_interface_yolo/cmake/custom_interface_yolo__rosidl_typesupport_introspection_cExport.cmake
[0.428s] -- Up-to-date: /home/fourfold/dev/inmind_final_project_test/workspace/install/custom_interface_yolo/share/custom_interface_yolo/cmake/custom_interface_yolo__rosidl_typesupport_introspection_cExport-noconfig.cmake
[0.428s] -- Up-to-date: /home/fourfold/dev/inmind_final_project_test/workspace/install/custom_interface_yolo/share/custom_interface_yolo/cmake/custom_interface_yolo__rosidl_typesupport_cExport.cmake
[0.428s] -- Up-to-date: /home/fourfold/dev/inmind_final_project_test/workspace/install/custom_interface_yolo/share/custom_interface_yolo/cmake/custom_interface_yolo__rosidl_typesupport_cExport-noconfig.cmake
[0.429s] -- Up-to-date: /home/fourfold/dev/inmind_final_project_test/workspace/install/custom_interface_yolo/share/custom_interface_yolo/cmake/export_custom_interface_yolo__rosidl_generator_cppExport.cmake
[0.429s] -- Up-to-date: /home/fourfold/dev/inmind_final_project_test/workspace/install/custom_interface_yolo/share/custom_interface_yolo/cmake/export_custom_interface_yolo__rosidl_typesupport_fastrtps_cppExport.cmake
[0.429s] -- Up-to-date: /home/fourfold/dev/inmind_final_project_test/workspace/install/custom_interface_yolo/share/custom_interface_yolo/cmake/export_custom_interface_yolo__rosidl_typesupport_fastrtps_cppExport-noconfig.cmake
[0.429s] -- Up-to-date: /home/fourfold/dev/inmind_final_project_test/workspace/install/custom_interface_yolo/share/custom_interface_yolo/cmake/custom_interface_yolo__rosidl_typesupport_introspection_cppExport.cmake
[0.429s] -- Up-to-date: /home/fourfold/dev/inmind_final_project_test/workspace/install/custom_interface_yolo/share/custom_interface_yolo/cmake/custom_interface_yolo__rosidl_typesupport_introspection_cppExport-noconfig.cmake
[0.429s] -- Up-to-date: /home/fourfold/dev/inmind_final_project_test/workspace/install/custom_interface_yolo/share/custom_interface_yolo/cmake/custom_interface_yolo__rosidl_typesupport_cppExport.cmake
[0.429s] -- Up-to-date: /home/fourfold/dev/inmind_final_project_test/workspace/install/custom_interface_yolo/share/custom_interface_yolo/cmake/custom_interface_yolo__rosidl_typesupport_cppExport-noconfig.cmake
[0.429s] -- Up-to-date: /home/fourfold/dev/inmind_final_project_test/workspace/install/custom_interface_yolo/share/custom_interface_yolo/cmake/export_custom_interface_yolo__rosidl_generator_pyExport.cmake
[0.429s] -- Up-to-date: /home/fourfold/dev/inmind_final_project_test/workspace/install/custom_interface_yolo/share/custom_interface_yolo/cmake/export_custom_interface_yolo__rosidl_generator_pyExport-noconfig.cmake
[0.429s] -- Up-to-date: /home/fourfold/dev/inmind_final_project_test/workspace/install/custom_interface_yolo/share/custom_interface_yolo/cmake/rosidl_cmake-extras.cmake
[0.429s] -- Up-to-date: /home/fourfold/dev/inmind_final_project_test/workspace/install/custom_interface_yolo/share/custom_interface_yolo/cmake/ament_cmake_export_dependencies-extras.cmake
[0.429s] -- Up-to-date: /home/fourfold/dev/inmind_final_project_test/workspace/install/custom_interface_yolo/share/custom_interface_yolo/cmake/ament_cmake_export_include_directories-extras.cmake
[0.429s] -- Up-to-date: /home/fourfold/dev/inmind_final_project_test/workspace/install/custom_interface_yolo/share/custom_interface_yolo/cmake/ament_cmake_export_libraries-extras.cmake
[0.429s] -- Up-to-date: /home/fourfold/dev/inmind_final_project_test/workspace/install/custom_interface_yolo/share/custom_interface_yolo/cmake/ament_cmake_export_targets-extras.cmake
[0.430s] -- Up-to-date: /home/fourfold/dev/inmind_final_project_test/workspace/install/custom_interface_yolo/share/custom_interface_yolo/cmake/rosidl_cmake_export_typesupport_targets-extras.cmake
[0.430s] -- Up-to-date: /home/fourfold/dev/inmind_final_project_test/workspace/install/custom_interface_yolo/share/custom_interface_yolo/cmake/rosidl_cmake_export_typesupport_libraries-extras.cmake
[0.430s] -- Up-to-date: /home/fourfold/dev/inmind_final_project_test/workspace/install/custom_interface_yolo/share/custom_interface_yolo/cmake/custom_interface_yoloConfig.cmake
[0.430s] -- Up-to-date: /home/fourfold/dev/inmind_final_project_test/workspace/install/custom_interface_yolo/share/custom_interface_yolo/cmake/custom_interface_yoloConfig-version.cmake
[0.430s] -- Up-to-date: /home/fourfold/dev/inmind_final_project_test/workspace/install/custom_interface_yolo/share/custom_interface_yolo/package.xml
[0.430s] Invoked command in '/home/fourfold/dev/inmind_final_project_test/workspace/build/custom_interface_yolo' returned '0': CMAKE_PREFIX_PATH=${CMAKE_PREFIX_PATH}:/home/fourfold/dev/inmind_final_project_test/workspace/install/yolov8_webcam:/home/fourfold/dev/inmind_final_project_test/workspace/install/object_detector:/opt/ros/humble /usr/bin/cmake --install /home/fourfold/dev/inmind_final_project_test/workspace/build/custom_interface_yolo
