[0.023s] Invoking command in '/home/fourfold/dev/inmind_final_project_test/workspace/build/object_finder': CMAKE_PREFIX_PATH=${CMAKE_PREFIX_PATH}:/home/fourfold/dev/inmind_final_project_test/workspace/install/yolov8_webcam:/opt/ros/humble /usr/bin/cmake /home/fourfold/dev/inmind_final_project_test/workspace/src/perception/object_finder -DCMAKE_INSTALL_PREFIX=/home/fourfold/dev/inmind_final_project_test/workspace/install/object_finder
[0.068s] -- The C compiler identification is GNU 11.4.0
[0.117s] -- The CXX compiler identification is GNU 11.4.0
[0.125s] -- Detecting C compiler ABI info
[0.189s] -- Detecting C compiler ABI info - done
[0.194s] -- Check for working C compiler: /usr/bin/cc - skipped
[0.194s] -- Detecting C compile features
[0.194s] -- Detecting C compile features - done
[0.196s] -- Detecting CXX compiler ABI info
[0.263s] -- Detecting CXX compiler ABI info - done
[0.268s] -- Check for working CXX compiler: /usr/bin/c++ - skipped
[0.269s] -- Detecting CXX compile features
[0.269s] -- Detecting CXX compile features - done
[0.272s] -- Found ament_cmake: 1.3.10 (/opt/ros/humble/share/ament_cmake/cmake)
[0.384s] -- Found Python3: /usr/bin/python3 (found version "3.10.12") found components: Interpreter 
[0.454s] -- Found ament_lint_auto: 0.12.11 (/opt/ros/humble/share/ament_lint_auto/cmake)
[0.511s] -- Added test 'cppcheck' to perform static code analysis on C / C++ code
[0.511s] -- Configured cppcheck include dirs: 
[0.511s] -- Configured cppcheck exclude dirs and/or files: 
[0.511s] -- Added test 'flake8' to check Python code syntax and style conventions
[0.512s] -- Added test 'lint_cmake' to check CMake code style
[0.512s] -- Added test 'pep257' to check Python code against some of the docstring style conventions in PEP 257
[0.513s] -- Added test 'uncrustify' to check C / C++ code style
[0.513s] -- Configured uncrustify additional arguments: 
[0.514s] -- Added test 'xmllint' to check XML markup files
[0.514s] -- Configuring done
[0.516s] -- Generating done
[0.517s] -- Build files have been written to: /home/fourfold/dev/inmind_final_project_test/workspace/build/object_finder
[0.519s] Invoked command in '/home/fourfold/dev/inmind_final_project_test/workspace/build/object_finder' returned '0': CMAKE_PREFIX_PATH=${CMAKE_PREFIX_PATH}:/home/fourfold/dev/inmind_final_project_test/workspace/install/yolov8_webcam:/opt/ros/humble /usr/bin/cmake /home/fourfold/dev/inmind_final_project_test/workspace/src/perception/object_finder -DCMAKE_INSTALL_PREFIX=/home/fourfold/dev/inmind_final_project_test/workspace/install/object_finder
[0.521s] Invoking command in '/home/fourfold/dev/inmind_final_project_test/workspace/build/object_finder': CMAKE_PREFIX_PATH=${CMAKE_PREFIX_PATH}:/home/fourfold/dev/inmind_final_project_test/workspace/install/yolov8_webcam:/opt/ros/humble /usr/bin/cmake --build /home/fourfold/dev/inmind_final_project_test/workspace/build/object_finder -- -j16 -l16
[0.557s] Invoked command in '/home/fourfold/dev/inmind_final_project_test/workspace/build/object_finder' returned '0': CMAKE_PREFIX_PATH=${CMAKE_PREFIX_PATH}:/home/fourfold/dev/inmind_final_project_test/workspace/install/yolov8_webcam:/opt/ros/humble /usr/bin/cmake --build /home/fourfold/dev/inmind_final_project_test/workspace/build/object_finder -- -j16 -l16
[0.574s] Invoking command in '/home/fourfold/dev/inmind_final_project_test/workspace/build/object_finder': CMAKE_PREFIX_PATH=${CMAKE_PREFIX_PATH}:/home/fourfold/dev/inmind_final_project_test/workspace/install/yolov8_webcam:/opt/ros/humble /usr/bin/cmake --install /home/fourfold/dev/inmind_final_project_test/workspace/build/object_finder
[0.579s] -- Install configuration: ""
[0.579s] -- Installing: /home/fourfold/dev/inmind_final_project_test/workspace/install/object_finder/share/ament_index/resource_index/package_run_dependencies/object_finder
[0.579s] -- Installing: /home/fourfold/dev/inmind_final_project_test/workspace/install/object_finder/share/ament_index/resource_index/parent_prefix_path/object_finder
[0.579s] -- Installing: /home/fourfold/dev/inmind_final_project_test/workspace/install/object_finder/share/object_finder/environment/ament_prefix_path.sh
[0.579s] -- Installing: /home/fourfold/dev/inmind_final_project_test/workspace/install/object_finder/share/object_finder/environment/ament_prefix_path.dsv
[0.580s] -- Installing: /home/fourfold/dev/inmind_final_project_test/workspace/install/object_finder/share/object_finder/environment/path.sh
[0.580s] -- Installing: /home/fourfold/dev/inmind_final_project_test/workspace/install/object_finder/share/object_finder/environment/path.dsv
[0.580s] -- Installing: /home/fourfold/dev/inmind_final_project_test/workspace/install/object_finder/share/object_finder/local_setup.bash
[0.580s] -- Installing: /home/fourfold/dev/inmind_final_project_test/workspace/install/object_finder/share/object_finder/local_setup.sh
[0.580s] -- Installing: /home/fourfold/dev/inmind_final_project_test/workspace/install/object_finder/share/object_finder/local_setup.zsh
[0.580s] -- Installing: /home/fourfold/dev/inmind_final_project_test/workspace/install/object_finder/share/object_finder/local_setup.dsv
[0.580s] -- Installing: /home/fourfold/dev/inmind_final_project_test/workspace/install/object_finder/share/object_finder/package.dsv
[0.580s] -- Installing: /home/fourfold/dev/inmind_final_project_test/workspace/install/object_finder/share/ament_index/resource_index/packages/object_finder
[0.580s] -- Installing: /home/fourfold/dev/inmind_final_project_test/workspace/install/object_finder/share/object_finder/cmake/object_finderConfig.cmake
[0.580s] -- Installing: /home/fourfold/dev/inmind_final_project_test/workspace/install/object_finder/share/object_finder/cmake/object_finderConfig-version.cmake
[0.580s] -- Installing: /home/fourfold/dev/inmind_final_project_test/workspace/install/object_finder/share/object_finder/package.xml
[0.582s] Invoked command in '/home/fourfold/dev/inmind_final_project_test/workspace/build/object_finder' returned '0': CMAKE_PREFIX_PATH=${CMAKE_PREFIX_PATH}:/home/fourfold/dev/inmind_final_project_test/workspace/install/yolov8_webcam:/opt/ros/humble /usr/bin/cmake --install /home/fourfold/dev/inmind_final_project_test/workspace/build/object_finder
