[0.037s] Invoking command in '/home/makramgh/Desktop/Pepsi-Bot/workspace/build/yellow_ball_finder': AMENT_PREFIX_PATH=/home/makramgh/Desktop/Pepsi-Bot/workspace/install/detection_interfaces:${AMENT_PREFIX_PATH} CMAKE_PREFIX_PATH=/home/makramgh/Desktop/Pepsi-Bot/workspace/install/detection_interfaces:/opt/ros/humble LD_LIBRARY_PATH=/home/makramgh/Desktop/Pepsi-Bot/workspace/install/detection_interfaces/lib:${LD_LIBRARY_PATH} PYTHONPATH=/home/makramgh/Desktop/Pepsi-Bot/workspace/install/detection_interfaces/local/lib/python3.10/dist-packages:${PYTHONPATH} /usr/bin/cmake --build /home/makramgh/Desktop/Pepsi-Bot/workspace/build/yellow_ball_finder -- -j12 -l12
[0.078s] [35m[1mConsolidate compiler generated dependencies of target yellow_ball_action_server[0m
[0.098s] [100%] Built target yellow_ball_action_server
[0.106s] Invoked command in '/home/makramgh/Desktop/Pepsi-Bot/workspace/build/yellow_ball_finder' returned '0': AMENT_PREFIX_PATH=/home/makramgh/Desktop/Pepsi-Bot/workspace/install/detection_interfaces:${AMENT_PREFIX_PATH} CMAKE_PREFIX_PATH=/home/makramgh/Desktop/Pepsi-Bot/workspace/install/detection_interfaces:/opt/ros/humble LD_LIBRARY_PATH=/home/makramgh/Desktop/Pepsi-Bot/workspace/install/detection_interfaces/lib:${LD_LIBRARY_PATH} PYTHONPATH=/home/makramgh/Desktop/Pepsi-Bot/workspace/install/detection_interfaces/local/lib/python3.10/dist-packages:${PYTHONPATH} /usr/bin/cmake --build /home/makramgh/Desktop/Pepsi-Bot/workspace/build/yellow_ball_finder -- -j12 -l12
[0.129s] Invoking command in '/home/makramgh/Desktop/Pepsi-Bot/workspace/build/yellow_ball_finder': AMENT_PREFIX_PATH=/home/makramgh/Desktop/Pepsi-Bot/workspace/install/detection_interfaces:${AMENT_PREFIX_PATH} CMAKE_PREFIX_PATH=/home/makramgh/Desktop/Pepsi-Bot/workspace/install/detection_interfaces:/opt/ros/humble LD_LIBRARY_PATH=/home/makramgh/Desktop/Pepsi-Bot/workspace/install/detection_interfaces/lib:${LD_LIBRARY_PATH} PYTHONPATH=/home/makramgh/Desktop/Pepsi-Bot/workspace/install/detection_interfaces/local/lib/python3.10/dist-packages:${PYTHONPATH} /usr/bin/cmake --install /home/makramgh/Desktop/Pepsi-Bot/workspace/build/yellow_ball_finder
[0.134s] -- Install configuration: ""
[0.135s] -- Up-to-date: /home/makramgh/Desktop/Pepsi-Bot/workspace/install/yellow_ball_finder/include/
[0.135s] -- Up-to-date: /home/makramgh/Desktop/Pepsi-Bot/workspace/install/yellow_ball_finder/include//yellow_ball_finder
[0.135s] -- Up-to-date: /home/makramgh/Desktop/Pepsi-Bot/workspace/install/yellow_ball_finder/include//yellow_ball_finder/yellow_ball_at_center.h
[0.135s] -- Up-to-date: /home/makramgh/Desktop/Pepsi-Bot/workspace/install/yellow_ball_finder/include//yellow_ball_finder/find_yellow_ball.h
[0.135s] -- Up-to-date: /home/makramgh/Desktop/Pepsi-Bot/workspace/install/yellow_ball_finder/include//yellow_ball_finder/yellow_ball_on_left.h
[0.135s] -- Up-to-date: /home/makramgh/Desktop/Pepsi-Bot/workspace/install/yellow_ball_finder/include//yellow_ball_finder/yellow_ball_action_server.h
[0.136s] -- Up-to-date: /home/makramgh/Desktop/Pepsi-Bot/workspace/install/yellow_ball_finder/include//yellow_ball_finder/yellow_ball_on_right.h
[0.136s] -- Up-to-date: /home/makramgh/Desktop/Pepsi-Bot/workspace/install/yellow_ball_finder/lib/yellow_ball_finder/yellow_ball_action_server
[0.136s] -- Up-to-date: /home/makramgh/Desktop/Pepsi-Bot/workspace/install/yellow_ball_finder/share/ament_index/resource_index/package_run_dependencies/yellow_ball_finder
[0.136s] -- Up-to-date: /home/makramgh/Desktop/Pepsi-Bot/workspace/install/yellow_ball_finder/share/ament_index/resource_index/parent_prefix_path/yellow_ball_finder
[0.136s] -- Up-to-date: /home/makramgh/Desktop/Pepsi-Bot/workspace/install/yellow_ball_finder/share/yellow_ball_finder/environment/ament_prefix_path.sh
[0.136s] -- Up-to-date: /home/makramgh/Desktop/Pepsi-Bot/workspace/install/yellow_ball_finder/share/yellow_ball_finder/environment/ament_prefix_path.dsv
[0.136s] -- Up-to-date: /home/makramgh/Desktop/Pepsi-Bot/workspace/install/yellow_ball_finder/share/yellow_ball_finder/environment/path.sh
[0.136s] -- Up-to-date: /home/makramgh/Desktop/Pepsi-Bot/workspace/install/yellow_ball_finder/share/yellow_ball_finder/environment/path.dsv
[0.137s] -- Up-to-date: /home/makramgh/Desktop/Pepsi-Bot/workspace/install/yellow_ball_finder/share/yellow_ball_finder/local_setup.bash
[0.138s] -- Up-to-date: /home/makramgh/Desktop/Pepsi-Bot/workspace/install/yellow_ball_finder/share/yellow_ball_finder/local_setup.sh
[0.138s] -- Up-to-date: /home/makramgh/Desktop/Pepsi-Bot/workspace/install/yellow_ball_finder/share/yellow_ball_finder/local_setup.zsh
[0.138s] -- Up-to-date: /home/makramgh/Desktop/Pepsi-Bot/workspace/install/yellow_ball_finder/share/yellow_ball_finder/local_setup.dsv
[0.138s] -- Installing: /home/makramgh/Desktop/Pepsi-Bot/workspace/install/yellow_ball_finder/share/yellow_ball_finder/package.dsv
[0.139s] -- Up-to-date: /home/makramgh/Desktop/Pepsi-Bot/workspace/install/yellow_ball_finder/share/ament_index/resource_index/packages/yellow_ball_finder
[0.139s] -- Up-to-date: /home/makramgh/Desktop/Pepsi-Bot/workspace/install/yellow_ball_finder/share/yellow_ball_finder/cmake/ament_cmake_export_include_directories-extras.cmake
[0.139s] -- Up-to-date: /home/makramgh/Desktop/Pepsi-Bot/workspace/install/yellow_ball_finder/share/yellow_ball_finder/cmake/yellow_ball_finderConfig.cmake
[0.139s] -- Up-to-date: /home/makramgh/Desktop/Pepsi-Bot/workspace/install/yellow_ball_finder/share/yellow_ball_finder/cmake/yellow_ball_finderConfig-version.cmake
[0.139s] -- Up-to-date: /home/makramgh/Desktop/Pepsi-Bot/workspace/install/yellow_ball_finder/share/yellow_ball_finder/package.xml
[0.139s] Invoked command in '/home/makramgh/Desktop/Pepsi-Bot/workspace/build/yellow_ball_finder' returned '0': AMENT_PREFIX_PATH=/home/makramgh/Desktop/Pepsi-Bot/workspace/install/detection_interfaces:${AMENT_PREFIX_PATH} CMAKE_PREFIX_PATH=/home/makramgh/Desktop/Pepsi-Bot/workspace/install/detection_interfaces:/opt/ros/humble LD_LIBRARY_PATH=/home/makramgh/Desktop/Pepsi-Bot/workspace/install/detection_interfaces/lib:${LD_LIBRARY_PATH} PYTHONPATH=/home/makramgh/Desktop/Pepsi-Bot/workspace/install/detection_interfaces/local/lib/python3.10/dist-packages:${PYTHONPATH} /usr/bin/cmake --install /home/makramgh/Desktop/Pepsi-Bot/workspace/build/yellow_ball_finder
