[0.017s] Invoking command in '/home/fourfold/dev/inmind_final_project_test/workspace/build/detection_interfaces': CMAKE_PREFIX_PATH=${CMAKE_PREFIX_PATH}:/home/fourfold/dev/inmind_final_project_test/workspace/install/yolov8_webcam:/opt/ros/humble /usr/bin/cmake --build /home/fourfold/dev/inmind_final_project_test/workspace/build/detection_interfaces -- -j16 -l16
[0.051s] [ 10%] Built target detection_interfaces__rosidl_generator_c
[0.051s] [ 12%] Built target detection_interfaces__cpp
[0.060s] [ 12%] Built target ament_cmake_python_copy_detection_interfaces
[0.077s] [ 23%] Built target detection_interfaces__rosidl_typesupport_fastrtps_c
[0.077s] [ 33%] Built target detection_interfaces__rosidl_typesupport_introspection_cpp
[0.081s] [ 43%] Built target detection_interfaces__rosidl_typesupport_introspection_c
[0.082s] [ 53%] Built target detection_interfaces__rosidl_typesupport_c
[0.082s] [ 64%] Built target detection_interfaces__rosidl_typesupport_fastrtps_cpp
[0.083s] [ 74%] Built target detection_interfaces__rosidl_typesupport_cpp
[0.099s] [ 74%] Built target detection_interfaces
[0.119s] [ 76%] Built target detection_interfaces__py
[0.137s] [ 84%] Built target detection_interfaces__rosidl_generator_py
[0.159s] [ 89%] Built target detection_interfaces__rosidl_typesupport_introspection_c__pyext
[0.159s] [ 94%] Built target detection_interfaces__rosidl_typesupport_fastrtps_c__pyext
[0.161s] [100%] Built target detection_interfaces__rosidl_typesupport_c__pyext
[0.268s] running egg_info
[0.268s] writing detection_interfaces.egg-info/PKG-INFO
[0.268s] writing dependency_links to detection_interfaces.egg-info/dependency_links.txt
[0.268s] writing top-level names to detection_interfaces.egg-info/top_level.txt
[0.269s] reading manifest file 'detection_interfaces.egg-info/SOURCES.txt'
[0.270s] writing manifest file 'detection_interfaces.egg-info/SOURCES.txt'
[0.291s] [100%] Built target ament_cmake_python_build_detection_interfaces_egg
[0.299s] Invoked command in '/home/fourfold/dev/inmind_final_project_test/workspace/build/detection_interfaces' returned '0': CMAKE_PREFIX_PATH=${CMAKE_PREFIX_PATH}:/home/fourfold/dev/inmind_final_project_test/workspace/install/yolov8_webcam:/opt/ros/humble /usr/bin/cmake --build /home/fourfold/dev/inmind_final_project_test/workspace/build/detection_interfaces -- -j16 -l16
[0.358s] Invoking command in '/home/fourfold/dev/inmind_final_project_test/workspace/build/detection_interfaces': CMAKE_PREFIX_PATH=${CMAKE_PREFIX_PATH}:/home/fourfold/dev/inmind_final_project_test/workspace/install/yolov8_webcam:/opt/ros/humble /usr/bin/cmake --install /home/fourfold/dev/inmind_final_project_test/workspace/build/detection_interfaces
[0.365s] -- Install configuration: ""
[0.366s] -- Up-to-date: /home/fourfold/dev/inmind_final_project_test/workspace/install/detection_interfaces/share/ament_index/resource_index/rosidl_interfaces/detection_interfaces
[0.366s] -- Up-to-date: /home/fourfold/dev/inmind_final_project_test/workspace/install/detection_interfaces/include/detection_interfaces/detection_interfaces
[0.366s] -- Up-to-date: /home/fourfold/dev/inmind_final_project_test/workspace/install/detection_interfaces/include/detection_interfaces/detection_interfaces/msg
[0.366s] -- Up-to-date: /home/fourfold/dev/inmind_final_project_test/workspace/install/detection_interfaces/include/detection_interfaces/detection_interfaces/msg/rosidl_generator_c__visibility_control.h
[0.366s] -- Up-to-date: /home/fourfold/dev/inmind_final_project_test/workspace/install/detection_interfaces/include/detection_interfaces/detection_interfaces/action
[0.366s] -- Up-to-date: /home/fourfold/dev/inmind_final_project_test/workspace/install/detection_interfaces/include/detection_interfaces/detection_interfaces/action/find_object.h
[0.366s] -- Up-to-date: /home/fourfold/dev/inmind_final_project_test/workspace/install/detection_interfaces/include/detection_interfaces/detection_interfaces/action/find_yellow.h
[0.366s] -- Up-to-date: /home/fourfold/dev/inmind_final_project_test/workspace/install/detection_interfaces/include/detection_interfaces/detection_interfaces/action/detail
[0.366s] -- Up-to-date: /home/fourfold/dev/inmind_final_project_test/workspace/install/detection_interfaces/include/detection_interfaces/detection_interfaces/action/detail/find_object__functions.h
[0.366s] -- Up-to-date: /home/fourfold/dev/inmind_final_project_test/workspace/install/detection_interfaces/include/detection_interfaces/detection_interfaces/action/detail/find_object__struct.h
[0.366s] -- Up-to-date: /home/fourfold/dev/inmind_final_project_test/workspace/install/detection_interfaces/include/detection_interfaces/detection_interfaces/action/detail/find_yellow__type_support.h
[0.366s] -- Up-to-date: /home/fourfold/dev/inmind_final_project_test/workspace/install/detection_interfaces/include/detection_interfaces/detection_interfaces/action/detail/find_object__functions.c
[0.366s] -- Up-to-date: /home/fourfold/dev/inmind_final_project_test/workspace/install/detection_interfaces/include/detection_interfaces/detection_interfaces/action/detail/find_yellow__struct.h
[0.367s] -- Up-to-date: /home/fourfold/dev/inmind_final_project_test/workspace/install/detection_interfaces/include/detection_interfaces/detection_interfaces/action/detail/find_yellow__functions.c
[0.367s] -- Up-to-date: /home/fourfold/dev/inmind_final_project_test/workspace/install/detection_interfaces/include/detection_interfaces/detection_interfaces/action/detail/find_yellow__functions.h
[0.367s] -- Up-to-date: /home/fourfold/dev/inmind_final_project_test/workspace/install/detection_interfaces/include/detection_interfaces/detection_interfaces/action/detail/find_object__type_support.h
[0.367s] -- Up-to-date: /home/fourfold/dev/inmind_final_project_test/workspace/install/detection_interfaces/share/detection_interfaces/environment/library_path.sh
[0.367s] -- Up-to-date: /home/fourfold/dev/inmind_final_project_test/workspace/install/detection_interfaces/share/detection_interfaces/environment/library_path.dsv
[0.367s] -- Up-to-date: /home/fourfold/dev/inmind_final_project_test/workspace/install/detection_interfaces/lib/libdetection_interfaces__rosidl_generator_c.so
[0.367s] -- Up-to-date: /home/fourfold/dev/inmind_final_project_test/workspace/install/detection_interfaces/include/detection_interfaces/detection_interfaces
[0.367s] -- Up-to-date: /home/fourfold/dev/inmind_final_project_test/workspace/install/detection_interfaces/include/detection_interfaces/detection_interfaces/msg
[0.367s] -- Up-to-date: /home/fourfold/dev/inmind_final_project_test/workspace/install/detection_interfaces/include/detection_interfaces/detection_interfaces/msg/rosidl_typesupport_fastrtps_c__visibility_control.h
[0.367s] -- Up-to-date: /home/fourfold/dev/inmind_final_project_test/workspace/install/detection_interfaces/include/detection_interfaces/detection_interfaces/action
[0.367s] -- Up-to-date: /home/fourfold/dev/inmind_final_project_test/workspace/install/detection_interfaces/include/detection_interfaces/detection_interfaces/action/detail
[0.367s] -- Up-to-date: /home/fourfold/dev/inmind_final_project_test/workspace/install/detection_interfaces/include/detection_interfaces/detection_interfaces/action/detail/find_yellow__rosidl_typesupport_fastrtps_c.h
[0.367s] -- Up-to-date: /home/fourfold/dev/inmind_final_project_test/workspace/install/detection_interfaces/include/detection_interfaces/detection_interfaces/action/detail/find_object__rosidl_typesupport_fastrtps_c.h
[0.368s] -- Up-to-date: /home/fourfold/dev/inmind_final_project_test/workspace/install/detection_interfaces/lib/libdetection_interfaces__rosidl_typesupport_fastrtps_c.so
[0.368s] -- Up-to-date: /home/fourfold/dev/inmind_final_project_test/workspace/install/detection_interfaces/include/detection_interfaces/detection_interfaces
[0.368s] -- Up-to-date: /home/fourfold/dev/inmind_final_project_test/workspace/install/detection_interfaces/include/detection_interfaces/detection_interfaces/msg
[0.368s] -- Up-to-date: /home/fourfold/dev/inmind_final_project_test/workspace/install/detection_interfaces/include/detection_interfaces/detection_interfaces/msg/rosidl_typesupport_introspection_c__visibility_control.h
[0.368s] -- Up-to-date: /home/fourfold/dev/inmind_final_project_test/workspace/install/detection_interfaces/include/detection_interfaces/detection_interfaces/action
[0.368s] -- Up-to-date: /home/fourfold/dev/inmind_final_project_test/workspace/install/detection_interfaces/include/detection_interfaces/detection_interfaces/action/detail
[0.368s] -- Up-to-date: /home/fourfold/dev/inmind_final_project_test/workspace/install/detection_interfaces/include/detection_interfaces/detection_interfaces/action/detail/find_yellow__type_support.c
[0.368s] -- Up-to-date: /home/fourfold/dev/inmind_final_project_test/workspace/install/detection_interfaces/include/detection_interfaces/detection_interfaces/action/detail/find_object__type_support.c
[0.368s] -- Up-to-date: /home/fourfold/dev/inmind_final_project_test/workspace/install/detection_interfaces/include/detection_interfaces/detection_interfaces/action/detail/find_object__rosidl_typesupport_introspection_c.h
[0.368s] -- Up-to-date: /home/fourfold/dev/inmind_final_project_test/workspace/install/detection_interfaces/include/detection_interfaces/detection_interfaces/action/detail/find_yellow__rosidl_typesupport_introspection_c.h
[0.368s] -- Up-to-date: /home/fourfold/dev/inmind_final_project_test/workspace/install/detection_interfaces/lib/libdetection_interfaces__rosidl_typesupport_introspection_c.so
[0.368s] -- Up-to-date: /home/fourfold/dev/inmind_final_project_test/workspace/install/detection_interfaces/lib/libdetection_interfaces__rosidl_typesupport_c.so
[0.368s] -- Up-to-date: /home/fourfold/dev/inmind_final_project_test/workspace/install/detection_interfaces/include/detection_interfaces/detection_interfaces
[0.368s] -- Up-to-date: /home/fourfold/dev/inmind_final_project_test/workspace/install/detection_interfaces/include/detection_interfaces/detection_interfaces/action
[0.368s] -- Up-to-date: /home/fourfold/dev/inmind_final_project_test/workspace/install/detection_interfaces/include/detection_interfaces/detection_interfaces/action/find_object.hpp
[0.368s] -- Up-to-date: /home/fourfold/dev/inmind_final_project_test/workspace/install/detection_interfaces/include/detection_interfaces/detection_interfaces/action/detail
[0.368s] -- Up-to-date: /home/fourfold/dev/inmind_final_project_test/workspace/install/detection_interfaces/include/detection_interfaces/detection_interfaces/action/detail/find_yellow__traits.hpp
[0.368s] -- Up-to-date: /home/fourfold/dev/inmind_final_project_test/workspace/install/detection_interfaces/include/detection_interfaces/detection_interfaces/action/detail/find_object__builder.hpp
[0.368s] -- Up-to-date: /home/fourfold/dev/inmind_final_project_test/workspace/install/detection_interfaces/include/detection_interfaces/detection_interfaces/action/detail/find_yellow__struct.hpp
[0.368s] -- Up-to-date: /home/fourfold/dev/inmind_final_project_test/workspace/install/detection_interfaces/include/detection_interfaces/detection_interfaces/action/detail/find_object__struct.hpp
[0.368s] -- Up-to-date: /home/fourfold/dev/inmind_final_project_test/workspace/install/detection_interfaces/include/detection_interfaces/detection_interfaces/action/detail/find_yellow__builder.hpp
[0.368s] -- Up-to-date: /home/fourfold/dev/inmind_final_project_test/workspace/install/detection_interfaces/include/detection_interfaces/detection_interfaces/action/detail/find_object__traits.hpp
[0.368s] -- Up-to-date: /home/fourfold/dev/inmind_final_project_test/workspace/install/detection_interfaces/include/detection_interfaces/detection_interfaces/action/find_yellow.hpp
[0.368s] -- Up-to-date: /home/fourfold/dev/inmind_final_project_test/workspace/install/detection_interfaces/include/detection_interfaces/detection_interfaces
[0.368s] -- Up-to-date: /home/fourfold/dev/inmind_final_project_test/workspace/install/detection_interfaces/include/detection_interfaces/detection_interfaces/msg
[0.368s] -- Up-to-date: /home/fourfold/dev/inmind_final_project_test/workspace/install/detection_interfaces/include/detection_interfaces/detection_interfaces/msg/rosidl_typesupport_fastrtps_cpp__visibility_control.h
[0.369s] -- Up-to-date: /home/fourfold/dev/inmind_final_project_test/workspace/install/detection_interfaces/include/detection_interfaces/detection_interfaces/action
[0.369s] -- Up-to-date: /home/fourfold/dev/inmind_final_project_test/workspace/install/detection_interfaces/include/detection_interfaces/detection_interfaces/action/detail
[0.369s] -- Up-to-date: /home/fourfold/dev/inmind_final_project_test/workspace/install/detection_interfaces/include/detection_interfaces/detection_interfaces/action/detail/dds_fastrtps
[0.369s] -- Up-to-date: /home/fourfold/dev/inmind_final_project_test/workspace/install/detection_interfaces/include/detection_interfaces/detection_interfaces/action/detail/find_yellow__rosidl_typesupport_fastrtps_cpp.hpp
[0.369s] -- Up-to-date: /home/fourfold/dev/inmind_final_project_test/workspace/install/detection_interfaces/include/detection_interfaces/detection_interfaces/action/detail/find_object__rosidl_typesupport_fastrtps_cpp.hpp
[0.369s] -- Up-to-date: /home/fourfold/dev/inmind_final_project_test/workspace/install/detection_interfaces/lib/libdetection_interfaces__rosidl_typesupport_fastrtps_cpp.so
[0.369s] -- Up-to-date: /home/fourfold/dev/inmind_final_project_test/workspace/install/detection_interfaces/include/detection_interfaces/detection_interfaces
[0.369s] -- Up-to-date: /home/fourfold/dev/inmind_final_project_test/workspace/install/detection_interfaces/include/detection_interfaces/detection_interfaces/action
[0.369s] -- Up-to-date: /home/fourfold/dev/inmind_final_project_test/workspace/install/detection_interfaces/include/detection_interfaces/detection_interfaces/action/detail
[0.369s] -- Up-to-date: /home/fourfold/dev/inmind_final_project_test/workspace/install/detection_interfaces/include/detection_interfaces/detection_interfaces/action/detail/find_object__type_support.cpp
[0.369s] -- Up-to-date: /home/fourfold/dev/inmind_final_project_test/workspace/install/detection_interfaces/include/detection_interfaces/detection_interfaces/action/detail/find_object__rosidl_typesupport_introspection_cpp.hpp
[0.369s] -- Up-to-date: /home/fourfold/dev/inmind_final_project_test/workspace/install/detection_interfaces/include/detection_interfaces/detection_interfaces/action/detail/find_yellow__type_support.cpp
[0.369s] -- Up-to-date: /home/fourfold/dev/inmind_final_project_test/workspace/install/detection_interfaces/include/detection_interfaces/detection_interfaces/action/detail/find_yellow__rosidl_typesupport_introspection_cpp.hpp
[0.369s] -- Up-to-date: /home/fourfold/dev/inmind_final_project_test/workspace/install/detection_interfaces/lib/libdetection_interfaces__rosidl_typesupport_introspection_cpp.so
[0.369s] -- Up-to-date: /home/fourfold/dev/inmind_final_project_test/workspace/install/detection_interfaces/lib/libdetection_interfaces__rosidl_typesupport_cpp.so
[0.369s] -- Up-to-date: /home/fourfold/dev/inmind_final_project_test/workspace/install/detection_interfaces/share/detection_interfaces/environment/pythonpath.sh
[0.369s] -- Up-to-date: /home/fourfold/dev/inmind_final_project_test/workspace/install/detection_interfaces/share/detection_interfaces/environment/pythonpath.dsv
[0.369s] -- Up-to-date: /home/fourfold/dev/inmind_final_project_test/workspace/install/detection_interfaces/local/lib/python3.10/dist-packages/detection_interfaces-0.0.0-py3.10.egg-info
[0.369s] -- Installing: /home/fourfold/dev/inmind_final_project_test/workspace/install/detection_interfaces/local/lib/python3.10/dist-packages/detection_interfaces-0.0.0-py3.10.egg-info/SOURCES.txt
[0.369s] -- Installing: /home/fourfold/dev/inmind_final_project_test/workspace/install/detection_interfaces/local/lib/python3.10/dist-packages/detection_interfaces-0.0.0-py3.10.egg-info/top_level.txt
[0.369s] -- Installing: /home/fourfold/dev/inmind_final_project_test/workspace/install/detection_interfaces/local/lib/python3.10/dist-packages/detection_interfaces-0.0.0-py3.10.egg-info/PKG-INFO
[0.369s] -- Installing: /home/fourfold/dev/inmind_final_project_test/workspace/install/detection_interfaces/local/lib/python3.10/dist-packages/detection_interfaces-0.0.0-py3.10.egg-info/dependency_links.txt
[0.369s] -- Up-to-date: /home/fourfold/dev/inmind_final_project_test/workspace/install/detection_interfaces/local/lib/python3.10/dist-packages/detection_interfaces
[0.369s] -- Up-to-date: /home/fourfold/dev/inmind_final_project_test/workspace/install/detection_interfaces/local/lib/python3.10/dist-packages/detection_interfaces/_detection_interfaces_s.ep.rosidl_typesupport_c.c
[0.369s] -- Up-to-date: /home/fourfold/dev/inmind_final_project_test/workspace/install/detection_interfaces/local/lib/python3.10/dist-packages/detection_interfaces/_detection_interfaces_s.ep.rosidl_typesupport_fastrtps_c.c
[0.369s] -- Up-to-date: /home/fourfold/dev/inmind_final_project_test/workspace/install/detection_interfaces/local/lib/python3.10/dist-packages/detection_interfaces/detection_interfaces_s__rosidl_typesupport_introspection_c.cpython-310-x86_64-linux-gnu.so
[0.369s] -- Up-to-date: /home/fourfold/dev/inmind_final_project_test/workspace/install/detection_interfaces/local/lib/python3.10/dist-packages/detection_interfaces/detection_interfaces_s__rosidl_typesupport_fastrtps_c.cpython-310-x86_64-linux-gnu.so
[0.369s] -- Up-to-date: /home/fourfold/dev/inmind_final_project_test/workspace/install/detection_interfaces/local/lib/python3.10/dist-packages/detection_interfaces/action
[0.370s] -- Up-to-date: /home/fourfold/dev/inmind_final_project_test/workspace/install/detection_interfaces/local/lib/python3.10/dist-packages/detection_interfaces/action/_find_yellow_s.c
[0.370s] -- Up-to-date: /home/fourfold/dev/inmind_final_project_test/workspace/install/detection_interfaces/local/lib/python3.10/dist-packages/detection_interfaces/action/_find_yellow.py
[0.370s] -- Up-to-date: /home/fourfold/dev/inmind_final_project_test/workspace/install/detection_interfaces/local/lib/python3.10/dist-packages/detection_interfaces/action/_find_object.py
[0.370s] -- Up-to-date: /home/fourfold/dev/inmind_final_project_test/workspace/install/detection_interfaces/local/lib/python3.10/dist-packages/detection_interfaces/action/_find_object_s.c
[0.370s] -- Up-to-date: /home/fourfold/dev/inmind_final_project_test/workspace/install/detection_interfaces/local/lib/python3.10/dist-packages/detection_interfaces/action/__init__.py
[0.370s] -- Up-to-date: /home/fourfold/dev/inmind_final_project_test/workspace/install/detection_interfaces/local/lib/python3.10/dist-packages/detection_interfaces/_detection_interfaces_s.ep.rosidl_typesupport_introspection_c.c
[0.370s] -- Up-to-date: /home/fourfold/dev/inmind_final_project_test/workspace/install/detection_interfaces/local/lib/python3.10/dist-packages/detection_interfaces/__init__.py
[0.370s] -- Up-to-date: /home/fourfold/dev/inmind_final_project_test/workspace/install/detection_interfaces/local/lib/python3.10/dist-packages/detection_interfaces/detection_interfaces_s__rosidl_typesupport_c.cpython-310-x86_64-linux-gnu.so
[0.370s] -- Up-to-date: /home/fourfold/dev/inmind_final_project_test/workspace/install/detection_interfaces/local/lib/python3.10/dist-packages/detection_interfaces/libdetection_interfaces__rosidl_generator_py.so
[0.389s] Listing '/home/fourfold/dev/inmind_final_project_test/workspace/install/detection_interfaces/local/lib/python3.10/dist-packages/detection_interfaces'...
[0.389s] Listing '/home/fourfold/dev/inmind_final_project_test/workspace/install/detection_interfaces/local/lib/python3.10/dist-packages/detection_interfaces/action'...
[0.392s] -- Up-to-date: /home/fourfold/dev/inmind_final_project_test/workspace/install/detection_interfaces/local/lib/python3.10/dist-packages/detection_interfaces/detection_interfaces_s__rosidl_typesupport_fastrtps_c.cpython-310-x86_64-linux-gnu.so
[0.392s] -- Up-to-date: /home/fourfold/dev/inmind_final_project_test/workspace/install/detection_interfaces/local/lib/python3.10/dist-packages/detection_interfaces/detection_interfaces_s__rosidl_typesupport_introspection_c.cpython-310-x86_64-linux-gnu.so
[0.392s] -- Up-to-date: /home/fourfold/dev/inmind_final_project_test/workspace/install/detection_interfaces/local/lib/python3.10/dist-packages/detection_interfaces/detection_interfaces_s__rosidl_typesupport_c.cpython-310-x86_64-linux-gnu.so
[0.392s] -- Up-to-date: /home/fourfold/dev/inmind_final_project_test/workspace/install/detection_interfaces/lib/libdetection_interfaces__rosidl_generator_py.so
[0.392s] -- Up-to-date: /home/fourfold/dev/inmind_final_project_test/workspace/install/detection_interfaces/share/detection_interfaces/action/FindYellow.idl
[0.392s] -- Up-to-date: /home/fourfold/dev/inmind_final_project_test/workspace/install/detection_interfaces/share/detection_interfaces/action/FindObject.idl
[0.392s] -- Up-to-date: /home/fourfold/dev/inmind_final_project_test/workspace/install/detection_interfaces/share/detection_interfaces/action/FindYellow.action
[0.392s] -- Up-to-date: /home/fourfold/dev/inmind_final_project_test/workspace/install/detection_interfaces/share/detection_interfaces/action/FindObject.action
[0.392s] -- Up-to-date: /home/fourfold/dev/inmind_final_project_test/workspace/install/detection_interfaces/share/ament_index/resource_index/package_run_dependencies/detection_interfaces
[0.392s] -- Up-to-date: /home/fourfold/dev/inmind_final_project_test/workspace/install/detection_interfaces/share/ament_index/resource_index/parent_prefix_path/detection_interfaces
[0.392s] -- Up-to-date: /home/fourfold/dev/inmind_final_project_test/workspace/install/detection_interfaces/share/detection_interfaces/environment/ament_prefix_path.sh
[0.393s] -- Up-to-date: /home/fourfold/dev/inmind_final_project_test/workspace/install/detection_interfaces/share/detection_interfaces/environment/ament_prefix_path.dsv
[0.393s] -- Up-to-date: /home/fourfold/dev/inmind_final_project_test/workspace/install/detection_interfaces/share/detection_interfaces/environment/path.sh
[0.393s] -- Up-to-date: /home/fourfold/dev/inmind_final_project_test/workspace/install/detection_interfaces/share/detection_interfaces/environment/path.dsv
[0.393s] -- Up-to-date: /home/fourfold/dev/inmind_final_project_test/workspace/install/detection_interfaces/share/detection_interfaces/local_setup.bash
[0.393s] -- Up-to-date: /home/fourfold/dev/inmind_final_project_test/workspace/install/detection_interfaces/share/detection_interfaces/local_setup.sh
[0.393s] -- Up-to-date: /home/fourfold/dev/inmind_final_project_test/workspace/install/detection_interfaces/share/detection_interfaces/local_setup.zsh
[0.393s] -- Up-to-date: /home/fourfold/dev/inmind_final_project_test/workspace/install/detection_interfaces/share/detection_interfaces/local_setup.dsv
[0.393s] -- Installing: /home/fourfold/dev/inmind_final_project_test/workspace/install/detection_interfaces/share/detection_interfaces/package.dsv
[0.393s] -- Up-to-date: /home/fourfold/dev/inmind_final_project_test/workspace/install/detection_interfaces/share/ament_index/resource_index/packages/detection_interfaces
[0.393s] -- Up-to-date: /home/fourfold/dev/inmind_final_project_test/workspace/install/detection_interfaces/share/detection_interfaces/cmake/export_detection_interfaces__rosidl_generator_cExport.cmake
[0.393s] -- Up-to-date: /home/fourfold/dev/inmind_final_project_test/workspace/install/detection_interfaces/share/detection_interfaces/cmake/export_detection_interfaces__rosidl_generator_cExport-noconfig.cmake
[0.393s] -- Up-to-date: /home/fourfold/dev/inmind_final_project_test/workspace/install/detection_interfaces/share/detection_interfaces/cmake/export_detection_interfaces__rosidl_typesupport_fastrtps_cExport.cmake
[0.393s] -- Up-to-date: /home/fourfold/dev/inmind_final_project_test/workspace/install/detection_interfaces/share/detection_interfaces/cmake/export_detection_interfaces__rosidl_typesupport_fastrtps_cExport-noconfig.cmake
[0.393s] -- Up-to-date: /home/fourfold/dev/inmind_final_project_test/workspace/install/detection_interfaces/share/detection_interfaces/cmake/detection_interfaces__rosidl_typesupport_introspection_cExport.cmake
[0.393s] -- Up-to-date: /home/fourfold/dev/inmind_final_project_test/workspace/install/detection_interfaces/share/detection_interfaces/cmake/detection_interfaces__rosidl_typesupport_introspection_cExport-noconfig.cmake
[0.393s] -- Up-to-date: /home/fourfold/dev/inmind_final_project_test/workspace/install/detection_interfaces/share/detection_interfaces/cmake/detection_interfaces__rosidl_typesupport_cExport.cmake
[0.393s] -- Up-to-date: /home/fourfold/dev/inmind_final_project_test/workspace/install/detection_interfaces/share/detection_interfaces/cmake/detection_interfaces__rosidl_typesupport_cExport-noconfig.cmake
[0.393s] -- Up-to-date: /home/fourfold/dev/inmind_final_project_test/workspace/install/detection_interfaces/share/detection_interfaces/cmake/export_detection_interfaces__rosidl_generator_cppExport.cmake
[0.393s] -- Up-to-date: /home/fourfold/dev/inmind_final_project_test/workspace/install/detection_interfaces/share/detection_interfaces/cmake/export_detection_interfaces__rosidl_typesupport_fastrtps_cppExport.cmake
[0.393s] -- Up-to-date: /home/fourfold/dev/inmind_final_project_test/workspace/install/detection_interfaces/share/detection_interfaces/cmake/export_detection_interfaces__rosidl_typesupport_fastrtps_cppExport-noconfig.cmake
[0.393s] -- Up-to-date: /home/fourfold/dev/inmind_final_project_test/workspace/install/detection_interfaces/share/detection_interfaces/cmake/detection_interfaces__rosidl_typesupport_introspection_cppExport.cmake
[0.393s] -- Up-to-date: /home/fourfold/dev/inmind_final_project_test/workspace/install/detection_interfaces/share/detection_interfaces/cmake/detection_interfaces__rosidl_typesupport_introspection_cppExport-noconfig.cmake
[0.394s] -- Up-to-date: /home/fourfold/dev/inmind_final_project_test/workspace/install/detection_interfaces/share/detection_interfaces/cmake/detection_interfaces__rosidl_typesupport_cppExport.cmake
[0.394s] -- Up-to-date: /home/fourfold/dev/inmind_final_project_test/workspace/install/detection_interfaces/share/detection_interfaces/cmake/detection_interfaces__rosidl_typesupport_cppExport-noconfig.cmake
[0.394s] -- Up-to-date: /home/fourfold/dev/inmind_final_project_test/workspace/install/detection_interfaces/share/detection_interfaces/cmake/export_detection_interfaces__rosidl_generator_pyExport.cmake
[0.394s] -- Up-to-date: /home/fourfold/dev/inmind_final_project_test/workspace/install/detection_interfaces/share/detection_interfaces/cmake/export_detection_interfaces__rosidl_generator_pyExport-noconfig.cmake
[0.394s] -- Up-to-date: /home/fourfold/dev/inmind_final_project_test/workspace/install/detection_interfaces/share/detection_interfaces/cmake/rosidl_cmake-extras.cmake
[0.394s] -- Up-to-date: /home/fourfold/dev/inmind_final_project_test/workspace/install/detection_interfaces/share/detection_interfaces/cmake/ament_cmake_export_dependencies-extras.cmake
[0.394s] -- Up-to-date: /home/fourfold/dev/inmind_final_project_test/workspace/install/detection_interfaces/share/detection_interfaces/cmake/ament_cmake_export_include_directories-extras.cmake
[0.394s] -- Up-to-date: /home/fourfold/dev/inmind_final_project_test/workspace/install/detection_interfaces/share/detection_interfaces/cmake/ament_cmake_export_libraries-extras.cmake
[0.394s] -- Up-to-date: /home/fourfold/dev/inmind_final_project_test/workspace/install/detection_interfaces/share/detection_interfaces/cmake/ament_cmake_export_targets-extras.cmake
[0.394s] -- Up-to-date: /home/fourfold/dev/inmind_final_project_test/workspace/install/detection_interfaces/share/detection_interfaces/cmake/rosidl_cmake_export_typesupport_targets-extras.cmake
[0.394s] -- Up-to-date: /home/fourfold/dev/inmind_final_project_test/workspace/install/detection_interfaces/share/detection_interfaces/cmake/rosidl_cmake_export_typesupport_libraries-extras.cmake
[0.394s] -- Up-to-date: /home/fourfold/dev/inmind_final_project_test/workspace/install/detection_interfaces/share/detection_interfaces/cmake/detection_interfacesConfig.cmake
[0.394s] -- Up-to-date: /home/fourfold/dev/inmind_final_project_test/workspace/install/detection_interfaces/share/detection_interfaces/cmake/detection_interfacesConfig-version.cmake
[0.394s] -- Up-to-date: /home/fourfold/dev/inmind_final_project_test/workspace/install/detection_interfaces/share/detection_interfaces/package.xml
[0.397s] Invoked command in '/home/fourfold/dev/inmind_final_project_test/workspace/build/detection_interfaces' returned '0': CMAKE_PREFIX_PATH=${CMAKE_PREFIX_PATH}:/home/fourfold/dev/inmind_final_project_test/workspace/install/yolov8_webcam:/opt/ros/humble /usr/bin/cmake --install /home/fourfold/dev/inmind_final_project_test/workspace/build/detection_interfaces
