[0.007s] Invoking command in '/home/fourfold/dev/inmind_final_project_test/workspace/build/yellow_ball_finder': CMAKE_PREFIX_PATH=/home/fourfold/dev/inmind_final_project_test/workspace/install/detection_interfaces:/home/fourfold/dev/inmind_final_project_test/workspace/install/main:/home/fourfold/dev/inmind_final_project_test/workspace/install/yellow_ball_finder:/home/fourfold/dev/inmind_final_project_test/workspace/install/basic_navigation:/opt/ros/humble /usr/bin/cmake --build /home/fourfold/dev/inmind_final_project_test/workspace/build/yellow_ball_finder -- -j16 -l16
[0.037s] [35m[1mConsolidate compiler generated dependencies of target yellow_ball_action_server[0m
[0.048s] [ 50%] [32mBuilding CXX object CMakeFiles/yellow_ball_action_server.dir/src/yellow_ball_action_server.cpp.o[0m
[5.656s] [100%] [32m[1mLinking CXX executable yellow_ball_action_server[0m
[6.066s] [100%] Built target yellow_ball_action_server
[6.075s] Invoked command in '/home/fourfold/dev/inmind_final_project_test/workspace/build/yellow_ball_finder' returned '0': CMAKE_PREFIX_PATH=/home/fourfold/dev/inmind_final_project_test/workspace/install/detection_interfaces:/home/fourfold/dev/inmind_final_project_test/workspace/install/main:/home/fourfold/dev/inmind_final_project_test/workspace/install/yellow_ball_finder:/home/fourfold/dev/inmind_final_project_test/workspace/install/basic_navigation:/opt/ros/humble /usr/bin/cmake --build /home/fourfold/dev/inmind_final_project_test/workspace/build/yellow_ball_finder -- -j16 -l16
[6.092s] Invoking command in '/home/fourfold/dev/inmind_final_project_test/workspace/build/yellow_ball_finder': CMAKE_PREFIX_PATH=/home/fourfold/dev/inmind_final_project_test/workspace/install/detection_interfaces:/home/fourfold/dev/inmind_final_project_test/workspace/install/main:/home/fourfold/dev/inmind_final_project_test/workspace/install/yellow_ball_finder:/home/fourfold/dev/inmind_final_project_test/workspace/install/basic_navigation:/opt/ros/humble /usr/bin/cmake --install /home/fourfold/dev/inmind_final_project_test/workspace/build/yellow_ball_finder
[6.096s] -- Install configuration: ""
[6.096s] -- Up-to-date: /home/fourfold/dev/inmind_final_project_test/workspace/install/yellow_ball_finder/include/
[6.096s] -- Up-to-date: /home/fourfold/dev/inmind_final_project_test/workspace/install/yellow_ball_finder/include//yellow_ball_finder
[6.096s] -- Up-to-date: /home/fourfold/dev/inmind_final_project_test/workspace/install/yellow_ball_finder/include//yellow_ball_finder/yellow_ball_at_center.h
[6.097s] -- Installing: /home/fourfold/dev/inmind_final_project_test/workspace/install/yellow_ball_finder/include//yellow_ball_finder/yellow_ball_action_server.h
[6.097s] -- Up-to-date: /home/fourfold/dev/inmind_final_project_test/workspace/install/yellow_ball_finder/include//yellow_ball_finder/find_yellow_ball.h
[6.097s] -- Installing: /home/fourfold/dev/inmind_final_project_test/workspace/install/yellow_ball_finder/lib/yellow_ball_finder/yellow_ball_action_server
[6.099s] -- Set runtime path of "/home/fourfold/dev/inmind_final_project_test/workspace/install/yellow_ball_finder/lib/yellow_ball_finder/yellow_ball_action_server" to ""
[6.099s] -- Up-to-date: /home/fourfold/dev/inmind_final_project_test/workspace/install/yellow_ball_finder/share/ament_index/resource_index/package_run_dependencies/yellow_ball_finder
[6.099s] -- Up-to-date: /home/fourfold/dev/inmind_final_project_test/workspace/install/yellow_ball_finder/share/ament_index/resource_index/parent_prefix_path/yellow_ball_finder
[6.099s] -- Up-to-date: /home/fourfold/dev/inmind_final_project_test/workspace/install/yellow_ball_finder/share/yellow_ball_finder/environment/ament_prefix_path.sh
[6.099s] -- Up-to-date: /home/fourfold/dev/inmind_final_project_test/workspace/install/yellow_ball_finder/share/yellow_ball_finder/environment/ament_prefix_path.dsv
[6.099s] -- Up-to-date: /home/fourfold/dev/inmind_final_project_test/workspace/install/yellow_ball_finder/share/yellow_ball_finder/environment/path.sh
[6.099s] -- Up-to-date: /home/fourfold/dev/inmind_final_project_test/workspace/install/yellow_ball_finder/share/yellow_ball_finder/environment/path.dsv
[6.099s] -- Up-to-date: /home/fourfold/dev/inmind_final_project_test/workspace/install/yellow_ball_finder/share/yellow_ball_finder/local_setup.bash
[6.099s] -- Up-to-date: /home/fourfold/dev/inmind_final_project_test/workspace/install/yellow_ball_finder/share/yellow_ball_finder/local_setup.sh
[6.099s] -- Up-to-date: /home/fourfold/dev/inmind_final_project_test/workspace/install/yellow_ball_finder/share/yellow_ball_finder/local_setup.zsh
[6.099s] -- Up-to-date: /home/fourfold/dev/inmind_final_project_test/workspace/install/yellow_ball_finder/share/yellow_ball_finder/local_setup.dsv
[6.099s] -- Installing: /home/fourfold/dev/inmind_final_project_test/workspace/install/yellow_ball_finder/share/yellow_ball_finder/package.dsv
[6.099s] -- Up-to-date: /home/fourfold/dev/inmind_final_project_test/workspace/install/yellow_ball_finder/share/ament_index/resource_index/packages/yellow_ball_finder
[6.099s] -- Up-to-date: /home/fourfold/dev/inmind_final_project_test/workspace/install/yellow_ball_finder/share/yellow_ball_finder/cmake/ament_cmake_export_include_directories-extras.cmake
[6.099s] -- Up-to-date: /home/fourfold/dev/inmind_final_project_test/workspace/install/yellow_ball_finder/share/yellow_ball_finder/cmake/yellow_ball_finderConfig.cmake
[6.099s] -- Up-to-date: /home/fourfold/dev/inmind_final_project_test/workspace/install/yellow_ball_finder/share/yellow_ball_finder/cmake/yellow_ball_finderConfig-version.cmake
[6.099s] -- Up-to-date: /home/fourfold/dev/inmind_final_project_test/workspace/install/yellow_ball_finder/share/yellow_ball_finder/package.xml
[6.100s] Invoked command in '/home/fourfold/dev/inmind_final_project_test/workspace/build/yellow_ball_finder' returned '0': CMAKE_PREFIX_PATH=/home/fourfold/dev/inmind_final_project_test/workspace/install/detection_interfaces:/home/fourfold/dev/inmind_final_project_test/workspace/install/main:/home/fourfold/dev/inmind_final_project_test/workspace/install/yellow_ball_finder:/home/fourfold/dev/inmind_final_project_test/workspace/install/basic_navigation:/opt/ros/humble /usr/bin/cmake --install /home/fourfold/dev/inmind_final_project_test/workspace/build/yellow_ball_finder
