-- Found ament_cmake: 1.3.10 (/opt/ros/humble/share/ament_cmake/cmake)
-- Found rclcpp: 16.0.10 (/opt/ros/humble/share/rclcpp/cmake)
-- Found rosidl_generator_c: 3.1.5 (/opt/ros/humble/share/rosidl_generator_c/cmake)
-- Found rosidl_adapter: 3.1.5 (/opt/ros/humble/share/rosidl_adapter/cmake)
-- Found rosidl_generator_cpp: 3.1.5 (/opt/ros/humble/share/rosidl_generator_cpp/cmake)
-- Using all available rosidl_typesupport_c: rosidl_typesupport_fastrtps_c;rosidl_typesupport_introspection_c
-- Using all available rosidl_typesupport_cpp: rosidl_typesupport_fastrtps_cpp;rosidl_typesupport_introspection_cpp
-- Found rmw_implementation_cmake: 6.1.2 (/opt/ros/humble/share/rmw_implementation_cmake/cmake)
-- Found rmw_fastrtps_cpp: 6.2.7 (/opt/ros/humble/share/rmw_fastrtps_cpp/cmake)
-- Found OpenSSL: /usr/lib/x86_64-linux-gnu/libcrypto.so (found version "3.0.2")  
-- Found FastRTPS: /opt/ros/humble/include  
-- Using RMW implementation 'rmw_fastrtps_cpp' as default
-- Looking for pthread.h
-- Looking for pthread.h - found
-- Performing Test CMAKE_HAVE_LIBC_PTHREAD
-- Performing Test CMAKE_HAVE_LIBC_PTHREAD - Success
-- Found Threads: TRUE  
-- Found rclcpp_action: 16.0.10 (/opt/ros/humble/share/rclcpp_action/cmake)
-- Found detection_interfaces: 0.0.0 (/home/fourfold/dev/inmind_final_project_test/workspace/install/detection_interfaces/share/detection_interfaces/cmake)
-- Found ament_lint_auto: 0.12.11 (/opt/ros/humble/share/ament_lint_auto/cmake)
-- Added test 'cppcheck' to perform static code analysis on C / C++ code
-- Configured cppcheck include dirs: /home/fourfold/dev/inmind_final_project_test/workspace/src/perception/object_finder/include
-- Configured cppcheck exclude dirs and/or files: 
-- Added test 'flake8' to check Python code syntax and style conventions
-- Added test 'lint_cmake' to check CMake code style
-- Added test 'pep257' to check Python code against some of the docstring style conventions in PEP 257
-- Added test 'uncrustify' to check C / C++ code style
-- Configured uncrustify additional arguments: 
-- Added test 'xmllint' to check XML markup files
-- Configuring done
-- Generating done
-- Build files have been written to: /home/fourfold/dev/inmind_final_project_test/workspace/build/object_finder
-- Install configuration: ""
-- Installing: /home/fourfold/dev/inmind_final_project_test/workspace/install/object_finder/include/
-- Installing: /home/fourfold/dev/inmind_final_project_test/workspace/install/object_finder/include//object_finder
-- Installing: /home/fourfold/dev/inmind_final_project_test/workspace/install/object_finder/include//object_finder/find_object.h
-- Installing: /home/fourfold/dev/inmind_final_project_test/workspace/install/object_finder/include//object_finder/object_on_right.h
-- Installing: /home/fourfold/dev/inmind_final_project_test/workspace/install/object_finder/include//object_finder/object_at_center.h
-- Installing: /home/fourfold/dev/inmind_final_project_test/workspace/install/object_finder/include//object_finder/object_on_left.h
-- Installing: /home/fourfold/dev/inmind_final_project_test/workspace/install/object_finder/share/ament_index/resource_index/package_run_dependencies/object_finder
-- Installing: /home/fourfold/dev/inmind_final_project_test/workspace/install/object_finder/share/ament_index/resource_index/parent_prefix_path/object_finder
-- Up-to-date: /home/fourfold/dev/inmind_final_project_test/workspace/install/object_finder/share/object_finder/environment/ament_prefix_path.sh
-- Installing: /home/fourfold/dev/inmind_final_project_test/workspace/install/object_finder/share/object_finder/environment/ament_prefix_path.dsv
-- Up-to-date: /home/fourfold/dev/inmind_final_project_test/workspace/install/object_finder/share/object_finder/environment/path.sh
-- Installing: /home/fourfold/dev/inmind_final_project_test/workspace/install/object_finder/share/object_finder/environment/path.dsv
-- Up-to-date: /home/fourfold/dev/inmind_final_project_test/workspace/install/object_finder/share/object_finder/local_setup.bash
-- Up-to-date: /home/fourfold/dev/inmind_final_project_test/workspace/install/object_finder/share/object_finder/local_setup.sh
-- Up-to-date: /home/fourfold/dev/inmind_final_project_test/workspace/install/object_finder/share/object_finder/local_setup.zsh
-- Installing: /home/fourfold/dev/inmind_final_project_test/workspace/install/object_finder/share/object_finder/local_setup.dsv
-- Installing: /home/fourfold/dev/inmind_final_project_test/workspace/install/object_finder/share/object_finder/package.dsv
-- Up-to-date: /home/fourfold/dev/inmind_final_project_test/workspace/install/object_finder/share/ament_index/resource_index/packages/object_finder
-- Installing: /home/fourfold/dev/inmind_final_project_test/workspace/install/object_finder/share/object_finder/cmake/ament_cmake_export_include_directories-extras.cmake
-- Installing: /home/fourfold/dev/inmind_final_project_test/workspace/install/object_finder/share/object_finder/cmake/object_finderConfig.cmake
-- Up-to-date: /home/fourfold/dev/inmind_final_project_test/workspace/install/object_finder/share/object_finder/cmake/object_finderConfig-version.cmake
-- Installing: /home/fourfold/dev/inmind_final_project_test/workspace/install/object_finder/share/object_finder/package.xml
