[0.006s] Invoking command in '/home/fourfold/dev/inmind_final_project_test/workspace/build/object_finder': AMENT_PREFIX_PATH=/home/fourfold/dev/inmind_final_project_test/workspace/install/detection_interfaces:${AMENT_PREFIX_PATH} CMAKE_PREFIX_PATH=/home/fourfold/dev/inmind_final_project_test/workspace/install/detection_interfaces:/opt/ros/humble LD_LIBRARY_PATH=/home/fourfold/dev/inmind_final_project_test/workspace/install/detection_interfaces/lib:${LD_LIBRARY_PATH} PYTHONPATH=/home/fourfold/dev/inmind_final_project_test/workspace/install/detection_interfaces/local/lib/python3.10/dist-packages:${PYTHONPATH} /usr/bin/cmake --build /home/fourfold/dev/inmind_final_project_test/workspace/build/object_finder -- -j16 -l16
[0.026s] -- Found ament_cmake: 1.3.10 (/opt/ros/humble/share/ament_cmake/cmake)
[0.129s] -- Found rclcpp: 16.0.10 (/opt/ros/humble/share/rclcpp/cmake)
[0.164s] -- Found rosidl_generator_c: 3.1.5 (/opt/ros/humble/share/rosidl_generator_c/cmake)
[0.167s] -- Found rosidl_adapter: 3.1.5 (/opt/ros/humble/share/rosidl_adapter/cmake)
[0.176s] -- Found rosidl_generator_cpp: 3.1.5 (/opt/ros/humble/share/rosidl_generator_cpp/cmake)
[0.186s] -- Using all available rosidl_typesupport_c: rosidl_typesupport_fastrtps_c;rosidl_typesupport_introspection_c
[0.199s] -- Using all available rosidl_typesupport_cpp: rosidl_typesupport_fastrtps_cpp;rosidl_typesupport_introspection_cpp
[0.231s] -- Found rmw_implementation_cmake: 6.1.2 (/opt/ros/humble/share/rmw_implementation_cmake/cmake)
[0.234s] -- Found rmw_fastrtps_cpp: 6.2.7 (/opt/ros/humble/share/rmw_fastrtps_cpp/cmake)
[0.297s] -- Found OpenSSL: /usr/lib/x86_64-linux-gnu/libcrypto.so (found version "3.0.2")  
[0.317s] -- Found FastRTPS: /opt/ros/humble/include  
[0.346s] -- Using RMW implementation 'rmw_fastrtps_cpp' as default
[0.353s] -- Looking for pthread.h
[0.411s] -- Looking for pthread.h - found
[0.411s] -- Performing Test CMAKE_HAVE_LIBC_PTHREAD
[0.463s] -- Performing Test CMAKE_HAVE_LIBC_PTHREAD - Success
[0.463s] -- Found Threads: TRUE  
[0.499s] -- Found rclcpp_action: 16.0.10 (/opt/ros/humble/share/rclcpp_action/cmake)
[0.525s] -- Found detection_interfaces: 0.0.0 (/home/fourfold/dev/inmind_final_project_test/workspace/install/detection_interfaces/share/detection_interfaces/cmake)
[0.534s] -- Found ament_lint_auto: 0.12.11 (/opt/ros/humble/share/ament_lint_auto/cmake)
[0.583s] -- Added test 'cppcheck' to perform static code analysis on C / C++ code
[0.583s] -- Configured cppcheck include dirs: /home/fourfold/dev/inmind_final_project_test/workspace/src/perception/object_finder/include
[0.583s] -- Configured cppcheck exclude dirs and/or files: 
[0.583s] -- Added test 'flake8' to check Python code syntax and style conventions
[0.584s] -- Added test 'lint_cmake' to check CMake code style
[0.584s] -- Added test 'pep257' to check Python code against some of the docstring style conventions in PEP 257
[0.585s] -- Added test 'uncrustify' to check C / C++ code style
[0.585s] -- Configured uncrustify additional arguments: 
[0.585s] -- Added test 'xmllint' to check XML markup files
[0.586s] -- Configuring done
[0.588s] -- Generating done
[0.589s] -- Build files have been written to: /home/fourfold/dev/inmind_final_project_test/workspace/build/object_finder
[0.608s] Invoked command in '/home/fourfold/dev/inmind_final_project_test/workspace/build/object_finder' returned '0': AMENT_PREFIX_PATH=/home/fourfold/dev/inmind_final_project_test/workspace/install/detection_interfaces:${AMENT_PREFIX_PATH} CMAKE_PREFIX_PATH=/home/fourfold/dev/inmind_final_project_test/workspace/install/detection_interfaces:/opt/ros/humble LD_LIBRARY_PATH=/home/fourfold/dev/inmind_final_project_test/workspace/install/detection_interfaces/lib:${LD_LIBRARY_PATH} PYTHONPATH=/home/fourfold/dev/inmind_final_project_test/workspace/install/detection_interfaces/local/lib/python3.10/dist-packages:${PYTHONPATH} /usr/bin/cmake --build /home/fourfold/dev/inmind_final_project_test/workspace/build/object_finder -- -j16 -l16
[0.625s] Invoking command in '/home/fourfold/dev/inmind_final_project_test/workspace/build/object_finder': AMENT_PREFIX_PATH=/home/fourfold/dev/inmind_final_project_test/workspace/install/detection_interfaces:${AMENT_PREFIX_PATH} CMAKE_PREFIX_PATH=/home/fourfold/dev/inmind_final_project_test/workspace/install/detection_interfaces:/opt/ros/humble LD_LIBRARY_PATH=/home/fourfold/dev/inmind_final_project_test/workspace/install/detection_interfaces/lib:${LD_LIBRARY_PATH} PYTHONPATH=/home/fourfold/dev/inmind_final_project_test/workspace/install/detection_interfaces/local/lib/python3.10/dist-packages:${PYTHONPATH} /usr/bin/cmake --install /home/fourfold/dev/inmind_final_project_test/workspace/build/object_finder
[0.631s] -- Install configuration: ""
[0.631s] -- Installing: /home/fourfold/dev/inmind_final_project_test/workspace/install/object_finder/include/
[0.631s] -- Installing: /home/fourfold/dev/inmind_final_project_test/workspace/install/object_finder/include//object_finder
[0.631s] -- Installing: /home/fourfold/dev/inmind_final_project_test/workspace/install/object_finder/include//object_finder/find_object.h
[0.631s] -- Installing: /home/fourfold/dev/inmind_final_project_test/workspace/install/object_finder/include//object_finder/object_on_right.h
[0.631s] -- Installing: /home/fourfold/dev/inmind_final_project_test/workspace/install/object_finder/include//object_finder/object_at_center.h
[0.631s] -- Installing: /home/fourfold/dev/inmind_final_project_test/workspace/install/object_finder/include//object_finder/object_on_left.h
[0.631s] -- Installing: /home/fourfold/dev/inmind_final_project_test/workspace/install/object_finder/share/ament_index/resource_index/package_run_dependencies/object_finder
[0.631s] -- Installing: /home/fourfold/dev/inmind_final_project_test/workspace/install/object_finder/share/ament_index/resource_index/parent_prefix_path/object_finder
[0.631s] -- Up-to-date: /home/fourfold/dev/inmind_final_project_test/workspace/install/object_finder/share/object_finder/environment/ament_prefix_path.sh
[0.631s] -- Installing: /home/fourfold/dev/inmind_final_project_test/workspace/install/object_finder/share/object_finder/environment/ament_prefix_path.dsv
[0.632s] -- Up-to-date: /home/fourfold/dev/inmind_final_project_test/workspace/install/object_finder/share/object_finder/environment/path.sh
[0.632s] -- Installing: /home/fourfold/dev/inmind_final_project_test/workspace/install/object_finder/share/object_finder/environment/path.dsv
[0.632s] -- Up-to-date: /home/fourfold/dev/inmind_final_project_test/workspace/install/object_finder/share/object_finder/local_setup.bash
[0.632s] -- Up-to-date: /home/fourfold/dev/inmind_final_project_test/workspace/install/object_finder/share/object_finder/local_setup.sh
[0.632s] -- Up-to-date: /home/fourfold/dev/inmind_final_project_test/workspace/install/object_finder/share/object_finder/local_setup.zsh
[0.632s] -- Installing: /home/fourfold/dev/inmind_final_project_test/workspace/install/object_finder/share/object_finder/local_setup.dsv
[0.632s] -- Installing: /home/fourfold/dev/inmind_final_project_test/workspace/install/object_finder/share/object_finder/package.dsv
[0.632s] -- Up-to-date: /home/fourfold/dev/inmind_final_project_test/workspace/install/object_finder/share/ament_index/resource_index/packages/object_finder
[0.632s] -- Installing: /home/fourfold/dev/inmind_final_project_test/workspace/install/object_finder/share/object_finder/cmake/ament_cmake_export_include_directories-extras.cmake
[0.632s] -- Installing: /home/fourfold/dev/inmind_final_project_test/workspace/install/object_finder/share/object_finder/cmake/object_finderConfig.cmake
[0.632s] -- Up-to-date: /home/fourfold/dev/inmind_final_project_test/workspace/install/object_finder/share/object_finder/cmake/object_finderConfig-version.cmake
[0.632s] -- Installing: /home/fourfold/dev/inmind_final_project_test/workspace/install/object_finder/share/object_finder/package.xml
[0.633s] Invoked command in '/home/fourfold/dev/inmind_final_project_test/workspace/build/object_finder' returned '0': AMENT_PREFIX_PATH=/home/fourfold/dev/inmind_final_project_test/workspace/install/detection_interfaces:${AMENT_PREFIX_PATH} CMAKE_PREFIX_PATH=/home/fourfold/dev/inmind_final_project_test/workspace/install/detection_interfaces:/opt/ros/humble LD_LIBRARY_PATH=/home/fourfold/dev/inmind_final_project_test/workspace/install/detection_interfaces/lib:${LD_LIBRARY_PATH} PYTHONPATH=/home/fourfold/dev/inmind_final_project_test/workspace/install/detection_interfaces/local/lib/python3.10/dist-packages:${PYTHONPATH} /usr/bin/cmake --install /home/fourfold/dev/inmind_final_project_test/workspace/build/object_finder
