[0.012s] Invoking command in '/home/fourfold/dev/inmind_final_project_test/workspace/build/main': CMAKE_PREFIX_PATH=/home/fourfold/dev/inmind_final_project_test/workspace/install/yellow_ball_finder:/home/fourfold/dev/inmind_final_project_test/workspace/install/object_finder:/home/fourfold/dev/inmind_final_project_test/workspace/install/distance_check:/home/fourfold/dev/inmind_final_project_test/workspace/install/distance_interfaces:/home/fourfold/dev/inmind_final_project_test/workspace/install/detection_interfaces:/home/fourfold/dev/inmind_final_project_test/workspace/install/basic_navigation:/home/fourfold/dev/inmind_final_project_test/workspace/install/main:/home/fourfold/dev/inmind_final_project_test/workspace/install/custom_interface_yolo:/home/fourfold/dev/inmind_final_project_test/workspace/install/yolov8_webcam:/home/fourfold/dev/inmind_final_project_test/workspace/install/object_detector:/opt/ros/humble /usr/bin/cmake --build /home/fourfold/dev/inmind_final_project_test/workspace/build/main -- -j16 -l16
[0.060s] [ 50%] Built target test_node
[0.061s] [100%] Built target main_node
[0.067s] Invoked command in '/home/fourfold/dev/inmind_final_project_test/workspace/build/main' returned '0': CMAKE_PREFIX_PATH=/home/fourfold/dev/inmind_final_project_test/workspace/install/yellow_ball_finder:/home/fourfold/dev/inmind_final_project_test/workspace/install/object_finder:/home/fourfold/dev/inmind_final_project_test/workspace/install/distance_check:/home/fourfold/dev/inmind_final_project_test/workspace/install/distance_interfaces:/home/fourfold/dev/inmind_final_project_test/workspace/install/detection_interfaces:/home/fourfold/dev/inmind_final_project_test/workspace/install/basic_navigation:/home/fourfold/dev/inmind_final_project_test/workspace/install/main:/home/fourfold/dev/inmind_final_project_test/workspace/install/custom_interface_yolo:/home/fourfold/dev/inmind_final_project_test/workspace/install/yolov8_webcam:/home/fourfold/dev/inmind_final_project_test/workspace/install/object_detector:/opt/ros/humble /usr/bin/cmake --build /home/fourfold/dev/inmind_final_project_test/workspace/build/main -- -j16 -l16
[0.088s] Invoking command in '/home/fourfold/dev/inmind_final_project_test/workspace/build/main': CMAKE_PREFIX_PATH=/home/fourfold/dev/inmind_final_project_test/workspace/install/yellow_ball_finder:/home/fourfold/dev/inmind_final_project_test/workspace/install/object_finder:/home/fourfold/dev/inmind_final_project_test/workspace/install/distance_check:/home/fourfold/dev/inmind_final_project_test/workspace/install/distance_interfaces:/home/fourfold/dev/inmind_final_project_test/workspace/install/detection_interfaces:/home/fourfold/dev/inmind_final_project_test/workspace/install/basic_navigation:/home/fourfold/dev/inmind_final_project_test/workspace/install/main:/home/fourfold/dev/inmind_final_project_test/workspace/install/custom_interface_yolo:/home/fourfold/dev/inmind_final_project_test/workspace/install/yolov8_webcam:/home/fourfold/dev/inmind_final_project_test/workspace/install/object_detector:/opt/ros/humble /usr/bin/cmake --install /home/fourfold/dev/inmind_final_project_test/workspace/build/main
[0.092s] -- Install configuration: ""
[0.092s] -- Up-to-date: /home/fourfold/dev/inmind_final_project_test/workspace/install/main/lib/main/main_node
[0.092s] -- Up-to-date: /home/fourfold/dev/inmind_final_project_test/workspace/install/main/lib/main/test_node
[0.092s] -- Up-to-date: /home/fourfold/dev/inmind_final_project_test/workspace/install/main/share/ament_index/resource_index/package_run_dependencies/main
[0.092s] -- Up-to-date: /home/fourfold/dev/inmind_final_project_test/workspace/install/main/share/ament_index/resource_index/parent_prefix_path/main
[0.092s] -- Up-to-date: /home/fourfold/dev/inmind_final_project_test/workspace/install/main/share/main/environment/ament_prefix_path.sh
[0.092s] -- Up-to-date: /home/fourfold/dev/inmind_final_project_test/workspace/install/main/share/main/environment/ament_prefix_path.dsv
[0.092s] -- Up-to-date: /home/fourfold/dev/inmind_final_project_test/workspace/install/main/share/main/environment/path.sh
[0.092s] -- Up-to-date: /home/fourfold/dev/inmind_final_project_test/workspace/install/main/share/main/environment/path.dsv
[0.092s] -- Up-to-date: /home/fourfold/dev/inmind_final_project_test/workspace/install/main/share/main/local_setup.bash
[0.092s] -- Up-to-date: /home/fourfold/dev/inmind_final_project_test/workspace/install/main/share/main/local_setup.sh
[0.092s] -- Up-to-date: /home/fourfold/dev/inmind_final_project_test/workspace/install/main/share/main/local_setup.zsh
[0.092s] -- Up-to-date: /home/fourfold/dev/inmind_final_project_test/workspace/install/main/share/main/local_setup.dsv
[0.092s] -- Installing: /home/fourfold/dev/inmind_final_project_test/workspace/install/main/share/main/package.dsv
[0.092s] -- Up-to-date: /home/fourfold/dev/inmind_final_project_test/workspace/install/main/share/ament_index/resource_index/packages/main
[0.092s] -- Up-to-date: /home/fourfold/dev/inmind_final_project_test/workspace/install/main/share/main/cmake/mainConfig.cmake
[0.092s] -- Up-to-date: /home/fourfold/dev/inmind_final_project_test/workspace/install/main/share/main/cmake/mainConfig-version.cmake
[0.092s] -- Up-to-date: /home/fourfold/dev/inmind_final_project_test/workspace/install/main/share/main/package.xml
[0.093s] Invoked command in '/home/fourfold/dev/inmind_final_project_test/workspace/build/main' returned '0': CMAKE_PREFIX_PATH=/home/fourfold/dev/inmind_final_project_test/workspace/install/yellow_ball_finder:/home/fourfold/dev/inmind_final_project_test/workspace/install/object_finder:/home/fourfold/dev/inmind_final_project_test/workspace/install/distance_check:/home/fourfold/dev/inmind_final_project_test/workspace/install/distance_interfaces:/home/fourfold/dev/inmind_final_project_test/workspace/install/detection_interfaces:/home/fourfold/dev/inmind_final_project_test/workspace/install/basic_navigation:/home/fourfold/dev/inmind_final_project_test/workspace/install/main:/home/fourfold/dev/inmind_final_project_test/workspace/install/custom_interface_yolo:/home/fourfold/dev/inmind_final_project_test/workspace/install/yolov8_webcam:/home/fourfold/dev/inmind_final_project_test/workspace/install/object_detector:/opt/ros/humble /usr/bin/cmake --install /home/fourfold/dev/inmind_final_project_test/workspace/build/main
