[0.008s] Invoking command in '/home/fourfold/dev/inmind_final_project_test/workspace/build/distance_check': CMAKE_PREFIX_PATH=/opt/ros/humble /usr/bin/cmake /home/fourfold/dev/inmind_final_project_test/workspace/src/perception/distance_check -DCMAKE_INSTALL_PREFIX=/home/fourfold/dev/inmind_final_project_test/workspace/install/distance_check
[0.079s] -- The C compiler identification is GNU 11.4.0
[0.132s] -- The CXX compiler identification is GNU 11.4.0
[0.137s] -- Detecting C compiler ABI info
[0.181s] -- Detecting C compiler ABI info - done
[0.185s] -- Check for working C compiler: /usr/bin/cc - skipped
[0.185s] -- Detecting C compile features
[0.186s] -- Detecting C compile features - done
[0.188s] -- Detecting CXX compiler ABI info
[0.238s] -- Detecting CXX compiler ABI info - done
[0.246s] -- Check for working CXX compiler: /usr/bin/c++ - skipped
[0.246s] -- Detecting CXX compile features
[0.246s] -- Detecting CXX compile features - done
[0.248s] -- Found ament_cmake: 1.3.10 (/opt/ros/humble/share/ament_cmake/cmake)
[0.344s] -- Found Python3: /usr/bin/python3 (found version "3.10.12") found components: Interpreter 
[0.400s] -- Found ament_lint_auto: 0.12.11 (/opt/ros/humble/share/ament_lint_auto/cmake)
[0.447s] -- Added test 'lint_cmake' to check CMake code style
[0.448s] -- Added test 'xmllint' to check XML markup files
[0.448s] -- Configuring done
[0.450s] -- Generating done
[0.450s] -- Build files have been written to: /home/fourfold/dev/inmind_final_project_test/workspace/build/distance_check
[0.453s] Invoked command in '/home/fourfold/dev/inmind_final_project_test/workspace/build/distance_check' returned '0': CMAKE_PREFIX_PATH=/opt/ros/humble /usr/bin/cmake /home/fourfold/dev/inmind_final_project_test/workspace/src/perception/distance_check -DCMAKE_INSTALL_PREFIX=/home/fourfold/dev/inmind_final_project_test/workspace/install/distance_check
[0.454s] Invoking command in '/home/fourfold/dev/inmind_final_project_test/workspace/build/distance_check': CMAKE_PREFIX_PATH=/opt/ros/humble /usr/bin/cmake --build /home/fourfold/dev/inmind_final_project_test/workspace/build/distance_check -- -j16 -l16
[0.475s] Invoked command in '/home/fourfold/dev/inmind_final_project_test/workspace/build/distance_check' returned '0': CMAKE_PREFIX_PATH=/opt/ros/humble /usr/bin/cmake --build /home/fourfold/dev/inmind_final_project_test/workspace/build/distance_check -- -j16 -l16
[0.489s] Invoking command in '/home/fourfold/dev/inmind_final_project_test/workspace/build/distance_check': CMAKE_PREFIX_PATH=/opt/ros/humble /usr/bin/cmake --install /home/fourfold/dev/inmind_final_project_test/workspace/build/distance_check
[0.494s] -- Install configuration: ""
[0.494s] -- Installing: /home/fourfold/dev/inmind_final_project_test/workspace/install/distance_check/share/ament_index/resource_index/package_run_dependencies/distance_check
[0.494s] -- Installing: /home/fourfold/dev/inmind_final_project_test/workspace/install/distance_check/share/ament_index/resource_index/parent_prefix_path/distance_check
[0.494s] -- Installing: /home/fourfold/dev/inmind_final_project_test/workspace/install/distance_check/share/distance_check/environment/ament_prefix_path.sh
[0.494s] -- Installing: /home/fourfold/dev/inmind_final_project_test/workspace/install/distance_check/share/distance_check/environment/ament_prefix_path.dsv
[0.494s] -- Installing: /home/fourfold/dev/inmind_final_project_test/workspace/install/distance_check/share/distance_check/environment/path.sh
[0.494s] -- Installing: /home/fourfold/dev/inmind_final_project_test/workspace/install/distance_check/share/distance_check/environment/path.dsv
[0.494s] -- Installing: /home/fourfold/dev/inmind_final_project_test/workspace/install/distance_check/share/distance_check/local_setup.bash
[0.494s] -- Installing: /home/fourfold/dev/inmind_final_project_test/workspace/install/distance_check/share/distance_check/local_setup.sh
[0.494s] -- Installing: /home/fourfold/dev/inmind_final_project_test/workspace/install/distance_check/share/distance_check/local_setup.zsh
[0.494s] -- Installing: /home/fourfold/dev/inmind_final_project_test/workspace/install/distance_check/share/distance_check/local_setup.dsv
[0.494s] -- Installing: /home/fourfold/dev/inmind_final_project_test/workspace/install/distance_check/share/distance_check/package.dsv
[0.494s] -- Installing: /home/fourfold/dev/inmind_final_project_test/workspace/install/distance_check/share/ament_index/resource_index/packages/distance_check
[0.494s] -- Installing: /home/fourfold/dev/inmind_final_project_test/workspace/install/distance_check/share/distance_check/cmake/distance_checkConfig.cmake
[0.494s] -- Installing: /home/fourfold/dev/inmind_final_project_test/workspace/install/distance_check/share/distance_check/cmake/distance_checkConfig-version.cmake
[0.494s] -- Installing: /home/fourfold/dev/inmind_final_project_test/workspace/install/distance_check/share/distance_check/package.xml
[0.496s] Invoked command in '/home/fourfold/dev/inmind_final_project_test/workspace/build/distance_check' returned '0': CMAKE_PREFIX_PATH=/opt/ros/humble /usr/bin/cmake --install /home/fourfold/dev/inmind_final_project_test/workspace/build/distance_check
