[0.704s] Invoking command in '/home/fourfold/dev/inmind_final_project_test/workspace/src/perception/object_detector': PYTHONPATH=/home/fourfold/dev/inmind_final_project_test/workspace/build/object_detector/prefix_override:/usr/lib/python3/dist-packages/colcon_core/task/python/colcon_distutils_commands:/home/fourfold/dev/inmind_final_project_test/workspace/install/object_detector/lib/python3.10/site-packages:${PYTHONPATH} /usr/bin/python3 -W ignore:setup.py install is deprecated setup.py egg_info --egg-base ../../../build/object_detector build --build-base /home/fourfold/dev/inmind_final_project_test/workspace/build/object_detector/build install --record /home/fourfold/dev/inmind_final_project_test/workspace/build/object_detector/install.log --single-version-externally-managed install_data
[0.865s] running egg_info
[0.866s] writing ../../../build/object_detector/object_detector.egg-info/PKG-INFO
[0.866s] writing dependency_links to ../../../build/object_detector/object_detector.egg-info/dependency_links.txt
[0.866s] writing entry points to ../../../build/object_detector/object_detector.egg-info/entry_points.txt
[0.866s] writing requirements to ../../../build/object_detector/object_detector.egg-info/requires.txt
[0.866s] writing top-level names to ../../../build/object_detector/object_detector.egg-info/top_level.txt
[0.867s] reading manifest file '../../../build/object_detector/object_detector.egg-info/SOURCES.txt'
[0.867s] writing manifest file '../../../build/object_detector/object_detector.egg-info/SOURCES.txt'
[0.867s] running build
[0.868s] running build_py
[0.868s] copying object_detector/object_detector.py -> /home/fourfold/dev/inmind_final_project_test/workspace/build/object_detector/build/lib/object_detector
[0.868s] running install
[0.868s] running install_lib
[0.869s] copying /home/fourfold/dev/inmind_final_project_test/workspace/build/object_detector/build/lib/object_detector/object_detector.py -> /home/fourfold/dev/inmind_final_project_test/workspace/install/object_detector/lib/python3.10/site-packages/object_detector
[0.869s] byte-compiling /home/fourfold/dev/inmind_final_project_test/workspace/install/object_detector/lib/python3.10/site-packages/object_detector/object_detector.py to object_detector.cpython-310.pyc
[0.870s] running install_data
[0.870s] running install_egg_info
[0.872s] removing '/home/fourfold/dev/inmind_final_project_test/workspace/install/object_detector/lib/python3.10/site-packages/object_detector-0.0.0-py3.10.egg-info' (and everything under it)
[0.872s] Copying ../../../build/object_detector/object_detector.egg-info to /home/fourfold/dev/inmind_final_project_test/workspace/install/object_detector/lib/python3.10/site-packages/object_detector-0.0.0-py3.10.egg-info
[0.872s] running install_scripts
[0.885s] Installing object_detector script to /home/fourfold/dev/inmind_final_project_test/workspace/install/object_detector/lib/object_detector
[0.885s] writing list of installed files to '/home/fourfold/dev/inmind_final_project_test/workspace/build/object_detector/install.log'
[0.906s] Invoked command in '/home/fourfold/dev/inmind_final_project_test/workspace/src/perception/object_detector' returned '0': PYTHONPATH=/home/fourfold/dev/inmind_final_project_test/workspace/build/object_detector/prefix_override:/usr/lib/python3/dist-packages/colcon_core/task/python/colcon_distutils_commands:/home/fourfold/dev/inmind_final_project_test/workspace/install/object_detector/lib/python3.10/site-packages:${PYTHONPATH} /usr/bin/python3 -W ignore:setup.py install is deprecated setup.py egg_info --egg-base ../../../build/object_detector build --build-base /home/fourfold/dev/inmind_final_project_test/workspace/build/object_detector/build install --record /home/fourfold/dev/inmind_final_project_test/workspace/build/object_detector/install.log --single-version-externally-managed install_data
