[35m[1mConsolidate compiler generated dependencies of target move_forward_node[0m
[ 50%] [32mBuilding CXX object CMakeFiles/move_forward_node.dir/src/move_forward.cpp.o[0m
[100%] [32m[1mLinking CXX executable move_forward_node[0m
[100%] Built target move_forward_node
-- Install configuration: ""
-- Installing: /home/fourfold/dev/inmind_final_project_test/workspace/install/basic_navigation/lib/basic_navigation/move_forward_node
-- Set runtime path of "/home/fourfold/dev/inmind_final_project_test/workspace/install/basic_navigation/lib/basic_navigation/move_forward_node" to ""
-- Up-to-date: /home/fourfold/dev/inmind_final_project_test/workspace/install/basic_navigation/include/
-- Up-to-date: /home/fourfold/dev/inmind_final_project_test/workspace/install/basic_navigation/include//basic_navigation
-- Up-to-date: /home/fourfold/dev/inmind_final_project_test/workspace/install/basic_navigation/include//basic_navigation/move_forward.h
-- Up-to-date: /home/fourfold/dev/inmind_final_project_test/workspace/install/basic_navigation/share/ament_index/resource_index/package_run_dependencies/basic_navigation
-- Up-to-date: /home/fourfold/dev/inmind_final_project_test/workspace/install/basic_navigation/share/ament_index/resource_index/parent_prefix_path/basic_navigation
-- Up-to-date: /home/fourfold/dev/inmind_final_project_test/workspace/install/basic_navigation/share/basic_navigation/environment/ament_prefix_path.sh
-- Up-to-date: /home/fourfold/dev/inmind_final_project_test/workspace/install/basic_navigation/share/basic_navigation/environment/ament_prefix_path.dsv
-- Up-to-date: /home/fourfold/dev/inmind_final_project_test/workspace/install/basic_navigation/share/basic_navigation/environment/path.sh
-- Up-to-date: /home/fourfold/dev/inmind_final_project_test/workspace/install/basic_navigation/share/basic_navigation/environment/path.dsv
-- Up-to-date: /home/fourfold/dev/inmind_final_project_test/workspace/install/basic_navigation/share/basic_navigation/local_setup.bash
-- Up-to-date: /home/fourfold/dev/inmind_final_project_test/workspace/install/basic_navigation/share/basic_navigation/local_setup.sh
-- Up-to-date: /home/fourfold/dev/inmind_final_project_test/workspace/install/basic_navigation/share/basic_navigation/local_setup.zsh
-- Up-to-date: /home/fourfold/dev/inmind_final_project_test/workspace/install/basic_navigation/share/basic_navigation/local_setup.dsv
-- Installing: /home/fourfold/dev/inmind_final_project_test/workspace/install/basic_navigation/share/basic_navigation/package.dsv
-- Up-to-date: /home/fourfold/dev/inmind_final_project_test/workspace/install/basic_navigation/share/ament_index/resource_index/packages/basic_navigation
-- Up-to-date: /home/fourfold/dev/inmind_final_project_test/workspace/install/basic_navigation/share/basic_navigation/cmake/ament_cmake_export_include_directories-extras.cmake
-- Up-to-date: /home/fourfold/dev/inmind_final_project_test/workspace/install/basic_navigation/share/basic_navigation/cmake/basic_navigationConfig.cmake
-- Up-to-date: /home/fourfold/dev/inmind_final_project_test/workspace/install/basic_navigation/share/basic_navigation/cmake/basic_navigationConfig-version.cmake
-- Up-to-date: /home/fourfold/dev/inmind_final_project_test/workspace/install/basic_navigation/share/basic_navigation/package.xml
