[0.017s] Invoking command in '/home/fourfold/dev/inmind_final_project_test/workspace/build/custom_interface_yolo': CMAKE_PREFIX_PATH=${CMAKE_PREFIX_PATH}:/home/fourfold/dev/inmind_final_project_test/workspace/install/yolov8_webcam:/opt/ros/humble /usr/bin/cmake --build /home/fourfold/dev/inmind_final_project_test/workspace/build/custom_interface_yolo -- -j16 -l16
[0.056s] [  9%] Built target custom_interface_yolo__rosidl_generator_c
[0.059s] [ 12%] Built target custom_interface_yolo__cpp
[0.066s] [ 12%] Built target ament_cmake_python_copy_custom_interface_yolo
[0.078s] [ 22%] Built target custom_interface_yolo__rosidl_typesupport_c
[0.084s] [ 32%] Built target custom_interface_yolo__rosidl_typesupport_fastrtps_c
[0.084s] [ 41%] Built target custom_interface_yolo__rosidl_typesupport_cpp
[0.085s] [ 51%] Built target custom_interface_yolo__rosidl_typesupport_introspection_c
[0.087s] [ 61%] Built target custom_interface_yolo__rosidl_typesupport_introspection_cpp
[0.088s] [ 70%] Built target custom_interface_yolo__rosidl_typesupport_fastrtps_cpp
[0.107s] [ 70%] Built target custom_interface_yolo
[0.123s] [ 74%] Built target custom_interface_yolo__py
[0.141s] [ 80%] Built target custom_interface_yolo__rosidl_generator_py
[0.161s] [ 87%] Built target custom_interface_yolo__rosidl_typesupport_introspection_c__pyext
[0.163s] [ 93%] Built target custom_interface_yolo__rosidl_typesupport_c__pyext
[0.163s] [100%] Built target custom_interface_yolo__rosidl_typesupport_fastrtps_c__pyext
[0.251s] running egg_info
[0.251s] writing custom_interface_yolo.egg-info/PKG-INFO
[0.251s] writing dependency_links to custom_interface_yolo.egg-info/dependency_links.txt
[0.251s] writing top-level names to custom_interface_yolo.egg-info/top_level.txt
[0.253s] reading manifest file 'custom_interface_yolo.egg-info/SOURCES.txt'
[0.253s] writing manifest file 'custom_interface_yolo.egg-info/SOURCES.txt'
[0.279s] [100%] Built target ament_cmake_python_build_custom_interface_yolo_egg
[0.287s] Invoked command in '/home/fourfold/dev/inmind_final_project_test/workspace/build/custom_interface_yolo' returned '0': CMAKE_PREFIX_PATH=${CMAKE_PREFIX_PATH}:/home/fourfold/dev/inmind_final_project_test/workspace/install/yolov8_webcam:/opt/ros/humble /usr/bin/cmake --build /home/fourfold/dev/inmind_final_project_test/workspace/build/custom_interface_yolo -- -j16 -l16
[0.333s] Invoking command in '/home/fourfold/dev/inmind_final_project_test/workspace/build/custom_interface_yolo': CMAKE_PREFIX_PATH=${CMAKE_PREFIX_PATH}:/home/fourfold/dev/inmind_final_project_test/workspace/install/yolov8_webcam:/opt/ros/humble /usr/bin/cmake --install /home/fourfold/dev/inmind_final_project_test/workspace/build/custom_interface_yolo
[0.339s] -- Install configuration: ""
[0.340s] -- Up-to-date: /home/fourfold/dev/inmind_final_project_test/workspace/install/custom_interface_yolo/share/ament_index/resource_index/rosidl_interfaces/custom_interface_yolo
[0.340s] -- Up-to-date: /home/fourfold/dev/inmind_final_project_test/workspace/install/custom_interface_yolo/include/custom_interface_yolo/custom_interface_yolo
[0.340s] -- Up-to-date: /home/fourfold/dev/inmind_final_project_test/workspace/install/custom_interface_yolo/include/custom_interface_yolo/custom_interface_yolo/msg
[0.340s] -- Up-to-date: /home/fourfold/dev/inmind_final_project_test/workspace/install/custom_interface_yolo/include/custom_interface_yolo/custom_interface_yolo/msg/rosidl_generator_c__visibility_control.h
[0.340s] -- Up-to-date: /home/fourfold/dev/inmind_final_project_test/workspace/install/custom_interface_yolo/include/custom_interface_yolo/custom_interface_yolo/action
[0.340s] -- Up-to-date: /home/fourfold/dev/inmind_final_project_test/workspace/install/custom_interface_yolo/include/custom_interface_yolo/custom_interface_yolo/action/camera_stream.h
[0.340s] -- Up-to-date: /home/fourfold/dev/inmind_final_project_test/workspace/install/custom_interface_yolo/include/custom_interface_yolo/custom_interface_yolo/action/detail
[0.340s] -- Up-to-date: /home/fourfold/dev/inmind_final_project_test/workspace/install/custom_interface_yolo/include/custom_interface_yolo/custom_interface_yolo/action/detail/camera_stream__struct.h
[0.340s] -- Up-to-date: /home/fourfold/dev/inmind_final_project_test/workspace/install/custom_interface_yolo/include/custom_interface_yolo/custom_interface_yolo/action/detail/camera_stream__functions.h
[0.340s] -- Up-to-date: /home/fourfold/dev/inmind_final_project_test/workspace/install/custom_interface_yolo/include/custom_interface_yolo/custom_interface_yolo/action/detail/camera_stream__type_support.h
[0.340s] -- Up-to-date: /home/fourfold/dev/inmind_final_project_test/workspace/install/custom_interface_yolo/include/custom_interface_yolo/custom_interface_yolo/action/detail/camera_stream__functions.c
[0.340s] -- Up-to-date: /home/fourfold/dev/inmind_final_project_test/workspace/install/custom_interface_yolo/share/custom_interface_yolo/environment/library_path.sh
[0.340s] -- Up-to-date: /home/fourfold/dev/inmind_final_project_test/workspace/install/custom_interface_yolo/share/custom_interface_yolo/environment/library_path.dsv
[0.340s] -- Up-to-date: /home/fourfold/dev/inmind_final_project_test/workspace/install/custom_interface_yolo/lib/libcustom_interface_yolo__rosidl_generator_c.so
[0.340s] -- Up-to-date: /home/fourfold/dev/inmind_final_project_test/workspace/install/custom_interface_yolo/include/custom_interface_yolo/custom_interface_yolo
[0.340s] -- Up-to-date: /home/fourfold/dev/inmind_final_project_test/workspace/install/custom_interface_yolo/include/custom_interface_yolo/custom_interface_yolo/msg
[0.340s] -- Up-to-date: /home/fourfold/dev/inmind_final_project_test/workspace/install/custom_interface_yolo/include/custom_interface_yolo/custom_interface_yolo/msg/rosidl_typesupport_fastrtps_c__visibility_control.h
[0.340s] -- Up-to-date: /home/fourfold/dev/inmind_final_project_test/workspace/install/custom_interface_yolo/include/custom_interface_yolo/custom_interface_yolo/action
[0.340s] -- Up-to-date: /home/fourfold/dev/inmind_final_project_test/workspace/install/custom_interface_yolo/include/custom_interface_yolo/custom_interface_yolo/action/detail
[0.340s] -- Up-to-date: /home/fourfold/dev/inmind_final_project_test/workspace/install/custom_interface_yolo/include/custom_interface_yolo/custom_interface_yolo/action/detail/camera_stream__rosidl_typesupport_fastrtps_c.h
[0.340s] -- Up-to-date: /home/fourfold/dev/inmind_final_project_test/workspace/install/custom_interface_yolo/lib/libcustom_interface_yolo__rosidl_typesupport_fastrtps_c.so
[0.340s] -- Up-to-date: /home/fourfold/dev/inmind_final_project_test/workspace/install/custom_interface_yolo/include/custom_interface_yolo/custom_interface_yolo
[0.340s] -- Up-to-date: /home/fourfold/dev/inmind_final_project_test/workspace/install/custom_interface_yolo/include/custom_interface_yolo/custom_interface_yolo/msg
[0.340s] -- Up-to-date: /home/fourfold/dev/inmind_final_project_test/workspace/install/custom_interface_yolo/include/custom_interface_yolo/custom_interface_yolo/msg/rosidl_typesupport_introspection_c__visibility_control.h
[0.340s] -- Up-to-date: /home/fourfold/dev/inmind_final_project_test/workspace/install/custom_interface_yolo/include/custom_interface_yolo/custom_interface_yolo/action
[0.341s] -- Up-to-date: /home/fourfold/dev/inmind_final_project_test/workspace/install/custom_interface_yolo/include/custom_interface_yolo/custom_interface_yolo/action/detail
[0.341s] -- Up-to-date: /home/fourfold/dev/inmind_final_project_test/workspace/install/custom_interface_yolo/include/custom_interface_yolo/custom_interface_yolo/action/detail/camera_stream__type_support.c
[0.341s] -- Up-to-date: /home/fourfold/dev/inmind_final_project_test/workspace/install/custom_interface_yolo/include/custom_interface_yolo/custom_interface_yolo/action/detail/camera_stream__rosidl_typesupport_introspection_c.h
[0.341s] -- Up-to-date: /home/fourfold/dev/inmind_final_project_test/workspace/install/custom_interface_yolo/lib/libcustom_interface_yolo__rosidl_typesupport_introspection_c.so
[0.341s] -- Up-to-date: /home/fourfold/dev/inmind_final_project_test/workspace/install/custom_interface_yolo/lib/libcustom_interface_yolo__rosidl_typesupport_c.so
[0.341s] -- Up-to-date: /home/fourfold/dev/inmind_final_project_test/workspace/install/custom_interface_yolo/include/custom_interface_yolo/custom_interface_yolo
[0.341s] -- Up-to-date: /home/fourfold/dev/inmind_final_project_test/workspace/install/custom_interface_yolo/include/custom_interface_yolo/custom_interface_yolo/action
[0.341s] -- Up-to-date: /home/fourfold/dev/inmind_final_project_test/workspace/install/custom_interface_yolo/include/custom_interface_yolo/custom_interface_yolo/action/detail
[0.341s] -- Up-to-date: /home/fourfold/dev/inmind_final_project_test/workspace/install/custom_interface_yolo/include/custom_interface_yolo/custom_interface_yolo/action/detail/camera_stream__builder.hpp
[0.341s] -- Up-to-date: /home/fourfold/dev/inmind_final_project_test/workspace/install/custom_interface_yolo/include/custom_interface_yolo/custom_interface_yolo/action/detail/camera_stream__struct.hpp
[0.341s] -- Up-to-date: /home/fourfold/dev/inmind_final_project_test/workspace/install/custom_interface_yolo/include/custom_interface_yolo/custom_interface_yolo/action/detail/camera_stream__traits.hpp
[0.341s] -- Up-to-date: /home/fourfold/dev/inmind_final_project_test/workspace/install/custom_interface_yolo/include/custom_interface_yolo/custom_interface_yolo/action/camera_stream.hpp
[0.341s] -- Up-to-date: /home/fourfold/dev/inmind_final_project_test/workspace/install/custom_interface_yolo/include/custom_interface_yolo/custom_interface_yolo
[0.341s] -- Up-to-date: /home/fourfold/dev/inmind_final_project_test/workspace/install/custom_interface_yolo/include/custom_interface_yolo/custom_interface_yolo/msg
[0.341s] -- Up-to-date: /home/fourfold/dev/inmind_final_project_test/workspace/install/custom_interface_yolo/include/custom_interface_yolo/custom_interface_yolo/msg/rosidl_typesupport_fastrtps_cpp__visibility_control.h
[0.341s] -- Up-to-date: /home/fourfold/dev/inmind_final_project_test/workspace/install/custom_interface_yolo/include/custom_interface_yolo/custom_interface_yolo/action
[0.342s] -- Up-to-date: /home/fourfold/dev/inmind_final_project_test/workspace/install/custom_interface_yolo/include/custom_interface_yolo/custom_interface_yolo/action/detail
[0.342s] -- Up-to-date: /home/fourfold/dev/inmind_final_project_test/workspace/install/custom_interface_yolo/include/custom_interface_yolo/custom_interface_yolo/action/detail/camera_stream__rosidl_typesupport_fastrtps_cpp.hpp
[0.342s] -- Up-to-date: /home/fourfold/dev/inmind_final_project_test/workspace/install/custom_interface_yolo/include/custom_interface_yolo/custom_interface_yolo/action/detail/dds_fastrtps
[0.342s] -- Up-to-date: /home/fourfold/dev/inmind_final_project_test/workspace/install/custom_interface_yolo/lib/libcustom_interface_yolo__rosidl_typesupport_fastrtps_cpp.so
[0.342s] -- Up-to-date: /home/fourfold/dev/inmind_final_project_test/workspace/install/custom_interface_yolo/include/custom_interface_yolo/custom_interface_yolo
[0.342s] -- Up-to-date: /home/fourfold/dev/inmind_final_project_test/workspace/install/custom_interface_yolo/include/custom_interface_yolo/custom_interface_yolo/action
[0.342s] -- Up-to-date: /home/fourfold/dev/inmind_final_project_test/workspace/install/custom_interface_yolo/include/custom_interface_yolo/custom_interface_yolo/action/detail
[0.342s] -- Up-to-date: /home/fourfold/dev/inmind_final_project_test/workspace/install/custom_interface_yolo/include/custom_interface_yolo/custom_interface_yolo/action/detail/camera_stream__rosidl_typesupport_introspection_cpp.hpp
[0.342s] -- Up-to-date: /home/fourfold/dev/inmind_final_project_test/workspace/install/custom_interface_yolo/include/custom_interface_yolo/custom_interface_yolo/action/detail/camera_stream__type_support.cpp
[0.342s] -- Up-to-date: /home/fourfold/dev/inmind_final_project_test/workspace/install/custom_interface_yolo/lib/libcustom_interface_yolo__rosidl_typesupport_introspection_cpp.so
[0.342s] -- Up-to-date: /home/fourfold/dev/inmind_final_project_test/workspace/install/custom_interface_yolo/lib/libcustom_interface_yolo__rosidl_typesupport_cpp.so
[0.342s] -- Up-to-date: /home/fourfold/dev/inmind_final_project_test/workspace/install/custom_interface_yolo/share/custom_interface_yolo/environment/pythonpath.sh
[0.342s] -- Up-to-date: /home/fourfold/dev/inmind_final_project_test/workspace/install/custom_interface_yolo/share/custom_interface_yolo/environment/pythonpath.dsv
[0.342s] -- Up-to-date: /home/fourfold/dev/inmind_final_project_test/workspace/install/custom_interface_yolo/local/lib/python3.10/dist-packages/custom_interface_yolo-0.0.0-py3.10.egg-info
[0.342s] -- Installing: /home/fourfold/dev/inmind_final_project_test/workspace/install/custom_interface_yolo/local/lib/python3.10/dist-packages/custom_interface_yolo-0.0.0-py3.10.egg-info/SOURCES.txt
[0.342s] -- Installing: /home/fourfold/dev/inmind_final_project_test/workspace/install/custom_interface_yolo/local/lib/python3.10/dist-packages/custom_interface_yolo-0.0.0-py3.10.egg-info/top_level.txt
[0.342s] -- Installing: /home/fourfold/dev/inmind_final_project_test/workspace/install/custom_interface_yolo/local/lib/python3.10/dist-packages/custom_interface_yolo-0.0.0-py3.10.egg-info/PKG-INFO
[0.342s] -- Installing: /home/fourfold/dev/inmind_final_project_test/workspace/install/custom_interface_yolo/local/lib/python3.10/dist-packages/custom_interface_yolo-0.0.0-py3.10.egg-info/dependency_links.txt
[0.342s] -- Up-to-date: /home/fourfold/dev/inmind_final_project_test/workspace/install/custom_interface_yolo/local/lib/python3.10/dist-packages/custom_interface_yolo
[0.342s] -- Up-to-date: /home/fourfold/dev/inmind_final_project_test/workspace/install/custom_interface_yolo/local/lib/python3.10/dist-packages/custom_interface_yolo/custom_interface_yolo_s__rosidl_typesupport_c.cpython-310-x86_64-linux-gnu.so
[0.342s] -- Up-to-date: /home/fourfold/dev/inmind_final_project_test/workspace/install/custom_interface_yolo/local/lib/python3.10/dist-packages/custom_interface_yolo/custom_interface_yolo_s__rosidl_typesupport_introspection_c.cpython-310-x86_64-linux-gnu.so
[0.342s] -- Up-to-date: /home/fourfold/dev/inmind_final_project_test/workspace/install/custom_interface_yolo/local/lib/python3.10/dist-packages/custom_interface_yolo/custom_interface_yolo_s__rosidl_typesupport_fastrtps_c.cpython-310-x86_64-linux-gnu.so
[0.342s] -- Up-to-date: /home/fourfold/dev/inmind_final_project_test/workspace/install/custom_interface_yolo/local/lib/python3.10/dist-packages/custom_interface_yolo/_custom_interface_yolo_s.ep.rosidl_typesupport_introspection_c.c
[0.342s] -- Up-to-date: /home/fourfold/dev/inmind_final_project_test/workspace/install/custom_interface_yolo/local/lib/python3.10/dist-packages/custom_interface_yolo/libcustom_interface_yolo__rosidl_generator_py.so
[0.342s] -- Up-to-date: /home/fourfold/dev/inmind_final_project_test/workspace/install/custom_interface_yolo/local/lib/python3.10/dist-packages/custom_interface_yolo/action
[0.342s] -- Up-to-date: /home/fourfold/dev/inmind_final_project_test/workspace/install/custom_interface_yolo/local/lib/python3.10/dist-packages/custom_interface_yolo/action/_camera_stream.py
[0.343s] -- Up-to-date: /home/fourfold/dev/inmind_final_project_test/workspace/install/custom_interface_yolo/local/lib/python3.10/dist-packages/custom_interface_yolo/action/__init__.py
[0.343s] -- Up-to-date: /home/fourfold/dev/inmind_final_project_test/workspace/install/custom_interface_yolo/local/lib/python3.10/dist-packages/custom_interface_yolo/action/_camera_stream_s.c
[0.343s] -- Up-to-date: /home/fourfold/dev/inmind_final_project_test/workspace/install/custom_interface_yolo/local/lib/python3.10/dist-packages/custom_interface_yolo/_custom_interface_yolo_s.ep.rosidl_typesupport_fastrtps_c.c
[0.343s] -- Up-to-date: /home/fourfold/dev/inmind_final_project_test/workspace/install/custom_interface_yolo/local/lib/python3.10/dist-packages/custom_interface_yolo/__init__.py
[0.343s] -- Up-to-date: /home/fourfold/dev/inmind_final_project_test/workspace/install/custom_interface_yolo/local/lib/python3.10/dist-packages/custom_interface_yolo/_custom_interface_yolo_s.ep.rosidl_typesupport_c.c
[0.369s] Listing '/home/fourfold/dev/inmind_final_project_test/workspace/install/custom_interface_yolo/local/lib/python3.10/dist-packages/custom_interface_yolo'...
[0.369s] Listing '/home/fourfold/dev/inmind_final_project_test/workspace/install/custom_interface_yolo/local/lib/python3.10/dist-packages/custom_interface_yolo/action'...
[0.372s] -- Up-to-date: /home/fourfold/dev/inmind_final_project_test/workspace/install/custom_interface_yolo/local/lib/python3.10/dist-packages/custom_interface_yolo/custom_interface_yolo_s__rosidl_typesupport_fastrtps_c.cpython-310-x86_64-linux-gnu.so
[0.372s] -- Up-to-date: /home/fourfold/dev/inmind_final_project_test/workspace/install/custom_interface_yolo/local/lib/python3.10/dist-packages/custom_interface_yolo/custom_interface_yolo_s__rosidl_typesupport_introspection_c.cpython-310-x86_64-linux-gnu.so
[0.372s] -- Up-to-date: /home/fourfold/dev/inmind_final_project_test/workspace/install/custom_interface_yolo/local/lib/python3.10/dist-packages/custom_interface_yolo/custom_interface_yolo_s__rosidl_typesupport_c.cpython-310-x86_64-linux-gnu.so
[0.372s] -- Up-to-date: /home/fourfold/dev/inmind_final_project_test/workspace/install/custom_interface_yolo/lib/libcustom_interface_yolo__rosidl_generator_py.so
[0.372s] -- Up-to-date: /home/fourfold/dev/inmind_final_project_test/workspace/install/custom_interface_yolo/share/custom_interface_yolo/action/CameraStream.idl
[0.372s] -- Up-to-date: /home/fourfold/dev/inmind_final_project_test/workspace/install/custom_interface_yolo/share/custom_interface_yolo/action/CameraStream.action
[0.372s] -- Up-to-date: /home/fourfold/dev/inmind_final_project_test/workspace/install/custom_interface_yolo/share/ament_index/resource_index/package_run_dependencies/custom_interface_yolo
[0.372s] -- Up-to-date: /home/fourfold/dev/inmind_final_project_test/workspace/install/custom_interface_yolo/share/ament_index/resource_index/parent_prefix_path/custom_interface_yolo
[0.372s] -- Up-to-date: /home/fourfold/dev/inmind_final_project_test/workspace/install/custom_interface_yolo/share/custom_interface_yolo/environment/ament_prefix_path.sh
[0.372s] -- Up-to-date: /home/fourfold/dev/inmind_final_project_test/workspace/install/custom_interface_yolo/share/custom_interface_yolo/environment/ament_prefix_path.dsv
[0.372s] -- Up-to-date: /home/fourfold/dev/inmind_final_project_test/workspace/install/custom_interface_yolo/share/custom_interface_yolo/environment/path.sh
[0.372s] -- Up-to-date: /home/fourfold/dev/inmind_final_project_test/workspace/install/custom_interface_yolo/share/custom_interface_yolo/environment/path.dsv
[0.373s] -- Up-to-date: /home/fourfold/dev/inmind_final_project_test/workspace/install/custom_interface_yolo/share/custom_interface_yolo/local_setup.bash
[0.373s] -- Up-to-date: /home/fourfold/dev/inmind_final_project_test/workspace/install/custom_interface_yolo/share/custom_interface_yolo/local_setup.sh
[0.373s] -- Up-to-date: /home/fourfold/dev/inmind_final_project_test/workspace/install/custom_interface_yolo/share/custom_interface_yolo/local_setup.zsh
[0.373s] -- Up-to-date: /home/fourfold/dev/inmind_final_project_test/workspace/install/custom_interface_yolo/share/custom_interface_yolo/local_setup.dsv
[0.373s] -- Installing: /home/fourfold/dev/inmind_final_project_test/workspace/install/custom_interface_yolo/share/custom_interface_yolo/package.dsv
[0.373s] -- Up-to-date: /home/fourfold/dev/inmind_final_project_test/workspace/install/custom_interface_yolo/share/ament_index/resource_index/packages/custom_interface_yolo
[0.373s] -- Up-to-date: /home/fourfold/dev/inmind_final_project_test/workspace/install/custom_interface_yolo/share/custom_interface_yolo/cmake/export_custom_interface_yolo__rosidl_generator_cExport.cmake
[0.373s] -- Up-to-date: /home/fourfold/dev/inmind_final_project_test/workspace/install/custom_interface_yolo/share/custom_interface_yolo/cmake/export_custom_interface_yolo__rosidl_generator_cExport-noconfig.cmake
[0.373s] -- Up-to-date: /home/fourfold/dev/inmind_final_project_test/workspace/install/custom_interface_yolo/share/custom_interface_yolo/cmake/export_custom_interface_yolo__rosidl_typesupport_fastrtps_cExport.cmake
[0.373s] -- Up-to-date: /home/fourfold/dev/inmind_final_project_test/workspace/install/custom_interface_yolo/share/custom_interface_yolo/cmake/export_custom_interface_yolo__rosidl_typesupport_fastrtps_cExport-noconfig.cmake
[0.373s] -- Up-to-date: /home/fourfold/dev/inmind_final_project_test/workspace/install/custom_interface_yolo/share/custom_interface_yolo/cmake/custom_interface_yolo__rosidl_typesupport_introspection_cExport.cmake
[0.373s] -- Up-to-date: /home/fourfold/dev/inmind_final_project_test/workspace/install/custom_interface_yolo/share/custom_interface_yolo/cmake/custom_interface_yolo__rosidl_typesupport_introspection_cExport-noconfig.cmake
[0.373s] -- Up-to-date: /home/fourfold/dev/inmind_final_project_test/workspace/install/custom_interface_yolo/share/custom_interface_yolo/cmake/custom_interface_yolo__rosidl_typesupport_cExport.cmake
[0.373s] -- Up-to-date: /home/fourfold/dev/inmind_final_project_test/workspace/install/custom_interface_yolo/share/custom_interface_yolo/cmake/custom_interface_yolo__rosidl_typesupport_cExport-noconfig.cmake
[0.373s] -- Up-to-date: /home/fourfold/dev/inmind_final_project_test/workspace/install/custom_interface_yolo/share/custom_interface_yolo/cmake/export_custom_interface_yolo__rosidl_generator_cppExport.cmake
[0.373s] -- Up-to-date: /home/fourfold/dev/inmind_final_project_test/workspace/install/custom_interface_yolo/share/custom_interface_yolo/cmake/export_custom_interface_yolo__rosidl_typesupport_fastrtps_cppExport.cmake
[0.373s] -- Up-to-date: /home/fourfold/dev/inmind_final_project_test/workspace/install/custom_interface_yolo/share/custom_interface_yolo/cmake/export_custom_interface_yolo__rosidl_typesupport_fastrtps_cppExport-noconfig.cmake
[0.373s] -- Up-to-date: /home/fourfold/dev/inmind_final_project_test/workspace/install/custom_interface_yolo/share/custom_interface_yolo/cmake/custom_interface_yolo__rosidl_typesupport_introspection_cppExport.cmake
[0.373s] -- Up-to-date: /home/fourfold/dev/inmind_final_project_test/workspace/install/custom_interface_yolo/share/custom_interface_yolo/cmake/custom_interface_yolo__rosidl_typesupport_introspection_cppExport-noconfig.cmake
[0.374s] -- Up-to-date: /home/fourfold/dev/inmind_final_project_test/workspace/install/custom_interface_yolo/share/custom_interface_yolo/cmake/custom_interface_yolo__rosidl_typesupport_cppExport.cmake
[0.374s] -- Up-to-date: /home/fourfold/dev/inmind_final_project_test/workspace/install/custom_interface_yolo/share/custom_interface_yolo/cmake/custom_interface_yolo__rosidl_typesupport_cppExport-noconfig.cmake
[0.374s] -- Up-to-date: /home/fourfold/dev/inmind_final_project_test/workspace/install/custom_interface_yolo/share/custom_interface_yolo/cmake/export_custom_interface_yolo__rosidl_generator_pyExport.cmake
[0.374s] -- Up-to-date: /home/fourfold/dev/inmind_final_project_test/workspace/install/custom_interface_yolo/share/custom_interface_yolo/cmake/export_custom_interface_yolo__rosidl_generator_pyExport-noconfig.cmake
[0.374s] -- Up-to-date: /home/fourfold/dev/inmind_final_project_test/workspace/install/custom_interface_yolo/share/custom_interface_yolo/cmake/rosidl_cmake-extras.cmake
[0.374s] -- Up-to-date: /home/fourfold/dev/inmind_final_project_test/workspace/install/custom_interface_yolo/share/custom_interface_yolo/cmake/ament_cmake_export_dependencies-extras.cmake
[0.375s] -- Up-to-date: /home/fourfold/dev/inmind_final_project_test/workspace/install/custom_interface_yolo/share/custom_interface_yolo/cmake/ament_cmake_export_include_directories-extras.cmake
[0.375s] -- Up-to-date: /home/fourfold/dev/inmind_final_project_test/workspace/install/custom_interface_yolo/share/custom_interface_yolo/cmake/ament_cmake_export_libraries-extras.cmake
[0.375s] -- Up-to-date: /home/fourfold/dev/inmind_final_project_test/workspace/install/custom_interface_yolo/share/custom_interface_yolo/cmake/ament_cmake_export_targets-extras.cmake
[0.375s] -- Up-to-date: /home/fourfold/dev/inmind_final_project_test/workspace/install/custom_interface_yolo/share/custom_interface_yolo/cmake/rosidl_cmake_export_typesupport_targets-extras.cmake
[0.375s] -- Up-to-date: /home/fourfold/dev/inmind_final_project_test/workspace/install/custom_interface_yolo/share/custom_interface_yolo/cmake/rosidl_cmake_export_typesupport_libraries-extras.cmake
[0.375s] -- Up-to-date: /home/fourfold/dev/inmind_final_project_test/workspace/install/custom_interface_yolo/share/custom_interface_yolo/cmake/custom_interface_yoloConfig.cmake
[0.375s] -- Up-to-date: /home/fourfold/dev/inmind_final_project_test/workspace/install/custom_interface_yolo/share/custom_interface_yolo/cmake/custom_interface_yoloConfig-version.cmake
[0.375s] -- Up-to-date: /home/fourfold/dev/inmind_final_project_test/workspace/install/custom_interface_yolo/share/custom_interface_yolo/package.xml
[0.378s] Invoked command in '/home/fourfold/dev/inmind_final_project_test/workspace/build/custom_interface_yolo' returned '0': CMAKE_PREFIX_PATH=${CMAKE_PREFIX_PATH}:/home/fourfold/dev/inmind_final_project_test/workspace/install/yolov8_webcam:/opt/ros/humble /usr/bin/cmake --install /home/fourfold/dev/inmind_final_project_test/workspace/build/custom_interface_yolo
