[0.007s] Invoking command in '/home/fourfold/dev/inmind_final_project_test/workspace/src/perception/yellow_ball_finder/build/yellow_ball_finder': CMAKE_PREFIX_PATH=${CMAKE_PREFIX_PATH}:/opt/ros/humble /usr/bin/cmake /home/fourfold/dev/inmind_final_project_test/workspace/src/perception/yellow_ball_finder -DCMAKE_INSTALL_PREFIX=/home/fourfold/dev/inmind_final_project_test/workspace/src/perception/yellow_ball_finder/install/yellow_ball_finder
[0.074s] -- The C compiler identification is GNU 11.4.0
[0.121s] -- The CXX compiler identification is GNU 11.4.0
[0.128s] -- Detecting C compiler ABI info
[0.185s] -- Detecting C compiler ABI info - done
[0.193s] -- Check for working C compiler: /usr/bin/cc - skipped
[0.193s] -- Detecting C compile features
[0.194s] -- Detecting C compile features - done
[0.197s] -- Detecting CXX compiler ABI info
[0.264s] -- Detecting CXX compiler ABI info - done
[0.269s] -- Check for working CXX compiler: /usr/bin/c++ - skipped
[0.269s] -- Detecting CXX compile features
[0.270s] -- Detecting CXX compile features - done
[0.272s] -- Found ament_cmake: 1.3.10 (/opt/ros/humble/share/ament_cmake/cmake)
[0.390s] -- Found Python3: /usr/bin/python3 (found version "3.10.12") found components: Interpreter 
[0.460s] -- Found ament_lint_auto: 0.12.11 (/opt/ros/humble/share/ament_lint_auto/cmake)
[0.513s] -- Added test 'cppcheck' to perform static code analysis on C / C++ code
[0.513s] -- Configured cppcheck include dirs: 
[0.513s] -- Configured cppcheck exclude dirs and/or files: 
[0.514s] -- Added test 'lint_cmake' to check CMake code style
[0.516s] -- Added test 'uncrustify' to check C / C++ code style
[0.516s] -- Configured uncrustify additional arguments: 
[0.517s] -- Added test 'xmllint' to check XML markup files
[0.517s] -- Configuring done
[0.519s] -- Generating done
[0.519s] -- Build files have been written to: /home/fourfold/dev/inmind_final_project_test/workspace/src/perception/yellow_ball_finder/build/yellow_ball_finder
[0.522s] Invoked command in '/home/fourfold/dev/inmind_final_project_test/workspace/src/perception/yellow_ball_finder/build/yellow_ball_finder' returned '0': CMAKE_PREFIX_PATH=${CMAKE_PREFIX_PATH}:/opt/ros/humble /usr/bin/cmake /home/fourfold/dev/inmind_final_project_test/workspace/src/perception/yellow_ball_finder -DCMAKE_INSTALL_PREFIX=/home/fourfold/dev/inmind_final_project_test/workspace/src/perception/yellow_ball_finder/install/yellow_ball_finder
[0.524s] Invoking command in '/home/fourfold/dev/inmind_final_project_test/workspace/src/perception/yellow_ball_finder/build/yellow_ball_finder': CMAKE_PREFIX_PATH=${CMAKE_PREFIX_PATH}:/opt/ros/humble /usr/bin/cmake --build /home/fourfold/dev/inmind_final_project_test/workspace/src/perception/yellow_ball_finder/build/yellow_ball_finder -- -j16 -l16
[0.553s] Invoked command in '/home/fourfold/dev/inmind_final_project_test/workspace/src/perception/yellow_ball_finder/build/yellow_ball_finder' returned '0': CMAKE_PREFIX_PATH=${CMAKE_PREFIX_PATH}:/opt/ros/humble /usr/bin/cmake --build /home/fourfold/dev/inmind_final_project_test/workspace/src/perception/yellow_ball_finder/build/yellow_ball_finder -- -j16 -l16
[0.576s] Invoking command in '/home/fourfold/dev/inmind_final_project_test/workspace/src/perception/yellow_ball_finder/build/yellow_ball_finder': CMAKE_PREFIX_PATH=${CMAKE_PREFIX_PATH}:/opt/ros/humble /usr/bin/cmake --install /home/fourfold/dev/inmind_final_project_test/workspace/src/perception/yellow_ball_finder/build/yellow_ball_finder
[0.581s] -- Install configuration: ""
[0.581s] -- Installing: /home/fourfold/dev/inmind_final_project_test/workspace/src/perception/yellow_ball_finder/install/yellow_ball_finder/share/ament_index/resource_index/package_run_dependencies/yellow_ball_finder
[0.581s] -- Installing: /home/fourfold/dev/inmind_final_project_test/workspace/src/perception/yellow_ball_finder/install/yellow_ball_finder/share/ament_index/resource_index/parent_prefix_path/yellow_ball_finder
[0.581s] -- Installing: /home/fourfold/dev/inmind_final_project_test/workspace/src/perception/yellow_ball_finder/install/yellow_ball_finder/share/yellow_ball_finder/environment/ament_prefix_path.sh
[0.581s] -- Installing: /home/fourfold/dev/inmind_final_project_test/workspace/src/perception/yellow_ball_finder/install/yellow_ball_finder/share/yellow_ball_finder/environment/ament_prefix_path.dsv
[0.581s] -- Installing: /home/fourfold/dev/inmind_final_project_test/workspace/src/perception/yellow_ball_finder/install/yellow_ball_finder/share/yellow_ball_finder/environment/path.sh
[0.582s] -- Installing: /home/fourfold/dev/inmind_final_project_test/workspace/src/perception/yellow_ball_finder/install/yellow_ball_finder/share/yellow_ball_finder/environment/path.dsv
[0.582s] -- Installing: /home/fourfold/dev/inmind_final_project_test/workspace/src/perception/yellow_ball_finder/install/yellow_ball_finder/share/yellow_ball_finder/local_setup.bash
[0.582s] -- Installing: /home/fourfold/dev/inmind_final_project_test/workspace/src/perception/yellow_ball_finder/install/yellow_ball_finder/share/yellow_ball_finder/local_setup.sh
[0.582s] -- Installing: /home/fourfold/dev/inmind_final_project_test/workspace/src/perception/yellow_ball_finder/install/yellow_ball_finder/share/yellow_ball_finder/local_setup.zsh
[0.582s] -- Installing: /home/fourfold/dev/inmind_final_project_test/workspace/src/perception/yellow_ball_finder/install/yellow_ball_finder/share/yellow_ball_finder/local_setup.dsv
[0.582s] -- Installing: /home/fourfold/dev/inmind_final_project_test/workspace/src/perception/yellow_ball_finder/install/yellow_ball_finder/share/yellow_ball_finder/package.dsv
[0.582s] -- Installing: /home/fourfold/dev/inmind_final_project_test/workspace/src/perception/yellow_ball_finder/install/yellow_ball_finder/share/ament_index/resource_index/packages/yellow_ball_finder
[0.582s] -- Installing: /home/fourfold/dev/inmind_final_project_test/workspace/src/perception/yellow_ball_finder/install/yellow_ball_finder/share/yellow_ball_finder/cmake/yellow_ball_finderConfig.cmake
[0.582s] -- Installing: /home/fourfold/dev/inmind_final_project_test/workspace/src/perception/yellow_ball_finder/install/yellow_ball_finder/share/yellow_ball_finder/cmake/yellow_ball_finderConfig-version.cmake
[0.582s] -- Installing: /home/fourfold/dev/inmind_final_project_test/workspace/src/perception/yellow_ball_finder/install/yellow_ball_finder/share/yellow_ball_finder/package.xml
[0.584s] Invoked command in '/home/fourfold/dev/inmind_final_project_test/workspace/src/perception/yellow_ball_finder/build/yellow_ball_finder' returned '0': CMAKE_PREFIX_PATH=${CMAKE_PREFIX_PATH}:/opt/ros/humble /usr/bin/cmake --install /home/fourfold/dev/inmind_final_project_test/workspace/src/perception/yellow_ball_finder/build/yellow_ball_finder
