[0.035s] Invoking command in '/home/makramgh/Desktop/Pepsi-Bot/workspace/build/object_finder': AMENT_PREFIX_PATH=/home/makramgh/Desktop/Pepsi-Bot/workspace/install/detection_interfaces:${AMENT_PREFIX_PATH} CMAKE_PREFIX_PATH=/home/makramgh/Desktop/Pepsi-Bot/workspace/install/detection_interfaces:/opt/ros/humble LD_LIBRARY_PATH=/home/makramgh/Desktop/Pepsi-Bot/workspace/install/detection_interfaces/lib:${LD_LIBRARY_PATH} PYTHONPATH=/home/makramgh/Desktop/Pepsi-Bot/workspace/install/detection_interfaces/local/lib/python3.10/dist-packages:${PYTHONPATH} /usr/bin/cmake --build /home/makramgh/Desktop/Pepsi-Bot/workspace/build/object_finder -- -j12 -l12
[0.071s] Invoked command in '/home/makramgh/Desktop/Pepsi-Bot/workspace/build/object_finder' returned '0': AMENT_PREFIX_PATH=/home/makramgh/Desktop/Pepsi-Bot/workspace/install/detection_interfaces:${AMENT_PREFIX_PATH} CMAKE_PREFIX_PATH=/home/makramgh/Desktop/Pepsi-Bot/workspace/install/detection_interfaces:/opt/ros/humble LD_LIBRARY_PATH=/home/makramgh/Desktop/Pepsi-Bot/workspace/install/detection_interfaces/lib:${LD_LIBRARY_PATH} PYTHONPATH=/home/makramgh/Desktop/Pepsi-Bot/workspace/install/detection_interfaces/local/lib/python3.10/dist-packages:${PYTHONPATH} /usr/bin/cmake --build /home/makramgh/Desktop/Pepsi-Bot/workspace/build/object_finder -- -j12 -l12
[0.090s] Invoking command in '/home/makramgh/Desktop/Pepsi-Bot/workspace/build/object_finder': AMENT_PREFIX_PATH=/home/makramgh/Desktop/Pepsi-Bot/workspace/install/detection_interfaces:${AMENT_PREFIX_PATH} CMAKE_PREFIX_PATH=/home/makramgh/Desktop/Pepsi-Bot/workspace/install/detection_interfaces:/opt/ros/humble LD_LIBRARY_PATH=/home/makramgh/Desktop/Pepsi-Bot/workspace/install/detection_interfaces/lib:${LD_LIBRARY_PATH} PYTHONPATH=/home/makramgh/Desktop/Pepsi-Bot/workspace/install/detection_interfaces/local/lib/python3.10/dist-packages:${PYTHONPATH} /usr/bin/cmake --install /home/makramgh/Desktop/Pepsi-Bot/workspace/build/object_finder
[0.097s] -- Install configuration: ""
[0.097s] -- Up-to-date: /home/makramgh/Desktop/Pepsi-Bot/workspace/install/object_finder/include/
[0.097s] -- Up-to-date: /home/makramgh/Desktop/Pepsi-Bot/workspace/install/object_finder/include//object_finder
[0.097s] -- Up-to-date: /home/makramgh/Desktop/Pepsi-Bot/workspace/install/object_finder/include//object_finder/object_on_left.h
[0.097s] -- Up-to-date: /home/makramgh/Desktop/Pepsi-Bot/workspace/install/object_finder/include//object_finder/find_object.h
[0.097s] -- Up-to-date: /home/makramgh/Desktop/Pepsi-Bot/workspace/install/object_finder/include//object_finder/object_at_center.h
[0.098s] -- Up-to-date: /home/makramgh/Desktop/Pepsi-Bot/workspace/install/object_finder/include//object_finder/object_on_right.h
[0.098s] -- Up-to-date: /home/makramgh/Desktop/Pepsi-Bot/workspace/install/object_finder/share/ament_index/resource_index/package_run_dependencies/object_finder
[0.098s] -- Up-to-date: /home/makramgh/Desktop/Pepsi-Bot/workspace/install/object_finder/share/ament_index/resource_index/parent_prefix_path/object_finder
[0.098s] -- Up-to-date: /home/makramgh/Desktop/Pepsi-Bot/workspace/install/object_finder/share/object_finder/environment/ament_prefix_path.sh
[0.098s] -- Up-to-date: /home/makramgh/Desktop/Pepsi-Bot/workspace/install/object_finder/share/object_finder/environment/ament_prefix_path.dsv
[0.098s] -- Up-to-date: /home/makramgh/Desktop/Pepsi-Bot/workspace/install/object_finder/share/object_finder/environment/path.sh
[0.098s] -- Up-to-date: /home/makramgh/Desktop/Pepsi-Bot/workspace/install/object_finder/share/object_finder/environment/path.dsv
[0.098s] -- Up-to-date: /home/makramgh/Desktop/Pepsi-Bot/workspace/install/object_finder/share/object_finder/local_setup.bash
[0.098s] -- Up-to-date: /home/makramgh/Desktop/Pepsi-Bot/workspace/install/object_finder/share/object_finder/local_setup.sh
[0.099s] -- Up-to-date: /home/makramgh/Desktop/Pepsi-Bot/workspace/install/object_finder/share/object_finder/local_setup.zsh
[0.099s] -- Up-to-date: /home/makramgh/Desktop/Pepsi-Bot/workspace/install/object_finder/share/object_finder/local_setup.dsv
[0.099s] -- Up-to-date: /home/makramgh/Desktop/Pepsi-Bot/workspace/install/object_finder/share/object_finder/package.dsv
[0.099s] -- Up-to-date: /home/makramgh/Desktop/Pepsi-Bot/workspace/install/object_finder/share/ament_index/resource_index/packages/object_finder
[0.099s] -- Up-to-date: /home/makramgh/Desktop/Pepsi-Bot/workspace/install/object_finder/share/object_finder/cmake/ament_cmake_export_include_directories-extras.cmake
[0.099s] -- Up-to-date: /home/makramgh/Desktop/Pepsi-Bot/workspace/install/object_finder/share/object_finder/cmake/object_finderConfig.cmake
[0.100s] -- Up-to-date: /home/makramgh/Desktop/Pepsi-Bot/workspace/install/object_finder/share/object_finder/cmake/object_finderConfig-version.cmake
[0.100s] -- Up-to-date: /home/makramgh/Desktop/Pepsi-Bot/workspace/install/object_finder/share/object_finder/package.xml
[0.101s] Invoked command in '/home/makramgh/Desktop/Pepsi-Bot/workspace/build/object_finder' returned '0': AMENT_PREFIX_PATH=/home/makramgh/Desktop/Pepsi-Bot/workspace/install/detection_interfaces:${AMENT_PREFIX_PATH} CMAKE_PREFIX_PATH=/home/makramgh/Desktop/Pepsi-Bot/workspace/install/detection_interfaces:/opt/ros/humble LD_LIBRARY_PATH=/home/makramgh/Desktop/Pepsi-Bot/workspace/install/detection_interfaces/lib:${LD_LIBRARY_PATH} PYTHONPATH=/home/makramgh/Desktop/Pepsi-Bot/workspace/install/detection_interfaces/local/lib/python3.10/dist-packages:${PYTHONPATH} /usr/bin/cmake --install /home/makramgh/Desktop/Pepsi-Bot/workspace/build/object_finder
