[0.948s] Invoking command in '/home/fourfold/dev/inmind_final_project_test/workspace/src/perception/object_detector': PYTHONPATH=/home/fourfold/dev/inmind_final_project_test/workspace/build/object_detector/prefix_override:/usr/lib/python3/dist-packages/colcon_core/task/python/colcon_distutils_commands:/home/fourfold/dev/inmind_final_project_test/workspace/install/object_detector/lib/python3.10/site-packages:${PYTHONPATH} /usr/bin/python3 -W ignore:setup.py install is deprecated setup.py egg_info --egg-base ../../../build/object_detector build --build-base /home/fourfold/dev/inmind_final_project_test/workspace/build/object_detector/build install --record /home/fourfold/dev/inmind_final_project_test/workspace/build/object_detector/install.log --single-version-externally-managed install_data
[1.169s] running egg_info
[1.170s] writing ../../../build/object_detector/object_detector.egg-info/PKG-INFO
[1.170s] writing dependency_links to ../../../build/object_detector/object_detector.egg-info/dependency_links.txt
[1.170s] writing entry points to ../../../build/object_detector/object_detector.egg-info/entry_points.txt
[1.170s] writing requirements to ../../../build/object_detector/object_detector.egg-info/requires.txt
[1.170s] writing top-level names to ../../../build/object_detector/object_detector.egg-info/top_level.txt
[1.172s] reading manifest file '../../../build/object_detector/object_detector.egg-info/SOURCES.txt'
[1.172s] writing manifest file '../../../build/object_detector/object_detector.egg-info/SOURCES.txt'
[1.172s] running build
[1.173s] running build_py
[1.173s] copying object_detector/object_detector.py -> /home/fourfold/dev/inmind_final_project_test/workspace/build/object_detector/build/lib/object_detector
[1.173s] running install
[1.173s] running install_lib
[1.174s] copying /home/fourfold/dev/inmind_final_project_test/workspace/build/object_detector/build/lib/object_detector/object_detector.py -> /home/fourfold/dev/inmind_final_project_test/workspace/install/object_detector/lib/python3.10/site-packages/object_detector
[1.174s] byte-compiling /home/fourfold/dev/inmind_final_project_test/workspace/install/object_detector/lib/python3.10/site-packages/object_detector/object_detector.py to object_detector.cpython-310.pyc
[1.175s] running install_data
[1.175s] running install_egg_info
[1.178s] removing '/home/fourfold/dev/inmind_final_project_test/workspace/install/object_detector/lib/python3.10/site-packages/object_detector-0.0.0-py3.10.egg-info' (and everything under it)
[1.178s] Copying ../../../build/object_detector/object_detector.egg-info to /home/fourfold/dev/inmind_final_project_test/workspace/install/object_detector/lib/python3.10/site-packages/object_detector-0.0.0-py3.10.egg-info
[1.179s] running install_scripts
[1.201s] Installing object_detector script to /home/fourfold/dev/inmind_final_project_test/workspace/install/object_detector/lib/object_detector
[1.201s] writing list of installed files to '/home/fourfold/dev/inmind_final_project_test/workspace/build/object_detector/install.log'
[1.225s] Invoked command in '/home/fourfold/dev/inmind_final_project_test/workspace/src/perception/object_detector' returned '0': PYTHONPATH=/home/fourfold/dev/inmind_final_project_test/workspace/build/object_detector/prefix_override:/usr/lib/python3/dist-packages/colcon_core/task/python/colcon_distutils_commands:/home/fourfold/dev/inmind_final_project_test/workspace/install/object_detector/lib/python3.10/site-packages:${PYTHONPATH} /usr/bin/python3 -W ignore:setup.py install is deprecated setup.py egg_info --egg-base ../../../build/object_detector build --build-base /home/fourfold/dev/inmind_final_project_test/workspace/build/object_detector/build install --record /home/fourfold/dev/inmind_final_project_test/workspace/build/object_detector/install.log --single-version-externally-managed install_data
