[0.009s] Invoking command in '/home/fourfold/dev/inmind_final_project_test/workspace/build/distance_interfaces': CMAKE_PREFIX_PATH=${CMAKE_PREFIX_PATH}:/opt/ros/humble /usr/bin/cmake --build /home/fourfold/dev/inmind_final_project_test/workspace/build/distance_interfaces -- -j16 -l16
[0.042s] [  3%] Built target distance_interfaces__cpp
[0.042s] [ 12%] Built target distance_interfaces__rosidl_generator_c
[0.050s] [ 12%] Built target ament_cmake_python_copy_distance_interfaces
[0.058s] [ 22%] Built target distance_interfaces__rosidl_typesupport_cpp
[0.059s] [ 32%] Built target distance_interfaces__rosidl_typesupport_c
[0.059s] [ 45%] Built target distance_interfaces__rosidl_typesupport_fastrtps_cpp
[0.059s] [ 51%] Built target distance_interfaces__rosidl_typesupport_introspection_cpp
[0.059s] [ 61%] Built target distance_interfaces__rosidl_typesupport_fastrtps_c
[0.061s] [ 70%] Built target distance_interfaces__rosidl_typesupport_introspection_c
[0.074s] [ 70%] Built target distance_interfaces
[0.086s] [ 74%] Built target distance_interfaces__py
[0.100s] [ 80%] Built target distance_interfaces__rosidl_generator_py
[0.115s] [ 96%] Built target distance_interfaces__rosidl_typesupport_fastrtps_c__pyext
[0.115s] [ 96%] Built target distance_interfaces__rosidl_typesupport_c__pyext
[0.115s] [100%] Built target distance_interfaces__rosidl_typesupport_introspection_c__pyext
[0.194s] running egg_info
[0.195s] writing distance_interfaces.egg-info/PKG-INFO
[0.195s] writing dependency_links to distance_interfaces.egg-info/dependency_links.txt
[0.195s] writing top-level names to distance_interfaces.egg-info/top_level.txt
[0.196s] reading manifest file 'distance_interfaces.egg-info/SOURCES.txt'
[0.196s] writing manifest file 'distance_interfaces.egg-info/SOURCES.txt'
[0.214s] [100%] Built target ament_cmake_python_build_distance_interfaces_egg
[0.221s] Invoked command in '/home/fourfold/dev/inmind_final_project_test/workspace/build/distance_interfaces' returned '0': CMAKE_PREFIX_PATH=${CMAKE_PREFIX_PATH}:/opt/ros/humble /usr/bin/cmake --build /home/fourfold/dev/inmind_final_project_test/workspace/build/distance_interfaces -- -j16 -l16
[0.262s] Invoking command in '/home/fourfold/dev/inmind_final_project_test/workspace/build/distance_interfaces': CMAKE_PREFIX_PATH=${CMAKE_PREFIX_PATH}:/opt/ros/humble /usr/bin/cmake --install /home/fourfold/dev/inmind_final_project_test/workspace/build/distance_interfaces
[0.267s] -- Install configuration: ""
[0.267s] -- Up-to-date: /home/fourfold/dev/inmind_final_project_test/workspace/install/distance_interfaces/share/ament_index/resource_index/rosidl_interfaces/distance_interfaces
[0.267s] -- Up-to-date: /home/fourfold/dev/inmind_final_project_test/workspace/install/distance_interfaces/include/distance_interfaces/distance_interfaces
[0.267s] -- Up-to-date: /home/fourfold/dev/inmind_final_project_test/workspace/install/distance_interfaces/include/distance_interfaces/distance_interfaces/msg
[0.267s] -- Up-to-date: /home/fourfold/dev/inmind_final_project_test/workspace/install/distance_interfaces/include/distance_interfaces/distance_interfaces/msg/rosidl_generator_c__visibility_control.h
[0.267s] -- Up-to-date: /home/fourfold/dev/inmind_final_project_test/workspace/install/distance_interfaces/include/distance_interfaces/distance_interfaces/srv
[0.267s] -- Up-to-date: /home/fourfold/dev/inmind_final_project_test/workspace/install/distance_interfaces/include/distance_interfaces/distance_interfaces/srv/detail
[0.267s] -- Up-to-date: /home/fourfold/dev/inmind_final_project_test/workspace/install/distance_interfaces/include/distance_interfaces/distance_interfaces/srv/detail/get_front_distance__type_support.h
[0.267s] -- Up-to-date: /home/fourfold/dev/inmind_final_project_test/workspace/install/distance_interfaces/include/distance_interfaces/distance_interfaces/srv/detail/get_front_distance__functions.c
[0.267s] -- Up-to-date: /home/fourfold/dev/inmind_final_project_test/workspace/install/distance_interfaces/include/distance_interfaces/distance_interfaces/srv/detail/get_front_distance__functions.h
[0.267s] -- Up-to-date: /home/fourfold/dev/inmind_final_project_test/workspace/install/distance_interfaces/include/distance_interfaces/distance_interfaces/srv/detail/get_front_distance__struct.h
[0.267s] -- Up-to-date: /home/fourfold/dev/inmind_final_project_test/workspace/install/distance_interfaces/include/distance_interfaces/distance_interfaces/srv/get_front_distance.h
[0.267s] -- Up-to-date: /home/fourfold/dev/inmind_final_project_test/workspace/install/distance_interfaces/share/distance_interfaces/environment/library_path.sh
[0.267s] -- Up-to-date: /home/fourfold/dev/inmind_final_project_test/workspace/install/distance_interfaces/share/distance_interfaces/environment/library_path.dsv
[0.268s] -- Up-to-date: /home/fourfold/dev/inmind_final_project_test/workspace/install/distance_interfaces/lib/libdistance_interfaces__rosidl_generator_c.so
[0.268s] -- Up-to-date: /home/fourfold/dev/inmind_final_project_test/workspace/install/distance_interfaces/include/distance_interfaces/distance_interfaces
[0.268s] -- Up-to-date: /home/fourfold/dev/inmind_final_project_test/workspace/install/distance_interfaces/include/distance_interfaces/distance_interfaces/msg
[0.268s] -- Up-to-date: /home/fourfold/dev/inmind_final_project_test/workspace/install/distance_interfaces/include/distance_interfaces/distance_interfaces/msg/rosidl_typesupport_fastrtps_c__visibility_control.h
[0.268s] -- Up-to-date: /home/fourfold/dev/inmind_final_project_test/workspace/install/distance_interfaces/include/distance_interfaces/distance_interfaces/srv
[0.268s] -- Up-to-date: /home/fourfold/dev/inmind_final_project_test/workspace/install/distance_interfaces/include/distance_interfaces/distance_interfaces/srv/detail
[0.268s] -- Up-to-date: /home/fourfold/dev/inmind_final_project_test/workspace/install/distance_interfaces/include/distance_interfaces/distance_interfaces/srv/detail/get_front_distance__rosidl_typesupport_fastrtps_c.h
[0.268s] -- Up-to-date: /home/fourfold/dev/inmind_final_project_test/workspace/install/distance_interfaces/lib/libdistance_interfaces__rosidl_typesupport_fastrtps_c.so
[0.268s] -- Up-to-date: /home/fourfold/dev/inmind_final_project_test/workspace/install/distance_interfaces/include/distance_interfaces/distance_interfaces
[0.268s] -- Up-to-date: /home/fourfold/dev/inmind_final_project_test/workspace/install/distance_interfaces/include/distance_interfaces/distance_interfaces/msg
[0.268s] -- Up-to-date: /home/fourfold/dev/inmind_final_project_test/workspace/install/distance_interfaces/include/distance_interfaces/distance_interfaces/msg/rosidl_typesupport_introspection_c__visibility_control.h
[0.268s] -- Up-to-date: /home/fourfold/dev/inmind_final_project_test/workspace/install/distance_interfaces/include/distance_interfaces/distance_interfaces/srv
[0.268s] -- Up-to-date: /home/fourfold/dev/inmind_final_project_test/workspace/install/distance_interfaces/include/distance_interfaces/distance_interfaces/srv/detail
[0.268s] -- Up-to-date: /home/fourfold/dev/inmind_final_project_test/workspace/install/distance_interfaces/include/distance_interfaces/distance_interfaces/srv/detail/get_front_distance__type_support.c
[0.268s] -- Up-to-date: /home/fourfold/dev/inmind_final_project_test/workspace/install/distance_interfaces/include/distance_interfaces/distance_interfaces/srv/detail/get_front_distance__rosidl_typesupport_introspection_c.h
[0.268s] -- Up-to-date: /home/fourfold/dev/inmind_final_project_test/workspace/install/distance_interfaces/lib/libdistance_interfaces__rosidl_typesupport_introspection_c.so
[0.268s] -- Up-to-date: /home/fourfold/dev/inmind_final_project_test/workspace/install/distance_interfaces/lib/libdistance_interfaces__rosidl_typesupport_c.so
[0.269s] -- Up-to-date: /home/fourfold/dev/inmind_final_project_test/workspace/install/distance_interfaces/include/distance_interfaces/distance_interfaces
[0.269s] -- Up-to-date: /home/fourfold/dev/inmind_final_project_test/workspace/install/distance_interfaces/include/distance_interfaces/distance_interfaces/srv
[0.269s] -- Up-to-date: /home/fourfold/dev/inmind_final_project_test/workspace/install/distance_interfaces/include/distance_interfaces/distance_interfaces/srv/detail
[0.269s] -- Up-to-date: /home/fourfold/dev/inmind_final_project_test/workspace/install/distance_interfaces/include/distance_interfaces/distance_interfaces/srv/detail/get_front_distance__struct.hpp
[0.269s] -- Up-to-date: /home/fourfold/dev/inmind_final_project_test/workspace/install/distance_interfaces/include/distance_interfaces/distance_interfaces/srv/detail/get_front_distance__traits.hpp
[0.269s] -- Up-to-date: /home/fourfold/dev/inmind_final_project_test/workspace/install/distance_interfaces/include/distance_interfaces/distance_interfaces/srv/detail/get_front_distance__builder.hpp
[0.269s] -- Up-to-date: /home/fourfold/dev/inmind_final_project_test/workspace/install/distance_interfaces/include/distance_interfaces/distance_interfaces/srv/get_front_distance.hpp
[0.269s] -- Up-to-date: /home/fourfold/dev/inmind_final_project_test/workspace/install/distance_interfaces/include/distance_interfaces/distance_interfaces
[0.269s] -- Up-to-date: /home/fourfold/dev/inmind_final_project_test/workspace/install/distance_interfaces/include/distance_interfaces/distance_interfaces/msg
[0.269s] -- Up-to-date: /home/fourfold/dev/inmind_final_project_test/workspace/install/distance_interfaces/include/distance_interfaces/distance_interfaces/msg/rosidl_typesupport_fastrtps_cpp__visibility_control.h
[0.270s] -- Up-to-date: /home/fourfold/dev/inmind_final_project_test/workspace/install/distance_interfaces/include/distance_interfaces/distance_interfaces/srv
[0.270s] -- Up-to-date: /home/fourfold/dev/inmind_final_project_test/workspace/install/distance_interfaces/include/distance_interfaces/distance_interfaces/srv/detail
[0.270s] -- Up-to-date: /home/fourfold/dev/inmind_final_project_test/workspace/install/distance_interfaces/include/distance_interfaces/distance_interfaces/srv/detail/get_front_distance__rosidl_typesupport_fastrtps_cpp.hpp
[0.270s] -- Up-to-date: /home/fourfold/dev/inmind_final_project_test/workspace/install/distance_interfaces/include/distance_interfaces/distance_interfaces/srv/detail/dds_fastrtps
[0.270s] -- Up-to-date: /home/fourfold/dev/inmind_final_project_test/workspace/install/distance_interfaces/lib/libdistance_interfaces__rosidl_typesupport_fastrtps_cpp.so
[0.270s] -- Up-to-date: /home/fourfold/dev/inmind_final_project_test/workspace/install/distance_interfaces/include/distance_interfaces/distance_interfaces
[0.270s] -- Up-to-date: /home/fourfold/dev/inmind_final_project_test/workspace/install/distance_interfaces/include/distance_interfaces/distance_interfaces/srv
[0.270s] -- Up-to-date: /home/fourfold/dev/inmind_final_project_test/workspace/install/distance_interfaces/include/distance_interfaces/distance_interfaces/srv/detail
[0.270s] -- Up-to-date: /home/fourfold/dev/inmind_final_project_test/workspace/install/distance_interfaces/include/distance_interfaces/distance_interfaces/srv/detail/get_front_distance__type_support.cpp
[0.270s] -- Up-to-date: /home/fourfold/dev/inmind_final_project_test/workspace/install/distance_interfaces/include/distance_interfaces/distance_interfaces/srv/detail/get_front_distance__rosidl_typesupport_introspection_cpp.hpp
[0.270s] -- Up-to-date: /home/fourfold/dev/inmind_final_project_test/workspace/install/distance_interfaces/lib/libdistance_interfaces__rosidl_typesupport_introspection_cpp.so
[0.270s] -- Up-to-date: /home/fourfold/dev/inmind_final_project_test/workspace/install/distance_interfaces/lib/libdistance_interfaces__rosidl_typesupport_cpp.so
[0.270s] -- Up-to-date: /home/fourfold/dev/inmind_final_project_test/workspace/install/distance_interfaces/share/distance_interfaces/environment/pythonpath.sh
[0.270s] -- Up-to-date: /home/fourfold/dev/inmind_final_project_test/workspace/install/distance_interfaces/share/distance_interfaces/environment/pythonpath.dsv
[0.270s] -- Up-to-date: /home/fourfold/dev/inmind_final_project_test/workspace/install/distance_interfaces/local/lib/python3.10/dist-packages/distance_interfaces-0.0.0-py3.10.egg-info
[0.270s] -- Installing: /home/fourfold/dev/inmind_final_project_test/workspace/install/distance_interfaces/local/lib/python3.10/dist-packages/distance_interfaces-0.0.0-py3.10.egg-info/SOURCES.txt
[0.270s] -- Installing: /home/fourfold/dev/inmind_final_project_test/workspace/install/distance_interfaces/local/lib/python3.10/dist-packages/distance_interfaces-0.0.0-py3.10.egg-info/top_level.txt
[0.270s] -- Installing: /home/fourfold/dev/inmind_final_project_test/workspace/install/distance_interfaces/local/lib/python3.10/dist-packages/distance_interfaces-0.0.0-py3.10.egg-info/PKG-INFO
[0.271s] -- Installing: /home/fourfold/dev/inmind_final_project_test/workspace/install/distance_interfaces/local/lib/python3.10/dist-packages/distance_interfaces-0.0.0-py3.10.egg-info/dependency_links.txt
[0.271s] -- Up-to-date: /home/fourfold/dev/inmind_final_project_test/workspace/install/distance_interfaces/local/lib/python3.10/dist-packages/distance_interfaces
[0.271s] -- Up-to-date: /home/fourfold/dev/inmind_final_project_test/workspace/install/distance_interfaces/local/lib/python3.10/dist-packages/distance_interfaces/_distance_interfaces_s.ep.rosidl_typesupport_fastrtps_c.c
[0.271s] -- Up-to-date: /home/fourfold/dev/inmind_final_project_test/workspace/install/distance_interfaces/local/lib/python3.10/dist-packages/distance_interfaces/distance_interfaces_s__rosidl_typesupport_fastrtps_c.cpython-310-x86_64-linux-gnu.so
[0.271s] -- Up-to-date: /home/fourfold/dev/inmind_final_project_test/workspace/install/distance_interfaces/local/lib/python3.10/dist-packages/distance_interfaces/distance_interfaces_s__rosidl_typesupport_introspection_c.cpython-310-x86_64-linux-gnu.so
[0.271s] -- Up-to-date: /home/fourfold/dev/inmind_final_project_test/workspace/install/distance_interfaces/local/lib/python3.10/dist-packages/distance_interfaces/distance_interfaces_s__rosidl_typesupport_c.cpython-310-x86_64-linux-gnu.so
[0.271s] -- Up-to-date: /home/fourfold/dev/inmind_final_project_test/workspace/install/distance_interfaces/local/lib/python3.10/dist-packages/distance_interfaces/_distance_interfaces_s.ep.rosidl_typesupport_introspection_c.c
[0.271s] -- Up-to-date: /home/fourfold/dev/inmind_final_project_test/workspace/install/distance_interfaces/local/lib/python3.10/dist-packages/distance_interfaces/_distance_interfaces_s.ep.rosidl_typesupport_c.c
[0.271s] -- Up-to-date: /home/fourfold/dev/inmind_final_project_test/workspace/install/distance_interfaces/local/lib/python3.10/dist-packages/distance_interfaces/libdistance_interfaces__rosidl_generator_py.so
[0.271s] -- Up-to-date: /home/fourfold/dev/inmind_final_project_test/workspace/install/distance_interfaces/local/lib/python3.10/dist-packages/distance_interfaces/srv
[0.271s] -- Up-to-date: /home/fourfold/dev/inmind_final_project_test/workspace/install/distance_interfaces/local/lib/python3.10/dist-packages/distance_interfaces/srv/_get_front_distance.py
[0.271s] -- Up-to-date: /home/fourfold/dev/inmind_final_project_test/workspace/install/distance_interfaces/local/lib/python3.10/dist-packages/distance_interfaces/srv/_get_front_distance_s.c
[0.271s] -- Up-to-date: /home/fourfold/dev/inmind_final_project_test/workspace/install/distance_interfaces/local/lib/python3.10/dist-packages/distance_interfaces/srv/__init__.py
[0.271s] -- Up-to-date: /home/fourfold/dev/inmind_final_project_test/workspace/install/distance_interfaces/local/lib/python3.10/dist-packages/distance_interfaces/__init__.py
[0.288s] Listing '/home/fourfold/dev/inmind_final_project_test/workspace/install/distance_interfaces/local/lib/python3.10/dist-packages/distance_interfaces'...
[0.288s] Listing '/home/fourfold/dev/inmind_final_project_test/workspace/install/distance_interfaces/local/lib/python3.10/dist-packages/distance_interfaces/srv'...
[0.291s] -- Up-to-date: /home/fourfold/dev/inmind_final_project_test/workspace/install/distance_interfaces/local/lib/python3.10/dist-packages/distance_interfaces/distance_interfaces_s__rosidl_typesupport_fastrtps_c.cpython-310-x86_64-linux-gnu.so
[0.291s] -- Up-to-date: /home/fourfold/dev/inmind_final_project_test/workspace/install/distance_interfaces/local/lib/python3.10/dist-packages/distance_interfaces/distance_interfaces_s__rosidl_typesupport_introspection_c.cpython-310-x86_64-linux-gnu.so
[0.291s] -- Up-to-date: /home/fourfold/dev/inmind_final_project_test/workspace/install/distance_interfaces/local/lib/python3.10/dist-packages/distance_interfaces/distance_interfaces_s__rosidl_typesupport_c.cpython-310-x86_64-linux-gnu.so
[0.291s] -- Up-to-date: /home/fourfold/dev/inmind_final_project_test/workspace/install/distance_interfaces/lib/libdistance_interfaces__rosidl_generator_py.so
[0.291s] -- Up-to-date: /home/fourfold/dev/inmind_final_project_test/workspace/install/distance_interfaces/share/distance_interfaces/srv/GetFrontDistance.idl
[0.291s] -- Up-to-date: /home/fourfold/dev/inmind_final_project_test/workspace/install/distance_interfaces/share/distance_interfaces/srv/GetFrontDistance.srv
[0.291s] -- Up-to-date: /home/fourfold/dev/inmind_final_project_test/workspace/install/distance_interfaces/share/distance_interfaces/srv/GetFrontDistance_Request.msg
[0.291s] -- Up-to-date: /home/fourfold/dev/inmind_final_project_test/workspace/install/distance_interfaces/share/distance_interfaces/srv/GetFrontDistance_Response.msg
[0.291s] -- Up-to-date: /home/fourfold/dev/inmind_final_project_test/workspace/install/distance_interfaces/share/ament_index/resource_index/package_run_dependencies/distance_interfaces
[0.292s] -- Up-to-date: /home/fourfold/dev/inmind_final_project_test/workspace/install/distance_interfaces/share/ament_index/resource_index/parent_prefix_path/distance_interfaces
[0.292s] -- Up-to-date: /home/fourfold/dev/inmind_final_project_test/workspace/install/distance_interfaces/share/distance_interfaces/environment/ament_prefix_path.sh
[0.292s] -- Up-to-date: /home/fourfold/dev/inmind_final_project_test/workspace/install/distance_interfaces/share/distance_interfaces/environment/ament_prefix_path.dsv
[0.292s] -- Up-to-date: /home/fourfold/dev/inmind_final_project_test/workspace/install/distance_interfaces/share/distance_interfaces/environment/path.sh
[0.292s] -- Up-to-date: /home/fourfold/dev/inmind_final_project_test/workspace/install/distance_interfaces/share/distance_interfaces/environment/path.dsv
[0.292s] -- Up-to-date: /home/fourfold/dev/inmind_final_project_test/workspace/install/distance_interfaces/share/distance_interfaces/local_setup.bash
[0.292s] -- Up-to-date: /home/fourfold/dev/inmind_final_project_test/workspace/install/distance_interfaces/share/distance_interfaces/local_setup.sh
[0.292s] -- Up-to-date: /home/fourfold/dev/inmind_final_project_test/workspace/install/distance_interfaces/share/distance_interfaces/local_setup.zsh
[0.292s] -- Up-to-date: /home/fourfold/dev/inmind_final_project_test/workspace/install/distance_interfaces/share/distance_interfaces/local_setup.dsv
[0.292s] -- Installing: /home/fourfold/dev/inmind_final_project_test/workspace/install/distance_interfaces/share/distance_interfaces/package.dsv
[0.292s] -- Up-to-date: /home/fourfold/dev/inmind_final_project_test/workspace/install/distance_interfaces/share/ament_index/resource_index/packages/distance_interfaces
[0.292s] -- Up-to-date: /home/fourfold/dev/inmind_final_project_test/workspace/install/distance_interfaces/share/distance_interfaces/cmake/export_distance_interfaces__rosidl_generator_cExport.cmake
[0.292s] -- Up-to-date: /home/fourfold/dev/inmind_final_project_test/workspace/install/distance_interfaces/share/distance_interfaces/cmake/export_distance_interfaces__rosidl_generator_cExport-noconfig.cmake
[0.292s] -- Up-to-date: /home/fourfold/dev/inmind_final_project_test/workspace/install/distance_interfaces/share/distance_interfaces/cmake/export_distance_interfaces__rosidl_typesupport_fastrtps_cExport.cmake
[0.292s] -- Up-to-date: /home/fourfold/dev/inmind_final_project_test/workspace/install/distance_interfaces/share/distance_interfaces/cmake/export_distance_interfaces__rosidl_typesupport_fastrtps_cExport-noconfig.cmake
[0.292s] -- Up-to-date: /home/fourfold/dev/inmind_final_project_test/workspace/install/distance_interfaces/share/distance_interfaces/cmake/distance_interfaces__rosidl_typesupport_introspection_cExport.cmake
[0.292s] -- Up-to-date: /home/fourfold/dev/inmind_final_project_test/workspace/install/distance_interfaces/share/distance_interfaces/cmake/distance_interfaces__rosidl_typesupport_introspection_cExport-noconfig.cmake
[0.292s] -- Up-to-date: /home/fourfold/dev/inmind_final_project_test/workspace/install/distance_interfaces/share/distance_interfaces/cmake/distance_interfaces__rosidl_typesupport_cExport.cmake
[0.292s] -- Up-to-date: /home/fourfold/dev/inmind_final_project_test/workspace/install/distance_interfaces/share/distance_interfaces/cmake/distance_interfaces__rosidl_typesupport_cExport-noconfig.cmake
[0.292s] -- Up-to-date: /home/fourfold/dev/inmind_final_project_test/workspace/install/distance_interfaces/share/distance_interfaces/cmake/export_distance_interfaces__rosidl_generator_cppExport.cmake
[0.292s] -- Up-to-date: /home/fourfold/dev/inmind_final_project_test/workspace/install/distance_interfaces/share/distance_interfaces/cmake/export_distance_interfaces__rosidl_typesupport_fastrtps_cppExport.cmake
[0.292s] -- Up-to-date: /home/fourfold/dev/inmind_final_project_test/workspace/install/distance_interfaces/share/distance_interfaces/cmake/export_distance_interfaces__rosidl_typesupport_fastrtps_cppExport-noconfig.cmake
[0.292s] -- Up-to-date: /home/fourfold/dev/inmind_final_project_test/workspace/install/distance_interfaces/share/distance_interfaces/cmake/distance_interfaces__rosidl_typesupport_introspection_cppExport.cmake
[0.292s] -- Up-to-date: /home/fourfold/dev/inmind_final_project_test/workspace/install/distance_interfaces/share/distance_interfaces/cmake/distance_interfaces__rosidl_typesupport_introspection_cppExport-noconfig.cmake
[0.292s] -- Up-to-date: /home/fourfold/dev/inmind_final_project_test/workspace/install/distance_interfaces/share/distance_interfaces/cmake/distance_interfaces__rosidl_typesupport_cppExport.cmake
[0.292s] -- Up-to-date: /home/fourfold/dev/inmind_final_project_test/workspace/install/distance_interfaces/share/distance_interfaces/cmake/distance_interfaces__rosidl_typesupport_cppExport-noconfig.cmake
[0.292s] -- Up-to-date: /home/fourfold/dev/inmind_final_project_test/workspace/install/distance_interfaces/share/distance_interfaces/cmake/export_distance_interfaces__rosidl_generator_pyExport.cmake
[0.292s] -- Up-to-date: /home/fourfold/dev/inmind_final_project_test/workspace/install/distance_interfaces/share/distance_interfaces/cmake/export_distance_interfaces__rosidl_generator_pyExport-noconfig.cmake
[0.293s] -- Up-to-date: /home/fourfold/dev/inmind_final_project_test/workspace/install/distance_interfaces/share/distance_interfaces/cmake/rosidl_cmake-extras.cmake
[0.293s] -- Up-to-date: /home/fourfold/dev/inmind_final_project_test/workspace/install/distance_interfaces/share/distance_interfaces/cmake/ament_cmake_export_include_directories-extras.cmake
[0.293s] -- Up-to-date: /home/fourfold/dev/inmind_final_project_test/workspace/install/distance_interfaces/share/distance_interfaces/cmake/ament_cmake_export_libraries-extras.cmake
[0.293s] -- Up-to-date: /home/fourfold/dev/inmind_final_project_test/workspace/install/distance_interfaces/share/distance_interfaces/cmake/ament_cmake_export_targets-extras.cmake
[0.293s] -- Up-to-date: /home/fourfold/dev/inmind_final_project_test/workspace/install/distance_interfaces/share/distance_interfaces/cmake/rosidl_cmake_export_typesupport_targets-extras.cmake
[0.293s] -- Up-to-date: /home/fourfold/dev/inmind_final_project_test/workspace/install/distance_interfaces/share/distance_interfaces/cmake/ament_cmake_export_dependencies-extras.cmake
[0.293s] -- Up-to-date: /home/fourfold/dev/inmind_final_project_test/workspace/install/distance_interfaces/share/distance_interfaces/cmake/rosidl_cmake_export_typesupport_libraries-extras.cmake
[0.293s] -- Up-to-date: /home/fourfold/dev/inmind_final_project_test/workspace/install/distance_interfaces/share/distance_interfaces/cmake/distance_interfacesConfig.cmake
[0.293s] -- Up-to-date: /home/fourfold/dev/inmind_final_project_test/workspace/install/distance_interfaces/share/distance_interfaces/cmake/distance_interfacesConfig-version.cmake
[0.293s] -- Up-to-date: /home/fourfold/dev/inmind_final_project_test/workspace/install/distance_interfaces/share/distance_interfaces/package.xml
[0.294s] Invoked command in '/home/fourfold/dev/inmind_final_project_test/workspace/build/distance_interfaces' returned '0': CMAKE_PREFIX_PATH=${CMAKE_PREFIX_PATH}:/opt/ros/humble /usr/bin/cmake --install /home/fourfold/dev/inmind_final_project_test/workspace/build/distance_interfaces
