[0.043s] Invoking command in '/home/makramgh/Desktop/Pepsi-Bot/workspace/build/detection_interfaces': CMAKE_PREFIX_PATH=/opt/ros/humble /usr/bin/cmake /home/makramgh/Desktop/Pepsi-Bot/workspace/src/perception/detection_interfaces -DCMAKE_INSTALL_PREFIX=/home/makramgh/Desktop/Pepsi-Bot/workspace/install/detection_interfaces
[0.969s] -- The C compiler identification is GNU 11.4.0
[0.969s] -- The CXX compiler identification is GNU 11.4.0
[0.969s] -- Detecting C compiler ABI info
[0.970s] -- Detecting C compiler ABI info - done
[0.970s] -- Check for working C compiler: /usr/bin/cc - skipped
[0.970s] -- Detecting C compile features
[0.970s] -- Detecting C compile features - done
[0.970s] -- Detecting CXX compiler ABI info
[0.970s] -- Detecting CXX compiler ABI info - done
[0.970s] -- Check for working CXX compiler: /usr/bin/c++ - skipped
[0.971s] -- Detecting CXX compile features
[0.971s] -- Detecting CXX compile features - done
[0.971s] -- Found ament_cmake: 1.3.9 (/opt/ros/humble/share/ament_cmake/cmake)
[0.971s] -- Found Python3: /usr/bin/python3 (found version "3.10.12") found components: Interpreter 
[0.971s] -- Found rosidl_default_generators: 1.2.0 (/opt/ros/humble/share/rosidl_default_generators/cmake)
[0.971s] -- Using all available rosidl_typesupport_c: rosidl_typesupport_fastrtps_c;rosidl_typesupport_introspection_c
[0.971s] -- Found rosidl_adapter: 3.1.5 (/opt/ros/humble/share/rosidl_adapter/cmake)
[0.971s] -- Using all available rosidl_typesupport_cpp: rosidl_typesupport_fastrtps_cpp;rosidl_typesupport_introspection_cpp
[1.647s] -- Found ament_cmake_ros: 0.10.0 (/opt/ros/humble/share/ament_cmake_ros/cmake)
[1.942s] -- Using all available rosidl_typesupport_c: rosidl_typesupport_fastrtps_c;rosidl_typesupport_introspection_c
[2.350s] -- Using all available rosidl_typesupport_cpp: rosidl_typesupport_fastrtps_cpp;rosidl_typesupport_introspection_cpp
[2.388s] -- Found PythonInterp: /usr/bin/python3 (found suitable version "3.10.12", minimum required is "3.6") 
[2.390s] -- Found python_cmake_module: 0.10.0 (/opt/ros/humble/share/python_cmake_module/cmake)
[2.439s] -- Found PythonLibs: /usr/lib/x86_64-linux-gnu/libpython3.10.so (found suitable version "3.10.12", minimum required is "3.5") 
[2.439s] -- Using PYTHON_EXECUTABLE: /usr/bin/python3
[2.439s] -- Using PYTHON_INCLUDE_DIRS: /usr/include/python3.10
[2.439s] -- Using PYTHON_LIBRARIES: /usr/lib/x86_64-linux-gnu/libpython3.10.so
[2.468s] -- Found PythonExtra: .so  
[2.521s] -- Found ament_lint_auto: 0.12.11 (/opt/ros/humble/share/ament_lint_auto/cmake)
[2.552s] -- Added test 'lint_cmake' to check CMake code style
[2.552s] -- Added test 'xmllint' to check XML markup files
[2.559s] -- Configuring done
[2.617s] -- Generating done
[2.623s] -- Build files have been written to: /home/makramgh/Desktop/Pepsi-Bot/workspace/build/detection_interfaces
[2.630s] Invoked command in '/home/makramgh/Desktop/Pepsi-Bot/workspace/build/detection_interfaces' returned '0': CMAKE_PREFIX_PATH=/opt/ros/humble /usr/bin/cmake /home/makramgh/Desktop/Pepsi-Bot/workspace/src/perception/detection_interfaces -DCMAKE_INSTALL_PREFIX=/home/makramgh/Desktop/Pepsi-Bot/workspace/install/detection_interfaces
[2.633s] Invoking command in '/home/makramgh/Desktop/Pepsi-Bot/workspace/build/detection_interfaces': CMAKE_PREFIX_PATH=/opt/ros/humble /usr/bin/cmake --build /home/makramgh/Desktop/Pepsi-Bot/workspace/build/detection_interfaces -- -j12 -l12
[2.698s] [  2%] [34m[1mGenerating C code for ROS interfaces[0m
[2.715s] [  5%] [34m[1mGenerating C++ code for ROS interfaces[0m
[2.728s] [  5%] Built target ament_cmake_python_copy_detection_interfaces
[3.504s] running egg_info
[3.504s] creating detection_interfaces.egg-info
[3.507s] writing detection_interfaces.egg-info/PKG-INFO
[3.507s] writing dependency_links to detection_interfaces.egg-info/dependency_links.txt
[3.507s] writing top-level names to detection_interfaces.egg-info/top_level.txt
[3.507s] writing manifest file 'detection_interfaces.egg-info/SOURCES.txt'
[3.511s] reading manifest file 'detection_interfaces.egg-info/SOURCES.txt'
[3.512s] writing manifest file 'detection_interfaces.egg-info/SOURCES.txt'
[3.565s] [  5%] Built target ament_cmake_python_build_detection_interfaces_egg
[4.477s] [  5%] Built target detection_interfaces__cpp
[4.502s] [  7%] [34m[1mGenerating C++ type support dispatch for ROS interfaces[0m
[4.516s] [ 10%] [34m[1mGenerating C++ introspection for ROS interfaces[0m
[4.517s] [ 12%] [34m[1mGenerating C++ type support for eProsima Fast-RTPS[0m
[4.518s] [ 15%] [32mBuilding C object CMakeFiles/detection_interfaces__rosidl_generator_c.dir/rosidl_generator_c/detection_interfaces/action/detail/find_object__functions.c.o[0m
[4.519s] [ 17%] [32mBuilding C object CMakeFiles/detection_interfaces__rosidl_generator_c.dir/rosidl_generator_c/detection_interfaces/action/detail/find_yellow__functions.c.o[0m
[4.916s] [ 20%] [32m[1mLinking C shared library libdetection_interfaces__rosidl_generator_c.so[0m
[5.012s] [ 20%] Built target detection_interfaces__rosidl_generator_c
[5.049s] [ 25%] [34m[1mGenerating C introspection for ROS interfaces[0m
[5.052s] [ 25%] [34m[1mGenerating C type support dispatch for ROS interfaces[0m
[5.060s] [ 28%] [34m[1mGenerating C type support for eProsima Fast-RTPS[0m
[5.796s] [ 30%] [32mBuilding CXX object CMakeFiles/detection_interfaces__rosidl_typesupport_cpp.dir/rosidl_typesupport_cpp/detection_interfaces/action/find_yellow__type_support.cpp.o[0m
[5.798s] [ 33%] [32mBuilding CXX object CMakeFiles/detection_interfaces__rosidl_typesupport_cpp.dir/rosidl_typesupport_cpp/detection_interfaces/action/find_object__type_support.cpp.o[0m
[6.203s] [ 35%] [32mBuilding CXX object CMakeFiles/detection_interfaces__rosidl_typesupport_introspection_cpp.dir/rosidl_typesupport_introspection_cpp/detection_interfaces/action/detail/find_yellow__type_support.cpp.o[0m
[6.207s] [ 38%] [32mBuilding CXX object CMakeFiles/detection_interfaces__rosidl_typesupport_introspection_cpp.dir/rosidl_typesupport_introspection_cpp/detection_interfaces/action/detail/find_object__type_support.cpp.o[0m
[6.629s] [ 43%] [32mBuilding CXX object CMakeFiles/detection_interfaces__rosidl_typesupport_c.dir/rosidl_typesupport_c/detection_interfaces/action/find_object__type_support.cpp.o[0m
[6.631s] [ 43%] [32mBuilding CXX object CMakeFiles/detection_interfaces__rosidl_typesupport_c.dir/rosidl_typesupport_c/detection_interfaces/action/find_yellow__type_support.cpp.o[0m
[6.666s] [ 46%] [32mBuilding CXX object CMakeFiles/detection_interfaces__rosidl_typesupport_fastrtps_cpp.dir/rosidl_typesupport_fastrtps_cpp/detection_interfaces/action/detail/dds_fastrtps/find_yellow__type_support.cpp.o[0m
[6.668s] [ 48%] [32mBuilding CXX object CMakeFiles/detection_interfaces__rosidl_typesupport_fastrtps_cpp.dir/rosidl_typesupport_fastrtps_cpp/detection_interfaces/action/detail/dds_fastrtps/find_object__type_support.cpp.o[0m
[6.807s] [ 51%] [32m[1mLinking CXX shared library libdetection_interfaces__rosidl_typesupport_c.so[0m
[6.961s] [ 51%] Built target detection_interfaces__rosidl_typesupport_c
[7.059s] [ 53%] [32mBuilding CXX object CMakeFiles/detection_interfaces__rosidl_typesupport_fastrtps_c.dir/rosidl_typesupport_fastrtps_c/detection_interfaces/action/detail/find_yellow__type_support_c.cpp.o[0m
[7.062s] [ 56%] [32mBuilding CXX object CMakeFiles/detection_interfaces__rosidl_typesupport_fastrtps_c.dir/rosidl_typesupport_fastrtps_c/detection_interfaces/action/detail/find_object__type_support_c.cpp.o[0m
[7.118s] [ 58%] [32m[1mLinking CXX shared library libdetection_interfaces__rosidl_typesupport_cpp.so[0m
[7.250s] [ 58%] Built target detection_interfaces__rosidl_typesupport_cpp
[7.272s] [ 61%] [32mBuilding C object CMakeFiles/detection_interfaces__rosidl_typesupport_introspection_c.dir/rosidl_typesupport_introspection_c/detection_interfaces/action/detail/find_yellow__type_support.c.o[0m
[7.286s] [ 64%] [32mBuilding C object CMakeFiles/detection_interfaces__rosidl_typesupport_introspection_c.dir/rosidl_typesupport_introspection_c/detection_interfaces/action/detail/find_object__type_support.c.o[0m
[7.492s] [ 66%] [32m[1mLinking C shared library libdetection_interfaces__rosidl_typesupport_introspection_c.so[0m
[7.589s] [ 66%] Built target detection_interfaces__rosidl_typesupport_introspection_c
[8.191s] [ 69%] [32m[1mLinking CXX shared library libdetection_interfaces__rosidl_typesupport_introspection_cpp.so[0m
[8.376s] [ 71%] [32m[1mLinking CXX shared library libdetection_interfaces__rosidl_typesupport_fastrtps_c.so[0m
[8.386s] [ 71%] Built target detection_interfaces__rosidl_typesupport_introspection_cpp
[8.489s] [ 74%] [32m[1mLinking CXX shared library libdetection_interfaces__rosidl_typesupport_fastrtps_cpp.so[0m
[8.511s] [ 74%] Built target detection_interfaces__rosidl_typesupport_fastrtps_c
[8.634s] [ 74%] Built target detection_interfaces__rosidl_typesupport_fastrtps_cpp
[8.664s] [ 74%] Built target detection_interfaces
[8.696s] [ 76%] [34m[1mGenerating Python code for ROS interfaces[0m
[10.574s] [ 76%] Built target detection_interfaces__py
[10.596s] [ 79%] [32mBuilding C object CMakeFiles/detection_interfaces__rosidl_generator_py.dir/rosidl_generator_py/detection_interfaces/action/_find_yellow_s.c.o[0m
[10.601s] [ 82%] [32mBuilding C object CMakeFiles/detection_interfaces__rosidl_generator_py.dir/rosidl_generator_py/detection_interfaces/action/_find_object_s.c.o[0m
[10.838s] [ 84%] [32m[1mLinking C shared library rosidl_generator_py/detection_interfaces/libdetection_interfaces__rosidl_generator_py.so[0m
[10.885s] [ 84%] Built target detection_interfaces__rosidl_generator_py
[10.909s] [ 87%] [32mBuilding C object CMakeFiles/detection_interfaces__rosidl_typesupport_introspection_c__pyext.dir/rosidl_generator_py/detection_interfaces/_detection_interfaces_s.ep.rosidl_typesupport_introspection_c.c.o[0m
[10.911s] [ 92%] [32mBuilding C object CMakeFiles/detection_interfaces__rosidl_typesupport_c__pyext.dir/rosidl_generator_py/detection_interfaces/_detection_interfaces_s.ep.rosidl_typesupport_c.c.o[0m
[10.911s] [ 92%] [32mBuilding C object CMakeFiles/detection_interfaces__rosidl_typesupport_fastrtps_c__pyext.dir/rosidl_generator_py/detection_interfaces/_detection_interfaces_s.ep.rosidl_typesupport_fastrtps_c.c.o[0m
[11.115s] [ 94%] [32m[1mLinking C shared library rosidl_generator_py/detection_interfaces/detection_interfaces_s__rosidl_typesupport_introspection_c.cpython-310-x86_64-linux-gnu.so[0m
[11.145s] [ 97%] [32m[1mLinking C shared library rosidl_generator_py/detection_interfaces/detection_interfaces_s__rosidl_typesupport_c.cpython-310-x86_64-linux-gnu.so[0m
[11.163s] [ 97%] Built target detection_interfaces__rosidl_typesupport_introspection_c__pyext
[11.177s] [100%] [32m[1mLinking C shared library rosidl_generator_py/detection_interfaces/detection_interfaces_s__rosidl_typesupport_fastrtps_c.cpython-310-x86_64-linux-gnu.so[0m
[11.191s] [100%] Built target detection_interfaces__rosidl_typesupport_c__pyext
[11.224s] [100%] Built target detection_interfaces__rosidl_typesupport_fastrtps_c__pyext
[11.236s] Invoked command in '/home/makramgh/Desktop/Pepsi-Bot/workspace/build/detection_interfaces' returned '0': CMAKE_PREFIX_PATH=/opt/ros/humble /usr/bin/cmake --build /home/makramgh/Desktop/Pepsi-Bot/workspace/build/detection_interfaces -- -j12 -l12
[11.312s] Invoking command in '/home/makramgh/Desktop/Pepsi-Bot/workspace/build/detection_interfaces': CMAKE_PREFIX_PATH=/opt/ros/humble /usr/bin/cmake --install /home/makramgh/Desktop/Pepsi-Bot/workspace/build/detection_interfaces
[11.320s] -- Install configuration: ""
[11.321s] -- Installing: /home/makramgh/Desktop/Pepsi-Bot/workspace/install/detection_interfaces/share/ament_index/resource_index/rosidl_interfaces/detection_interfaces
[11.321s] -- Installing: /home/makramgh/Desktop/Pepsi-Bot/workspace/install/detection_interfaces/include/detection_interfaces/detection_interfaces
[11.321s] -- Installing: /home/makramgh/Desktop/Pepsi-Bot/workspace/install/detection_interfaces/include/detection_interfaces/detection_interfaces/msg
[11.321s] -- Installing: /home/makramgh/Desktop/Pepsi-Bot/workspace/install/detection_interfaces/include/detection_interfaces/detection_interfaces/msg/rosidl_generator_c__visibility_control.h
[11.321s] -- Installing: /home/makramgh/Desktop/Pepsi-Bot/workspace/install/detection_interfaces/include/detection_interfaces/detection_interfaces/action
[11.322s] -- Installing: /home/makramgh/Desktop/Pepsi-Bot/workspace/install/detection_interfaces/include/detection_interfaces/detection_interfaces/action/detail
[11.322s] -- Installing: /home/makramgh/Desktop/Pepsi-Bot/workspace/install/detection_interfaces/include/detection_interfaces/detection_interfaces/action/detail/find_object__functions.c
[11.322s] -- Installing: /home/makramgh/Desktop/Pepsi-Bot/workspace/install/detection_interfaces/include/detection_interfaces/detection_interfaces/action/detail/find_object__type_support.h
[11.322s] -- Installing: /home/makramgh/Desktop/Pepsi-Bot/workspace/install/detection_interfaces/include/detection_interfaces/detection_interfaces/action/detail/find_yellow__functions.c
[11.322s] -- Installing: /home/makramgh/Desktop/Pepsi-Bot/workspace/install/detection_interfaces/include/detection_interfaces/detection_interfaces/action/detail/find_yellow__functions.h
[11.323s] -- Installing: /home/makramgh/Desktop/Pepsi-Bot/workspace/install/detection_interfaces/include/detection_interfaces/detection_interfaces/action/detail/find_yellow__type_support.h
[11.323s] -- Installing: /home/makramgh/Desktop/Pepsi-Bot/workspace/install/detection_interfaces/include/detection_interfaces/detection_interfaces/action/detail/find_object__functions.h
[11.323s] -- Installing: /home/makramgh/Desktop/Pepsi-Bot/workspace/install/detection_interfaces/include/detection_interfaces/detection_interfaces/action/detail/find_yellow__struct.h
[11.323s] -- Installing: /home/makramgh/Desktop/Pepsi-Bot/workspace/install/detection_interfaces/include/detection_interfaces/detection_interfaces/action/detail/find_object__struct.h
[11.323s] -- Installing: /home/makramgh/Desktop/Pepsi-Bot/workspace/install/detection_interfaces/include/detection_interfaces/detection_interfaces/action/find_yellow.h
[11.323s] -- Installing: /home/makramgh/Desktop/Pepsi-Bot/workspace/install/detection_interfaces/include/detection_interfaces/detection_interfaces/action/find_object.h
[11.324s] -- Installing: /home/makramgh/Desktop/Pepsi-Bot/workspace/install/detection_interfaces/share/detection_interfaces/environment/library_path.sh
[11.324s] -- Installing: /home/makramgh/Desktop/Pepsi-Bot/workspace/install/detection_interfaces/share/detection_interfaces/environment/library_path.dsv
[11.324s] -- Installing: /home/makramgh/Desktop/Pepsi-Bot/workspace/install/detection_interfaces/lib/libdetection_interfaces__rosidl_generator_c.so
[11.324s] -- Set runtime path of "/home/makramgh/Desktop/Pepsi-Bot/workspace/install/detection_interfaces/lib/libdetection_interfaces__rosidl_generator_c.so" to ""
[11.324s] -- Up-to-date: /home/makramgh/Desktop/Pepsi-Bot/workspace/install/detection_interfaces/include/detection_interfaces/detection_interfaces
[11.325s] -- Up-to-date: /home/makramgh/Desktop/Pepsi-Bot/workspace/install/detection_interfaces/include/detection_interfaces/detection_interfaces/msg
[11.325s] -- Installing: /home/makramgh/Desktop/Pepsi-Bot/workspace/install/detection_interfaces/include/detection_interfaces/detection_interfaces/msg/rosidl_typesupport_fastrtps_c__visibility_control.h
[11.325s] -- Up-to-date: /home/makramgh/Desktop/Pepsi-Bot/workspace/install/detection_interfaces/include/detection_interfaces/detection_interfaces/action
[11.325s] -- Up-to-date: /home/makramgh/Desktop/Pepsi-Bot/workspace/install/detection_interfaces/include/detection_interfaces/detection_interfaces/action/detail
[11.325s] -- Installing: /home/makramgh/Desktop/Pepsi-Bot/workspace/install/detection_interfaces/include/detection_interfaces/detection_interfaces/action/detail/find_yellow__rosidl_typesupport_fastrtps_c.h
[11.325s] -- Installing: /home/makramgh/Desktop/Pepsi-Bot/workspace/install/detection_interfaces/include/detection_interfaces/detection_interfaces/action/detail/find_object__rosidl_typesupport_fastrtps_c.h
[11.326s] -- Installing: /home/makramgh/Desktop/Pepsi-Bot/workspace/install/detection_interfaces/lib/libdetection_interfaces__rosidl_typesupport_fastrtps_c.so
[11.326s] -- Set runtime path of "/home/makramgh/Desktop/Pepsi-Bot/workspace/install/detection_interfaces/lib/libdetection_interfaces__rosidl_typesupport_fastrtps_c.so" to ""
[11.326s] -- Up-to-date: /home/makramgh/Desktop/Pepsi-Bot/workspace/install/detection_interfaces/include/detection_interfaces/detection_interfaces
[11.326s] -- Up-to-date: /home/makramgh/Desktop/Pepsi-Bot/workspace/install/detection_interfaces/include/detection_interfaces/detection_interfaces/msg
[11.326s] -- Installing: /home/makramgh/Desktop/Pepsi-Bot/workspace/install/detection_interfaces/include/detection_interfaces/detection_interfaces/msg/rosidl_typesupport_introspection_c__visibility_control.h
[11.327s] -- Up-to-date: /home/makramgh/Desktop/Pepsi-Bot/workspace/install/detection_interfaces/include/detection_interfaces/detection_interfaces/action
[11.327s] -- Up-to-date: /home/makramgh/Desktop/Pepsi-Bot/workspace/install/detection_interfaces/include/detection_interfaces/detection_interfaces/action/detail
[11.327s] -- Installing: /home/makramgh/Desktop/Pepsi-Bot/workspace/install/detection_interfaces/include/detection_interfaces/detection_interfaces/action/detail/find_object__rosidl_typesupport_introspection_c.h
[11.327s] -- Installing: /home/makramgh/Desktop/Pepsi-Bot/workspace/install/detection_interfaces/include/detection_interfaces/detection_interfaces/action/detail/find_yellow__rosidl_typesupport_introspection_c.h
[11.327s] -- Installing: /home/makramgh/Desktop/Pepsi-Bot/workspace/install/detection_interfaces/include/detection_interfaces/detection_interfaces/action/detail/find_object__type_support.c
[11.328s] -- Installing: /home/makramgh/Desktop/Pepsi-Bot/workspace/install/detection_interfaces/include/detection_interfaces/detection_interfaces/action/detail/find_yellow__type_support.c
[11.328s] -- Installing: /home/makramgh/Desktop/Pepsi-Bot/workspace/install/detection_interfaces/lib/libdetection_interfaces__rosidl_typesupport_introspection_c.so
[11.328s] -- Set runtime path of "/home/makramgh/Desktop/Pepsi-Bot/workspace/install/detection_interfaces/lib/libdetection_interfaces__rosidl_typesupport_introspection_c.so" to ""
[11.328s] -- Installing: /home/makramgh/Desktop/Pepsi-Bot/workspace/install/detection_interfaces/lib/libdetection_interfaces__rosidl_typesupport_c.so
[11.328s] -- Set runtime path of "/home/makramgh/Desktop/Pepsi-Bot/workspace/install/detection_interfaces/lib/libdetection_interfaces__rosidl_typesupport_c.so" to ""
[11.328s] -- Up-to-date: /home/makramgh/Desktop/Pepsi-Bot/workspace/install/detection_interfaces/include/detection_interfaces/detection_interfaces
[11.329s] -- Up-to-date: /home/makramgh/Desktop/Pepsi-Bot/workspace/install/detection_interfaces/include/detection_interfaces/detection_interfaces/action
[11.329s] -- Up-to-date: /home/makramgh/Desktop/Pepsi-Bot/workspace/install/detection_interfaces/include/detection_interfaces/detection_interfaces/action/detail
[11.329s] -- Installing: /home/makramgh/Desktop/Pepsi-Bot/workspace/install/detection_interfaces/include/detection_interfaces/detection_interfaces/action/detail/find_yellow__builder.hpp
[11.329s] -- Installing: /home/makramgh/Desktop/Pepsi-Bot/workspace/install/detection_interfaces/include/detection_interfaces/detection_interfaces/action/detail/find_object__builder.hpp
[11.329s] -- Installing: /home/makramgh/Desktop/Pepsi-Bot/workspace/install/detection_interfaces/include/detection_interfaces/detection_interfaces/action/detail/find_yellow__struct.hpp
[11.329s] -- Installing: /home/makramgh/Desktop/Pepsi-Bot/workspace/install/detection_interfaces/include/detection_interfaces/detection_interfaces/action/detail/find_object__struct.hpp
[11.330s] -- Installing: /home/makramgh/Desktop/Pepsi-Bot/workspace/install/detection_interfaces/include/detection_interfaces/detection_interfaces/action/detail/find_yellow__traits.hpp
[11.330s] -- Installing: /home/makramgh/Desktop/Pepsi-Bot/workspace/install/detection_interfaces/include/detection_interfaces/detection_interfaces/action/detail/find_object__traits.hpp
[11.330s] -- Installing: /home/makramgh/Desktop/Pepsi-Bot/workspace/install/detection_interfaces/include/detection_interfaces/detection_interfaces/action/find_object.hpp
[11.330s] -- Installing: /home/makramgh/Desktop/Pepsi-Bot/workspace/install/detection_interfaces/include/detection_interfaces/detection_interfaces/action/find_yellow.hpp
[11.330s] -- Up-to-date: /home/makramgh/Desktop/Pepsi-Bot/workspace/install/detection_interfaces/include/detection_interfaces/detection_interfaces
[11.331s] -- Up-to-date: /home/makramgh/Desktop/Pepsi-Bot/workspace/install/detection_interfaces/include/detection_interfaces/detection_interfaces/msg
[11.331s] -- Installing: /home/makramgh/Desktop/Pepsi-Bot/workspace/install/detection_interfaces/include/detection_interfaces/detection_interfaces/msg/rosidl_typesupport_fastrtps_cpp__visibility_control.h
[11.331s] -- Up-to-date: /home/makramgh/Desktop/Pepsi-Bot/workspace/install/detection_interfaces/include/detection_interfaces/detection_interfaces/action
[11.331s] -- Up-to-date: /home/makramgh/Desktop/Pepsi-Bot/workspace/install/detection_interfaces/include/detection_interfaces/detection_interfaces/action/detail
[11.331s] -- Installing: /home/makramgh/Desktop/Pepsi-Bot/workspace/install/detection_interfaces/include/detection_interfaces/detection_interfaces/action/detail/find_object__rosidl_typesupport_fastrtps_cpp.hpp
[11.331s] -- Installing: /home/makramgh/Desktop/Pepsi-Bot/workspace/install/detection_interfaces/include/detection_interfaces/detection_interfaces/action/detail/find_yellow__rosidl_typesupport_fastrtps_cpp.hpp
[11.332s] -- Installing: /home/makramgh/Desktop/Pepsi-Bot/workspace/install/detection_interfaces/include/detection_interfaces/detection_interfaces/action/detail/dds_fastrtps
[11.332s] -- Installing: /home/makramgh/Desktop/Pepsi-Bot/workspace/install/detection_interfaces/lib/libdetection_interfaces__rosidl_typesupport_fastrtps_cpp.so
[11.332s] -- Set runtime path of "/home/makramgh/Desktop/Pepsi-Bot/workspace/install/detection_interfaces/lib/libdetection_interfaces__rosidl_typesupport_fastrtps_cpp.so" to ""
[11.332s] -- Up-to-date: /home/makramgh/Desktop/Pepsi-Bot/workspace/install/detection_interfaces/include/detection_interfaces/detection_interfaces
[11.332s] -- Up-to-date: /home/makramgh/Desktop/Pepsi-Bot/workspace/install/detection_interfaces/include/detection_interfaces/detection_interfaces/action
[11.333s] -- Up-to-date: /home/makramgh/Desktop/Pepsi-Bot/workspace/install/detection_interfaces/include/detection_interfaces/detection_interfaces/action/detail
[11.333s] -- Installing: /home/makramgh/Desktop/Pepsi-Bot/workspace/install/detection_interfaces/include/detection_interfaces/detection_interfaces/action/detail/find_yellow__type_support.cpp
[11.333s] -- Installing: /home/makramgh/Desktop/Pepsi-Bot/workspace/install/detection_interfaces/include/detection_interfaces/detection_interfaces/action/detail/find_object__type_support.cpp
[11.333s] -- Installing: /home/makramgh/Desktop/Pepsi-Bot/workspace/install/detection_interfaces/include/detection_interfaces/detection_interfaces/action/detail/find_yellow__rosidl_typesupport_introspection_cpp.hpp
[11.333s] -- Installing: /home/makramgh/Desktop/Pepsi-Bot/workspace/install/detection_interfaces/include/detection_interfaces/detection_interfaces/action/detail/find_object__rosidl_typesupport_introspection_cpp.hpp
[11.333s] -- Installing: /home/makramgh/Desktop/Pepsi-Bot/workspace/install/detection_interfaces/lib/libdetection_interfaces__rosidl_typesupport_introspection_cpp.so
[11.333s] -- Set runtime path of "/home/makramgh/Desktop/Pepsi-Bot/workspace/install/detection_interfaces/lib/libdetection_interfaces__rosidl_typesupport_introspection_cpp.so" to ""
[11.334s] -- Installing: /home/makramgh/Desktop/Pepsi-Bot/workspace/install/detection_interfaces/lib/libdetection_interfaces__rosidl_typesupport_cpp.so
[11.334s] -- Set runtime path of "/home/makramgh/Desktop/Pepsi-Bot/workspace/install/detection_interfaces/lib/libdetection_interfaces__rosidl_typesupport_cpp.so" to ""
[11.334s] -- Installing: /home/makramgh/Desktop/Pepsi-Bot/workspace/install/detection_interfaces/share/detection_interfaces/environment/pythonpath.sh
[11.334s] -- Installing: /home/makramgh/Desktop/Pepsi-Bot/workspace/install/detection_interfaces/share/detection_interfaces/environment/pythonpath.dsv
[11.334s] -- Installing: /home/makramgh/Desktop/Pepsi-Bot/workspace/install/detection_interfaces/local/lib/python3.10/dist-packages/detection_interfaces-0.0.0-py3.10.egg-info
[11.334s] -- Installing: /home/makramgh/Desktop/Pepsi-Bot/workspace/install/detection_interfaces/local/lib/python3.10/dist-packages/detection_interfaces-0.0.0-py3.10.egg-info/PKG-INFO
[11.334s] -- Installing: /home/makramgh/Desktop/Pepsi-Bot/workspace/install/detection_interfaces/local/lib/python3.10/dist-packages/detection_interfaces-0.0.0-py3.10.egg-info/top_level.txt
[11.335s] -- Installing: /home/makramgh/Desktop/Pepsi-Bot/workspace/install/detection_interfaces/local/lib/python3.10/dist-packages/detection_interfaces-0.0.0-py3.10.egg-info/SOURCES.txt
[11.335s] -- Installing: /home/makramgh/Desktop/Pepsi-Bot/workspace/install/detection_interfaces/local/lib/python3.10/dist-packages/detection_interfaces-0.0.0-py3.10.egg-info/dependency_links.txt
[11.335s] -- Installing: /home/makramgh/Desktop/Pepsi-Bot/workspace/install/detection_interfaces/local/lib/python3.10/dist-packages/detection_interfaces
[11.335s] -- Installing: /home/makramgh/Desktop/Pepsi-Bot/workspace/install/detection_interfaces/local/lib/python3.10/dist-packages/detection_interfaces/libdetection_interfaces__rosidl_generator_py.so
[11.335s] -- Installing: /home/makramgh/Desktop/Pepsi-Bot/workspace/install/detection_interfaces/local/lib/python3.10/dist-packages/detection_interfaces/_detection_interfaces_s.ep.rosidl_typesupport_introspection_c.c
[11.335s] -- Installing: /home/makramgh/Desktop/Pepsi-Bot/workspace/install/detection_interfaces/local/lib/python3.10/dist-packages/detection_interfaces/_detection_interfaces_s.ep.rosidl_typesupport_fastrtps_c.c
[11.335s] -- Installing: /home/makramgh/Desktop/Pepsi-Bot/workspace/install/detection_interfaces/local/lib/python3.10/dist-packages/detection_interfaces/detection_interfaces_s__rosidl_typesupport_introspection_c.cpython-310-x86_64-linux-gnu.so
[11.335s] -- Installing: /home/makramgh/Desktop/Pepsi-Bot/workspace/install/detection_interfaces/local/lib/python3.10/dist-packages/detection_interfaces/__init__.py
[11.336s] -- Installing: /home/makramgh/Desktop/Pepsi-Bot/workspace/install/detection_interfaces/local/lib/python3.10/dist-packages/detection_interfaces/detection_interfaces_s__rosidl_typesupport_c.cpython-310-x86_64-linux-gnu.so
[11.336s] -- Installing: /home/makramgh/Desktop/Pepsi-Bot/workspace/install/detection_interfaces/local/lib/python3.10/dist-packages/detection_interfaces/detection_interfaces_s__rosidl_typesupport_fastrtps_c.cpython-310-x86_64-linux-gnu.so
[11.336s] -- Installing: /home/makramgh/Desktop/Pepsi-Bot/workspace/install/detection_interfaces/local/lib/python3.10/dist-packages/detection_interfaces/action
[11.336s] -- Installing: /home/makramgh/Desktop/Pepsi-Bot/workspace/install/detection_interfaces/local/lib/python3.10/dist-packages/detection_interfaces/action/__init__.py
[11.336s] -- Installing: /home/makramgh/Desktop/Pepsi-Bot/workspace/install/detection_interfaces/local/lib/python3.10/dist-packages/detection_interfaces/action/_find_object.py
[11.336s] -- Installing: /home/makramgh/Desktop/Pepsi-Bot/workspace/install/detection_interfaces/local/lib/python3.10/dist-packages/detection_interfaces/action/_find_yellow.py
[11.337s] -- Installing: /home/makramgh/Desktop/Pepsi-Bot/workspace/install/detection_interfaces/local/lib/python3.10/dist-packages/detection_interfaces/action/_find_yellow_s.c
[11.337s] -- Installing: /home/makramgh/Desktop/Pepsi-Bot/workspace/install/detection_interfaces/local/lib/python3.10/dist-packages/detection_interfaces/action/_find_object_s.c
[11.337s] -- Installing: /home/makramgh/Desktop/Pepsi-Bot/workspace/install/detection_interfaces/local/lib/python3.10/dist-packages/detection_interfaces/_detection_interfaces_s.ep.rosidl_typesupport_c.c
[11.388s] Listing '/home/makramgh/Desktop/Pepsi-Bot/workspace/install/detection_interfaces/local/lib/python3.10/dist-packages/detection_interfaces'...
[11.388s] Compiling '/home/makramgh/Desktop/Pepsi-Bot/workspace/install/detection_interfaces/local/lib/python3.10/dist-packages/detection_interfaces/__init__.py'...
[11.389s] Listing '/home/makramgh/Desktop/Pepsi-Bot/workspace/install/detection_interfaces/local/lib/python3.10/dist-packages/detection_interfaces/action'...
[11.389s] Compiling '/home/makramgh/Desktop/Pepsi-Bot/workspace/install/detection_interfaces/local/lib/python3.10/dist-packages/detection_interfaces/action/__init__.py'...
[11.389s] Compiling '/home/makramgh/Desktop/Pepsi-Bot/workspace/install/detection_interfaces/local/lib/python3.10/dist-packages/detection_interfaces/action/_find_object.py'...
[11.389s] Compiling '/home/makramgh/Desktop/Pepsi-Bot/workspace/install/detection_interfaces/local/lib/python3.10/dist-packages/detection_interfaces/action/_find_yellow.py'...
[11.394s] -- Installing: /home/makramgh/Desktop/Pepsi-Bot/workspace/install/detection_interfaces/local/lib/python3.10/dist-packages/detection_interfaces/detection_interfaces_s__rosidl_typesupport_fastrtps_c.cpython-310-x86_64-linux-gnu.so
[11.394s] -- Set runtime path of "/home/makramgh/Desktop/Pepsi-Bot/workspace/install/detection_interfaces/local/lib/python3.10/dist-packages/detection_interfaces/detection_interfaces_s__rosidl_typesupport_fastrtps_c.cpython-310-x86_64-linux-gnu.so" to ""
[11.395s] -- Installing: /home/makramgh/Desktop/Pepsi-Bot/workspace/install/detection_interfaces/local/lib/python3.10/dist-packages/detection_interfaces/detection_interfaces_s__rosidl_typesupport_introspection_c.cpython-310-x86_64-linux-gnu.so
[11.395s] -- Set runtime path of "/home/makramgh/Desktop/Pepsi-Bot/workspace/install/detection_interfaces/local/lib/python3.10/dist-packages/detection_interfaces/detection_interfaces_s__rosidl_typesupport_introspection_c.cpython-310-x86_64-linux-gnu.so" to ""
[11.395s] -- Installing: /home/makramgh/Desktop/Pepsi-Bot/workspace/install/detection_interfaces/local/lib/python3.10/dist-packages/detection_interfaces/detection_interfaces_s__rosidl_typesupport_c.cpython-310-x86_64-linux-gnu.so
[11.395s] -- Set runtime path of "/home/makramgh/Desktop/Pepsi-Bot/workspace/install/detection_interfaces/local/lib/python3.10/dist-packages/detection_interfaces/detection_interfaces_s__rosidl_typesupport_c.cpython-310-x86_64-linux-gnu.so" to ""
[11.396s] -- Installing: /home/makramgh/Desktop/Pepsi-Bot/workspace/install/detection_interfaces/lib/libdetection_interfaces__rosidl_generator_py.so
[11.396s] -- Set runtime path of "/home/makramgh/Desktop/Pepsi-Bot/workspace/install/detection_interfaces/lib/libdetection_interfaces__rosidl_generator_py.so" to ""
[11.396s] -- Installing: /home/makramgh/Desktop/Pepsi-Bot/workspace/install/detection_interfaces/share/detection_interfaces/action/FindYellow.idl
[11.396s] -- Installing: /home/makramgh/Desktop/Pepsi-Bot/workspace/install/detection_interfaces/share/detection_interfaces/action/FindObject.idl
[11.397s] -- Installing: /home/makramgh/Desktop/Pepsi-Bot/workspace/install/detection_interfaces/share/detection_interfaces/action/FindYellow.action
[11.397s] -- Installing: /home/makramgh/Desktop/Pepsi-Bot/workspace/install/detection_interfaces/share/detection_interfaces/action/FindObject.action
[11.397s] -- Installing: /home/makramgh/Desktop/Pepsi-Bot/workspace/install/detection_interfaces/share/ament_index/resource_index/package_run_dependencies/detection_interfaces
[11.397s] -- Installing: /home/makramgh/Desktop/Pepsi-Bot/workspace/install/detection_interfaces/share/ament_index/resource_index/parent_prefix_path/detection_interfaces
[11.397s] -- Installing: /home/makramgh/Desktop/Pepsi-Bot/workspace/install/detection_interfaces/share/detection_interfaces/environment/ament_prefix_path.sh
[11.398s] -- Installing: /home/makramgh/Desktop/Pepsi-Bot/workspace/install/detection_interfaces/share/detection_interfaces/environment/ament_prefix_path.dsv
[11.398s] -- Installing: /home/makramgh/Desktop/Pepsi-Bot/workspace/install/detection_interfaces/share/detection_interfaces/environment/path.sh
[11.398s] -- Installing: /home/makramgh/Desktop/Pepsi-Bot/workspace/install/detection_interfaces/share/detection_interfaces/environment/path.dsv
[11.398s] -- Installing: /home/makramgh/Desktop/Pepsi-Bot/workspace/install/detection_interfaces/share/detection_interfaces/local_setup.bash
[11.398s] -- Installing: /home/makramgh/Desktop/Pepsi-Bot/workspace/install/detection_interfaces/share/detection_interfaces/local_setup.sh
[11.398s] -- Installing: /home/makramgh/Desktop/Pepsi-Bot/workspace/install/detection_interfaces/share/detection_interfaces/local_setup.zsh
[11.399s] -- Installing: /home/makramgh/Desktop/Pepsi-Bot/workspace/install/detection_interfaces/share/detection_interfaces/local_setup.dsv
[11.399s] -- Installing: /home/makramgh/Desktop/Pepsi-Bot/workspace/install/detection_interfaces/share/detection_interfaces/package.dsv
[11.399s] -- Installing: /home/makramgh/Desktop/Pepsi-Bot/workspace/install/detection_interfaces/share/ament_index/resource_index/packages/detection_interfaces
[11.399s] -- Installing: /home/makramgh/Desktop/Pepsi-Bot/workspace/install/detection_interfaces/share/detection_interfaces/cmake/export_detection_interfaces__rosidl_generator_cExport.cmake
[11.399s] -- Installing: /home/makramgh/Desktop/Pepsi-Bot/workspace/install/detection_interfaces/share/detection_interfaces/cmake/export_detection_interfaces__rosidl_generator_cExport-noconfig.cmake
[11.400s] -- Installing: /home/makramgh/Desktop/Pepsi-Bot/workspace/install/detection_interfaces/share/detection_interfaces/cmake/export_detection_interfaces__rosidl_typesupport_fastrtps_cExport.cmake
[11.400s] -- Installing: /home/makramgh/Desktop/Pepsi-Bot/workspace/install/detection_interfaces/share/detection_interfaces/cmake/export_detection_interfaces__rosidl_typesupport_fastrtps_cExport-noconfig.cmake
[11.400s] -- Installing: /home/makramgh/Desktop/Pepsi-Bot/workspace/install/detection_interfaces/share/detection_interfaces/cmake/detection_interfaces__rosidl_typesupport_introspection_cExport.cmake
[11.400s] -- Installing: /home/makramgh/Desktop/Pepsi-Bot/workspace/install/detection_interfaces/share/detection_interfaces/cmake/detection_interfaces__rosidl_typesupport_introspection_cExport-noconfig.cmake
[11.400s] -- Installing: /home/makramgh/Desktop/Pepsi-Bot/workspace/install/detection_interfaces/share/detection_interfaces/cmake/detection_interfaces__rosidl_typesupport_cExport.cmake
[11.401s] -- Installing: /home/makramgh/Desktop/Pepsi-Bot/workspace/install/detection_interfaces/share/detection_interfaces/cmake/detection_interfaces__rosidl_typesupport_cExport-noconfig.cmake
[11.401s] -- Installing: /home/makramgh/Desktop/Pepsi-Bot/workspace/install/detection_interfaces/share/detection_interfaces/cmake/export_detection_interfaces__rosidl_generator_cppExport.cmake
[11.401s] -- Installing: /home/makramgh/Desktop/Pepsi-Bot/workspace/install/detection_interfaces/share/detection_interfaces/cmake/export_detection_interfaces__rosidl_typesupport_fastrtps_cppExport.cmake
[11.401s] -- Installing: /home/makramgh/Desktop/Pepsi-Bot/workspace/install/detection_interfaces/share/detection_interfaces/cmake/export_detection_interfaces__rosidl_typesupport_fastrtps_cppExport-noconfig.cmake
[11.401s] -- Installing: /home/makramgh/Desktop/Pepsi-Bot/workspace/install/detection_interfaces/share/detection_interfaces/cmake/detection_interfaces__rosidl_typesupport_introspection_cppExport.cmake
[11.401s] -- Installing: /home/makramgh/Desktop/Pepsi-Bot/workspace/install/detection_interfaces/share/detection_interfaces/cmake/detection_interfaces__rosidl_typesupport_introspection_cppExport-noconfig.cmake
[11.402s] -- Installing: /home/makramgh/Desktop/Pepsi-Bot/workspace/install/detection_interfaces/share/detection_interfaces/cmake/detection_interfaces__rosidl_typesupport_cppExport.cmake
[11.402s] -- Installing: /home/makramgh/Desktop/Pepsi-Bot/workspace/install/detection_interfaces/share/detection_interfaces/cmake/detection_interfaces__rosidl_typesupport_cppExport-noconfig.cmake
[11.402s] -- Installing: /home/makramgh/Desktop/Pepsi-Bot/workspace/install/detection_interfaces/share/detection_interfaces/cmake/export_detection_interfaces__rosidl_generator_pyExport.cmake
[11.402s] -- Installing: /home/makramgh/Desktop/Pepsi-Bot/workspace/install/detection_interfaces/share/detection_interfaces/cmake/export_detection_interfaces__rosidl_generator_pyExport-noconfig.cmake
[11.402s] -- Installing: /home/makramgh/Desktop/Pepsi-Bot/workspace/install/detection_interfaces/share/detection_interfaces/cmake/rosidl_cmake-extras.cmake
[11.403s] -- Installing: /home/makramgh/Desktop/Pepsi-Bot/workspace/install/detection_interfaces/share/detection_interfaces/cmake/ament_cmake_export_dependencies-extras.cmake
[11.403s] -- Installing: /home/makramgh/Desktop/Pepsi-Bot/workspace/install/detection_interfaces/share/detection_interfaces/cmake/ament_cmake_export_include_directories-extras.cmake
[11.403s] -- Installing: /home/makramgh/Desktop/Pepsi-Bot/workspace/install/detection_interfaces/share/detection_interfaces/cmake/ament_cmake_export_libraries-extras.cmake
[11.403s] -- Installing: /home/makramgh/Desktop/Pepsi-Bot/workspace/install/detection_interfaces/share/detection_interfaces/cmake/ament_cmake_export_targets-extras.cmake
[11.403s] -- Installing: /home/makramgh/Desktop/Pepsi-Bot/workspace/install/detection_interfaces/share/detection_interfaces/cmake/rosidl_cmake_export_typesupport_targets-extras.cmake
[11.403s] -- Installing: /home/makramgh/Desktop/Pepsi-Bot/workspace/install/detection_interfaces/share/detection_interfaces/cmake/rosidl_cmake_export_typesupport_libraries-extras.cmake
[11.404s] -- Installing: /home/makramgh/Desktop/Pepsi-Bot/workspace/install/detection_interfaces/share/detection_interfaces/cmake/detection_interfacesConfig.cmake
[11.404s] -- Installing: /home/makramgh/Desktop/Pepsi-Bot/workspace/install/detection_interfaces/share/detection_interfaces/cmake/detection_interfacesConfig-version.cmake
[11.404s] -- Installing: /home/makramgh/Desktop/Pepsi-Bot/workspace/install/detection_interfaces/share/detection_interfaces/package.xml
[11.406s] Invoked command in '/home/makramgh/Desktop/Pepsi-Bot/workspace/build/detection_interfaces' returned '0': CMAKE_PREFIX_PATH=/opt/ros/humble /usr/bin/cmake --install /home/makramgh/Desktop/Pepsi-Bot/workspace/build/detection_interfaces
