[0.010s] Invoking command in '/home/fourfold/dev/inmind_final_project_test/workspace/build/distance_interfaces': CMAKE_PREFIX_PATH=${CMAKE_PREFIX_PATH}:/opt/ros/humble /usr/bin/cmake /home/fourfold/dev/inmind_final_project_test/workspace/src/perception/distance_interfaces -DCMAKE_INSTALL_PREFIX=/home/fourfold/dev/inmind_final_project_test/workspace/install/distance_interfaces
[0.059s] -- The C compiler identification is GNU 11.4.0
[0.094s] -- The CXX compiler identification is GNU 11.4.0
[0.098s] -- Detecting C compiler ABI info
[0.141s] -- Detecting C compiler ABI info - done
[0.146s] -- Check for working C compiler: /usr/bin/cc - skipped
[0.146s] -- Detecting C compile features
[0.147s] -- Detecting C compile features - done
[0.148s] -- Detecting CXX compiler ABI info
[0.201s] -- Detecting CXX compiler ABI info - done
[0.205s] -- Check for working CXX compiler: /usr/bin/c++ - skipped
[0.205s] -- Detecting CXX compile features
[0.205s] -- Detecting CXX compile features - done
[0.206s] -- Found ament_cmake: 1.3.10 (/opt/ros/humble/share/ament_cmake/cmake)
[0.305s] -- Found Python3: /usr/bin/python3 (found version "3.10.12") found components: Interpreter 
[0.358s] -- Found rosidl_default_generators: 1.2.0 (/opt/ros/humble/share/rosidl_default_generators/cmake)
[0.361s] -- Using all available rosidl_typesupport_c: rosidl_typesupport_fastrtps_c;rosidl_typesupport_introspection_c
[0.365s] -- Found rosidl_adapter: 3.1.5 (/opt/ros/humble/share/rosidl_adapter/cmake)
[0.398s] -- Using all available rosidl_typesupport_cpp: rosidl_typesupport_fastrtps_cpp;rosidl_typesupport_introspection_cpp
[0.523s] [31mCMake Error at /opt/ros/humble/share/rosidl_adapter/cmake/rosidl_adapt_interfaces.cmake:59 (message):
[0.523s]   execute_process(/usr/bin/python3 -m rosidl_adapter --package-name
[0.523s]   distance_interfaces --arguments-file
[0.523s]   /home/fourfold/dev/inmind_final_project_test/workspace/build/distance_interfaces/rosidl_adapter__arguments__distance_interfaces.json
[0.523s]   --output-dir
[0.523s]   /home/fourfold/dev/inmind_final_project_test/workspace/build/distance_interfaces/rosidl_adapter/distance_interfaces
[0.523s]   --output-file
[0.523s]   /home/fourfold/dev/inmind_final_project_test/workspace/build/distance_interfaces/rosidl_adapter/distance_interfaces.idls)
[0.523s]   returned error code 1:
[0.523s] 
[0.523s]   Error processing 'float front_distance' of
[0.523s]   'distance_interfaces/GetFrontDistance_Response': ''float' is an invalid
[0.523s]   message name.  It should have the pattern '^[A-Z][A-Za-z0-9]*$''
[0.523s] 
[0.523s]   Traceback (most recent call last):
[0.523s] 
[0.523s]     File "/usr/lib/python3.10/runpy.py", line 196, in _run_module_as_main
[0.523s]       return _run_code(code, main_globals, None,
[0.523s]     File "/usr/lib/python3.10/runpy.py", line 86, in _run_code
[0.523s]       exec(code, run_globals)
[0.523s]     File "/opt/ros/humble/local/lib/python3.10/dist-packages/rosidl_adapter/__main__.py", line 19, in <module>
[0.523s]       sys.exit(main())
[0.523s]     File "/opt/ros/humble/local/lib/python3.10/dist-packages/rosidl_adapter/main.py", line 53, in main
[0.523s]       abs_idl_file = convert_to_idl(
[0.523s]     File "/opt/ros/humble/local/lib/python3.10/dist-packages/rosidl_adapter/__init__.py", line 24, in convert_to_idl
[0.524s]       return convert_srv_to_idl(
[0.524s]     File "/opt/ros/humble/local/lib/python3.10/dist-packages/rosidl_adapter/srv/__init__.py", line 28, in convert_srv_to_idl
[0.524s]       srv = parse_service_string(package_name, input_file.stem, content)
[0.524s]     File "/opt/ros/humble/local/lib/python3.10/dist-packages/rosidl_adapter/parser.py", line 863, in parse_service_string
[0.524s]       response_message = parse_message_string(
[0.524s]     File "/opt/ros/humble/local/lib/python3.10/dist-packages/rosidl_adapter/parser.py", line 520, in parse_message_string
[0.524s]       Type(type_string, context_package_name=pkg_name),
[0.524s]     File "/opt/ros/humble/local/lib/python3.10/dist-packages/rosidl_adapter/parser.py", line 277, in __init__
[0.524s]       super(Type, self).__init__(
[0.524s]     File "/opt/ros/humble/local/lib/python3.10/dist-packages/rosidl_adapter/parser.py", line 205, in __init__
[0.524s]       raise InvalidResourceName(
[0.524s] 
[0.524s]   rosidl_adapter.parser.InvalidResourceName: 'float' is an invalid message
[0.524s]   name.  It should have the pattern '^[A-Z][A-Za-z0-9]*$'
[0.524s] 
[0.524s] Call Stack (most recent call first):
[0.524s]   /opt/ros/humble/share/rosidl_cmake/cmake/rosidl_generate_interfaces.cmake:130 (rosidl_adapt_interfaces)
[0.524s]   CMakeLists.txt:14 (rosidl_generate_interfaces)
[0.524s] 
[0.524s] [0m
[0.524s] -- Configuring incomplete, errors occurred!
[0.524s] See also "/home/fourfold/dev/inmind_final_project_test/workspace/build/distance_interfaces/CMakeFiles/CMakeOutput.log".
[0.528s] Invoked command in '/home/fourfold/dev/inmind_final_project_test/workspace/build/distance_interfaces' returned '1': CMAKE_PREFIX_PATH=${CMAKE_PREFIX_PATH}:/opt/ros/humble /usr/bin/cmake /home/fourfold/dev/inmind_final_project_test/workspace/src/perception/distance_interfaces -DCMAKE_INSTALL_PREFIX=/home/fourfold/dev/inmind_final_project_test/workspace/install/distance_interfaces
