[0.006s] Invoking command in '/home/fourfold/dev/inmind_final_project_test/workspace/build/basic_navigation': CMAKE_PREFIX_PATH=/opt/ros/humble /usr/bin/cmake --build /home/fourfold/dev/inmind_final_project_test/workspace/build/basic_navigation -- -j16 -l16
[0.021s] -- Found ament_cmake: 1.3.10 (/opt/ros/humble/share/ament_cmake/cmake)
[0.091s] -- Found rclcpp: 16.0.10 (/opt/ros/humble/share/rclcpp/cmake)
[0.106s] -- Found rosidl_generator_c: 3.1.5 (/opt/ros/humble/share/rosidl_generator_c/cmake)
[0.107s] -- Found rosidl_adapter: 3.1.5 (/opt/ros/humble/share/rosidl_adapter/cmake)
[0.110s] -- Found rosidl_generator_cpp: 3.1.5 (/opt/ros/humble/share/rosidl_generator_cpp/cmake)
[0.115s] -- Using all available rosidl_typesupport_c: rosidl_typesupport_fastrtps_c;rosidl_typesupport_introspection_c
[0.122s] -- Using all available rosidl_typesupport_cpp: rosidl_typesupport_fastrtps_cpp;rosidl_typesupport_introspection_cpp
[0.138s] -- Found rmw_implementation_cmake: 6.1.2 (/opt/ros/humble/share/rmw_implementation_cmake/cmake)
[0.139s] -- Found rmw_fastrtps_cpp: 6.2.7 (/opt/ros/humble/share/rmw_fastrtps_cpp/cmake)
[0.206s] -- Using RMW implementation 'rmw_fastrtps_cpp' as default
[0.242s] -- Found geometry_msgs: 4.2.4 (/opt/ros/humble/share/geometry_msgs/cmake)
[0.249s] [31mCMake Error at CMakeLists.txt:23 (install):
[0.249s]   install does not recognize sub-command LIBRARY
[0.249s] 
[0.249s] [0m
[0.249s] -- Found ament_lint_auto: 0.12.11 (/opt/ros/humble/share/ament_lint_auto/cmake)
[0.286s] -- Added test 'cppcheck' to perform static code analysis on C / C++ code
[0.286s] -- Configured cppcheck include dirs: /home/fourfold/dev/inmind_final_project_test/workspace/src/navigation/basic_navigation/include
[0.286s] -- Configured cppcheck exclude dirs and/or files: 
[0.287s] -- Added test 'lint_cmake' to check CMake code style
[0.287s] -- Added test 'uncrustify' to check C / C++ code style
[0.287s] -- Configured uncrustify additional arguments: 
[0.287s] -- Added test 'xmllint' to check XML markup files
[0.287s] -- Configuring incomplete, errors occurred!
[0.287s] See also "/home/fourfold/dev/inmind_final_project_test/workspace/build/basic_navigation/CMakeFiles/CMakeOutput.log".
[0.292s] gmake: *** [Makefile:226: cmake_check_build_system] Error 1
[0.293s] Invoked command in '/home/fourfold/dev/inmind_final_project_test/workspace/build/basic_navigation' returned '2': CMAKE_PREFIX_PATH=/opt/ros/humble /usr/bin/cmake --build /home/fourfold/dev/inmind_final_project_test/workspace/build/basic_navigation -- -j16 -l16
