[0.040s] Invoking command in '/home/makramgh/Desktop/Pepsi-Bot/workspace/build/distance_interfaces': CMAKE_PREFIX_PATH=/opt/ros/humble /usr/bin/cmake /home/makramgh/Desktop/Pepsi-Bot/workspace/src/perception/distance_interfaces -DCMAKE_INSTALL_PREFIX=/home/makramgh/Desktop/Pepsi-Bot/workspace/install/distance_interfaces
[0.976s] -- The C compiler identification is GNU 11.4.0
[0.977s] -- The CXX compiler identification is GNU 11.4.0
[0.977s] -- Detecting C compiler ABI info
[0.977s] -- Detecting C compiler ABI info - done
[0.977s] -- Check for working C compiler: /usr/bin/cc - skipped
[0.977s] -- Detecting C compile features
[0.978s] -- Detecting C compile features - done
[0.978s] -- Detecting CXX compiler ABI info
[0.979s] -- Detecting CXX compiler ABI info - done
[0.979s] -- Check for working CXX compiler: /usr/bin/c++ - skipped
[0.979s] -- Detecting CXX compile features
[0.979s] -- Detecting CXX compile features - done
[0.979s] -- Found ament_cmake: 1.3.9 (/opt/ros/humble/share/ament_cmake/cmake)
[0.980s] -- Found Python3: /usr/bin/python3 (found version "3.10.12") found components: Interpreter 
[0.981s] -- Found rosidl_default_generators: 1.2.0 (/opt/ros/humble/share/rosidl_default_generators/cmake)
[0.981s] -- Using all available rosidl_typesupport_c: rosidl_typesupport_fastrtps_c;rosidl_typesupport_introspection_c
[0.981s] -- Found rosidl_adapter: 3.1.5 (/opt/ros/humble/share/rosidl_adapter/cmake)
[0.981s] -- Using all available rosidl_typesupport_cpp: rosidl_typesupport_fastrtps_cpp;rosidl_typesupport_introspection_cpp
[1.369s] -- Found ament_cmake_ros: 0.10.0 (/opt/ros/humble/share/ament_cmake_ros/cmake)
[1.669s] -- Using all available rosidl_typesupport_c: rosidl_typesupport_fastrtps_c;rosidl_typesupport_introspection_c
[2.023s] -- Using all available rosidl_typesupport_cpp: rosidl_typesupport_fastrtps_cpp;rosidl_typesupport_introspection_cpp
[2.062s] -- Found PythonInterp: /usr/bin/python3 (found suitable version "3.10.12", minimum required is "3.6") 
[2.065s] -- Found python_cmake_module: 0.10.0 (/opt/ros/humble/share/python_cmake_module/cmake)
[2.110s] -- Found PythonLibs: /usr/lib/x86_64-linux-gnu/libpython3.10.so (found suitable version "3.10.12", minimum required is "3.5") 
[2.110s] -- Using PYTHON_EXECUTABLE: /usr/bin/python3
[2.110s] -- Using PYTHON_INCLUDE_DIRS: /usr/include/python3.10
[2.110s] -- Using PYTHON_LIBRARIES: /usr/lib/x86_64-linux-gnu/libpython3.10.so
[2.139s] -- Found PythonExtra: .so  
[2.191s] -- Found ament_lint_auto: 0.12.11 (/opt/ros/humble/share/ament_lint_auto/cmake)
[2.228s] -- Added test 'lint_cmake' to check CMake code style
[2.229s] -- Added test 'xmllint' to check XML markup files
[2.234s] -- Configuring done
[2.287s] -- Generating done
[2.293s] -- Build files have been written to: /home/makramgh/Desktop/Pepsi-Bot/workspace/build/distance_interfaces
[2.312s] Invoked command in '/home/makramgh/Desktop/Pepsi-Bot/workspace/build/distance_interfaces' returned '0': CMAKE_PREFIX_PATH=/opt/ros/humble /usr/bin/cmake /home/makramgh/Desktop/Pepsi-Bot/workspace/src/perception/distance_interfaces -DCMAKE_INSTALL_PREFIX=/home/makramgh/Desktop/Pepsi-Bot/workspace/install/distance_interfaces
[2.314s] Invoking command in '/home/makramgh/Desktop/Pepsi-Bot/workspace/build/distance_interfaces': CMAKE_PREFIX_PATH=/opt/ros/humble /usr/bin/cmake --build /home/makramgh/Desktop/Pepsi-Bot/workspace/build/distance_interfaces -- -j12 -l12
[2.362s] [  3%] [34m[1mGenerating C code for ROS interfaces[0m
[2.372s] [  6%] [34m[1mGenerating C++ code for ROS interfaces[0m
[2.388s] [  6%] Built target ament_cmake_python_copy_distance_interfaces
[2.864s] [  9%] [32mBuilding C object CMakeFiles/distance_interfaces__rosidl_generator_c.dir/rosidl_generator_c/distance_interfaces/srv/detail/get_front_distance__functions.c.o[0m
[2.971s] running egg_info
[2.971s] creating distance_interfaces.egg-info
[2.973s] writing distance_interfaces.egg-info/PKG-INFO
[2.973s] writing dependency_links to distance_interfaces.egg-info/dependency_links.txt
[2.973s] writing top-level names to distance_interfaces.egg-info/top_level.txt
[2.973s] writing manifest file 'distance_interfaces.egg-info/SOURCES.txt'
[2.982s] reading manifest file 'distance_interfaces.egg-info/SOURCES.txt'
[2.982s] writing manifest file 'distance_interfaces.egg-info/SOURCES.txt'
[3.008s] [  9%] Built target distance_interfaces__cpp
[3.008s] [ 12%] [32m[1mLinking C shared library libdistance_interfaces__rosidl_generator_c.so[0m
[3.032s] [ 16%] [34m[1mGenerating C++ type support dispatch for ROS interfaces[0m
[3.035s] [ 19%] [34m[1mGenerating C++ introspection for ROS interfaces[0m
[3.044s] [ 19%] Built target ament_cmake_python_build_distance_interfaces_egg
[3.049s] [ 22%] [34m[1mGenerating C++ type support for eProsima Fast-RTPS[0m
[3.147s] [ 22%] Built target distance_interfaces__rosidl_generator_c
[3.178s] [ 25%] [34m[1mGenerating C type support for eProsima Fast-RTPS[0m
[3.180s] [ 29%] [34m[1mGenerating C introspection for ROS interfaces[0m
[3.181s] [ 32%] [34m[1mGenerating C type support dispatch for ROS interfaces[0m
[3.608s] [ 35%] [32mBuilding CXX object CMakeFiles/distance_interfaces__rosidl_typesupport_cpp.dir/rosidl_typesupport_cpp/distance_interfaces/srv/get_front_distance__type_support.cpp.o[0m
[3.770s] [ 38%] [32mBuilding CXX object CMakeFiles/distance_interfaces__rosidl_typesupport_fastrtps_cpp.dir/rosidl_typesupport_fastrtps_cpp/distance_interfaces/srv/detail/dds_fastrtps/get_front_distance__type_support.cpp.o[0m
[3.788s] [ 41%] [32mBuilding CXX object CMakeFiles/distance_interfaces__rosidl_typesupport_introspection_cpp.dir/rosidl_typesupport_introspection_cpp/distance_interfaces/srv/detail/get_front_distance__type_support.cpp.o[0m
[3.801s] [ 45%] [32mBuilding CXX object CMakeFiles/distance_interfaces__rosidl_typesupport_c.dir/rosidl_typesupport_c/distance_interfaces/srv/get_front_distance__type_support.cpp.o[0m
[3.834s] [ 48%] [32mBuilding CXX object CMakeFiles/distance_interfaces__rosidl_typesupport_fastrtps_c.dir/rosidl_typesupport_fastrtps_c/distance_interfaces/srv/detail/get_front_distance__type_support_c.cpp.o[0m
[3.859s] [ 51%] [32mBuilding C object CMakeFiles/distance_interfaces__rosidl_typesupport_introspection_c.dir/rosidl_typesupport_introspection_c/distance_interfaces/srv/detail/get_front_distance__type_support.c.o[0m
[3.898s] [ 54%] [32m[1mLinking CXX shared library libdistance_interfaces__rosidl_typesupport_c.so[0m
[3.936s] [ 58%] [32m[1mLinking C shared library libdistance_interfaces__rosidl_typesupport_introspection_c.so[0m
[4.000s] [ 58%] Built target distance_interfaces__rosidl_typesupport_c
[4.016s] [ 58%] Built target distance_interfaces__rosidl_typesupport_introspection_c
[4.214s] [ 61%] [32m[1mLinking CXX shared library libdistance_interfaces__rosidl_typesupport_cpp.so[0m
[4.352s] [ 61%] Built target distance_interfaces__rosidl_typesupport_cpp
[4.676s] [ 64%] [32m[1mLinking CXX shared library libdistance_interfaces__rosidl_typesupport_fastrtps_cpp.so[0m
[4.712s] [ 67%] [32m[1mLinking CXX shared library libdistance_interfaces__rosidl_typesupport_fastrtps_c.so[0m
[4.791s] [ 70%] [32m[1mLinking CXX shared library libdistance_interfaces__rosidl_typesupport_introspection_cpp.so[0m
[4.885s] [ 70%] Built target distance_interfaces__rosidl_typesupport_fastrtps_cpp
[4.892s] [ 70%] Built target distance_interfaces__rosidl_typesupport_introspection_cpp
[4.959s] [ 70%] Built target distance_interfaces__rosidl_typesupport_fastrtps_c
[5.017s] [ 70%] Built target distance_interfaces
[5.089s] [ 74%] [34m[1mGenerating Python code for ROS interfaces[0m
[6.291s] [ 74%] Built target distance_interfaces__py
[6.362s] [ 77%] [32mBuilding C object CMakeFiles/distance_interfaces__rosidl_generator_py.dir/rosidl_generator_py/distance_interfaces/srv/_get_front_distance_s.c.o[0m
[6.635s] [ 80%] [32m[1mLinking C shared library rosidl_generator_py/distance_interfaces/libdistance_interfaces__rosidl_generator_py.so[0m
[6.787s] [ 80%] Built target distance_interfaces__rosidl_generator_py
[6.869s] [ 83%] [32mBuilding C object CMakeFiles/distance_interfaces__rosidl_typesupport_fastrtps_c__pyext.dir/rosidl_generator_py/distance_interfaces/_distance_interfaces_s.ep.rosidl_typesupport_fastrtps_c.c.o[0m
[6.869s] [ 87%] [32mBuilding C object CMakeFiles/distance_interfaces__rosidl_typesupport_introspection_c__pyext.dir/rosidl_generator_py/distance_interfaces/_distance_interfaces_s.ep.rosidl_typesupport_introspection_c.c.o[0m
[6.870s] [ 90%] [32mBuilding C object CMakeFiles/distance_interfaces__rosidl_typesupport_c__pyext.dir/rosidl_generator_py/distance_interfaces/_distance_interfaces_s.ep.rosidl_typesupport_c.c.o[0m
[7.177s] [ 93%] [32m[1mLinking C shared library rosidl_generator_py/distance_interfaces/distance_interfaces_s__rosidl_typesupport_c.cpython-310-x86_64-linux-gnu.so[0m
[7.206s] [ 96%] [32m[1mLinking C shared library rosidl_generator_py/distance_interfaces/distance_interfaces_s__rosidl_typesupport_fastrtps_c.cpython-310-x86_64-linux-gnu.so[0m
[7.298s] [100%] [32m[1mLinking C shared library rosidl_generator_py/distance_interfaces/distance_interfaces_s__rosidl_typesupport_introspection_c.cpython-310-x86_64-linux-gnu.so[0m
[7.300s] [100%] Built target distance_interfaces__rosidl_typesupport_c__pyext
[7.339s] [100%] Built target distance_interfaces__rosidl_typesupport_fastrtps_c__pyext
[7.377s] [100%] Built target distance_interfaces__rosidl_typesupport_introspection_c__pyext
[7.426s] Invoked command in '/home/makramgh/Desktop/Pepsi-Bot/workspace/build/distance_interfaces' returned '0': CMAKE_PREFIX_PATH=/opt/ros/humble /usr/bin/cmake --build /home/makramgh/Desktop/Pepsi-Bot/workspace/build/distance_interfaces -- -j12 -l12
[7.688s] Invoking command in '/home/makramgh/Desktop/Pepsi-Bot/workspace/build/distance_interfaces': CMAKE_PREFIX_PATH=/opt/ros/humble /usr/bin/cmake --install /home/makramgh/Desktop/Pepsi-Bot/workspace/build/distance_interfaces
[7.706s] -- Install configuration: ""
[7.706s] -- Installing: /home/makramgh/Desktop/Pepsi-Bot/workspace/install/distance_interfaces/share/ament_index/resource_index/rosidl_interfaces/distance_interfaces
[7.706s] -- Installing: /home/makramgh/Desktop/Pepsi-Bot/workspace/install/distance_interfaces/include/distance_interfaces/distance_interfaces
[7.707s] -- Installing: /home/makramgh/Desktop/Pepsi-Bot/workspace/install/distance_interfaces/include/distance_interfaces/distance_interfaces/srv
[7.707s] -- Installing: /home/makramgh/Desktop/Pepsi-Bot/workspace/install/distance_interfaces/include/distance_interfaces/distance_interfaces/srv/detail
[7.707s] -- Installing: /home/makramgh/Desktop/Pepsi-Bot/workspace/install/distance_interfaces/include/distance_interfaces/distance_interfaces/srv/detail/get_front_distance__functions.c
[7.707s] -- Installing: /home/makramgh/Desktop/Pepsi-Bot/workspace/install/distance_interfaces/include/distance_interfaces/distance_interfaces/srv/detail/get_front_distance__struct.h
[7.707s] -- Installing: /home/makramgh/Desktop/Pepsi-Bot/workspace/install/distance_interfaces/include/distance_interfaces/distance_interfaces/srv/detail/get_front_distance__functions.h
[7.708s] -- Installing: /home/makramgh/Desktop/Pepsi-Bot/workspace/install/distance_interfaces/include/distance_interfaces/distance_interfaces/srv/detail/get_front_distance__type_support.h
[7.708s] -- Installing: /home/makramgh/Desktop/Pepsi-Bot/workspace/install/distance_interfaces/include/distance_interfaces/distance_interfaces/srv/get_front_distance.h
[7.708s] -- Installing: /home/makramgh/Desktop/Pepsi-Bot/workspace/install/distance_interfaces/include/distance_interfaces/distance_interfaces/msg
[7.708s] -- Installing: /home/makramgh/Desktop/Pepsi-Bot/workspace/install/distance_interfaces/include/distance_interfaces/distance_interfaces/msg/rosidl_generator_c__visibility_control.h
[7.716s] -- Installing: /home/makramgh/Desktop/Pepsi-Bot/workspace/install/distance_interfaces/share/distance_interfaces/environment/library_path.sh
[7.716s] -- Installing: /home/makramgh/Desktop/Pepsi-Bot/workspace/install/distance_interfaces/share/distance_interfaces/environment/library_path.dsv
[7.716s] -- Installing: /home/makramgh/Desktop/Pepsi-Bot/workspace/install/distance_interfaces/lib/libdistance_interfaces__rosidl_generator_c.so
[7.716s] -- Set runtime path of "/home/makramgh/Desktop/Pepsi-Bot/workspace/install/distance_interfaces/lib/libdistance_interfaces__rosidl_generator_c.so" to ""
[7.716s] -- Up-to-date: /home/makramgh/Desktop/Pepsi-Bot/workspace/install/distance_interfaces/include/distance_interfaces/distance_interfaces
[7.717s] -- Up-to-date: /home/makramgh/Desktop/Pepsi-Bot/workspace/install/distance_interfaces/include/distance_interfaces/distance_interfaces/srv
[7.717s] -- Up-to-date: /home/makramgh/Desktop/Pepsi-Bot/workspace/install/distance_interfaces/include/distance_interfaces/distance_interfaces/srv/detail
[7.717s] -- Installing: /home/makramgh/Desktop/Pepsi-Bot/workspace/install/distance_interfaces/include/distance_interfaces/distance_interfaces/srv/detail/get_front_distance__rosidl_typesupport_fastrtps_c.h
[7.717s] -- Up-to-date: /home/makramgh/Desktop/Pepsi-Bot/workspace/install/distance_interfaces/include/distance_interfaces/distance_interfaces/msg
[7.717s] -- Installing: /home/makramgh/Desktop/Pepsi-Bot/workspace/install/distance_interfaces/include/distance_interfaces/distance_interfaces/msg/rosidl_typesupport_fastrtps_c__visibility_control.h
[7.717s] -- Installing: /home/makramgh/Desktop/Pepsi-Bot/workspace/install/distance_interfaces/lib/libdistance_interfaces__rosidl_typesupport_fastrtps_c.so
[7.718s] -- Set runtime path of "/home/makramgh/Desktop/Pepsi-Bot/workspace/install/distance_interfaces/lib/libdistance_interfaces__rosidl_typesupport_fastrtps_c.so" to ""
[7.718s] -- Up-to-date: /home/makramgh/Desktop/Pepsi-Bot/workspace/install/distance_interfaces/include/distance_interfaces/distance_interfaces
[7.718s] -- Up-to-date: /home/makramgh/Desktop/Pepsi-Bot/workspace/install/distance_interfaces/include/distance_interfaces/distance_interfaces/srv
[7.718s] -- Up-to-date: /home/makramgh/Desktop/Pepsi-Bot/workspace/install/distance_interfaces/include/distance_interfaces/distance_interfaces/srv/detail
[7.718s] -- Installing: /home/makramgh/Desktop/Pepsi-Bot/workspace/install/distance_interfaces/include/distance_interfaces/distance_interfaces/srv/detail/get_front_distance__rosidl_typesupport_introspection_c.h
[7.718s] -- Installing: /home/makramgh/Desktop/Pepsi-Bot/workspace/install/distance_interfaces/include/distance_interfaces/distance_interfaces/srv/detail/get_front_distance__type_support.c
[7.718s] -- Up-to-date: /home/makramgh/Desktop/Pepsi-Bot/workspace/install/distance_interfaces/include/distance_interfaces/distance_interfaces/msg
[7.719s] -- Installing: /home/makramgh/Desktop/Pepsi-Bot/workspace/install/distance_interfaces/include/distance_interfaces/distance_interfaces/msg/rosidl_typesupport_introspection_c__visibility_control.h
[7.723s] -- Installing: /home/makramgh/Desktop/Pepsi-Bot/workspace/install/distance_interfaces/lib/libdistance_interfaces__rosidl_typesupport_introspection_c.so
[7.725s] -- Set runtime path of "/home/makramgh/Desktop/Pepsi-Bot/workspace/install/distance_interfaces/lib/libdistance_interfaces__rosidl_typesupport_introspection_c.so" to ""
[7.725s] -- Installing: /home/makramgh/Desktop/Pepsi-Bot/workspace/install/distance_interfaces/lib/libdistance_interfaces__rosidl_typesupport_c.so
[7.725s] -- Set runtime path of "/home/makramgh/Desktop/Pepsi-Bot/workspace/install/distance_interfaces/lib/libdistance_interfaces__rosidl_typesupport_c.so" to ""
[7.726s] -- Up-to-date: /home/makramgh/Desktop/Pepsi-Bot/workspace/install/distance_interfaces/include/distance_interfaces/distance_interfaces
[7.726s] -- Up-to-date: /home/makramgh/Desktop/Pepsi-Bot/workspace/install/distance_interfaces/include/distance_interfaces/distance_interfaces/srv
[7.727s] -- Up-to-date: /home/makramgh/Desktop/Pepsi-Bot/workspace/install/distance_interfaces/include/distance_interfaces/distance_interfaces/srv/detail
[7.727s] -- Installing: /home/makramgh/Desktop/Pepsi-Bot/workspace/install/distance_interfaces/include/distance_interfaces/distance_interfaces/srv/detail/get_front_distance__builder.hpp
[7.727s] -- Installing: /home/makramgh/Desktop/Pepsi-Bot/workspace/install/distance_interfaces/include/distance_interfaces/distance_interfaces/srv/detail/get_front_distance__struct.hpp
[7.727s] -- Installing: /home/makramgh/Desktop/Pepsi-Bot/workspace/install/distance_interfaces/include/distance_interfaces/distance_interfaces/srv/detail/get_front_distance__traits.hpp
[7.727s] -- Installing: /home/makramgh/Desktop/Pepsi-Bot/workspace/install/distance_interfaces/include/distance_interfaces/distance_interfaces/srv/get_front_distance.hpp
[7.728s] -- Up-to-date: /home/makramgh/Desktop/Pepsi-Bot/workspace/install/distance_interfaces/include/distance_interfaces/distance_interfaces
[7.728s] -- Up-to-date: /home/makramgh/Desktop/Pepsi-Bot/workspace/install/distance_interfaces/include/distance_interfaces/distance_interfaces/srv
[7.728s] -- Up-to-date: /home/makramgh/Desktop/Pepsi-Bot/workspace/install/distance_interfaces/include/distance_interfaces/distance_interfaces/srv/detail
[7.728s] -- Installing: /home/makramgh/Desktop/Pepsi-Bot/workspace/install/distance_interfaces/include/distance_interfaces/distance_interfaces/srv/detail/get_front_distance__rosidl_typesupport_fastrtps_cpp.hpp
[7.728s] -- Installing: /home/makramgh/Desktop/Pepsi-Bot/workspace/install/distance_interfaces/include/distance_interfaces/distance_interfaces/srv/detail/dds_fastrtps
[7.728s] -- Up-to-date: /home/makramgh/Desktop/Pepsi-Bot/workspace/install/distance_interfaces/include/distance_interfaces/distance_interfaces/msg
[7.728s] -- Installing: /home/makramgh/Desktop/Pepsi-Bot/workspace/install/distance_interfaces/include/distance_interfaces/distance_interfaces/msg/rosidl_typesupport_fastrtps_cpp__visibility_control.h
[7.729s] -- Installing: /home/makramgh/Desktop/Pepsi-Bot/workspace/install/distance_interfaces/lib/libdistance_interfaces__rosidl_typesupport_fastrtps_cpp.so
[7.729s] -- Set runtime path of "/home/makramgh/Desktop/Pepsi-Bot/workspace/install/distance_interfaces/lib/libdistance_interfaces__rosidl_typesupport_fastrtps_cpp.so" to ""
[7.729s] -- Up-to-date: /home/makramgh/Desktop/Pepsi-Bot/workspace/install/distance_interfaces/include/distance_interfaces/distance_interfaces
[7.734s] -- Up-to-date: /home/makramgh/Desktop/Pepsi-Bot/workspace/install/distance_interfaces/include/distance_interfaces/distance_interfaces/srv
[7.734s] -- Up-to-date: /home/makramgh/Desktop/Pepsi-Bot/workspace/install/distance_interfaces/include/distance_interfaces/distance_interfaces/srv/detail
[7.734s] -- Installing: /home/makramgh/Desktop/Pepsi-Bot/workspace/install/distance_interfaces/include/distance_interfaces/distance_interfaces/srv/detail/get_front_distance__rosidl_typesupport_introspection_cpp.hpp
[7.734s] -- Installing: /home/makramgh/Desktop/Pepsi-Bot/workspace/install/distance_interfaces/include/distance_interfaces/distance_interfaces/srv/detail/get_front_distance__type_support.cpp
[7.735s] -- Installing: /home/makramgh/Desktop/Pepsi-Bot/workspace/install/distance_interfaces/lib/libdistance_interfaces__rosidl_typesupport_introspection_cpp.so
[7.735s] -- Set runtime path of "/home/makramgh/Desktop/Pepsi-Bot/workspace/install/distance_interfaces/lib/libdistance_interfaces__rosidl_typesupport_introspection_cpp.so" to ""
[7.735s] -- Installing: /home/makramgh/Desktop/Pepsi-Bot/workspace/install/distance_interfaces/lib/libdistance_interfaces__rosidl_typesupport_cpp.so
[7.735s] -- Set runtime path of "/home/makramgh/Desktop/Pepsi-Bot/workspace/install/distance_interfaces/lib/libdistance_interfaces__rosidl_typesupport_cpp.so" to ""
[7.735s] -- Installing: /home/makramgh/Desktop/Pepsi-Bot/workspace/install/distance_interfaces/share/distance_interfaces/environment/pythonpath.sh
[7.735s] -- Installing: /home/makramgh/Desktop/Pepsi-Bot/workspace/install/distance_interfaces/share/distance_interfaces/environment/pythonpath.dsv
[7.736s] -- Installing: /home/makramgh/Desktop/Pepsi-Bot/workspace/install/distance_interfaces/local/lib/python3.10/dist-packages/distance_interfaces-0.0.0-py3.10.egg-info
[7.736s] -- Installing: /home/makramgh/Desktop/Pepsi-Bot/workspace/install/distance_interfaces/local/lib/python3.10/dist-packages/distance_interfaces-0.0.0-py3.10.egg-info/PKG-INFO
[7.736s] -- Installing: /home/makramgh/Desktop/Pepsi-Bot/workspace/install/distance_interfaces/local/lib/python3.10/dist-packages/distance_interfaces-0.0.0-py3.10.egg-info/top_level.txt
[7.736s] -- Installing: /home/makramgh/Desktop/Pepsi-Bot/workspace/install/distance_interfaces/local/lib/python3.10/dist-packages/distance_interfaces-0.0.0-py3.10.egg-info/SOURCES.txt
[7.736s] -- Installing: /home/makramgh/Desktop/Pepsi-Bot/workspace/install/distance_interfaces/local/lib/python3.10/dist-packages/distance_interfaces-0.0.0-py3.10.egg-info/dependency_links.txt
[7.736s] -- Installing: /home/makramgh/Desktop/Pepsi-Bot/workspace/install/distance_interfaces/local/lib/python3.10/dist-packages/distance_interfaces
[7.736s] -- Installing: /home/makramgh/Desktop/Pepsi-Bot/workspace/install/distance_interfaces/local/lib/python3.10/dist-packages/distance_interfaces/distance_interfaces_s__rosidl_typesupport_fastrtps_c.cpython-310-x86_64-linux-gnu.so
[7.740s] -- Installing: /home/makramgh/Desktop/Pepsi-Bot/workspace/install/distance_interfaces/local/lib/python3.10/dist-packages/distance_interfaces/_distance_interfaces_s.ep.rosidl_typesupport_c.c
[7.740s] -- Installing: /home/makramgh/Desktop/Pepsi-Bot/workspace/install/distance_interfaces/local/lib/python3.10/dist-packages/distance_interfaces/__init__.py
[7.741s] -- Installing: /home/makramgh/Desktop/Pepsi-Bot/workspace/install/distance_interfaces/local/lib/python3.10/dist-packages/distance_interfaces/srv
[7.741s] -- Installing: /home/makramgh/Desktop/Pepsi-Bot/workspace/install/distance_interfaces/local/lib/python3.10/dist-packages/distance_interfaces/srv/_get_front_distance_s.c
[7.741s] -- Installing: /home/makramgh/Desktop/Pepsi-Bot/workspace/install/distance_interfaces/local/lib/python3.10/dist-packages/distance_interfaces/srv/__init__.py
[7.741s] -- Installing: /home/makramgh/Desktop/Pepsi-Bot/workspace/install/distance_interfaces/local/lib/python3.10/dist-packages/distance_interfaces/srv/_get_front_distance.py
[7.741s] -- Installing: /home/makramgh/Desktop/Pepsi-Bot/workspace/install/distance_interfaces/local/lib/python3.10/dist-packages/distance_interfaces/libdistance_interfaces__rosidl_generator_py.so
[7.742s] -- Installing: /home/makramgh/Desktop/Pepsi-Bot/workspace/install/distance_interfaces/local/lib/python3.10/dist-packages/distance_interfaces/_distance_interfaces_s.ep.rosidl_typesupport_fastrtps_c.c
[7.742s] -- Installing: /home/makramgh/Desktop/Pepsi-Bot/workspace/install/distance_interfaces/local/lib/python3.10/dist-packages/distance_interfaces/distance_interfaces_s__rosidl_typesupport_introspection_c.cpython-310-x86_64-linux-gnu.so
[7.742s] -- Installing: /home/makramgh/Desktop/Pepsi-Bot/workspace/install/distance_interfaces/local/lib/python3.10/dist-packages/distance_interfaces/_distance_interfaces_s.ep.rosidl_typesupport_introspection_c.c
[7.742s] -- Installing: /home/makramgh/Desktop/Pepsi-Bot/workspace/install/distance_interfaces/local/lib/python3.10/dist-packages/distance_interfaces/distance_interfaces_s__rosidl_typesupport_c.cpython-310-x86_64-linux-gnu.so
[7.880s] Listing '/home/makramgh/Desktop/Pepsi-Bot/workspace/install/distance_interfaces/local/lib/python3.10/dist-packages/distance_interfaces'...
[7.881s] Compiling '/home/makramgh/Desktop/Pepsi-Bot/workspace/install/distance_interfaces/local/lib/python3.10/dist-packages/distance_interfaces/__init__.py'...
[7.881s] Listing '/home/makramgh/Desktop/Pepsi-Bot/workspace/install/distance_interfaces/local/lib/python3.10/dist-packages/distance_interfaces/srv'...
[7.881s] Compiling '/home/makramgh/Desktop/Pepsi-Bot/workspace/install/distance_interfaces/local/lib/python3.10/dist-packages/distance_interfaces/srv/__init__.py'...
[7.881s] Compiling '/home/makramgh/Desktop/Pepsi-Bot/workspace/install/distance_interfaces/local/lib/python3.10/dist-packages/distance_interfaces/srv/_get_front_distance.py'...
[7.890s] -- Installing: /home/makramgh/Desktop/Pepsi-Bot/workspace/install/distance_interfaces/local/lib/python3.10/dist-packages/distance_interfaces/distance_interfaces_s__rosidl_typesupport_fastrtps_c.cpython-310-x86_64-linux-gnu.so
[7.891s] -- Set runtime path of "/home/makramgh/Desktop/Pepsi-Bot/workspace/install/distance_interfaces/local/lib/python3.10/dist-packages/distance_interfaces/distance_interfaces_s__rosidl_typesupport_fastrtps_c.cpython-310-x86_64-linux-gnu.so" to ""
[7.892s] -- Installing: /home/makramgh/Desktop/Pepsi-Bot/workspace/install/distance_interfaces/local/lib/python3.10/dist-packages/distance_interfaces/distance_interfaces_s__rosidl_typesupport_introspection_c.cpython-310-x86_64-linux-gnu.so
[7.893s] -- Set runtime path of "/home/makramgh/Desktop/Pepsi-Bot/workspace/install/distance_interfaces/local/lib/python3.10/dist-packages/distance_interfaces/distance_interfaces_s__rosidl_typesupport_introspection_c.cpython-310-x86_64-linux-gnu.so" to ""
[7.893s] -- Installing: /home/makramgh/Desktop/Pepsi-Bot/workspace/install/distance_interfaces/local/lib/python3.10/dist-packages/distance_interfaces/distance_interfaces_s__rosidl_typesupport_c.cpython-310-x86_64-linux-gnu.so
[7.894s] -- Set runtime path of "/home/makramgh/Desktop/Pepsi-Bot/workspace/install/distance_interfaces/local/lib/python3.10/dist-packages/distance_interfaces/distance_interfaces_s__rosidl_typesupport_c.cpython-310-x86_64-linux-gnu.so" to ""
[7.895s] -- Installing: /home/makramgh/Desktop/Pepsi-Bot/workspace/install/distance_interfaces/lib/libdistance_interfaces__rosidl_generator_py.so
[7.895s] -- Set runtime path of "/home/makramgh/Desktop/Pepsi-Bot/workspace/install/distance_interfaces/lib/libdistance_interfaces__rosidl_generator_py.so" to ""
[7.896s] -- Installing: /home/makramgh/Desktop/Pepsi-Bot/workspace/install/distance_interfaces/share/distance_interfaces/srv/GetFrontDistance.idl
[7.896s] -- Installing: /home/makramgh/Desktop/Pepsi-Bot/workspace/install/distance_interfaces/share/distance_interfaces/srv/GetFrontDistance.srv
[7.897s] -- Installing: /home/makramgh/Desktop/Pepsi-Bot/workspace/install/distance_interfaces/share/distance_interfaces/srv/GetFrontDistance_Request.msg
[7.897s] -- Installing: /home/makramgh/Desktop/Pepsi-Bot/workspace/install/distance_interfaces/share/distance_interfaces/srv/GetFrontDistance_Response.msg
[7.898s] -- Installing: /home/makramgh/Desktop/Pepsi-Bot/workspace/install/distance_interfaces/share/ament_index/resource_index/package_run_dependencies/distance_interfaces
[7.899s] -- Installing: /home/makramgh/Desktop/Pepsi-Bot/workspace/install/distance_interfaces/share/ament_index/resource_index/parent_prefix_path/distance_interfaces
[7.899s] -- Installing: /home/makramgh/Desktop/Pepsi-Bot/workspace/install/distance_interfaces/share/distance_interfaces/environment/ament_prefix_path.sh
[7.900s] -- Installing: /home/makramgh/Desktop/Pepsi-Bot/workspace/install/distance_interfaces/share/distance_interfaces/environment/ament_prefix_path.dsv
[7.900s] -- Installing: /home/makramgh/Desktop/Pepsi-Bot/workspace/install/distance_interfaces/share/distance_interfaces/environment/path.sh
[7.902s] -- Installing: /home/makramgh/Desktop/Pepsi-Bot/workspace/install/distance_interfaces/share/distance_interfaces/environment/path.dsv
[7.908s] -- Installing: /home/makramgh/Desktop/Pepsi-Bot/workspace/install/distance_interfaces/share/distance_interfaces/local_setup.bash
[7.908s] -- Installing: /home/makramgh/Desktop/Pepsi-Bot/workspace/install/distance_interfaces/share/distance_interfaces/local_setup.sh
[7.908s] -- Installing: /home/makramgh/Desktop/Pepsi-Bot/workspace/install/distance_interfaces/share/distance_interfaces/local_setup.zsh
[7.908s] -- Installing: /home/makramgh/Desktop/Pepsi-Bot/workspace/install/distance_interfaces/share/distance_interfaces/local_setup.dsv
[7.909s] -- Installing: /home/makramgh/Desktop/Pepsi-Bot/workspace/install/distance_interfaces/share/distance_interfaces/package.dsv
[7.909s] -- Installing: /home/makramgh/Desktop/Pepsi-Bot/workspace/install/distance_interfaces/share/ament_index/resource_index/packages/distance_interfaces
[7.909s] -- Installing: /home/makramgh/Desktop/Pepsi-Bot/workspace/install/distance_interfaces/share/distance_interfaces/cmake/export_distance_interfaces__rosidl_generator_cExport.cmake
[7.909s] -- Installing: /home/makramgh/Desktop/Pepsi-Bot/workspace/install/distance_interfaces/share/distance_interfaces/cmake/export_distance_interfaces__rosidl_generator_cExport-noconfig.cmake
[7.909s] -- Installing: /home/makramgh/Desktop/Pepsi-Bot/workspace/install/distance_interfaces/share/distance_interfaces/cmake/export_distance_interfaces__rosidl_typesupport_fastrtps_cExport.cmake
[7.913s] -- Installing: /home/makramgh/Desktop/Pepsi-Bot/workspace/install/distance_interfaces/share/distance_interfaces/cmake/export_distance_interfaces__rosidl_typesupport_fastrtps_cExport-noconfig.cmake
[7.913s] -- Installing: /home/makramgh/Desktop/Pepsi-Bot/workspace/install/distance_interfaces/share/distance_interfaces/cmake/distance_interfaces__rosidl_typesupport_introspection_cExport.cmake
[7.914s] -- Installing: /home/makramgh/Desktop/Pepsi-Bot/workspace/install/distance_interfaces/share/distance_interfaces/cmake/distance_interfaces__rosidl_typesupport_introspection_cExport-noconfig.cmake
[7.915s] -- Installing: /home/makramgh/Desktop/Pepsi-Bot/workspace/install/distance_interfaces/share/distance_interfaces/cmake/distance_interfaces__rosidl_typesupport_cExport.cmake
[7.916s] -- Installing: /home/makramgh/Desktop/Pepsi-Bot/workspace/install/distance_interfaces/share/distance_interfaces/cmake/distance_interfaces__rosidl_typesupport_cExport-noconfig.cmake
[7.916s] -- Installing: /home/makramgh/Desktop/Pepsi-Bot/workspace/install/distance_interfaces/share/distance_interfaces/cmake/export_distance_interfaces__rosidl_generator_cppExport.cmake
[7.916s] -- Installing: /home/makramgh/Desktop/Pepsi-Bot/workspace/install/distance_interfaces/share/distance_interfaces/cmake/export_distance_interfaces__rosidl_typesupport_fastrtps_cppExport.cmake
[7.917s] -- Installing: /home/makramgh/Desktop/Pepsi-Bot/workspace/install/distance_interfaces/share/distance_interfaces/cmake/export_distance_interfaces__rosidl_typesupport_fastrtps_cppExport-noconfig.cmake
[7.917s] -- Installing: /home/makramgh/Desktop/Pepsi-Bot/workspace/install/distance_interfaces/share/distance_interfaces/cmake/distance_interfaces__rosidl_typesupport_introspection_cppExport.cmake
[7.920s] -- Installing: /home/makramgh/Desktop/Pepsi-Bot/workspace/install/distance_interfaces/share/distance_interfaces/cmake/distance_interfaces__rosidl_typesupport_introspection_cppExport-noconfig.cmake
[7.925s] -- Installing: /home/makramgh/Desktop/Pepsi-Bot/workspace/install/distance_interfaces/share/distance_interfaces/cmake/distance_interfaces__rosidl_typesupport_cppExport.cmake
[7.925s] -- Installing: /home/makramgh/Desktop/Pepsi-Bot/workspace/install/distance_interfaces/share/distance_interfaces/cmake/distance_interfaces__rosidl_typesupport_cppExport-noconfig.cmake
[7.925s] -- Installing: /home/makramgh/Desktop/Pepsi-Bot/workspace/install/distance_interfaces/share/distance_interfaces/cmake/export_distance_interfaces__rosidl_generator_pyExport.cmake
[7.925s] -- Installing: /home/makramgh/Desktop/Pepsi-Bot/workspace/install/distance_interfaces/share/distance_interfaces/cmake/export_distance_interfaces__rosidl_generator_pyExport-noconfig.cmake
[7.926s] -- Installing: /home/makramgh/Desktop/Pepsi-Bot/workspace/install/distance_interfaces/share/distance_interfaces/cmake/rosidl_cmake-extras.cmake
[7.926s] -- Installing: /home/makramgh/Desktop/Pepsi-Bot/workspace/install/distance_interfaces/share/distance_interfaces/cmake/ament_cmake_export_include_directories-extras.cmake
[7.927s] -- Installing: /home/makramgh/Desktop/Pepsi-Bot/workspace/install/distance_interfaces/share/distance_interfaces/cmake/ament_cmake_export_libraries-extras.cmake
[7.927s] -- Installing: /home/makramgh/Desktop/Pepsi-Bot/workspace/install/distance_interfaces/share/distance_interfaces/cmake/ament_cmake_export_targets-extras.cmake
[7.928s] -- Installing: /home/makramgh/Desktop/Pepsi-Bot/workspace/install/distance_interfaces/share/distance_interfaces/cmake/rosidl_cmake_export_typesupport_targets-extras.cmake
[7.928s] -- Installing: /home/makramgh/Desktop/Pepsi-Bot/workspace/install/distance_interfaces/share/distance_interfaces/cmake/ament_cmake_export_dependencies-extras.cmake
[7.931s] -- Installing: /home/makramgh/Desktop/Pepsi-Bot/workspace/install/distance_interfaces/share/distance_interfaces/cmake/rosidl_cmake_export_typesupport_libraries-extras.cmake
[7.931s] -- Installing: /home/makramgh/Desktop/Pepsi-Bot/workspace/install/distance_interfaces/share/distance_interfaces/cmake/distance_interfacesConfig.cmake
[7.931s] -- Installing: /home/makramgh/Desktop/Pepsi-Bot/workspace/install/distance_interfaces/share/distance_interfaces/cmake/distance_interfacesConfig-version.cmake
[7.950s] -- Installing: /home/makramgh/Desktop/Pepsi-Bot/workspace/install/distance_interfaces/share/distance_interfaces/package.xml
[7.951s] Invoked command in '/home/makramgh/Desktop/Pepsi-Bot/workspace/build/distance_interfaces' returned '0': CMAKE_PREFIX_PATH=/opt/ros/humble /usr/bin/cmake --install /home/makramgh/Desktop/Pepsi-Bot/workspace/build/distance_interfaces
