[0.033s] Invoking command in '/home/fourfold/dev/inmind_final_project_test/workspace/build/distance_converter': CMAKE_PREFIX_PATH=${CMAKE_PREFIX_PATH}:/home/fourfold/dev/inmind_final_project_test/workspace/install/yolov8_webcam:/home/fourfold/dev/inmind_final_project_test/workspace/install/object_detector:/opt/ros/humble /usr/bin/cmake --build /home/fourfold/dev/inmind_final_project_test/workspace/build/distance_converter -- -j16 -l16
[0.368s] [ 50%] [32mBuilding CXX object CMakeFiles/distance_converter.dir/src/distance_converter.cpp.o[0m
[7.001s] [100%] [32m[1mLinking CXX executable distance_converter[0m
[7.332s] [100%] Built target distance_converter
[7.345s] Invoked command in '/home/fourfold/dev/inmind_final_project_test/workspace/build/distance_converter' returned '0': CMAKE_PREFIX_PATH=${CMAKE_PREFIX_PATH}:/home/fourfold/dev/inmind_final_project_test/workspace/install/yolov8_webcam:/home/fourfold/dev/inmind_final_project_test/workspace/install/object_detector:/opt/ros/humble /usr/bin/cmake --build /home/fourfold/dev/inmind_final_project_test/workspace/build/distance_converter -- -j16 -l16
[7.369s] Invoking command in '/home/fourfold/dev/inmind_final_project_test/workspace/build/distance_converter': CMAKE_PREFIX_PATH=${CMAKE_PREFIX_PATH}:/home/fourfold/dev/inmind_final_project_test/workspace/install/yolov8_webcam:/home/fourfold/dev/inmind_final_project_test/workspace/install/object_detector:/opt/ros/humble /usr/bin/cmake --install /home/fourfold/dev/inmind_final_project_test/workspace/build/distance_converter
[7.376s] -- Install configuration: ""
[7.376s] -- Installing: /home/fourfold/dev/inmind_final_project_test/workspace/install/distance_converter/lib/distance_converter/distance_converter
[7.379s] -- Set runtime path of "/home/fourfold/dev/inmind_final_project_test/workspace/install/distance_converter/lib/distance_converter/distance_converter" to ""
[7.379s] -- Up-to-date: /home/fourfold/dev/inmind_final_project_test/workspace/install/distance_converter/share/ament_index/resource_index/package_run_dependencies/distance_converter
[7.379s] -- Up-to-date: /home/fourfold/dev/inmind_final_project_test/workspace/install/distance_converter/share/ament_index/resource_index/parent_prefix_path/distance_converter
[7.380s] -- Up-to-date: /home/fourfold/dev/inmind_final_project_test/workspace/install/distance_converter/share/distance_converter/environment/ament_prefix_path.sh
[7.380s] -- Up-to-date: /home/fourfold/dev/inmind_final_project_test/workspace/install/distance_converter/share/distance_converter/environment/ament_prefix_path.dsv
[7.380s] -- Up-to-date: /home/fourfold/dev/inmind_final_project_test/workspace/install/distance_converter/share/distance_converter/environment/path.sh
[7.380s] -- Up-to-date: /home/fourfold/dev/inmind_final_project_test/workspace/install/distance_converter/share/distance_converter/environment/path.dsv
[7.380s] -- Up-to-date: /home/fourfold/dev/inmind_final_project_test/workspace/install/distance_converter/share/distance_converter/local_setup.bash
[7.380s] -- Up-to-date: /home/fourfold/dev/inmind_final_project_test/workspace/install/distance_converter/share/distance_converter/local_setup.sh
[7.380s] -- Up-to-date: /home/fourfold/dev/inmind_final_project_test/workspace/install/distance_converter/share/distance_converter/local_setup.zsh
[7.380s] -- Up-to-date: /home/fourfold/dev/inmind_final_project_test/workspace/install/distance_converter/share/distance_converter/local_setup.dsv
[7.380s] -- Installing: /home/fourfold/dev/inmind_final_project_test/workspace/install/distance_converter/share/distance_converter/package.dsv
[7.380s] -- Up-to-date: /home/fourfold/dev/inmind_final_project_test/workspace/install/distance_converter/share/ament_index/resource_index/packages/distance_converter
[7.380s] -- Up-to-date: /home/fourfold/dev/inmind_final_project_test/workspace/install/distance_converter/share/distance_converter/cmake/distance_converterConfig.cmake
[7.380s] -- Up-to-date: /home/fourfold/dev/inmind_final_project_test/workspace/install/distance_converter/share/distance_converter/cmake/distance_converterConfig-version.cmake
[7.380s] -- Up-to-date: /home/fourfold/dev/inmind_final_project_test/workspace/install/distance_converter/share/distance_converter/package.xml
[7.381s] Invoked command in '/home/fourfold/dev/inmind_final_project_test/workspace/build/distance_converter' returned '0': CMAKE_PREFIX_PATH=${CMAKE_PREFIX_PATH}:/home/fourfold/dev/inmind_final_project_test/workspace/install/yolov8_webcam:/home/fourfold/dev/inmind_final_project_test/workspace/install/object_detector:/opt/ros/humble /usr/bin/cmake --install /home/fourfold/dev/inmind_final_project_test/workspace/build/distance_converter
