[0.341s] Invoking command in '/home/fourfold/dev/inmind_final_project_test/workspace/build/robot_hardware_interfaces': CMAKE_PREFIX_PATH=${CMAKE_PREFIX_PATH}:/home/fourfold/dev/inmind_final_project_test/workspace/install/yolov8_webcam:/home/fourfold/dev/inmind_final_project_test/workspace/install/object_detector:/opt/ros/humble /usr/bin/cmake --build /home/fourfold/dev/inmind_final_project_test/workspace/build/robot_hardware_interfaces -- -j16 -l16
[0.391s] [  3%] Built target robot_hardware_interfaces__cpp
[0.392s] [ 12%] Built target robot_hardware_interfaces__rosidl_generator_c
[0.398s] [ 12%] Built target ament_cmake_python_copy_robot_hardware_interfaces
[0.415s] [ 22%] Built target robot_hardware_interfaces__rosidl_typesupport_fastrtps_cpp
[0.415s] [ 32%] Built target robot_hardware_interfaces__rosidl_typesupport_cpp
[0.416s] [ 41%] Built target robot_hardware_interfaces__rosidl_typesupport_introspection_cpp
[0.418s] [ 51%] Built target robot_hardware_interfaces__rosidl_typesupport_c
[0.419s] [ 61%] Built target robot_hardware_interfaces__rosidl_typesupport_introspection_c
[0.419s] [ 70%] Built target robot_hardware_interfaces__rosidl_typesupport_fastrtps_c
[0.440s] [ 70%] Built target robot_hardware_interfaces
[0.461s] [ 74%] Built target robot_hardware_interfaces__py
[0.482s] [ 80%] Built target robot_hardware_interfaces__rosidl_generator_py
[0.504s] [ 87%] Built target robot_hardware_interfaces__rosidl_typesupport_fastrtps_c__pyext
[0.504s] [ 93%] Built target robot_hardware_interfaces__rosidl_typesupport_c__pyext
[0.505s] [100%] Built target robot_hardware_interfaces__rosidl_typesupport_introspection_c__pyext
[0.622s] running egg_info
[0.623s] writing robot_hardware_interfaces.egg-info/PKG-INFO
[0.623s] writing dependency_links to robot_hardware_interfaces.egg-info/dependency_links.txt
[0.623s] writing top-level names to robot_hardware_interfaces.egg-info/top_level.txt
[0.628s] reading manifest file 'robot_hardware_interfaces.egg-info/SOURCES.txt'
[0.629s] writing manifest file 'robot_hardware_interfaces.egg-info/SOURCES.txt'
[0.662s] [100%] Built target ament_cmake_python_build_robot_hardware_interfaces_egg
[0.678s] Invoked command in '/home/fourfold/dev/inmind_final_project_test/workspace/build/robot_hardware_interfaces' returned '0': CMAKE_PREFIX_PATH=${CMAKE_PREFIX_PATH}:/home/fourfold/dev/inmind_final_project_test/workspace/install/yolov8_webcam:/home/fourfold/dev/inmind_final_project_test/workspace/install/object_detector:/opt/ros/humble /usr/bin/cmake --build /home/fourfold/dev/inmind_final_project_test/workspace/build/robot_hardware_interfaces -- -j16 -l16
[0.746s] Invoking command in '/home/fourfold/dev/inmind_final_project_test/workspace/build/robot_hardware_interfaces': CMAKE_PREFIX_PATH=${CMAKE_PREFIX_PATH}:/home/fourfold/dev/inmind_final_project_test/workspace/install/yolov8_webcam:/home/fourfold/dev/inmind_final_project_test/workspace/install/object_detector:/opt/ros/humble /usr/bin/cmake --install /home/fourfold/dev/inmind_final_project_test/workspace/build/robot_hardware_interfaces
[0.755s] -- Install configuration: ""
[0.755s] -- Up-to-date: /home/fourfold/dev/inmind_final_project_test/workspace/install/robot_hardware_interfaces/share/ament_index/resource_index/rosidl_interfaces/robot_hardware_interfaces
[0.755s] -- Up-to-date: /home/fourfold/dev/inmind_final_project_test/workspace/install/robot_hardware_interfaces/include/robot_hardware_interfaces/robot_hardware_interfaces
[0.755s] -- Up-to-date: /home/fourfold/dev/inmind_final_project_test/workspace/install/robot_hardware_interfaces/include/robot_hardware_interfaces/robot_hardware_interfaces/msg
[0.755s] -- Up-to-date: /home/fourfold/dev/inmind_final_project_test/workspace/install/robot_hardware_interfaces/include/robot_hardware_interfaces/robot_hardware_interfaces/msg/rosidl_generator_c__visibility_control.h
[0.755s] -- Up-to-date: /home/fourfold/dev/inmind_final_project_test/workspace/install/robot_hardware_interfaces/include/robot_hardware_interfaces/robot_hardware_interfaces/action
[0.755s] -- Up-to-date: /home/fourfold/dev/inmind_final_project_test/workspace/install/robot_hardware_interfaces/include/robot_hardware_interfaces/robot_hardware_interfaces/action/detail
[0.755s] -- Up-to-date: /home/fourfold/dev/inmind_final_project_test/workspace/install/robot_hardware_interfaces/include/robot_hardware_interfaces/robot_hardware_interfaces/action/detail/gripper_action__struct.h
[0.755s] -- Up-to-date: /home/fourfold/dev/inmind_final_project_test/workspace/install/robot_hardware_interfaces/include/robot_hardware_interfaces/robot_hardware_interfaces/action/detail/gripper_action__functions.c
[0.755s] -- Up-to-date: /home/fourfold/dev/inmind_final_project_test/workspace/install/robot_hardware_interfaces/include/robot_hardware_interfaces/robot_hardware_interfaces/action/detail/gripper_action__functions.h
[0.755s] -- Up-to-date: /home/fourfold/dev/inmind_final_project_test/workspace/install/robot_hardware_interfaces/include/robot_hardware_interfaces/robot_hardware_interfaces/action/detail/gripper_action__type_support.h
[0.755s] -- Up-to-date: /home/fourfold/dev/inmind_final_project_test/workspace/install/robot_hardware_interfaces/include/robot_hardware_interfaces/robot_hardware_interfaces/action/gripper_action.h
[0.755s] -- Up-to-date: /home/fourfold/dev/inmind_final_project_test/workspace/install/robot_hardware_interfaces/share/robot_hardware_interfaces/environment/library_path.sh
[0.755s] -- Up-to-date: /home/fourfold/dev/inmind_final_project_test/workspace/install/robot_hardware_interfaces/share/robot_hardware_interfaces/environment/library_path.dsv
[0.756s] -- Up-to-date: /home/fourfold/dev/inmind_final_project_test/workspace/install/robot_hardware_interfaces/lib/librobot_hardware_interfaces__rosidl_generator_c.so
[0.756s] -- Up-to-date: /home/fourfold/dev/inmind_final_project_test/workspace/install/robot_hardware_interfaces/include/robot_hardware_interfaces/robot_hardware_interfaces
[0.756s] -- Up-to-date: /home/fourfold/dev/inmind_final_project_test/workspace/install/robot_hardware_interfaces/include/robot_hardware_interfaces/robot_hardware_interfaces/msg
[0.756s] -- Up-to-date: /home/fourfold/dev/inmind_final_project_test/workspace/install/robot_hardware_interfaces/include/robot_hardware_interfaces/robot_hardware_interfaces/msg/rosidl_typesupport_fastrtps_c__visibility_control.h
[0.756s] -- Up-to-date: /home/fourfold/dev/inmind_final_project_test/workspace/install/robot_hardware_interfaces/include/robot_hardware_interfaces/robot_hardware_interfaces/action
[0.756s] -- Up-to-date: /home/fourfold/dev/inmind_final_project_test/workspace/install/robot_hardware_interfaces/include/robot_hardware_interfaces/robot_hardware_interfaces/action/detail
[0.756s] -- Up-to-date: /home/fourfold/dev/inmind_final_project_test/workspace/install/robot_hardware_interfaces/include/robot_hardware_interfaces/robot_hardware_interfaces/action/detail/gripper_action__rosidl_typesupport_fastrtps_c.h
[0.756s] -- Up-to-date: /home/fourfold/dev/inmind_final_project_test/workspace/install/robot_hardware_interfaces/lib/librobot_hardware_interfaces__rosidl_typesupport_fastrtps_c.so
[0.756s] -- Up-to-date: /home/fourfold/dev/inmind_final_project_test/workspace/install/robot_hardware_interfaces/include/robot_hardware_interfaces/robot_hardware_interfaces
[0.756s] -- Up-to-date: /home/fourfold/dev/inmind_final_project_test/workspace/install/robot_hardware_interfaces/include/robot_hardware_interfaces/robot_hardware_interfaces/action
[0.756s] -- Up-to-date: /home/fourfold/dev/inmind_final_project_test/workspace/install/robot_hardware_interfaces/include/robot_hardware_interfaces/robot_hardware_interfaces/action/gripper_action.hpp
[0.756s] -- Up-to-date: /home/fourfold/dev/inmind_final_project_test/workspace/install/robot_hardware_interfaces/include/robot_hardware_interfaces/robot_hardware_interfaces/action/detail
[0.756s] -- Up-to-date: /home/fourfold/dev/inmind_final_project_test/workspace/install/robot_hardware_interfaces/include/robot_hardware_interfaces/robot_hardware_interfaces/action/detail/gripper_action__traits.hpp
[0.756s] -- Up-to-date: /home/fourfold/dev/inmind_final_project_test/workspace/install/robot_hardware_interfaces/include/robot_hardware_interfaces/robot_hardware_interfaces/action/detail/gripper_action__struct.hpp
[0.756s] -- Up-to-date: /home/fourfold/dev/inmind_final_project_test/workspace/install/robot_hardware_interfaces/include/robot_hardware_interfaces/robot_hardware_interfaces/action/detail/gripper_action__builder.hpp
[0.756s] -- Up-to-date: /home/fourfold/dev/inmind_final_project_test/workspace/install/robot_hardware_interfaces/include/robot_hardware_interfaces/robot_hardware_interfaces
[0.756s] -- Up-to-date: /home/fourfold/dev/inmind_final_project_test/workspace/install/robot_hardware_interfaces/include/robot_hardware_interfaces/robot_hardware_interfaces/msg
[0.756s] -- Up-to-date: /home/fourfold/dev/inmind_final_project_test/workspace/install/robot_hardware_interfaces/include/robot_hardware_interfaces/robot_hardware_interfaces/msg/rosidl_typesupport_fastrtps_cpp__visibility_control.h
[0.756s] -- Up-to-date: /home/fourfold/dev/inmind_final_project_test/workspace/install/robot_hardware_interfaces/include/robot_hardware_interfaces/robot_hardware_interfaces/action
[0.756s] -- Up-to-date: /home/fourfold/dev/inmind_final_project_test/workspace/install/robot_hardware_interfaces/include/robot_hardware_interfaces/robot_hardware_interfaces/action/detail
[0.756s] -- Up-to-date: /home/fourfold/dev/inmind_final_project_test/workspace/install/robot_hardware_interfaces/include/robot_hardware_interfaces/robot_hardware_interfaces/action/detail/gripper_action__rosidl_typesupport_fastrtps_cpp.hpp
[0.757s] -- Up-to-date: /home/fourfold/dev/inmind_final_project_test/workspace/install/robot_hardware_interfaces/include/robot_hardware_interfaces/robot_hardware_interfaces/action/detail/dds_fastrtps
[0.757s] -- Up-to-date: /home/fourfold/dev/inmind_final_project_test/workspace/install/robot_hardware_interfaces/lib/librobot_hardware_interfaces__rosidl_typesupport_fastrtps_cpp.so
[0.757s] -- Up-to-date: /home/fourfold/dev/inmind_final_project_test/workspace/install/robot_hardware_interfaces/include/robot_hardware_interfaces/robot_hardware_interfaces
[0.757s] -- Up-to-date: /home/fourfold/dev/inmind_final_project_test/workspace/install/robot_hardware_interfaces/include/robot_hardware_interfaces/robot_hardware_interfaces/msg
[0.757s] -- Up-to-date: /home/fourfold/dev/inmind_final_project_test/workspace/install/robot_hardware_interfaces/include/robot_hardware_interfaces/robot_hardware_interfaces/msg/rosidl_typesupport_introspection_c__visibility_control.h
[0.757s] -- Up-to-date: /home/fourfold/dev/inmind_final_project_test/workspace/install/robot_hardware_interfaces/include/robot_hardware_interfaces/robot_hardware_interfaces/action
[0.757s] -- Up-to-date: /home/fourfold/dev/inmind_final_project_test/workspace/install/robot_hardware_interfaces/include/robot_hardware_interfaces/robot_hardware_interfaces/action/detail
[0.757s] -- Up-to-date: /home/fourfold/dev/inmind_final_project_test/workspace/install/robot_hardware_interfaces/include/robot_hardware_interfaces/robot_hardware_interfaces/action/detail/gripper_action__type_support.c
[0.757s] -- Up-to-date: /home/fourfold/dev/inmind_final_project_test/workspace/install/robot_hardware_interfaces/include/robot_hardware_interfaces/robot_hardware_interfaces/action/detail/gripper_action__rosidl_typesupport_introspection_c.h
[0.757s] -- Up-to-date: /home/fourfold/dev/inmind_final_project_test/workspace/install/robot_hardware_interfaces/lib/librobot_hardware_interfaces__rosidl_typesupport_introspection_c.so
[0.757s] -- Up-to-date: /home/fourfold/dev/inmind_final_project_test/workspace/install/robot_hardware_interfaces/lib/librobot_hardware_interfaces__rosidl_typesupport_c.so
[0.757s] -- Up-to-date: /home/fourfold/dev/inmind_final_project_test/workspace/install/robot_hardware_interfaces/include/robot_hardware_interfaces/robot_hardware_interfaces
[0.757s] -- Up-to-date: /home/fourfold/dev/inmind_final_project_test/workspace/install/robot_hardware_interfaces/include/robot_hardware_interfaces/robot_hardware_interfaces/action
[0.757s] -- Up-to-date: /home/fourfold/dev/inmind_final_project_test/workspace/install/robot_hardware_interfaces/include/robot_hardware_interfaces/robot_hardware_interfaces/action/detail
[0.757s] -- Up-to-date: /home/fourfold/dev/inmind_final_project_test/workspace/install/robot_hardware_interfaces/include/robot_hardware_interfaces/robot_hardware_interfaces/action/detail/gripper_action__rosidl_typesupport_introspection_cpp.hpp
[0.758s] -- Up-to-date: /home/fourfold/dev/inmind_final_project_test/workspace/install/robot_hardware_interfaces/include/robot_hardware_interfaces/robot_hardware_interfaces/action/detail/gripper_action__type_support.cpp
[0.758s] -- Up-to-date: /home/fourfold/dev/inmind_final_project_test/workspace/install/robot_hardware_interfaces/lib/librobot_hardware_interfaces__rosidl_typesupport_introspection_cpp.so
[0.758s] -- Up-to-date: /home/fourfold/dev/inmind_final_project_test/workspace/install/robot_hardware_interfaces/lib/librobot_hardware_interfaces__rosidl_typesupport_cpp.so
[0.758s] -- Up-to-date: /home/fourfold/dev/inmind_final_project_test/workspace/install/robot_hardware_interfaces/share/robot_hardware_interfaces/environment/pythonpath.sh
[0.758s] -- Up-to-date: /home/fourfold/dev/inmind_final_project_test/workspace/install/robot_hardware_interfaces/share/robot_hardware_interfaces/environment/pythonpath.dsv
[0.758s] -- Up-to-date: /home/fourfold/dev/inmind_final_project_test/workspace/install/robot_hardware_interfaces/local/lib/python3.10/dist-packages/robot_hardware_interfaces-0.0.0-py3.10.egg-info
[0.758s] -- Installing: /home/fourfold/dev/inmind_final_project_test/workspace/install/robot_hardware_interfaces/local/lib/python3.10/dist-packages/robot_hardware_interfaces-0.0.0-py3.10.egg-info/SOURCES.txt
[0.758s] -- Installing: /home/fourfold/dev/inmind_final_project_test/workspace/install/robot_hardware_interfaces/local/lib/python3.10/dist-packages/robot_hardware_interfaces-0.0.0-py3.10.egg-info/top_level.txt
[0.758s] -- Installing: /home/fourfold/dev/inmind_final_project_test/workspace/install/robot_hardware_interfaces/local/lib/python3.10/dist-packages/robot_hardware_interfaces-0.0.0-py3.10.egg-info/PKG-INFO
[0.758s] -- Installing: /home/fourfold/dev/inmind_final_project_test/workspace/install/robot_hardware_interfaces/local/lib/python3.10/dist-packages/robot_hardware_interfaces-0.0.0-py3.10.egg-info/dependency_links.txt
[0.758s] -- Up-to-date: /home/fourfold/dev/inmind_final_project_test/workspace/install/robot_hardware_interfaces/local/lib/python3.10/dist-packages/robot_hardware_interfaces
[0.758s] -- Up-to-date: /home/fourfold/dev/inmind_final_project_test/workspace/install/robot_hardware_interfaces/local/lib/python3.10/dist-packages/robot_hardware_interfaces/robot_hardware_interfaces_s__rosidl_typesupport_c.cpython-310-x86_64-linux-gnu.so
[0.758s] -- Up-to-date: /home/fourfold/dev/inmind_final_project_test/workspace/install/robot_hardware_interfaces/local/lib/python3.10/dist-packages/robot_hardware_interfaces/_robot_hardware_interfaces_s.ep.rosidl_typesupport_fastrtps_c.c
[0.758s] -- Up-to-date: /home/fourfold/dev/inmind_final_project_test/workspace/install/robot_hardware_interfaces/local/lib/python3.10/dist-packages/robot_hardware_interfaces/librobot_hardware_interfaces__rosidl_generator_py.so
[0.758s] -- Up-to-date: /home/fourfold/dev/inmind_final_project_test/workspace/install/robot_hardware_interfaces/local/lib/python3.10/dist-packages/robot_hardware_interfaces/robot_hardware_interfaces_s__rosidl_typesupport_fastrtps_c.cpython-310-x86_64-linux-gnu.so
[0.758s] -- Up-to-date: /home/fourfold/dev/inmind_final_project_test/workspace/install/robot_hardware_interfaces/local/lib/python3.10/dist-packages/robot_hardware_interfaces/action
[0.758s] -- Up-to-date: /home/fourfold/dev/inmind_final_project_test/workspace/install/robot_hardware_interfaces/local/lib/python3.10/dist-packages/robot_hardware_interfaces/action/_gripper_action_s.c
[0.758s] -- Up-to-date: /home/fourfold/dev/inmind_final_project_test/workspace/install/robot_hardware_interfaces/local/lib/python3.10/dist-packages/robot_hardware_interfaces/action/_gripper_action.py
[0.758s] -- Up-to-date: /home/fourfold/dev/inmind_final_project_test/workspace/install/robot_hardware_interfaces/local/lib/python3.10/dist-packages/robot_hardware_interfaces/action/__init__.py
[0.758s] -- Up-to-date: /home/fourfold/dev/inmind_final_project_test/workspace/install/robot_hardware_interfaces/local/lib/python3.10/dist-packages/robot_hardware_interfaces/_robot_hardware_interfaces_s.ep.rosidl_typesupport_c.c
[0.759s] -- Up-to-date: /home/fourfold/dev/inmind_final_project_test/workspace/install/robot_hardware_interfaces/local/lib/python3.10/dist-packages/robot_hardware_interfaces/_robot_hardware_interfaces_s.ep.rosidl_typesupport_introspection_c.c
[0.759s] -- Up-to-date: /home/fourfold/dev/inmind_final_project_test/workspace/install/robot_hardware_interfaces/local/lib/python3.10/dist-packages/robot_hardware_interfaces/__init__.py
[0.759s] -- Up-to-date: /home/fourfold/dev/inmind_final_project_test/workspace/install/robot_hardware_interfaces/local/lib/python3.10/dist-packages/robot_hardware_interfaces/robot_hardware_interfaces_s__rosidl_typesupport_introspection_c.cpython-310-x86_64-linux-gnu.so
[0.791s] Listing '/home/fourfold/dev/inmind_final_project_test/workspace/install/robot_hardware_interfaces/local/lib/python3.10/dist-packages/robot_hardware_interfaces'...
[0.791s] Listing '/home/fourfold/dev/inmind_final_project_test/workspace/install/robot_hardware_interfaces/local/lib/python3.10/dist-packages/robot_hardware_interfaces/action'...
[0.796s] -- Up-to-date: /home/fourfold/dev/inmind_final_project_test/workspace/install/robot_hardware_interfaces/local/lib/python3.10/dist-packages/robot_hardware_interfaces/robot_hardware_interfaces_s__rosidl_typesupport_fastrtps_c.cpython-310-x86_64-linux-gnu.so
[0.797s] -- Up-to-date: /home/fourfold/dev/inmind_final_project_test/workspace/install/robot_hardware_interfaces/local/lib/python3.10/dist-packages/robot_hardware_interfaces/robot_hardware_interfaces_s__rosidl_typesupport_introspection_c.cpython-310-x86_64-linux-gnu.so
[0.797s] -- Up-to-date: /home/fourfold/dev/inmind_final_project_test/workspace/install/robot_hardware_interfaces/local/lib/python3.10/dist-packages/robot_hardware_interfaces/robot_hardware_interfaces_s__rosidl_typesupport_c.cpython-310-x86_64-linux-gnu.so
[0.797s] -- Up-to-date: /home/fourfold/dev/inmind_final_project_test/workspace/install/robot_hardware_interfaces/lib/librobot_hardware_interfaces__rosidl_generator_py.so
[0.797s] -- Up-to-date: /home/fourfold/dev/inmind_final_project_test/workspace/install/robot_hardware_interfaces/share/robot_hardware_interfaces/action/GripperAction.idl
[0.797s] -- Up-to-date: /home/fourfold/dev/inmind_final_project_test/workspace/install/robot_hardware_interfaces/share/robot_hardware_interfaces/action/GripperAction.action
[0.798s] -- Up-to-date: /home/fourfold/dev/inmind_final_project_test/workspace/install/robot_hardware_interfaces/share/ament_index/resource_index/package_run_dependencies/robot_hardware_interfaces
[0.798s] -- Up-to-date: /home/fourfold/dev/inmind_final_project_test/workspace/install/robot_hardware_interfaces/share/ament_index/resource_index/parent_prefix_path/robot_hardware_interfaces
[0.798s] -- Up-to-date: /home/fourfold/dev/inmind_final_project_test/workspace/install/robot_hardware_interfaces/share/robot_hardware_interfaces/environment/ament_prefix_path.sh
[0.798s] -- Up-to-date: /home/fourfold/dev/inmind_final_project_test/workspace/install/robot_hardware_interfaces/share/robot_hardware_interfaces/environment/ament_prefix_path.dsv
[0.799s] -- Up-to-date: /home/fourfold/dev/inmind_final_project_test/workspace/install/robot_hardware_interfaces/share/robot_hardware_interfaces/environment/path.sh
[0.799s] -- Up-to-date: /home/fourfold/dev/inmind_final_project_test/workspace/install/robot_hardware_interfaces/share/robot_hardware_interfaces/environment/path.dsv
[0.799s] -- Up-to-date: /home/fourfold/dev/inmind_final_project_test/workspace/install/robot_hardware_interfaces/share/robot_hardware_interfaces/local_setup.bash
[0.799s] -- Up-to-date: /home/fourfold/dev/inmind_final_project_test/workspace/install/robot_hardware_interfaces/share/robot_hardware_interfaces/local_setup.sh
[0.799s] -- Up-to-date: /home/fourfold/dev/inmind_final_project_test/workspace/install/robot_hardware_interfaces/share/robot_hardware_interfaces/local_setup.zsh
[0.799s] -- Up-to-date: /home/fourfold/dev/inmind_final_project_test/workspace/install/robot_hardware_interfaces/share/robot_hardware_interfaces/local_setup.dsv
[0.799s] -- Installing: /home/fourfold/dev/inmind_final_project_test/workspace/install/robot_hardware_interfaces/share/robot_hardware_interfaces/package.dsv
[0.799s] -- Up-to-date: /home/fourfold/dev/inmind_final_project_test/workspace/install/robot_hardware_interfaces/share/ament_index/resource_index/packages/robot_hardware_interfaces
[0.799s] -- Up-to-date: /home/fourfold/dev/inmind_final_project_test/workspace/install/robot_hardware_interfaces/share/robot_hardware_interfaces/cmake/export_robot_hardware_interfaces__rosidl_generator_cExport.cmake
[0.799s] -- Up-to-date: /home/fourfold/dev/inmind_final_project_test/workspace/install/robot_hardware_interfaces/share/robot_hardware_interfaces/cmake/export_robot_hardware_interfaces__rosidl_generator_cExport-noconfig.cmake
[0.799s] -- Up-to-date: /home/fourfold/dev/inmind_final_project_test/workspace/install/robot_hardware_interfaces/share/robot_hardware_interfaces/cmake/export_robot_hardware_interfaces__rosidl_typesupport_fastrtps_cExport.cmake
[0.799s] -- Up-to-date: /home/fourfold/dev/inmind_final_project_test/workspace/install/robot_hardware_interfaces/share/robot_hardware_interfaces/cmake/export_robot_hardware_interfaces__rosidl_typesupport_fastrtps_cExport-noconfig.cmake
[0.799s] -- Up-to-date: /home/fourfold/dev/inmind_final_project_test/workspace/install/robot_hardware_interfaces/share/robot_hardware_interfaces/cmake/export_robot_hardware_interfaces__rosidl_generator_cppExport.cmake
[0.799s] -- Up-to-date: /home/fourfold/dev/inmind_final_project_test/workspace/install/robot_hardware_interfaces/share/robot_hardware_interfaces/cmake/export_robot_hardware_interfaces__rosidl_typesupport_fastrtps_cppExport.cmake
[0.799s] -- Up-to-date: /home/fourfold/dev/inmind_final_project_test/workspace/install/robot_hardware_interfaces/share/robot_hardware_interfaces/cmake/export_robot_hardware_interfaces__rosidl_typesupport_fastrtps_cppExport-noconfig.cmake
[0.800s] -- Up-to-date: /home/fourfold/dev/inmind_final_project_test/workspace/install/robot_hardware_interfaces/share/robot_hardware_interfaces/cmake/robot_hardware_interfaces__rosidl_typesupport_introspection_cExport.cmake
[0.800s] -- Up-to-date: /home/fourfold/dev/inmind_final_project_test/workspace/install/robot_hardware_interfaces/share/robot_hardware_interfaces/cmake/robot_hardware_interfaces__rosidl_typesupport_introspection_cExport-noconfig.cmake
[0.800s] -- Up-to-date: /home/fourfold/dev/inmind_final_project_test/workspace/install/robot_hardware_interfaces/share/robot_hardware_interfaces/cmake/robot_hardware_interfaces__rosidl_typesupport_cExport.cmake
[0.800s] -- Up-to-date: /home/fourfold/dev/inmind_final_project_test/workspace/install/robot_hardware_interfaces/share/robot_hardware_interfaces/cmake/robot_hardware_interfaces__rosidl_typesupport_cExport-noconfig.cmake
[0.800s] -- Up-to-date: /home/fourfold/dev/inmind_final_project_test/workspace/install/robot_hardware_interfaces/share/robot_hardware_interfaces/cmake/robot_hardware_interfaces__rosidl_typesupport_introspection_cppExport.cmake
[0.800s] -- Up-to-date: /home/fourfold/dev/inmind_final_project_test/workspace/install/robot_hardware_interfaces/share/robot_hardware_interfaces/cmake/robot_hardware_interfaces__rosidl_typesupport_introspection_cppExport-noconfig.cmake
[0.800s] -- Up-to-date: /home/fourfold/dev/inmind_final_project_test/workspace/install/robot_hardware_interfaces/share/robot_hardware_interfaces/cmake/robot_hardware_interfaces__rosidl_typesupport_cppExport.cmake
[0.801s] -- Up-to-date: /home/fourfold/dev/inmind_final_project_test/workspace/install/robot_hardware_interfaces/share/robot_hardware_interfaces/cmake/robot_hardware_interfaces__rosidl_typesupport_cppExport-noconfig.cmake
[0.801s] -- Up-to-date: /home/fourfold/dev/inmind_final_project_test/workspace/install/robot_hardware_interfaces/share/robot_hardware_interfaces/cmake/export_robot_hardware_interfaces__rosidl_generator_pyExport.cmake
[0.801s] -- Up-to-date: /home/fourfold/dev/inmind_final_project_test/workspace/install/robot_hardware_interfaces/share/robot_hardware_interfaces/cmake/export_robot_hardware_interfaces__rosidl_generator_pyExport-noconfig.cmake
[0.801s] -- Up-to-date: /home/fourfold/dev/inmind_final_project_test/workspace/install/robot_hardware_interfaces/share/robot_hardware_interfaces/cmake/rosidl_cmake-extras.cmake
[0.801s] -- Up-to-date: /home/fourfold/dev/inmind_final_project_test/workspace/install/robot_hardware_interfaces/share/robot_hardware_interfaces/cmake/ament_cmake_export_dependencies-extras.cmake
[0.801s] -- Up-to-date: /home/fourfold/dev/inmind_final_project_test/workspace/install/robot_hardware_interfaces/share/robot_hardware_interfaces/cmake/ament_cmake_export_include_directories-extras.cmake
[0.801s] -- Up-to-date: /home/fourfold/dev/inmind_final_project_test/workspace/install/robot_hardware_interfaces/share/robot_hardware_interfaces/cmake/ament_cmake_export_libraries-extras.cmake
[0.801s] -- Up-to-date: /home/fourfold/dev/inmind_final_project_test/workspace/install/robot_hardware_interfaces/share/robot_hardware_interfaces/cmake/ament_cmake_export_targets-extras.cmake
[0.802s] -- Up-to-date: /home/fourfold/dev/inmind_final_project_test/workspace/install/robot_hardware_interfaces/share/robot_hardware_interfaces/cmake/rosidl_cmake_export_typesupport_targets-extras.cmake
[0.802s] -- Up-to-date: /home/fourfold/dev/inmind_final_project_test/workspace/install/robot_hardware_interfaces/share/robot_hardware_interfaces/cmake/rosidl_cmake_export_typesupport_libraries-extras.cmake
[0.802s] -- Up-to-date: /home/fourfold/dev/inmind_final_project_test/workspace/install/robot_hardware_interfaces/share/robot_hardware_interfaces/cmake/robot_hardware_interfacesConfig.cmake
[0.802s] -- Up-to-date: /home/fourfold/dev/inmind_final_project_test/workspace/install/robot_hardware_interfaces/share/robot_hardware_interfaces/cmake/robot_hardware_interfacesConfig-version.cmake
[0.802s] -- Up-to-date: /home/fourfold/dev/inmind_final_project_test/workspace/install/robot_hardware_interfaces/share/robot_hardware_interfaces/package.xml
[0.804s] Invoked command in '/home/fourfold/dev/inmind_final_project_test/workspace/build/robot_hardware_interfaces' returned '0': CMAKE_PREFIX_PATH=${CMAKE_PREFIX_PATH}:/home/fourfold/dev/inmind_final_project_test/workspace/install/yolov8_webcam:/home/fourfold/dev/inmind_final_project_test/workspace/install/object_detector:/opt/ros/humble /usr/bin/cmake --install /home/fourfold/dev/inmind_final_project_test/workspace/build/robot_hardware_interfaces
