[0.009s] Invoking command in '/home/fourfold/dev/inmind_final_project_test/workspace/build/main': AMENT_PREFIX_PATH=/home/fourfold/dev/inmind_final_project_test/workspace/install/basic_navigation:${AMENT_PREFIX_PATH} CMAKE_PREFIX_PATH=/home/fourfold/dev/inmind_final_project_test/workspace/install/basic_navigation:/opt/ros/humble /usr/bin/cmake --build /home/fourfold/dev/inmind_final_project_test/workspace/build/main -- -j16 -l16
[0.031s] -- Found ament_cmake: 1.3.10 (/opt/ros/humble/share/ament_cmake/cmake)
[0.117s] -- Found rclcpp: 16.0.10 (/opt/ros/humble/share/rclcpp/cmake)
[0.132s] -- Found rosidl_generator_c: 3.1.5 (/opt/ros/humble/share/rosidl_generator_c/cmake)
[0.134s] -- Found rosidl_adapter: 3.1.5 (/opt/ros/humble/share/rosidl_adapter/cmake)
[0.137s] -- Found rosidl_generator_cpp: 3.1.5 (/opt/ros/humble/share/rosidl_generator_cpp/cmake)
[0.141s] -- Using all available rosidl_typesupport_c: rosidl_typesupport_fastrtps_c;rosidl_typesupport_introspection_c
[0.148s] -- Using all available rosidl_typesupport_cpp: rosidl_typesupport_fastrtps_cpp;rosidl_typesupport_introspection_cpp
[0.164s] -- Found rmw_implementation_cmake: 6.1.2 (/opt/ros/humble/share/rmw_implementation_cmake/cmake)
[0.165s] -- Found rmw_fastrtps_cpp: 6.2.7 (/opt/ros/humble/share/rmw_fastrtps_cpp/cmake)
[0.228s] -- Using RMW implementation 'rmw_fastrtps_cpp' as default
[0.259s] [31mCMake Error at CMakeLists.txt:15 (find_package):
[0.260s]   By not providing "Findbasic_navigation2.cmake" in CMAKE_MODULE_PATH this
[0.260s]   project has asked CMake to find a package configuration file provided by
[0.260s]   "basic_navigation2", but CMake did not find one.
[0.260s] 
[0.260s]   Could not find a package configuration file provided by "basic_navigation2"
[0.260s]   with any of the following names:
[0.260s] 
[0.260s]     basic_navigation2Config.cmake
[0.260s]     basic_navigation2-config.cmake
[0.260s] 
[0.260s]   Add the installation prefix of "basic_navigation2" to CMAKE_PREFIX_PATH or
[0.260s]   set "basic_navigation2_DIR" to a directory containing one of the above
[0.260s]   files.  If "basic_navigation2" provides a separate development package or
[0.260s]   SDK, be sure it has been installed.
[0.260s] 
[0.260s] [0m
[0.260s] -- Configuring incomplete, errors occurred!
[0.260s] See also "/home/fourfold/dev/inmind_final_project_test/workspace/build/main/CMakeFiles/CMakeOutput.log".
[0.263s] gmake: *** [Makefile:267: cmake_check_build_system] Error 1
[0.264s] Invoked command in '/home/fourfold/dev/inmind_final_project_test/workspace/build/main' returned '2': AMENT_PREFIX_PATH=/home/fourfold/dev/inmind_final_project_test/workspace/install/basic_navigation:${AMENT_PREFIX_PATH} CMAKE_PREFIX_PATH=/home/fourfold/dev/inmind_final_project_test/workspace/install/basic_navigation:/opt/ros/humble /usr/bin/cmake --build /home/fourfold/dev/inmind_final_project_test/workspace/build/main -- -j16 -l16
