[0.007s] Invoking command in '/home/fourfold/dev/inmind_final_project_test/workspace/build/distance_check': CMAKE_PREFIX_PATH=/home/fourfold/dev/inmind_final_project_test/workspace/install/distance_interfaces:/home/fourfold/dev/inmind_final_project_test/workspace/install/main:/home/fourfold/dev/inmind_final_project_test/workspace/install/yellow_ball_finder:/home/fourfold/dev/inmind_final_project_test/workspace/install/object_finder:/home/fourfold/dev/inmind_final_project_test/workspace/install/distance_check:/home/fourfold/dev/inmind_final_project_test/workspace/install/detection_interfaces:/home/fourfold/dev/inmind_final_project_test/workspace/install/custom_interface_yolo:/home/fourfold/dev/inmind_final_project_test/workspace/install/basic_navigation:/home/fourfold/dev/inmind_final_project_test/workspace/install/yolov8_webcam:/opt/ros/humble /usr/bin/cmake --build /home/fourfold/dev/inmind_final_project_test/workspace/build/distance_check -- -j16 -l16
[0.050s] [ 50%] [32mBuilding CXX object CMakeFiles/distance_sensor_server.dir/src/distance_sensor_server.cpp.o[0m
[1.617s] In file included from [01m[K/home/fourfold/dev/inmind_final_project_test/workspace/src/perception/distance_check/src/distance_sensor_server.cpp:1[m[K:
[1.617s] [01m[K/home/fourfold/dev/inmind_final_project_test/workspace/src/perception/distance_check/include/distance_check/distance_sensor_server.h:[m[K In member function ‘[01m[Kvoid DistanceSensorServer::get_front_distance_callback(std::shared_ptr<distance_interfaces::srv::GetFrontDistance_Request_<std::allocator<void> > >, std::shared_ptr<distance_interfaces::srv::GetFrontDistance_Response_<std::allocator<void> > >)[m[K’:
[1.617s] [01m[K/home/fourfold/dev/inmind_final_project_test/workspace/src/perception/distance_check/include/distance_check/distance_sensor_server.h:26:113:[m[K [01;35m[Kwarning: [m[Kunused parameter ‘[01m[Krequest[m[K’ [[01;35m[K]8;;https://gcc.gnu.org/onlinedocs/gcc/Warning-Options.html#index-Wunused-parameter-Wunused-parameter]8;;[m[K]
[1.617s]    26 | [01;35m[Khared_ptr<distance_interfaces::srv::GetFrontDistance::Request> request[m[K,
[1.617s]       | [01;35m[K~~~~~~~~~~~~~~~~~~~~~~~~~~~~~~~~~~~~~~~~~~~~~~~~~~~~~~~~~~~~~~~^~~~~~~[m[K
[1.617s] 
[5.584s] [100%] [32m[1mLinking CXX executable distance_sensor_server[0m
[5.873s] [100%] Built target distance_sensor_server
[5.883s] Invoked command in '/home/fourfold/dev/inmind_final_project_test/workspace/build/distance_check' returned '0': CMAKE_PREFIX_PATH=/home/fourfold/dev/inmind_final_project_test/workspace/install/distance_interfaces:/home/fourfold/dev/inmind_final_project_test/workspace/install/main:/home/fourfold/dev/inmind_final_project_test/workspace/install/yellow_ball_finder:/home/fourfold/dev/inmind_final_project_test/workspace/install/object_finder:/home/fourfold/dev/inmind_final_project_test/workspace/install/distance_check:/home/fourfold/dev/inmind_final_project_test/workspace/install/detection_interfaces:/home/fourfold/dev/inmind_final_project_test/workspace/install/custom_interface_yolo:/home/fourfold/dev/inmind_final_project_test/workspace/install/basic_navigation:/home/fourfold/dev/inmind_final_project_test/workspace/install/yolov8_webcam:/opt/ros/humble /usr/bin/cmake --build /home/fourfold/dev/inmind_final_project_test/workspace/build/distance_check -- -j16 -l16
[5.902s] Invoking command in '/home/fourfold/dev/inmind_final_project_test/workspace/build/distance_check': CMAKE_PREFIX_PATH=/home/fourfold/dev/inmind_final_project_test/workspace/install/distance_interfaces:/home/fourfold/dev/inmind_final_project_test/workspace/install/main:/home/fourfold/dev/inmind_final_project_test/workspace/install/yellow_ball_finder:/home/fourfold/dev/inmind_final_project_test/workspace/install/object_finder:/home/fourfold/dev/inmind_final_project_test/workspace/install/distance_check:/home/fourfold/dev/inmind_final_project_test/workspace/install/detection_interfaces:/home/fourfold/dev/inmind_final_project_test/workspace/install/custom_interface_yolo:/home/fourfold/dev/inmind_final_project_test/workspace/install/basic_navigation:/home/fourfold/dev/inmind_final_project_test/workspace/install/yolov8_webcam:/opt/ros/humble /usr/bin/cmake --install /home/fourfold/dev/inmind_final_project_test/workspace/build/distance_check
[5.906s] -- Install configuration: ""
[5.907s] -- Up-to-date: /home/fourfold/dev/inmind_final_project_test/workspace/install/distance_check/include/
[5.907s] -- Up-to-date: /home/fourfold/dev/inmind_final_project_test/workspace/install/distance_check/include//distance_check
[5.907s] -- Up-to-date: /home/fourfold/dev/inmind_final_project_test/workspace/install/distance_check/include//distance_check/gripper_object_at_correct_distance.h
[5.907s] -- Installing: /home/fourfold/dev/inmind_final_project_test/workspace/install/distance_check/include//distance_check/distance_sensor_server.h
[5.907s] -- Installing: /home/fourfold/dev/inmind_final_project_test/workspace/install/distance_check/lib/distance_check/distance_sensor_server
[5.909s] -- Set runtime path of "/home/fourfold/dev/inmind_final_project_test/workspace/install/distance_check/lib/distance_check/distance_sensor_server" to ""
[5.909s] -- Up-to-date: /home/fourfold/dev/inmind_final_project_test/workspace/install/distance_check/share/ament_index/resource_index/package_run_dependencies/distance_check
[5.909s] -- Up-to-date: /home/fourfold/dev/inmind_final_project_test/workspace/install/distance_check/share/ament_index/resource_index/parent_prefix_path/distance_check
[5.909s] -- Up-to-date: /home/fourfold/dev/inmind_final_project_test/workspace/install/distance_check/share/distance_check/environment/ament_prefix_path.sh
[5.909s] -- Up-to-date: /home/fourfold/dev/inmind_final_project_test/workspace/install/distance_check/share/distance_check/environment/ament_prefix_path.dsv
[5.909s] -- Up-to-date: /home/fourfold/dev/inmind_final_project_test/workspace/install/distance_check/share/distance_check/environment/path.sh
[5.909s] -- Up-to-date: /home/fourfold/dev/inmind_final_project_test/workspace/install/distance_check/share/distance_check/environment/path.dsv
[5.909s] -- Up-to-date: /home/fourfold/dev/inmind_final_project_test/workspace/install/distance_check/share/distance_check/local_setup.bash
[5.909s] -- Up-to-date: /home/fourfold/dev/inmind_final_project_test/workspace/install/distance_check/share/distance_check/local_setup.sh
[5.909s] -- Up-to-date: /home/fourfold/dev/inmind_final_project_test/workspace/install/distance_check/share/distance_check/local_setup.zsh
[5.909s] -- Up-to-date: /home/fourfold/dev/inmind_final_project_test/workspace/install/distance_check/share/distance_check/local_setup.dsv
[5.909s] -- Installing: /home/fourfold/dev/inmind_final_project_test/workspace/install/distance_check/share/distance_check/package.dsv
[5.909s] -- Up-to-date: /home/fourfold/dev/inmind_final_project_test/workspace/install/distance_check/share/ament_index/resource_index/packages/distance_check
[5.909s] -- Up-to-date: /home/fourfold/dev/inmind_final_project_test/workspace/install/distance_check/share/distance_check/cmake/ament_cmake_export_include_directories-extras.cmake
[5.909s] -- Up-to-date: /home/fourfold/dev/inmind_final_project_test/workspace/install/distance_check/share/distance_check/cmake/distance_checkConfig.cmake
[5.909s] -- Up-to-date: /home/fourfold/dev/inmind_final_project_test/workspace/install/distance_check/share/distance_check/cmake/distance_checkConfig-version.cmake
[5.909s] -- Up-to-date: /home/fourfold/dev/inmind_final_project_test/workspace/install/distance_check/share/distance_check/package.xml
[5.911s] Invoked command in '/home/fourfold/dev/inmind_final_project_test/workspace/build/distance_check' returned '0': CMAKE_PREFIX_PATH=/home/fourfold/dev/inmind_final_project_test/workspace/install/distance_interfaces:/home/fourfold/dev/inmind_final_project_test/workspace/install/main:/home/fourfold/dev/inmind_final_project_test/workspace/install/yellow_ball_finder:/home/fourfold/dev/inmind_final_project_test/workspace/install/object_finder:/home/fourfold/dev/inmind_final_project_test/workspace/install/distance_check:/home/fourfold/dev/inmind_final_project_test/workspace/install/detection_interfaces:/home/fourfold/dev/inmind_final_project_test/workspace/install/custom_interface_yolo:/home/fourfold/dev/inmind_final_project_test/workspace/install/basic_navigation:/home/fourfold/dev/inmind_final_project_test/workspace/install/yolov8_webcam:/opt/ros/humble /usr/bin/cmake --install /home/fourfold/dev/inmind_final_project_test/workspace/build/distance_check
