[0.202s] Invoking command in '/home/fourfold/dev/inmind_final_project_test/workspace/build/robot_hardware_interfaces': CMAKE_PREFIX_PATH=${CMAKE_PREFIX_PATH}:/home/fourfold/dev/inmind_final_project_test/workspace/install/yolov8_webcam:/home/fourfold/dev/inmind_final_project_test/workspace/install/object_detector:/opt/ros/humble /usr/bin/cmake /home/fourfold/dev/inmind_final_project_test/workspace/src/gripper/robot_hardware_interfaces -DCMAKE_INSTALL_PREFIX=/home/fourfold/dev/inmind_final_project_test/workspace/install/robot_hardware_interfaces
[0.274s] -- The C compiler identification is GNU 11.4.0
[0.329s] -- The CXX compiler identification is GNU 11.4.0
[0.335s] -- Detecting C compiler ABI info
[0.381s] -- Detecting C compiler ABI info - done
[0.386s] -- Check for working C compiler: /usr/bin/cc - skipped
[0.386s] -- Detecting C compile features
[0.387s] -- Detecting C compile features - done
[0.390s] -- Detecting CXX compiler ABI info
[0.448s] -- Detecting CXX compiler ABI info - done
[0.456s] -- Check for working CXX compiler: /usr/bin/c++ - skipped
[0.456s] -- Detecting CXX compile features
[0.457s] -- Detecting CXX compile features - done
[0.460s] -- Found ament_cmake: 1.3.10 (/opt/ros/humble/share/ament_cmake/cmake)
[0.579s] -- Found Python3: /usr/bin/python3 (found version "3.10.12") found components: Interpreter 
[0.645s] -- Found std_msgs: 4.2.4 (/opt/ros/humble/share/std_msgs/cmake)
[0.676s] -- Found rosidl_generator_c: 3.1.5 (/opt/ros/humble/share/rosidl_generator_c/cmake)
[0.682s] -- Found rosidl_adapter: 3.1.5 (/opt/ros/humble/share/rosidl_adapter/cmake)
[0.690s] -- Found rosidl_generator_cpp: 3.1.5 (/opt/ros/humble/share/rosidl_generator_cpp/cmake)
[0.701s] -- Using all available rosidl_typesupport_c: rosidl_typesupport_fastrtps_c;rosidl_typesupport_introspection_c
[0.713s] -- Using all available rosidl_typesupport_cpp: rosidl_typesupport_fastrtps_cpp;rosidl_typesupport_introspection_cpp
[0.732s] -- Found rclcpp_action: 16.0.10 (/opt/ros/humble/share/rclcpp_action/cmake)
[0.785s] -- Found rmw_implementation_cmake: 6.1.2 (/opt/ros/humble/share/rmw_implementation_cmake/cmake)
[0.787s] -- Found rmw_fastrtps_cpp: 6.2.7 (/opt/ros/humble/share/rmw_fastrtps_cpp/cmake)
[0.861s] -- Found OpenSSL: /usr/lib/x86_64-linux-gnu/libcrypto.so (found version "3.0.2")  
[0.880s] -- Found FastRTPS: /opt/ros/humble/include  
[0.904s] -- Using RMW implementation 'rmw_fastrtps_cpp' as default
[0.911s] -- Looking for pthread.h
[0.963s] -- Looking for pthread.h - found
[0.963s] -- Performing Test CMAKE_HAVE_LIBC_PTHREAD
[1.026s] -- Performing Test CMAKE_HAVE_LIBC_PTHREAD - Success
[1.027s] -- Found Threads: TRUE  
[1.057s] -- Found rosidl_default_generators: 1.2.0 (/opt/ros/humble/share/rosidl_default_generators/cmake)
[1.217s] -- Found ament_cmake_ros: 0.10.0 (/opt/ros/humble/share/ament_cmake_ros/cmake)
[1.412s] -- Using all available rosidl_typesupport_c: rosidl_typesupport_fastrtps_c;rosidl_typesupport_introspection_c
[1.489s] -- Using all available rosidl_typesupport_cpp: rosidl_typesupport_fastrtps_cpp;rosidl_typesupport_introspection_cpp
[1.504s] -- Found PythonInterp: /usr/bin/python3 (found suitable version "3.10.12", minimum required is "3.6") 
[1.506s] -- Found python_cmake_module: 0.10.0 (/opt/ros/humble/share/python_cmake_module/cmake)
[1.526s] -- Found PythonLibs: /usr/lib/x86_64-linux-gnu/libpython3.10.so (found suitable version "3.10.12", minimum required is "3.5") 
[1.526s] -- Using PYTHON_EXECUTABLE: /usr/bin/python3
[1.526s] -- Using PYTHON_INCLUDE_DIRS: /usr/include/python3.10
[1.526s] -- Using PYTHON_LIBRARIES: /usr/lib/x86_64-linux-gnu/libpython3.10.so
[1.542s] -- Found PythonExtra: .so  
[1.572s] -- Found ament_lint_auto: 0.12.11 (/opt/ros/humble/share/ament_lint_auto/cmake)
[1.588s] -- Added test 'copyright' to check source files copyright and LICENSE
[1.589s] -- Added test 'lint_cmake' to check CMake code style
[1.590s] -- Added test 'xmllint' to check XML markup files
[1.591s] -- Configuring done
[1.606s] -- Generating done
[1.608s] -- Build files have been written to: /home/fourfold/dev/inmind_final_project_test/workspace/build/robot_hardware_interfaces
[1.614s] Invoked command in '/home/fourfold/dev/inmind_final_project_test/workspace/build/robot_hardware_interfaces' returned '0': CMAKE_PREFIX_PATH=${CMAKE_PREFIX_PATH}:/home/fourfold/dev/inmind_final_project_test/workspace/install/yolov8_webcam:/home/fourfold/dev/inmind_final_project_test/workspace/install/object_detector:/opt/ros/humble /usr/bin/cmake /home/fourfold/dev/inmind_final_project_test/workspace/src/gripper/robot_hardware_interfaces -DCMAKE_INSTALL_PREFIX=/home/fourfold/dev/inmind_final_project_test/workspace/install/robot_hardware_interfaces
[1.615s] Invoking command in '/home/fourfold/dev/inmind_final_project_test/workspace/build/robot_hardware_interfaces': CMAKE_PREFIX_PATH=${CMAKE_PREFIX_PATH}:/home/fourfold/dev/inmind_final_project_test/workspace/install/yolov8_webcam:/home/fourfold/dev/inmind_final_project_test/workspace/install/object_detector:/opt/ros/humble /usr/bin/cmake --build /home/fourfold/dev/inmind_final_project_test/workspace/build/robot_hardware_interfaces -- -j16 -l16
[1.641s] [  3%] [34m[1mGenerating C code for ROS interfaces[0m
[1.649s] [  6%] [34m[1mGenerating C++ code for ROS interfaces[0m
[1.652s] [  6%] Built target ament_cmake_python_copy_robot_hardware_interfaces
[1.789s] running egg_info
[1.789s] creating robot_hardware_interfaces.egg-info
[1.789s] writing robot_hardware_interfaces.egg-info/PKG-INFO
[1.789s] writing dependency_links to robot_hardware_interfaces.egg-info/dependency_links.txt
[1.789s] writing top-level names to robot_hardware_interfaces.egg-info/top_level.txt
[1.789s] writing manifest file 'robot_hardware_interfaces.egg-info/SOURCES.txt'
[1.790s] reading manifest file 'robot_hardware_interfaces.egg-info/SOURCES.txt'
[1.791s] writing manifest file 'robot_hardware_interfaces.egg-info/SOURCES.txt'
[1.807s] [  6%] Built target ament_cmake_python_build_robot_hardware_interfaces_egg
[1.877s] [  9%] [32mBuilding C object CMakeFiles/robot_hardware_interfaces__rosidl_generator_c.dir/rosidl_generator_c/robot_hardware_interfaces/action/detail/gripper_action__functions.c.o[0m
[1.877s] [  9%] Built target robot_hardware_interfaces__cpp
[1.883s] [ 12%] [34m[1mGenerating C++ introspection for ROS interfaces[0m
[1.883s] [ 16%] [34m[1mGenerating C++ type support dispatch for ROS interfaces[0m
[1.884s] [ 19%] [34m[1mGenerating C++ type support for eProsima Fast-RTPS[0m
[1.960s] [ 22%] [32m[1mLinking C shared library librobot_hardware_interfaces__rosidl_generator_c.so[0m
[1.989s] [ 22%] Built target robot_hardware_interfaces__rosidl_generator_c
[1.996s] [ 25%] [34m[1mGenerating C introspection for ROS interfaces[0m
[1.996s] [ 29%] [34m[1mGenerating C type support dispatch for ROS interfaces[0m
[1.997s] [ 32%] [34m[1mGenerating C type support for eProsima Fast-RTPS[0m
[2.052s] [ 35%] [32mBuilding CXX object CMakeFiles/robot_hardware_interfaces__rosidl_typesupport_cpp.dir/rosidl_typesupport_cpp/robot_hardware_interfaces/action/gripper_action__type_support.cpp.o[0m
[2.082s] [ 38%] [32mBuilding CXX object CMakeFiles/robot_hardware_interfaces__rosidl_typesupport_introspection_cpp.dir/rosidl_typesupport_introspection_cpp/robot_hardware_interfaces/action/detail/gripper_action__type_support.cpp.o[0m
[2.115s] [ 41%] [32mBuilding CXX object CMakeFiles/robot_hardware_interfaces__rosidl_typesupport_fastrtps_cpp.dir/rosidl_typesupport_fastrtps_cpp/robot_hardware_interfaces/action/detail/dds_fastrtps/gripper_action__type_support.cpp.o[0m
[2.179s] [ 45%] [32mBuilding CXX object CMakeFiles/robot_hardware_interfaces__rosidl_typesupport_c.dir/rosidl_typesupport_c/robot_hardware_interfaces/action/gripper_action__type_support.cpp.o[0m
[2.213s] [ 48%] [32m[1mLinking CXX shared library librobot_hardware_interfaces__rosidl_typesupport_c.so[0m
[2.224s] [ 51%] [32mBuilding C object CMakeFiles/robot_hardware_interfaces__rosidl_typesupport_introspection_c.dir/rosidl_typesupport_introspection_c/robot_hardware_interfaces/action/detail/gripper_action__type_support.c.o[0m
[2.227s] [ 54%] [32mBuilding CXX object CMakeFiles/robot_hardware_interfaces__rosidl_typesupport_fastrtps_c.dir/rosidl_typesupport_fastrtps_c/robot_hardware_interfaces/action/detail/gripper_action__type_support_c.cpp.o[0m
[2.239s] [ 54%] Built target robot_hardware_interfaces__rosidl_typesupport_c
[2.257s] [ 58%] [32m[1mLinking C shared library librobot_hardware_interfaces__rosidl_typesupport_introspection_c.so[0m
[2.281s] [ 58%] Built target robot_hardware_interfaces__rosidl_typesupport_introspection_c
[2.350s] [ 61%] [32m[1mLinking CXX shared library librobot_hardware_interfaces__rosidl_typesupport_cpp.so[0m
[2.385s] [ 61%] Built target robot_hardware_interfaces__rosidl_typesupport_cpp
[2.422s] [ 64%] [32m[1mLinking CXX shared library librobot_hardware_interfaces__rosidl_typesupport_introspection_cpp.so[0m
[2.441s] [ 67%] [32m[1mLinking CXX shared library librobot_hardware_interfaces__rosidl_typesupport_fastrtps_c.so[0m
[2.453s] [ 70%] [32m[1mLinking CXX shared library librobot_hardware_interfaces__rosidl_typesupport_fastrtps_cpp.so[0m
[2.470s] [ 70%] Built target robot_hardware_interfaces__rosidl_typesupport_introspection_cpp
[2.489s] [ 70%] Built target robot_hardware_interfaces__rosidl_typesupport_fastrtps_c
[2.501s] [ 70%] Built target robot_hardware_interfaces__rosidl_typesupport_fastrtps_cpp
[2.515s] [ 70%] Built target robot_hardware_interfaces
[2.529s] [ 74%] [34m[1mGenerating Python code for ROS interfaces[0m
[2.906s] [ 74%] Built target robot_hardware_interfaces__py
[2.921s] [ 77%] [32mBuilding C object CMakeFiles/robot_hardware_interfaces__rosidl_generator_py.dir/rosidl_generator_py/robot_hardware_interfaces/action/_gripper_action_s.c.o[0m
[3.019s] [ 80%] [32m[1mLinking C shared library rosidl_generator_py/robot_hardware_interfaces/librobot_hardware_interfaces__rosidl_generator_py.so[0m
[3.046s] [ 80%] Built target robot_hardware_interfaces__rosidl_generator_py
[3.059s] [ 83%] [32mBuilding C object CMakeFiles/robot_hardware_interfaces__rosidl_typesupport_fastrtps_c__pyext.dir/rosidl_generator_py/robot_hardware_interfaces/_robot_hardware_interfaces_s.ep.rosidl_typesupport_fastrtps_c.c.o[0m
[3.059s] [ 90%] [32mBuilding C object CMakeFiles/robot_hardware_interfaces__rosidl_typesupport_introspection_c__pyext.dir/rosidl_generator_py/robot_hardware_interfaces/_robot_hardware_interfaces_s.ep.rosidl_typesupport_introspection_c.c.o[0m
[3.060s] [ 90%] [32mBuilding C object CMakeFiles/robot_hardware_interfaces__rosidl_typesupport_c__pyext.dir/rosidl_generator_py/robot_hardware_interfaces/_robot_hardware_interfaces_s.ep.rosidl_typesupport_c.c.o[0m
[3.127s] [ 93%] [32m[1mLinking C shared library rosidl_generator_py/robot_hardware_interfaces/robot_hardware_interfaces_s__rosidl_typesupport_introspection_c.cpython-310-x86_64-linux-gnu.so[0m
[3.128s] [ 96%] [32m[1mLinking C shared library rosidl_generator_py/robot_hardware_interfaces/robot_hardware_interfaces_s__rosidl_typesupport_fastrtps_c.cpython-310-x86_64-linux-gnu.so[0m
[3.128s] [100%] [32m[1mLinking C shared library rosidl_generator_py/robot_hardware_interfaces/robot_hardware_interfaces_s__rosidl_typesupport_c.cpython-310-x86_64-linux-gnu.so[0m
[3.153s] [100%] Built target robot_hardware_interfaces__rosidl_typesupport_introspection_c__pyext
[3.153s] [100%] Built target robot_hardware_interfaces__rosidl_typesupport_fastrtps_c__pyext
[3.153s] [100%] Built target robot_hardware_interfaces__rosidl_typesupport_c__pyext
[3.160s] Invoked command in '/home/fourfold/dev/inmind_final_project_test/workspace/build/robot_hardware_interfaces' returned '0': CMAKE_PREFIX_PATH=${CMAKE_PREFIX_PATH}:/home/fourfold/dev/inmind_final_project_test/workspace/install/yolov8_webcam:/home/fourfold/dev/inmind_final_project_test/workspace/install/object_detector:/opt/ros/humble /usr/bin/cmake --build /home/fourfold/dev/inmind_final_project_test/workspace/build/robot_hardware_interfaces -- -j16 -l16
[3.203s] Invoking command in '/home/fourfold/dev/inmind_final_project_test/workspace/build/robot_hardware_interfaces': CMAKE_PREFIX_PATH=${CMAKE_PREFIX_PATH}:/home/fourfold/dev/inmind_final_project_test/workspace/install/yolov8_webcam:/home/fourfold/dev/inmind_final_project_test/workspace/install/object_detector:/opt/ros/humble /usr/bin/cmake --install /home/fourfold/dev/inmind_final_project_test/workspace/build/robot_hardware_interfaces
[3.209s] -- Install configuration: ""
[3.209s] -- Installing: /home/fourfold/dev/inmind_final_project_test/workspace/install/robot_hardware_interfaces/share/ament_index/resource_index/rosidl_interfaces/robot_hardware_interfaces
[3.209s] -- Installing: /home/fourfold/dev/inmind_final_project_test/workspace/install/robot_hardware_interfaces/include/robot_hardware_interfaces/robot_hardware_interfaces
[3.209s] -- Installing: /home/fourfold/dev/inmind_final_project_test/workspace/install/robot_hardware_interfaces/include/robot_hardware_interfaces/robot_hardware_interfaces/msg
[3.209s] -- Installing: /home/fourfold/dev/inmind_final_project_test/workspace/install/robot_hardware_interfaces/include/robot_hardware_interfaces/robot_hardware_interfaces/msg/rosidl_generator_c__visibility_control.h
[3.209s] -- Installing: /home/fourfold/dev/inmind_final_project_test/workspace/install/robot_hardware_interfaces/include/robot_hardware_interfaces/robot_hardware_interfaces/action
[3.209s] -- Installing: /home/fourfold/dev/inmind_final_project_test/workspace/install/robot_hardware_interfaces/include/robot_hardware_interfaces/robot_hardware_interfaces/action/detail
[3.209s] -- Installing: /home/fourfold/dev/inmind_final_project_test/workspace/install/robot_hardware_interfaces/include/robot_hardware_interfaces/robot_hardware_interfaces/action/detail/gripper_action__struct.h
[3.209s] -- Installing: /home/fourfold/dev/inmind_final_project_test/workspace/install/robot_hardware_interfaces/include/robot_hardware_interfaces/robot_hardware_interfaces/action/detail/gripper_action__functions.c
[3.209s] -- Installing: /home/fourfold/dev/inmind_final_project_test/workspace/install/robot_hardware_interfaces/include/robot_hardware_interfaces/robot_hardware_interfaces/action/detail/gripper_action__functions.h
[3.209s] -- Installing: /home/fourfold/dev/inmind_final_project_test/workspace/install/robot_hardware_interfaces/include/robot_hardware_interfaces/robot_hardware_interfaces/action/detail/gripper_action__type_support.h
[3.210s] -- Installing: /home/fourfold/dev/inmind_final_project_test/workspace/install/robot_hardware_interfaces/include/robot_hardware_interfaces/robot_hardware_interfaces/action/gripper_action.h
[3.210s] -- Installing: /home/fourfold/dev/inmind_final_project_test/workspace/install/robot_hardware_interfaces/share/robot_hardware_interfaces/environment/library_path.sh
[3.210s] -- Installing: /home/fourfold/dev/inmind_final_project_test/workspace/install/robot_hardware_interfaces/share/robot_hardware_interfaces/environment/library_path.dsv
[3.210s] -- Installing: /home/fourfold/dev/inmind_final_project_test/workspace/install/robot_hardware_interfaces/lib/librobot_hardware_interfaces__rosidl_generator_c.so
[3.210s] -- Set runtime path of "/home/fourfold/dev/inmind_final_project_test/workspace/install/robot_hardware_interfaces/lib/librobot_hardware_interfaces__rosidl_generator_c.so" to ""
[3.210s] -- Up-to-date: /home/fourfold/dev/inmind_final_project_test/workspace/install/robot_hardware_interfaces/include/robot_hardware_interfaces/robot_hardware_interfaces
[3.210s] -- Up-to-date: /home/fourfold/dev/inmind_final_project_test/workspace/install/robot_hardware_interfaces/include/robot_hardware_interfaces/robot_hardware_interfaces/msg
[3.210s] -- Installing: /home/fourfold/dev/inmind_final_project_test/workspace/install/robot_hardware_interfaces/include/robot_hardware_interfaces/robot_hardware_interfaces/msg/rosidl_typesupport_fastrtps_c__visibility_control.h
[3.210s] -- Up-to-date: /home/fourfold/dev/inmind_final_project_test/workspace/install/robot_hardware_interfaces/include/robot_hardware_interfaces/robot_hardware_interfaces/action
[3.210s] -- Up-to-date: /home/fourfold/dev/inmind_final_project_test/workspace/install/robot_hardware_interfaces/include/robot_hardware_interfaces/robot_hardware_interfaces/action/detail
[3.210s] -- Installing: /home/fourfold/dev/inmind_final_project_test/workspace/install/robot_hardware_interfaces/include/robot_hardware_interfaces/robot_hardware_interfaces/action/detail/gripper_action__rosidl_typesupport_fastrtps_c.h
[3.210s] -- Installing: /home/fourfold/dev/inmind_final_project_test/workspace/install/robot_hardware_interfaces/lib/librobot_hardware_interfaces__rosidl_typesupport_fastrtps_c.so
[3.210s] -- Set runtime path of "/home/fourfold/dev/inmind_final_project_test/workspace/install/robot_hardware_interfaces/lib/librobot_hardware_interfaces__rosidl_typesupport_fastrtps_c.so" to ""
[3.210s] -- Up-to-date: /home/fourfold/dev/inmind_final_project_test/workspace/install/robot_hardware_interfaces/include/robot_hardware_interfaces/robot_hardware_interfaces
[3.210s] -- Up-to-date: /home/fourfold/dev/inmind_final_project_test/workspace/install/robot_hardware_interfaces/include/robot_hardware_interfaces/robot_hardware_interfaces/action
[3.210s] -- Installing: /home/fourfold/dev/inmind_final_project_test/workspace/install/robot_hardware_interfaces/include/robot_hardware_interfaces/robot_hardware_interfaces/action/gripper_action.hpp
[3.210s] -- Up-to-date: /home/fourfold/dev/inmind_final_project_test/workspace/install/robot_hardware_interfaces/include/robot_hardware_interfaces/robot_hardware_interfaces/action/detail
[3.210s] -- Installing: /home/fourfold/dev/inmind_final_project_test/workspace/install/robot_hardware_interfaces/include/robot_hardware_interfaces/robot_hardware_interfaces/action/detail/gripper_action__traits.hpp
[3.210s] -- Installing: /home/fourfold/dev/inmind_final_project_test/workspace/install/robot_hardware_interfaces/include/robot_hardware_interfaces/robot_hardware_interfaces/action/detail/gripper_action__struct.hpp
[3.210s] -- Installing: /home/fourfold/dev/inmind_final_project_test/workspace/install/robot_hardware_interfaces/include/robot_hardware_interfaces/robot_hardware_interfaces/action/detail/gripper_action__builder.hpp
[3.210s] -- Up-to-date: /home/fourfold/dev/inmind_final_project_test/workspace/install/robot_hardware_interfaces/include/robot_hardware_interfaces/robot_hardware_interfaces
[3.210s] -- Up-to-date: /home/fourfold/dev/inmind_final_project_test/workspace/install/robot_hardware_interfaces/include/robot_hardware_interfaces/robot_hardware_interfaces/msg
[3.210s] -- Installing: /home/fourfold/dev/inmind_final_project_test/workspace/install/robot_hardware_interfaces/include/robot_hardware_interfaces/robot_hardware_interfaces/msg/rosidl_typesupport_fastrtps_cpp__visibility_control.h
[3.210s] -- Up-to-date: /home/fourfold/dev/inmind_final_project_test/workspace/install/robot_hardware_interfaces/include/robot_hardware_interfaces/robot_hardware_interfaces/action
[3.210s] -- Up-to-date: /home/fourfold/dev/inmind_final_project_test/workspace/install/robot_hardware_interfaces/include/robot_hardware_interfaces/robot_hardware_interfaces/action/detail
[3.210s] -- Installing: /home/fourfold/dev/inmind_final_project_test/workspace/install/robot_hardware_interfaces/include/robot_hardware_interfaces/robot_hardware_interfaces/action/detail/gripper_action__rosidl_typesupport_fastrtps_cpp.hpp
[3.210s] -- Installing: /home/fourfold/dev/inmind_final_project_test/workspace/install/robot_hardware_interfaces/include/robot_hardware_interfaces/robot_hardware_interfaces/action/detail/dds_fastrtps
[3.210s] -- Installing: /home/fourfold/dev/inmind_final_project_test/workspace/install/robot_hardware_interfaces/lib/librobot_hardware_interfaces__rosidl_typesupport_fastrtps_cpp.so
[3.211s] -- Set runtime path of "/home/fourfold/dev/inmind_final_project_test/workspace/install/robot_hardware_interfaces/lib/librobot_hardware_interfaces__rosidl_typesupport_fastrtps_cpp.so" to ""
[3.211s] -- Up-to-date: /home/fourfold/dev/inmind_final_project_test/workspace/install/robot_hardware_interfaces/include/robot_hardware_interfaces/robot_hardware_interfaces
[3.211s] -- Up-to-date: /home/fourfold/dev/inmind_final_project_test/workspace/install/robot_hardware_interfaces/include/robot_hardware_interfaces/robot_hardware_interfaces/msg
[3.211s] -- Installing: /home/fourfold/dev/inmind_final_project_test/workspace/install/robot_hardware_interfaces/include/robot_hardware_interfaces/robot_hardware_interfaces/msg/rosidl_typesupport_introspection_c__visibility_control.h
[3.211s] -- Up-to-date: /home/fourfold/dev/inmind_final_project_test/workspace/install/robot_hardware_interfaces/include/robot_hardware_interfaces/robot_hardware_interfaces/action
[3.211s] -- Up-to-date: /home/fourfold/dev/inmind_final_project_test/workspace/install/robot_hardware_interfaces/include/robot_hardware_interfaces/robot_hardware_interfaces/action/detail
[3.211s] -- Installing: /home/fourfold/dev/inmind_final_project_test/workspace/install/robot_hardware_interfaces/include/robot_hardware_interfaces/robot_hardware_interfaces/action/detail/gripper_action__type_support.c
[3.211s] -- Installing: /home/fourfold/dev/inmind_final_project_test/workspace/install/robot_hardware_interfaces/include/robot_hardware_interfaces/robot_hardware_interfaces/action/detail/gripper_action__rosidl_typesupport_introspection_c.h
[3.211s] -- Installing: /home/fourfold/dev/inmind_final_project_test/workspace/install/robot_hardware_interfaces/lib/librobot_hardware_interfaces__rosidl_typesupport_introspection_c.so
[3.211s] -- Set runtime path of "/home/fourfold/dev/inmind_final_project_test/workspace/install/robot_hardware_interfaces/lib/librobot_hardware_interfaces__rosidl_typesupport_introspection_c.so" to ""
[3.211s] -- Installing: /home/fourfold/dev/inmind_final_project_test/workspace/install/robot_hardware_interfaces/lib/librobot_hardware_interfaces__rosidl_typesupport_c.so
[3.211s] -- Set runtime path of "/home/fourfold/dev/inmind_final_project_test/workspace/install/robot_hardware_interfaces/lib/librobot_hardware_interfaces__rosidl_typesupport_c.so" to ""
[3.211s] -- Up-to-date: /home/fourfold/dev/inmind_final_project_test/workspace/install/robot_hardware_interfaces/include/robot_hardware_interfaces/robot_hardware_interfaces
[3.211s] -- Up-to-date: /home/fourfold/dev/inmind_final_project_test/workspace/install/robot_hardware_interfaces/include/robot_hardware_interfaces/robot_hardware_interfaces/action
[3.211s] -- Up-to-date: /home/fourfold/dev/inmind_final_project_test/workspace/install/robot_hardware_interfaces/include/robot_hardware_interfaces/robot_hardware_interfaces/action/detail
[3.211s] -- Installing: /home/fourfold/dev/inmind_final_project_test/workspace/install/robot_hardware_interfaces/include/robot_hardware_interfaces/robot_hardware_interfaces/action/detail/gripper_action__rosidl_typesupport_introspection_cpp.hpp
[3.211s] -- Installing: /home/fourfold/dev/inmind_final_project_test/workspace/install/robot_hardware_interfaces/include/robot_hardware_interfaces/robot_hardware_interfaces/action/detail/gripper_action__type_support.cpp
[3.211s] -- Installing: /home/fourfold/dev/inmind_final_project_test/workspace/install/robot_hardware_interfaces/lib/librobot_hardware_interfaces__rosidl_typesupport_introspection_cpp.so
[3.211s] -- Set runtime path of "/home/fourfold/dev/inmind_final_project_test/workspace/install/robot_hardware_interfaces/lib/librobot_hardware_interfaces__rosidl_typesupport_introspection_cpp.so" to ""
[3.211s] -- Installing: /home/fourfold/dev/inmind_final_project_test/workspace/install/robot_hardware_interfaces/lib/librobot_hardware_interfaces__rosidl_typesupport_cpp.so
[3.211s] -- Set runtime path of "/home/fourfold/dev/inmind_final_project_test/workspace/install/robot_hardware_interfaces/lib/librobot_hardware_interfaces__rosidl_typesupport_cpp.so" to ""
[3.211s] -- Installing: /home/fourfold/dev/inmind_final_project_test/workspace/install/robot_hardware_interfaces/share/robot_hardware_interfaces/environment/pythonpath.sh
[3.211s] -- Installing: /home/fourfold/dev/inmind_final_project_test/workspace/install/robot_hardware_interfaces/share/robot_hardware_interfaces/environment/pythonpath.dsv
[3.211s] -- Installing: /home/fourfold/dev/inmind_final_project_test/workspace/install/robot_hardware_interfaces/local/lib/python3.10/dist-packages/robot_hardware_interfaces-0.0.0-py3.10.egg-info
[3.211s] -- Installing: /home/fourfold/dev/inmind_final_project_test/workspace/install/robot_hardware_interfaces/local/lib/python3.10/dist-packages/robot_hardware_interfaces-0.0.0-py3.10.egg-info/SOURCES.txt
[3.212s] -- Installing: /home/fourfold/dev/inmind_final_project_test/workspace/install/robot_hardware_interfaces/local/lib/python3.10/dist-packages/robot_hardware_interfaces-0.0.0-py3.10.egg-info/top_level.txt
[3.212s] -- Installing: /home/fourfold/dev/inmind_final_project_test/workspace/install/robot_hardware_interfaces/local/lib/python3.10/dist-packages/robot_hardware_interfaces-0.0.0-py3.10.egg-info/PKG-INFO
[3.212s] -- Installing: /home/fourfold/dev/inmind_final_project_test/workspace/install/robot_hardware_interfaces/local/lib/python3.10/dist-packages/robot_hardware_interfaces-0.0.0-py3.10.egg-info/dependency_links.txt
[3.212s] -- Installing: /home/fourfold/dev/inmind_final_project_test/workspace/install/robot_hardware_interfaces/local/lib/python3.10/dist-packages/robot_hardware_interfaces
[3.212s] -- Installing: /home/fourfold/dev/inmind_final_project_test/workspace/install/robot_hardware_interfaces/local/lib/python3.10/dist-packages/robot_hardware_interfaces/robot_hardware_interfaces_s__rosidl_typesupport_c.cpython-310-x86_64-linux-gnu.so
[3.212s] -- Installing: /home/fourfold/dev/inmind_final_project_test/workspace/install/robot_hardware_interfaces/local/lib/python3.10/dist-packages/robot_hardware_interfaces/_robot_hardware_interfaces_s.ep.rosidl_typesupport_fastrtps_c.c
[3.212s] -- Installing: /home/fourfold/dev/inmind_final_project_test/workspace/install/robot_hardware_interfaces/local/lib/python3.10/dist-packages/robot_hardware_interfaces/librobot_hardware_interfaces__rosidl_generator_py.so
[3.212s] -- Installing: /home/fourfold/dev/inmind_final_project_test/workspace/install/robot_hardware_interfaces/local/lib/python3.10/dist-packages/robot_hardware_interfaces/robot_hardware_interfaces_s__rosidl_typesupport_fastrtps_c.cpython-310-x86_64-linux-gnu.so
[3.212s] -- Installing: /home/fourfold/dev/inmind_final_project_test/workspace/install/robot_hardware_interfaces/local/lib/python3.10/dist-packages/robot_hardware_interfaces/action
[3.212s] -- Installing: /home/fourfold/dev/inmind_final_project_test/workspace/install/robot_hardware_interfaces/local/lib/python3.10/dist-packages/robot_hardware_interfaces/action/_gripper_action_s.c
[3.212s] -- Installing: /home/fourfold/dev/inmind_final_project_test/workspace/install/robot_hardware_interfaces/local/lib/python3.10/dist-packages/robot_hardware_interfaces/action/_gripper_action.py
[3.212s] -- Installing: /home/fourfold/dev/inmind_final_project_test/workspace/install/robot_hardware_interfaces/local/lib/python3.10/dist-packages/robot_hardware_interfaces/action/__init__.py
[3.212s] -- Installing: /home/fourfold/dev/inmind_final_project_test/workspace/install/robot_hardware_interfaces/local/lib/python3.10/dist-packages/robot_hardware_interfaces/_robot_hardware_interfaces_s.ep.rosidl_typesupport_c.c
[3.212s] -- Installing: /home/fourfold/dev/inmind_final_project_test/workspace/install/robot_hardware_interfaces/local/lib/python3.10/dist-packages/robot_hardware_interfaces/_robot_hardware_interfaces_s.ep.rosidl_typesupport_introspection_c.c
[3.212s] -- Installing: /home/fourfold/dev/inmind_final_project_test/workspace/install/robot_hardware_interfaces/local/lib/python3.10/dist-packages/robot_hardware_interfaces/__init__.py
[3.212s] -- Installing: /home/fourfold/dev/inmind_final_project_test/workspace/install/robot_hardware_interfaces/local/lib/python3.10/dist-packages/robot_hardware_interfaces/robot_hardware_interfaces_s__rosidl_typesupport_introspection_c.cpython-310-x86_64-linux-gnu.so
[3.237s] Listing '/home/fourfold/dev/inmind_final_project_test/workspace/install/robot_hardware_interfaces/local/lib/python3.10/dist-packages/robot_hardware_interfaces'...
[3.237s] Compiling '/home/fourfold/dev/inmind_final_project_test/workspace/install/robot_hardware_interfaces/local/lib/python3.10/dist-packages/robot_hardware_interfaces/__init__.py'...
[3.237s] Listing '/home/fourfold/dev/inmind_final_project_test/workspace/install/robot_hardware_interfaces/local/lib/python3.10/dist-packages/robot_hardware_interfaces/action'...
[3.237s] Compiling '/home/fourfold/dev/inmind_final_project_test/workspace/install/robot_hardware_interfaces/local/lib/python3.10/dist-packages/robot_hardware_interfaces/action/__init__.py'...
[3.237s] Compiling '/home/fourfold/dev/inmind_final_project_test/workspace/install/robot_hardware_interfaces/local/lib/python3.10/dist-packages/robot_hardware_interfaces/action/_gripper_action.py'...
[3.240s] -- Installing: /home/fourfold/dev/inmind_final_project_test/workspace/install/robot_hardware_interfaces/local/lib/python3.10/dist-packages/robot_hardware_interfaces/robot_hardware_interfaces_s__rosidl_typesupport_fastrtps_c.cpython-310-x86_64-linux-gnu.so
[3.240s] -- Set runtime path of "/home/fourfold/dev/inmind_final_project_test/workspace/install/robot_hardware_interfaces/local/lib/python3.10/dist-packages/robot_hardware_interfaces/robot_hardware_interfaces_s__rosidl_typesupport_fastrtps_c.cpython-310-x86_64-linux-gnu.so" to ""
[3.240s] -- Installing: /home/fourfold/dev/inmind_final_project_test/workspace/install/robot_hardware_interfaces/local/lib/python3.10/dist-packages/robot_hardware_interfaces/robot_hardware_interfaces_s__rosidl_typesupport_introspection_c.cpython-310-x86_64-linux-gnu.so
[3.240s] -- Set runtime path of "/home/fourfold/dev/inmind_final_project_test/workspace/install/robot_hardware_interfaces/local/lib/python3.10/dist-packages/robot_hardware_interfaces/robot_hardware_interfaces_s__rosidl_typesupport_introspection_c.cpython-310-x86_64-linux-gnu.so" to ""
[3.240s] -- Installing: /home/fourfold/dev/inmind_final_project_test/workspace/install/robot_hardware_interfaces/local/lib/python3.10/dist-packages/robot_hardware_interfaces/robot_hardware_interfaces_s__rosidl_typesupport_c.cpython-310-x86_64-linux-gnu.so
[3.240s] -- Set runtime path of "/home/fourfold/dev/inmind_final_project_test/workspace/install/robot_hardware_interfaces/local/lib/python3.10/dist-packages/robot_hardware_interfaces/robot_hardware_interfaces_s__rosidl_typesupport_c.cpython-310-x86_64-linux-gnu.so" to ""
[3.240s] -- Installing: /home/fourfold/dev/inmind_final_project_test/workspace/install/robot_hardware_interfaces/lib/librobot_hardware_interfaces__rosidl_generator_py.so
[3.240s] -- Set runtime path of "/home/fourfold/dev/inmind_final_project_test/workspace/install/robot_hardware_interfaces/lib/librobot_hardware_interfaces__rosidl_generator_py.so" to ""
[3.240s] -- Installing: /home/fourfold/dev/inmind_final_project_test/workspace/install/robot_hardware_interfaces/share/robot_hardware_interfaces/action/GripperAction.idl
[3.240s] -- Installing: /home/fourfold/dev/inmind_final_project_test/workspace/install/robot_hardware_interfaces/share/robot_hardware_interfaces/action/GripperAction.action
[3.240s] -- Installing: /home/fourfold/dev/inmind_final_project_test/workspace/install/robot_hardware_interfaces/share/ament_index/resource_index/package_run_dependencies/robot_hardware_interfaces
[3.241s] -- Installing: /home/fourfold/dev/inmind_final_project_test/workspace/install/robot_hardware_interfaces/share/ament_index/resource_index/parent_prefix_path/robot_hardware_interfaces
[3.241s] -- Installing: /home/fourfold/dev/inmind_final_project_test/workspace/install/robot_hardware_interfaces/share/robot_hardware_interfaces/environment/ament_prefix_path.sh
[3.241s] -- Installing: /home/fourfold/dev/inmind_final_project_test/workspace/install/robot_hardware_interfaces/share/robot_hardware_interfaces/environment/ament_prefix_path.dsv
[3.241s] -- Installing: /home/fourfold/dev/inmind_final_project_test/workspace/install/robot_hardware_interfaces/share/robot_hardware_interfaces/environment/path.sh
[3.241s] -- Installing: /home/fourfold/dev/inmind_final_project_test/workspace/install/robot_hardware_interfaces/share/robot_hardware_interfaces/environment/path.dsv
[3.241s] -- Installing: /home/fourfold/dev/inmind_final_project_test/workspace/install/robot_hardware_interfaces/share/robot_hardware_interfaces/local_setup.bash
[3.241s] -- Installing: /home/fourfold/dev/inmind_final_project_test/workspace/install/robot_hardware_interfaces/share/robot_hardware_interfaces/local_setup.sh
[3.241s] -- Installing: /home/fourfold/dev/inmind_final_project_test/workspace/install/robot_hardware_interfaces/share/robot_hardware_interfaces/local_setup.zsh
[3.241s] -- Installing: /home/fourfold/dev/inmind_final_project_test/workspace/install/robot_hardware_interfaces/share/robot_hardware_interfaces/local_setup.dsv
[3.241s] -- Installing: /home/fourfold/dev/inmind_final_project_test/workspace/install/robot_hardware_interfaces/share/robot_hardware_interfaces/package.dsv
[3.241s] -- Installing: /home/fourfold/dev/inmind_final_project_test/workspace/install/robot_hardware_interfaces/share/ament_index/resource_index/packages/robot_hardware_interfaces
[3.241s] -- Installing: /home/fourfold/dev/inmind_final_project_test/workspace/install/robot_hardware_interfaces/share/robot_hardware_interfaces/cmake/export_robot_hardware_interfaces__rosidl_generator_cExport.cmake
[3.241s] -- Installing: /home/fourfold/dev/inmind_final_project_test/workspace/install/robot_hardware_interfaces/share/robot_hardware_interfaces/cmake/export_robot_hardware_interfaces__rosidl_generator_cExport-noconfig.cmake
[3.241s] -- Installing: /home/fourfold/dev/inmind_final_project_test/workspace/install/robot_hardware_interfaces/share/robot_hardware_interfaces/cmake/export_robot_hardware_interfaces__rosidl_typesupport_fastrtps_cExport.cmake
[3.241s] -- Installing: /home/fourfold/dev/inmind_final_project_test/workspace/install/robot_hardware_interfaces/share/robot_hardware_interfaces/cmake/export_robot_hardware_interfaces__rosidl_typesupport_fastrtps_cExport-noconfig.cmake
[3.241s] -- Installing: /home/fourfold/dev/inmind_final_project_test/workspace/install/robot_hardware_interfaces/share/robot_hardware_interfaces/cmake/export_robot_hardware_interfaces__rosidl_generator_cppExport.cmake
[3.241s] -- Installing: /home/fourfold/dev/inmind_final_project_test/workspace/install/robot_hardware_interfaces/share/robot_hardware_interfaces/cmake/export_robot_hardware_interfaces__rosidl_typesupport_fastrtps_cppExport.cmake
[3.242s] -- Installing: /home/fourfold/dev/inmind_final_project_test/workspace/install/robot_hardware_interfaces/share/robot_hardware_interfaces/cmake/export_robot_hardware_interfaces__rosidl_typesupport_fastrtps_cppExport-noconfig.cmake
[3.242s] -- Installing: /home/fourfold/dev/inmind_final_project_test/workspace/install/robot_hardware_interfaces/share/robot_hardware_interfaces/cmake/robot_hardware_interfaces__rosidl_typesupport_introspection_cExport.cmake
[3.242s] -- Installing: /home/fourfold/dev/inmind_final_project_test/workspace/install/robot_hardware_interfaces/share/robot_hardware_interfaces/cmake/robot_hardware_interfaces__rosidl_typesupport_introspection_cExport-noconfig.cmake
[3.242s] -- Installing: /home/fourfold/dev/inmind_final_project_test/workspace/install/robot_hardware_interfaces/share/robot_hardware_interfaces/cmake/robot_hardware_interfaces__rosidl_typesupport_cExport.cmake
[3.242s] -- Installing: /home/fourfold/dev/inmind_final_project_test/workspace/install/robot_hardware_interfaces/share/robot_hardware_interfaces/cmake/robot_hardware_interfaces__rosidl_typesupport_cExport-noconfig.cmake
[3.242s] -- Installing: /home/fourfold/dev/inmind_final_project_test/workspace/install/robot_hardware_interfaces/share/robot_hardware_interfaces/cmake/robot_hardware_interfaces__rosidl_typesupport_introspection_cppExport.cmake
[3.242s] -- Installing: /home/fourfold/dev/inmind_final_project_test/workspace/install/robot_hardware_interfaces/share/robot_hardware_interfaces/cmake/robot_hardware_interfaces__rosidl_typesupport_introspection_cppExport-noconfig.cmake
[3.242s] -- Installing: /home/fourfold/dev/inmind_final_project_test/workspace/install/robot_hardware_interfaces/share/robot_hardware_interfaces/cmake/robot_hardware_interfaces__rosidl_typesupport_cppExport.cmake
[3.242s] -- Installing: /home/fourfold/dev/inmind_final_project_test/workspace/install/robot_hardware_interfaces/share/robot_hardware_interfaces/cmake/robot_hardware_interfaces__rosidl_typesupport_cppExport-noconfig.cmake
[3.242s] -- Installing: /home/fourfold/dev/inmind_final_project_test/workspace/install/robot_hardware_interfaces/share/robot_hardware_interfaces/cmake/export_robot_hardware_interfaces__rosidl_generator_pyExport.cmake
[3.242s] -- Installing: /home/fourfold/dev/inmind_final_project_test/workspace/install/robot_hardware_interfaces/share/robot_hardware_interfaces/cmake/export_robot_hardware_interfaces__rosidl_generator_pyExport-noconfig.cmake
[3.242s] -- Installing: /home/fourfold/dev/inmind_final_project_test/workspace/install/robot_hardware_interfaces/share/robot_hardware_interfaces/cmake/rosidl_cmake-extras.cmake
[3.242s] -- Installing: /home/fourfold/dev/inmind_final_project_test/workspace/install/robot_hardware_interfaces/share/robot_hardware_interfaces/cmake/ament_cmake_export_dependencies-extras.cmake
[3.242s] -- Installing: /home/fourfold/dev/inmind_final_project_test/workspace/install/robot_hardware_interfaces/share/robot_hardware_interfaces/cmake/ament_cmake_export_include_directories-extras.cmake
[3.242s] -- Installing: /home/fourfold/dev/inmind_final_project_test/workspace/install/robot_hardware_interfaces/share/robot_hardware_interfaces/cmake/ament_cmake_export_libraries-extras.cmake
[3.242s] -- Installing: /home/fourfold/dev/inmind_final_project_test/workspace/install/robot_hardware_interfaces/share/robot_hardware_interfaces/cmake/ament_cmake_export_targets-extras.cmake
[3.242s] -- Installing: /home/fourfold/dev/inmind_final_project_test/workspace/install/robot_hardware_interfaces/share/robot_hardware_interfaces/cmake/rosidl_cmake_export_typesupport_targets-extras.cmake
[3.242s] -- Installing: /home/fourfold/dev/inmind_final_project_test/workspace/install/robot_hardware_interfaces/share/robot_hardware_interfaces/cmake/rosidl_cmake_export_typesupport_libraries-extras.cmake
[3.242s] -- Installing: /home/fourfold/dev/inmind_final_project_test/workspace/install/robot_hardware_interfaces/share/robot_hardware_interfaces/cmake/robot_hardware_interfacesConfig.cmake
[3.242s] -- Installing: /home/fourfold/dev/inmind_final_project_test/workspace/install/robot_hardware_interfaces/share/robot_hardware_interfaces/cmake/robot_hardware_interfacesConfig-version.cmake
[3.242s] -- Installing: /home/fourfold/dev/inmind_final_project_test/workspace/install/robot_hardware_interfaces/share/robot_hardware_interfaces/package.xml
[3.244s] Invoked command in '/home/fourfold/dev/inmind_final_project_test/workspace/build/robot_hardware_interfaces' returned '0': CMAKE_PREFIX_PATH=${CMAKE_PREFIX_PATH}:/home/fourfold/dev/inmind_final_project_test/workspace/install/yolov8_webcam:/home/fourfold/dev/inmind_final_project_test/workspace/install/object_detector:/opt/ros/humble /usr/bin/cmake --install /home/fourfold/dev/inmind_final_project_test/workspace/build/robot_hardware_interfaces
