[0.005s] Invoking command in '/home/fourfold/dev/inmind_final_project_test/workspace/build/main': CMAKE_PREFIX_PATH=/home/fourfold/dev/inmind_final_project_test/workspace/install/yellow_ball_finder:/home/fourfold/dev/inmind_final_project_test/workspace/install/basic_navigation:/home/fourfold/dev/inmind_final_project_test/workspace/install/main:/opt/ros/humble /usr/bin/cmake --build /home/fourfold/dev/inmind_final_project_test/workspace/build/main -- -j16 -l16
[0.030s] [35m[1mConsolidate compiler generated dependencies of target main_node[0m
[0.039s] [ 50%] Built target test_node
[0.040s] [ 75%] [32mBuilding CXX object CMakeFiles/main_node.dir/src/main.cpp.o[0m
[1.762s] In file included from [01m[K/home/fourfold/dev/inmind_final_project_test/workspace/install/yellow_ball_finder/include/yellow_ball_finder/find_yellow_ball.h:4[m[K,
[1.762s]                  from [01m[K/home/fourfold/dev/inmind_final_project_test/workspace/src/main/main/src/main.cpp:4[m[K:
[1.762s] [01m[K/home/fourfold/dev/inmind_final_project_test/workspace/install/yellow_ball_finder/include/yellow_ball_finder/image_collector.h:[m[K In constructor ‘[01m[KImageCollector::ImageCollector(const string&)[m[K’:
[1.762s] [01m[K/home/fourfold/dev/inmind_final_project_test/workspace/install/yellow_ball_finder/include/yellow_ball_finder/image_collector.h:12:39:[m[K [01;35m[Kwarning: [m[Kunused parameter ‘[01m[Kname[m[K’ [[01;35m[K]8;;https://gcc.gnu.org/onlinedocs/gcc/Warning-Options.html#index-Wunused-parameter-Wunused-parameter]8;;[m[K]
[1.762s]    12 |     ImageCollector([01;35m[Kconst std::string& name[m[K) : rclcpp::Node("image_collector") {
[1.762s]       |                    [01;35m[K~~~~~~~~~~~~~~~~~~~^~~~[m[K
[1.800s] [01m[K/home/fourfold/dev/inmind_final_project_test/workspace/src/main/main/src/main.cpp:[m[K In constructor ‘[01m[KMainNode::MainNode()[m[K’:
[1.800s] [01m[K/home/fourfold/dev/inmind_final_project_test/workspace/src/main/main/src/main.cpp:22:24:[m[K [01;35m[Kwarning: [m[Kunused variable ‘[01m[Kstatus[m[K’ [[01;35m[K]8;;https://gcc.gnu.org/onlinedocs/gcc/Warning-Options.html#index-Wunused-variable-Wunused-variable]8;;[m[K]
[1.800s]    22 |         BT::NodeStatus [01;35m[Kstatus[m[K = tree.tickRoot();
[1.800s]       |                        [01;35m[K^~~~~~[m[K
[4.095s] [100%] [32m[1mLinking CXX executable main_node[0m
[4.256s] [100%] Built target main_node
[4.265s] Invoked command in '/home/fourfold/dev/inmind_final_project_test/workspace/build/main' returned '0': CMAKE_PREFIX_PATH=/home/fourfold/dev/inmind_final_project_test/workspace/install/yellow_ball_finder:/home/fourfold/dev/inmind_final_project_test/workspace/install/basic_navigation:/home/fourfold/dev/inmind_final_project_test/workspace/install/main:/opt/ros/humble /usr/bin/cmake --build /home/fourfold/dev/inmind_final_project_test/workspace/build/main -- -j16 -l16
[4.284s] Invoking command in '/home/fourfold/dev/inmind_final_project_test/workspace/build/main': CMAKE_PREFIX_PATH=/home/fourfold/dev/inmind_final_project_test/workspace/install/yellow_ball_finder:/home/fourfold/dev/inmind_final_project_test/workspace/install/basic_navigation:/home/fourfold/dev/inmind_final_project_test/workspace/install/main:/opt/ros/humble /usr/bin/cmake --install /home/fourfold/dev/inmind_final_project_test/workspace/build/main
[4.291s] -- Install configuration: ""
[4.291s] -- Installing: /home/fourfold/dev/inmind_final_project_test/workspace/install/main/lib/main/main_node
[4.292s] -- Set runtime path of "/home/fourfold/dev/inmind_final_project_test/workspace/install/main/lib/main/main_node" to ""
[4.292s] -- Up-to-date: /home/fourfold/dev/inmind_final_project_test/workspace/install/main/lib/main/test_node
[4.292s] -- Up-to-date: /home/fourfold/dev/inmind_final_project_test/workspace/install/main/share/ament_index/resource_index/package_run_dependencies/main
[4.292s] -- Up-to-date: /home/fourfold/dev/inmind_final_project_test/workspace/install/main/share/ament_index/resource_index/parent_prefix_path/main
[4.292s] -- Up-to-date: /home/fourfold/dev/inmind_final_project_test/workspace/install/main/share/main/environment/ament_prefix_path.sh
[4.292s] -- Up-to-date: /home/fourfold/dev/inmind_final_project_test/workspace/install/main/share/main/environment/ament_prefix_path.dsv
[4.292s] -- Up-to-date: /home/fourfold/dev/inmind_final_project_test/workspace/install/main/share/main/environment/path.sh
[4.292s] -- Up-to-date: /home/fourfold/dev/inmind_final_project_test/workspace/install/main/share/main/environment/path.dsv
[4.292s] -- Up-to-date: /home/fourfold/dev/inmind_final_project_test/workspace/install/main/share/main/local_setup.bash
[4.292s] -- Up-to-date: /home/fourfold/dev/inmind_final_project_test/workspace/install/main/share/main/local_setup.sh
[4.292s] -- Up-to-date: /home/fourfold/dev/inmind_final_project_test/workspace/install/main/share/main/local_setup.zsh
[4.292s] -- Up-to-date: /home/fourfold/dev/inmind_final_project_test/workspace/install/main/share/main/local_setup.dsv
[4.292s] -- Installing: /home/fourfold/dev/inmind_final_project_test/workspace/install/main/share/main/package.dsv
[4.292s] -- Up-to-date: /home/fourfold/dev/inmind_final_project_test/workspace/install/main/share/ament_index/resource_index/packages/main
[4.292s] -- Up-to-date: /home/fourfold/dev/inmind_final_project_test/workspace/install/main/share/main/cmake/mainConfig.cmake
[4.292s] -- Up-to-date: /home/fourfold/dev/inmind_final_project_test/workspace/install/main/share/main/cmake/mainConfig-version.cmake
[4.292s] -- Up-to-date: /home/fourfold/dev/inmind_final_project_test/workspace/install/main/share/main/package.xml
[4.294s] Invoked command in '/home/fourfold/dev/inmind_final_project_test/workspace/build/main' returned '0': CMAKE_PREFIX_PATH=/home/fourfold/dev/inmind_final_project_test/workspace/install/yellow_ball_finder:/home/fourfold/dev/inmind_final_project_test/workspace/install/basic_navigation:/home/fourfold/dev/inmind_final_project_test/workspace/install/main:/opt/ros/humble /usr/bin/cmake --install /home/fourfold/dev/inmind_final_project_test/workspace/build/main
