[0.007s] Invoking command in '/home/fourfold/dev/inmind_final_project_test/workspace/build/yellow_ball_finder': CMAKE_PREFIX_PATH=${CMAKE_PREFIX_PATH}:/opt/ros/humble /usr/bin/cmake --build /home/fourfold/dev/inmind_final_project_test/workspace/build/yellow_ball_finder -- -j16 -l16
[0.040s] [35m[1mConsolidate compiler generated dependencies of target yellow_sphere_finder[0m
[0.054s] [ 50%] [32mBuilding CXX object CMakeFiles/yellow_sphere_finder.dir/src/yellow_ball_finder.cpp.o[0m
[2.146s] In file included from [01m[K/home/fourfold/dev/inmind_final_project_test/workspace/src/perception/yellow_ball_finder/src/yellow_ball_finder.cpp:1[m[K:
[2.146s] [01m[K/home/fourfold/dev/inmind_final_project_test/workspace/src/perception/yellow_ball_finder/include/yellow_ball_finder/yellow_ball_finder.h:[m[K In member function ‘[01m[Kvoid YellowSphereFollower::control_loop()[m[K’:
[2.146s] [01m[K/home/fourfold/dev/inmind_final_project_test/workspace/src/perception/yellow_ball_finder/include/yellow_ball_finder/yellow_ball_finder.h:103:51:[m[K [01;31m[Kerror: [m[Kno matching function for call to ‘[01m[KtoCvCopy(int64_t, const char [5])[m[K’
[2.146s]   103 |             int frame_center = [01;31m[Kcv_bridge::toCvCopy([m[K
[2.146s]       |                                [01;31m[K~~~~~~~~~~~~~~~~~~~^[m[K
[2.146s]   104 | [01;31m[K                                   this->get_parameter("frame_width").as_int(), sensor_msgs::image_encodings::BGR8)[m[K
[2.146s]       |                                    [01;31m[K~~~~~~~~~~~~~~~~~~~~~~~~~~~~~~~~~~~~~~~~~~~~~~~~~~~~~~~~~~~~~~~~~~~~~~~~~~~~~~~~[m[K
[2.146s] In file included from [01m[K/home/fourfold/dev/inmind_final_project_test/workspace/src/perception/yellow_ball_finder/include/yellow_ball_finder/yellow_ball_finder.h:7[m[K,
[2.146s]                  from [01m[K/home/fourfold/dev/inmind_final_project_test/workspace/src/perception/yellow_ball_finder/src/yellow_ball_finder.cpp:1[m[K:
[2.146s] [01m[K/opt/ros/humble/include/cv_bridge/cv_bridge/cv_bridge.h:177:29:[m[K [01;36m[Knote: [m[Kcandidate: ‘[01m[Kcv_bridge::CvImagePtr cv_bridge::toCvCopy(const ConstSharedPtr&, const string&)[m[K’
[2.146s]   177 | CV_BRIDGE_EXPORT CvImagePtr [01;36m[KtoCvCopy[m[K(
[2.146s]       |                             [01;36m[K^~~~~~~~[m[K
[2.146s] [01m[K/opt/ros/humble/include/cv_bridge/cv_bridge/cv_bridge.h:178:51:[m[K [01;36m[Knote: [m[K  no known conversion for argument 1 from ‘[01m[Kint64_t[m[K’ {aka ‘[01m[Klong int[m[K’} to ‘[01m[Kconst ConstSharedPtr&[m[K’ {aka ‘[01m[Kconst std::shared_ptr<const sensor_msgs::msg::Image_<std::allocator<void> > >&[m[K’}
[2.146s]   178 |   [01;36m[Kconst sensor_msgs::msg::Image::ConstSharedPtr & source[m[K,
[2.146s]       |   [01;36m[K~~~~~~~~~~~~~~~~~~~~~~~~~~~~~~~~~~~~~~~~~~~~~~~~^~~~~~[m[K
[2.146s] [01m[K/opt/ros/humble/include/cv_bridge/cv_bridge/cv_bridge.h:181:29:[m[K [01;36m[Knote: [m[Kcandidate: ‘[01m[Kcv_bridge::CvImagePtr cv_bridge::toCvCopy(const ConstSharedPtr&, const string&)[m[K’
[2.146s]   181 | CV_BRIDGE_EXPORT CvImagePtr [01;36m[KtoCvCopy[m[K(
[2.146s]       |                             [01;36m[K^~~~~~~~[m[K
[2.146s] [01m[K/opt/ros/humble/include/cv_bridge/cv_bridge/cv_bridge.h:182:61:[m[K [01;36m[Knote: [m[K  no known conversion for argument 1 from ‘[01m[Kint64_t[m[K’ {aka ‘[01m[Klong int[m[K’} to ‘[01m[Kconst ConstSharedPtr&[m[K’ {aka ‘[01m[Kconst std::shared_ptr<const sensor_msgs::msg::CompressedImage_<std::allocator<void> > >&[m[K’}
[2.146s]   182 |   [01;36m[Kconst sensor_msgs::msg::CompressedImage::ConstSharedPtr & source[m[K,
[2.146s]       |   [01;36m[K~~~~~~~~~~~~~~~~~~~~~~~~~~~~~~~~~~~~~~~~~~~~~~~~~~~~~~~~~~^~~~~~[m[K
[2.146s] [01m[K/opt/ros/humble/include/cv_bridge/cv_bridge/cv_bridge.h:204:29:[m[K [01;36m[Knote: [m[Kcandidate: ‘[01m[Kcv_bridge::CvImagePtr cv_bridge::toCvCopy(const Image&, const string&)[m[K’
[2.146s]   204 | CV_BRIDGE_EXPORT CvImagePtr [01;36m[KtoCvCopy[m[K(
[2.146s]       |                             [01;36m[K^~~~~~~~[m[K
[2.146s] [01m[K/opt/ros/humble/include/cv_bridge/cv_bridge/cv_bridge.h:205:35:[m[K [01;36m[Knote: [m[K  no known conversion for argument 1 from ‘[01m[Kint64_t[m[K’ {aka ‘[01m[Klong int[m[K’} to ‘[01m[Kconst Image&[m[K’ {aka ‘[01m[Kconst sensor_msgs::msg::Image_<std::allocator<void> >&[m[K’}
[2.146s]   205 |   [01;36m[Kconst sensor_msgs::msg::Image & source[m[K,
[2.147s]       |   [01;36m[K~~~~~~~~~~~~~~~~~~~~~~~~~~~~~~~~^~~~~~[m[K
[2.147s] [01m[K/opt/ros/humble/include/cv_bridge/cv_bridge/cv_bridge.h:208:29:[m[K [01;36m[Knote: [m[Kcandidate: ‘[01m[Kcv_bridge::CvImagePtr cv_bridge::toCvCopy(const CompressedImage&, const string&)[m[K’
[2.147s]   208 | CV_BRIDGE_EXPORT CvImagePtr [01;36m[KtoCvCopy[m[K(
[2.147s]       |                             [01;36m[K^~~~~~~~[m[K
[2.147s] [01m[K/opt/ros/humble/include/cv_bridge/cv_bridge/cv_bridge.h:209:45:[m[K [01;36m[Knote: [m[K  no known conversion for argument 1 from ‘[01m[Kint64_t[m[K’ {aka ‘[01m[Klong int[m[K’} to ‘[01m[Kconst CompressedImage&[m[K’ {aka ‘[01m[Kconst sensor_msgs::msg::CompressedImage_<std::allocator<void> >&[m[K’}
[2.147s]   209 |   [01;36m[Kconst sensor_msgs::msg::CompressedImage & source[m[K,
[2.147s]       |   [01;36m[K~~~~~~~~~~~~~~~~~~~~~~~~~~~~~~~~~~~~~~~~~~^~~~~~[m[K
[4.050s] gmake[2]: *** [CMakeFiles/yellow_sphere_finder.dir/build.make:76: CMakeFiles/yellow_sphere_finder.dir/src/yellow_ball_finder.cpp.o] Error 1
[4.050s] gmake[1]: *** [CMakeFiles/Makefile2:137: CMakeFiles/yellow_sphere_finder.dir/all] Error 2
[4.050s] gmake: *** [Makefile:146: all] Error 2
[4.052s] Invoked command in '/home/fourfold/dev/inmind_final_project_test/workspace/build/yellow_ball_finder' returned '2': CMAKE_PREFIX_PATH=${CMAKE_PREFIX_PATH}:/opt/ros/humble /usr/bin/cmake --build /home/fourfold/dev/inmind_final_project_test/workspace/build/yellow_ball_finder -- -j16 -l16
