[0.021s] Invoking command in '/home/fourfold/dev/inmind_final_project_test/workspace/build/yellow_ball_finder': CMAKE_PREFIX_PATH=/home/fourfold/dev/inmind_final_project_test/workspace/install/detection_interfaces:/home/fourfold/dev/inmind_final_project_test/workspace/install/main:/home/fourfold/dev/inmind_final_project_test/workspace/install/yellow_ball_finder:/home/fourfold/dev/inmind_final_project_test/workspace/install/distance_check:/home/fourfold/dev/inmind_final_project_test/workspace/install/distance_interfaces:/home/fourfold/dev/inmind_final_project_test/workspace/install/custom_interface_yolo:/home/fourfold/dev/inmind_final_project_test/workspace/install/basic_navigation:/home/fourfold/dev/inmind_final_project_test/workspace/install/yolov8_webcam:/opt/ros/humble LD_LIBRARY_PATH=/home/fourfold/dev/inmind_final_project_test/workspace/install/detection_interfaces/lib:/home/fourfold/dev/inmind_final_project_test/workspace/install/distance_interfaces/lib:/home/fourfold/dev/inmind_final_project_test/workspace/install/custom_interface_yolo/lib:/usr/lib/x86_64-linux-gnu/gazebo-11/plugins:/opt/ros/humble/opt/rviz_ogre_vendor/lib:/opt/ros/humble/lib/x86_64-linux-gnu:/opt/ros/humble/lib /usr/bin/cmake --build /home/fourfold/dev/inmind_final_project_test/workspace/build/yellow_ball_finder -- -j16 -l16
[0.041s] -- Found ament_cmake: 1.3.10 (/opt/ros/humble/share/ament_cmake/cmake)
[0.133s] -- Found rclcpp: 16.0.10 (/opt/ros/humble/share/rclcpp/cmake)
[0.153s] -- Found rosidl_generator_c: 3.1.5 (/opt/ros/humble/share/rosidl_generator_c/cmake)
[0.155s] -- Found rosidl_adapter: 3.1.5 (/opt/ros/humble/share/rosidl_adapter/cmake)
[0.158s] -- Found rosidl_generator_cpp: 3.1.5 (/opt/ros/humble/share/rosidl_generator_cpp/cmake)
[0.165s] -- Using all available rosidl_typesupport_c: rosidl_typesupport_fastrtps_c;rosidl_typesupport_introspection_c
[0.173s] -- Using all available rosidl_typesupport_cpp: rosidl_typesupport_fastrtps_cpp;rosidl_typesupport_introspection_cpp
[0.197s] -- Found rmw_implementation_cmake: 6.1.2 (/opt/ros/humble/share/rmw_implementation_cmake/cmake)
[0.199s] -- Found rmw_fastrtps_cpp: 6.2.7 (/opt/ros/humble/share/rmw_fastrtps_cpp/cmake)
[0.270s] -- Using RMW implementation 'rmw_fastrtps_cpp' as default
[0.307s] -- Found sensor_msgs: 4.2.4 (/opt/ros/humble/share/sensor_msgs/cmake)
[0.326s] -- Found cv_bridge: 3.2.1 (/opt/ros/humble/share/cv_bridge/cmake)
[0.334s] -- Found rclcpp_action: 16.0.10 (/opt/ros/humble/share/rclcpp_action/cmake)
[0.352s] -- Found detection_interfaces: 0.0.0 (/home/fourfold/dev/inmind_final_project_test/workspace/install/detection_interfaces/share/detection_interfaces/cmake)
[0.361s] -- Found ament_lint_auto: 0.12.11 (/opt/ros/humble/share/ament_lint_auto/cmake)
[0.408s] -- Added test 'cppcheck' to perform static code analysis on C / C++ code
[0.408s] -- Configured cppcheck include dirs: /home/fourfold/dev/inmind_final_project_test/workspace/src/perception/yellow_ball_finder/include
[0.408s] -- Configured cppcheck exclude dirs and/or files: 
[0.409s] -- Added test 'flake8' to check Python code syntax and style conventions
[0.410s] -- Added test 'lint_cmake' to check CMake code style
[0.411s] -- Added test 'pep257' to check Python code against some of the docstring style conventions in PEP 257
[0.414s] -- Added test 'uncrustify' to check C / C++ code style
[0.414s] -- Configured uncrustify additional arguments: 
[0.415s] -- Added test 'xmllint' to check XML markup files
[0.416s] -- Configuring done
[0.427s] -- Generating done
[0.429s] -- Build files have been written to: /home/fourfold/dev/inmind_final_project_test/workspace/build/yellow_ball_finder
[0.451s] [35m[1mConsolidate compiler generated dependencies of target yellow_ball_action_server[0m
[0.464s] [ 50%] [32mBuilding CXX object CMakeFiles/yellow_ball_action_server.dir/src/yellow_ball_action_server.cpp.o[0m
[6.310s] [100%] [32m[1mLinking CXX executable yellow_ball_action_server[0m
[6.795s] [100%] Built target yellow_ball_action_server
[6.806s] Invoked command in '/home/fourfold/dev/inmind_final_project_test/workspace/build/yellow_ball_finder' returned '0': CMAKE_PREFIX_PATH=/home/fourfold/dev/inmind_final_project_test/workspace/install/detection_interfaces:/home/fourfold/dev/inmind_final_project_test/workspace/install/main:/home/fourfold/dev/inmind_final_project_test/workspace/install/yellow_ball_finder:/home/fourfold/dev/inmind_final_project_test/workspace/install/distance_check:/home/fourfold/dev/inmind_final_project_test/workspace/install/distance_interfaces:/home/fourfold/dev/inmind_final_project_test/workspace/install/custom_interface_yolo:/home/fourfold/dev/inmind_final_project_test/workspace/install/basic_navigation:/home/fourfold/dev/inmind_final_project_test/workspace/install/yolov8_webcam:/opt/ros/humble LD_LIBRARY_PATH=/home/fourfold/dev/inmind_final_project_test/workspace/install/detection_interfaces/lib:/home/fourfold/dev/inmind_final_project_test/workspace/install/distance_interfaces/lib:/home/fourfold/dev/inmind_final_project_test/workspace/install/custom_interface_yolo/lib:/usr/lib/x86_64-linux-gnu/gazebo-11/plugins:/opt/ros/humble/opt/rviz_ogre_vendor/lib:/opt/ros/humble/lib/x86_64-linux-gnu:/opt/ros/humble/lib /usr/bin/cmake --build /home/fourfold/dev/inmind_final_project_test/workspace/build/yellow_ball_finder -- -j16 -l16
[6.824s] Invoking command in '/home/fourfold/dev/inmind_final_project_test/workspace/build/yellow_ball_finder': CMAKE_PREFIX_PATH=/home/fourfold/dev/inmind_final_project_test/workspace/install/detection_interfaces:/home/fourfold/dev/inmind_final_project_test/workspace/install/main:/home/fourfold/dev/inmind_final_project_test/workspace/install/yellow_ball_finder:/home/fourfold/dev/inmind_final_project_test/workspace/install/distance_check:/home/fourfold/dev/inmind_final_project_test/workspace/install/distance_interfaces:/home/fourfold/dev/inmind_final_project_test/workspace/install/custom_interface_yolo:/home/fourfold/dev/inmind_final_project_test/workspace/install/basic_navigation:/home/fourfold/dev/inmind_final_project_test/workspace/install/yolov8_webcam:/opt/ros/humble LD_LIBRARY_PATH=/home/fourfold/dev/inmind_final_project_test/workspace/install/detection_interfaces/lib:/home/fourfold/dev/inmind_final_project_test/workspace/install/distance_interfaces/lib:/home/fourfold/dev/inmind_final_project_test/workspace/install/custom_interface_yolo/lib:/usr/lib/x86_64-linux-gnu/gazebo-11/plugins:/opt/ros/humble/opt/rviz_ogre_vendor/lib:/opt/ros/humble/lib/x86_64-linux-gnu:/opt/ros/humble/lib /usr/bin/cmake --install /home/fourfold/dev/inmind_final_project_test/workspace/build/yellow_ball_finder
[6.829s] -- Install configuration: ""
[6.829s] -- Up-to-date: /home/fourfold/dev/inmind_final_project_test/workspace/install/yellow_ball_finder/include/
[6.829s] -- Up-to-date: /home/fourfold/dev/inmind_final_project_test/workspace/install/yellow_ball_finder/include//yellow_ball_finder
[6.830s] -- Up-to-date: /home/fourfold/dev/inmind_final_project_test/workspace/install/yellow_ball_finder/include//yellow_ball_finder/yellow_ball_at_center.h
[6.830s] -- Up-to-date: /home/fourfold/dev/inmind_final_project_test/workspace/install/yellow_ball_finder/include//yellow_ball_finder/yellow_ball_on_right.h
[6.830s] -- Up-to-date: /home/fourfold/dev/inmind_final_project_test/workspace/install/yellow_ball_finder/include//yellow_ball_finder/yellow_ball_on_left.h
[6.830s] -- Up-to-date: /home/fourfold/dev/inmind_final_project_test/workspace/install/yellow_ball_finder/include//yellow_ball_finder/yellow_ball_action_server.h
[6.830s] -- Up-to-date: /home/fourfold/dev/inmind_final_project_test/workspace/install/yellow_ball_finder/include//yellow_ball_finder/find_yellow_ball.h
[6.830s] -- Installing: /home/fourfold/dev/inmind_final_project_test/workspace/install/yellow_ball_finder/lib/yellow_ball_finder/yellow_ball_action_server
[6.831s] -- Set runtime path of "/home/fourfold/dev/inmind_final_project_test/workspace/install/yellow_ball_finder/lib/yellow_ball_finder/yellow_ball_action_server" to ""
[6.832s] -- Up-to-date: /home/fourfold/dev/inmind_final_project_test/workspace/install/yellow_ball_finder/share/ament_index/resource_index/package_run_dependencies/yellow_ball_finder
[6.832s] -- Installing: /home/fourfold/dev/inmind_final_project_test/workspace/install/yellow_ball_finder/share/ament_index/resource_index/parent_prefix_path/yellow_ball_finder
[6.832s] -- Up-to-date: /home/fourfold/dev/inmind_final_project_test/workspace/install/yellow_ball_finder/share/yellow_ball_finder/environment/ament_prefix_path.sh
[6.832s] -- Installing: /home/fourfold/dev/inmind_final_project_test/workspace/install/yellow_ball_finder/share/yellow_ball_finder/environment/ament_prefix_path.dsv
[6.832s] -- Up-to-date: /home/fourfold/dev/inmind_final_project_test/workspace/install/yellow_ball_finder/share/yellow_ball_finder/environment/path.sh
[6.832s] -- Installing: /home/fourfold/dev/inmind_final_project_test/workspace/install/yellow_ball_finder/share/yellow_ball_finder/environment/path.dsv
[6.832s] -- Up-to-date: /home/fourfold/dev/inmind_final_project_test/workspace/install/yellow_ball_finder/share/yellow_ball_finder/local_setup.bash
[6.832s] -- Up-to-date: /home/fourfold/dev/inmind_final_project_test/workspace/install/yellow_ball_finder/share/yellow_ball_finder/local_setup.sh
[6.832s] -- Up-to-date: /home/fourfold/dev/inmind_final_project_test/workspace/install/yellow_ball_finder/share/yellow_ball_finder/local_setup.zsh
[6.832s] -- Installing: /home/fourfold/dev/inmind_final_project_test/workspace/install/yellow_ball_finder/share/yellow_ball_finder/local_setup.dsv
[6.832s] -- Installing: /home/fourfold/dev/inmind_final_project_test/workspace/install/yellow_ball_finder/share/yellow_ball_finder/package.dsv
[6.832s] -- Up-to-date: /home/fourfold/dev/inmind_final_project_test/workspace/install/yellow_ball_finder/share/ament_index/resource_index/packages/yellow_ball_finder
[6.832s] -- Up-to-date: /home/fourfold/dev/inmind_final_project_test/workspace/install/yellow_ball_finder/share/yellow_ball_finder/cmake/ament_cmake_export_include_directories-extras.cmake
[6.832s] -- Up-to-date: /home/fourfold/dev/inmind_final_project_test/workspace/install/yellow_ball_finder/share/yellow_ball_finder/cmake/yellow_ball_finderConfig.cmake
[6.832s] -- Up-to-date: /home/fourfold/dev/inmind_final_project_test/workspace/install/yellow_ball_finder/share/yellow_ball_finder/cmake/yellow_ball_finderConfig-version.cmake
[6.832s] -- Up-to-date: /home/fourfold/dev/inmind_final_project_test/workspace/install/yellow_ball_finder/share/yellow_ball_finder/package.xml
[6.833s] Invoked command in '/home/fourfold/dev/inmind_final_project_test/workspace/build/yellow_ball_finder' returned '0': CMAKE_PREFIX_PATH=/home/fourfold/dev/inmind_final_project_test/workspace/install/detection_interfaces:/home/fourfold/dev/inmind_final_project_test/workspace/install/main:/home/fourfold/dev/inmind_final_project_test/workspace/install/yellow_ball_finder:/home/fourfold/dev/inmind_final_project_test/workspace/install/distance_check:/home/fourfold/dev/inmind_final_project_test/workspace/install/distance_interfaces:/home/fourfold/dev/inmind_final_project_test/workspace/install/custom_interface_yolo:/home/fourfold/dev/inmind_final_project_test/workspace/install/basic_navigation:/home/fourfold/dev/inmind_final_project_test/workspace/install/yolov8_webcam:/opt/ros/humble LD_LIBRARY_PATH=/home/fourfold/dev/inmind_final_project_test/workspace/install/detection_interfaces/lib:/home/fourfold/dev/inmind_final_project_test/workspace/install/distance_interfaces/lib:/home/fourfold/dev/inmind_final_project_test/workspace/install/custom_interface_yolo/lib:/usr/lib/x86_64-linux-gnu/gazebo-11/plugins:/opt/ros/humble/opt/rviz_ogre_vendor/lib:/opt/ros/humble/lib/x86_64-linux-gnu:/opt/ros/humble/lib /usr/bin/cmake --install /home/fourfold/dev/inmind_final_project_test/workspace/build/yellow_ball_finder
