[0.006s] Invoking command in '/home/fourfold/dev/inmind_final_project_test/workspace/build/basic_navigation': CMAKE_PREFIX_PATH=${CMAKE_PREFIX_PATH}:/opt/ros/humble /usr/bin/cmake --build /home/fourfold/dev/inmind_final_project_test/workspace/build/basic_navigation -- -j16 -l16
[0.025s] -- Found ament_cmake: 1.3.10 (/opt/ros/humble/share/ament_cmake/cmake)
[0.115s] -- Found rclcpp: 16.0.10 (/opt/ros/humble/share/rclcpp/cmake)
[0.135s] -- Found rosidl_generator_c: 3.1.5 (/opt/ros/humble/share/rosidl_generator_c/cmake)
[0.137s] -- Found rosidl_adapter: 3.1.5 (/opt/ros/humble/share/rosidl_adapter/cmake)
[0.141s] -- Found rosidl_generator_cpp: 3.1.5 (/opt/ros/humble/share/rosidl_generator_cpp/cmake)
[0.148s] -- Using all available rosidl_typesupport_c: rosidl_typesupport_fastrtps_c;rosidl_typesupport_introspection_c
[0.155s] -- Using all available rosidl_typesupport_cpp: rosidl_typesupport_fastrtps_cpp;rosidl_typesupport_introspection_cpp
[0.175s] -- Found rmw_implementation_cmake: 6.1.2 (/opt/ros/humble/share/rmw_implementation_cmake/cmake)
[0.177s] -- Found rmw_fastrtps_cpp: 6.2.7 (/opt/ros/humble/share/rmw_fastrtps_cpp/cmake)
[0.241s] -- Using RMW implementation 'rmw_fastrtps_cpp' as default
[0.271s] -- Found geometry_msgs: 4.2.4 (/opt/ros/humble/share/geometry_msgs/cmake)
[0.279s] -- Found ament_lint_auto: 0.12.11 (/opt/ros/humble/share/ament_lint_auto/cmake)
[0.321s] -- Added test 'cppcheck' to perform static code analysis on C / C++ code
[0.321s] -- Configured cppcheck include dirs: /home/fourfold/dev/inmind_final_project_test/workspace/src/navigation/basic_navigation/include
[0.321s] -- Configured cppcheck exclude dirs and/or files: 
[0.322s] -- Added test 'lint_cmake' to check CMake code style
[0.322s] -- Added test 'uncrustify' to check C / C++ code style
[0.322s] -- Configured uncrustify additional arguments: 
[0.322s] -- Added test 'xmllint' to check XML markup files
[0.323s] -- Configuring done
[0.329s] -- Generating done
[0.329s] -- Build files have been written to: /home/fourfold/dev/inmind_final_project_test/workspace/build/basic_navigation
[0.346s] [35m[1mConsolidate compiler generated dependencies of target move_forward_node[0m
[0.355s] [ 50%] [32m[1mLinking CXX executable move_forward_node[0m
[0.491s] [100%] Built target move_forward_node
[0.499s] Invoked command in '/home/fourfold/dev/inmind_final_project_test/workspace/build/basic_navigation' returned '0': CMAKE_PREFIX_PATH=${CMAKE_PREFIX_PATH}:/opt/ros/humble /usr/bin/cmake --build /home/fourfold/dev/inmind_final_project_test/workspace/build/basic_navigation -- -j16 -l16
[0.522s] Invoking command in '/home/fourfold/dev/inmind_final_project_test/workspace/build/basic_navigation': CMAKE_PREFIX_PATH=${CMAKE_PREFIX_PATH}:/opt/ros/humble /usr/bin/cmake --install /home/fourfold/dev/inmind_final_project_test/workspace/build/basic_navigation
[0.529s] -- Install configuration: ""
[0.529s] -- Installing: /home/fourfold/dev/inmind_final_project_test/workspace/install/basic_navigation/lib/basic_navigation/move_forward_node
[0.530s] -- Set runtime path of "/home/fourfold/dev/inmind_final_project_test/workspace/install/basic_navigation/lib/basic_navigation/move_forward_node" to ""
[0.530s] -- Up-to-date: /home/fourfold/dev/inmind_final_project_test/workspace/install/basic_navigation/include/
[0.530s] -- Up-to-date: /home/fourfold/dev/inmind_final_project_test/workspace/install/basic_navigation/include//basic_navigation
[0.530s] -- Up-to-date: /home/fourfold/dev/inmind_final_project_test/workspace/install/basic_navigation/include//basic_navigation/move_forward.h
[0.530s] -- Up-to-date: /home/fourfold/dev/inmind_final_project_test/workspace/install/basic_navigation/share/ament_index/resource_index/package_run_dependencies/basic_navigation
[0.530s] -- Installing: /home/fourfold/dev/inmind_final_project_test/workspace/install/basic_navigation/share/ament_index/resource_index/parent_prefix_path/basic_navigation
[0.530s] -- Up-to-date: /home/fourfold/dev/inmind_final_project_test/workspace/install/basic_navigation/share/basic_navigation/environment/ament_prefix_path.sh
[0.530s] -- Installing: /home/fourfold/dev/inmind_final_project_test/workspace/install/basic_navigation/share/basic_navigation/environment/ament_prefix_path.dsv
[0.530s] -- Up-to-date: /home/fourfold/dev/inmind_final_project_test/workspace/install/basic_navigation/share/basic_navigation/environment/path.sh
[0.530s] -- Installing: /home/fourfold/dev/inmind_final_project_test/workspace/install/basic_navigation/share/basic_navigation/environment/path.dsv
[0.530s] -- Up-to-date: /home/fourfold/dev/inmind_final_project_test/workspace/install/basic_navigation/share/basic_navigation/local_setup.bash
[0.530s] -- Up-to-date: /home/fourfold/dev/inmind_final_project_test/workspace/install/basic_navigation/share/basic_navigation/local_setup.sh
[0.531s] -- Up-to-date: /home/fourfold/dev/inmind_final_project_test/workspace/install/basic_navigation/share/basic_navigation/local_setup.zsh
[0.531s] -- Installing: /home/fourfold/dev/inmind_final_project_test/workspace/install/basic_navigation/share/basic_navigation/local_setup.dsv
[0.531s] -- Installing: /home/fourfold/dev/inmind_final_project_test/workspace/install/basic_navigation/share/basic_navigation/package.dsv
[0.531s] -- Up-to-date: /home/fourfold/dev/inmind_final_project_test/workspace/install/basic_navigation/share/ament_index/resource_index/packages/basic_navigation
[0.531s] -- Up-to-date: /home/fourfold/dev/inmind_final_project_test/workspace/install/basic_navigation/share/basic_navigation/cmake/ament_cmake_export_include_directories-extras.cmake
[0.531s] -- Up-to-date: /home/fourfold/dev/inmind_final_project_test/workspace/install/basic_navigation/share/basic_navigation/cmake/basic_navigationConfig.cmake
[0.531s] -- Up-to-date: /home/fourfold/dev/inmind_final_project_test/workspace/install/basic_navigation/share/basic_navigation/cmake/basic_navigationConfig-version.cmake
[0.531s] -- Up-to-date: /home/fourfold/dev/inmind_final_project_test/workspace/install/basic_navigation/share/basic_navigation/package.xml
[0.532s] Invoked command in '/home/fourfold/dev/inmind_final_project_test/workspace/build/basic_navigation' returned '0': CMAKE_PREFIX_PATH=${CMAKE_PREFIX_PATH}:/opt/ros/humble /usr/bin/cmake --install /home/fourfold/dev/inmind_final_project_test/workspace/build/basic_navigation
