[0.928s] Invoking command in '/home/fourfold/dev/inmind_final_project_test/workspace/src/perception/yolov8_webcam': PYTHONPATH=/home/fourfold/dev/inmind_final_project_test/workspace/build/yolov8_webcam/prefix_override:/usr/lib/python3/dist-packages/colcon_core/task/python/colcon_distutils_commands:/home/fourfold/dev/inmind_final_project_test/workspace/install/yolov8_webcam/lib/python3.10/site-packages:${PYTHONPATH} /usr/bin/python3 -W ignore:setup.py install is deprecated setup.py egg_info --egg-base ../../../build/yolov8_webcam build --build-base /home/fourfold/dev/inmind_final_project_test/workspace/build/yolov8_webcam/build install --record /home/fourfold/dev/inmind_final_project_test/workspace/build/yolov8_webcam/install.log --single-version-externally-managed install_data
[1.148s] running egg_info
[1.149s] writing ../../../build/yolov8_webcam/yolov8_webcam.egg-info/PKG-INFO
[1.149s] writing dependency_links to ../../../build/yolov8_webcam/yolov8_webcam.egg-info/dependency_links.txt
[1.149s] writing entry points to ../../../build/yolov8_webcam/yolov8_webcam.egg-info/entry_points.txt
[1.149s] writing requirements to ../../../build/yolov8_webcam/yolov8_webcam.egg-info/requires.txt
[1.149s] writing top-level names to ../../../build/yolov8_webcam/yolov8_webcam.egg-info/top_level.txt
[1.151s] reading manifest file '../../../build/yolov8_webcam/yolov8_webcam.egg-info/SOURCES.txt'
[1.152s] writing manifest file '../../../build/yolov8_webcam/yolov8_webcam.egg-info/SOURCES.txt'
[1.152s] running build
[1.152s] running build_py
[1.153s] running install
[1.153s] running install_lib
[1.154s] running install_data
[1.154s] running install_egg_info
[1.157s] removing '/home/fourfold/dev/inmind_final_project_test/workspace/install/yolov8_webcam/lib/python3.10/site-packages/yolov8_webcam-0.0.0-py3.10.egg-info' (and everything under it)
[1.157s] Copying ../../../build/yolov8_webcam/yolov8_webcam.egg-info to /home/fourfold/dev/inmind_final_project_test/workspace/install/yolov8_webcam/lib/python3.10/site-packages/yolov8_webcam-0.0.0-py3.10.egg-info
[1.158s] running install_scripts
[1.178s] Installing yolov8_node script to /home/fourfold/dev/inmind_final_project_test/workspace/install/yolov8_webcam/lib/yolov8_webcam
[1.178s] writing list of installed files to '/home/fourfold/dev/inmind_final_project_test/workspace/build/yolov8_webcam/install.log'
[1.204s] Invoked command in '/home/fourfold/dev/inmind_final_project_test/workspace/src/perception/yolov8_webcam' returned '0': PYTHONPATH=/home/fourfold/dev/inmind_final_project_test/workspace/build/yolov8_webcam/prefix_override:/usr/lib/python3/dist-packages/colcon_core/task/python/colcon_distutils_commands:/home/fourfold/dev/inmind_final_project_test/workspace/install/yolov8_webcam/lib/python3.10/site-packages:${PYTHONPATH} /usr/bin/python3 -W ignore:setup.py install is deprecated setup.py egg_info --egg-base ../../../build/yolov8_webcam build --build-base /home/fourfold/dev/inmind_final_project_test/workspace/build/yolov8_webcam/build install --record /home/fourfold/dev/inmind_final_project_test/workspace/build/yolov8_webcam/install.log --single-version-externally-managed install_data
