[0.708s] Invoking command in '/home/fourfold/dev/inmind_final_project_test/workspace/src/perception/yolov8_webcam': PYTHONPATH=/home/fourfold/dev/inmind_final_project_test/workspace/build/yolov8_webcam/prefix_override:/usr/lib/python3/dist-packages/colcon_core/task/python/colcon_distutils_commands:/home/fourfold/dev/inmind_final_project_test/workspace/install/yolov8_webcam/lib/python3.10/site-packages:${PYTHONPATH} /usr/bin/python3 -W ignore:setup.py install is deprecated setup.py egg_info --egg-base ../../../build/yolov8_webcam build --build-base /home/fourfold/dev/inmind_final_project_test/workspace/build/yolov8_webcam/build install --record /home/fourfold/dev/inmind_final_project_test/workspace/build/yolov8_webcam/install.log --single-version-externally-managed install_data
[0.876s] running egg_info
[0.877s] writing ../../../build/yolov8_webcam/yolov8_webcam.egg-info/PKG-INFO
[0.877s] writing dependency_links to ../../../build/yolov8_webcam/yolov8_webcam.egg-info/dependency_links.txt
[0.877s] writing entry points to ../../../build/yolov8_webcam/yolov8_webcam.egg-info/entry_points.txt
[0.877s] writing requirements to ../../../build/yolov8_webcam/yolov8_webcam.egg-info/requires.txt
[0.877s] writing top-level names to ../../../build/yolov8_webcam/yolov8_webcam.egg-info/top_level.txt
[0.879s] reading manifest file '../../../build/yolov8_webcam/yolov8_webcam.egg-info/SOURCES.txt'
[0.879s] writing manifest file '../../../build/yolov8_webcam/yolov8_webcam.egg-info/SOURCES.txt'
[0.879s] running build
[0.879s] running build_py
[0.879s] running install
[0.879s] running install_lib
[0.880s] running install_data
[0.880s] running install_egg_info
[0.882s] removing '/home/fourfold/dev/inmind_final_project_test/workspace/install/yolov8_webcam/lib/python3.10/site-packages/yolov8_webcam-0.0.0-py3.10.egg-info' (and everything under it)
[0.882s] Copying ../../../build/yolov8_webcam/yolov8_webcam.egg-info to /home/fourfold/dev/inmind_final_project_test/workspace/install/yolov8_webcam/lib/python3.10/site-packages/yolov8_webcam-0.0.0-py3.10.egg-info
[0.883s] running install_scripts
[0.896s] Installing yolov8_node script to /home/fourfold/dev/inmind_final_project_test/workspace/install/yolov8_webcam/lib/yolov8_webcam
[0.896s] writing list of installed files to '/home/fourfold/dev/inmind_final_project_test/workspace/build/yolov8_webcam/install.log'
[0.920s] Invoked command in '/home/fourfold/dev/inmind_final_project_test/workspace/src/perception/yolov8_webcam' returned '0': PYTHONPATH=/home/fourfold/dev/inmind_final_project_test/workspace/build/yolov8_webcam/prefix_override:/usr/lib/python3/dist-packages/colcon_core/task/python/colcon_distutils_commands:/home/fourfold/dev/inmind_final_project_test/workspace/install/yolov8_webcam/lib/python3.10/site-packages:${PYTHONPATH} /usr/bin/python3 -W ignore:setup.py install is deprecated setup.py egg_info --egg-base ../../../build/yolov8_webcam build --build-base /home/fourfold/dev/inmind_final_project_test/workspace/build/yolov8_webcam/build install --record /home/fourfold/dev/inmind_final_project_test/workspace/build/yolov8_webcam/install.log --single-version-externally-managed install_data
