[0.005s] Invoking command in '/home/fourfold/dev/inmind_final_project_test/workspace/build/distance_check': AMENT_PREFIX_PATH=/home/fourfold/dev/inmind_final_project_test/workspace/install/distance_interfaces:${AMENT_PREFIX_PATH} CMAKE_PREFIX_PATH=/home/fourfold/dev/inmind_final_project_test/workspace/install/distance_interfaces:/home/fourfold/dev/inmind_final_project_test/workspace/install/main:/home/fourfold/dev/inmind_final_project_test/workspace/install/yellow_ball_finder:/home/fourfold/dev/inmind_final_project_test/workspace/install/distance_check:/home/fourfold/dev/inmind_final_project_test/workspace/install/detection_interfaces:/home/fourfold/dev/inmind_final_project_test/workspace/install/basic_navigation:/opt/ros/humble LD_LIBRARY_PATH=/home/fourfold/dev/inmind_final_project_test/workspace/install/distance_interfaces/lib:${LD_LIBRARY_PATH} PYTHONPATH=/home/fourfold/dev/inmind_final_project_test/workspace/install/distance_interfaces/local/lib/python3.10/dist-packages:${PYTHONPATH} /usr/bin/cmake --build /home/fourfold/dev/inmind_final_project_test/workspace/build/distance_check -- -j16 -l16
[0.019s] -- Found ament_cmake: 1.3.10 (/opt/ros/humble/share/ament_cmake/cmake)
[0.096s] -- Found rclcpp: 16.0.10 (/opt/ros/humble/share/rclcpp/cmake)
[0.112s] -- Found rosidl_generator_c: 3.1.5 (/opt/ros/humble/share/rosidl_generator_c/cmake)
[0.115s] -- Found rosidl_adapter: 3.1.5 (/opt/ros/humble/share/rosidl_adapter/cmake)
[0.118s] -- Found rosidl_generator_cpp: 3.1.5 (/opt/ros/humble/share/rosidl_generator_cpp/cmake)
[0.124s] -- Using all available rosidl_typesupport_c: rosidl_typesupport_fastrtps_c;rosidl_typesupport_introspection_c
[0.131s] -- Using all available rosidl_typesupport_cpp: rosidl_typesupport_fastrtps_cpp;rosidl_typesupport_introspection_cpp
[0.148s] -- Found rmw_implementation_cmake: 6.1.2 (/opt/ros/humble/share/rmw_implementation_cmake/cmake)
[0.149s] -- Found rmw_fastrtps_cpp: 6.2.7 (/opt/ros/humble/share/rmw_fastrtps_cpp/cmake)
[0.212s] -- Using RMW implementation 'rmw_fastrtps_cpp' as default
[0.239s] -- Found distance_interfaces: 0.0.0 (/home/fourfold/dev/inmind_final_project_test/workspace/install/distance_interfaces/share/distance_interfaces/cmake)
[0.244s] -- Found sensor_msgs: 4.2.4 (/opt/ros/humble/share/sensor_msgs/cmake)
[0.261s] -- Found ament_lint_auto: 0.12.11 (/opt/ros/humble/share/ament_lint_auto/cmake)
[0.299s] -- Added test 'cppcheck' to perform static code analysis on C / C++ code
[0.299s] -- Configured cppcheck include dirs: /home/fourfold/dev/inmind_final_project_test/workspace/src/perception/distance_check/include
[0.299s] -- Configured cppcheck exclude dirs and/or files: 
[0.299s] -- Added test 'lint_cmake' to check CMake code style
[0.300s] -- Added test 'uncrustify' to check C / C++ code style
[0.300s] -- Configured uncrustify additional arguments: 
[0.300s] -- Added test 'xmllint' to check XML markup files
[0.300s] -- Configuring done
[0.306s] -- Generating done
[0.307s] -- Build files have been written to: /home/fourfold/dev/inmind_final_project_test/workspace/build/distance_check
[0.330s] [ 50%] [32mBuilding CXX object CMakeFiles/distance_sensor_server.dir/src/distance_sensor_server.cpp.o[0m
[1.567s] In file included from [01m[K/home/fourfold/dev/inmind_final_project_test/workspace/src/perception/distance_check/src/distance_sensor_server.cpp:1[m[K:
[1.567s] [01m[K/home/fourfold/dev/inmind_final_project_test/workspace/src/perception/distance_check/include/distance_check/distance_sensor_server.h:[m[K In member function ‘[01m[Kvoid DistanceSensorServer::get_front_distance_callback(std::shared_ptr<distance_interfaces::srv::GetFrontDistance_Request_<std::allocator<void> > >, std::shared_ptr<distance_interfaces::srv::GetFrontDistance_Response_<std::allocator<void> > >)[m[K’:
[1.567s] [01m[K/home/fourfold/dev/inmind_final_project_test/workspace/src/perception/distance_check/include/distance_check/distance_sensor_server.h:23:113:[m[K [01;35m[Kwarning: [m[Kunused parameter ‘[01m[Krequest[m[K’ [[01;35m[K]8;;https://gcc.gnu.org/onlinedocs/gcc/Warning-Options.html#index-Wunused-parameter-Wunused-parameter]8;;[m[K]
[1.567s]    23 | [01;35m[Khared_ptr<distance_interfaces::srv::GetFrontDistance::Request> request[m[K,
[1.567s]       | [01;35m[K~~~~~~~~~~~~~~~~~~~~~~~~~~~~~~~~~~~~~~~~~~~~~~~~~~~~~~~~~~~~~~~^~~~~~~[m[K
[1.567s] 
[4.955s] [100%] [32m[1mLinking CXX executable distance_sensor_server[0m
[5.187s] [100%] Built target distance_sensor_server
[5.196s] Invoked command in '/home/fourfold/dev/inmind_final_project_test/workspace/build/distance_check' returned '0': AMENT_PREFIX_PATH=/home/fourfold/dev/inmind_final_project_test/workspace/install/distance_interfaces:${AMENT_PREFIX_PATH} CMAKE_PREFIX_PATH=/home/fourfold/dev/inmind_final_project_test/workspace/install/distance_interfaces:/home/fourfold/dev/inmind_final_project_test/workspace/install/main:/home/fourfold/dev/inmind_final_project_test/workspace/install/yellow_ball_finder:/home/fourfold/dev/inmind_final_project_test/workspace/install/distance_check:/home/fourfold/dev/inmind_final_project_test/workspace/install/detection_interfaces:/home/fourfold/dev/inmind_final_project_test/workspace/install/basic_navigation:/opt/ros/humble LD_LIBRARY_PATH=/home/fourfold/dev/inmind_final_project_test/workspace/install/distance_interfaces/lib:${LD_LIBRARY_PATH} PYTHONPATH=/home/fourfold/dev/inmind_final_project_test/workspace/install/distance_interfaces/local/lib/python3.10/dist-packages:${PYTHONPATH} /usr/bin/cmake --build /home/fourfold/dev/inmind_final_project_test/workspace/build/distance_check -- -j16 -l16
[5.220s] Invoking command in '/home/fourfold/dev/inmind_final_project_test/workspace/build/distance_check': AMENT_PREFIX_PATH=/home/fourfold/dev/inmind_final_project_test/workspace/install/distance_interfaces:${AMENT_PREFIX_PATH} CMAKE_PREFIX_PATH=/home/fourfold/dev/inmind_final_project_test/workspace/install/distance_interfaces:/home/fourfold/dev/inmind_final_project_test/workspace/install/main:/home/fourfold/dev/inmind_final_project_test/workspace/install/yellow_ball_finder:/home/fourfold/dev/inmind_final_project_test/workspace/install/distance_check:/home/fourfold/dev/inmind_final_project_test/workspace/install/detection_interfaces:/home/fourfold/dev/inmind_final_project_test/workspace/install/basic_navigation:/opt/ros/humble LD_LIBRARY_PATH=/home/fourfold/dev/inmind_final_project_test/workspace/install/distance_interfaces/lib:${LD_LIBRARY_PATH} PYTHONPATH=/home/fourfold/dev/inmind_final_project_test/workspace/install/distance_interfaces/local/lib/python3.10/dist-packages:${PYTHONPATH} /usr/bin/cmake --install /home/fourfold/dev/inmind_final_project_test/workspace/build/distance_check
[5.224s] -- Install configuration: ""
[5.224s] -- Installing: /home/fourfold/dev/inmind_final_project_test/workspace/install/distance_check/include/
[5.224s] -- Installing: /home/fourfold/dev/inmind_final_project_test/workspace/install/distance_check/include//distance_check
[5.224s] -- Installing: /home/fourfold/dev/inmind_final_project_test/workspace/install/distance_check/include//distance_check/gripper_object_at_correct_distance.h
[5.225s] -- Installing: /home/fourfold/dev/inmind_final_project_test/workspace/install/distance_check/include//distance_check/distance_sensor_server.h
[5.225s] -- Installing: /home/fourfold/dev/inmind_final_project_test/workspace/install/distance_check/lib/distance_check/distance_sensor_server
[5.227s] -- Set runtime path of "/home/fourfold/dev/inmind_final_project_test/workspace/install/distance_check/lib/distance_check/distance_sensor_server" to ""
[5.227s] -- Up-to-date: /home/fourfold/dev/inmind_final_project_test/workspace/install/distance_check/share/ament_index/resource_index/package_run_dependencies/distance_check
[5.227s] -- Up-to-date: /home/fourfold/dev/inmind_final_project_test/workspace/install/distance_check/share/ament_index/resource_index/parent_prefix_path/distance_check
[5.227s] -- Up-to-date: /home/fourfold/dev/inmind_final_project_test/workspace/install/distance_check/share/distance_check/environment/ament_prefix_path.sh
[5.227s] -- Installing: /home/fourfold/dev/inmind_final_project_test/workspace/install/distance_check/share/distance_check/environment/ament_prefix_path.dsv
[5.227s] -- Up-to-date: /home/fourfold/dev/inmind_final_project_test/workspace/install/distance_check/share/distance_check/environment/path.sh
[5.227s] -- Installing: /home/fourfold/dev/inmind_final_project_test/workspace/install/distance_check/share/distance_check/environment/path.dsv
[5.227s] -- Up-to-date: /home/fourfold/dev/inmind_final_project_test/workspace/install/distance_check/share/distance_check/local_setup.bash
[5.227s] -- Up-to-date: /home/fourfold/dev/inmind_final_project_test/workspace/install/distance_check/share/distance_check/local_setup.sh
[5.227s] -- Up-to-date: /home/fourfold/dev/inmind_final_project_test/workspace/install/distance_check/share/distance_check/local_setup.zsh
[5.227s] -- Installing: /home/fourfold/dev/inmind_final_project_test/workspace/install/distance_check/share/distance_check/local_setup.dsv
[5.227s] -- Installing: /home/fourfold/dev/inmind_final_project_test/workspace/install/distance_check/share/distance_check/package.dsv
[5.227s] -- Up-to-date: /home/fourfold/dev/inmind_final_project_test/workspace/install/distance_check/share/ament_index/resource_index/packages/distance_check
[5.227s] -- Installing: /home/fourfold/dev/inmind_final_project_test/workspace/install/distance_check/share/distance_check/cmake/ament_cmake_export_include_directories-extras.cmake
[5.227s] -- Installing: /home/fourfold/dev/inmind_final_project_test/workspace/install/distance_check/share/distance_check/cmake/distance_checkConfig.cmake
[5.227s] -- Up-to-date: /home/fourfold/dev/inmind_final_project_test/workspace/install/distance_check/share/distance_check/cmake/distance_checkConfig-version.cmake
[5.227s] -- Up-to-date: /home/fourfold/dev/inmind_final_project_test/workspace/install/distance_check/share/distance_check/package.xml
[5.228s] Invoked command in '/home/fourfold/dev/inmind_final_project_test/workspace/build/distance_check' returned '0': AMENT_PREFIX_PATH=/home/fourfold/dev/inmind_final_project_test/workspace/install/distance_interfaces:${AMENT_PREFIX_PATH} CMAKE_PREFIX_PATH=/home/fourfold/dev/inmind_final_project_test/workspace/install/distance_interfaces:/home/fourfold/dev/inmind_final_project_test/workspace/install/main:/home/fourfold/dev/inmind_final_project_test/workspace/install/yellow_ball_finder:/home/fourfold/dev/inmind_final_project_test/workspace/install/distance_check:/home/fourfold/dev/inmind_final_project_test/workspace/install/detection_interfaces:/home/fourfold/dev/inmind_final_project_test/workspace/install/basic_navigation:/opt/ros/humble LD_LIBRARY_PATH=/home/fourfold/dev/inmind_final_project_test/workspace/install/distance_interfaces/lib:${LD_LIBRARY_PATH} PYTHONPATH=/home/fourfold/dev/inmind_final_project_test/workspace/install/distance_interfaces/local/lib/python3.10/dist-packages:${PYTHONPATH} /usr/bin/cmake --install /home/fourfold/dev/inmind_final_project_test/workspace/build/distance_check
