[0.029s] Invoking command in '/home/makramgh/Desktop/Pepsi-Bot/workspace/build/distance_converter': CMAKE_PREFIX_PATH=/opt/ros/humble /usr/bin/cmake --build /home/makramgh/Desktop/Pepsi-Bot/workspace/build/distance_converter -- -j12 -l12
[0.778s] [35m[1mConsolidate compiler generated dependencies of target distance_converter[0m
[0.779s] [100%] Built target distance_converter
[0.790s] Invoked command in '/home/makramgh/Desktop/Pepsi-Bot/workspace/build/distance_converter' returned '0': CMAKE_PREFIX_PATH=/opt/ros/humble /usr/bin/cmake --build /home/makramgh/Desktop/Pepsi-Bot/workspace/build/distance_converter -- -j12 -l12
[0.800s] Invoking command in '/home/makramgh/Desktop/Pepsi-Bot/workspace/build/distance_converter': CMAKE_PREFIX_PATH=/opt/ros/humble /usr/bin/cmake --install /home/makramgh/Desktop/Pepsi-Bot/workspace/build/distance_converter
[0.808s] -- Install configuration: ""
[0.809s] -- Up-to-date: /home/makramgh/Desktop/Pepsi-Bot/workspace/install/distance_converter/lib/distance_converter/distance_converter
[0.812s] -- Up-to-date: /home/makramgh/Desktop/Pepsi-Bot/workspace/install/distance_converter/share/ament_index/resource_index/package_run_dependencies/distance_converter
[0.812s] -- Up-to-date: /home/makramgh/Desktop/Pepsi-Bot/workspace/install/distance_converter/share/ament_index/resource_index/parent_prefix_path/distance_converter
[0.813s] -- Up-to-date: /home/makramgh/Desktop/Pepsi-Bot/workspace/install/distance_converter/share/distance_converter/environment/ament_prefix_path.sh
[0.814s] -- Up-to-date: /home/makramgh/Desktop/Pepsi-Bot/workspace/install/distance_converter/share/distance_converter/environment/ament_prefix_path.dsv
[0.814s] -- Up-to-date: /home/makramgh/Desktop/Pepsi-Bot/workspace/install/distance_converter/share/distance_converter/environment/path.sh
[0.814s] -- Up-to-date: /home/makramgh/Desktop/Pepsi-Bot/workspace/install/distance_converter/share/distance_converter/environment/path.dsv
[0.815s] -- Up-to-date: /home/makramgh/Desktop/Pepsi-Bot/workspace/install/distance_converter/share/distance_converter/local_setup.bash
[0.815s] -- Up-to-date: /home/makramgh/Desktop/Pepsi-Bot/workspace/install/distance_converter/share/distance_converter/local_setup.sh
[0.815s] -- Up-to-date: /home/makramgh/Desktop/Pepsi-Bot/workspace/install/distance_converter/share/distance_converter/local_setup.zsh
[0.815s] -- Up-to-date: /home/makramgh/Desktop/Pepsi-Bot/workspace/install/distance_converter/share/distance_converter/local_setup.dsv
[0.815s] -- Installing: /home/makramgh/Desktop/Pepsi-Bot/workspace/install/distance_converter/share/distance_converter/package.dsv
[0.816s] -- Up-to-date: /home/makramgh/Desktop/Pepsi-Bot/workspace/install/distance_converter/share/ament_index/resource_index/packages/distance_converter
[0.817s] -- Up-to-date: /home/makramgh/Desktop/Pepsi-Bot/workspace/install/distance_converter/share/distance_converter/cmake/distance_converterConfig.cmake
[0.817s] -- Up-to-date: /home/makramgh/Desktop/Pepsi-Bot/workspace/install/distance_converter/share/distance_converter/cmake/distance_converterConfig-version.cmake
[0.817s] -- Up-to-date: /home/makramgh/Desktop/Pepsi-Bot/workspace/install/distance_converter/share/distance_converter/package.xml
[0.818s] Invoked command in '/home/makramgh/Desktop/Pepsi-Bot/workspace/build/distance_converter' returned '0': CMAKE_PREFIX_PATH=/opt/ros/humble /usr/bin/cmake --install /home/makramgh/Desktop/Pepsi-Bot/workspace/build/distance_converter
