[0.006s] Invoking command in '/home/fourfold/dev/inmind_final_project_test/workspace/build/yellow_ball_finder': CMAKE_PREFIX_PATH=/home/fourfold/dev/inmind_final_project_test/workspace/install/detection_interfaces:/home/fourfold/dev/inmind_final_project_test/workspace/install/main:/home/fourfold/dev/inmind_final_project_test/workspace/install/yellow_ball_finder:/home/fourfold/dev/inmind_final_project_test/workspace/install/basic_navigation:/opt/ros/humble /usr/bin/cmake --build /home/fourfold/dev/inmind_final_project_test/workspace/build/yellow_ball_finder -- -j16 -l16
[0.029s] -- Found ament_cmake: 1.3.10 (/opt/ros/humble/share/ament_cmake/cmake)
[0.112s] -- Found rclcpp: 16.0.10 (/opt/ros/humble/share/rclcpp/cmake)
[0.133s] -- Found rosidl_generator_c: 3.1.5 (/opt/ros/humble/share/rosidl_generator_c/cmake)
[0.135s] -- Found rosidl_adapter: 3.1.5 (/opt/ros/humble/share/rosidl_adapter/cmake)
[0.140s] -- Found rosidl_generator_cpp: 3.1.5 (/opt/ros/humble/share/rosidl_generator_cpp/cmake)
[0.147s] -- Using all available rosidl_typesupport_c: rosidl_typesupport_fastrtps_c;rosidl_typesupport_introspection_c
[0.156s] -- Using all available rosidl_typesupport_cpp: rosidl_typesupport_fastrtps_cpp;rosidl_typesupport_introspection_cpp
[0.177s] -- Found rmw_implementation_cmake: 6.1.2 (/opt/ros/humble/share/rmw_implementation_cmake/cmake)
[0.178s] -- Found rmw_fastrtps_cpp: 6.2.7 (/opt/ros/humble/share/rmw_fastrtps_cpp/cmake)
[0.244s] -- Using RMW implementation 'rmw_fastrtps_cpp' as default
[0.276s] -- Found sensor_msgs: 4.2.4 (/opt/ros/humble/share/sensor_msgs/cmake)
[0.294s] -- Found cv_bridge: 3.2.1 (/opt/ros/humble/share/cv_bridge/cmake)
[0.302s] -- Found rclcpp_action: 16.0.10 (/opt/ros/humble/share/rclcpp_action/cmake)
[0.322s] -- Found detection_interfaces: 0.0.0 (/home/fourfold/dev/inmind_final_project_test/workspace/install/detection_interfaces/share/detection_interfaces/cmake)
[0.331s] -- Found ament_lint_auto: 0.12.11 (/opt/ros/humble/share/ament_lint_auto/cmake)
[0.377s] -- Added test 'cppcheck' to perform static code analysis on C / C++ code
[0.377s] -- Configured cppcheck include dirs: /home/fourfold/dev/inmind_final_project_test/workspace/src/perception/yellow_ball_finder/include
[0.377s] -- Configured cppcheck exclude dirs and/or files: 
[0.378s] -- Added test 'flake8' to check Python code syntax and style conventions
[0.379s] -- Added test 'lint_cmake' to check CMake code style
[0.379s] -- Added test 'pep257' to check Python code against some of the docstring style conventions in PEP 257
[0.383s] -- Added test 'uncrustify' to check C / C++ code style
[0.383s] -- Configured uncrustify additional arguments: 
[0.384s] -- Added test 'xmllint' to check XML markup files
[0.385s] -- Configuring done
[0.395s] -- Generating done
[0.396s] -- Build files have been written to: /home/fourfold/dev/inmind_final_project_test/workspace/build/yellow_ball_finder
[0.416s] [35m[1mConsolidate compiler generated dependencies of target yellow_ball_action_server[0m
[0.426s] [100%] Built target yellow_ball_action_server
[0.435s] Invoked command in '/home/fourfold/dev/inmind_final_project_test/workspace/build/yellow_ball_finder' returned '0': CMAKE_PREFIX_PATH=/home/fourfold/dev/inmind_final_project_test/workspace/install/detection_interfaces:/home/fourfold/dev/inmind_final_project_test/workspace/install/main:/home/fourfold/dev/inmind_final_project_test/workspace/install/yellow_ball_finder:/home/fourfold/dev/inmind_final_project_test/workspace/install/basic_navigation:/opt/ros/humble /usr/bin/cmake --build /home/fourfold/dev/inmind_final_project_test/workspace/build/yellow_ball_finder -- -j16 -l16
[0.450s] Invoking command in '/home/fourfold/dev/inmind_final_project_test/workspace/build/yellow_ball_finder': CMAKE_PREFIX_PATH=/home/fourfold/dev/inmind_final_project_test/workspace/install/detection_interfaces:/home/fourfold/dev/inmind_final_project_test/workspace/install/main:/home/fourfold/dev/inmind_final_project_test/workspace/install/yellow_ball_finder:/home/fourfold/dev/inmind_final_project_test/workspace/install/basic_navigation:/opt/ros/humble /usr/bin/cmake --install /home/fourfold/dev/inmind_final_project_test/workspace/build/yellow_ball_finder
[0.455s] -- Install configuration: ""
[0.455s] -- Up-to-date: /home/fourfold/dev/inmind_final_project_test/workspace/install/yellow_ball_finder/include/
[0.455s] -- Up-to-date: /home/fourfold/dev/inmind_final_project_test/workspace/install/yellow_ball_finder/include//yellow_ball_finder
[0.456s] -- Up-to-date: /home/fourfold/dev/inmind_final_project_test/workspace/install/yellow_ball_finder/include//yellow_ball_finder/yellow_ball_action_server.h
[0.456s] -- Up-to-date: /home/fourfold/dev/inmind_final_project_test/workspace/install/yellow_ball_finder/include//yellow_ball_finder/find_yellow_ball.h
[0.456s] -- Up-to-date: /home/fourfold/dev/inmind_final_project_test/workspace/install/yellow_ball_finder/include//yellow_ball_finder/yellow_ball_follower.h
[0.456s] -- Up-to-date: /home/fourfold/dev/inmind_final_project_test/workspace/install/yellow_ball_finder/lib/yellow_ball_finder/yellow_ball_action_server
[0.456s] -- Up-to-date: /home/fourfold/dev/inmind_final_project_test/workspace/install/yellow_ball_finder/share/ament_index/resource_index/package_run_dependencies/yellow_ball_finder
[0.456s] -- Installing: /home/fourfold/dev/inmind_final_project_test/workspace/install/yellow_ball_finder/share/ament_index/resource_index/parent_prefix_path/yellow_ball_finder
[0.456s] -- Up-to-date: /home/fourfold/dev/inmind_final_project_test/workspace/install/yellow_ball_finder/share/yellow_ball_finder/environment/ament_prefix_path.sh
[0.456s] -- Installing: /home/fourfold/dev/inmind_final_project_test/workspace/install/yellow_ball_finder/share/yellow_ball_finder/environment/ament_prefix_path.dsv
[0.456s] -- Up-to-date: /home/fourfold/dev/inmind_final_project_test/workspace/install/yellow_ball_finder/share/yellow_ball_finder/environment/path.sh
[0.456s] -- Installing: /home/fourfold/dev/inmind_final_project_test/workspace/install/yellow_ball_finder/share/yellow_ball_finder/environment/path.dsv
[0.456s] -- Up-to-date: /home/fourfold/dev/inmind_final_project_test/workspace/install/yellow_ball_finder/share/yellow_ball_finder/local_setup.bash
[0.456s] -- Up-to-date: /home/fourfold/dev/inmind_final_project_test/workspace/install/yellow_ball_finder/share/yellow_ball_finder/local_setup.sh
[0.456s] -- Up-to-date: /home/fourfold/dev/inmind_final_project_test/workspace/install/yellow_ball_finder/share/yellow_ball_finder/local_setup.zsh
[0.456s] -- Installing: /home/fourfold/dev/inmind_final_project_test/workspace/install/yellow_ball_finder/share/yellow_ball_finder/local_setup.dsv
[0.456s] -- Installing: /home/fourfold/dev/inmind_final_project_test/workspace/install/yellow_ball_finder/share/yellow_ball_finder/package.dsv
[0.456s] -- Up-to-date: /home/fourfold/dev/inmind_final_project_test/workspace/install/yellow_ball_finder/share/ament_index/resource_index/packages/yellow_ball_finder
[0.456s] -- Up-to-date: /home/fourfold/dev/inmind_final_project_test/workspace/install/yellow_ball_finder/share/yellow_ball_finder/cmake/ament_cmake_export_include_directories-extras.cmake
[0.456s] -- Up-to-date: /home/fourfold/dev/inmind_final_project_test/workspace/install/yellow_ball_finder/share/yellow_ball_finder/cmake/yellow_ball_finderConfig.cmake
[0.456s] -- Up-to-date: /home/fourfold/dev/inmind_final_project_test/workspace/install/yellow_ball_finder/share/yellow_ball_finder/cmake/yellow_ball_finderConfig-version.cmake
[0.456s] -- Up-to-date: /home/fourfold/dev/inmind_final_project_test/workspace/install/yellow_ball_finder/share/yellow_ball_finder/package.xml
[0.457s] Invoked command in '/home/fourfold/dev/inmind_final_project_test/workspace/build/yellow_ball_finder' returned '0': CMAKE_PREFIX_PATH=/home/fourfold/dev/inmind_final_project_test/workspace/install/detection_interfaces:/home/fourfold/dev/inmind_final_project_test/workspace/install/main:/home/fourfold/dev/inmind_final_project_test/workspace/install/yellow_ball_finder:/home/fourfold/dev/inmind_final_project_test/workspace/install/basic_navigation:/opt/ros/humble /usr/bin/cmake --install /home/fourfold/dev/inmind_final_project_test/workspace/build/yellow_ball_finder
