[0.006s] Invoking command in '/home/fourfold/dev/inmind_final_project_test/workspace/build/basic_navigation': CMAKE_PREFIX_PATH=/opt/ros/humble /usr/bin/cmake --build /home/fourfold/dev/inmind_final_project_test/workspace/build/basic_navigation -- -j16 -l16
[0.022s] -- Found ament_cmake: 1.3.10 (/opt/ros/humble/share/ament_cmake/cmake)
[0.095s] -- Found rclcpp: 16.0.10 (/opt/ros/humble/share/rclcpp/cmake)
[0.110s] -- Found rosidl_generator_c: 3.1.5 (/opt/ros/humble/share/rosidl_generator_c/cmake)
[0.111s] -- Found rosidl_adapter: 3.1.5 (/opt/ros/humble/share/rosidl_adapter/cmake)
[0.114s] -- Found rosidl_generator_cpp: 3.1.5 (/opt/ros/humble/share/rosidl_generator_cpp/cmake)
[0.119s] -- Using all available rosidl_typesupport_c: rosidl_typesupport_fastrtps_c;rosidl_typesupport_introspection_c
[0.125s] -- Using all available rosidl_typesupport_cpp: rosidl_typesupport_fastrtps_cpp;rosidl_typesupport_introspection_cpp
[0.142s] -- Found rmw_implementation_cmake: 6.1.2 (/opt/ros/humble/share/rmw_implementation_cmake/cmake)
[0.143s] -- Found rmw_fastrtps_cpp: 6.2.7 (/opt/ros/humble/share/rmw_fastrtps_cpp/cmake)
[0.200s] -- Using RMW implementation 'rmw_fastrtps_cpp' as default
[0.225s] -- Found geometry_msgs: 4.2.4 (/opt/ros/humble/share/geometry_msgs/cmake)
[0.231s] -- Found ament_lint_auto: 0.12.11 (/opt/ros/humble/share/ament_lint_auto/cmake)
[0.267s] -- Added test 'cppcheck' to perform static code analysis on C / C++ code
[0.267s] -- Configured cppcheck include dirs: /home/fourfold/dev/inmind_final_project_test/workspace/src/navigation/basic_navigation/include
[0.267s] -- Configured cppcheck exclude dirs and/or files: 
[0.267s] -- Added test 'lint_cmake' to check CMake code style
[0.267s] -- Added test 'uncrustify' to check C / C++ code style
[0.268s] -- Configured uncrustify additional arguments: 
[0.268s] -- Added test 'xmllint' to check XML markup files
[0.268s] -- Configuring done
[0.270s] [0mCMake Error: Cannot determine link language for target "move_forward_node".[0m
[0.270s] [0mCMake Error: CMake can not determine linker language for target: move_forward_node[0m
[0.271s] -- Generating done
[0.272s] [0mCMake Generate step failed.  Build files cannot be regenerated correctly.[0m
[0.276s] gmake: *** [Makefile:281: cmake_check_build_system] Error 1
[0.277s] Invoked command in '/home/fourfold/dev/inmind_final_project_test/workspace/build/basic_navigation' returned '2': CMAKE_PREFIX_PATH=/opt/ros/humble /usr/bin/cmake --build /home/fourfold/dev/inmind_final_project_test/workspace/build/basic_navigation -- -j16 -l16
