-- Found ament_cmake: 1.3.10 (/opt/ros/humble/share/ament_cmake/cmake)
-- Found rosidl_default_generators: 1.2.0 (/opt/ros/humble/share/rosidl_default_generators/cmake)
-- Using all available rosidl_typesupport_c: rosidl_typesupport_fastrtps_c;rosidl_typesupport_introspection_c
-- Found rosidl_adapter: 3.1.5 (/opt/ros/humble/share/rosidl_adapter/cmake)
-- Using all available rosidl_typesupport_cpp: rosidl_typesupport_fastrtps_cpp;rosidl_typesupport_introspection_cpp
-- Found ament_cmake_ros: 0.10.0 (/opt/ros/humble/share/ament_cmake_ros/cmake)
-- Using all available rosidl_typesupport_c: rosidl_typesupport_fastrtps_c;rosidl_typesupport_introspection_c
-- Using all available rosidl_typesupport_cpp: rosidl_typesupport_fastrtps_cpp;rosidl_typesupport_introspection_cpp
-- Found python_cmake_module: 0.10.0 (/opt/ros/humble/share/python_cmake_module/cmake)
-- Using PYTHON_EXECUTABLE: /usr/bin/python3
-- Using PYTHON_INCLUDE_DIRS: /usr/include/python3.10
-- Using PYTHON_LIBRARIES: /usr/lib/x86_64-linux-gnu/libpython3.10.so
-- Found ament_lint_auto: 0.12.11 (/opt/ros/humble/share/ament_lint_auto/cmake)
-- Added test 'lint_cmake' to check CMake code style
-- Added test 'xmllint' to check XML markup files
-- Configuring done
-- Generating done
-- Build files have been written to: /home/fourfold/dev/inmind_final_project_test/workspace/build/distance_interfaces
[  3%] [34m[1mGenerating C code for ROS interfaces[0m
[  6%] [34m[1mGenerating C++ code for ROS interfaces[0m
[  6%] Built target ament_cmake_python_copy_distance_interfaces
running egg_info
writing distance_interfaces.egg-info/PKG-INFO
writing dependency_links to distance_interfaces.egg-info/dependency_links.txt
writing top-level names to distance_interfaces.egg-info/top_level.txt
reading manifest file 'distance_interfaces.egg-info/SOURCES.txt'
writing manifest file 'distance_interfaces.egg-info/SOURCES.txt'
[  6%] Built target distance_interfaces__cpp
[ 12%] [34m[1mGenerating C++ type support for eProsima Fast-RTPS[0m
[ 12%] [34m[1mGenerating C++ introspection for ROS interfaces[0m
[ 16%] [32mBuilding C object CMakeFiles/distance_interfaces__rosidl_generator_c.dir/rosidl_generator_c/distance_interfaces/srv/detail/get_front_distance__functions.c.o[0m
[ 19%] [34m[1mGenerating C++ type support dispatch for ROS interfaces[0m
[ 19%] Built target ament_cmake_python_build_distance_interfaces_egg
[ 22%] [32m[1mLinking C shared library libdistance_interfaces__rosidl_generator_c.so[0m
[ 22%] Built target distance_interfaces__rosidl_generator_c
[ 25%] [34m[1mGenerating C type support dispatch for ROS interfaces[0m
[ 29%] [34m[1mGenerating C introspection for ROS interfaces[0m
[ 32%] [34m[1mGenerating C type support for eProsima Fast-RTPS[0m
[ 35%] [32mBuilding CXX object CMakeFiles/distance_interfaces__rosidl_typesupport_cpp.dir/rosidl_typesupport_cpp/distance_interfaces/srv/get_front_distance__type_support.cpp.o[0m
[ 38%] [32mBuilding CXX object CMakeFiles/distance_interfaces__rosidl_typesupport_introspection_cpp.dir/rosidl_typesupport_introspection_cpp/distance_interfaces/srv/detail/get_front_distance__type_support.cpp.o[0m
[ 41%] [32mBuilding CXX object CMakeFiles/distance_interfaces__rosidl_typesupport_fastrtps_cpp.dir/rosidl_typesupport_fastrtps_cpp/distance_interfaces/srv/detail/dds_fastrtps/get_front_distance__type_support.cpp.o[0m
[ 45%] [32mBuilding CXX object CMakeFiles/distance_interfaces__rosidl_typesupport_c.dir/rosidl_typesupport_c/distance_interfaces/srv/get_front_distance__type_support.cpp.o[0m
[ 48%] [32mBuilding CXX object CMakeFiles/distance_interfaces__rosidl_typesupport_fastrtps_c.dir/rosidl_typesupport_fastrtps_c/distance_interfaces/srv/detail/get_front_distance__type_support_c.cpp.o[0m
[ 51%] [32mBuilding C object CMakeFiles/distance_interfaces__rosidl_typesupport_introspection_c.dir/rosidl_typesupport_introspection_c/distance_interfaces/srv/detail/get_front_distance__type_support.c.o[0m
[ 54%] [32m[1mLinking CXX shared library libdistance_interfaces__rosidl_typesupport_c.so[0m
[ 58%] [32m[1mLinking C shared library libdistance_interfaces__rosidl_typesupport_introspection_c.so[0m
[ 58%] Built target distance_interfaces__rosidl_typesupport_c
[ 58%] Built target distance_interfaces__rosidl_typesupport_introspection_c
[ 61%] [32m[1mLinking CXX shared library libdistance_interfaces__rosidl_typesupport_cpp.so[0m
[ 61%] Built target distance_interfaces__rosidl_typesupport_cpp
[ 64%] [32m[1mLinking CXX shared library libdistance_interfaces__rosidl_typesupport_introspection_cpp.so[0m
[ 67%] [32m[1mLinking CXX shared library libdistance_interfaces__rosidl_typesupport_fastrtps_cpp.so[0m
[ 67%] Built target distance_interfaces__rosidl_typesupport_introspection_cpp
[ 70%] [32m[1mLinking CXX shared library libdistance_interfaces__rosidl_typesupport_fastrtps_c.so[0m
[ 70%] Built target distance_interfaces__rosidl_typesupport_fastrtps_cpp
[ 70%] Built target distance_interfaces__rosidl_typesupport_fastrtps_c
[ 70%] Built target distance_interfaces
[ 74%] [34m[1mGenerating Python code for ROS interfaces[0m
[ 74%] Built target distance_interfaces__py
[ 77%] [32mBuilding C object CMakeFiles/distance_interfaces__rosidl_generator_py.dir/rosidl_generator_py/distance_interfaces/srv/_get_front_distance_s.c.o[0m
[ 80%] [32m[1mLinking C shared library rosidl_generator_py/distance_interfaces/libdistance_interfaces__rosidl_generator_py.so[0m
[ 80%] Built target distance_interfaces__rosidl_generator_py
[ 83%] [32mBuilding C object CMakeFiles/distance_interfaces__rosidl_typesupport_introspection_c__pyext.dir/rosidl_generator_py/distance_interfaces/_distance_interfaces_s.ep.rosidl_typesupport_introspection_c.c.o[0m
[ 87%] [32mBuilding C object CMakeFiles/distance_interfaces__rosidl_typesupport_c__pyext.dir/rosidl_generator_py/distance_interfaces/_distance_interfaces_s.ep.rosidl_typesupport_c.c.o[0m
[ 90%] [32mBuilding C object CMakeFiles/distance_interfaces__rosidl_typesupport_fastrtps_c__pyext.dir/rosidl_generator_py/distance_interfaces/_distance_interfaces_s.ep.rosidl_typesupport_fastrtps_c.c.o[0m
[ 93%] [32m[1mLinking C shared library rosidl_generator_py/distance_interfaces/distance_interfaces_s__rosidl_typesupport_c.cpython-310-x86_64-linux-gnu.so[0m
[ 96%] [32m[1mLinking C shared library rosidl_generator_py/distance_interfaces/distance_interfaces_s__rosidl_typesupport_introspection_c.cpython-310-x86_64-linux-gnu.so[0m
[100%] [32m[1mLinking C shared library rosidl_generator_py/distance_interfaces/distance_interfaces_s__rosidl_typesupport_fastrtps_c.cpython-310-x86_64-linux-gnu.so[0m
[100%] Built target distance_interfaces__rosidl_typesupport_introspection_c__pyext
[100%] Built target distance_interfaces__rosidl_typesupport_c__pyext
[100%] Built target distance_interfaces__rosidl_typesupport_fastrtps_c__pyext
-- Install configuration: ""
-- Installing: /home/fourfold/dev/inmind_final_project_test/workspace/install/distance_interfaces/share/ament_index/resource_index/rosidl_interfaces/distance_interfaces
-- Installing: /home/fourfold/dev/inmind_final_project_test/workspace/install/distance_interfaces/include/distance_interfaces/distance_interfaces
-- Installing: /home/fourfold/dev/inmind_final_project_test/workspace/install/distance_interfaces/include/distance_interfaces/distance_interfaces/msg
-- Installing: /home/fourfold/dev/inmind_final_project_test/workspace/install/distance_interfaces/include/distance_interfaces/distance_interfaces/msg/rosidl_generator_c__visibility_control.h
-- Installing: /home/fourfold/dev/inmind_final_project_test/workspace/install/distance_interfaces/include/distance_interfaces/distance_interfaces/srv
-- Installing: /home/fourfold/dev/inmind_final_project_test/workspace/install/distance_interfaces/include/distance_interfaces/distance_interfaces/srv/detail
-- Installing: /home/fourfold/dev/inmind_final_project_test/workspace/install/distance_interfaces/include/distance_interfaces/distance_interfaces/srv/detail/get_front_distance__type_support.h
-- Installing: /home/fourfold/dev/inmind_final_project_test/workspace/install/distance_interfaces/include/distance_interfaces/distance_interfaces/srv/detail/get_front_distance__functions.c
-- Installing: /home/fourfold/dev/inmind_final_project_test/workspace/install/distance_interfaces/include/distance_interfaces/distance_interfaces/srv/detail/get_front_distance__functions.h
-- Installing: /home/fourfold/dev/inmind_final_project_test/workspace/install/distance_interfaces/include/distance_interfaces/distance_interfaces/srv/detail/get_front_distance__struct.h
-- Installing: /home/fourfold/dev/inmind_final_project_test/workspace/install/distance_interfaces/include/distance_interfaces/distance_interfaces/srv/get_front_distance.h
-- Installing: /home/fourfold/dev/inmind_final_project_test/workspace/install/distance_interfaces/share/distance_interfaces/environment/library_path.sh
-- Installing: /home/fourfold/dev/inmind_final_project_test/workspace/install/distance_interfaces/share/distance_interfaces/environment/library_path.dsv
-- Installing: /home/fourfold/dev/inmind_final_project_test/workspace/install/distance_interfaces/lib/libdistance_interfaces__rosidl_generator_c.so
-- Set runtime path of "/home/fourfold/dev/inmind_final_project_test/workspace/install/distance_interfaces/lib/libdistance_interfaces__rosidl_generator_c.so" to ""
-- Up-to-date: /home/fourfold/dev/inmind_final_project_test/workspace/install/distance_interfaces/include/distance_interfaces/distance_interfaces
-- Up-to-date: /home/fourfold/dev/inmind_final_project_test/workspace/install/distance_interfaces/include/distance_interfaces/distance_interfaces/msg
-- Installing: /home/fourfold/dev/inmind_final_project_test/workspace/install/distance_interfaces/include/distance_interfaces/distance_interfaces/msg/rosidl_typesupport_fastrtps_c__visibility_control.h
-- Up-to-date: /home/fourfold/dev/inmind_final_project_test/workspace/install/distance_interfaces/include/distance_interfaces/distance_interfaces/srv
-- Up-to-date: /home/fourfold/dev/inmind_final_project_test/workspace/install/distance_interfaces/include/distance_interfaces/distance_interfaces/srv/detail
-- Installing: /home/fourfold/dev/inmind_final_project_test/workspace/install/distance_interfaces/include/distance_interfaces/distance_interfaces/srv/detail/get_front_distance__rosidl_typesupport_fastrtps_c.h
-- Installing: /home/fourfold/dev/inmind_final_project_test/workspace/install/distance_interfaces/lib/libdistance_interfaces__rosidl_typesupport_fastrtps_c.so
-- Set runtime path of "/home/fourfold/dev/inmind_final_project_test/workspace/install/distance_interfaces/lib/libdistance_interfaces__rosidl_typesupport_fastrtps_c.so" to ""
-- Up-to-date: /home/fourfold/dev/inmind_final_project_test/workspace/install/distance_interfaces/include/distance_interfaces/distance_interfaces
-- Up-to-date: /home/fourfold/dev/inmind_final_project_test/workspace/install/distance_interfaces/include/distance_interfaces/distance_interfaces/msg
-- Installing: /home/fourfold/dev/inmind_final_project_test/workspace/install/distance_interfaces/include/distance_interfaces/distance_interfaces/msg/rosidl_typesupport_introspection_c__visibility_control.h
-- Up-to-date: /home/fourfold/dev/inmind_final_project_test/workspace/install/distance_interfaces/include/distance_interfaces/distance_interfaces/srv
-- Up-to-date: /home/fourfold/dev/inmind_final_project_test/workspace/install/distance_interfaces/include/distance_interfaces/distance_interfaces/srv/detail
-- Installing: /home/fourfold/dev/inmind_final_project_test/workspace/install/distance_interfaces/include/distance_interfaces/distance_interfaces/srv/detail/get_front_distance__type_support.c
-- Installing: /home/fourfold/dev/inmind_final_project_test/workspace/install/distance_interfaces/include/distance_interfaces/distance_interfaces/srv/detail/get_front_distance__rosidl_typesupport_introspection_c.h
-- Installing: /home/fourfold/dev/inmind_final_project_test/workspace/install/distance_interfaces/lib/libdistance_interfaces__rosidl_typesupport_introspection_c.so
-- Set runtime path of "/home/fourfold/dev/inmind_final_project_test/workspace/install/distance_interfaces/lib/libdistance_interfaces__rosidl_typesupport_introspection_c.so" to ""
-- Installing: /home/fourfold/dev/inmind_final_project_test/workspace/install/distance_interfaces/lib/libdistance_interfaces__rosidl_typesupport_c.so
-- Set runtime path of "/home/fourfold/dev/inmind_final_project_test/workspace/install/distance_interfaces/lib/libdistance_interfaces__rosidl_typesupport_c.so" to ""
-- Up-to-date: /home/fourfold/dev/inmind_final_project_test/workspace/install/distance_interfaces/include/distance_interfaces/distance_interfaces
-- Up-to-date: /home/fourfold/dev/inmind_final_project_test/workspace/install/distance_interfaces/include/distance_interfaces/distance_interfaces/srv
-- Up-to-date: /home/fourfold/dev/inmind_final_project_test/workspace/install/distance_interfaces/include/distance_interfaces/distance_interfaces/srv/detail
-- Installing: /home/fourfold/dev/inmind_final_project_test/workspace/install/distance_interfaces/include/distance_interfaces/distance_interfaces/srv/detail/get_front_distance__struct.hpp
-- Installing: /home/fourfold/dev/inmind_final_project_test/workspace/install/distance_interfaces/include/distance_interfaces/distance_interfaces/srv/detail/get_front_distance__traits.hpp
-- Installing: /home/fourfold/dev/inmind_final_project_test/workspace/install/distance_interfaces/include/distance_interfaces/distance_interfaces/srv/detail/get_front_distance__builder.hpp
-- Installing: /home/fourfold/dev/inmind_final_project_test/workspace/install/distance_interfaces/include/distance_interfaces/distance_interfaces/srv/get_front_distance.hpp
-- Up-to-date: /home/fourfold/dev/inmind_final_project_test/workspace/install/distance_interfaces/include/distance_interfaces/distance_interfaces
-- Up-to-date: /home/fourfold/dev/inmind_final_project_test/workspace/install/distance_interfaces/include/distance_interfaces/distance_interfaces/msg
-- Installing: /home/fourfold/dev/inmind_final_project_test/workspace/install/distance_interfaces/include/distance_interfaces/distance_interfaces/msg/rosidl_typesupport_fastrtps_cpp__visibility_control.h
-- Up-to-date: /home/fourfold/dev/inmind_final_project_test/workspace/install/distance_interfaces/include/distance_interfaces/distance_interfaces/srv
-- Up-to-date: /home/fourfold/dev/inmind_final_project_test/workspace/install/distance_interfaces/include/distance_interfaces/distance_interfaces/srv/detail
-- Installing: /home/fourfold/dev/inmind_final_project_test/workspace/install/distance_interfaces/include/distance_interfaces/distance_interfaces/srv/detail/get_front_distance__rosidl_typesupport_fastrtps_cpp.hpp
-- Installing: /home/fourfold/dev/inmind_final_project_test/workspace/install/distance_interfaces/include/distance_interfaces/distance_interfaces/srv/detail/dds_fastrtps
-- Installing: /home/fourfold/dev/inmind_final_project_test/workspace/install/distance_interfaces/lib/libdistance_interfaces__rosidl_typesupport_fastrtps_cpp.so
-- Set runtime path of "/home/fourfold/dev/inmind_final_project_test/workspace/install/distance_interfaces/lib/libdistance_interfaces__rosidl_typesupport_fastrtps_cpp.so" to ""
-- Up-to-date: /home/fourfold/dev/inmind_final_project_test/workspace/install/distance_interfaces/include/distance_interfaces/distance_interfaces
-- Up-to-date: /home/fourfold/dev/inmind_final_project_test/workspace/install/distance_interfaces/include/distance_interfaces/distance_interfaces/srv
-- Up-to-date: /home/fourfold/dev/inmind_final_project_test/workspace/install/distance_interfaces/include/distance_interfaces/distance_interfaces/srv/detail
-- Installing: /home/fourfold/dev/inmind_final_project_test/workspace/install/distance_interfaces/include/distance_interfaces/distance_interfaces/srv/detail/get_front_distance__type_support.cpp
-- Installing: /home/fourfold/dev/inmind_final_project_test/workspace/install/distance_interfaces/include/distance_interfaces/distance_interfaces/srv/detail/get_front_distance__rosidl_typesupport_introspection_cpp.hpp
-- Installing: /home/fourfold/dev/inmind_final_project_test/workspace/install/distance_interfaces/lib/libdistance_interfaces__rosidl_typesupport_introspection_cpp.so
-- Set runtime path of "/home/fourfold/dev/inmind_final_project_test/workspace/install/distance_interfaces/lib/libdistance_interfaces__rosidl_typesupport_introspection_cpp.so" to ""
-- Installing: /home/fourfold/dev/inmind_final_project_test/workspace/install/distance_interfaces/lib/libdistance_interfaces__rosidl_typesupport_cpp.so
-- Set runtime path of "/home/fourfold/dev/inmind_final_project_test/workspace/install/distance_interfaces/lib/libdistance_interfaces__rosidl_typesupport_cpp.so" to ""
-- Installing: /home/fourfold/dev/inmind_final_project_test/workspace/install/distance_interfaces/share/distance_interfaces/environment/pythonpath.sh
-- Installing: /home/fourfold/dev/inmind_final_project_test/workspace/install/distance_interfaces/share/distance_interfaces/environment/pythonpath.dsv
-- Installing: /home/fourfold/dev/inmind_final_project_test/workspace/install/distance_interfaces/local/lib/python3.10/dist-packages/distance_interfaces-0.0.0-py3.10.egg-info
-- Installing: /home/fourfold/dev/inmind_final_project_test/workspace/install/distance_interfaces/local/lib/python3.10/dist-packages/distance_interfaces-0.0.0-py3.10.egg-info/SOURCES.txt
-- Installing: /home/fourfold/dev/inmind_final_project_test/workspace/install/distance_interfaces/local/lib/python3.10/dist-packages/distance_interfaces-0.0.0-py3.10.egg-info/top_level.txt
-- Installing: /home/fourfold/dev/inmind_final_project_test/workspace/install/distance_interfaces/local/lib/python3.10/dist-packages/distance_interfaces-0.0.0-py3.10.egg-info/PKG-INFO
-- Installing: /home/fourfold/dev/inmind_final_project_test/workspace/install/distance_interfaces/local/lib/python3.10/dist-packages/distance_interfaces-0.0.0-py3.10.egg-info/dependency_links.txt
-- Installing: /home/fourfold/dev/inmind_final_project_test/workspace/install/distance_interfaces/local/lib/python3.10/dist-packages/distance_interfaces
-- Installing: /home/fourfold/dev/inmind_final_project_test/workspace/install/distance_interfaces/local/lib/python3.10/dist-packages/distance_interfaces/_distance_interfaces_s.ep.rosidl_typesupport_fastrtps_c.c
-- Installing: /home/fourfold/dev/inmind_final_project_test/workspace/install/distance_interfaces/local/lib/python3.10/dist-packages/distance_interfaces/distance_interfaces_s__rosidl_typesupport_fastrtps_c.cpython-310-x86_64-linux-gnu.so
-- Installing: /home/fourfold/dev/inmind_final_project_test/workspace/install/distance_interfaces/local/lib/python3.10/dist-packages/distance_interfaces/distance_interfaces_s__rosidl_typesupport_introspection_c.cpython-310-x86_64-linux-gnu.so
-- Installing: /home/fourfold/dev/inmind_final_project_test/workspace/install/distance_interfaces/local/lib/python3.10/dist-packages/distance_interfaces/distance_interfaces_s__rosidl_typesupport_c.cpython-310-x86_64-linux-gnu.so
-- Installing: /home/fourfold/dev/inmind_final_project_test/workspace/install/distance_interfaces/local/lib/python3.10/dist-packages/distance_interfaces/_distance_interfaces_s.ep.rosidl_typesupport_introspection_c.c
-- Installing: /home/fourfold/dev/inmind_final_project_test/workspace/install/distance_interfaces/local/lib/python3.10/dist-packages/distance_interfaces/_distance_interfaces_s.ep.rosidl_typesupport_c.c
-- Installing: /home/fourfold/dev/inmind_final_project_test/workspace/install/distance_interfaces/local/lib/python3.10/dist-packages/distance_interfaces/libdistance_interfaces__rosidl_generator_py.so
-- Installing: /home/fourfold/dev/inmind_final_project_test/workspace/install/distance_interfaces/local/lib/python3.10/dist-packages/distance_interfaces/srv
-- Installing: /home/fourfold/dev/inmind_final_project_test/workspace/install/distance_interfaces/local/lib/python3.10/dist-packages/distance_interfaces/srv/_get_front_distance.py
-- Installing: /home/fourfold/dev/inmind_final_project_test/workspace/install/distance_interfaces/local/lib/python3.10/dist-packages/distance_interfaces/srv/_get_front_distance_s.c
-- Installing: /home/fourfold/dev/inmind_final_project_test/workspace/install/distance_interfaces/local/lib/python3.10/dist-packages/distance_interfaces/srv/__init__.py
-- Installing: /home/fourfold/dev/inmind_final_project_test/workspace/install/distance_interfaces/local/lib/python3.10/dist-packages/distance_interfaces/__init__.py
Listing '/home/fourfold/dev/inmind_final_project_test/workspace/install/distance_interfaces/local/lib/python3.10/dist-packages/distance_interfaces'...
Compiling '/home/fourfold/dev/inmind_final_project_test/workspace/install/distance_interfaces/local/lib/python3.10/dist-packages/distance_interfaces/__init__.py'...
Listing '/home/fourfold/dev/inmind_final_project_test/workspace/install/distance_interfaces/local/lib/python3.10/dist-packages/distance_interfaces/srv'...
Compiling '/home/fourfold/dev/inmind_final_project_test/workspace/install/distance_interfaces/local/lib/python3.10/dist-packages/distance_interfaces/srv/__init__.py'...
Compiling '/home/fourfold/dev/inmind_final_project_test/workspace/install/distance_interfaces/local/lib/python3.10/dist-packages/distance_interfaces/srv/_get_front_distance.py'...
-- Installing: /home/fourfold/dev/inmind_final_project_test/workspace/install/distance_interfaces/local/lib/python3.10/dist-packages/distance_interfaces/distance_interfaces_s__rosidl_typesupport_fastrtps_c.cpython-310-x86_64-linux-gnu.so
-- Set runtime path of "/home/fourfold/dev/inmind_final_project_test/workspace/install/distance_interfaces/local/lib/python3.10/dist-packages/distance_interfaces/distance_interfaces_s__rosidl_typesupport_fastrtps_c.cpython-310-x86_64-linux-gnu.so" to ""
-- Installing: /home/fourfold/dev/inmind_final_project_test/workspace/install/distance_interfaces/local/lib/python3.10/dist-packages/distance_interfaces/distance_interfaces_s__rosidl_typesupport_introspection_c.cpython-310-x86_64-linux-gnu.so
-- Set runtime path of "/home/fourfold/dev/inmind_final_project_test/workspace/install/distance_interfaces/local/lib/python3.10/dist-packages/distance_interfaces/distance_interfaces_s__rosidl_typesupport_introspection_c.cpython-310-x86_64-linux-gnu.so" to ""
-- Installing: /home/fourfold/dev/inmind_final_project_test/workspace/install/distance_interfaces/local/lib/python3.10/dist-packages/distance_interfaces/distance_interfaces_s__rosidl_typesupport_c.cpython-310-x86_64-linux-gnu.so
-- Set runtime path of "/home/fourfold/dev/inmind_final_project_test/workspace/install/distance_interfaces/local/lib/python3.10/dist-packages/distance_interfaces/distance_interfaces_s__rosidl_typesupport_c.cpython-310-x86_64-linux-gnu.so" to ""
-- Installing: /home/fourfold/dev/inmind_final_project_test/workspace/install/distance_interfaces/lib/libdistance_interfaces__rosidl_generator_py.so
-- Set runtime path of "/home/fourfold/dev/inmind_final_project_test/workspace/install/distance_interfaces/lib/libdistance_interfaces__rosidl_generator_py.so" to ""
-- Installing: /home/fourfold/dev/inmind_final_project_test/workspace/install/distance_interfaces/share/distance_interfaces/srv/GetFrontDistance.idl
-- Installing: /home/fourfold/dev/inmind_final_project_test/workspace/install/distance_interfaces/share/distance_interfaces/srv/GetFrontDistance.srv
-- Installing: /home/fourfold/dev/inmind_final_project_test/workspace/install/distance_interfaces/share/distance_interfaces/srv/GetFrontDistance_Request.msg
-- Installing: /home/fourfold/dev/inmind_final_project_test/workspace/install/distance_interfaces/share/distance_interfaces/srv/GetFrontDistance_Response.msg
-- Installing: /home/fourfold/dev/inmind_final_project_test/workspace/install/distance_interfaces/share/ament_index/resource_index/package_run_dependencies/distance_interfaces
-- Installing: /home/fourfold/dev/inmind_final_project_test/workspace/install/distance_interfaces/share/ament_index/resource_index/parent_prefix_path/distance_interfaces
-- Installing: /home/fourfold/dev/inmind_final_project_test/workspace/install/distance_interfaces/share/distance_interfaces/environment/ament_prefix_path.sh
-- Installing: /home/fourfold/dev/inmind_final_project_test/workspace/install/distance_interfaces/share/distance_interfaces/environment/ament_prefix_path.dsv
-- Installing: /home/fourfold/dev/inmind_final_project_test/workspace/install/distance_interfaces/share/distance_interfaces/environment/path.sh
-- Installing: /home/fourfold/dev/inmind_final_project_test/workspace/install/distance_interfaces/share/distance_interfaces/environment/path.dsv
-- Installing: /home/fourfold/dev/inmind_final_project_test/workspace/install/distance_interfaces/share/distance_interfaces/local_setup.bash
-- Installing: /home/fourfold/dev/inmind_final_project_test/workspace/install/distance_interfaces/share/distance_interfaces/local_setup.sh
-- Installing: /home/fourfold/dev/inmind_final_project_test/workspace/install/distance_interfaces/share/distance_interfaces/local_setup.zsh
-- Installing: /home/fourfold/dev/inmind_final_project_test/workspace/install/distance_interfaces/share/distance_interfaces/local_setup.dsv
-- Installing: /home/fourfold/dev/inmind_final_project_test/workspace/install/distance_interfaces/share/distance_interfaces/package.dsv
-- Installing: /home/fourfold/dev/inmind_final_project_test/workspace/install/distance_interfaces/share/ament_index/resource_index/packages/distance_interfaces
-- Installing: /home/fourfold/dev/inmind_final_project_test/workspace/install/distance_interfaces/share/distance_interfaces/cmake/export_distance_interfaces__rosidl_generator_cExport.cmake
-- Installing: /home/fourfold/dev/inmind_final_project_test/workspace/install/distance_interfaces/share/distance_interfaces/cmake/export_distance_interfaces__rosidl_generator_cExport-noconfig.cmake
-- Installing: /home/fourfold/dev/inmind_final_project_test/workspace/install/distance_interfaces/share/distance_interfaces/cmake/export_distance_interfaces__rosidl_typesupport_fastrtps_cExport.cmake
-- Installing: /home/fourfold/dev/inmind_final_project_test/workspace/install/distance_interfaces/share/distance_interfaces/cmake/export_distance_interfaces__rosidl_typesupport_fastrtps_cExport-noconfig.cmake
-- Installing: /home/fourfold/dev/inmind_final_project_test/workspace/install/distance_interfaces/share/distance_interfaces/cmake/distance_interfaces__rosidl_typesupport_introspection_cExport.cmake
-- Installing: /home/fourfold/dev/inmind_final_project_test/workspace/install/distance_interfaces/share/distance_interfaces/cmake/distance_interfaces__rosidl_typesupport_introspection_cExport-noconfig.cmake
-- Installing: /home/fourfold/dev/inmind_final_project_test/workspace/install/distance_interfaces/share/distance_interfaces/cmake/distance_interfaces__rosidl_typesupport_cExport.cmake
-- Installing: /home/fourfold/dev/inmind_final_project_test/workspace/install/distance_interfaces/share/distance_interfaces/cmake/distance_interfaces__rosidl_typesupport_cExport-noconfig.cmake
-- Installing: /home/fourfold/dev/inmind_final_project_test/workspace/install/distance_interfaces/share/distance_interfaces/cmake/export_distance_interfaces__rosidl_generator_cppExport.cmake
-- Installing: /home/fourfold/dev/inmind_final_project_test/workspace/install/distance_interfaces/share/distance_interfaces/cmake/export_distance_interfaces__rosidl_typesupport_fastrtps_cppExport.cmake
-- Installing: /home/fourfold/dev/inmind_final_project_test/workspace/install/distance_interfaces/share/distance_interfaces/cmake/export_distance_interfaces__rosidl_typesupport_fastrtps_cppExport-noconfig.cmake
-- Installing: /home/fourfold/dev/inmind_final_project_test/workspace/install/distance_interfaces/share/distance_interfaces/cmake/distance_interfaces__rosidl_typesupport_introspection_cppExport.cmake
-- Installing: /home/fourfold/dev/inmind_final_project_test/workspace/install/distance_interfaces/share/distance_interfaces/cmake/distance_interfaces__rosidl_typesupport_introspection_cppExport-noconfig.cmake
-- Installing: /home/fourfold/dev/inmind_final_project_test/workspace/install/distance_interfaces/share/distance_interfaces/cmake/distance_interfaces__rosidl_typesupport_cppExport.cmake
-- Installing: /home/fourfold/dev/inmind_final_project_test/workspace/install/distance_interfaces/share/distance_interfaces/cmake/distance_interfaces__rosidl_typesupport_cppExport-noconfig.cmake
-- Installing: /home/fourfold/dev/inmind_final_project_test/workspace/install/distance_interfaces/share/distance_interfaces/cmake/export_distance_interfaces__rosidl_generator_pyExport.cmake
-- Installing: /home/fourfold/dev/inmind_final_project_test/workspace/install/distance_interfaces/share/distance_interfaces/cmake/export_distance_interfaces__rosidl_generator_pyExport-noconfig.cmake
-- Installing: /home/fourfold/dev/inmind_final_project_test/workspace/install/distance_interfaces/share/distance_interfaces/cmake/rosidl_cmake-extras.cmake
-- Installing: /home/fourfold/dev/inmind_final_project_test/workspace/install/distance_interfaces/share/distance_interfaces/cmake/ament_cmake_export_include_directories-extras.cmake
-- Installing: /home/fourfold/dev/inmind_final_project_test/workspace/install/distance_interfaces/share/distance_interfaces/cmake/ament_cmake_export_libraries-extras.cmake
-- Installing: /home/fourfold/dev/inmind_final_project_test/workspace/install/distance_interfaces/share/distance_interfaces/cmake/ament_cmake_export_targets-extras.cmake
-- Installing: /home/fourfold/dev/inmind_final_project_test/workspace/install/distance_interfaces/share/distance_interfaces/cmake/rosidl_cmake_export_typesupport_targets-extras.cmake
-- Installing: /home/fourfold/dev/inmind_final_project_test/workspace/install/distance_interfaces/share/distance_interfaces/cmake/ament_cmake_export_dependencies-extras.cmake
-- Installing: /home/fourfold/dev/inmind_final_project_test/workspace/install/distance_interfaces/share/distance_interfaces/cmake/rosidl_cmake_export_typesupport_libraries-extras.cmake
-- Installing: /home/fourfold/dev/inmind_final_project_test/workspace/install/distance_interfaces/share/distance_interfaces/cmake/distance_interfacesConfig.cmake
-- Installing: /home/fourfold/dev/inmind_final_project_test/workspace/install/distance_interfaces/share/distance_interfaces/cmake/distance_interfacesConfig-version.cmake
-- Installing: /home/fourfold/dev/inmind_final_project_test/workspace/install/distance_interfaces/share/distance_interfaces/package.xml
