[0.010s] Invoking command in '/home/fourfold/dev/inmind_final_project_test/workspace/build/distance_interfaces': CMAKE_PREFIX_PATH=${CMAKE_PREFIX_PATH}:/opt/ros/humble /usr/bin/cmake --build /home/fourfold/dev/inmind_final_project_test/workspace/build/distance_interfaces -- -j16 -l16
[0.027s] -- Found ament_cmake: 1.3.10 (/opt/ros/humble/share/ament_cmake/cmake)
[0.113s] -- Found rosidl_default_generators: 1.2.0 (/opt/ros/humble/share/rosidl_default_generators/cmake)
[0.114s] -- Using all available rosidl_typesupport_c: rosidl_typesupport_fastrtps_c;rosidl_typesupport_introspection_c
[0.115s] -- Found rosidl_adapter: 3.1.5 (/opt/ros/humble/share/rosidl_adapter/cmake)
[0.132s] -- Using all available rosidl_typesupport_cpp: rosidl_typesupport_fastrtps_cpp;rosidl_typesupport_introspection_cpp
[0.289s] -- Found ament_cmake_ros: 0.10.0 (/opt/ros/humble/share/ament_cmake_ros/cmake)
[0.398s] -- Using all available rosidl_typesupport_c: rosidl_typesupport_fastrtps_c;rosidl_typesupport_introspection_c
[0.544s] -- Using all available rosidl_typesupport_cpp: rosidl_typesupport_fastrtps_cpp;rosidl_typesupport_introspection_cpp
[0.558s] -- Found python_cmake_module: 0.10.0 (/opt/ros/humble/share/python_cmake_module/cmake)
[0.571s] -- Using PYTHON_EXECUTABLE: /usr/bin/python3
[0.571s] -- Using PYTHON_INCLUDE_DIRS: /usr/include/python3.10
[0.571s] -- Using PYTHON_LIBRARIES: /usr/lib/x86_64-linux-gnu/libpython3.10.so
[0.577s] -- Found ament_lint_auto: 0.12.11 (/opt/ros/humble/share/ament_lint_auto/cmake)
[0.581s] -- Added test 'lint_cmake' to check CMake code style
[0.582s] -- Added test 'xmllint' to check XML markup files
[0.582s] -- Configuring done
[0.594s] -- Generating done
[0.595s] -- Build files have been written to: /home/fourfold/dev/inmind_final_project_test/workspace/build/distance_interfaces
[0.610s] [  3%] [34m[1mGenerating C code for ROS interfaces[0m
[0.616s] [  6%] [34m[1mGenerating C++ code for ROS interfaces[0m
[0.620s] [  6%] Built target ament_cmake_python_copy_distance_interfaces
[0.750s] running egg_info
[0.751s] writing distance_interfaces.egg-info/PKG-INFO
[0.751s] writing dependency_links to distance_interfaces.egg-info/dependency_links.txt
[0.751s] writing top-level names to distance_interfaces.egg-info/top_level.txt
[0.752s] reading manifest file 'distance_interfaces.egg-info/SOURCES.txt'
[0.753s] writing manifest file 'distance_interfaces.egg-info/SOURCES.txt'
[0.759s] [  6%] Built target distance_interfaces__cpp
[0.765s] [ 12%] [34m[1mGenerating C++ type support for eProsima Fast-RTPS[0m
[0.765s] [ 12%] [34m[1mGenerating C++ introspection for ROS interfaces[0m
[0.765s] [ 16%] [32mBuilding C object CMakeFiles/distance_interfaces__rosidl_generator_c.dir/rosidl_generator_c/distance_interfaces/srv/detail/get_front_distance__functions.c.o[0m
[0.765s] [ 19%] [34m[1mGenerating C++ type support dispatch for ROS interfaces[0m
[0.768s] [ 19%] Built target ament_cmake_python_build_distance_interfaces_egg
[0.803s] [ 22%] [32m[1mLinking C shared library libdistance_interfaces__rosidl_generator_c.so[0m
[0.829s] [ 22%] Built target distance_interfaces__rosidl_generator_c
[0.835s] [ 25%] [34m[1mGenerating C type support dispatch for ROS interfaces[0m
[0.836s] [ 29%] [34m[1mGenerating C introspection for ROS interfaces[0m
[0.836s] [ 32%] [34m[1mGenerating C type support for eProsima Fast-RTPS[0m
[0.898s] [ 35%] [32mBuilding CXX object CMakeFiles/distance_interfaces__rosidl_typesupport_cpp.dir/rosidl_typesupport_cpp/distance_interfaces/srv/get_front_distance__type_support.cpp.o[0m
[0.911s] [ 38%] [32mBuilding CXX object CMakeFiles/distance_interfaces__rosidl_typesupport_introspection_cpp.dir/rosidl_typesupport_introspection_cpp/distance_interfaces/srv/detail/get_front_distance__type_support.cpp.o[0m
[0.914s] [ 41%] [32mBuilding CXX object CMakeFiles/distance_interfaces__rosidl_typesupport_fastrtps_cpp.dir/rosidl_typesupport_fastrtps_cpp/distance_interfaces/srv/detail/dds_fastrtps/get_front_distance__type_support.cpp.o[0m
[0.977s] [ 45%] [32mBuilding CXX object CMakeFiles/distance_interfaces__rosidl_typesupport_c.dir/rosidl_typesupport_c/distance_interfaces/srv/get_front_distance__type_support.cpp.o[0m
[0.992s] [ 48%] [32mBuilding CXX object CMakeFiles/distance_interfaces__rosidl_typesupport_fastrtps_c.dir/rosidl_typesupport_fastrtps_c/distance_interfaces/srv/detail/get_front_distance__type_support_c.cpp.o[0m
[0.993s] [ 51%] [32mBuilding C object CMakeFiles/distance_interfaces__rosidl_typesupport_introspection_c.dir/rosidl_typesupport_introspection_c/distance_interfaces/srv/detail/get_front_distance__type_support.c.o[0m
[1.000s] [ 54%] [32m[1mLinking CXX shared library libdistance_interfaces__rosidl_typesupport_c.so[0m
[1.016s] [ 58%] [32m[1mLinking C shared library libdistance_interfaces__rosidl_typesupport_introspection_c.so[0m
[1.025s] [ 58%] Built target distance_interfaces__rosidl_typesupport_c
[1.037s] [ 58%] Built target distance_interfaces__rosidl_typesupport_introspection_c
[1.058s] [ 61%] [32m[1mLinking CXX shared library libdistance_interfaces__rosidl_typesupport_cpp.so[0m
[1.085s] [ 61%] Built target distance_interfaces__rosidl_typesupport_cpp
[1.116s] [ 64%] [32m[1mLinking CXX shared library libdistance_interfaces__rosidl_typesupport_introspection_cpp.so[0m
[1.133s] [ 67%] [32m[1mLinking CXX shared library libdistance_interfaces__rosidl_typesupport_fastrtps_cpp.so[0m
[1.140s] [ 67%] Built target distance_interfaces__rosidl_typesupport_introspection_cpp
[1.170s] [ 70%] [32m[1mLinking CXX shared library libdistance_interfaces__rosidl_typesupport_fastrtps_c.so[0m
[1.175s] [ 70%] Built target distance_interfaces__rosidl_typesupport_fastrtps_cpp
[1.217s] [ 70%] Built target distance_interfaces__rosidl_typesupport_fastrtps_c
[1.232s] [ 70%] Built target distance_interfaces
[1.245s] [ 74%] [34m[1mGenerating Python code for ROS interfaces[0m
[1.427s] [ 74%] Built target distance_interfaces__py
[1.439s] [ 77%] [32mBuilding C object CMakeFiles/distance_interfaces__rosidl_generator_py.dir/rosidl_generator_py/distance_interfaces/srv/_get_front_distance_s.c.o[0m
[1.500s] [ 80%] [32m[1mLinking C shared library rosidl_generator_py/distance_interfaces/libdistance_interfaces__rosidl_generator_py.so[0m
[1.529s] [ 80%] Built target distance_interfaces__rosidl_generator_py
[1.543s] [ 83%] [32mBuilding C object CMakeFiles/distance_interfaces__rosidl_typesupport_introspection_c__pyext.dir/rosidl_generator_py/distance_interfaces/_distance_interfaces_s.ep.rosidl_typesupport_introspection_c.c.o[0m
[1.544s] [ 87%] [32mBuilding C object CMakeFiles/distance_interfaces__rosidl_typesupport_c__pyext.dir/rosidl_generator_py/distance_interfaces/_distance_interfaces_s.ep.rosidl_typesupport_c.c.o[0m
[1.546s] [ 90%] [32mBuilding C object CMakeFiles/distance_interfaces__rosidl_typesupport_fastrtps_c__pyext.dir/rosidl_generator_py/distance_interfaces/_distance_interfaces_s.ep.rosidl_typesupport_fastrtps_c.c.o[0m
[1.614s] [ 93%] [32m[1mLinking C shared library rosidl_generator_py/distance_interfaces/distance_interfaces_s__rosidl_typesupport_c.cpython-310-x86_64-linux-gnu.so[0m
[1.614s] [ 96%] [32m[1mLinking C shared library rosidl_generator_py/distance_interfaces/distance_interfaces_s__rosidl_typesupport_introspection_c.cpython-310-x86_64-linux-gnu.so[0m
[1.617s] [100%] [32m[1mLinking C shared library rosidl_generator_py/distance_interfaces/distance_interfaces_s__rosidl_typesupport_fastrtps_c.cpython-310-x86_64-linux-gnu.so[0m
[1.633s] [100%] Built target distance_interfaces__rosidl_typesupport_introspection_c__pyext
[1.635s] [100%] Built target distance_interfaces__rosidl_typesupport_c__pyext
[1.638s] [100%] Built target distance_interfaces__rosidl_typesupport_fastrtps_c__pyext
[1.646s] Invoked command in '/home/fourfold/dev/inmind_final_project_test/workspace/build/distance_interfaces' returned '0': CMAKE_PREFIX_PATH=${CMAKE_PREFIX_PATH}:/opt/ros/humble /usr/bin/cmake --build /home/fourfold/dev/inmind_final_project_test/workspace/build/distance_interfaces -- -j16 -l16
[1.689s] Invoking command in '/home/fourfold/dev/inmind_final_project_test/workspace/build/distance_interfaces': CMAKE_PREFIX_PATH=${CMAKE_PREFIX_PATH}:/opt/ros/humble /usr/bin/cmake --install /home/fourfold/dev/inmind_final_project_test/workspace/build/distance_interfaces
[1.695s] -- Install configuration: ""
[1.695s] -- Installing: /home/fourfold/dev/inmind_final_project_test/workspace/install/distance_interfaces/share/ament_index/resource_index/rosidl_interfaces/distance_interfaces
[1.695s] -- Installing: /home/fourfold/dev/inmind_final_project_test/workspace/install/distance_interfaces/include/distance_interfaces/distance_interfaces
[1.695s] -- Installing: /home/fourfold/dev/inmind_final_project_test/workspace/install/distance_interfaces/include/distance_interfaces/distance_interfaces/msg
[1.695s] -- Installing: /home/fourfold/dev/inmind_final_project_test/workspace/install/distance_interfaces/include/distance_interfaces/distance_interfaces/msg/rosidl_generator_c__visibility_control.h
[1.695s] -- Installing: /home/fourfold/dev/inmind_final_project_test/workspace/install/distance_interfaces/include/distance_interfaces/distance_interfaces/srv
[1.695s] -- Installing: /home/fourfold/dev/inmind_final_project_test/workspace/install/distance_interfaces/include/distance_interfaces/distance_interfaces/srv/detail
[1.695s] -- Installing: /home/fourfold/dev/inmind_final_project_test/workspace/install/distance_interfaces/include/distance_interfaces/distance_interfaces/srv/detail/get_front_distance__type_support.h
[1.695s] -- Installing: /home/fourfold/dev/inmind_final_project_test/workspace/install/distance_interfaces/include/distance_interfaces/distance_interfaces/srv/detail/get_front_distance__functions.c
[1.695s] -- Installing: /home/fourfold/dev/inmind_final_project_test/workspace/install/distance_interfaces/include/distance_interfaces/distance_interfaces/srv/detail/get_front_distance__functions.h
[1.695s] -- Installing: /home/fourfold/dev/inmind_final_project_test/workspace/install/distance_interfaces/include/distance_interfaces/distance_interfaces/srv/detail/get_front_distance__struct.h
[1.695s] -- Installing: /home/fourfold/dev/inmind_final_project_test/workspace/install/distance_interfaces/include/distance_interfaces/distance_interfaces/srv/get_front_distance.h
[1.696s] -- Installing: /home/fourfold/dev/inmind_final_project_test/workspace/install/distance_interfaces/share/distance_interfaces/environment/library_path.sh
[1.696s] -- Installing: /home/fourfold/dev/inmind_final_project_test/workspace/install/distance_interfaces/share/distance_interfaces/environment/library_path.dsv
[1.696s] -- Installing: /home/fourfold/dev/inmind_final_project_test/workspace/install/distance_interfaces/lib/libdistance_interfaces__rosidl_generator_c.so
[1.696s] -- Set runtime path of "/home/fourfold/dev/inmind_final_project_test/workspace/install/distance_interfaces/lib/libdistance_interfaces__rosidl_generator_c.so" to ""
[1.696s] -- Up-to-date: /home/fourfold/dev/inmind_final_project_test/workspace/install/distance_interfaces/include/distance_interfaces/distance_interfaces
[1.696s] -- Up-to-date: /home/fourfold/dev/inmind_final_project_test/workspace/install/distance_interfaces/include/distance_interfaces/distance_interfaces/msg
[1.696s] -- Installing: /home/fourfold/dev/inmind_final_project_test/workspace/install/distance_interfaces/include/distance_interfaces/distance_interfaces/msg/rosidl_typesupport_fastrtps_c__visibility_control.h
[1.696s] -- Up-to-date: /home/fourfold/dev/inmind_final_project_test/workspace/install/distance_interfaces/include/distance_interfaces/distance_interfaces/srv
[1.696s] -- Up-to-date: /home/fourfold/dev/inmind_final_project_test/workspace/install/distance_interfaces/include/distance_interfaces/distance_interfaces/srv/detail
[1.696s] -- Installing: /home/fourfold/dev/inmind_final_project_test/workspace/install/distance_interfaces/include/distance_interfaces/distance_interfaces/srv/detail/get_front_distance__rosidl_typesupport_fastrtps_c.h
[1.696s] -- Installing: /home/fourfold/dev/inmind_final_project_test/workspace/install/distance_interfaces/lib/libdistance_interfaces__rosidl_typesupport_fastrtps_c.so
[1.697s] -- Set runtime path of "/home/fourfold/dev/inmind_final_project_test/workspace/install/distance_interfaces/lib/libdistance_interfaces__rosidl_typesupport_fastrtps_c.so" to ""
[1.697s] -- Up-to-date: /home/fourfold/dev/inmind_final_project_test/workspace/install/distance_interfaces/include/distance_interfaces/distance_interfaces
[1.697s] -- Up-to-date: /home/fourfold/dev/inmind_final_project_test/workspace/install/distance_interfaces/include/distance_interfaces/distance_interfaces/msg
[1.697s] -- Installing: /home/fourfold/dev/inmind_final_project_test/workspace/install/distance_interfaces/include/distance_interfaces/distance_interfaces/msg/rosidl_typesupport_introspection_c__visibility_control.h
[1.697s] -- Up-to-date: /home/fourfold/dev/inmind_final_project_test/workspace/install/distance_interfaces/include/distance_interfaces/distance_interfaces/srv
[1.697s] -- Up-to-date: /home/fourfold/dev/inmind_final_project_test/workspace/install/distance_interfaces/include/distance_interfaces/distance_interfaces/srv/detail
[1.697s] -- Installing: /home/fourfold/dev/inmind_final_project_test/workspace/install/distance_interfaces/include/distance_interfaces/distance_interfaces/srv/detail/get_front_distance__type_support.c
[1.697s] -- Installing: /home/fourfold/dev/inmind_final_project_test/workspace/install/distance_interfaces/include/distance_interfaces/distance_interfaces/srv/detail/get_front_distance__rosidl_typesupport_introspection_c.h
[1.697s] -- Installing: /home/fourfold/dev/inmind_final_project_test/workspace/install/distance_interfaces/lib/libdistance_interfaces__rosidl_typesupport_introspection_c.so
[1.697s] -- Set runtime path of "/home/fourfold/dev/inmind_final_project_test/workspace/install/distance_interfaces/lib/libdistance_interfaces__rosidl_typesupport_introspection_c.so" to ""
[1.697s] -- Installing: /home/fourfold/dev/inmind_final_project_test/workspace/install/distance_interfaces/lib/libdistance_interfaces__rosidl_typesupport_c.so
[1.697s] -- Set runtime path of "/home/fourfold/dev/inmind_final_project_test/workspace/install/distance_interfaces/lib/libdistance_interfaces__rosidl_typesupport_c.so" to ""
[1.697s] -- Up-to-date: /home/fourfold/dev/inmind_final_project_test/workspace/install/distance_interfaces/include/distance_interfaces/distance_interfaces
[1.697s] -- Up-to-date: /home/fourfold/dev/inmind_final_project_test/workspace/install/distance_interfaces/include/distance_interfaces/distance_interfaces/srv
[1.697s] -- Up-to-date: /home/fourfold/dev/inmind_final_project_test/workspace/install/distance_interfaces/include/distance_interfaces/distance_interfaces/srv/detail
[1.697s] -- Installing: /home/fourfold/dev/inmind_final_project_test/workspace/install/distance_interfaces/include/distance_interfaces/distance_interfaces/srv/detail/get_front_distance__struct.hpp
[1.697s] -- Installing: /home/fourfold/dev/inmind_final_project_test/workspace/install/distance_interfaces/include/distance_interfaces/distance_interfaces/srv/detail/get_front_distance__traits.hpp
[1.697s] -- Installing: /home/fourfold/dev/inmind_final_project_test/workspace/install/distance_interfaces/include/distance_interfaces/distance_interfaces/srv/detail/get_front_distance__builder.hpp
[1.697s] -- Installing: /home/fourfold/dev/inmind_final_project_test/workspace/install/distance_interfaces/include/distance_interfaces/distance_interfaces/srv/get_front_distance.hpp
[1.698s] -- Up-to-date: /home/fourfold/dev/inmind_final_project_test/workspace/install/distance_interfaces/include/distance_interfaces/distance_interfaces
[1.698s] -- Up-to-date: /home/fourfold/dev/inmind_final_project_test/workspace/install/distance_interfaces/include/distance_interfaces/distance_interfaces/msg
[1.698s] -- Installing: /home/fourfold/dev/inmind_final_project_test/workspace/install/distance_interfaces/include/distance_interfaces/distance_interfaces/msg/rosidl_typesupport_fastrtps_cpp__visibility_control.h
[1.698s] -- Up-to-date: /home/fourfold/dev/inmind_final_project_test/workspace/install/distance_interfaces/include/distance_interfaces/distance_interfaces/srv
[1.698s] -- Up-to-date: /home/fourfold/dev/inmind_final_project_test/workspace/install/distance_interfaces/include/distance_interfaces/distance_interfaces/srv/detail
[1.698s] -- Installing: /home/fourfold/dev/inmind_final_project_test/workspace/install/distance_interfaces/include/distance_interfaces/distance_interfaces/srv/detail/get_front_distance__rosidl_typesupport_fastrtps_cpp.hpp
[1.698s] -- Installing: /home/fourfold/dev/inmind_final_project_test/workspace/install/distance_interfaces/include/distance_interfaces/distance_interfaces/srv/detail/dds_fastrtps
[1.698s] -- Installing: /home/fourfold/dev/inmind_final_project_test/workspace/install/distance_interfaces/lib/libdistance_interfaces__rosidl_typesupport_fastrtps_cpp.so
[1.698s] -- Set runtime path of "/home/fourfold/dev/inmind_final_project_test/workspace/install/distance_interfaces/lib/libdistance_interfaces__rosidl_typesupport_fastrtps_cpp.so" to ""
[1.698s] -- Up-to-date: /home/fourfold/dev/inmind_final_project_test/workspace/install/distance_interfaces/include/distance_interfaces/distance_interfaces
[1.698s] -- Up-to-date: /home/fourfold/dev/inmind_final_project_test/workspace/install/distance_interfaces/include/distance_interfaces/distance_interfaces/srv
[1.698s] -- Up-to-date: /home/fourfold/dev/inmind_final_project_test/workspace/install/distance_interfaces/include/distance_interfaces/distance_interfaces/srv/detail
[1.698s] -- Installing: /home/fourfold/dev/inmind_final_project_test/workspace/install/distance_interfaces/include/distance_interfaces/distance_interfaces/srv/detail/get_front_distance__type_support.cpp
[1.698s] -- Installing: /home/fourfold/dev/inmind_final_project_test/workspace/install/distance_interfaces/include/distance_interfaces/distance_interfaces/srv/detail/get_front_distance__rosidl_typesupport_introspection_cpp.hpp
[1.698s] -- Installing: /home/fourfold/dev/inmind_final_project_test/workspace/install/distance_interfaces/lib/libdistance_interfaces__rosidl_typesupport_introspection_cpp.so
[1.698s] -- Set runtime path of "/home/fourfold/dev/inmind_final_project_test/workspace/install/distance_interfaces/lib/libdistance_interfaces__rosidl_typesupport_introspection_cpp.so" to ""
[1.698s] -- Installing: /home/fourfold/dev/inmind_final_project_test/workspace/install/distance_interfaces/lib/libdistance_interfaces__rosidl_typesupport_cpp.so
[1.698s] -- Set runtime path of "/home/fourfold/dev/inmind_final_project_test/workspace/install/distance_interfaces/lib/libdistance_interfaces__rosidl_typesupport_cpp.so" to ""
[1.698s] -- Installing: /home/fourfold/dev/inmind_final_project_test/workspace/install/distance_interfaces/share/distance_interfaces/environment/pythonpath.sh
[1.698s] -- Installing: /home/fourfold/dev/inmind_final_project_test/workspace/install/distance_interfaces/share/distance_interfaces/environment/pythonpath.dsv
[1.698s] -- Installing: /home/fourfold/dev/inmind_final_project_test/workspace/install/distance_interfaces/local/lib/python3.10/dist-packages/distance_interfaces-0.0.0-py3.10.egg-info
[1.698s] -- Installing: /home/fourfold/dev/inmind_final_project_test/workspace/install/distance_interfaces/local/lib/python3.10/dist-packages/distance_interfaces-0.0.0-py3.10.egg-info/SOURCES.txt
[1.698s] -- Installing: /home/fourfold/dev/inmind_final_project_test/workspace/install/distance_interfaces/local/lib/python3.10/dist-packages/distance_interfaces-0.0.0-py3.10.egg-info/top_level.txt
[1.698s] -- Installing: /home/fourfold/dev/inmind_final_project_test/workspace/install/distance_interfaces/local/lib/python3.10/dist-packages/distance_interfaces-0.0.0-py3.10.egg-info/PKG-INFO
[1.699s] -- Installing: /home/fourfold/dev/inmind_final_project_test/workspace/install/distance_interfaces/local/lib/python3.10/dist-packages/distance_interfaces-0.0.0-py3.10.egg-info/dependency_links.txt
[1.699s] -- Installing: /home/fourfold/dev/inmind_final_project_test/workspace/install/distance_interfaces/local/lib/python3.10/dist-packages/distance_interfaces
[1.699s] -- Installing: /home/fourfold/dev/inmind_final_project_test/workspace/install/distance_interfaces/local/lib/python3.10/dist-packages/distance_interfaces/_distance_interfaces_s.ep.rosidl_typesupport_fastrtps_c.c
[1.699s] -- Installing: /home/fourfold/dev/inmind_final_project_test/workspace/install/distance_interfaces/local/lib/python3.10/dist-packages/distance_interfaces/distance_interfaces_s__rosidl_typesupport_fastrtps_c.cpython-310-x86_64-linux-gnu.so
[1.699s] -- Installing: /home/fourfold/dev/inmind_final_project_test/workspace/install/distance_interfaces/local/lib/python3.10/dist-packages/distance_interfaces/distance_interfaces_s__rosidl_typesupport_introspection_c.cpython-310-x86_64-linux-gnu.so
[1.699s] -- Installing: /home/fourfold/dev/inmind_final_project_test/workspace/install/distance_interfaces/local/lib/python3.10/dist-packages/distance_interfaces/distance_interfaces_s__rosidl_typesupport_c.cpython-310-x86_64-linux-gnu.so
[1.699s] -- Installing: /home/fourfold/dev/inmind_final_project_test/workspace/install/distance_interfaces/local/lib/python3.10/dist-packages/distance_interfaces/_distance_interfaces_s.ep.rosidl_typesupport_introspection_c.c
[1.699s] -- Installing: /home/fourfold/dev/inmind_final_project_test/workspace/install/distance_interfaces/local/lib/python3.10/dist-packages/distance_interfaces/_distance_interfaces_s.ep.rosidl_typesupport_c.c
[1.699s] -- Installing: /home/fourfold/dev/inmind_final_project_test/workspace/install/distance_interfaces/local/lib/python3.10/dist-packages/distance_interfaces/libdistance_interfaces__rosidl_generator_py.so
[1.699s] -- Installing: /home/fourfold/dev/inmind_final_project_test/workspace/install/distance_interfaces/local/lib/python3.10/dist-packages/distance_interfaces/srv
[1.699s] -- Installing: /home/fourfold/dev/inmind_final_project_test/workspace/install/distance_interfaces/local/lib/python3.10/dist-packages/distance_interfaces/srv/_get_front_distance.py
[1.699s] -- Installing: /home/fourfold/dev/inmind_final_project_test/workspace/install/distance_interfaces/local/lib/python3.10/dist-packages/distance_interfaces/srv/_get_front_distance_s.c
[1.699s] -- Installing: /home/fourfold/dev/inmind_final_project_test/workspace/install/distance_interfaces/local/lib/python3.10/dist-packages/distance_interfaces/srv/__init__.py
[1.699s] -- Installing: /home/fourfold/dev/inmind_final_project_test/workspace/install/distance_interfaces/local/lib/python3.10/dist-packages/distance_interfaces/__init__.py
[1.722s] Listing '/home/fourfold/dev/inmind_final_project_test/workspace/install/distance_interfaces/local/lib/python3.10/dist-packages/distance_interfaces'...
[1.722s] Compiling '/home/fourfold/dev/inmind_final_project_test/workspace/install/distance_interfaces/local/lib/python3.10/dist-packages/distance_interfaces/__init__.py'...
[1.722s] Listing '/home/fourfold/dev/inmind_final_project_test/workspace/install/distance_interfaces/local/lib/python3.10/dist-packages/distance_interfaces/srv'...
[1.722s] Compiling '/home/fourfold/dev/inmind_final_project_test/workspace/install/distance_interfaces/local/lib/python3.10/dist-packages/distance_interfaces/srv/__init__.py'...
[1.722s] Compiling '/home/fourfold/dev/inmind_final_project_test/workspace/install/distance_interfaces/local/lib/python3.10/dist-packages/distance_interfaces/srv/_get_front_distance.py'...
[1.725s] -- Installing: /home/fourfold/dev/inmind_final_project_test/workspace/install/distance_interfaces/local/lib/python3.10/dist-packages/distance_interfaces/distance_interfaces_s__rosidl_typesupport_fastrtps_c.cpython-310-x86_64-linux-gnu.so
[1.725s] -- Set runtime path of "/home/fourfold/dev/inmind_final_project_test/workspace/install/distance_interfaces/local/lib/python3.10/dist-packages/distance_interfaces/distance_interfaces_s__rosidl_typesupport_fastrtps_c.cpython-310-x86_64-linux-gnu.so" to ""
[1.725s] -- Installing: /home/fourfold/dev/inmind_final_project_test/workspace/install/distance_interfaces/local/lib/python3.10/dist-packages/distance_interfaces/distance_interfaces_s__rosidl_typesupport_introspection_c.cpython-310-x86_64-linux-gnu.so
[1.725s] -- Set runtime path of "/home/fourfold/dev/inmind_final_project_test/workspace/install/distance_interfaces/local/lib/python3.10/dist-packages/distance_interfaces/distance_interfaces_s__rosidl_typesupport_introspection_c.cpython-310-x86_64-linux-gnu.so" to ""
[1.725s] -- Installing: /home/fourfold/dev/inmind_final_project_test/workspace/install/distance_interfaces/local/lib/python3.10/dist-packages/distance_interfaces/distance_interfaces_s__rosidl_typesupport_c.cpython-310-x86_64-linux-gnu.so
[1.725s] -- Set runtime path of "/home/fourfold/dev/inmind_final_project_test/workspace/install/distance_interfaces/local/lib/python3.10/dist-packages/distance_interfaces/distance_interfaces_s__rosidl_typesupport_c.cpython-310-x86_64-linux-gnu.so" to ""
[1.725s] -- Installing: /home/fourfold/dev/inmind_final_project_test/workspace/install/distance_interfaces/lib/libdistance_interfaces__rosidl_generator_py.so
[1.725s] -- Set runtime path of "/home/fourfold/dev/inmind_final_project_test/workspace/install/distance_interfaces/lib/libdistance_interfaces__rosidl_generator_py.so" to ""
[1.725s] -- Installing: /home/fourfold/dev/inmind_final_project_test/workspace/install/distance_interfaces/share/distance_interfaces/srv/GetFrontDistance.idl
[1.725s] -- Installing: /home/fourfold/dev/inmind_final_project_test/workspace/install/distance_interfaces/share/distance_interfaces/srv/GetFrontDistance.srv
[1.726s] -- Installing: /home/fourfold/dev/inmind_final_project_test/workspace/install/distance_interfaces/share/distance_interfaces/srv/GetFrontDistance_Request.msg
[1.726s] -- Installing: /home/fourfold/dev/inmind_final_project_test/workspace/install/distance_interfaces/share/distance_interfaces/srv/GetFrontDistance_Response.msg
[1.726s] -- Installing: /home/fourfold/dev/inmind_final_project_test/workspace/install/distance_interfaces/share/ament_index/resource_index/package_run_dependencies/distance_interfaces
[1.726s] -- Installing: /home/fourfold/dev/inmind_final_project_test/workspace/install/distance_interfaces/share/ament_index/resource_index/parent_prefix_path/distance_interfaces
[1.726s] -- Installing: /home/fourfold/dev/inmind_final_project_test/workspace/install/distance_interfaces/share/distance_interfaces/environment/ament_prefix_path.sh
[1.726s] -- Installing: /home/fourfold/dev/inmind_final_project_test/workspace/install/distance_interfaces/share/distance_interfaces/environment/ament_prefix_path.dsv
[1.726s] -- Installing: /home/fourfold/dev/inmind_final_project_test/workspace/install/distance_interfaces/share/distance_interfaces/environment/path.sh
[1.726s] -- Installing: /home/fourfold/dev/inmind_final_project_test/workspace/install/distance_interfaces/share/distance_interfaces/environment/path.dsv
[1.726s] -- Installing: /home/fourfold/dev/inmind_final_project_test/workspace/install/distance_interfaces/share/distance_interfaces/local_setup.bash
[1.726s] -- Installing: /home/fourfold/dev/inmind_final_project_test/workspace/install/distance_interfaces/share/distance_interfaces/local_setup.sh
[1.726s] -- Installing: /home/fourfold/dev/inmind_final_project_test/workspace/install/distance_interfaces/share/distance_interfaces/local_setup.zsh
[1.726s] -- Installing: /home/fourfold/dev/inmind_final_project_test/workspace/install/distance_interfaces/share/distance_interfaces/local_setup.dsv
[1.726s] -- Installing: /home/fourfold/dev/inmind_final_project_test/workspace/install/distance_interfaces/share/distance_interfaces/package.dsv
[1.726s] -- Installing: /home/fourfold/dev/inmind_final_project_test/workspace/install/distance_interfaces/share/ament_index/resource_index/packages/distance_interfaces
[1.726s] -- Installing: /home/fourfold/dev/inmind_final_project_test/workspace/install/distance_interfaces/share/distance_interfaces/cmake/export_distance_interfaces__rosidl_generator_cExport.cmake
[1.726s] -- Installing: /home/fourfold/dev/inmind_final_project_test/workspace/install/distance_interfaces/share/distance_interfaces/cmake/export_distance_interfaces__rosidl_generator_cExport-noconfig.cmake
[1.726s] -- Installing: /home/fourfold/dev/inmind_final_project_test/workspace/install/distance_interfaces/share/distance_interfaces/cmake/export_distance_interfaces__rosidl_typesupport_fastrtps_cExport.cmake
[1.726s] -- Installing: /home/fourfold/dev/inmind_final_project_test/workspace/install/distance_interfaces/share/distance_interfaces/cmake/export_distance_interfaces__rosidl_typesupport_fastrtps_cExport-noconfig.cmake
[1.726s] -- Installing: /home/fourfold/dev/inmind_final_project_test/workspace/install/distance_interfaces/share/distance_interfaces/cmake/distance_interfaces__rosidl_typesupport_introspection_cExport.cmake
[1.727s] -- Installing: /home/fourfold/dev/inmind_final_project_test/workspace/install/distance_interfaces/share/distance_interfaces/cmake/distance_interfaces__rosidl_typesupport_introspection_cExport-noconfig.cmake
[1.727s] -- Installing: /home/fourfold/dev/inmind_final_project_test/workspace/install/distance_interfaces/share/distance_interfaces/cmake/distance_interfaces__rosidl_typesupport_cExport.cmake
[1.727s] -- Installing: /home/fourfold/dev/inmind_final_project_test/workspace/install/distance_interfaces/share/distance_interfaces/cmake/distance_interfaces__rosidl_typesupport_cExport-noconfig.cmake
[1.727s] -- Installing: /home/fourfold/dev/inmind_final_project_test/workspace/install/distance_interfaces/share/distance_interfaces/cmake/export_distance_interfaces__rosidl_generator_cppExport.cmake
[1.727s] -- Installing: /home/fourfold/dev/inmind_final_project_test/workspace/install/distance_interfaces/share/distance_interfaces/cmake/export_distance_interfaces__rosidl_typesupport_fastrtps_cppExport.cmake
[1.727s] -- Installing: /home/fourfold/dev/inmind_final_project_test/workspace/install/distance_interfaces/share/distance_interfaces/cmake/export_distance_interfaces__rosidl_typesupport_fastrtps_cppExport-noconfig.cmake
[1.727s] -- Installing: /home/fourfold/dev/inmind_final_project_test/workspace/install/distance_interfaces/share/distance_interfaces/cmake/distance_interfaces__rosidl_typesupport_introspection_cppExport.cmake
[1.727s] -- Installing: /home/fourfold/dev/inmind_final_project_test/workspace/install/distance_interfaces/share/distance_interfaces/cmake/distance_interfaces__rosidl_typesupport_introspection_cppExport-noconfig.cmake
[1.727s] -- Installing: /home/fourfold/dev/inmind_final_project_test/workspace/install/distance_interfaces/share/distance_interfaces/cmake/distance_interfaces__rosidl_typesupport_cppExport.cmake
[1.727s] -- Installing: /home/fourfold/dev/inmind_final_project_test/workspace/install/distance_interfaces/share/distance_interfaces/cmake/distance_interfaces__rosidl_typesupport_cppExport-noconfig.cmake
[1.727s] -- Installing: /home/fourfold/dev/inmind_final_project_test/workspace/install/distance_interfaces/share/distance_interfaces/cmake/export_distance_interfaces__rosidl_generator_pyExport.cmake
[1.727s] -- Installing: /home/fourfold/dev/inmind_final_project_test/workspace/install/distance_interfaces/share/distance_interfaces/cmake/export_distance_interfaces__rosidl_generator_pyExport-noconfig.cmake
[1.727s] -- Installing: /home/fourfold/dev/inmind_final_project_test/workspace/install/distance_interfaces/share/distance_interfaces/cmake/rosidl_cmake-extras.cmake
[1.727s] -- Installing: /home/fourfold/dev/inmind_final_project_test/workspace/install/distance_interfaces/share/distance_interfaces/cmake/ament_cmake_export_include_directories-extras.cmake
[1.727s] -- Installing: /home/fourfold/dev/inmind_final_project_test/workspace/install/distance_interfaces/share/distance_interfaces/cmake/ament_cmake_export_libraries-extras.cmake
[1.727s] -- Installing: /home/fourfold/dev/inmind_final_project_test/workspace/install/distance_interfaces/share/distance_interfaces/cmake/ament_cmake_export_targets-extras.cmake
[1.727s] -- Installing: /home/fourfold/dev/inmind_final_project_test/workspace/install/distance_interfaces/share/distance_interfaces/cmake/rosidl_cmake_export_typesupport_targets-extras.cmake
[1.727s] -- Installing: /home/fourfold/dev/inmind_final_project_test/workspace/install/distance_interfaces/share/distance_interfaces/cmake/ament_cmake_export_dependencies-extras.cmake
[1.727s] -- Installing: /home/fourfold/dev/inmind_final_project_test/workspace/install/distance_interfaces/share/distance_interfaces/cmake/rosidl_cmake_export_typesupport_libraries-extras.cmake
[1.727s] -- Installing: /home/fourfold/dev/inmind_final_project_test/workspace/install/distance_interfaces/share/distance_interfaces/cmake/distance_interfacesConfig.cmake
[1.727s] -- Installing: /home/fourfold/dev/inmind_final_project_test/workspace/install/distance_interfaces/share/distance_interfaces/cmake/distance_interfacesConfig-version.cmake
[1.728s] -- Installing: /home/fourfold/dev/inmind_final_project_test/workspace/install/distance_interfaces/share/distance_interfaces/package.xml
[1.729s] Invoked command in '/home/fourfold/dev/inmind_final_project_test/workspace/build/distance_interfaces' returned '0': CMAKE_PREFIX_PATH=${CMAKE_PREFIX_PATH}:/opt/ros/humble /usr/bin/cmake --install /home/fourfold/dev/inmind_final_project_test/workspace/build/distance_interfaces
