[0.005s] Invoking command in '/home/fourfold/dev/inmind_final_project_test/workspace/build/main': CMAKE_PREFIX_PATH=/home/fourfold/dev/inmind_final_project_test/workspace/install/yellow_ball_finder:/home/fourfold/dev/inmind_final_project_test/workspace/install/basic_navigation:/home/fourfold/dev/inmind_final_project_test/workspace/install/main:/opt/ros/humble /usr/bin/cmake --build /home/fourfold/dev/inmind_final_project_test/workspace/build/main -- -j16 -l16
[0.036s] [35m[1mConsolidate compiler generated dependencies of target main_node[0m
[0.043s] [ 50%] Built target test_node
[0.047s] [ 75%] [32mBuilding CXX object CMakeFiles/main_node.dir/src/main.cpp.o[0m
[1.636s] In file included from [01m[K/home/fourfold/dev/inmind_final_project_test/workspace/install/yellow_ball_finder/include/yellow_ball_finder/find_yellow_ball.h:4[m[K,
[1.636s]                  from [01m[K/home/fourfold/dev/inmind_final_project_test/workspace/src/main/main/src/main.cpp:4[m[K:
[1.636s] [01m[K/home/fourfold/dev/inmind_final_project_test/workspace/install/yellow_ball_finder/include/yellow_ball_finder/image_collector.h:[m[K In constructor ‘[01m[KImageCollector::ImageCollector(const string&)[m[K’:
[1.636s] [01m[K/home/fourfold/dev/inmind_final_project_test/workspace/install/yellow_ball_finder/include/yellow_ball_finder/image_collector.h:12:39:[m[K [01;35m[Kwarning: [m[Kunused parameter ‘[01m[Kname[m[K’ [[01;35m[K]8;;https://gcc.gnu.org/onlinedocs/gcc/Warning-Options.html#index-Wunused-parameter-Wunused-parameter]8;;[m[K]
[1.636s]    12 |     ImageCollector([01;35m[Kconst std::string& name[m[K) : rclcpp::Node("image_collector") {
[1.636s]       |                    [01;35m[K~~~~~~~~~~~~~~~~~~~^~~~[m[K
[1.670s] [01m[K/home/fourfold/dev/inmind_final_project_test/workspace/src/main/main/src/main.cpp:[m[K In constructor ‘[01m[KMainNode::MainNode()[m[K’:
[1.670s] [01m[K/home/fourfold/dev/inmind_final_project_test/workspace/src/main/main/src/main.cpp:22:24:[m[K [01;35m[Kwarning: [m[Kunused variable ‘[01m[Kstatus[m[K’ [[01;35m[K]8;;https://gcc.gnu.org/onlinedocs/gcc/Warning-Options.html#index-Wunused-variable-Wunused-variable]8;;[m[K]
[1.670s]    22 |         BT::NodeStatus [01;35m[Kstatus[m[K = tree.tickRoot();
[1.670s]       |                        [01;35m[K^~~~~~[m[K
[4.000s] [100%] [32m[1mLinking CXX executable main_node[0m
[4.128s] /usr/bin/ld: CMakeFiles/main_node.dir/src/main.cpp.o: warning: relocation against `_ZN14ImageCollector1xE' in read-only section `.text._ZN14FindYellowBall4tickEv[_ZN14FindYellowBall4tickEv]'
[4.138s] /usr/bin/ld: CMakeFiles/main_node.dir/src/main.cpp.o: in function `FindYellowBall::tick()':
[4.138s] main.cpp:(.text._ZN14FindYellowBall4tickEv[_ZN14FindYellowBall4tickEv]+0x28): undefined reference to `ImageCollector::x'
[4.145s] /usr/bin/ld: warning: creating DT_TEXTREL in a PIE
[4.147s] collect2: error: ld returned 1 exit status
[4.149s] gmake[2]: *** [CMakeFiles/main_node.dir/build.make:231: main_node] Error 1
[4.149s] gmake[1]: *** [CMakeFiles/Makefile2:139: CMakeFiles/main_node.dir/all] Error 2
[4.149s] gmake: *** [Makefile:146: all] Error 2
[4.151s] Invoked command in '/home/fourfold/dev/inmind_final_project_test/workspace/build/main' returned '2': CMAKE_PREFIX_PATH=/home/fourfold/dev/inmind_final_project_test/workspace/install/yellow_ball_finder:/home/fourfold/dev/inmind_final_project_test/workspace/install/basic_navigation:/home/fourfold/dev/inmind_final_project_test/workspace/install/main:/opt/ros/humble /usr/bin/cmake --build /home/fourfold/dev/inmind_final_project_test/workspace/build/main -- -j16 -l16
