[0.063s] DEBUG:colcon:Command line arguments: ['/usr/bin/colcon', 'build']
[0.063s] DEBUG:colcon:Parsed command line arguments: Namespace(log_base=None, log_level=None, verb_name='build', build_base='build', install_base='install', merge_install=False, symlink_install=False, test_result_base=None, continue_on_error=False, executor='parallel', parallel_workers=16, event_handlers=None, ignore_user_meta=False, metas=['./colcon.meta'], base_paths=['.'], packages_ignore=None, packages_ignore_regex=None, paths=None, packages_up_to=None, packages_up_to_regex=None, packages_above=None, packages_above_and_dependencies=None, packages_above_depth=None, packages_select_by_dep=None, packages_skip_by_dep=None, packages_skip_up_to=None, packages_select_build_failed=False, packages_skip_build_finished=False, packages_select_test_failures=False, packages_skip_test_passed=False, packages_select=None, packages_skip=None, packages_select_regex=None, packages_skip_regex=None, packages_start=None, packages_end=None, allow_overriding=[], cmake_args=None, cmake_target=None, cmake_target_skip_unavailable=False, cmake_clean_cache=False, cmake_clean_first=False, cmake_force_configure=False, ament_cmake_args=None, catkin_cmake_args=None, catkin_skip_building_tests=False, mixin_files=None, mixin=None, verb_parser=<colcon_mixin.mixin.mixin_argument.MixinArgumentDecorator object at 0x7d716ae4a4d0>, verb_extension=<colcon_core.verb.build.BuildVerb object at 0x7d716ae4a020>, main=<bound method BuildVerb.main of <colcon_core.verb.build.BuildVerb object at 0x7d716ae4a020>>, mixin_verb=('build',))
[0.150s] Level 1:colcon.colcon_core.package_discovery:discover_packages(colcon_meta) check parameters
[0.150s] Level 1:colcon.colcon_core.package_discovery:discover_packages(recursive) check parameters
[0.150s] Level 1:colcon.colcon_core.package_discovery:discover_packages(ignore) check parameters
[0.150s] Level 1:colcon.colcon_core.package_discovery:discover_packages(path) check parameters
[0.150s] Level 1:colcon.colcon_core.package_discovery:discover_packages(colcon_meta) discover
[0.150s] Level 1:colcon.colcon_core.package_discovery:discover_packages(recursive) discover
[0.150s] INFO:colcon.colcon_core.package_discovery:Crawling recursively for packages in '/home/fourfold/dev/inmind_final_project_test/workspace'
[0.150s] Level 1:colcon.colcon_core.package_identification:_identify(.) by extensions ['ignore', 'ignore_ament_install']
[0.150s] Level 1:colcon.colcon_core.package_identification:_identify(.) by extension 'ignore'
[0.150s] Level 1:colcon.colcon_core.package_identification:_identify(.) by extension 'ignore_ament_install'
[0.150s] Level 1:colcon.colcon_core.package_identification:_identify(.) by extensions ['colcon_pkg']
[0.150s] Level 1:colcon.colcon_core.package_identification:_identify(.) by extension 'colcon_pkg'
[0.150s] Level 1:colcon.colcon_core.package_identification:_identify(.) by extensions ['colcon_meta']
[0.150s] Level 1:colcon.colcon_core.package_identification:_identify(.) by extension 'colcon_meta'
[0.150s] Level 1:colcon.colcon_core.package_identification:_identify(.) by extensions ['ros']
[0.150s] Level 1:colcon.colcon_core.package_identification:_identify(.) by extension 'ros'
[0.157s] Level 1:colcon.colcon_core.package_identification:_identify(.) by extensions ['cmake', 'python']
[0.157s] Level 1:colcon.colcon_core.package_identification:_identify(.) by extension 'cmake'
[0.157s] Level 1:colcon.colcon_core.package_identification:_identify(.) by extension 'python'
[0.157s] Level 1:colcon.colcon_core.package_identification:_identify(.) by extensions ['python_setup_py']
[0.157s] Level 1:colcon.colcon_core.package_identification:_identify(.) by extension 'python_setup_py'
[0.157s] Level 1:colcon.colcon_core.package_identification:_identify(build) by extensions ['ignore', 'ignore_ament_install']
[0.157s] Level 1:colcon.colcon_core.package_identification:_identify(build) by extension 'ignore'
[0.157s] Level 1:colcon.colcon_core.package_identification:_identify(build) ignored
[0.157s] Level 1:colcon.colcon_core.package_identification:_identify(install) by extensions ['ignore', 'ignore_ament_install']
[0.158s] Level 1:colcon.colcon_core.package_identification:_identify(install) by extension 'ignore'
[0.158s] Level 1:colcon.colcon_core.package_identification:_identify(install) ignored
[0.158s] Level 1:colcon.colcon_core.package_identification:_identify(launch) by extensions ['ignore', 'ignore_ament_install']
[0.158s] Level 1:colcon.colcon_core.package_identification:_identify(launch) by extension 'ignore'
[0.158s] Level 1:colcon.colcon_core.package_identification:_identify(launch) by extension 'ignore_ament_install'
[0.158s] Level 1:colcon.colcon_core.package_identification:_identify(launch) by extensions ['colcon_pkg']
[0.158s] Level 1:colcon.colcon_core.package_identification:_identify(launch) by extension 'colcon_pkg'
[0.158s] Level 1:colcon.colcon_core.package_identification:_identify(launch) by extensions ['colcon_meta']
[0.158s] Level 1:colcon.colcon_core.package_identification:_identify(launch) by extension 'colcon_meta'
[0.158s] Level 1:colcon.colcon_core.package_identification:_identify(launch) by extensions ['ros']
[0.158s] Level 1:colcon.colcon_core.package_identification:_identify(launch) by extension 'ros'
[0.158s] Level 1:colcon.colcon_core.package_identification:_identify(launch) by extensions ['cmake', 'python']
[0.158s] Level 1:colcon.colcon_core.package_identification:_identify(launch) by extension 'cmake'
[0.158s] Level 1:colcon.colcon_core.package_identification:_identify(launch) by extension 'python'
[0.158s] Level 1:colcon.colcon_core.package_identification:_identify(launch) by extensions ['python_setup_py']
[0.158s] Level 1:colcon.colcon_core.package_identification:_identify(launch) by extension 'python_setup_py'
[0.158s] Level 1:colcon.colcon_core.package_identification:_identify(launch/__pycache__) by extensions ['ignore', 'ignore_ament_install']
[0.158s] Level 1:colcon.colcon_core.package_identification:_identify(launch/__pycache__) by extension 'ignore'
[0.158s] Level 1:colcon.colcon_core.package_identification:_identify(launch/__pycache__) by extension 'ignore_ament_install'
[0.158s] Level 1:colcon.colcon_core.package_identification:_identify(launch/__pycache__) by extensions ['colcon_pkg']
[0.158s] Level 1:colcon.colcon_core.package_identification:_identify(launch/__pycache__) by extension 'colcon_pkg'
[0.158s] Level 1:colcon.colcon_core.package_identification:_identify(launch/__pycache__) by extensions ['colcon_meta']
[0.158s] Level 1:colcon.colcon_core.package_identification:_identify(launch/__pycache__) by extension 'colcon_meta'
[0.158s] Level 1:colcon.colcon_core.package_identification:_identify(launch/__pycache__) by extensions ['ros']
[0.158s] Level 1:colcon.colcon_core.package_identification:_identify(launch/__pycache__) by extension 'ros'
[0.158s] Level 1:colcon.colcon_core.package_identification:_identify(launch/__pycache__) by extensions ['cmake', 'python']
[0.158s] Level 1:colcon.colcon_core.package_identification:_identify(launch/__pycache__) by extension 'cmake'
[0.158s] Level 1:colcon.colcon_core.package_identification:_identify(launch/__pycache__) by extension 'python'
[0.158s] Level 1:colcon.colcon_core.package_identification:_identify(launch/__pycache__) by extensions ['python_setup_py']
[0.158s] Level 1:colcon.colcon_core.package_identification:_identify(launch/__pycache__) by extension 'python_setup_py'
[0.158s] Level 1:colcon.colcon_core.package_identification:_identify(log) by extensions ['ignore', 'ignore_ament_install']
[0.158s] Level 1:colcon.colcon_core.package_identification:_identify(log) by extension 'ignore'
[0.158s] Level 1:colcon.colcon_core.package_identification:_identify(log) ignored
[0.158s] Level 1:colcon.colcon_core.package_identification:_identify(src) by extensions ['ignore', 'ignore_ament_install']
[0.158s] Level 1:colcon.colcon_core.package_identification:_identify(src) by extension 'ignore'
[0.158s] Level 1:colcon.colcon_core.package_identification:_identify(src) by extension 'ignore_ament_install'
[0.158s] Level 1:colcon.colcon_core.package_identification:_identify(src) by extensions ['colcon_pkg']
[0.159s] Level 1:colcon.colcon_core.package_identification:_identify(src) by extension 'colcon_pkg'
[0.159s] Level 1:colcon.colcon_core.package_identification:_identify(src) by extensions ['colcon_meta']
[0.159s] Level 1:colcon.colcon_core.package_identification:_identify(src) by extension 'colcon_meta'
[0.159s] Level 1:colcon.colcon_core.package_identification:_identify(src) by extensions ['ros']
[0.159s] Level 1:colcon.colcon_core.package_identification:_identify(src) by extension 'ros'
[0.159s] Level 1:colcon.colcon_core.package_identification:_identify(src) by extensions ['cmake', 'python']
[0.159s] Level 1:colcon.colcon_core.package_identification:_identify(src) by extension 'cmake'
[0.159s] Level 1:colcon.colcon_core.package_identification:_identify(src) by extension 'python'
[0.159s] Level 1:colcon.colcon_core.package_identification:_identify(src) by extensions ['python_setup_py']
[0.159s] Level 1:colcon.colcon_core.package_identification:_identify(src) by extension 'python_setup_py'
[0.159s] Level 1:colcon.colcon_core.package_identification:_identify(src/main) by extensions ['ignore', 'ignore_ament_install']
[0.159s] Level 1:colcon.colcon_core.package_identification:_identify(src/main) by extension 'ignore'
[0.159s] Level 1:colcon.colcon_core.package_identification:_identify(src/main) by extension 'ignore_ament_install'
[0.159s] Level 1:colcon.colcon_core.package_identification:_identify(src/main) by extensions ['colcon_pkg']
[0.159s] Level 1:colcon.colcon_core.package_identification:_identify(src/main) by extension 'colcon_pkg'
[0.159s] Level 1:colcon.colcon_core.package_identification:_identify(src/main) by extensions ['colcon_meta']
[0.159s] Level 1:colcon.colcon_core.package_identification:_identify(src/main) by extension 'colcon_meta'
[0.159s] Level 1:colcon.colcon_core.package_identification:_identify(src/main) by extensions ['ros']
[0.159s] Level 1:colcon.colcon_core.package_identification:_identify(src/main) by extension 'ros'
[0.159s] Level 1:colcon.colcon_core.package_identification:_identify(src/main) by extensions ['cmake', 'python']
[0.159s] Level 1:colcon.colcon_core.package_identification:_identify(src/main) by extension 'cmake'
[0.159s] Level 1:colcon.colcon_core.package_identification:_identify(src/main) by extension 'python'
[0.159s] Level 1:colcon.colcon_core.package_identification:_identify(src/main) by extensions ['python_setup_py']
[0.159s] Level 1:colcon.colcon_core.package_identification:_identify(src/main) by extension 'python_setup_py'
[0.159s] Level 1:colcon.colcon_core.package_identification:_identify(src/main/main) by extensions ['ignore', 'ignore_ament_install']
[0.159s] Level 1:colcon.colcon_core.package_identification:_identify(src/main/main) by extension 'ignore'
[0.159s] Level 1:colcon.colcon_core.package_identification:_identify(src/main/main) by extension 'ignore_ament_install'
[0.159s] Level 1:colcon.colcon_core.package_identification:_identify(src/main/main) by extensions ['colcon_pkg']
[0.159s] Level 1:colcon.colcon_core.package_identification:_identify(src/main/main) by extension 'colcon_pkg'
[0.159s] Level 1:colcon.colcon_core.package_identification:_identify(src/main/main) by extensions ['colcon_meta']
[0.159s] Level 1:colcon.colcon_core.package_identification:_identify(src/main/main) by extension 'colcon_meta'
[0.159s] Level 1:colcon.colcon_core.package_identification:_identify(src/main/main) by extensions ['ros']
[0.159s] Level 1:colcon.colcon_core.package_identification:_identify(src/main/main) by extension 'ros'
[0.161s] DEBUG:colcon.colcon_core.package_identification:Package 'src/main/main' with type 'ros.ament_cmake' and name 'main'
[0.161s] Level 1:colcon.colcon_core.package_identification:_identify(src/navigation) by extensions ['ignore', 'ignore_ament_install']
[0.161s] Level 1:colcon.colcon_core.package_identification:_identify(src/navigation) by extension 'ignore'
[0.161s] Level 1:colcon.colcon_core.package_identification:_identify(src/navigation) by extension 'ignore_ament_install'
[0.161s] Level 1:colcon.colcon_core.package_identification:_identify(src/navigation) by extensions ['colcon_pkg']
[0.161s] Level 1:colcon.colcon_core.package_identification:_identify(src/navigation) by extension 'colcon_pkg'
[0.161s] Level 1:colcon.colcon_core.package_identification:_identify(src/navigation) by extensions ['colcon_meta']
[0.161s] Level 1:colcon.colcon_core.package_identification:_identify(src/navigation) by extension 'colcon_meta'
[0.161s] Level 1:colcon.colcon_core.package_identification:_identify(src/navigation) by extensions ['ros']
[0.161s] Level 1:colcon.colcon_core.package_identification:_identify(src/navigation) by extension 'ros'
[0.162s] Level 1:colcon.colcon_core.package_identification:_identify(src/navigation) by extensions ['cmake', 'python']
[0.162s] Level 1:colcon.colcon_core.package_identification:_identify(src/navigation) by extension 'cmake'
[0.162s] Level 1:colcon.colcon_core.package_identification:_identify(src/navigation) by extension 'python'
[0.162s] Level 1:colcon.colcon_core.package_identification:_identify(src/navigation) by extensions ['python_setup_py']
[0.162s] Level 1:colcon.colcon_core.package_identification:_identify(src/navigation) by extension 'python_setup_py'
[0.162s] Level 1:colcon.colcon_core.package_identification:_identify(src/navigation/basic_navigation) by extensions ['ignore', 'ignore_ament_install']
[0.162s] Level 1:colcon.colcon_core.package_identification:_identify(src/navigation/basic_navigation) by extension 'ignore'
[0.162s] Level 1:colcon.colcon_core.package_identification:_identify(src/navigation/basic_navigation) by extension 'ignore_ament_install'
[0.162s] Level 1:colcon.colcon_core.package_identification:_identify(src/navigation/basic_navigation) by extensions ['colcon_pkg']
[0.162s] Level 1:colcon.colcon_core.package_identification:_identify(src/navigation/basic_navigation) by extension 'colcon_pkg'
[0.162s] Level 1:colcon.colcon_core.package_identification:_identify(src/navigation/basic_navigation) by extensions ['colcon_meta']
[0.162s] Level 1:colcon.colcon_core.package_identification:_identify(src/navigation/basic_navigation) by extension 'colcon_meta'
[0.162s] Level 1:colcon.colcon_core.package_identification:_identify(src/navigation/basic_navigation) by extensions ['ros']
[0.162s] Level 1:colcon.colcon_core.package_identification:_identify(src/navigation/basic_navigation) by extension 'ros'
[0.162s] DEBUG:colcon.colcon_core.package_identification:Package 'src/navigation/basic_navigation' with type 'ros.ament_cmake' and name 'basic_navigation'
[0.162s] Level 1:colcon.colcon_core.package_identification:_identify(src/perception) by extensions ['ignore', 'ignore_ament_install']
[0.162s] Level 1:colcon.colcon_core.package_identification:_identify(src/perception) by extension 'ignore'
[0.162s] Level 1:colcon.colcon_core.package_identification:_identify(src/perception) by extension 'ignore_ament_install'
[0.162s] Level 1:colcon.colcon_core.package_identification:_identify(src/perception) by extensions ['colcon_pkg']
[0.162s] Level 1:colcon.colcon_core.package_identification:_identify(src/perception) by extension 'colcon_pkg'
[0.162s] Level 1:colcon.colcon_core.package_identification:_identify(src/perception) by extensions ['colcon_meta']
[0.162s] Level 1:colcon.colcon_core.package_identification:_identify(src/perception) by extension 'colcon_meta'
[0.162s] Level 1:colcon.colcon_core.package_identification:_identify(src/perception) by extensions ['ros']
[0.162s] Level 1:colcon.colcon_core.package_identification:_identify(src/perception) by extension 'ros'
[0.163s] Level 1:colcon.colcon_core.package_identification:_identify(src/perception) by extensions ['cmake', 'python']
[0.163s] Level 1:colcon.colcon_core.package_identification:_identify(src/perception) by extension 'cmake'
[0.163s] Level 1:colcon.colcon_core.package_identification:_identify(src/perception) by extension 'python'
[0.163s] Level 1:colcon.colcon_core.package_identification:_identify(src/perception) by extensions ['python_setup_py']
[0.163s] Level 1:colcon.colcon_core.package_identification:_identify(src/perception) by extension 'python_setup_py'
[0.163s] Level 1:colcon.colcon_core.package_identification:_identify(src/perception/detection_interfaces) by extensions ['ignore', 'ignore_ament_install']
[0.163s] Level 1:colcon.colcon_core.package_identification:_identify(src/perception/detection_interfaces) by extension 'ignore'
[0.163s] Level 1:colcon.colcon_core.package_identification:_identify(src/perception/detection_interfaces) by extension 'ignore_ament_install'
[0.163s] Level 1:colcon.colcon_core.package_identification:_identify(src/perception/detection_interfaces) by extensions ['colcon_pkg']
[0.163s] Level 1:colcon.colcon_core.package_identification:_identify(src/perception/detection_interfaces) by extension 'colcon_pkg'
[0.163s] Level 1:colcon.colcon_core.package_identification:_identify(src/perception/detection_interfaces) by extensions ['colcon_meta']
[0.163s] Level 1:colcon.colcon_core.package_identification:_identify(src/perception/detection_interfaces) by extension 'colcon_meta'
[0.163s] Level 1:colcon.colcon_core.package_identification:_identify(src/perception/detection_interfaces) by extensions ['ros']
[0.163s] Level 1:colcon.colcon_core.package_identification:_identify(src/perception/detection_interfaces) by extension 'ros'
[0.163s] DEBUG:colcon.colcon_core.package_identification:Package 'src/perception/detection_interfaces' with type 'ros.ament_cmake' and name 'detection_interfaces'
[0.163s] Level 1:colcon.colcon_core.package_identification:_identify(src/perception/distance_check) by extensions ['ignore', 'ignore_ament_install']
[0.163s] Level 1:colcon.colcon_core.package_identification:_identify(src/perception/distance_check) by extension 'ignore'
[0.163s] Level 1:colcon.colcon_core.package_identification:_identify(src/perception/distance_check) by extension 'ignore_ament_install'
[0.163s] Level 1:colcon.colcon_core.package_identification:_identify(src/perception/distance_check) by extensions ['colcon_pkg']
[0.163s] Level 1:colcon.colcon_core.package_identification:_identify(src/perception/distance_check) by extension 'colcon_pkg'
[0.163s] Level 1:colcon.colcon_core.package_identification:_identify(src/perception/distance_check) by extensions ['colcon_meta']
[0.163s] Level 1:colcon.colcon_core.package_identification:_identify(src/perception/distance_check) by extension 'colcon_meta'
[0.163s] Level 1:colcon.colcon_core.package_identification:_identify(src/perception/distance_check) by extensions ['ros']
[0.163s] Level 1:colcon.colcon_core.package_identification:_identify(src/perception/distance_check) by extension 'ros'
[0.164s] DEBUG:colcon.colcon_core.package_identification:Package 'src/perception/distance_check' with type 'ros.ament_cmake' and name 'distance_check'
[0.164s] Level 1:colcon.colcon_core.package_identification:_identify(src/perception/distance_interfaces) by extensions ['ignore', 'ignore_ament_install']
[0.164s] Level 1:colcon.colcon_core.package_identification:_identify(src/perception/distance_interfaces) by extension 'ignore'
[0.164s] Level 1:colcon.colcon_core.package_identification:_identify(src/perception/distance_interfaces) by extension 'ignore_ament_install'
[0.164s] Level 1:colcon.colcon_core.package_identification:_identify(src/perception/distance_interfaces) by extensions ['colcon_pkg']
[0.164s] Level 1:colcon.colcon_core.package_identification:_identify(src/perception/distance_interfaces) by extension 'colcon_pkg'
[0.164s] Level 1:colcon.colcon_core.package_identification:_identify(src/perception/distance_interfaces) by extensions ['colcon_meta']
[0.164s] Level 1:colcon.colcon_core.package_identification:_identify(src/perception/distance_interfaces) by extension 'colcon_meta'
[0.164s] Level 1:colcon.colcon_core.package_identification:_identify(src/perception/distance_interfaces) by extensions ['ros']
[0.164s] Level 1:colcon.colcon_core.package_identification:_identify(src/perception/distance_interfaces) by extension 'ros'
[0.164s] DEBUG:colcon.colcon_core.package_identification:Package 'src/perception/distance_interfaces' with type 'ros.ament_cmake' and name 'distance_interfaces'
[0.164s] Level 1:colcon.colcon_core.package_identification:_identify(src/perception/yellow_ball_finder) by extensions ['ignore', 'ignore_ament_install']
[0.164s] Level 1:colcon.colcon_core.package_identification:_identify(src/perception/yellow_ball_finder) by extension 'ignore'
[0.164s] Level 1:colcon.colcon_core.package_identification:_identify(src/perception/yellow_ball_finder) by extension 'ignore_ament_install'
[0.164s] Level 1:colcon.colcon_core.package_identification:_identify(src/perception/yellow_ball_finder) by extensions ['colcon_pkg']
[0.164s] Level 1:colcon.colcon_core.package_identification:_identify(src/perception/yellow_ball_finder) by extension 'colcon_pkg'
[0.164s] Level 1:colcon.colcon_core.package_identification:_identify(src/perception/yellow_ball_finder) by extensions ['colcon_meta']
[0.164s] Level 1:colcon.colcon_core.package_identification:_identify(src/perception/yellow_ball_finder) by extension 'colcon_meta'
[0.164s] Level 1:colcon.colcon_core.package_identification:_identify(src/perception/yellow_ball_finder) by extensions ['ros']
[0.164s] Level 1:colcon.colcon_core.package_identification:_identify(src/perception/yellow_ball_finder) by extension 'ros'
[0.165s] DEBUG:colcon.colcon_core.package_identification:Package 'src/perception/yellow_ball_finder' with type 'ros.ament_cmake' and name 'yellow_ball_finder'
[0.165s] Level 1:colcon.colcon_core.package_discovery:discover_packages(recursive) using defaults
[0.165s] Level 1:colcon.colcon_core.package_discovery:discover_packages(ignore) discover
[0.165s] Level 1:colcon.colcon_core.package_discovery:discover_packages(ignore) using defaults
[0.165s] Level 1:colcon.colcon_core.package_discovery:discover_packages(path) discover
[0.165s] Level 1:colcon.colcon_core.package_discovery:discover_packages(path) using defaults
[0.181s] Level 1:colcon.colcon_core.package_discovery:discover_packages(prefix_path) check parameters
[0.181s] Level 1:colcon.colcon_core.package_discovery:discover_packages(prefix_path) discover
[0.183s] DEBUG:colcon.colcon_installed_package_information.package_discovery:Found 6 installed packages in /home/fourfold/dev/inmind_final_project_test/workspace/install
[0.183s] DEBUG:colcon.colcon_installed_package_information.package_discovery:Found 323 installed packages in /opt/ros/humble
[0.191s] Level 1:colcon.colcon_core.package_discovery:discover_packages(prefix_path) using defaults
[0.214s] Level 5:colcon.colcon_core.verb:set package 'basic_navigation' build argument 'cmake_args' from command line to 'None'
[0.214s] Level 5:colcon.colcon_core.verb:set package 'basic_navigation' build argument 'cmake_target' from command line to 'None'
[0.214s] Level 5:colcon.colcon_core.verb:set package 'basic_navigation' build argument 'cmake_target_skip_unavailable' from command line to 'False'
[0.214s] Level 5:colcon.colcon_core.verb:set package 'basic_navigation' build argument 'cmake_clean_cache' from command line to 'False'
[0.214s] Level 5:colcon.colcon_core.verb:set package 'basic_navigation' build argument 'cmake_clean_first' from command line to 'False'
[0.214s] Level 5:colcon.colcon_core.verb:set package 'basic_navigation' build argument 'cmake_force_configure' from command line to 'False'
[0.214s] Level 5:colcon.colcon_core.verb:set package 'basic_navigation' build argument 'ament_cmake_args' from command line to 'None'
[0.214s] Level 5:colcon.colcon_core.verb:set package 'basic_navigation' build argument 'catkin_cmake_args' from command line to 'None'
[0.214s] Level 5:colcon.colcon_core.verb:set package 'basic_navigation' build argument 'catkin_skip_building_tests' from command line to 'False'
[0.214s] DEBUG:colcon.colcon_core.verb:Building package 'basic_navigation' with the following arguments: {'ament_cmake_args': None, 'build_base': '/home/fourfold/dev/inmind_final_project_test/workspace/build/basic_navigation', 'catkin_cmake_args': None, 'catkin_skip_building_tests': False, 'cmake_args': None, 'cmake_clean_cache': False, 'cmake_clean_first': False, 'cmake_force_configure': False, 'cmake_target': None, 'cmake_target_skip_unavailable': False, 'install_base': '/home/fourfold/dev/inmind_final_project_test/workspace/install/basic_navigation', 'merge_install': False, 'path': '/home/fourfold/dev/inmind_final_project_test/workspace/src/navigation/basic_navigation', 'symlink_install': False, 'test_result_base': None}
[0.214s] Level 5:colcon.colcon_core.verb:set package 'detection_interfaces' build argument 'cmake_args' from command line to 'None'
[0.214s] Level 5:colcon.colcon_core.verb:set package 'detection_interfaces' build argument 'cmake_target' from command line to 'None'
[0.215s] Level 5:colcon.colcon_core.verb:set package 'detection_interfaces' build argument 'cmake_target_skip_unavailable' from command line to 'False'
[0.215s] Level 5:colcon.colcon_core.verb:set package 'detection_interfaces' build argument 'cmake_clean_cache' from command line to 'False'
[0.215s] Level 5:colcon.colcon_core.verb:set package 'detection_interfaces' build argument 'cmake_clean_first' from command line to 'False'
[0.215s] Level 5:colcon.colcon_core.verb:set package 'detection_interfaces' build argument 'cmake_force_configure' from command line to 'False'
[0.215s] Level 5:colcon.colcon_core.verb:set package 'detection_interfaces' build argument 'ament_cmake_args' from command line to 'None'
[0.215s] Level 5:colcon.colcon_core.verb:set package 'detection_interfaces' build argument 'catkin_cmake_args' from command line to 'None'
[0.215s] Level 5:colcon.colcon_core.verb:set package 'detection_interfaces' build argument 'catkin_skip_building_tests' from command line to 'False'
[0.215s] DEBUG:colcon.colcon_core.verb:Building package 'detection_interfaces' with the following arguments: {'ament_cmake_args': None, 'build_base': '/home/fourfold/dev/inmind_final_project_test/workspace/build/detection_interfaces', 'catkin_cmake_args': None, 'catkin_skip_building_tests': False, 'cmake_args': None, 'cmake_clean_cache': False, 'cmake_clean_first': False, 'cmake_force_configure': False, 'cmake_target': None, 'cmake_target_skip_unavailable': False, 'install_base': '/home/fourfold/dev/inmind_final_project_test/workspace/install/detection_interfaces', 'merge_install': False, 'path': '/home/fourfold/dev/inmind_final_project_test/workspace/src/perception/detection_interfaces', 'symlink_install': False, 'test_result_base': None}
[0.215s] Level 5:colcon.colcon_core.verb:set package 'distance_interfaces' build argument 'cmake_args' from command line to 'None'
[0.215s] Level 5:colcon.colcon_core.verb:set package 'distance_interfaces' build argument 'cmake_target' from command line to 'None'
[0.215s] Level 5:colcon.colcon_core.verb:set package 'distance_interfaces' build argument 'cmake_target_skip_unavailable' from command line to 'False'
[0.215s] Level 5:colcon.colcon_core.verb:set package 'distance_interfaces' build argument 'cmake_clean_cache' from command line to 'False'
[0.215s] Level 5:colcon.colcon_core.verb:set package 'distance_interfaces' build argument 'cmake_clean_first' from command line to 'False'
[0.215s] Level 5:colcon.colcon_core.verb:set package 'distance_interfaces' build argument 'cmake_force_configure' from command line to 'False'
[0.215s] Level 5:colcon.colcon_core.verb:set package 'distance_interfaces' build argument 'ament_cmake_args' from command line to 'None'
[0.215s] Level 5:colcon.colcon_core.verb:set package 'distance_interfaces' build argument 'catkin_cmake_args' from command line to 'None'
[0.215s] Level 5:colcon.colcon_core.verb:set package 'distance_interfaces' build argument 'catkin_skip_building_tests' from command line to 'False'
[0.215s] DEBUG:colcon.colcon_core.verb:Building package 'distance_interfaces' with the following arguments: {'ament_cmake_args': None, 'build_base': '/home/fourfold/dev/inmind_final_project_test/workspace/build/distance_interfaces', 'catkin_cmake_args': None, 'catkin_skip_building_tests': False, 'cmake_args': None, 'cmake_clean_cache': False, 'cmake_clean_first': False, 'cmake_force_configure': False, 'cmake_target': None, 'cmake_target_skip_unavailable': False, 'install_base': '/home/fourfold/dev/inmind_final_project_test/workspace/install/distance_interfaces', 'merge_install': False, 'path': '/home/fourfold/dev/inmind_final_project_test/workspace/src/perception/distance_interfaces', 'symlink_install': False, 'test_result_base': None}
[0.215s] Level 5:colcon.colcon_core.verb:set package 'distance_check' build argument 'cmake_args' from command line to 'None'
[0.215s] Level 5:colcon.colcon_core.verb:set package 'distance_check' build argument 'cmake_target' from command line to 'None'
[0.215s] Level 5:colcon.colcon_core.verb:set package 'distance_check' build argument 'cmake_target_skip_unavailable' from command line to 'False'
[0.215s] Level 5:colcon.colcon_core.verb:set package 'distance_check' build argument 'cmake_clean_cache' from command line to 'False'
[0.215s] Level 5:colcon.colcon_core.verb:set package 'distance_check' build argument 'cmake_clean_first' from command line to 'False'
[0.215s] Level 5:colcon.colcon_core.verb:set package 'distance_check' build argument 'cmake_force_configure' from command line to 'False'
[0.215s] Level 5:colcon.colcon_core.verb:set package 'distance_check' build argument 'ament_cmake_args' from command line to 'None'
[0.215s] Level 5:colcon.colcon_core.verb:set package 'distance_check' build argument 'catkin_cmake_args' from command line to 'None'
[0.215s] Level 5:colcon.colcon_core.verb:set package 'distance_check' build argument 'catkin_skip_building_tests' from command line to 'False'
[0.215s] DEBUG:colcon.colcon_core.verb:Building package 'distance_check' with the following arguments: {'ament_cmake_args': None, 'build_base': '/home/fourfold/dev/inmind_final_project_test/workspace/build/distance_check', 'catkin_cmake_args': None, 'catkin_skip_building_tests': False, 'cmake_args': None, 'cmake_clean_cache': False, 'cmake_clean_first': False, 'cmake_force_configure': False, 'cmake_target': None, 'cmake_target_skip_unavailable': False, 'install_base': '/home/fourfold/dev/inmind_final_project_test/workspace/install/distance_check', 'merge_install': False, 'path': '/home/fourfold/dev/inmind_final_project_test/workspace/src/perception/distance_check', 'symlink_install': False, 'test_result_base': None}
[0.215s] Level 5:colcon.colcon_core.verb:set package 'yellow_ball_finder' build argument 'cmake_args' from command line to 'None'
[0.215s] Level 5:colcon.colcon_core.verb:set package 'yellow_ball_finder' build argument 'cmake_target' from command line to 'None'
[0.215s] Level 5:colcon.colcon_core.verb:set package 'yellow_ball_finder' build argument 'cmake_target_skip_unavailable' from command line to 'False'
[0.215s] Level 5:colcon.colcon_core.verb:set package 'yellow_ball_finder' build argument 'cmake_clean_cache' from command line to 'False'
[0.215s] Level 5:colcon.colcon_core.verb:set package 'yellow_ball_finder' build argument 'cmake_clean_first' from command line to 'False'
[0.215s] Level 5:colcon.colcon_core.verb:set package 'yellow_ball_finder' build argument 'cmake_force_configure' from command line to 'False'
[0.215s] Level 5:colcon.colcon_core.verb:set package 'yellow_ball_finder' build argument 'ament_cmake_args' from command line to 'None'
[0.215s] Level 5:colcon.colcon_core.verb:set package 'yellow_ball_finder' build argument 'catkin_cmake_args' from command line to 'None'
[0.215s] Level 5:colcon.colcon_core.verb:set package 'yellow_ball_finder' build argument 'catkin_skip_building_tests' from command line to 'False'
[0.215s] DEBUG:colcon.colcon_core.verb:Building package 'yellow_ball_finder' with the following arguments: {'ament_cmake_args': None, 'build_base': '/home/fourfold/dev/inmind_final_project_test/workspace/build/yellow_ball_finder', 'catkin_cmake_args': None, 'catkin_skip_building_tests': False, 'cmake_args': None, 'cmake_clean_cache': False, 'cmake_clean_first': False, 'cmake_force_configure': False, 'cmake_target': None, 'cmake_target_skip_unavailable': False, 'install_base': '/home/fourfold/dev/inmind_final_project_test/workspace/install/yellow_ball_finder', 'merge_install': False, 'path': '/home/fourfold/dev/inmind_final_project_test/workspace/src/perception/yellow_ball_finder', 'symlink_install': False, 'test_result_base': None}
[0.216s] Level 5:colcon.colcon_core.verb:set package 'main' build argument 'cmake_args' from command line to 'None'
[0.216s] Level 5:colcon.colcon_core.verb:set package 'main' build argument 'cmake_target' from command line to 'None'
[0.216s] Level 5:colcon.colcon_core.verb:set package 'main' build argument 'cmake_target_skip_unavailable' from command line to 'False'
[0.216s] Level 5:colcon.colcon_core.verb:set package 'main' build argument 'cmake_clean_cache' from command line to 'False'
[0.216s] Level 5:colcon.colcon_core.verb:set package 'main' build argument 'cmake_clean_first' from command line to 'False'
[0.216s] Level 5:colcon.colcon_core.verb:set package 'main' build argument 'cmake_force_configure' from command line to 'False'
[0.216s] Level 5:colcon.colcon_core.verb:set package 'main' build argument 'ament_cmake_args' from command line to 'None'
[0.216s] Level 5:colcon.colcon_core.verb:set package 'main' build argument 'catkin_cmake_args' from command line to 'None'
[0.216s] Level 5:colcon.colcon_core.verb:set package 'main' build argument 'catkin_skip_building_tests' from command line to 'False'
[0.216s] DEBUG:colcon.colcon_core.verb:Building package 'main' with the following arguments: {'ament_cmake_args': None, 'build_base': '/home/fourfold/dev/inmind_final_project_test/workspace/build/main', 'catkin_cmake_args': None, 'catkin_skip_building_tests': False, 'cmake_args': None, 'cmake_clean_cache': False, 'cmake_clean_first': False, 'cmake_force_configure': False, 'cmake_target': None, 'cmake_target_skip_unavailable': False, 'install_base': '/home/fourfold/dev/inmind_final_project_test/workspace/install/main', 'merge_install': False, 'path': '/home/fourfold/dev/inmind_final_project_test/workspace/src/main/main', 'symlink_install': False, 'test_result_base': None}
[0.216s] INFO:colcon.colcon_core.executor:Executing jobs using 'parallel' executor
[0.216s] DEBUG:colcon.colcon_parallel_executor.executor.parallel:run_until_complete
[0.217s] INFO:colcon.colcon_ros.task.ament_cmake.build:Building ROS package in '/home/fourfold/dev/inmind_final_project_test/workspace/src/perception/detection_interfaces' with build type 'ament_cmake'
[0.217s] INFO:colcon.colcon_cmake.task.cmake.build:Building CMake package in '/home/fourfold/dev/inmind_final_project_test/workspace/src/perception/detection_interfaces'
[0.218s] INFO:colcon.colcon_core.plugin_system:Skipping extension 'colcon_core.shell.bat': Not used on non-Windows systems
[0.218s] INFO:colcon.colcon_core.shell:Skip shell extension 'powershell' for command environment: Not usable outside of PowerShell
[0.218s] DEBUG:colcon.colcon_core.shell:Skip shell extension 'dsv' for command environment
[0.221s] INFO:colcon.colcon_ros.task.ament_cmake.build:Building ROS package in '/home/fourfold/dev/inmind_final_project_test/workspace/src/perception/distance_interfaces' with build type 'ament_cmake'
[0.221s] INFO:colcon.colcon_cmake.task.cmake.build:Building CMake package in '/home/fourfold/dev/inmind_final_project_test/workspace/src/perception/distance_interfaces'
[0.221s] INFO:colcon.colcon_core.shell:Skip shell extension 'powershell' for command environment: Not usable outside of PowerShell
[0.221s] DEBUG:colcon.colcon_core.shell:Skip shell extension 'dsv' for command environment
[0.224s] INFO:colcon.colcon_ros.task.ament_cmake.build:Building ROS package in '/home/fourfold/dev/inmind_final_project_test/workspace/src/navigation/basic_navigation' with build type 'ament_cmake'
[0.224s] INFO:colcon.colcon_cmake.task.cmake.build:Building CMake package in '/home/fourfold/dev/inmind_final_project_test/workspace/src/navigation/basic_navigation'
[0.224s] INFO:colcon.colcon_core.shell:Skip shell extension 'powershell' for command environment: Not usable outside of PowerShell
[0.224s] DEBUG:colcon.colcon_core.shell:Skip shell extension 'dsv' for command environment
[0.231s] DEBUG:colcon.colcon_core.event_handler.log_command:Invoking command in '/home/fourfold/dev/inmind_final_project_test/workspace/build/detection_interfaces': CMAKE_PREFIX_PATH=${CMAKE_PREFIX_PATH}:/opt/ros/humble /usr/bin/cmake --build /home/fourfold/dev/inmind_final_project_test/workspace/build/detection_interfaces -- -j16 -l16
[0.233s] DEBUG:colcon.colcon_core.event_handler.log_command:Invoking command in '/home/fourfold/dev/inmind_final_project_test/workspace/build/distance_interfaces': CMAKE_PREFIX_PATH=${CMAKE_PREFIX_PATH}:/opt/ros/humble /usr/bin/cmake --build /home/fourfold/dev/inmind_final_project_test/workspace/build/distance_interfaces -- -j16 -l16
[0.239s] DEBUG:colcon.colcon_core.event_handler.log_command:Invoking command in '/home/fourfold/dev/inmind_final_project_test/workspace/build/basic_navigation': CMAKE_PREFIX_PATH=${CMAKE_PREFIX_PATH}:/opt/ros/humble /usr/bin/cmake --build /home/fourfold/dev/inmind_final_project_test/workspace/build/basic_navigation -- -j16 -l16
[0.264s] DEBUG:colcon.colcon_core.event_handler.log_command:Invoked command in '/home/fourfold/dev/inmind_final_project_test/workspace/build/basic_navigation' returned '0': CMAKE_PREFIX_PATH=${CMAKE_PREFIX_PATH}:/opt/ros/humble /usr/bin/cmake --build /home/fourfold/dev/inmind_final_project_test/workspace/build/basic_navigation -- -j16 -l16
[0.296s] DEBUG:colcon.colcon_core.event_handler.log_command:Invoking command in '/home/fourfold/dev/inmind_final_project_test/workspace/build/basic_navigation': CMAKE_PREFIX_PATH=${CMAKE_PREFIX_PATH}:/opt/ros/humble /usr/bin/cmake --install /home/fourfold/dev/inmind_final_project_test/workspace/build/basic_navigation
[0.303s] Level 1:colcon.colcon_core.environment:create_environment_scripts_only(basic_navigation)
[0.304s] DEBUG:colcon.colcon_core.event_handler.log_command:Invoked command in '/home/fourfold/dev/inmind_final_project_test/workspace/build/basic_navigation' returned '0': CMAKE_PREFIX_PATH=${CMAKE_PREFIX_PATH}:/opt/ros/humble /usr/bin/cmake --install /home/fourfold/dev/inmind_final_project_test/workspace/build/basic_navigation
[0.306s] Level 1:colcon.colcon_core.environment:checking '/home/fourfold/dev/inmind_final_project_test/workspace/install/basic_navigation' for CMake module files
[0.307s] Level 1:colcon.colcon_core.environment:checking '/home/fourfold/dev/inmind_final_project_test/workspace/install/basic_navigation' for CMake config files
[0.307s] Level 1:colcon.colcon_core.shell:create_environment_hook('basic_navigation', 'cmake_prefix_path')
[0.307s] INFO:colcon.colcon_core.shell:Creating environment hook '/home/fourfold/dev/inmind_final_project_test/workspace/install/basic_navigation/share/basic_navigation/hook/cmake_prefix_path.ps1'
[0.308s] INFO:colcon.colcon_core.shell:Creating environment descriptor '/home/fourfold/dev/inmind_final_project_test/workspace/install/basic_navigation/share/basic_navigation/hook/cmake_prefix_path.dsv'
[0.308s] INFO:colcon.colcon_core.shell:Creating environment hook '/home/fourfold/dev/inmind_final_project_test/workspace/install/basic_navigation/share/basic_navigation/hook/cmake_prefix_path.sh'
[0.309s] Level 1:colcon.colcon_core.environment:checking '/home/fourfold/dev/inmind_final_project_test/workspace/install/basic_navigation/lib'
[0.309s] Level 1:colcon.colcon_core.environment:checking '/home/fourfold/dev/inmind_final_project_test/workspace/install/basic_navigation/bin'
[0.309s] Level 1:colcon.colcon_core.environment:checking '/home/fourfold/dev/inmind_final_project_test/workspace/install/basic_navigation/lib/pkgconfig/basic_navigation.pc'
[0.309s] Level 1:colcon.colcon_core.environment:checking '/home/fourfold/dev/inmind_final_project_test/workspace/install/basic_navigation/lib/python3.10/site-packages'
[0.309s] Level 1:colcon.colcon_core.environment:checking '/home/fourfold/dev/inmind_final_project_test/workspace/install/basic_navigation/bin'
[0.309s] INFO:colcon.colcon_core.shell:Creating package script '/home/fourfold/dev/inmind_final_project_test/workspace/install/basic_navigation/share/basic_navigation/package.ps1'
[0.310s] INFO:colcon.colcon_core.shell:Creating package descriptor '/home/fourfold/dev/inmind_final_project_test/workspace/install/basic_navigation/share/basic_navigation/package.dsv'
[0.310s] INFO:colcon.colcon_core.shell:Creating package script '/home/fourfold/dev/inmind_final_project_test/workspace/install/basic_navigation/share/basic_navigation/package.sh'
[0.311s] INFO:colcon.colcon_core.shell:Creating package script '/home/fourfold/dev/inmind_final_project_test/workspace/install/basic_navigation/share/basic_navigation/package.bash'
[0.311s] INFO:colcon.colcon_core.shell:Creating package script '/home/fourfold/dev/inmind_final_project_test/workspace/install/basic_navigation/share/basic_navigation/package.zsh'
[0.312s] Level 1:colcon.colcon_core.environment:create_file_with_runtime_dependencies(/home/fourfold/dev/inmind_final_project_test/workspace/install/basic_navigation/share/colcon-core/packages/basic_navigation)
[0.327s] Level 1:colcon.colcon_core.environment:create_environment_scripts_only(basic_navigation)
[0.327s] Level 1:colcon.colcon_core.environment:checking '/home/fourfold/dev/inmind_final_project_test/workspace/install/basic_navigation' for CMake module files
[0.327s] Level 1:colcon.colcon_core.environment:checking '/home/fourfold/dev/inmind_final_project_test/workspace/install/basic_navigation' for CMake config files
[0.328s] Level 1:colcon.colcon_core.shell:create_environment_hook('basic_navigation', 'cmake_prefix_path')
[0.328s] INFO:colcon.colcon_core.shell:Creating environment hook '/home/fourfold/dev/inmind_final_project_test/workspace/install/basic_navigation/share/basic_navigation/hook/cmake_prefix_path.ps1'
[0.328s] INFO:colcon.colcon_core.shell:Creating environment descriptor '/home/fourfold/dev/inmind_final_project_test/workspace/install/basic_navigation/share/basic_navigation/hook/cmake_prefix_path.dsv'
[0.328s] INFO:colcon.colcon_core.shell:Creating environment hook '/home/fourfold/dev/inmind_final_project_test/workspace/install/basic_navigation/share/basic_navigation/hook/cmake_prefix_path.sh'
[0.328s] Level 1:colcon.colcon_core.environment:checking '/home/fourfold/dev/inmind_final_project_test/workspace/install/basic_navigation/lib'
[0.329s] Level 1:colcon.colcon_core.environment:checking '/home/fourfold/dev/inmind_final_project_test/workspace/install/basic_navigation/bin'
[0.329s] Level 1:colcon.colcon_core.environment:checking '/home/fourfold/dev/inmind_final_project_test/workspace/install/basic_navigation/lib/pkgconfig/basic_navigation.pc'
[0.329s] Level 1:colcon.colcon_core.environment:checking '/home/fourfold/dev/inmind_final_project_test/workspace/install/basic_navigation/lib/python3.10/site-packages'
[0.329s] Level 1:colcon.colcon_core.environment:checking '/home/fourfold/dev/inmind_final_project_test/workspace/install/basic_navigation/bin'
[0.329s] INFO:colcon.colcon_core.shell:Creating package script '/home/fourfold/dev/inmind_final_project_test/workspace/install/basic_navigation/share/basic_navigation/package.ps1'
[0.329s] INFO:colcon.colcon_core.shell:Creating package descriptor '/home/fourfold/dev/inmind_final_project_test/workspace/install/basic_navigation/share/basic_navigation/package.dsv'
[0.330s] INFO:colcon.colcon_core.shell:Creating package script '/home/fourfold/dev/inmind_final_project_test/workspace/install/basic_navigation/share/basic_navigation/package.sh'
[0.330s] INFO:colcon.colcon_core.shell:Creating package script '/home/fourfold/dev/inmind_final_project_test/workspace/install/basic_navigation/share/basic_navigation/package.bash'
[0.330s] INFO:colcon.colcon_core.shell:Creating package script '/home/fourfold/dev/inmind_final_project_test/workspace/install/basic_navigation/share/basic_navigation/package.zsh'
[0.330s] Level 1:colcon.colcon_core.environment:create_file_with_runtime_dependencies(/home/fourfold/dev/inmind_final_project_test/workspace/install/basic_navigation/share/colcon-core/packages/basic_navigation)
[0.472s] DEBUG:colcon.colcon_core.event_handler.log_command:Invoked command in '/home/fourfold/dev/inmind_final_project_test/workspace/build/distance_interfaces' returned '0': CMAKE_PREFIX_PATH=${CMAKE_PREFIX_PATH}:/opt/ros/humble /usr/bin/cmake --build /home/fourfold/dev/inmind_final_project_test/workspace/build/distance_interfaces -- -j16 -l16
[0.473s] DEBUG:colcon.colcon_core.event_handler.log_command:Invoked command in '/home/fourfold/dev/inmind_final_project_test/workspace/build/detection_interfaces' returned '0': CMAKE_PREFIX_PATH=${CMAKE_PREFIX_PATH}:/opt/ros/humble /usr/bin/cmake --build /home/fourfold/dev/inmind_final_project_test/workspace/build/detection_interfaces -- -j16 -l16
[0.514s] DEBUG:colcon.colcon_core.event_handler.log_command:Invoking command in '/home/fourfold/dev/inmind_final_project_test/workspace/build/distance_interfaces': CMAKE_PREFIX_PATH=${CMAKE_PREFIX_PATH}:/opt/ros/humble /usr/bin/cmake --install /home/fourfold/dev/inmind_final_project_test/workspace/build/distance_interfaces
[0.516s] DEBUG:colcon.colcon_core.event_handler.log_command:Invoking command in '/home/fourfold/dev/inmind_final_project_test/workspace/build/detection_interfaces': CMAKE_PREFIX_PATH=${CMAKE_PREFIX_PATH}:/opt/ros/humble /usr/bin/cmake --install /home/fourfold/dev/inmind_final_project_test/workspace/build/detection_interfaces
[0.547s] Level 1:colcon.colcon_core.environment:create_environment_scripts_only(distance_interfaces)
[0.547s] Level 1:colcon.colcon_core.environment:checking '/home/fourfold/dev/inmind_final_project_test/workspace/install/distance_interfaces' for CMake module files
[0.547s] DEBUG:colcon.colcon_core.event_handler.log_command:Invoked command in '/home/fourfold/dev/inmind_final_project_test/workspace/build/distance_interfaces' returned '0': CMAKE_PREFIX_PATH=${CMAKE_PREFIX_PATH}:/opt/ros/humble /usr/bin/cmake --install /home/fourfold/dev/inmind_final_project_test/workspace/build/distance_interfaces
[0.548s] Level 1:colcon.colcon_core.environment:checking '/home/fourfold/dev/inmind_final_project_test/workspace/install/distance_interfaces' for CMake config files
[0.549s] Level 1:colcon.colcon_core.shell:create_environment_hook('distance_interfaces', 'cmake_prefix_path')
[0.550s] INFO:colcon.colcon_core.shell:Creating environment hook '/home/fourfold/dev/inmind_final_project_test/workspace/install/distance_interfaces/share/distance_interfaces/hook/cmake_prefix_path.ps1'
[0.550s] INFO:colcon.colcon_core.shell:Creating environment descriptor '/home/fourfold/dev/inmind_final_project_test/workspace/install/distance_interfaces/share/distance_interfaces/hook/cmake_prefix_path.dsv'
[0.550s] INFO:colcon.colcon_core.shell:Creating environment hook '/home/fourfold/dev/inmind_final_project_test/workspace/install/distance_interfaces/share/distance_interfaces/hook/cmake_prefix_path.sh'
[0.550s] Level 1:colcon.colcon_core.environment:checking '/home/fourfold/dev/inmind_final_project_test/workspace/install/distance_interfaces/lib'
[0.550s] Level 1:colcon.colcon_core.shell:create_environment_hook('distance_interfaces', 'ld_library_path_lib')
[0.551s] INFO:colcon.colcon_core.shell:Creating environment hook '/home/fourfold/dev/inmind_final_project_test/workspace/install/distance_interfaces/share/distance_interfaces/hook/ld_library_path_lib.ps1'
[0.551s] INFO:colcon.colcon_core.shell:Creating environment descriptor '/home/fourfold/dev/inmind_final_project_test/workspace/install/distance_interfaces/share/distance_interfaces/hook/ld_library_path_lib.dsv'
[0.551s] INFO:colcon.colcon_core.shell:Creating environment hook '/home/fourfold/dev/inmind_final_project_test/workspace/install/distance_interfaces/share/distance_interfaces/hook/ld_library_path_lib.sh'
[0.551s] Level 1:colcon.colcon_core.environment:checking '/home/fourfold/dev/inmind_final_project_test/workspace/install/distance_interfaces/bin'
[0.551s] Level 1:colcon.colcon_core.environment:checking '/home/fourfold/dev/inmind_final_project_test/workspace/install/distance_interfaces/lib/pkgconfig/distance_interfaces.pc'
[0.551s] Level 1:colcon.colcon_core.environment:checking '/home/fourfold/dev/inmind_final_project_test/workspace/install/distance_interfaces/lib/python3.10/site-packages'
[0.551s] Level 1:colcon.colcon_core.environment:checking '/home/fourfold/dev/inmind_final_project_test/workspace/install/distance_interfaces/bin'
[0.552s] INFO:colcon.colcon_core.shell:Creating package script '/home/fourfold/dev/inmind_final_project_test/workspace/install/distance_interfaces/share/distance_interfaces/package.ps1'
[0.552s] INFO:colcon.colcon_core.shell:Creating package descriptor '/home/fourfold/dev/inmind_final_project_test/workspace/install/distance_interfaces/share/distance_interfaces/package.dsv'
[0.552s] INFO:colcon.colcon_core.shell:Creating package script '/home/fourfold/dev/inmind_final_project_test/workspace/install/distance_interfaces/share/distance_interfaces/package.sh'
[0.552s] INFO:colcon.colcon_core.shell:Creating package script '/home/fourfold/dev/inmind_final_project_test/workspace/install/distance_interfaces/share/distance_interfaces/package.bash'
[0.552s] INFO:colcon.colcon_core.shell:Creating package script '/home/fourfold/dev/inmind_final_project_test/workspace/install/distance_interfaces/share/distance_interfaces/package.zsh'
[0.552s] Level 1:colcon.colcon_core.environment:create_file_with_runtime_dependencies(/home/fourfold/dev/inmind_final_project_test/workspace/install/distance_interfaces/share/colcon-core/packages/distance_interfaces)
[0.554s] Level 1:colcon.colcon_core.environment:create_environment_scripts_only(detection_interfaces)
[0.554s] Level 1:colcon.colcon_core.environment:checking '/home/fourfold/dev/inmind_final_project_test/workspace/install/detection_interfaces' for CMake module files
[0.554s] DEBUG:colcon.colcon_core.event_handler.log_command:Invoked command in '/home/fourfold/dev/inmind_final_project_test/workspace/build/detection_interfaces' returned '0': CMAKE_PREFIX_PATH=${CMAKE_PREFIX_PATH}:/opt/ros/humble /usr/bin/cmake --install /home/fourfold/dev/inmind_final_project_test/workspace/build/detection_interfaces
[0.554s] Level 1:colcon.colcon_core.environment:checking '/home/fourfold/dev/inmind_final_project_test/workspace/install/detection_interfaces' for CMake config files
[0.555s] Level 1:colcon.colcon_core.shell:create_environment_hook('detection_interfaces', 'cmake_prefix_path')
[0.555s] INFO:colcon.colcon_core.shell:Creating environment hook '/home/fourfold/dev/inmind_final_project_test/workspace/install/detection_interfaces/share/detection_interfaces/hook/cmake_prefix_path.ps1'
[0.555s] INFO:colcon.colcon_core.shell:Creating environment descriptor '/home/fourfold/dev/inmind_final_project_test/workspace/install/detection_interfaces/share/detection_interfaces/hook/cmake_prefix_path.dsv'
[0.556s] INFO:colcon.colcon_core.shell:Creating environment hook '/home/fourfold/dev/inmind_final_project_test/workspace/install/detection_interfaces/share/detection_interfaces/hook/cmake_prefix_path.sh'
[0.556s] Level 1:colcon.colcon_core.environment:checking '/home/fourfold/dev/inmind_final_project_test/workspace/install/detection_interfaces/lib'
[0.556s] Level 1:colcon.colcon_core.shell:create_environment_hook('detection_interfaces', 'ld_library_path_lib')
[0.556s] INFO:colcon.colcon_core.shell:Creating environment hook '/home/fourfold/dev/inmind_final_project_test/workspace/install/detection_interfaces/share/detection_interfaces/hook/ld_library_path_lib.ps1'
[0.556s] INFO:colcon.colcon_core.shell:Creating environment descriptor '/home/fourfold/dev/inmind_final_project_test/workspace/install/detection_interfaces/share/detection_interfaces/hook/ld_library_path_lib.dsv'
[0.556s] INFO:colcon.colcon_core.shell:Creating environment hook '/home/fourfold/dev/inmind_final_project_test/workspace/install/detection_interfaces/share/detection_interfaces/hook/ld_library_path_lib.sh'
[0.557s] Level 1:colcon.colcon_core.environment:checking '/home/fourfold/dev/inmind_final_project_test/workspace/install/detection_interfaces/bin'
[0.557s] Level 1:colcon.colcon_core.environment:checking '/home/fourfold/dev/inmind_final_project_test/workspace/install/detection_interfaces/lib/pkgconfig/detection_interfaces.pc'
[0.557s] Level 1:colcon.colcon_core.environment:checking '/home/fourfold/dev/inmind_final_project_test/workspace/install/detection_interfaces/lib/python3.10/site-packages'
[0.557s] Level 1:colcon.colcon_core.environment:checking '/home/fourfold/dev/inmind_final_project_test/workspace/install/detection_interfaces/bin'
[0.557s] INFO:colcon.colcon_core.shell:Creating package script '/home/fourfold/dev/inmind_final_project_test/workspace/install/detection_interfaces/share/detection_interfaces/package.ps1'
[0.557s] INFO:colcon.colcon_core.shell:Creating package descriptor '/home/fourfold/dev/inmind_final_project_test/workspace/install/detection_interfaces/share/detection_interfaces/package.dsv'
[0.557s] INFO:colcon.colcon_core.shell:Creating package script '/home/fourfold/dev/inmind_final_project_test/workspace/install/detection_interfaces/share/detection_interfaces/package.sh'
[0.558s] INFO:colcon.colcon_core.shell:Creating package script '/home/fourfold/dev/inmind_final_project_test/workspace/install/detection_interfaces/share/detection_interfaces/package.bash'
[0.558s] INFO:colcon.colcon_core.shell:Creating package script '/home/fourfold/dev/inmind_final_project_test/workspace/install/detection_interfaces/share/detection_interfaces/package.zsh'
[0.558s] Level 1:colcon.colcon_core.environment:create_file_with_runtime_dependencies(/home/fourfold/dev/inmind_final_project_test/workspace/install/detection_interfaces/share/colcon-core/packages/detection_interfaces)
[0.594s] Level 1:colcon.colcon_core.environment:create_environment_scripts_only(distance_interfaces)
[0.594s] Level 1:colcon.colcon_core.environment:checking '/home/fourfold/dev/inmind_final_project_test/workspace/install/distance_interfaces' for CMake module files
[0.595s] Level 1:colcon.colcon_core.environment:checking '/home/fourfold/dev/inmind_final_project_test/workspace/install/distance_interfaces' for CMake config files
[0.595s] Level 1:colcon.colcon_core.shell:create_environment_hook('distance_interfaces', 'cmake_prefix_path')
[0.595s] INFO:colcon.colcon_core.shell:Creating environment hook '/home/fourfold/dev/inmind_final_project_test/workspace/install/distance_interfaces/share/distance_interfaces/hook/cmake_prefix_path.ps1'
[0.596s] INFO:colcon.colcon_core.shell:Creating environment descriptor '/home/fourfold/dev/inmind_final_project_test/workspace/install/distance_interfaces/share/distance_interfaces/hook/cmake_prefix_path.dsv'
[0.596s] INFO:colcon.colcon_core.shell:Creating environment hook '/home/fourfold/dev/inmind_final_project_test/workspace/install/distance_interfaces/share/distance_interfaces/hook/cmake_prefix_path.sh'
[0.596s] Level 1:colcon.colcon_core.environment:checking '/home/fourfold/dev/inmind_final_project_test/workspace/install/distance_interfaces/lib'
[0.596s] Level 1:colcon.colcon_core.shell:create_environment_hook('distance_interfaces', 'ld_library_path_lib')
[0.596s] INFO:colcon.colcon_core.shell:Creating environment hook '/home/fourfold/dev/inmind_final_project_test/workspace/install/distance_interfaces/share/distance_interfaces/hook/ld_library_path_lib.ps1'
[0.597s] INFO:colcon.colcon_core.shell:Creating environment descriptor '/home/fourfold/dev/inmind_final_project_test/workspace/install/distance_interfaces/share/distance_interfaces/hook/ld_library_path_lib.dsv'
[0.597s] INFO:colcon.colcon_core.shell:Creating environment hook '/home/fourfold/dev/inmind_final_project_test/workspace/install/distance_interfaces/share/distance_interfaces/hook/ld_library_path_lib.sh'
[0.597s] Level 1:colcon.colcon_core.environment:checking '/home/fourfold/dev/inmind_final_project_test/workspace/install/distance_interfaces/bin'
[0.597s] Level 1:colcon.colcon_core.environment:checking '/home/fourfold/dev/inmind_final_project_test/workspace/install/distance_interfaces/lib/pkgconfig/distance_interfaces.pc'
[0.597s] Level 1:colcon.colcon_core.environment:checking '/home/fourfold/dev/inmind_final_project_test/workspace/install/distance_interfaces/lib/python3.10/site-packages'
[0.597s] Level 1:colcon.colcon_core.environment:checking '/home/fourfold/dev/inmind_final_project_test/workspace/install/distance_interfaces/bin'
[0.597s] INFO:colcon.colcon_core.shell:Creating package script '/home/fourfold/dev/inmind_final_project_test/workspace/install/distance_interfaces/share/distance_interfaces/package.ps1'
[0.598s] INFO:colcon.colcon_core.shell:Creating package descriptor '/home/fourfold/dev/inmind_final_project_test/workspace/install/distance_interfaces/share/distance_interfaces/package.dsv'
[0.598s] INFO:colcon.colcon_core.shell:Creating package script '/home/fourfold/dev/inmind_final_project_test/workspace/install/distance_interfaces/share/distance_interfaces/package.sh'
[0.598s] INFO:colcon.colcon_core.shell:Creating package script '/home/fourfold/dev/inmind_final_project_test/workspace/install/distance_interfaces/share/distance_interfaces/package.bash'
[0.598s] INFO:colcon.colcon_core.shell:Creating package script '/home/fourfold/dev/inmind_final_project_test/workspace/install/distance_interfaces/share/distance_interfaces/package.zsh'
[0.598s] Level 1:colcon.colcon_core.environment:create_file_with_runtime_dependencies(/home/fourfold/dev/inmind_final_project_test/workspace/install/distance_interfaces/share/colcon-core/packages/distance_interfaces)
[0.599s] INFO:colcon.colcon_ros.task.ament_cmake.build:Building ROS package in '/home/fourfold/dev/inmind_final_project_test/workspace/src/perception/distance_check' with build type 'ament_cmake'
[0.599s] INFO:colcon.colcon_cmake.task.cmake.build:Building CMake package in '/home/fourfold/dev/inmind_final_project_test/workspace/src/perception/distance_check'
[0.599s] INFO:colcon.colcon_core.shell:Skip shell extension 'powershell' for command environment: Not usable outside of PowerShell
[0.599s] DEBUG:colcon.colcon_core.shell:Skip shell extension 'dsv' for command environment
[0.603s] Level 1:colcon.colcon_core.environment:create_environment_scripts_only(detection_interfaces)
[0.603s] Level 1:colcon.colcon_core.environment:checking '/home/fourfold/dev/inmind_final_project_test/workspace/install/detection_interfaces' for CMake module files
[0.604s] Level 1:colcon.colcon_core.environment:checking '/home/fourfold/dev/inmind_final_project_test/workspace/install/detection_interfaces' for CMake config files
[0.604s] Level 1:colcon.colcon_core.shell:create_environment_hook('detection_interfaces', 'cmake_prefix_path')
[0.604s] INFO:colcon.colcon_core.shell:Creating environment hook '/home/fourfold/dev/inmind_final_project_test/workspace/install/detection_interfaces/share/detection_interfaces/hook/cmake_prefix_path.ps1'
[0.605s] INFO:colcon.colcon_core.shell:Creating environment descriptor '/home/fourfold/dev/inmind_final_project_test/workspace/install/detection_interfaces/share/detection_interfaces/hook/cmake_prefix_path.dsv'
[0.605s] INFO:colcon.colcon_core.shell:Creating environment hook '/home/fourfold/dev/inmind_final_project_test/workspace/install/detection_interfaces/share/detection_interfaces/hook/cmake_prefix_path.sh'
[0.605s] Level 1:colcon.colcon_core.environment:checking '/home/fourfold/dev/inmind_final_project_test/workspace/install/detection_interfaces/lib'
[0.605s] Level 1:colcon.colcon_core.shell:create_environment_hook('detection_interfaces', 'ld_library_path_lib')
[0.606s] INFO:colcon.colcon_core.shell:Creating environment hook '/home/fourfold/dev/inmind_final_project_test/workspace/install/detection_interfaces/share/detection_interfaces/hook/ld_library_path_lib.ps1'
[0.606s] INFO:colcon.colcon_core.shell:Creating environment descriptor '/home/fourfold/dev/inmind_final_project_test/workspace/install/detection_interfaces/share/detection_interfaces/hook/ld_library_path_lib.dsv'
[0.606s] INFO:colcon.colcon_core.shell:Creating environment hook '/home/fourfold/dev/inmind_final_project_test/workspace/install/detection_interfaces/share/detection_interfaces/hook/ld_library_path_lib.sh'
[0.606s] Level 1:colcon.colcon_core.environment:checking '/home/fourfold/dev/inmind_final_project_test/workspace/install/detection_interfaces/bin'
[0.606s] Level 1:colcon.colcon_core.environment:checking '/home/fourfold/dev/inmind_final_project_test/workspace/install/detection_interfaces/lib/pkgconfig/detection_interfaces.pc'
[0.606s] Level 1:colcon.colcon_core.environment:checking '/home/fourfold/dev/inmind_final_project_test/workspace/install/detection_interfaces/lib/python3.10/site-packages'
[0.606s] Level 1:colcon.colcon_core.environment:checking '/home/fourfold/dev/inmind_final_project_test/workspace/install/detection_interfaces/bin'
[0.607s] INFO:colcon.colcon_core.shell:Creating package script '/home/fourfold/dev/inmind_final_project_test/workspace/install/detection_interfaces/share/detection_interfaces/package.ps1'
[0.607s] INFO:colcon.colcon_core.shell:Creating package descriptor '/home/fourfold/dev/inmind_final_project_test/workspace/install/detection_interfaces/share/detection_interfaces/package.dsv'
[0.607s] INFO:colcon.colcon_core.shell:Creating package script '/home/fourfold/dev/inmind_final_project_test/workspace/install/detection_interfaces/share/detection_interfaces/package.sh'
[0.608s] INFO:colcon.colcon_core.shell:Creating package script '/home/fourfold/dev/inmind_final_project_test/workspace/install/detection_interfaces/share/detection_interfaces/package.bash'
[0.608s] INFO:colcon.colcon_core.shell:Creating package script '/home/fourfold/dev/inmind_final_project_test/workspace/install/detection_interfaces/share/detection_interfaces/package.zsh'
[0.608s] Level 1:colcon.colcon_core.environment:create_file_with_runtime_dependencies(/home/fourfold/dev/inmind_final_project_test/workspace/install/detection_interfaces/share/colcon-core/packages/detection_interfaces)
[0.608s] INFO:colcon.colcon_ros.task.ament_cmake.build:Building ROS package in '/home/fourfold/dev/inmind_final_project_test/workspace/src/perception/yellow_ball_finder' with build type 'ament_cmake'
[0.608s] INFO:colcon.colcon_cmake.task.cmake.build:Building CMake package in '/home/fourfold/dev/inmind_final_project_test/workspace/src/perception/yellow_ball_finder'
[0.609s] INFO:colcon.colcon_core.shell:Skip shell extension 'powershell' for command environment: Not usable outside of PowerShell
[0.609s] DEBUG:colcon.colcon_core.shell:Skip shell extension 'dsv' for command environment
[0.612s] DEBUG:colcon.colcon_core.event_handler.log_command:Invoking command in '/home/fourfold/dev/inmind_final_project_test/workspace/build/distance_check': AMENT_PREFIX_PATH=/home/fourfold/dev/inmind_final_project_test/workspace/install/distance_interfaces:${AMENT_PREFIX_PATH} CMAKE_PREFIX_PATH=/home/fourfold/dev/inmind_final_project_test/workspace/install/distance_interfaces:/home/fourfold/dev/inmind_final_project_test/workspace/install/main:/home/fourfold/dev/inmind_final_project_test/workspace/install/yellow_ball_finder:/home/fourfold/dev/inmind_final_project_test/workspace/install/distance_check:/home/fourfold/dev/inmind_final_project_test/workspace/install/detection_interfaces:/home/fourfold/dev/inmind_final_project_test/workspace/install/basic_navigation:/opt/ros/humble LD_LIBRARY_PATH=/home/fourfold/dev/inmind_final_project_test/workspace/install/distance_interfaces/lib:${LD_LIBRARY_PATH} PYTHONPATH=/home/fourfold/dev/inmind_final_project_test/workspace/install/distance_interfaces/local/lib/python3.10/dist-packages:${PYTHONPATH} /usr/bin/cmake --build /home/fourfold/dev/inmind_final_project_test/workspace/build/distance_check -- -j16 -l16
[0.615s] DEBUG:colcon.colcon_core.event_handler.log_command:Invoking command in '/home/fourfold/dev/inmind_final_project_test/workspace/build/yellow_ball_finder': CMAKE_PREFIX_PATH=/home/fourfold/dev/inmind_final_project_test/workspace/install/detection_interfaces:/home/fourfold/dev/inmind_final_project_test/workspace/install/main:/home/fourfold/dev/inmind_final_project_test/workspace/install/yellow_ball_finder:/home/fourfold/dev/inmind_final_project_test/workspace/install/distance_check:/home/fourfold/dev/inmind_final_project_test/workspace/install/basic_navigation:/opt/ros/humble /usr/bin/cmake --build /home/fourfold/dev/inmind_final_project_test/workspace/build/yellow_ball_finder -- -j16 -l16
[0.663s] DEBUG:colcon.colcon_core.event_handler.log_command:Invoked command in '/home/fourfold/dev/inmind_final_project_test/workspace/build/yellow_ball_finder' returned '0': CMAKE_PREFIX_PATH=/home/fourfold/dev/inmind_final_project_test/workspace/install/detection_interfaces:/home/fourfold/dev/inmind_final_project_test/workspace/install/main:/home/fourfold/dev/inmind_final_project_test/workspace/install/yellow_ball_finder:/home/fourfold/dev/inmind_final_project_test/workspace/install/distance_check:/home/fourfold/dev/inmind_final_project_test/workspace/install/basic_navigation:/opt/ros/humble /usr/bin/cmake --build /home/fourfold/dev/inmind_final_project_test/workspace/build/yellow_ball_finder -- -j16 -l16
[0.683s] DEBUG:colcon.colcon_core.event_handler.log_command:Invoking command in '/home/fourfold/dev/inmind_final_project_test/workspace/build/yellow_ball_finder': CMAKE_PREFIX_PATH=/home/fourfold/dev/inmind_final_project_test/workspace/install/detection_interfaces:/home/fourfold/dev/inmind_final_project_test/workspace/install/main:/home/fourfold/dev/inmind_final_project_test/workspace/install/yellow_ball_finder:/home/fourfold/dev/inmind_final_project_test/workspace/install/distance_check:/home/fourfold/dev/inmind_final_project_test/workspace/install/basic_navigation:/opt/ros/humble /usr/bin/cmake --install /home/fourfold/dev/inmind_final_project_test/workspace/build/yellow_ball_finder
[0.689s] Level 1:colcon.colcon_core.environment:create_environment_scripts_only(yellow_ball_finder)
[0.690s] Level 1:colcon.colcon_core.environment:checking '/home/fourfold/dev/inmind_final_project_test/workspace/install/yellow_ball_finder' for CMake module files
[0.690s] DEBUG:colcon.colcon_core.event_handler.log_command:Invoked command in '/home/fourfold/dev/inmind_final_project_test/workspace/build/yellow_ball_finder' returned '0': CMAKE_PREFIX_PATH=/home/fourfold/dev/inmind_final_project_test/workspace/install/detection_interfaces:/home/fourfold/dev/inmind_final_project_test/workspace/install/main:/home/fourfold/dev/inmind_final_project_test/workspace/install/yellow_ball_finder:/home/fourfold/dev/inmind_final_project_test/workspace/install/distance_check:/home/fourfold/dev/inmind_final_project_test/workspace/install/basic_navigation:/opt/ros/humble /usr/bin/cmake --install /home/fourfold/dev/inmind_final_project_test/workspace/build/yellow_ball_finder
[0.691s] Level 1:colcon.colcon_core.environment:checking '/home/fourfold/dev/inmind_final_project_test/workspace/install/yellow_ball_finder' for CMake config files
[0.691s] Level 1:colcon.colcon_core.shell:create_environment_hook('yellow_ball_finder', 'cmake_prefix_path')
[0.691s] INFO:colcon.colcon_core.shell:Creating environment hook '/home/fourfold/dev/inmind_final_project_test/workspace/install/yellow_ball_finder/share/yellow_ball_finder/hook/cmake_prefix_path.ps1'
[0.692s] INFO:colcon.colcon_core.shell:Creating environment descriptor '/home/fourfold/dev/inmind_final_project_test/workspace/install/yellow_ball_finder/share/yellow_ball_finder/hook/cmake_prefix_path.dsv'
[0.692s] INFO:colcon.colcon_core.shell:Creating environment hook '/home/fourfold/dev/inmind_final_project_test/workspace/install/yellow_ball_finder/share/yellow_ball_finder/hook/cmake_prefix_path.sh'
[0.692s] Level 1:colcon.colcon_core.environment:checking '/home/fourfold/dev/inmind_final_project_test/workspace/install/yellow_ball_finder/lib'
[0.692s] Level 1:colcon.colcon_core.environment:checking '/home/fourfold/dev/inmind_final_project_test/workspace/install/yellow_ball_finder/bin'
[0.692s] Level 1:colcon.colcon_core.environment:checking '/home/fourfold/dev/inmind_final_project_test/workspace/install/yellow_ball_finder/lib/pkgconfig/yellow_ball_finder.pc'
[0.693s] Level 1:colcon.colcon_core.environment:checking '/home/fourfold/dev/inmind_final_project_test/workspace/install/yellow_ball_finder/lib/python3.10/site-packages'
[0.693s] Level 1:colcon.colcon_core.environment:checking '/home/fourfold/dev/inmind_final_project_test/workspace/install/yellow_ball_finder/bin'
[0.693s] INFO:colcon.colcon_core.shell:Creating package script '/home/fourfold/dev/inmind_final_project_test/workspace/install/yellow_ball_finder/share/yellow_ball_finder/package.ps1'
[0.693s] INFO:colcon.colcon_core.shell:Creating package descriptor '/home/fourfold/dev/inmind_final_project_test/workspace/install/yellow_ball_finder/share/yellow_ball_finder/package.dsv'
[0.694s] INFO:colcon.colcon_core.shell:Creating package script '/home/fourfold/dev/inmind_final_project_test/workspace/install/yellow_ball_finder/share/yellow_ball_finder/package.sh'
[0.694s] INFO:colcon.colcon_core.shell:Creating package script '/home/fourfold/dev/inmind_final_project_test/workspace/install/yellow_ball_finder/share/yellow_ball_finder/package.bash'
[0.694s] INFO:colcon.colcon_core.shell:Creating package script '/home/fourfold/dev/inmind_final_project_test/workspace/install/yellow_ball_finder/share/yellow_ball_finder/package.zsh'
[0.694s] Level 1:colcon.colcon_core.environment:create_file_with_runtime_dependencies(/home/fourfold/dev/inmind_final_project_test/workspace/install/yellow_ball_finder/share/colcon-core/packages/yellow_ball_finder)
[0.713s] Level 1:colcon.colcon_core.environment:create_environment_scripts_only(yellow_ball_finder)
[0.714s] Level 1:colcon.colcon_core.environment:checking '/home/fourfold/dev/inmind_final_project_test/workspace/install/yellow_ball_finder' for CMake module files
[0.714s] Level 1:colcon.colcon_core.environment:checking '/home/fourfold/dev/inmind_final_project_test/workspace/install/yellow_ball_finder' for CMake config files
[0.714s] Level 1:colcon.colcon_core.shell:create_environment_hook('yellow_ball_finder', 'cmake_prefix_path')
[0.714s] INFO:colcon.colcon_core.shell:Creating environment hook '/home/fourfold/dev/inmind_final_project_test/workspace/install/yellow_ball_finder/share/yellow_ball_finder/hook/cmake_prefix_path.ps1'
[0.715s] INFO:colcon.colcon_core.shell:Creating environment descriptor '/home/fourfold/dev/inmind_final_project_test/workspace/install/yellow_ball_finder/share/yellow_ball_finder/hook/cmake_prefix_path.dsv'
[0.715s] INFO:colcon.colcon_core.shell:Creating environment hook '/home/fourfold/dev/inmind_final_project_test/workspace/install/yellow_ball_finder/share/yellow_ball_finder/hook/cmake_prefix_path.sh'
[0.715s] Level 1:colcon.colcon_core.environment:checking '/home/fourfold/dev/inmind_final_project_test/workspace/install/yellow_ball_finder/lib'
[0.715s] Level 1:colcon.colcon_core.environment:checking '/home/fourfold/dev/inmind_final_project_test/workspace/install/yellow_ball_finder/bin'
[0.715s] Level 1:colcon.colcon_core.environment:checking '/home/fourfold/dev/inmind_final_project_test/workspace/install/yellow_ball_finder/lib/pkgconfig/yellow_ball_finder.pc'
[0.715s] Level 1:colcon.colcon_core.environment:checking '/home/fourfold/dev/inmind_final_project_test/workspace/install/yellow_ball_finder/lib/python3.10/site-packages'
[0.715s] Level 1:colcon.colcon_core.environment:checking '/home/fourfold/dev/inmind_final_project_test/workspace/install/yellow_ball_finder/bin'
[0.716s] INFO:colcon.colcon_core.shell:Creating package script '/home/fourfold/dev/inmind_final_project_test/workspace/install/yellow_ball_finder/share/yellow_ball_finder/package.ps1'
[0.716s] INFO:colcon.colcon_core.shell:Creating package descriptor '/home/fourfold/dev/inmind_final_project_test/workspace/install/yellow_ball_finder/share/yellow_ball_finder/package.dsv'
[0.716s] INFO:colcon.colcon_core.shell:Creating package script '/home/fourfold/dev/inmind_final_project_test/workspace/install/yellow_ball_finder/share/yellow_ball_finder/package.sh'
[0.716s] INFO:colcon.colcon_core.shell:Creating package script '/home/fourfold/dev/inmind_final_project_test/workspace/install/yellow_ball_finder/share/yellow_ball_finder/package.bash'
[0.716s] INFO:colcon.colcon_core.shell:Creating package script '/home/fourfold/dev/inmind_final_project_test/workspace/install/yellow_ball_finder/share/yellow_ball_finder/package.zsh'
[0.717s] Level 1:colcon.colcon_core.environment:create_file_with_runtime_dependencies(/home/fourfold/dev/inmind_final_project_test/workspace/install/yellow_ball_finder/share/colcon-core/packages/yellow_ball_finder)
[6.322s] DEBUG:colcon.colcon_core.event_handler.log_command:Invoked command in '/home/fourfold/dev/inmind_final_project_test/workspace/build/distance_check' returned '0': AMENT_PREFIX_PATH=/home/fourfold/dev/inmind_final_project_test/workspace/install/distance_interfaces:${AMENT_PREFIX_PATH} CMAKE_PREFIX_PATH=/home/fourfold/dev/inmind_final_project_test/workspace/install/distance_interfaces:/home/fourfold/dev/inmind_final_project_test/workspace/install/main:/home/fourfold/dev/inmind_final_project_test/workspace/install/yellow_ball_finder:/home/fourfold/dev/inmind_final_project_test/workspace/install/distance_check:/home/fourfold/dev/inmind_final_project_test/workspace/install/detection_interfaces:/home/fourfold/dev/inmind_final_project_test/workspace/install/basic_navigation:/opt/ros/humble LD_LIBRARY_PATH=/home/fourfold/dev/inmind_final_project_test/workspace/install/distance_interfaces/lib:${LD_LIBRARY_PATH} PYTHONPATH=/home/fourfold/dev/inmind_final_project_test/workspace/install/distance_interfaces/local/lib/python3.10/dist-packages:${PYTHONPATH} /usr/bin/cmake --build /home/fourfold/dev/inmind_final_project_test/workspace/build/distance_check -- -j16 -l16
[6.342s] DEBUG:colcon.colcon_core.event_handler.log_command:Invoking command in '/home/fourfold/dev/inmind_final_project_test/workspace/build/distance_check': AMENT_PREFIX_PATH=/home/fourfold/dev/inmind_final_project_test/workspace/install/distance_interfaces:${AMENT_PREFIX_PATH} CMAKE_PREFIX_PATH=/home/fourfold/dev/inmind_final_project_test/workspace/install/distance_interfaces:/home/fourfold/dev/inmind_final_project_test/workspace/install/main:/home/fourfold/dev/inmind_final_project_test/workspace/install/yellow_ball_finder:/home/fourfold/dev/inmind_final_project_test/workspace/install/distance_check:/home/fourfold/dev/inmind_final_project_test/workspace/install/detection_interfaces:/home/fourfold/dev/inmind_final_project_test/workspace/install/basic_navigation:/opt/ros/humble LD_LIBRARY_PATH=/home/fourfold/dev/inmind_final_project_test/workspace/install/distance_interfaces/lib:${LD_LIBRARY_PATH} PYTHONPATH=/home/fourfold/dev/inmind_final_project_test/workspace/install/distance_interfaces/local/lib/python3.10/dist-packages:${PYTHONPATH} /usr/bin/cmake --install /home/fourfold/dev/inmind_final_project_test/workspace/build/distance_check
[6.356s] Level 1:colcon.colcon_core.environment:create_environment_scripts_only(distance_check)
[6.356s] Level 1:colcon.colcon_core.environment:checking '/home/fourfold/dev/inmind_final_project_test/workspace/install/distance_check' for CMake module files
[6.356s] DEBUG:colcon.colcon_core.event_handler.log_command:Invoked command in '/home/fourfold/dev/inmind_final_project_test/workspace/build/distance_check' returned '0': AMENT_PREFIX_PATH=/home/fourfold/dev/inmind_final_project_test/workspace/install/distance_interfaces:${AMENT_PREFIX_PATH} CMAKE_PREFIX_PATH=/home/fourfold/dev/inmind_final_project_test/workspace/install/distance_interfaces:/home/fourfold/dev/inmind_final_project_test/workspace/install/main:/home/fourfold/dev/inmind_final_project_test/workspace/install/yellow_ball_finder:/home/fourfold/dev/inmind_final_project_test/workspace/install/distance_check:/home/fourfold/dev/inmind_final_project_test/workspace/install/detection_interfaces:/home/fourfold/dev/inmind_final_project_test/workspace/install/basic_navigation:/opt/ros/humble LD_LIBRARY_PATH=/home/fourfold/dev/inmind_final_project_test/workspace/install/distance_interfaces/lib:${LD_LIBRARY_PATH} PYTHONPATH=/home/fourfold/dev/inmind_final_project_test/workspace/install/distance_interfaces/local/lib/python3.10/dist-packages:${PYTHONPATH} /usr/bin/cmake --install /home/fourfold/dev/inmind_final_project_test/workspace/build/distance_check
[6.356s] Level 1:colcon.colcon_core.environment:checking '/home/fourfold/dev/inmind_final_project_test/workspace/install/distance_check' for CMake config files
[6.356s] Level 1:colcon.colcon_core.shell:create_environment_hook('distance_check', 'cmake_prefix_path')
[6.357s] INFO:colcon.colcon_core.shell:Creating environment hook '/home/fourfold/dev/inmind_final_project_test/workspace/install/distance_check/share/distance_check/hook/cmake_prefix_path.ps1'
[6.357s] INFO:colcon.colcon_core.shell:Creating environment descriptor '/home/fourfold/dev/inmind_final_project_test/workspace/install/distance_check/share/distance_check/hook/cmake_prefix_path.dsv'
[6.357s] INFO:colcon.colcon_core.shell:Creating environment hook '/home/fourfold/dev/inmind_final_project_test/workspace/install/distance_check/share/distance_check/hook/cmake_prefix_path.sh'
[6.357s] Level 1:colcon.colcon_core.environment:checking '/home/fourfold/dev/inmind_final_project_test/workspace/install/distance_check/lib'
[6.357s] Level 1:colcon.colcon_core.environment:checking '/home/fourfold/dev/inmind_final_project_test/workspace/install/distance_check/bin'
[6.357s] Level 1:colcon.colcon_core.environment:checking '/home/fourfold/dev/inmind_final_project_test/workspace/install/distance_check/lib/pkgconfig/distance_check.pc'
[6.358s] Level 1:colcon.colcon_core.environment:checking '/home/fourfold/dev/inmind_final_project_test/workspace/install/distance_check/lib/python3.10/site-packages'
[6.358s] Level 1:colcon.colcon_core.environment:checking '/home/fourfold/dev/inmind_final_project_test/workspace/install/distance_check/bin'
[6.358s] INFO:colcon.colcon_core.shell:Creating package script '/home/fourfold/dev/inmind_final_project_test/workspace/install/distance_check/share/distance_check/package.ps1'
[6.358s] INFO:colcon.colcon_core.shell:Creating package descriptor '/home/fourfold/dev/inmind_final_project_test/workspace/install/distance_check/share/distance_check/package.dsv'
[6.358s] INFO:colcon.colcon_core.shell:Creating package script '/home/fourfold/dev/inmind_final_project_test/workspace/install/distance_check/share/distance_check/package.sh'
[6.359s] INFO:colcon.colcon_core.shell:Creating package script '/home/fourfold/dev/inmind_final_project_test/workspace/install/distance_check/share/distance_check/package.bash'
[6.359s] INFO:colcon.colcon_core.shell:Creating package script '/home/fourfold/dev/inmind_final_project_test/workspace/install/distance_check/share/distance_check/package.zsh'
[6.359s] Level 1:colcon.colcon_core.environment:create_file_with_runtime_dependencies(/home/fourfold/dev/inmind_final_project_test/workspace/install/distance_check/share/colcon-core/packages/distance_check)
[6.382s] Level 1:colcon.colcon_core.environment:create_environment_scripts_only(distance_check)
[6.383s] Level 1:colcon.colcon_core.environment:checking '/home/fourfold/dev/inmind_final_project_test/workspace/install/distance_check' for CMake module files
[6.383s] Level 1:colcon.colcon_core.environment:checking '/home/fourfold/dev/inmind_final_project_test/workspace/install/distance_check' for CMake config files
[6.383s] Level 1:colcon.colcon_core.shell:create_environment_hook('distance_check', 'cmake_prefix_path')
[6.383s] INFO:colcon.colcon_core.shell:Creating environment hook '/home/fourfold/dev/inmind_final_project_test/workspace/install/distance_check/share/distance_check/hook/cmake_prefix_path.ps1'
[6.384s] INFO:colcon.colcon_core.shell:Creating environment descriptor '/home/fourfold/dev/inmind_final_project_test/workspace/install/distance_check/share/distance_check/hook/cmake_prefix_path.dsv'
[6.384s] INFO:colcon.colcon_core.shell:Creating environment hook '/home/fourfold/dev/inmind_final_project_test/workspace/install/distance_check/share/distance_check/hook/cmake_prefix_path.sh'
[6.385s] Level 1:colcon.colcon_core.environment:checking '/home/fourfold/dev/inmind_final_project_test/workspace/install/distance_check/lib'
[6.385s] Level 1:colcon.colcon_core.environment:checking '/home/fourfold/dev/inmind_final_project_test/workspace/install/distance_check/bin'
[6.385s] Level 1:colcon.colcon_core.environment:checking '/home/fourfold/dev/inmind_final_project_test/workspace/install/distance_check/lib/pkgconfig/distance_check.pc'
[6.385s] Level 1:colcon.colcon_core.environment:checking '/home/fourfold/dev/inmind_final_project_test/workspace/install/distance_check/lib/python3.10/site-packages'
[6.385s] Level 1:colcon.colcon_core.environment:checking '/home/fourfold/dev/inmind_final_project_test/workspace/install/distance_check/bin'
[6.385s] INFO:colcon.colcon_core.shell:Creating package script '/home/fourfold/dev/inmind_final_project_test/workspace/install/distance_check/share/distance_check/package.ps1'
[6.386s] INFO:colcon.colcon_core.shell:Creating package descriptor '/home/fourfold/dev/inmind_final_project_test/workspace/install/distance_check/share/distance_check/package.dsv'
[6.386s] INFO:colcon.colcon_core.shell:Creating package script '/home/fourfold/dev/inmind_final_project_test/workspace/install/distance_check/share/distance_check/package.sh'
[6.387s] INFO:colcon.colcon_core.shell:Creating package script '/home/fourfold/dev/inmind_final_project_test/workspace/install/distance_check/share/distance_check/package.bash'
[6.387s] INFO:colcon.colcon_core.shell:Creating package script '/home/fourfold/dev/inmind_final_project_test/workspace/install/distance_check/share/distance_check/package.zsh'
[6.387s] Level 1:colcon.colcon_core.environment:create_file_with_runtime_dependencies(/home/fourfold/dev/inmind_final_project_test/workspace/install/distance_check/share/colcon-core/packages/distance_check)
[6.387s] INFO:colcon.colcon_ros.task.ament_cmake.build:Building ROS package in '/home/fourfold/dev/inmind_final_project_test/workspace/src/main/main' with build type 'ament_cmake'
[6.387s] INFO:colcon.colcon_cmake.task.cmake.build:Building CMake package in '/home/fourfold/dev/inmind_final_project_test/workspace/src/main/main'
[6.388s] INFO:colcon.colcon_core.shell:Skip shell extension 'powershell' for command environment: Not usable outside of PowerShell
[6.388s] DEBUG:colcon.colcon_core.shell:Skip shell extension 'dsv' for command environment
[6.398s] DEBUG:colcon.colcon_core.event_handler.log_command:Invoking command in '/home/fourfold/dev/inmind_final_project_test/workspace/build/main': AMENT_PREFIX_PATH=/home/fourfold/dev/inmind_final_project_test/workspace/install/distance_interfaces:${AMENT_PREFIX_PATH} CMAKE_PREFIX_PATH=/home/fourfold/dev/inmind_final_project_test/workspace/install/yellow_ball_finder:/home/fourfold/dev/inmind_final_project_test/workspace/install/distance_check:/home/fourfold/dev/inmind_final_project_test/workspace/install/distance_interfaces:/home/fourfold/dev/inmind_final_project_test/workspace/install/detection_interfaces:/home/fourfold/dev/inmind_final_project_test/workspace/install/basic_navigation:/home/fourfold/dev/inmind_final_project_test/workspace/install/main:/opt/ros/humble LD_LIBRARY_PATH=/home/fourfold/dev/inmind_final_project_test/workspace/install/distance_interfaces/lib:${LD_LIBRARY_PATH} PYTHONPATH=/home/fourfold/dev/inmind_final_project_test/workspace/install/distance_interfaces/local/lib/python3.10/dist-packages:${PYTHONPATH} /usr/bin/cmake --build /home/fourfold/dev/inmind_final_project_test/workspace/build/main -- -j16 -l16
[6.444s] DEBUG:colcon.colcon_core.event_handler.log_command:Invoked command in '/home/fourfold/dev/inmind_final_project_test/workspace/build/main' returned '0': AMENT_PREFIX_PATH=/home/fourfold/dev/inmind_final_project_test/workspace/install/distance_interfaces:${AMENT_PREFIX_PATH} CMAKE_PREFIX_PATH=/home/fourfold/dev/inmind_final_project_test/workspace/install/yellow_ball_finder:/home/fourfold/dev/inmind_final_project_test/workspace/install/distance_check:/home/fourfold/dev/inmind_final_project_test/workspace/install/distance_interfaces:/home/fourfold/dev/inmind_final_project_test/workspace/install/detection_interfaces:/home/fourfold/dev/inmind_final_project_test/workspace/install/basic_navigation:/home/fourfold/dev/inmind_final_project_test/workspace/install/main:/opt/ros/humble LD_LIBRARY_PATH=/home/fourfold/dev/inmind_final_project_test/workspace/install/distance_interfaces/lib:${LD_LIBRARY_PATH} PYTHONPATH=/home/fourfold/dev/inmind_final_project_test/workspace/install/distance_interfaces/local/lib/python3.10/dist-packages:${PYTHONPATH} /usr/bin/cmake --build /home/fourfold/dev/inmind_final_project_test/workspace/build/main -- -j16 -l16
[6.464s] DEBUG:colcon.colcon_core.event_handler.log_command:Invoking command in '/home/fourfold/dev/inmind_final_project_test/workspace/build/main': AMENT_PREFIX_PATH=/home/fourfold/dev/inmind_final_project_test/workspace/install/distance_interfaces:${AMENT_PREFIX_PATH} CMAKE_PREFIX_PATH=/home/fourfold/dev/inmind_final_project_test/workspace/install/yellow_ball_finder:/home/fourfold/dev/inmind_final_project_test/workspace/install/distance_check:/home/fourfold/dev/inmind_final_project_test/workspace/install/distance_interfaces:/home/fourfold/dev/inmind_final_project_test/workspace/install/detection_interfaces:/home/fourfold/dev/inmind_final_project_test/workspace/install/basic_navigation:/home/fourfold/dev/inmind_final_project_test/workspace/install/main:/opt/ros/humble LD_LIBRARY_PATH=/home/fourfold/dev/inmind_final_project_test/workspace/install/distance_interfaces/lib:${LD_LIBRARY_PATH} PYTHONPATH=/home/fourfold/dev/inmind_final_project_test/workspace/install/distance_interfaces/local/lib/python3.10/dist-packages:${PYTHONPATH} /usr/bin/cmake --install /home/fourfold/dev/inmind_final_project_test/workspace/build/main
[6.471s] Level 1:colcon.colcon_core.environment:create_environment_scripts_only(main)
[6.471s] Level 1:colcon.colcon_core.environment:checking '/home/fourfold/dev/inmind_final_project_test/workspace/install/main' for CMake module files
[6.472s] DEBUG:colcon.colcon_core.event_handler.log_command:Invoked command in '/home/fourfold/dev/inmind_final_project_test/workspace/build/main' returned '0': AMENT_PREFIX_PATH=/home/fourfold/dev/inmind_final_project_test/workspace/install/distance_interfaces:${AMENT_PREFIX_PATH} CMAKE_PREFIX_PATH=/home/fourfold/dev/inmind_final_project_test/workspace/install/yellow_ball_finder:/home/fourfold/dev/inmind_final_project_test/workspace/install/distance_check:/home/fourfold/dev/inmind_final_project_test/workspace/install/distance_interfaces:/home/fourfold/dev/inmind_final_project_test/workspace/install/detection_interfaces:/home/fourfold/dev/inmind_final_project_test/workspace/install/basic_navigation:/home/fourfold/dev/inmind_final_project_test/workspace/install/main:/opt/ros/humble LD_LIBRARY_PATH=/home/fourfold/dev/inmind_final_project_test/workspace/install/distance_interfaces/lib:${LD_LIBRARY_PATH} PYTHONPATH=/home/fourfold/dev/inmind_final_project_test/workspace/install/distance_interfaces/local/lib/python3.10/dist-packages:${PYTHONPATH} /usr/bin/cmake --install /home/fourfold/dev/inmind_final_project_test/workspace/build/main
[6.472s] Level 1:colcon.colcon_core.environment:checking '/home/fourfold/dev/inmind_final_project_test/workspace/install/main' for CMake config files
[6.472s] Level 1:colcon.colcon_core.shell:create_environment_hook('main', 'cmake_prefix_path')
[6.473s] INFO:colcon.colcon_core.shell:Creating environment hook '/home/fourfold/dev/inmind_final_project_test/workspace/install/main/share/main/hook/cmake_prefix_path.ps1'
[6.473s] INFO:colcon.colcon_core.shell:Creating environment descriptor '/home/fourfold/dev/inmind_final_project_test/workspace/install/main/share/main/hook/cmake_prefix_path.dsv'
[6.474s] INFO:colcon.colcon_core.shell:Creating environment hook '/home/fourfold/dev/inmind_final_project_test/workspace/install/main/share/main/hook/cmake_prefix_path.sh'
[6.474s] Level 1:colcon.colcon_core.environment:checking '/home/fourfold/dev/inmind_final_project_test/workspace/install/main/lib'
[6.474s] Level 1:colcon.colcon_core.environment:checking '/home/fourfold/dev/inmind_final_project_test/workspace/install/main/bin'
[6.474s] Level 1:colcon.colcon_core.environment:checking '/home/fourfold/dev/inmind_final_project_test/workspace/install/main/lib/pkgconfig/main.pc'
[6.474s] Level 1:colcon.colcon_core.environment:checking '/home/fourfold/dev/inmind_final_project_test/workspace/install/main/lib/python3.10/site-packages'
[6.474s] Level 1:colcon.colcon_core.environment:checking '/home/fourfold/dev/inmind_final_project_test/workspace/install/main/bin'
[6.475s] INFO:colcon.colcon_core.shell:Creating package script '/home/fourfold/dev/inmind_final_project_test/workspace/install/main/share/main/package.ps1'
[6.475s] INFO:colcon.colcon_core.shell:Creating package descriptor '/home/fourfold/dev/inmind_final_project_test/workspace/install/main/share/main/package.dsv'
[6.475s] INFO:colcon.colcon_core.shell:Creating package script '/home/fourfold/dev/inmind_final_project_test/workspace/install/main/share/main/package.sh'
[6.475s] INFO:colcon.colcon_core.shell:Creating package script '/home/fourfold/dev/inmind_final_project_test/workspace/install/main/share/main/package.bash'
[6.475s] INFO:colcon.colcon_core.shell:Creating package script '/home/fourfold/dev/inmind_final_project_test/workspace/install/main/share/main/package.zsh'
[6.475s] Level 1:colcon.colcon_core.environment:create_file_with_runtime_dependencies(/home/fourfold/dev/inmind_final_project_test/workspace/install/main/share/colcon-core/packages/main)
[6.495s] Level 1:colcon.colcon_core.environment:create_environment_scripts_only(main)
[6.496s] Level 1:colcon.colcon_core.environment:checking '/home/fourfold/dev/inmind_final_project_test/workspace/install/main' for CMake module files
[6.496s] Level 1:colcon.colcon_core.environment:checking '/home/fourfold/dev/inmind_final_project_test/workspace/install/main' for CMake config files
[6.496s] Level 1:colcon.colcon_core.shell:create_environment_hook('main', 'cmake_prefix_path')
[6.496s] INFO:colcon.colcon_core.shell:Creating environment hook '/home/fourfold/dev/inmind_final_project_test/workspace/install/main/share/main/hook/cmake_prefix_path.ps1'
[6.496s] INFO:colcon.colcon_core.shell:Creating environment descriptor '/home/fourfold/dev/inmind_final_project_test/workspace/install/main/share/main/hook/cmake_prefix_path.dsv'
[6.497s] INFO:colcon.colcon_core.shell:Creating environment hook '/home/fourfold/dev/inmind_final_project_test/workspace/install/main/share/main/hook/cmake_prefix_path.sh'
[6.497s] Level 1:colcon.colcon_core.environment:checking '/home/fourfold/dev/inmind_final_project_test/workspace/install/main/lib'
[6.497s] Level 1:colcon.colcon_core.environment:checking '/home/fourfold/dev/inmind_final_project_test/workspace/install/main/bin'
[6.497s] Level 1:colcon.colcon_core.environment:checking '/home/fourfold/dev/inmind_final_project_test/workspace/install/main/lib/pkgconfig/main.pc'
[6.497s] Level 1:colcon.colcon_core.environment:checking '/home/fourfold/dev/inmind_final_project_test/workspace/install/main/lib/python3.10/site-packages'
[6.497s] Level 1:colcon.colcon_core.environment:checking '/home/fourfold/dev/inmind_final_project_test/workspace/install/main/bin'
[6.498s] INFO:colcon.colcon_core.shell:Creating package script '/home/fourfold/dev/inmind_final_project_test/workspace/install/main/share/main/package.ps1'
[6.498s] INFO:colcon.colcon_core.shell:Creating package descriptor '/home/fourfold/dev/inmind_final_project_test/workspace/install/main/share/main/package.dsv'
[6.498s] INFO:colcon.colcon_core.shell:Creating package script '/home/fourfold/dev/inmind_final_project_test/workspace/install/main/share/main/package.sh'
[6.499s] INFO:colcon.colcon_core.shell:Creating package script '/home/fourfold/dev/inmind_final_project_test/workspace/install/main/share/main/package.bash'
[6.499s] INFO:colcon.colcon_core.shell:Creating package script '/home/fourfold/dev/inmind_final_project_test/workspace/install/main/share/main/package.zsh'
[6.499s] Level 1:colcon.colcon_core.environment:create_file_with_runtime_dependencies(/home/fourfold/dev/inmind_final_project_test/workspace/install/main/share/colcon-core/packages/main)
[6.499s] DEBUG:colcon.colcon_parallel_executor.executor.parallel:closing loop
[6.499s] DEBUG:colcon.colcon_parallel_executor.executor.parallel:loop closed
[6.499s] DEBUG:colcon.colcon_parallel_executor.executor.parallel:run_until_complete finished with '0'
[6.499s] DEBUG:colcon.colcon_core.event_reactor:joining thread
[6.503s] INFO:colcon.colcon_core.plugin_system:Skipping extension 'colcon_notification.desktop_notification.terminal_notifier': Not used on non-Darwin systems
[6.503s] INFO:colcon.colcon_core.plugin_system:Skipping extension 'colcon_notification.desktop_notification.win32': Not used on non-Windows systems
[6.503s] INFO:colcon.colcon_notification.desktop_notification:Sending desktop notification using 'notify2'
[6.512s] DEBUG:colcon.colcon_core.event_reactor:joined thread
[6.513s] INFO:colcon.colcon_core.shell:Creating prefix script '/home/fourfold/dev/inmind_final_project_test/workspace/install/local_setup.ps1'
[6.513s] INFO:colcon.colcon_core.shell:Creating prefix util module '/home/fourfold/dev/inmind_final_project_test/workspace/install/_local_setup_util_ps1.py'
[6.514s] INFO:colcon.colcon_core.shell:Creating prefix chain script '/home/fourfold/dev/inmind_final_project_test/workspace/install/setup.ps1'
[6.515s] INFO:colcon.colcon_core.shell:Creating prefix script '/home/fourfold/dev/inmind_final_project_test/workspace/install/local_setup.sh'
[6.515s] INFO:colcon.colcon_core.shell:Creating prefix util module '/home/fourfold/dev/inmind_final_project_test/workspace/install/_local_setup_util_sh.py'
[6.515s] INFO:colcon.colcon_core.shell:Creating prefix chain script '/home/fourfold/dev/inmind_final_project_test/workspace/install/setup.sh'
[6.516s] INFO:colcon.colcon_core.shell:Creating prefix script '/home/fourfold/dev/inmind_final_project_test/workspace/install/local_setup.bash'
[6.516s] INFO:colcon.colcon_core.shell:Creating prefix chain script '/home/fourfold/dev/inmind_final_project_test/workspace/install/setup.bash'
[6.517s] INFO:colcon.colcon_core.shell:Creating prefix script '/home/fourfold/dev/inmind_final_project_test/workspace/install/local_setup.zsh'
[6.517s] INFO:colcon.colcon_core.shell:Creating prefix chain script '/home/fourfold/dev/inmind_final_project_test/workspace/install/setup.zsh'
