[0.459s] Invoking command in '/home/makramgh/Desktop/Pepsi-Bot/workspace/build/robot_hardware_interfaces': CMAKE_PREFIX_PATH=/opt/ros/humble /usr/bin/cmake --build /home/makramgh/Desktop/Pepsi-Bot/workspace/build/robot_hardware_interfaces -- -j12 -l12
[0.774s] [35m[1mConsolidate compiler generated dependencies of target robot_hardware_interfaces__rosidl_generator_c[0m
[0.774s] [  3%] Built target robot_hardware_interfaces__cpp
[0.774s] [ 12%] Built target robot_hardware_interfaces__rosidl_generator_c
[0.774s] [ 12%] Built target ament_cmake_python_copy_robot_hardware_interfaces
[0.775s] [35m[1mConsolidate compiler generated dependencies of target robot_hardware_interfaces__rosidl_typesupport_introspection_cpp[0m
[0.775s] [35m[1mConsolidate compiler generated dependencies of target robot_hardware_interfaces__rosidl_typesupport_cpp[0m
[0.775s] [35m[1mConsolidate compiler generated dependencies of target robot_hardware_interfaces__rosidl_typesupport_fastrtps_c[0m
[0.776s] [35m[1mConsolidate compiler generated dependencies of target robot_hardware_interfaces__rosidl_typesupport_c[0m
[0.776s] [35m[1mConsolidate compiler generated dependencies of target robot_hardware_interfaces__rosidl_typesupport_fastrtps_cpp[0m
[0.777s] [35m[1mConsolidate compiler generated dependencies of target robot_hardware_interfaces__rosidl_typesupport_introspection_c[0m
[0.777s] [ 22%] Built target robot_hardware_interfaces__rosidl_typesupport_introspection_cpp
[0.778s] [ 32%] Built target robot_hardware_interfaces__rosidl_typesupport_c
[0.779s] [ 41%] Built target robot_hardware_interfaces__rosidl_typesupport_cpp
[0.780s] [ 51%] Built target robot_hardware_interfaces__rosidl_typesupport_fastrtps_c
[0.781s] [ 61%] Built target robot_hardware_interfaces__rosidl_typesupport_introspection_c
[0.781s] [ 70%] Built target robot_hardware_interfaces__rosidl_typesupport_fastrtps_cpp
[0.781s] [ 70%] Built target robot_hardware_interfaces
[0.781s] [ 74%] Built target robot_hardware_interfaces__py
[0.781s] [35m[1mConsolidate compiler generated dependencies of target robot_hardware_interfaces__rosidl_generator_py[0m
[0.781s] [ 80%] Built target robot_hardware_interfaces__rosidl_generator_py
[0.781s] [35m[1mConsolidate compiler generated dependencies of target robot_hardware_interfaces__rosidl_typesupport_introspection_c__pyext[0m
[0.781s] [35m[1mConsolidate compiler generated dependencies of target robot_hardware_interfaces__rosidl_typesupport_fastrtps_c__pyext[0m
[0.782s] [35m[1mConsolidate compiler generated dependencies of target robot_hardware_interfaces__rosidl_typesupport_c__pyext[0m
[0.782s] [ 96%] Built target robot_hardware_interfaces__rosidl_typesupport_fastrtps_c__pyext
[0.782s] [100%] Built target robot_hardware_interfaces__rosidl_typesupport_introspection_c__pyext
[0.782s] [100%] Built target robot_hardware_interfaces__rosidl_typesupport_c__pyext
[0.784s] running egg_info
[0.785s] writing robot_hardware_interfaces.egg-info/PKG-INFO
[0.785s] writing dependency_links to robot_hardware_interfaces.egg-info/dependency_links.txt
[0.785s] writing top-level names to robot_hardware_interfaces.egg-info/top_level.txt
[0.785s] reading manifest file 'robot_hardware_interfaces.egg-info/SOURCES.txt'
[0.785s] writing manifest file 'robot_hardware_interfaces.egg-info/SOURCES.txt'
[0.811s] [100%] Built target ament_cmake_python_build_robot_hardware_interfaces_egg
[0.843s] Invoked command in '/home/makramgh/Desktop/Pepsi-Bot/workspace/build/robot_hardware_interfaces' returned '0': CMAKE_PREFIX_PATH=/opt/ros/humble /usr/bin/cmake --build /home/makramgh/Desktop/Pepsi-Bot/workspace/build/robot_hardware_interfaces -- -j12 -l12
[0.931s] Invoking command in '/home/makramgh/Desktop/Pepsi-Bot/workspace/build/robot_hardware_interfaces': CMAKE_PREFIX_PATH=/opt/ros/humble /usr/bin/cmake --install /home/makramgh/Desktop/Pepsi-Bot/workspace/build/robot_hardware_interfaces
[0.934s] -- Install configuration: ""
[0.934s] -- Up-to-date: /home/makramgh/Desktop/Pepsi-Bot/workspace/install/robot_hardware_interfaces/share/ament_index/resource_index/rosidl_interfaces/robot_hardware_interfaces
[0.934s] -- Up-to-date: /home/makramgh/Desktop/Pepsi-Bot/workspace/install/robot_hardware_interfaces/include/robot_hardware_interfaces/robot_hardware_interfaces
[0.935s] -- Up-to-date: /home/makramgh/Desktop/Pepsi-Bot/workspace/install/robot_hardware_interfaces/include/robot_hardware_interfaces/robot_hardware_interfaces/msg
[0.935s] -- Up-to-date: /home/makramgh/Desktop/Pepsi-Bot/workspace/install/robot_hardware_interfaces/include/robot_hardware_interfaces/robot_hardware_interfaces/msg/rosidl_generator_c__visibility_control.h
[0.935s] -- Up-to-date: /home/makramgh/Desktop/Pepsi-Bot/workspace/install/robot_hardware_interfaces/include/robot_hardware_interfaces/robot_hardware_interfaces/action
[0.935s] -- Up-to-date: /home/makramgh/Desktop/Pepsi-Bot/workspace/install/robot_hardware_interfaces/include/robot_hardware_interfaces/robot_hardware_interfaces/action/detail
[0.935s] -- Up-to-date: /home/makramgh/Desktop/Pepsi-Bot/workspace/install/robot_hardware_interfaces/include/robot_hardware_interfaces/robot_hardware_interfaces/action/detail/gripper_action__functions.c
[0.936s] -- Up-to-date: /home/makramgh/Desktop/Pepsi-Bot/workspace/install/robot_hardware_interfaces/include/robot_hardware_interfaces/robot_hardware_interfaces/action/detail/gripper_action__type_support.h
[0.936s] -- Up-to-date: /home/makramgh/Desktop/Pepsi-Bot/workspace/install/robot_hardware_interfaces/include/robot_hardware_interfaces/robot_hardware_interfaces/action/detail/gripper_action__struct.h
[0.936s] -- Up-to-date: /home/makramgh/Desktop/Pepsi-Bot/workspace/install/robot_hardware_interfaces/include/robot_hardware_interfaces/robot_hardware_interfaces/action/detail/gripper_action__functions.h
[0.936s] -- Up-to-date: /home/makramgh/Desktop/Pepsi-Bot/workspace/install/robot_hardware_interfaces/include/robot_hardware_interfaces/robot_hardware_interfaces/action/gripper_action.h
[0.936s] -- Up-to-date: /home/makramgh/Desktop/Pepsi-Bot/workspace/install/robot_hardware_interfaces/share/robot_hardware_interfaces/environment/library_path.sh
[0.936s] -- Up-to-date: /home/makramgh/Desktop/Pepsi-Bot/workspace/install/robot_hardware_interfaces/share/robot_hardware_interfaces/environment/library_path.dsv
[0.936s] -- Up-to-date: /home/makramgh/Desktop/Pepsi-Bot/workspace/install/robot_hardware_interfaces/lib/librobot_hardware_interfaces__rosidl_generator_c.so
[0.936s] -- Up-to-date: /home/makramgh/Desktop/Pepsi-Bot/workspace/install/robot_hardware_interfaces/include/robot_hardware_interfaces/robot_hardware_interfaces
[0.936s] -- Up-to-date: /home/makramgh/Desktop/Pepsi-Bot/workspace/install/robot_hardware_interfaces/include/robot_hardware_interfaces/robot_hardware_interfaces/msg
[0.936s] -- Up-to-date: /home/makramgh/Desktop/Pepsi-Bot/workspace/install/robot_hardware_interfaces/include/robot_hardware_interfaces/robot_hardware_interfaces/msg/rosidl_typesupport_fastrtps_c__visibility_control.h
[0.937s] -- Up-to-date: /home/makramgh/Desktop/Pepsi-Bot/workspace/install/robot_hardware_interfaces/include/robot_hardware_interfaces/robot_hardware_interfaces/action
[0.937s] -- Up-to-date: /home/makramgh/Desktop/Pepsi-Bot/workspace/install/robot_hardware_interfaces/include/robot_hardware_interfaces/robot_hardware_interfaces/action/detail
[0.937s] -- Up-to-date: /home/makramgh/Desktop/Pepsi-Bot/workspace/install/robot_hardware_interfaces/include/robot_hardware_interfaces/robot_hardware_interfaces/action/detail/gripper_action__rosidl_typesupport_fastrtps_c.h
[0.937s] -- Up-to-date: /home/makramgh/Desktop/Pepsi-Bot/workspace/install/robot_hardware_interfaces/lib/librobot_hardware_interfaces__rosidl_typesupport_fastrtps_c.so
[0.937s] -- Up-to-date: /home/makramgh/Desktop/Pepsi-Bot/workspace/install/robot_hardware_interfaces/include/robot_hardware_interfaces/robot_hardware_interfaces
[0.937s] -- Up-to-date: /home/makramgh/Desktop/Pepsi-Bot/workspace/install/robot_hardware_interfaces/include/robot_hardware_interfaces/robot_hardware_interfaces/action
[0.938s] -- Up-to-date: /home/makramgh/Desktop/Pepsi-Bot/workspace/install/robot_hardware_interfaces/include/robot_hardware_interfaces/robot_hardware_interfaces/action/detail
[0.938s] -- Up-to-date: /home/makramgh/Desktop/Pepsi-Bot/workspace/install/robot_hardware_interfaces/include/robot_hardware_interfaces/robot_hardware_interfaces/action/detail/gripper_action__struct.hpp
[0.938s] -- Up-to-date: /home/makramgh/Desktop/Pepsi-Bot/workspace/install/robot_hardware_interfaces/include/robot_hardware_interfaces/robot_hardware_interfaces/action/detail/gripper_action__traits.hpp
[0.938s] -- Up-to-date: /home/makramgh/Desktop/Pepsi-Bot/workspace/install/robot_hardware_interfaces/include/robot_hardware_interfaces/robot_hardware_interfaces/action/detail/gripper_action__builder.hpp
[0.938s] -- Up-to-date: /home/makramgh/Desktop/Pepsi-Bot/workspace/install/robot_hardware_interfaces/include/robot_hardware_interfaces/robot_hardware_interfaces/action/gripper_action.hpp
[0.938s] -- Up-to-date: /home/makramgh/Desktop/Pepsi-Bot/workspace/install/robot_hardware_interfaces/include/robot_hardware_interfaces/robot_hardware_interfaces
[0.939s] -- Up-to-date: /home/makramgh/Desktop/Pepsi-Bot/workspace/install/robot_hardware_interfaces/include/robot_hardware_interfaces/robot_hardware_interfaces/msg
[0.939s] -- Up-to-date: /home/makramgh/Desktop/Pepsi-Bot/workspace/install/robot_hardware_interfaces/include/robot_hardware_interfaces/robot_hardware_interfaces/msg/rosidl_typesupport_fastrtps_cpp__visibility_control.h
[0.939s] -- Up-to-date: /home/makramgh/Desktop/Pepsi-Bot/workspace/install/robot_hardware_interfaces/include/robot_hardware_interfaces/robot_hardware_interfaces/action
[0.939s] -- Up-to-date: /home/makramgh/Desktop/Pepsi-Bot/workspace/install/robot_hardware_interfaces/include/robot_hardware_interfaces/robot_hardware_interfaces/action/detail
[0.940s] -- Up-to-date: /home/makramgh/Desktop/Pepsi-Bot/workspace/install/robot_hardware_interfaces/include/robot_hardware_interfaces/robot_hardware_interfaces/action/detail/dds_fastrtps
[0.940s] -- Up-to-date: /home/makramgh/Desktop/Pepsi-Bot/workspace/install/robot_hardware_interfaces/include/robot_hardware_interfaces/robot_hardware_interfaces/action/detail/gripper_action__rosidl_typesupport_fastrtps_cpp.hpp
[0.940s] -- Up-to-date: /home/makramgh/Desktop/Pepsi-Bot/workspace/install/robot_hardware_interfaces/lib/librobot_hardware_interfaces__rosidl_typesupport_fastrtps_cpp.so
[0.940s] -- Up-to-date: /home/makramgh/Desktop/Pepsi-Bot/workspace/install/robot_hardware_interfaces/include/robot_hardware_interfaces/robot_hardware_interfaces
[0.941s] -- Up-to-date: /home/makramgh/Desktop/Pepsi-Bot/workspace/install/robot_hardware_interfaces/include/robot_hardware_interfaces/robot_hardware_interfaces/msg
[0.941s] -- Up-to-date: /home/makramgh/Desktop/Pepsi-Bot/workspace/install/robot_hardware_interfaces/include/robot_hardware_interfaces/robot_hardware_interfaces/msg/rosidl_typesupport_introspection_c__visibility_control.h
[0.941s] -- Up-to-date: /home/makramgh/Desktop/Pepsi-Bot/workspace/install/robot_hardware_interfaces/include/robot_hardware_interfaces/robot_hardware_interfaces/action
[0.941s] -- Up-to-date: /home/makramgh/Desktop/Pepsi-Bot/workspace/install/robot_hardware_interfaces/include/robot_hardware_interfaces/robot_hardware_interfaces/action/detail
[0.941s] -- Up-to-date: /home/makramgh/Desktop/Pepsi-Bot/workspace/install/robot_hardware_interfaces/include/robot_hardware_interfaces/robot_hardware_interfaces/action/detail/gripper_action__rosidl_typesupport_introspection_c.h
[0.941s] -- Up-to-date: /home/makramgh/Desktop/Pepsi-Bot/workspace/install/robot_hardware_interfaces/include/robot_hardware_interfaces/robot_hardware_interfaces/action/detail/gripper_action__type_support.c
[0.941s] -- Up-to-date: /home/makramgh/Desktop/Pepsi-Bot/workspace/install/robot_hardware_interfaces/lib/librobot_hardware_interfaces__rosidl_typesupport_introspection_c.so
[0.942s] -- Up-to-date: /home/makramgh/Desktop/Pepsi-Bot/workspace/install/robot_hardware_interfaces/lib/librobot_hardware_interfaces__rosidl_typesupport_c.so
[0.942s] -- Up-to-date: /home/makramgh/Desktop/Pepsi-Bot/workspace/install/robot_hardware_interfaces/include/robot_hardware_interfaces/robot_hardware_interfaces
[0.942s] -- Up-to-date: /home/makramgh/Desktop/Pepsi-Bot/workspace/install/robot_hardware_interfaces/include/robot_hardware_interfaces/robot_hardware_interfaces/action
[0.942s] -- Up-to-date: /home/makramgh/Desktop/Pepsi-Bot/workspace/install/robot_hardware_interfaces/include/robot_hardware_interfaces/robot_hardware_interfaces/action/detail
[0.942s] -- Up-to-date: /home/makramgh/Desktop/Pepsi-Bot/workspace/install/robot_hardware_interfaces/include/robot_hardware_interfaces/robot_hardware_interfaces/action/detail/gripper_action__type_support.cpp
[0.942s] -- Up-to-date: /home/makramgh/Desktop/Pepsi-Bot/workspace/install/robot_hardware_interfaces/include/robot_hardware_interfaces/robot_hardware_interfaces/action/detail/gripper_action__rosidl_typesupport_introspection_cpp.hpp
[0.942s] -- Up-to-date: /home/makramgh/Desktop/Pepsi-Bot/workspace/install/robot_hardware_interfaces/lib/librobot_hardware_interfaces__rosidl_typesupport_introspection_cpp.so
[0.943s] -- Up-to-date: /home/makramgh/Desktop/Pepsi-Bot/workspace/install/robot_hardware_interfaces/lib/librobot_hardware_interfaces__rosidl_typesupport_cpp.so
[0.943s] -- Up-to-date: /home/makramgh/Desktop/Pepsi-Bot/workspace/install/robot_hardware_interfaces/share/robot_hardware_interfaces/environment/pythonpath.sh
[0.943s] -- Up-to-date: /home/makramgh/Desktop/Pepsi-Bot/workspace/install/robot_hardware_interfaces/share/robot_hardware_interfaces/environment/pythonpath.dsv
[0.943s] -- Up-to-date: /home/makramgh/Desktop/Pepsi-Bot/workspace/install/robot_hardware_interfaces/local/lib/python3.10/dist-packages/robot_hardware_interfaces-0.0.0-py3.10.egg-info
[0.943s] -- Installing: /home/makramgh/Desktop/Pepsi-Bot/workspace/install/robot_hardware_interfaces/local/lib/python3.10/dist-packages/robot_hardware_interfaces-0.0.0-py3.10.egg-info/PKG-INFO
[0.943s] -- Installing: /home/makramgh/Desktop/Pepsi-Bot/workspace/install/robot_hardware_interfaces/local/lib/python3.10/dist-packages/robot_hardware_interfaces-0.0.0-py3.10.egg-info/top_level.txt
[0.944s] -- Installing: /home/makramgh/Desktop/Pepsi-Bot/workspace/install/robot_hardware_interfaces/local/lib/python3.10/dist-packages/robot_hardware_interfaces-0.0.0-py3.10.egg-info/SOURCES.txt
[0.944s] -- Installing: /home/makramgh/Desktop/Pepsi-Bot/workspace/install/robot_hardware_interfaces/local/lib/python3.10/dist-packages/robot_hardware_interfaces-0.0.0-py3.10.egg-info/dependency_links.txt
[0.945s] -- Up-to-date: /home/makramgh/Desktop/Pepsi-Bot/workspace/install/robot_hardware_interfaces/local/lib/python3.10/dist-packages/robot_hardware_interfaces
[0.945s] -- Up-to-date: /home/makramgh/Desktop/Pepsi-Bot/workspace/install/robot_hardware_interfaces/local/lib/python3.10/dist-packages/robot_hardware_interfaces/robot_hardware_interfaces_s__rosidl_typesupport_fastrtps_c.cpython-310-x86_64-linux-gnu.so
[0.945s] -- Up-to-date: /home/makramgh/Desktop/Pepsi-Bot/workspace/install/robot_hardware_interfaces/local/lib/python3.10/dist-packages/robot_hardware_interfaces/__init__.py
[0.946s] -- Up-to-date: /home/makramgh/Desktop/Pepsi-Bot/workspace/install/robot_hardware_interfaces/local/lib/python3.10/dist-packages/robot_hardware_interfaces/_robot_hardware_interfaces_s.ep.rosidl_typesupport_fastrtps_c.c
[0.946s] -- Up-to-date: /home/makramgh/Desktop/Pepsi-Bot/workspace/install/robot_hardware_interfaces/local/lib/python3.10/dist-packages/robot_hardware_interfaces/_robot_hardware_interfaces_s.ep.rosidl_typesupport_introspection_c.c
[0.946s] -- Up-to-date: /home/makramgh/Desktop/Pepsi-Bot/workspace/install/robot_hardware_interfaces/local/lib/python3.10/dist-packages/robot_hardware_interfaces/robot_hardware_interfaces_s__rosidl_typesupport_introspection_c.cpython-310-x86_64-linux-gnu.so
[0.946s] -- Up-to-date: /home/makramgh/Desktop/Pepsi-Bot/workspace/install/robot_hardware_interfaces/local/lib/python3.10/dist-packages/robot_hardware_interfaces/_robot_hardware_interfaces_s.ep.rosidl_typesupport_c.c
[0.947s] -- Up-to-date: /home/makramgh/Desktop/Pepsi-Bot/workspace/install/robot_hardware_interfaces/local/lib/python3.10/dist-packages/robot_hardware_interfaces/robot_hardware_interfaces_s__rosidl_typesupport_c.cpython-310-x86_64-linux-gnu.so
[0.947s] -- Up-to-date: /home/makramgh/Desktop/Pepsi-Bot/workspace/install/robot_hardware_interfaces/local/lib/python3.10/dist-packages/robot_hardware_interfaces/librobot_hardware_interfaces__rosidl_generator_py.so
[0.947s] -- Up-to-date: /home/makramgh/Desktop/Pepsi-Bot/workspace/install/robot_hardware_interfaces/local/lib/python3.10/dist-packages/robot_hardware_interfaces/action
[0.947s] -- Up-to-date: /home/makramgh/Desktop/Pepsi-Bot/workspace/install/robot_hardware_interfaces/local/lib/python3.10/dist-packages/robot_hardware_interfaces/action/__init__.py
[0.947s] -- Up-to-date: /home/makramgh/Desktop/Pepsi-Bot/workspace/install/robot_hardware_interfaces/local/lib/python3.10/dist-packages/robot_hardware_interfaces/action/_gripper_action.py
[0.948s] -- Up-to-date: /home/makramgh/Desktop/Pepsi-Bot/workspace/install/robot_hardware_interfaces/local/lib/python3.10/dist-packages/robot_hardware_interfaces/action/_gripper_action_s.c
[0.958s] Listing '/home/makramgh/Desktop/Pepsi-Bot/workspace/install/robot_hardware_interfaces/local/lib/python3.10/dist-packages/robot_hardware_interfaces'...
[0.958s] Listing '/home/makramgh/Desktop/Pepsi-Bot/workspace/install/robot_hardware_interfaces/local/lib/python3.10/dist-packages/robot_hardware_interfaces/action'...
[0.963s] -- Up-to-date: /home/makramgh/Desktop/Pepsi-Bot/workspace/install/robot_hardware_interfaces/local/lib/python3.10/dist-packages/robot_hardware_interfaces/robot_hardware_interfaces_s__rosidl_typesupport_fastrtps_c.cpython-310-x86_64-linux-gnu.so
[0.963s] -- Up-to-date: /home/makramgh/Desktop/Pepsi-Bot/workspace/install/robot_hardware_interfaces/local/lib/python3.10/dist-packages/robot_hardware_interfaces/robot_hardware_interfaces_s__rosidl_typesupport_introspection_c.cpython-310-x86_64-linux-gnu.so
[0.963s] -- Up-to-date: /home/makramgh/Desktop/Pepsi-Bot/workspace/install/robot_hardware_interfaces/local/lib/python3.10/dist-packages/robot_hardware_interfaces/robot_hardware_interfaces_s__rosidl_typesupport_c.cpython-310-x86_64-linux-gnu.so
[0.964s] -- Up-to-date: /home/makramgh/Desktop/Pepsi-Bot/workspace/install/robot_hardware_interfaces/lib/librobot_hardware_interfaces__rosidl_generator_py.so
[0.964s] -- Up-to-date: /home/makramgh/Desktop/Pepsi-Bot/workspace/install/robot_hardware_interfaces/share/robot_hardware_interfaces/action/GripperAction.idl
[0.964s] -- Up-to-date: /home/makramgh/Desktop/Pepsi-Bot/workspace/install/robot_hardware_interfaces/share/robot_hardware_interfaces/action/GripperAction.action
[0.965s] -- Up-to-date: /home/makramgh/Desktop/Pepsi-Bot/workspace/install/robot_hardware_interfaces/share/ament_index/resource_index/package_run_dependencies/robot_hardware_interfaces
[0.965s] -- Up-to-date: /home/makramgh/Desktop/Pepsi-Bot/workspace/install/robot_hardware_interfaces/share/ament_index/resource_index/parent_prefix_path/robot_hardware_interfaces
[0.965s] -- Up-to-date: /home/makramgh/Desktop/Pepsi-Bot/workspace/install/robot_hardware_interfaces/share/robot_hardware_interfaces/environment/ament_prefix_path.sh
[0.965s] -- Up-to-date: /home/makramgh/Desktop/Pepsi-Bot/workspace/install/robot_hardware_interfaces/share/robot_hardware_interfaces/environment/ament_prefix_path.dsv
[0.965s] -- Up-to-date: /home/makramgh/Desktop/Pepsi-Bot/workspace/install/robot_hardware_interfaces/share/robot_hardware_interfaces/environment/path.sh
[0.965s] -- Up-to-date: /home/makramgh/Desktop/Pepsi-Bot/workspace/install/robot_hardware_interfaces/share/robot_hardware_interfaces/environment/path.dsv
[0.965s] -- Up-to-date: /home/makramgh/Desktop/Pepsi-Bot/workspace/install/robot_hardware_interfaces/share/robot_hardware_interfaces/local_setup.bash
[0.965s] -- Up-to-date: /home/makramgh/Desktop/Pepsi-Bot/workspace/install/robot_hardware_interfaces/share/robot_hardware_interfaces/local_setup.sh
[0.966s] -- Up-to-date: /home/makramgh/Desktop/Pepsi-Bot/workspace/install/robot_hardware_interfaces/share/robot_hardware_interfaces/local_setup.zsh
[0.966s] -- Up-to-date: /home/makramgh/Desktop/Pepsi-Bot/workspace/install/robot_hardware_interfaces/share/robot_hardware_interfaces/local_setup.dsv
[0.966s] -- Installing: /home/makramgh/Desktop/Pepsi-Bot/workspace/install/robot_hardware_interfaces/share/robot_hardware_interfaces/package.dsv
[0.966s] -- Up-to-date: /home/makramgh/Desktop/Pepsi-Bot/workspace/install/robot_hardware_interfaces/share/ament_index/resource_index/packages/robot_hardware_interfaces
[0.967s] -- Up-to-date: /home/makramgh/Desktop/Pepsi-Bot/workspace/install/robot_hardware_interfaces/share/robot_hardware_interfaces/cmake/export_robot_hardware_interfaces__rosidl_generator_cExport.cmake
[0.967s] -- Up-to-date: /home/makramgh/Desktop/Pepsi-Bot/workspace/install/robot_hardware_interfaces/share/robot_hardware_interfaces/cmake/export_robot_hardware_interfaces__rosidl_generator_cExport-noconfig.cmake
[0.967s] -- Up-to-date: /home/makramgh/Desktop/Pepsi-Bot/workspace/install/robot_hardware_interfaces/share/robot_hardware_interfaces/cmake/export_robot_hardware_interfaces__rosidl_typesupport_fastrtps_cExport.cmake
[0.967s] -- Up-to-date: /home/makramgh/Desktop/Pepsi-Bot/workspace/install/robot_hardware_interfaces/share/robot_hardware_interfaces/cmake/export_robot_hardware_interfaces__rosidl_typesupport_fastrtps_cExport-noconfig.cmake
[0.967s] -- Up-to-date: /home/makramgh/Desktop/Pepsi-Bot/workspace/install/robot_hardware_interfaces/share/robot_hardware_interfaces/cmake/export_robot_hardware_interfaces__rosidl_generator_cppExport.cmake
[0.967s] -- Up-to-date: /home/makramgh/Desktop/Pepsi-Bot/workspace/install/robot_hardware_interfaces/share/robot_hardware_interfaces/cmake/export_robot_hardware_interfaces__rosidl_typesupport_fastrtps_cppExport.cmake
[0.967s] -- Up-to-date: /home/makramgh/Desktop/Pepsi-Bot/workspace/install/robot_hardware_interfaces/share/robot_hardware_interfaces/cmake/export_robot_hardware_interfaces__rosidl_typesupport_fastrtps_cppExport-noconfig.cmake
[0.968s] -- Up-to-date: /home/makramgh/Desktop/Pepsi-Bot/workspace/install/robot_hardware_interfaces/share/robot_hardware_interfaces/cmake/robot_hardware_interfaces__rosidl_typesupport_introspection_cExport.cmake
[0.968s] -- Up-to-date: /home/makramgh/Desktop/Pepsi-Bot/workspace/install/robot_hardware_interfaces/share/robot_hardware_interfaces/cmake/robot_hardware_interfaces__rosidl_typesupport_introspection_cExport-noconfig.cmake
[0.968s] -- Up-to-date: /home/makramgh/Desktop/Pepsi-Bot/workspace/install/robot_hardware_interfaces/share/robot_hardware_interfaces/cmake/robot_hardware_interfaces__rosidl_typesupport_cExport.cmake
[0.968s] -- Up-to-date: /home/makramgh/Desktop/Pepsi-Bot/workspace/install/robot_hardware_interfaces/share/robot_hardware_interfaces/cmake/robot_hardware_interfaces__rosidl_typesupport_cExport-noconfig.cmake
[0.968s] -- Up-to-date: /home/makramgh/Desktop/Pepsi-Bot/workspace/install/robot_hardware_interfaces/share/robot_hardware_interfaces/cmake/robot_hardware_interfaces__rosidl_typesupport_introspection_cppExport.cmake
[0.968s] -- Up-to-date: /home/makramgh/Desktop/Pepsi-Bot/workspace/install/robot_hardware_interfaces/share/robot_hardware_interfaces/cmake/robot_hardware_interfaces__rosidl_typesupport_introspection_cppExport-noconfig.cmake
[0.968s] -- Up-to-date: /home/makramgh/Desktop/Pepsi-Bot/workspace/install/robot_hardware_interfaces/share/robot_hardware_interfaces/cmake/robot_hardware_interfaces__rosidl_typesupport_cppExport.cmake
[0.968s] -- Up-to-date: /home/makramgh/Desktop/Pepsi-Bot/workspace/install/robot_hardware_interfaces/share/robot_hardware_interfaces/cmake/robot_hardware_interfaces__rosidl_typesupport_cppExport-noconfig.cmake
[0.968s] -- Up-to-date: /home/makramgh/Desktop/Pepsi-Bot/workspace/install/robot_hardware_interfaces/share/robot_hardware_interfaces/cmake/export_robot_hardware_interfaces__rosidl_generator_pyExport.cmake
[0.968s] -- Up-to-date: /home/makramgh/Desktop/Pepsi-Bot/workspace/install/robot_hardware_interfaces/share/robot_hardware_interfaces/cmake/export_robot_hardware_interfaces__rosidl_generator_pyExport-noconfig.cmake
[0.969s] -- Up-to-date: /home/makramgh/Desktop/Pepsi-Bot/workspace/install/robot_hardware_interfaces/share/robot_hardware_interfaces/cmake/rosidl_cmake-extras.cmake
[0.969s] -- Up-to-date: /home/makramgh/Desktop/Pepsi-Bot/workspace/install/robot_hardware_interfaces/share/robot_hardware_interfaces/cmake/ament_cmake_export_dependencies-extras.cmake
[0.969s] -- Up-to-date: /home/makramgh/Desktop/Pepsi-Bot/workspace/install/robot_hardware_interfaces/share/robot_hardware_interfaces/cmake/ament_cmake_export_include_directories-extras.cmake
[0.969s] -- Up-to-date: /home/makramgh/Desktop/Pepsi-Bot/workspace/install/robot_hardware_interfaces/share/robot_hardware_interfaces/cmake/ament_cmake_export_libraries-extras.cmake
[0.969s] -- Up-to-date: /home/makramgh/Desktop/Pepsi-Bot/workspace/install/robot_hardware_interfaces/share/robot_hardware_interfaces/cmake/ament_cmake_export_targets-extras.cmake
[0.969s] -- Up-to-date: /home/makramgh/Desktop/Pepsi-Bot/workspace/install/robot_hardware_interfaces/share/robot_hardware_interfaces/cmake/rosidl_cmake_export_typesupport_targets-extras.cmake
[0.969s] -- Up-to-date: /home/makramgh/Desktop/Pepsi-Bot/workspace/install/robot_hardware_interfaces/share/robot_hardware_interfaces/cmake/rosidl_cmake_export_typesupport_libraries-extras.cmake
[0.969s] -- Up-to-date: /home/makramgh/Desktop/Pepsi-Bot/workspace/install/robot_hardware_interfaces/share/robot_hardware_interfaces/cmake/robot_hardware_interfacesConfig.cmake
[0.969s] -- Up-to-date: /home/makramgh/Desktop/Pepsi-Bot/workspace/install/robot_hardware_interfaces/share/robot_hardware_interfaces/cmake/robot_hardware_interfacesConfig-version.cmake
[0.969s] -- Up-to-date: /home/makramgh/Desktop/Pepsi-Bot/workspace/install/robot_hardware_interfaces/share/robot_hardware_interfaces/package.xml
[0.986s] Invoked command in '/home/makramgh/Desktop/Pepsi-Bot/workspace/build/robot_hardware_interfaces' returned '0': CMAKE_PREFIX_PATH=/opt/ros/humble /usr/bin/cmake --install /home/makramgh/Desktop/Pepsi-Bot/workspace/build/robot_hardware_interfaces
