[0.198s] Invoking command in '/home/fourfold/dev/inmind_final_project_test/workspace/build/robot_hardware_interfaces': CMAKE_PREFIX_PATH=${CMAKE_PREFIX_PATH}:/home/fourfold/dev/inmind_final_project_test/workspace/install/yolov8_webcam:/home/fourfold/dev/inmind_final_project_test/workspace/install/object_detector:/opt/ros/humble /usr/bin/cmake --build /home/fourfold/dev/inmind_final_project_test/workspace/build/robot_hardware_interfaces -- -j16 -l16
[0.235s] [  6%] Built target robot_hardware_interfaces__cpp
[0.235s] [ 12%] Built target robot_hardware_interfaces__rosidl_generator_c
[0.243s] [ 12%] Built target ament_cmake_python_copy_robot_hardware_interfaces
[0.248s] [ 22%] Built target robot_hardware_interfaces__rosidl_typesupport_c
[0.248s] [ 32%] Built target robot_hardware_interfaces__rosidl_typesupport_fastrtps_c
[0.248s] [ 41%] Built target robot_hardware_interfaces__rosidl_typesupport_fastrtps_cpp
[0.248s] [ 51%] Built target robot_hardware_interfaces__rosidl_typesupport_introspection_cpp
[0.251s] [ 61%] Built target robot_hardware_interfaces__rosidl_typesupport_introspection_c
[0.252s] [ 70%] Built target robot_hardware_interfaces__rosidl_typesupport_cpp
[0.265s] [ 70%] Built target robot_hardware_interfaces
[0.280s] [ 74%] Built target robot_hardware_interfaces__py
[0.298s] [ 80%] Built target robot_hardware_interfaces__rosidl_generator_py
[0.314s] [ 87%] Built target robot_hardware_interfaces__rosidl_typesupport_introspection_c__pyext
[0.314s] [ 93%] Built target robot_hardware_interfaces__rosidl_typesupport_c__pyext
[0.314s] [100%] Built target robot_hardware_interfaces__rosidl_typesupport_fastrtps_c__pyext
[0.380s] running egg_info
[0.380s] writing robot_hardware_interfaces.egg-info/PKG-INFO
[0.380s] writing dependency_links to robot_hardware_interfaces.egg-info/dependency_links.txt
[0.380s] writing top-level names to robot_hardware_interfaces.egg-info/top_level.txt
[0.381s] reading manifest file 'robot_hardware_interfaces.egg-info/SOURCES.txt'
[0.382s] writing manifest file 'robot_hardware_interfaces.egg-info/SOURCES.txt'
[0.399s] [100%] Built target ament_cmake_python_build_robot_hardware_interfaces_egg
[0.406s] Invoked command in '/home/fourfold/dev/inmind_final_project_test/workspace/build/robot_hardware_interfaces' returned '0': CMAKE_PREFIX_PATH=${CMAKE_PREFIX_PATH}:/home/fourfold/dev/inmind_final_project_test/workspace/install/yolov8_webcam:/home/fourfold/dev/inmind_final_project_test/workspace/install/object_detector:/opt/ros/humble /usr/bin/cmake --build /home/fourfold/dev/inmind_final_project_test/workspace/build/robot_hardware_interfaces -- -j16 -l16
[0.455s] Invoking command in '/home/fourfold/dev/inmind_final_project_test/workspace/build/robot_hardware_interfaces': CMAKE_PREFIX_PATH=${CMAKE_PREFIX_PATH}:/home/fourfold/dev/inmind_final_project_test/workspace/install/yolov8_webcam:/home/fourfold/dev/inmind_final_project_test/workspace/install/object_detector:/opt/ros/humble /usr/bin/cmake --install /home/fourfold/dev/inmind_final_project_test/workspace/build/robot_hardware_interfaces
[0.464s] -- Install configuration: ""
[0.464s] -- Up-to-date: /home/fourfold/dev/inmind_final_project_test/workspace/install/robot_hardware_interfaces/share/ament_index/resource_index/rosidl_interfaces/robot_hardware_interfaces
[0.464s] -- Up-to-date: /home/fourfold/dev/inmind_final_project_test/workspace/install/robot_hardware_interfaces/include/robot_hardware_interfaces/robot_hardware_interfaces
[0.464s] -- Up-to-date: /home/fourfold/dev/inmind_final_project_test/workspace/install/robot_hardware_interfaces/include/robot_hardware_interfaces/robot_hardware_interfaces/msg
[0.464s] -- Up-to-date: /home/fourfold/dev/inmind_final_project_test/workspace/install/robot_hardware_interfaces/include/robot_hardware_interfaces/robot_hardware_interfaces/msg/rosidl_generator_c__visibility_control.h
[0.464s] -- Up-to-date: /home/fourfold/dev/inmind_final_project_test/workspace/install/robot_hardware_interfaces/include/robot_hardware_interfaces/robot_hardware_interfaces/action
[0.464s] -- Up-to-date: /home/fourfold/dev/inmind_final_project_test/workspace/install/robot_hardware_interfaces/include/robot_hardware_interfaces/robot_hardware_interfaces/action/detail
[0.464s] -- Up-to-date: /home/fourfold/dev/inmind_final_project_test/workspace/install/robot_hardware_interfaces/include/robot_hardware_interfaces/robot_hardware_interfaces/action/detail/gripper_action__struct.h
[0.464s] -- Up-to-date: /home/fourfold/dev/inmind_final_project_test/workspace/install/robot_hardware_interfaces/include/robot_hardware_interfaces/robot_hardware_interfaces/action/detail/gripper_action__functions.c
[0.464s] -- Up-to-date: /home/fourfold/dev/inmind_final_project_test/workspace/install/robot_hardware_interfaces/include/robot_hardware_interfaces/robot_hardware_interfaces/action/detail/gripper_action__functions.h
[0.464s] -- Up-to-date: /home/fourfold/dev/inmind_final_project_test/workspace/install/robot_hardware_interfaces/include/robot_hardware_interfaces/robot_hardware_interfaces/action/detail/gripper_action__type_support.h
[0.464s] -- Up-to-date: /home/fourfold/dev/inmind_final_project_test/workspace/install/robot_hardware_interfaces/include/robot_hardware_interfaces/robot_hardware_interfaces/action/gripper_action.h
[0.464s] -- Up-to-date: /home/fourfold/dev/inmind_final_project_test/workspace/install/robot_hardware_interfaces/share/robot_hardware_interfaces/environment/library_path.sh
[0.464s] -- Up-to-date: /home/fourfold/dev/inmind_final_project_test/workspace/install/robot_hardware_interfaces/share/robot_hardware_interfaces/environment/library_path.dsv
[0.464s] -- Up-to-date: /home/fourfold/dev/inmind_final_project_test/workspace/install/robot_hardware_interfaces/lib/librobot_hardware_interfaces__rosidl_generator_c.so
[0.464s] -- Up-to-date: /home/fourfold/dev/inmind_final_project_test/workspace/install/robot_hardware_interfaces/include/robot_hardware_interfaces/robot_hardware_interfaces
[0.464s] -- Up-to-date: /home/fourfold/dev/inmind_final_project_test/workspace/install/robot_hardware_interfaces/include/robot_hardware_interfaces/robot_hardware_interfaces/msg
[0.464s] -- Up-to-date: /home/fourfold/dev/inmind_final_project_test/workspace/install/robot_hardware_interfaces/include/robot_hardware_interfaces/robot_hardware_interfaces/msg/rosidl_typesupport_fastrtps_c__visibility_control.h
[0.464s] -- Up-to-date: /home/fourfold/dev/inmind_final_project_test/workspace/install/robot_hardware_interfaces/include/robot_hardware_interfaces/robot_hardware_interfaces/action
[0.464s] -- Up-to-date: /home/fourfold/dev/inmind_final_project_test/workspace/install/robot_hardware_interfaces/include/robot_hardware_interfaces/robot_hardware_interfaces/action/detail
[0.464s] -- Up-to-date: /home/fourfold/dev/inmind_final_project_test/workspace/install/robot_hardware_interfaces/include/robot_hardware_interfaces/robot_hardware_interfaces/action/detail/gripper_action__rosidl_typesupport_fastrtps_c.h
[0.464s] -- Up-to-date: /home/fourfold/dev/inmind_final_project_test/workspace/install/robot_hardware_interfaces/lib/librobot_hardware_interfaces__rosidl_typesupport_fastrtps_c.so
[0.465s] -- Up-to-date: /home/fourfold/dev/inmind_final_project_test/workspace/install/robot_hardware_interfaces/include/robot_hardware_interfaces/robot_hardware_interfaces
[0.465s] -- Up-to-date: /home/fourfold/dev/inmind_final_project_test/workspace/install/robot_hardware_interfaces/include/robot_hardware_interfaces/robot_hardware_interfaces/action
[0.465s] -- Up-to-date: /home/fourfold/dev/inmind_final_project_test/workspace/install/robot_hardware_interfaces/include/robot_hardware_interfaces/robot_hardware_interfaces/action/gripper_action.hpp
[0.465s] -- Up-to-date: /home/fourfold/dev/inmind_final_project_test/workspace/install/robot_hardware_interfaces/include/robot_hardware_interfaces/robot_hardware_interfaces/action/detail
[0.465s] -- Up-to-date: /home/fourfold/dev/inmind_final_project_test/workspace/install/robot_hardware_interfaces/include/robot_hardware_interfaces/robot_hardware_interfaces/action/detail/gripper_action__traits.hpp
[0.465s] -- Up-to-date: /home/fourfold/dev/inmind_final_project_test/workspace/install/robot_hardware_interfaces/include/robot_hardware_interfaces/robot_hardware_interfaces/action/detail/gripper_action__struct.hpp
[0.465s] -- Up-to-date: /home/fourfold/dev/inmind_final_project_test/workspace/install/robot_hardware_interfaces/include/robot_hardware_interfaces/robot_hardware_interfaces/action/detail/gripper_action__builder.hpp
[0.465s] -- Up-to-date: /home/fourfold/dev/inmind_final_project_test/workspace/install/robot_hardware_interfaces/include/robot_hardware_interfaces/robot_hardware_interfaces
[0.465s] -- Up-to-date: /home/fourfold/dev/inmind_final_project_test/workspace/install/robot_hardware_interfaces/include/robot_hardware_interfaces/robot_hardware_interfaces/msg
[0.465s] -- Up-to-date: /home/fourfold/dev/inmind_final_project_test/workspace/install/robot_hardware_interfaces/include/robot_hardware_interfaces/robot_hardware_interfaces/msg/rosidl_typesupport_fastrtps_cpp__visibility_control.h
[0.465s] -- Up-to-date: /home/fourfold/dev/inmind_final_project_test/workspace/install/robot_hardware_interfaces/include/robot_hardware_interfaces/robot_hardware_interfaces/action
[0.465s] -- Up-to-date: /home/fourfold/dev/inmind_final_project_test/workspace/install/robot_hardware_interfaces/include/robot_hardware_interfaces/robot_hardware_interfaces/action/detail
[0.465s] -- Up-to-date: /home/fourfold/dev/inmind_final_project_test/workspace/install/robot_hardware_interfaces/include/robot_hardware_interfaces/robot_hardware_interfaces/action/detail/gripper_action__rosidl_typesupport_fastrtps_cpp.hpp
[0.465s] -- Up-to-date: /home/fourfold/dev/inmind_final_project_test/workspace/install/robot_hardware_interfaces/include/robot_hardware_interfaces/robot_hardware_interfaces/action/detail/dds_fastrtps
[0.465s] -- Up-to-date: /home/fourfold/dev/inmind_final_project_test/workspace/install/robot_hardware_interfaces/lib/librobot_hardware_interfaces__rosidl_typesupport_fastrtps_cpp.so
[0.465s] -- Up-to-date: /home/fourfold/dev/inmind_final_project_test/workspace/install/robot_hardware_interfaces/include/robot_hardware_interfaces/robot_hardware_interfaces
[0.465s] -- Up-to-date: /home/fourfold/dev/inmind_final_project_test/workspace/install/robot_hardware_interfaces/include/robot_hardware_interfaces/robot_hardware_interfaces/msg
[0.465s] -- Up-to-date: /home/fourfold/dev/inmind_final_project_test/workspace/install/robot_hardware_interfaces/include/robot_hardware_interfaces/robot_hardware_interfaces/msg/rosidl_typesupport_introspection_c__visibility_control.h
[0.465s] -- Up-to-date: /home/fourfold/dev/inmind_final_project_test/workspace/install/robot_hardware_interfaces/include/robot_hardware_interfaces/robot_hardware_interfaces/action
[0.465s] -- Up-to-date: /home/fourfold/dev/inmind_final_project_test/workspace/install/robot_hardware_interfaces/include/robot_hardware_interfaces/robot_hardware_interfaces/action/detail
[0.465s] -- Up-to-date: /home/fourfold/dev/inmind_final_project_test/workspace/install/robot_hardware_interfaces/include/robot_hardware_interfaces/robot_hardware_interfaces/action/detail/gripper_action__type_support.c
[0.465s] -- Up-to-date: /home/fourfold/dev/inmind_final_project_test/workspace/install/robot_hardware_interfaces/include/robot_hardware_interfaces/robot_hardware_interfaces/action/detail/gripper_action__rosidl_typesupport_introspection_c.h
[0.465s] -- Up-to-date: /home/fourfold/dev/inmind_final_project_test/workspace/install/robot_hardware_interfaces/lib/librobot_hardware_interfaces__rosidl_typesupport_introspection_c.so
[0.465s] -- Up-to-date: /home/fourfold/dev/inmind_final_project_test/workspace/install/robot_hardware_interfaces/lib/librobot_hardware_interfaces__rosidl_typesupport_c.so
[0.465s] -- Up-to-date: /home/fourfold/dev/inmind_final_project_test/workspace/install/robot_hardware_interfaces/include/robot_hardware_interfaces/robot_hardware_interfaces
[0.465s] -- Up-to-date: /home/fourfold/dev/inmind_final_project_test/workspace/install/robot_hardware_interfaces/include/robot_hardware_interfaces/robot_hardware_interfaces/action
[0.465s] -- Up-to-date: /home/fourfold/dev/inmind_final_project_test/workspace/install/robot_hardware_interfaces/include/robot_hardware_interfaces/robot_hardware_interfaces/action/detail
[0.466s] -- Up-to-date: /home/fourfold/dev/inmind_final_project_test/workspace/install/robot_hardware_interfaces/include/robot_hardware_interfaces/robot_hardware_interfaces/action/detail/gripper_action__rosidl_typesupport_introspection_cpp.hpp
[0.466s] -- Up-to-date: /home/fourfold/dev/inmind_final_project_test/workspace/install/robot_hardware_interfaces/include/robot_hardware_interfaces/robot_hardware_interfaces/action/detail/gripper_action__type_support.cpp
[0.466s] -- Up-to-date: /home/fourfold/dev/inmind_final_project_test/workspace/install/robot_hardware_interfaces/lib/librobot_hardware_interfaces__rosidl_typesupport_introspection_cpp.so
[0.466s] -- Up-to-date: /home/fourfold/dev/inmind_final_project_test/workspace/install/robot_hardware_interfaces/lib/librobot_hardware_interfaces__rosidl_typesupport_cpp.so
[0.466s] -- Up-to-date: /home/fourfold/dev/inmind_final_project_test/workspace/install/robot_hardware_interfaces/share/robot_hardware_interfaces/environment/pythonpath.sh
[0.466s] -- Up-to-date: /home/fourfold/dev/inmind_final_project_test/workspace/install/robot_hardware_interfaces/share/robot_hardware_interfaces/environment/pythonpath.dsv
[0.466s] -- Up-to-date: /home/fourfold/dev/inmind_final_project_test/workspace/install/robot_hardware_interfaces/local/lib/python3.10/dist-packages/robot_hardware_interfaces-0.0.0-py3.10.egg-info
[0.466s] -- Installing: /home/fourfold/dev/inmind_final_project_test/workspace/install/robot_hardware_interfaces/local/lib/python3.10/dist-packages/robot_hardware_interfaces-0.0.0-py3.10.egg-info/SOURCES.txt
[0.466s] -- Installing: /home/fourfold/dev/inmind_final_project_test/workspace/install/robot_hardware_interfaces/local/lib/python3.10/dist-packages/robot_hardware_interfaces-0.0.0-py3.10.egg-info/top_level.txt
[0.466s] -- Installing: /home/fourfold/dev/inmind_final_project_test/workspace/install/robot_hardware_interfaces/local/lib/python3.10/dist-packages/robot_hardware_interfaces-0.0.0-py3.10.egg-info/PKG-INFO
[0.466s] -- Installing: /home/fourfold/dev/inmind_final_project_test/workspace/install/robot_hardware_interfaces/local/lib/python3.10/dist-packages/robot_hardware_interfaces-0.0.0-py3.10.egg-info/dependency_links.txt
[0.466s] -- Up-to-date: /home/fourfold/dev/inmind_final_project_test/workspace/install/robot_hardware_interfaces/local/lib/python3.10/dist-packages/robot_hardware_interfaces
[0.466s] -- Up-to-date: /home/fourfold/dev/inmind_final_project_test/workspace/install/robot_hardware_interfaces/local/lib/python3.10/dist-packages/robot_hardware_interfaces/robot_hardware_interfaces_s__rosidl_typesupport_c.cpython-310-x86_64-linux-gnu.so
[0.466s] -- Up-to-date: /home/fourfold/dev/inmind_final_project_test/workspace/install/robot_hardware_interfaces/local/lib/python3.10/dist-packages/robot_hardware_interfaces/_robot_hardware_interfaces_s.ep.rosidl_typesupport_fastrtps_c.c
[0.466s] -- Up-to-date: /home/fourfold/dev/inmind_final_project_test/workspace/install/robot_hardware_interfaces/local/lib/python3.10/dist-packages/robot_hardware_interfaces/librobot_hardware_interfaces__rosidl_generator_py.so
[0.466s] -- Up-to-date: /home/fourfold/dev/inmind_final_project_test/workspace/install/robot_hardware_interfaces/local/lib/python3.10/dist-packages/robot_hardware_interfaces/robot_hardware_interfaces_s__rosidl_typesupport_fastrtps_c.cpython-310-x86_64-linux-gnu.so
[0.466s] -- Up-to-date: /home/fourfold/dev/inmind_final_project_test/workspace/install/robot_hardware_interfaces/local/lib/python3.10/dist-packages/robot_hardware_interfaces/action
[0.466s] -- Up-to-date: /home/fourfold/dev/inmind_final_project_test/workspace/install/robot_hardware_interfaces/local/lib/python3.10/dist-packages/robot_hardware_interfaces/action/_gripper_action_s.c
[0.466s] -- Up-to-date: /home/fourfold/dev/inmind_final_project_test/workspace/install/robot_hardware_interfaces/local/lib/python3.10/dist-packages/robot_hardware_interfaces/action/_gripper_action.py
[0.466s] -- Up-to-date: /home/fourfold/dev/inmind_final_project_test/workspace/install/robot_hardware_interfaces/local/lib/python3.10/dist-packages/robot_hardware_interfaces/action/__init__.py
[0.467s] -- Up-to-date: /home/fourfold/dev/inmind_final_project_test/workspace/install/robot_hardware_interfaces/local/lib/python3.10/dist-packages/robot_hardware_interfaces/_robot_hardware_interfaces_s.ep.rosidl_typesupport_c.c
[0.467s] -- Up-to-date: /home/fourfold/dev/inmind_final_project_test/workspace/install/robot_hardware_interfaces/local/lib/python3.10/dist-packages/robot_hardware_interfaces/_robot_hardware_interfaces_s.ep.rosidl_typesupport_introspection_c.c
[0.467s] -- Up-to-date: /home/fourfold/dev/inmind_final_project_test/workspace/install/robot_hardware_interfaces/local/lib/python3.10/dist-packages/robot_hardware_interfaces/__init__.py
[0.467s] -- Up-to-date: /home/fourfold/dev/inmind_final_project_test/workspace/install/robot_hardware_interfaces/local/lib/python3.10/dist-packages/robot_hardware_interfaces/robot_hardware_interfaces_s__rosidl_typesupport_introspection_c.cpython-310-x86_64-linux-gnu.so
[0.489s] Listing '/home/fourfold/dev/inmind_final_project_test/workspace/install/robot_hardware_interfaces/local/lib/python3.10/dist-packages/robot_hardware_interfaces'...
[0.489s] Listing '/home/fourfold/dev/inmind_final_project_test/workspace/install/robot_hardware_interfaces/local/lib/python3.10/dist-packages/robot_hardware_interfaces/action'...
[0.492s] -- Up-to-date: /home/fourfold/dev/inmind_final_project_test/workspace/install/robot_hardware_interfaces/local/lib/python3.10/dist-packages/robot_hardware_interfaces/robot_hardware_interfaces_s__rosidl_typesupport_fastrtps_c.cpython-310-x86_64-linux-gnu.so
[0.492s] -- Up-to-date: /home/fourfold/dev/inmind_final_project_test/workspace/install/robot_hardware_interfaces/local/lib/python3.10/dist-packages/robot_hardware_interfaces/robot_hardware_interfaces_s__rosidl_typesupport_introspection_c.cpython-310-x86_64-linux-gnu.so
[0.492s] -- Up-to-date: /home/fourfold/dev/inmind_final_project_test/workspace/install/robot_hardware_interfaces/local/lib/python3.10/dist-packages/robot_hardware_interfaces/robot_hardware_interfaces_s__rosidl_typesupport_c.cpython-310-x86_64-linux-gnu.so
[0.492s] -- Up-to-date: /home/fourfold/dev/inmind_final_project_test/workspace/install/robot_hardware_interfaces/lib/librobot_hardware_interfaces__rosidl_generator_py.so
[0.492s] -- Up-to-date: /home/fourfold/dev/inmind_final_project_test/workspace/install/robot_hardware_interfaces/share/robot_hardware_interfaces/action/GripperAction.idl
[0.492s] -- Up-to-date: /home/fourfold/dev/inmind_final_project_test/workspace/install/robot_hardware_interfaces/share/robot_hardware_interfaces/action/GripperAction.action
[0.492s] -- Up-to-date: /home/fourfold/dev/inmind_final_project_test/workspace/install/robot_hardware_interfaces/share/ament_index/resource_index/package_run_dependencies/robot_hardware_interfaces
[0.492s] -- Up-to-date: /home/fourfold/dev/inmind_final_project_test/workspace/install/robot_hardware_interfaces/share/ament_index/resource_index/parent_prefix_path/robot_hardware_interfaces
[0.492s] -- Up-to-date: /home/fourfold/dev/inmind_final_project_test/workspace/install/robot_hardware_interfaces/share/robot_hardware_interfaces/environment/ament_prefix_path.sh
[0.492s] -- Up-to-date: /home/fourfold/dev/inmind_final_project_test/workspace/install/robot_hardware_interfaces/share/robot_hardware_interfaces/environment/ament_prefix_path.dsv
[0.493s] -- Up-to-date: /home/fourfold/dev/inmind_final_project_test/workspace/install/robot_hardware_interfaces/share/robot_hardware_interfaces/environment/path.sh
[0.493s] -- Up-to-date: /home/fourfold/dev/inmind_final_project_test/workspace/install/robot_hardware_interfaces/share/robot_hardware_interfaces/environment/path.dsv
[0.493s] -- Up-to-date: /home/fourfold/dev/inmind_final_project_test/workspace/install/robot_hardware_interfaces/share/robot_hardware_interfaces/local_setup.bash
[0.493s] -- Up-to-date: /home/fourfold/dev/inmind_final_project_test/workspace/install/robot_hardware_interfaces/share/robot_hardware_interfaces/local_setup.sh
[0.493s] -- Up-to-date: /home/fourfold/dev/inmind_final_project_test/workspace/install/robot_hardware_interfaces/share/robot_hardware_interfaces/local_setup.zsh
[0.493s] -- Up-to-date: /home/fourfold/dev/inmind_final_project_test/workspace/install/robot_hardware_interfaces/share/robot_hardware_interfaces/local_setup.dsv
[0.493s] -- Installing: /home/fourfold/dev/inmind_final_project_test/workspace/install/robot_hardware_interfaces/share/robot_hardware_interfaces/package.dsv
[0.493s] -- Up-to-date: /home/fourfold/dev/inmind_final_project_test/workspace/install/robot_hardware_interfaces/share/ament_index/resource_index/packages/robot_hardware_interfaces
[0.493s] -- Up-to-date: /home/fourfold/dev/inmind_final_project_test/workspace/install/robot_hardware_interfaces/share/robot_hardware_interfaces/cmake/export_robot_hardware_interfaces__rosidl_generator_cExport.cmake
[0.493s] -- Up-to-date: /home/fourfold/dev/inmind_final_project_test/workspace/install/robot_hardware_interfaces/share/robot_hardware_interfaces/cmake/export_robot_hardware_interfaces__rosidl_generator_cExport-noconfig.cmake
[0.493s] -- Up-to-date: /home/fourfold/dev/inmind_final_project_test/workspace/install/robot_hardware_interfaces/share/robot_hardware_interfaces/cmake/export_robot_hardware_interfaces__rosidl_typesupport_fastrtps_cExport.cmake
[0.493s] -- Up-to-date: /home/fourfold/dev/inmind_final_project_test/workspace/install/robot_hardware_interfaces/share/robot_hardware_interfaces/cmake/export_robot_hardware_interfaces__rosidl_typesupport_fastrtps_cExport-noconfig.cmake
[0.493s] -- Up-to-date: /home/fourfold/dev/inmind_final_project_test/workspace/install/robot_hardware_interfaces/share/robot_hardware_interfaces/cmake/export_robot_hardware_interfaces__rosidl_generator_cppExport.cmake
[0.493s] -- Up-to-date: /home/fourfold/dev/inmind_final_project_test/workspace/install/robot_hardware_interfaces/share/robot_hardware_interfaces/cmake/export_robot_hardware_interfaces__rosidl_typesupport_fastrtps_cppExport.cmake
[0.493s] -- Up-to-date: /home/fourfold/dev/inmind_final_project_test/workspace/install/robot_hardware_interfaces/share/robot_hardware_interfaces/cmake/export_robot_hardware_interfaces__rosidl_typesupport_fastrtps_cppExport-noconfig.cmake
[0.493s] -- Up-to-date: /home/fourfold/dev/inmind_final_project_test/workspace/install/robot_hardware_interfaces/share/robot_hardware_interfaces/cmake/robot_hardware_interfaces__rosidl_typesupport_introspection_cExport.cmake
[0.493s] -- Up-to-date: /home/fourfold/dev/inmind_final_project_test/workspace/install/robot_hardware_interfaces/share/robot_hardware_interfaces/cmake/robot_hardware_interfaces__rosidl_typesupport_introspection_cExport-noconfig.cmake
[0.493s] -- Up-to-date: /home/fourfold/dev/inmind_final_project_test/workspace/install/robot_hardware_interfaces/share/robot_hardware_interfaces/cmake/robot_hardware_interfaces__rosidl_typesupport_cExport.cmake
[0.493s] -- Up-to-date: /home/fourfold/dev/inmind_final_project_test/workspace/install/robot_hardware_interfaces/share/robot_hardware_interfaces/cmake/robot_hardware_interfaces__rosidl_typesupport_cExport-noconfig.cmake
[0.493s] -- Up-to-date: /home/fourfold/dev/inmind_final_project_test/workspace/install/robot_hardware_interfaces/share/robot_hardware_interfaces/cmake/robot_hardware_interfaces__rosidl_typesupport_introspection_cppExport.cmake
[0.493s] -- Up-to-date: /home/fourfold/dev/inmind_final_project_test/workspace/install/robot_hardware_interfaces/share/robot_hardware_interfaces/cmake/robot_hardware_interfaces__rosidl_typesupport_introspection_cppExport-noconfig.cmake
[0.494s] -- Up-to-date: /home/fourfold/dev/inmind_final_project_test/workspace/install/robot_hardware_interfaces/share/robot_hardware_interfaces/cmake/robot_hardware_interfaces__rosidl_typesupport_cppExport.cmake
[0.494s] -- Up-to-date: /home/fourfold/dev/inmind_final_project_test/workspace/install/robot_hardware_interfaces/share/robot_hardware_interfaces/cmake/robot_hardware_interfaces__rosidl_typesupport_cppExport-noconfig.cmake
[0.494s] -- Up-to-date: /home/fourfold/dev/inmind_final_project_test/workspace/install/robot_hardware_interfaces/share/robot_hardware_interfaces/cmake/export_robot_hardware_interfaces__rosidl_generator_pyExport.cmake
[0.494s] -- Up-to-date: /home/fourfold/dev/inmind_final_project_test/workspace/install/robot_hardware_interfaces/share/robot_hardware_interfaces/cmake/export_robot_hardware_interfaces__rosidl_generator_pyExport-noconfig.cmake
[0.494s] -- Up-to-date: /home/fourfold/dev/inmind_final_project_test/workspace/install/robot_hardware_interfaces/share/robot_hardware_interfaces/cmake/rosidl_cmake-extras.cmake
[0.494s] -- Up-to-date: /home/fourfold/dev/inmind_final_project_test/workspace/install/robot_hardware_interfaces/share/robot_hardware_interfaces/cmake/ament_cmake_export_dependencies-extras.cmake
[0.494s] -- Up-to-date: /home/fourfold/dev/inmind_final_project_test/workspace/install/robot_hardware_interfaces/share/robot_hardware_interfaces/cmake/ament_cmake_export_include_directories-extras.cmake
[0.494s] -- Up-to-date: /home/fourfold/dev/inmind_final_project_test/workspace/install/robot_hardware_interfaces/share/robot_hardware_interfaces/cmake/ament_cmake_export_libraries-extras.cmake
[0.494s] -- Up-to-date: /home/fourfold/dev/inmind_final_project_test/workspace/install/robot_hardware_interfaces/share/robot_hardware_interfaces/cmake/ament_cmake_export_targets-extras.cmake
[0.494s] -- Up-to-date: /home/fourfold/dev/inmind_final_project_test/workspace/install/robot_hardware_interfaces/share/robot_hardware_interfaces/cmake/rosidl_cmake_export_typesupport_targets-extras.cmake
[0.494s] -- Up-to-date: /home/fourfold/dev/inmind_final_project_test/workspace/install/robot_hardware_interfaces/share/robot_hardware_interfaces/cmake/rosidl_cmake_export_typesupport_libraries-extras.cmake
[0.494s] -- Up-to-date: /home/fourfold/dev/inmind_final_project_test/workspace/install/robot_hardware_interfaces/share/robot_hardware_interfaces/cmake/robot_hardware_interfacesConfig.cmake
[0.494s] -- Up-to-date: /home/fourfold/dev/inmind_final_project_test/workspace/install/robot_hardware_interfaces/share/robot_hardware_interfaces/cmake/robot_hardware_interfacesConfig-version.cmake
[0.494s] -- Up-to-date: /home/fourfold/dev/inmind_final_project_test/workspace/install/robot_hardware_interfaces/share/robot_hardware_interfaces/package.xml
[0.496s] Invoked command in '/home/fourfold/dev/inmind_final_project_test/workspace/build/robot_hardware_interfaces' returned '0': CMAKE_PREFIX_PATH=${CMAKE_PREFIX_PATH}:/home/fourfold/dev/inmind_final_project_test/workspace/install/yolov8_webcam:/home/fourfold/dev/inmind_final_project_test/workspace/install/object_detector:/opt/ros/humble /usr/bin/cmake --install /home/fourfold/dev/inmind_final_project_test/workspace/build/robot_hardware_interfaces
